        -:    0:Source:/home/workspace/lib/valueflow.cpp
        -:    0:Graph:/home/workspace/build/lib/CMakeFiles/lib_objs.dir/valueflow.gcno
        -:    0:Data:/home/workspace/build/lib/CMakeFiles/lib_objs.dir/valueflow.gcda
        -:    0:Runs:1
        -:    0:Programs:1
        -:    1:/*
        -:    2: * Cppcheck - A tool for static C/C++ code analysis
        -:    3: * Copyright (C) 2007-2019 Cppcheck team.
        -:    4: *
        -:    5: * This program is free software: you can redistribute it and/or modify
        -:    6: * it under the terms of the GNU General Public License as published by
        -:    7: * the Free Software Foundation, either version 3 of the License, or
        -:    8: * (at your option) any later version.
        -:    9: *
        -:   10: * This program is distributed in the hope that it will be useful,
        -:   11: * but WITHOUT ANY WARRANTY; without even the implied warranty of
        -:   12: * MERCHANTABILITY or FITNESS FOR A PARTICULAR PURPOSE.  See the
        -:   13: * GNU General Public License for more details.
        -:   14: *
        -:   15: * You should have received a copy of the GNU General Public License
        -:   16: * along with this program.  If not, see <http://www.gnu.org/licenses/>.
        -:   17: */
        -:   18:
        -:   19:/**
        -:   20: * @brief This is the ValueFlow component in Cppcheck.
        -:   21: *
        -:   22: * Each @sa Token in the token list has a list of values. These are
        -:   23: * the "possible" values for the Token at runtime.
        -:   24: *
        -:   25: * In the --debug and --debug-normal output you can see the ValueFlow data. For example:
        -:   26: *
        -:   27: *     int f()
        -:   28: *     {
        -:   29: *         int x = 10;
        -:   30: *         return 4 * x + 2;
        -:   31: *     }
        -:   32: *
        -:   33: * The --debug-normal output says:
        -:   34: *
        -:   35: *     ##Value flow
        -:   36: *     Line 3
        -:   37: *       10 always 10
        -:   38: *     Line 4
        -:   39: *       4 always 4
        -:   40: *       * always 40
        -:   41: *       x always 10
        -:   42: *       + always 42
        -:   43: *       2 always 2
        -:   44: *
        -:   45: * All value flow analysis is executed in the ValueFlow::setValues() function. The ValueFlow analysis is executed after
        -:   46: * the tokenizer/ast/symboldatabase/etc.. The ValueFlow analysis is done in a series of valueFlow* function calls, where
        -:   47: * each such function call can only use results from previous function calls. The function calls should be arranged so
        -:   48: * that valueFlow* that do not require previous ValueFlow information should be first.
        -:   49: *
        -:   50: * Type of analysis
        -:   51: * ================
        -:   52: *
        -:   53: * This is "flow sensitive" value flow analysis. We _usually_ track the value for 1 variable at a time.
        -:   54: *
        -:   55: * How are calculations handled
        -:   56: * ============================
        -:   57: *
        -:   58: * Here is an example code:
        -:   59: *
        -:   60: *   x = 3 + 4;
        -:   61: *
        -:   62: * The valueFlowNumber set the values for the "3" and "4" tokens by calling setTokenValue().
        -:   63: * The setTokenValue() handle the calculations automatically. When both "3" and "4" have values, the "+" can be
        -:   64: * calculated. setTokenValue() recursively calls itself when parents in calculations can be calculated.
        -:   65: *
        -:   66: * Forward / Reverse flow analysis
        -:   67: * ===============================
        -:   68: *
        -:   69: * In forward value flow analysis we know a value and see what happens when we are stepping the program forward. Like
        -:   70: * normal execution. The valueFlowForwardVariable is used in this analysis.
        -:   71: *
        -:   72: * In reverse value flow analysis we know the value of a variable at line X. And try to "execute backwards" to determine
        -:   73: * possible values before line X. The valueFlowReverse is used in this analysis.
        -:   74: *
        -:   75: *
        -:   76: */
        -:   77:
        -:   78:#include "valueflow.h"
        -:   79:
        -:   80:#include "astutils.h"
        -:   81:#include "errorlogger.h"
        -:   82:#include "library.h"
        -:   83:#include "mathlib.h"
        -:   84:#include "platform.h"
        -:   85:#include "settings.h"
        -:   86:#include "standards.h"
        -:   87:#include "symboldatabase.h"
        -:   88:#include "token.h"
        -:   89:#include "tokenlist.h"
        -:   90:#include "utils.h"
        -:   91:#include "path.h"
        -:   92:
        -:   93:#include <algorithm>
        -:   94:#include <cassert>
        -:   95:#include <cstddef>
        -:   96:#include <functional>
        -:   97:#include <iterator>
        -:   98:#include <limits>
        -:   99:#include <map>
        -:  100:#include <set>
        -:  101:#include <stack>
        -:  102:#include <vector>
        -:  103:
        -:  104:static const int TIMEOUT = 10; // Do not repeat ValueFlow analysis more than 10 seconds
        -:  105:
        -:  106:namespace {
function _ZN12_GLOBAL__N_113ProgramMemoryaSERKS0_ called 24 returned 100% blocks executed 100%
function _ZN12_GLOBAL__N_113ProgramMemoryC2Ev called 497 returned 100% blocks executed 100%
function _ZN12_GLOBAL__N_113ProgramMemoryD2Ev called 1505 returned 100% blocks executed 100%
function _ZN12_GLOBAL__N_113ProgramMemoryC2ERKS0_ called 1008 returned 100% blocks executed 100%
     3034:  107:    struct ProgramMemory {
call    0 returned 100%
call    1 returned 100%
call    2 returned 100%
call    3 returned 100%
        -:  108:        std::map<int, ValueFlow::Value> values;
        -:  109:
function _ZN12_GLOBAL__N_113ProgramMemory8setValueEiRKN9ValueFlow5ValueE called 326 returned 100% blocks executed 100%
      326:  110:        void setValue(nonneg int varid, const ValueFlow::Value &value) {
      326:  111:            values[varid] = value;
call    0 returned 100%
call    1 returned 100%
      326:  112:        }
        -:  113:
function _ZNK12_GLOBAL__N_113ProgramMemory11getIntValueEiPx called 524 returned 100% blocks executed 100%
      524:  114:        bool getIntValue(nonneg int varid, MathLib::bigint* result) const {
     1048:  115:            const std::map<int, ValueFlow::Value>::const_iterator it = values.find(varid);
call    0 returned 100%
branch  1 taken 100% (fallthrough)
branch  2 taken 0% (throw)
call    3 returned 100%
      524:  116:            const bool found = it != values.end() && it->second.isIntValue();
call    0 returned 100%
call    1 returned 100%
branch  2 taken 54% (fallthrough)
branch  3 taken 46%
call    4 returned 100%
call    5 returned 100%
branch  6 taken 96% (fallthrough)
branch  7 taken 4%
branch  8 taken 100% (fallthrough)
branch  9 taken 0%
call   10 returned 100%
      524:  117:            if (found)
branch  0 taken 52% (fallthrough)
branch  1 taken 48%
      271:  118:                *result = it->second.intvalue;
call    0 returned 100%
     1048:  119:            return found;
        -:  120:        }
        -:  121:
function _ZN12_GLOBAL__N_113ProgramMemory11setIntValueEix called 133 returned 100% blocks executed 75%
      133:  122:        void setIntValue(nonneg int varid, MathLib::bigint value) {
      133:  123:            values[varid] = ValueFlow::Value(value);
call    0 returned 100%
call    1 returned 100%
branch  2 taken 100% (fallthrough)
branch  3 taken 0% (throw)
call    4 returned 100%
call    5 returned 100%
call    6 never executed
      133:  124:        }
        -:  125:
function _ZNK12_GLOBAL__N_113ProgramMemory11getTokValueEiPPK5Token called 0 returned 0% blocks executed 0%
    #####:  126:        bool getTokValue(nonneg int varid, const Token** result) const {
    #####:  127:            const std::map<int, ValueFlow::Value>::const_iterator it = values.find(varid);
call    0 never executed
branch  1 never executed
branch  2 never executed
call    3 never executed
    #####:  128:            const bool found = it != values.end() && it->second.isTokValue();
call    0 never executed
call    1 never executed
branch  2 never executed
branch  3 never executed
call    4 never executed
call    5 never executed
branch  6 never executed
branch  7 never executed
branch  8 never executed
branch  9 never executed
call   10 never executed
    #####:  129:            if (found)
branch  0 never executed
branch  1 never executed
    #####:  130:                *result = it->second.tokvalue;
call    0 never executed
    #####:  131:            return found;
        -:  132:        }
        -:  133:
function _ZN12_GLOBAL__N_113ProgramMemory8hasValueEi called 277 returned 100% blocks executed 80%
      277:  134:        bool hasValue(nonneg int varid) {
      277:  135:            return values.find(varid) != values.end();
call    0 returned 100%
call    1 returned 100%
branch  2 taken 100% (fallthrough)
branch  3 taken 0% (throw)
call    4 returned 100%
call    5 returned 100%
call    6 returned 100%
call    7 never executed
        -:  136:        }
        -:  137:
function _ZN12_GLOBAL__N_113ProgramMemory4swapERS0_ called 15 returned 100% blocks executed 100%
       15:  138:        void swap(ProgramMemory &pm) {
       15:  139:            values.swap(pm.values);
call    0 returned 100%
       15:  140:        }
        -:  141:
function _ZN12_GLOBAL__N_113ProgramMemory5clearEv called 0 returned 0% blocks executed 0%
    #####:  142:        void clear() {
    #####:  143:            values.clear();
call    0 never executed
    #####:  144:        }
        -:  145:
function _ZNK12_GLOBAL__N_113ProgramMemory5emptyEv called 41 returned 100% blocks executed 100%
       41:  146:        bool empty() const {
       41:  147:            return values.empty();
call    0 returned 100%
        -:  148:        }
        -:  149:
        -:  150:        void replace(const ProgramMemory &pm) {
        -:  151:            for (auto&& p:pm.values)
        -:  152:                values[p.first] = p.second;
        -:  153:        }
        -:  154:
        -:  155:        void insert(const ProgramMemory &pm) {
        -:  156:            for (auto&& p:pm.values)
        -:  157:                values.insert(p);
        -:  158:        }
        -:  159:    };
        -:  160:}
        -:  161:
        -:  162:static void execute(const Token *expr,
        -:  163:                    ProgramMemory * const programMemory,
        -:  164:                    MathLib::bigint *result,
        -:  165:                    bool *error);
        -:  166:
function _ZL15bailoutInternalP9TokenListP11ErrorLoggerPK5TokenRKNSt7__cxx1112basic_stringIcSt11char_traitsIcESaIcEEESD_iSD_ called 0 returned 0% blocks executed 0%
    #####:  167:static void bailoutInternal(TokenList *tokenlist, ErrorLogger *errorLogger, const Token *tok, const std::string &what, const std::string &file, int line, const std::string &function)
        -:  168:{
    #####:  169:    std::list<ErrorLogger::ErrorMessage::FileLocation> callstack(1, ErrorLogger::ErrorMessage::FileLocation(tok, tokenlist));
call    0 never executed
call    1 never executed
branch  2 never executed
branch  3 never executed
call    4 never executed
branch  5 never executed
branch  6 never executed
call    7 never executed
call    8 never executed
call    9 never executed
call   10 never executed
call   11 never executed
call   12 never executed
        -:  170:    ErrorLogger::ErrorMessage errmsg(callstack, tokenlist->getSourceFilePath(), Severity::debug,
    #####:  171:                                     Path::stripDirectoryPart(file) + ":" + MathLib::toString(line) + ":" + function + " bailout: " + what, "valueFlowBailout", false);
call    0 never executed
call    1 never executed
branch  2 never executed
branch  3 never executed
call    4 never executed
branch  5 never executed
branch  6 never executed
call    7 never executed
branch  8 never executed
branch  9 never executed
call   10 never executed
branch 11 never executed
branch 12 never executed
call   13 never executed
branch 14 never executed
branch 15 never executed
call   16 never executed
branch 17 never executed
branch 18 never executed
call   19 never executed
branch 20 never executed
branch 21 never executed
call   22 never executed
branch 23 never executed
branch 24 never executed
call   25 never executed
branch 26 never executed
branch 27 never executed
call   28 never executed
branch 29 never executed
branch 30 never executed
call   31 never executed
branch 32 never executed
branch 33 never executed
call   34 never executed
call   35 never executed
call   36 never executed
call   37 never executed
call   38 never executed
call   39 never executed
call   40 never executed
call   41 never executed
call   42 never executed
call   43 never executed
call   44 never executed
call   45 never executed
call   46 never executed
call   47 never executed
call   48 never executed
call   49 never executed
call   50 never executed
call   51 never executed
call   52 never executed
call   53 never executed
call   54 never executed
    #####:  172:    errorLogger->reportErr(errmsg);
call    0 never executed
branch  1 never executed
branch  2 never executed
    #####:  173:}
call    0 never executed
        -:  174:
        -:  175:#if (defined __cplusplus) && __cplusplus >= 201103L
        -:  176:#define bailout(tokenlist, errorLogger, tok, what) bailoutInternal(tokenlist, errorLogger, tok, what, __FILE__, __LINE__, __func__)
        -:  177:#elif (defined __GNUC__) || (defined __clang__) || (defined _MSC_VER)
        -:  178:#define bailout(tokenlist, errorLogger, tok, what) bailoutInternal(tokenlist, errorLogger, tok, what, __FILE__, __LINE__, __FUNCTION__)
        -:  179:#else
        -:  180:#define bailout(tokenlist, errorLogger, tok, what) bailoutInternal(tokenlist, errorLogger, tok, what, __FILE__, __LINE__, "(valueFlow)")
        -:  181:#endif
        -:  182:
function _ZL21changeKnownToPossibleRNSt7__debug4listIN9ValueFlow5ValueESaIS2_EEEi called 841 returned 100% blocks executed 85%
      841:  183:static void changeKnownToPossible(std::list<ValueFlow::Value> &values, int indirect=-1)
        -:  184:{
     1749:  185:    for (ValueFlow::Value& v: values) {
call    0 returned 100%
call    1 returned 100%
call    2 returned 100%
branch  3 taken 52% (fallthrough)
branch  4 taken 48%
call    5 returned 100%
call    6 returned 100%
call    7 returned 100%
call    8 returned 100%
      908:  186:        if (indirect >= 0 && v.indirect != indirect)
branch  0 taken 0% (fallthrough)
branch  1 taken 100%
branch  2 never executed
branch  3 never executed
    #####:  187:            continue;
      908:  188:        v.changeKnownToPossible();
call    0 returned 100%
        -:  189:    }
      841:  190:}
        -:  191:
function _ZL16removeImpossibleRNSt7__debug4listIN9ValueFlow5ValueESaIS2_EEEi called 1242 returned 100% blocks executed 100%
     1242:  192:static void removeImpossible(std::list<ValueFlow::Value>& values, int indirect = -1)
        -:  193:{
function _ZZL16removeImpossibleRNSt7__debug4listIN9ValueFlow5ValueESaIS2_EEEiENKUlRKS2_E_clES7_ called 432 returned 100% blocks executed 80%
     1674:  194:    values.remove_if([&](const ValueFlow::Value& v) {
call    0 returned 100%
      432:  195:        if (indirect >= 0 && v.indirect != indirect)
branch  0 taken 25% (fallthrough)
branch  1 taken 75%
branch  2 taken 0% (fallthrough)
branch  3 taken 100%
    #####:  196:            return false;
      432:  197:        return v.isImpossible();
call    0 returned 100%
        -:  198:    });
     1242:  199:}
        -:  200:
function _ZL15lowerToPossibleRNSt7__debug4listIN9ValueFlow5ValueESaIS2_EEEi called 102 returned 100% blocks executed 100%
      102:  201:static void lowerToPossible(std::list<ValueFlow::Value>& values, int indirect = -1)
        -:  202:{
      102:  203:    changeKnownToPossible(values, indirect);
call    0 returned 100%
      102:  204:    removeImpossible(values, indirect);
call    0 returned 100%
      102:  205:}
        -:  206:
function _ZL19lowerToInconclusiveRNSt7__debug4listIN9ValueFlow5ValueESaIS2_EEEPK8Settingsi called 150 returned 100% blocks executed 94%
      150:  207:static void lowerToInconclusive(std::list<ValueFlow::Value>& values, const Settings* settings, int indirect = -1)
        -:  208:{
      150:  209:    if (settings->inconclusive) {
branch  0 taken 93% (fallthrough)
branch  1 taken 7%
      140:  210:        removeImpossible(values, indirect);
call    0 returned 100%
      278:  211:        for (ValueFlow::Value& v : values) {
call    0 returned 100%
call    1 returned 100%
call    2 returned 100%
branch  3 taken 50% (fallthrough)
branch  4 taken 50%
call    5 returned 100%
call    6 returned 100%
call    7 returned 100%
call    8 returned 100%
      138:  212:            if (indirect >= 0 && v.indirect != indirect)
branch  0 taken 78% (fallthrough)
branch  1 taken 22%
branch  2 taken 0% (fallthrough)
branch  3 taken 100%
    #####:  213:                continue;
      138:  214:            v.setInconclusive();
call    0 returned 100%
        -:  215:        }
        -:  216:    } else {
        -:  217:        // Remove all values if the inconclusive flags is not set
function _ZZL19lowerToInconclusiveRNSt7__debug4listIN9ValueFlow5ValueESaIS2_EEEPK8SettingsiENKUlRKS2_E_clESA_ called 10 returned 100% blocks executed 80%
       20:  218:        values.remove_if([&](const ValueFlow::Value& v) {
call    0 returned 100%
       10:  219:            if (indirect >= 0 && v.indirect != indirect)
branch  0 taken 100% (fallthrough)
branch  1 taken 0%
branch  2 taken 0% (fallthrough)
branch  3 taken 100%
    #####:  220:                return false;
       10:  221:            return true;
        -:  222:        });
        -:  223:    }
      150:  224:}
        -:  225:
function _ZL21changePossibleToKnownRNSt7__debug4listIN9ValueFlow5ValueESaIS2_EEEi called 189 returned 100% blocks executed 83%
      189:  226:static void changePossibleToKnown(std::list<ValueFlow::Value>& values, int indirect = -1)
        -:  227:{
      378:  228:    for (ValueFlow::Value& v : values) {
call    0 returned 100%
call    1 returned 100%
call    2 returned 100%
branch  3 taken 50% (fallthrough)
branch  4 taken 50%
call    5 returned 100%
call    6 returned 100%
call    7 returned 100%
call    8 returned 100%
      189:  229:        if (indirect >= 0 && v.indirect != indirect)
branch  0 taken 0% (fallthrough)
branch  1 taken 100%
branch  2 never executed
branch  3 never executed
    #####:  230:            continue;
      189:  231:        if (!v.isPossible())
call    0 returned 100%
branch  1 taken 24% (fallthrough)
branch  2 taken 76%
       45:  232:            continue;
      144:  233:        if (v.bound != ValueFlow::Value::Bound::Point)
branch  0 taken 0% (fallthrough)
branch  1 taken 100%
    #####:  234:            continue;
      144:  235:        v.setKnown();
call    0 returned 100%
        -:  236:    }
      189:  237:}
        -:  238:
        -:  239:/**
        -:  240: * Is condition always false when variable has given value?
        -:  241: * \param condition   top ast token in condition
        -:  242: * \param programMemory   program memory
        -:  243: */
function _ZL16conditionIsFalsePK5TokenRKN12_GLOBAL__N_113ProgramMemoryE called 323 returned 100% blocks executed 88%
      323:  244:static bool conditionIsFalse(const Token *condition, const ProgramMemory &programMemory)
        -:  245:{
      323:  246:    if (!condition)
branch  0 taken 0% (fallthrough)
branch  1 taken 100%
    #####:  247:        return false;
      323:  248:    if (condition->str() == "&&") {
call    0 returned 100%
call    1 returned 100%
branch  2 taken 2% (fallthrough)
branch  3 taken 98%
       10:  249:        return conditionIsFalse(condition->astOperand1(), programMemory) ||
call    0 returned 100%
call    1 returned 100%
branch  2 taken 100% (fallthrough)
branch  3 taken 0% (throw)
branch  4 taken 43% (fallthrough)
branch  5 taken 57%
branch  6 taken 0% (fallthrough)
branch  7 taken 100%
       10:  250:               conditionIsFalse(condition->astOperand2(), programMemory);
call    0 returned 100%
call    1 returned 100%
branch  2 taken 100% (fallthrough)
branch  3 taken 0% (throw)
        -:  251:    }
      632:  252:    ProgramMemory progmem(programMemory);
call    0 returned 100%
branch  1 taken 100% (fallthrough)
branch  2 taken 0% (throw)
call    3 returned 100%
call    4 never executed
      316:  253:    MathLib::bigint result = 0;
      316:  254:    bool error = false;
      316:  255:    execute(condition, &progmem, &result, &error);
call    0 returned 100%
branch  1 taken 100% (fallthrough)
branch  2 taken 0% (throw)
      316:  256:    return !error && result == 0;
branch  0 taken 30% (fallthrough)
branch  1 taken 70%
branch  2 taken 38% (fallthrough)
branch  3 taken 62%
        -:  257:}
        -:  258:
        -:  259:/**
        -:  260: * Is condition always true when variable has given value?
        -:  261: * \param condition   top ast token in condition
        -:  262: * \param programMemory   program memory
        -:  263: */
function _ZL15conditionIsTruePK5TokenRKN12_GLOBAL__N_113ProgramMemoryE called 358 returned 100% blocks executed 85%
      358:  264:static bool conditionIsTrue(const Token *condition, const ProgramMemory &programMemory)
        -:  265:{
      358:  266:    if (!condition)
branch  0 taken 0% (fallthrough)
branch  1 taken 100%
    #####:  267:        return false;
      358:  268:    if (condition->str() == "||") {
call    0 returned 100%
call    1 returned 100%
branch  2 taken 1% (fallthrough)
branch  3 taken 99%
        4:  269:        return conditionIsTrue(condition->astOperand1(), programMemory) ||
call    0 returned 100%
call    1 returned 100%
branch  2 taken 100% (fallthrough)
branch  3 taken 0% (throw)
branch  4 taken 100% (fallthrough)
branch  5 taken 0%
branch  6 taken 0% (fallthrough)
branch  7 taken 100%
        4:  270:               conditionIsTrue(condition->astOperand2(), programMemory);
call    0 returned 100%
call    1 returned 100%
branch  2 taken 100% (fallthrough)
branch  3 taken 0% (throw)
        -:  271:    }
      712:  272:    ProgramMemory progmem(programMemory);
call    0 returned 100%
branch  1 taken 100% (fallthrough)
branch  2 taken 0% (throw)
call    3 returned 100%
call    4 never executed
      356:  273:    bool error = false;
      356:  274:    MathLib::bigint result = 0;
      356:  275:    execute(condition, &progmem, &result, &error);
call    0 returned 100%
branch  1 taken 100% (fallthrough)
branch  2 taken 0% (throw)
      356:  276:    return !error && result == 1;
branch  0 taken 26% (fallthrough)
branch  1 taken 74%
branch  2 taken 53% (fallthrough)
branch  3 taken 47%
        -:  277:}
        -:  278:
function _ZL18setValueUpperBoundRN9ValueFlow5ValueEb called 782 returned 100% blocks executed 100%
      782:  279:static void setValueUpperBound(ValueFlow::Value& value, bool upper)
        -:  280:{
      782:  281:    if (upper)
branch  0 taken 50% (fallthrough)
branch  1 taken 50%
      391:  282:        value.bound = ValueFlow::Value::Bound::Upper;
        -:  283:    else
      391:  284:        value.bound = ValueFlow::Value::Bound::Lower;
      782:  285:}
        -:  286:
function _ZL13setValueBoundRN9ValueFlow5ValueEPK5Tokenb called 1546 returned 100% blocks executed 100%
     1546:  287:static void setValueBound(ValueFlow::Value& value, const Token* tok, bool invert)
        -:  288:{
     1546:  289:    if (Token::Match(tok, "<|<=")) {
call    0 returned 100%
branch  1 taken 30% (fallthrough)
branch  2 taken 70%
      458:  290:        setValueUpperBound(value, !invert);
call    0 returned 100%
     1088:  291:    } else if (Token::Match(tok, ">|>=")) {
call    0 returned 100%
branch  1 taken 30% (fallthrough)
branch  2 taken 70%
      324:  292:        setValueUpperBound(value, invert);
call    0 returned 100%
        -:  293:    }
     1546:  294:}
        -:  295:
function _ZL20setConditionalValuesPK5TokenbxRN9ValueFlow5ValueES4_ called 773 returned 100% blocks executed 98%
      773:  296:static void setConditionalValues(const Token *tok,
        -:  297:                                 bool invert,
        -:  298:                                 MathLib::bigint value,
        -:  299:                                 ValueFlow::Value &true_value,
        -:  300:                                 ValueFlow::Value &false_value)
        -:  301:{
      773:  302:    if (Token::Match(tok, "==|!=|>=|<=")) {
call    0 returned 100%
branch  1 taken 64% (fallthrough)
branch  2 taken 36%
      495:  303:        true_value = ValueFlow::Value{tok, value};
call    0 returned 100%
branch  1 taken 100% (fallthrough)
branch  2 taken 0% (throw)
call    3 returned 100%
call    4 returned 100%
      495:  304:        const char* greaterThan = ">=";
      495:  305:        const char* lessThan = "<=";
      495:  306:        if (invert)
branch  0 taken 23% (fallthrough)
branch  1 taken 77%
      114:  307:            std::swap(greaterThan, lessThan);
call    0 returned 100%
      495:  308:        if (Token::simpleMatch(tok, greaterThan)) {
call    0 returned 100%
branch  1 taken 100% (fallthrough)
branch  2 taken 0% (throw)
branch  3 taken 17% (fallthrough)
branch  4 taken 83%
       86:  309:            false_value = ValueFlow::Value{tok, value - 1};
call    0 returned 100%
branch  1 taken 100% (fallthrough)
branch  2 taken 0% (throw)
call    3 returned 100%
call    4 returned 100%
      409:  310:        } else if (Token::simpleMatch(tok, lessThan)) {
call    0 returned 100%
branch  1 taken 100% (fallthrough)
branch  2 taken 0% (throw)
branch  3 taken 7% (fallthrough)
branch  4 taken 93%
       27:  311:            false_value = ValueFlow::Value{tok, value + 1};
call    0 returned 100%
branch  1 taken 100% (fallthrough)
branch  2 taken 0% (throw)
call    3 returned 100%
call    4 returned 100%
        -:  312:        } else {
      382:  313:            false_value = ValueFlow::Value{tok, value};
call    0 returned 100%
branch  1 taken 100% (fallthrough)
branch  2 taken 0% (throw)
call    3 returned 100%
call    4 returned 100%
        -:  314:        }
        -:  315:    } else {
      278:  316:        const char* greaterThan = ">";
      278:  317:        const char* lessThan = "<";
      278:  318:        if (invert)
branch  0 taken 24% (fallthrough)
branch  1 taken 76%
       68:  319:            std::swap(greaterThan, lessThan);
call    0 returned 100%
      278:  320:        if (Token::simpleMatch(tok, greaterThan)) {
call    0 returned 100%
branch  1 taken 100% (fallthrough)
branch  2 taken 0% (throw)
branch  3 taken 24% (fallthrough)
branch  4 taken 76%
       68:  321:            true_value = ValueFlow::Value{tok, value + 1};
call    0 returned 100%
branch  1 taken 100% (fallthrough)
branch  2 taken 0% (throw)
call    3 returned 100%
call    4 returned 100%
       68:  322:            false_value = ValueFlow::Value{tok, value};
call    0 returned 100%
branch  1 taken 100% (fallthrough)
branch  2 taken 0% (throw)
call    3 returned 100%
call    4 returned 100%
      210:  323:        } else if (Token::simpleMatch(tok, lessThan)) {
call    0 returned 100%
branch  1 taken 100% (fallthrough)
branch  2 taken 0% (throw)
branch  3 taken 100% (fallthrough)
branch  4 taken 0%
      210:  324:            true_value = ValueFlow::Value{tok, value - 1};
call    0 returned 100%
branch  1 taken 100% (fallthrough)
branch  2 taken 0% (throw)
call    3 returned 100%
call    4 returned 100%
      210:  325:            false_value = ValueFlow::Value{tok, value};
call    0 returned 100%
branch  1 taken 100% (fallthrough)
branch  2 taken 0% (throw)
call    3 returned 100%
call    4 returned 100%
        -:  326:        }
        -:  327:    }
      773:  328:    setValueBound(true_value, tok, invert);
call    0 returned 100%
      773:  329:    setValueBound(false_value, tok, !invert);
call    0 returned 100%
      773:  330:}
call    0 never executed
        -:  331:
function _ZL11isSaturatedx called 773 returned 100% blocks executed 88%
      773:  332:static bool isSaturated(MathLib::bigint value)
        -:  333:{
      773:  334:    return value == std::numeric_limits<MathLib::bigint>::max() || value == std::numeric_limits<MathLib::bigint>::min();
call    0 returned 100%
branch  1 taken 100% (fallthrough)
branch  2 taken 0%
call    3 returned 100%
branch  4 taken 0% (fallthrough)
branch  5 taken 100%
        -:  335:}
        -:  336:
function _ZL15parseCompareIntPK5TokenRN9ValueFlow5ValueES4_ called 6185 returned 100% blocks executed 94%
     6185:  337:static const Token *parseCompareInt(const Token *tok, ValueFlow::Value &true_value, ValueFlow::Value &false_value)
        -:  338:{
     6185:  339:    if (!tok->astOperand1() || !tok->astOperand2())
call    0 returned 100%
branch  1 taken 53% (fallthrough)
branch  2 taken 47%
call    3 returned 100%
branch  4 taken 12% (fallthrough)
branch  5 taken 88%
branch  6 taken 53% (fallthrough)
branch  7 taken 47%
     3289:  340:        return nullptr;
     2896:  341:    if (Token::Match(tok, "%comp%")) {
call    0 returned 100%
branch  1 taken 32% (fallthrough)
branch  2 taken 68%
      940:  342:        if (tok->astOperand1()->hasKnownIntValue()) {
call    0 returned 100%
call    1 returned 100%
branch  2 taken 19% (fallthrough)
branch  3 taken 81%
      182:  343:            MathLib::bigint value = tok->astOperand1()->values().front().intvalue;
call    0 returned 100%
call    1 returned 100%
call    2 returned 100%
      182:  344:            if (isSaturated(value))
call    0 returned 100%
branch  1 taken 0% (fallthrough)
branch  2 taken 100%
    #####:  345:                return nullptr;
      182:  346:            setConditionalValues(tok, true, value, true_value, false_value);
call    0 returned 100%
      182:  347:            return tok->astOperand2();
call    0 returned 100%
      758:  348:        } else if (tok->astOperand2()->hasKnownIntValue()) {
call    0 returned 100%
call    1 returned 100%
branch  2 taken 78% (fallthrough)
branch  3 taken 22%
      591:  349:            MathLib::bigint value = tok->astOperand2()->values().front().intvalue;
call    0 returned 100%
call    1 returned 100%
call    2 returned 100%
      591:  350:            if (isSaturated(value))
call    0 returned 100%
branch  1 taken 0% (fallthrough)
branch  2 taken 100%
    #####:  351:                return nullptr;
      591:  352:            setConditionalValues(tok, false, value, true_value, false_value);
call    0 returned 100%
      591:  353:            return tok->astOperand1();
call    0 returned 100%
        -:  354:        }
        -:  355:    }
     2123:  356:    return nullptr;
        -:  357:}
        -:  358:
function _ZL27programMemoryParseConditionRN12_GLOBAL__N_113ProgramMemoryEPK5TokenS4_PK8Settingsb called 6 returned 100% blocks executed 27%
        6:  359:static void programMemoryParseCondition(ProgramMemory& pm, const Token* tok, const Token* endTok, const Settings* settings, bool then)
        -:  360:{
        6:  361:    if (Token::Match(tok, "==|>=|<=|<|>|!=")) {
call    0 returned 100%
branch  1 taken 0% (fallthrough)
branch  2 taken 100%
    #####:  362:        if (then && !Token::Match(tok, "==|>=|<="))
branch  0 never executed
branch  1 never executed
call    2 never executed
branch  3 never executed
branch  4 never executed
branch  5 never executed
branch  6 never executed
branch  7 never executed
branch  8 never executed
    #####:  363:            return;
    #####:  364:        if (!then && !Token::Match(tok, "<|>|!="))
branch  0 never executed
branch  1 never executed
call    2 never executed
branch  3 never executed
branch  4 never executed
branch  5 never executed
branch  6 never executed
branch  7 never executed
branch  8 never executed
    #####:  365:            return;
    #####:  366:        ValueFlow::Value truevalue;
call    0 never executed
call    1 never executed
    #####:  367:        ValueFlow::Value falsevalue;
call    0 never executed
call    1 never executed
branch  2 never executed
branch  3 never executed
call    4 never executed
    #####:  368:        const Token* vartok = parseCompareInt(tok, truevalue, falsevalue);
call    0 never executed
branch  1 never executed
branch  2 never executed
    #####:  369:        if (!vartok)
branch  0 never executed
branch  1 never executed
    #####:  370:            return;
    #####:  371:        if (vartok->varId() == 0)
call    0 never executed
branch  1 never executed
branch  2 never executed
    #####:  372:            return;
    #####:  373:        if (!truevalue.isIntValue())
call    0 never executed
branch  1 never executed
branch  2 never executed
    #####:  374:            return;
    #####:  375:        if (isVariableChanged(tok->next(), endTok, vartok->varId(), false, settings, true))
call    0 never executed
call    1 never executed
call    2 never executed
branch  3 never executed
branch  4 never executed
branch  5 never executed
branch  6 never executed
    #####:  376:            return;
    #####:  377:        pm.setIntValue(vartok->varId(),  then ? truevalue.intvalue : falsevalue.intvalue);
branch  0 never executed
branch  1 never executed
call    2 never executed
call    3 never executed
branch  4 never executed
branch  5 never executed
call    6 never executed
branch  7 never executed
branch  8 never executed
        6:  378:    } else if (Token::Match(tok, "%var%")) {
call    0 returned 100%
branch  1 taken 67% (fallthrough)
branch  2 taken 33%
        4:  379:        if (tok->varId() == 0)
call    0 returned 100%
branch  1 taken 0% (fallthrough)
branch  2 taken 100%
    #####:  380:            return;
        4:  381:        if (then && !astIsPointer(tok) && !astIsBool(tok))
branch  0 taken 0% (fallthrough)
branch  1 taken 100%
call    2 never executed
branch  3 never executed
branch  4 never executed
call    5 never executed
branch  6 never executed
branch  7 never executed
branch  8 taken 0% (fallthrough)
branch  9 taken 100%
    #####:  382:            return;
        4:  383:        if (isVariableChanged(tok->next(), endTok, tok->varId(), false, settings, true))
call    0 returned 100%
call    1 returned 100%
call    2 returned 100%
branch  3 taken 0% (fallthrough)
branch  4 taken 100%
    #####:  384:            return;
        4:  385:        pm.setIntValue(tok->varId(), then);
call    0 returned 100%
call    1 returned 100%
        2:  386:    } else if (Token::simpleMatch(tok, "!")) {
call    0 returned 100%
branch  1 taken 0% (fallthrough)
branch  2 taken 100%
    #####:  387:        programMemoryParseCondition(pm, tok->astOperand1(), endTok, settings, !then);
call    0 never executed
call    1 never executed
        2:  388:    } else if (then && Token::simpleMatch(tok, "&&")) {
branch  0 taken 100% (fallthrough)
branch  1 taken 0%
call    2 returned 100%
branch  3 taken 0% (fallthrough)
branch  4 taken 100%
branch  5 taken 0% (fallthrough)
branch  6 taken 100%
    #####:  389:        programMemoryParseCondition(pm, tok->astOperand1(), endTok, settings, then);
call    0 never executed
call    1 never executed
    #####:  390:        programMemoryParseCondition(pm, tok->astOperand2(), endTok, settings, then);
call    0 never executed
call    1 never executed
        2:  391:    } else if (!then && Token::simpleMatch(tok, "||")) {
branch  0 taken 0% (fallthrough)
branch  1 taken 100%
call    2 never executed
branch  3 never executed
branch  4 never executed
branch  5 taken 0% (fallthrough)
branch  6 taken 100%
    #####:  392:        programMemoryParseCondition(pm, tok->astOperand1(), endTok, settings, then);
call    0 never executed
call    1 never executed
    #####:  393:        programMemoryParseCondition(pm, tok->astOperand2(), endTok, settings, then);
call    0 never executed
call    1 never executed
        -:  394:    }
        -:  395:}
        -:  396:
function _ZL31fillProgramMemoryFromConditionsRN12_GLOBAL__N_113ProgramMemoryEPK5ScopePK5TokenPK8Settings called 385 returned 100% blocks executed 81%
      385:  397:static void fillProgramMemoryFromConditions(ProgramMemory& pm, const Scope* scope, const Token* endTok, const Settings* settings)
        -:  398:{
      385:  399:    if (!scope)
branch  0 taken 0% (fallthrough)
branch  1 taken 100%
    #####:  400:        return;
      385:  401:    if (!scope->isLocal())
call    0 returned 100%
branch  1 taken 95% (fallthrough)
branch  2 taken 5%
      364:  402:        return;
       21:  403:    assert(scope != scope->nestedIn);
branch  0 taken 0% (fallthrough)
branch  1 taken 100%
call    2 never executed
       21:  404:    fillProgramMemoryFromConditions(pm, scope->nestedIn, endTok, settings);
call    0 returned 100%
       21:  405:    if (scope->type == Scope::eIf || scope->type == Scope::eWhile || scope->type == Scope::eElse) {
branch  0 taken 90% (fallthrough)
branch  1 taken 10%
branch  2 taken 100% (fallthrough)
branch  3 taken 0%
branch  4 taken 21% (fallthrough)
branch  5 taken 79%
        6:  406:        const Token * bodyStart = scope->bodyStart;
        6:  407:        if (scope->type == Scope::eElse) {
branch  0 taken 67% (fallthrough)
branch  1 taken 33%
        4:  408:            if (!Token::simpleMatch(bodyStart->tokAt(-2), "} else {"))
call    0 returned 100%
call    1 returned 100%
branch  2 taken 0% (fallthrough)
branch  3 taken 100%
    #####:  409:                return;
        4:  410:            bodyStart = bodyStart->linkAt(-2);
call    0 returned 100%
        -:  411:        }
        6:  412:        const Token * condEndTok = bodyStart->previous();
call    0 returned 100%
        6:  413:        if (!Token::simpleMatch(condEndTok, ") {"))
call    0 returned 100%
branch  1 taken 0% (fallthrough)
branch  2 taken 100%
    #####:  414:            return;
        6:  415:        const Token * condStartTok = condEndTok->link();
call    0 returned 100%
        6:  416:        if (!condStartTok)
branch  0 taken 0% (fallthrough)
branch  1 taken 100%
    #####:  417:            return;
        6:  418:        if (!Token::Match(condStartTok->previous(), "if|while ("))
call    0 returned 100%
call    1 returned 100%
branch  2 taken 0% (fallthrough)
branch  3 taken 100%
    #####:  419:            return;
        6:  420:        const Token * condTok = condStartTok->astOperand2();
call    0 returned 100%
        6:  421:        programMemoryParseCondition(pm, condTok, endTok, settings, scope->type != Scope::eElse);
call    0 returned 100%
        -:  422:    }
        -:  423:}
        -:  424:
function _ZL31fillProgramMemoryFromConditionsRN12_GLOBAL__N_113ProgramMemoryEPK5TokenPK8Settings called 364 returned 100% blocks executed 100%
      364:  425:static void fillProgramMemoryFromConditions(ProgramMemory& pm, const Token* tok, const Settings* settings)
        -:  426:{
      364:  427:    fillProgramMemoryFromConditions(pm, tok->scope(), tok, settings);
call    0 returned 100%
call    1 returned 100%
      364:  428:}
        -:  429:
function _ZL32fillProgramMemoryFromAssignmentsRN12_GLOBAL__N_113ProgramMemoryEPK5TokenRKS0_NSt7__debug13unordered_mapIiN9ValueFlow5ValueESt4hashIiESt8equal_toIiESaISt4pairIKiSA_EEEE called 323 returned 100% blocks executed 89%
      323:  430:static void fillProgramMemoryFromAssignments(ProgramMemory& pm, const Token* tok, const ProgramMemory& state, std::unordered_map<nonneg int, ValueFlow::Value> vars)
        -:  431:{
      323:  432:    int indentlevel = 0;
     3171:  433:    for (const Token *tok2 = tok; tok2; tok2 = tok2->previous()) {
branch  0 taken 100% (fallthrough)
branch  1 taken 0%
call    2 returned 100%
     3171:  434:        bool setvar = false;
     3171:  435:        if (Token::Match(tok2, "[;{}] %var% = %var% ;")) {
call    0 returned 100%
branch  1 taken 1% (fallthrough)
branch  2 taken 99%
       10:  436:            for (auto&& p:vars) {
call    0 returned 100%
call    1 returned 100%
call    2 returned 100%
branch  3 taken 50% (fallthrough)
branch  4 taken 50%
call    5 returned 100%
call    6 returned 100%
call    7 returned 100%
call    8 returned 100%
call    9 never executed
call   10 never executed
call   11 never executed
        5:  437:                if (p.first != tok2->next()->varId())
call    0 returned 100%
call    1 returned 100%
branch  2 taken 40% (fallthrough)
branch  3 taken 60%
        2:  438:                    continue;
        3:  439:                const Token *vartok = tok2->tokAt(3);
call    0 returned 100%
branch  1 taken 100% (fallthrough)
branch  2 taken 0% (throw)
        3:  440:                pm.setValue(vartok->varId(), p.second);
call    0 returned 100%
call    1 returned 100%
branch  2 taken 100% (fallthrough)
branch  3 taken 0% (throw)
        3:  441:                setvar = true;
        -:  442:            }
        -:  443:        }
     6062:  444:        if (!setvar && (Token::Match(tok2, "[;{}] %var% =") ||
branch  0 taken 99% (fallthrough)
branch  1 taken 1%
call    2 returned 100%
branch  3 taken 91% (fallthrough)
branch  4 taken 9%
branch  5 taken 0% (fallthrough)
branch  6 taken 100%
branch  7 taken 9% (fallthrough)
branch  8 taken 91%
     2891:  445:                        Token::Match(tok2, "[;{}] const| %type% %var% ("))) {
call    0 returned 100%
      277:  446:            const Token *vartok = tok2->next();
call    0 returned 100%
      277:  447:            while (vartok->next()->isName())
call    0 returned 100%
call    1 returned 100%
branch  2 taken 0% (fallthrough)
branch  3 taken 100%
    #####:  448:                vartok = vartok->next();
call    0 never executed
      277:  449:            if (!pm.hasValue(vartok->varId())) {
call    0 returned 100%
call    1 returned 100%
branch  2 taken 22% (fallthrough)
branch  3 taken 78%
       61:  450:                MathLib::bigint result = 0;
       61:  451:                bool error = false;
       61:  452:                execute(vartok->next()->astOperand2(), &pm, &result, &error);
call    0 returned 100%
call    1 returned 100%
call    2 returned 100%
branch  3 taken 100% (fallthrough)
branch  4 taken 0% (throw)
       61:  453:                if (!error)
branch  0 taken 84% (fallthrough)
branch  1 taken 16%
       51:  454:                    pm.setIntValue(vartok->varId(), result);
call    0 returned 100%
call    1 returned 100%
branch  2 taken 100% (fallthrough)
branch  3 taken 0% (throw)
        -:  455:            }
        -:  456:        }
        -:  457:
     3171:  458:        if (tok2->str() == "{") {
call    0 returned 100%
call    1 returned 100%
branch  2 taken 9% (fallthrough)
branch  3 taken 91%
      289:  459:            if (indentlevel <= 0)
branch  0 taken 100% (fallthrough)
branch  1 taken 0%
      289:  460:                break;
    #####:  461:            --indentlevel;
        -:  462:        }
     2882:  463:        if (tok2->str() == "}") {
call    0 returned 100%
call    1 returned 100%
branch  2 taken 1% (fallthrough)
branch  3 taken 99%
       37:  464:            const Token *cond = tok2->link();
call    0 returned 100%
       37:  465:            cond = Token::simpleMatch(cond->previous(), ") {") ? cond->linkAt(-1) : nullptr;
call    0 returned 100%
call    1 returned 100%
branch  2 taken 92% (fallthrough)
branch  3 taken 8%
call    4 returned 100%
       37:  466:            if (cond && conditionIsFalse(cond->astOperand2(), state))
branch  0 taken 92% (fallthrough)
branch  1 taken 8%
call    2 returned 100%
call    3 returned 100%
branch  4 taken 9% (fallthrough)
branch  5 taken 91%
branch  6 taken 8% (fallthrough)
branch  7 taken 92%
        3:  467:                tok2 = cond->previous();
call    0 returned 100%
       34:  468:            else if (cond && conditionIsTrue(cond->astOperand2(), state)) {
branch  0 taken 91% (fallthrough)
branch  1 taken 9%
call    2 returned 100%
call    3 returned 100%
branch  4 taken 0% (fallthrough)
branch  5 taken 100%
branch  6 taken 0% (fallthrough)
branch  7 taken 100%
    #####:  469:                ++indentlevel;
    #####:  470:                continue;
        -:  471:            } else
       34:  472:                break;
        -:  473:        }
        -:  474:    }
      323:  475:}
        -:  476:
        -:  477:/**
        -:  478: * Get program memory by looking backwards from given token.
        -:  479: */
function _ZL16getProgramMemoryPK5TokeniRKN9ValueFlow5ValueE called 323 returned 100% blocks executed 60%
      323:  480:static ProgramMemory getProgramMemory(const Token *tok, nonneg int varid, const ValueFlow::Value &value)
        -:  481:{
      323:  482:    ProgramMemory programMemory;
call    0 returned 100%
      323:  483:    if (value.tokvalue)
branch  0 taken 87% (fallthrough)
branch  1 taken 13%
      280:  484:        fillProgramMemoryFromConditions(programMemory, value.tokvalue, nullptr);
call    0 returned 100%
branch  1 taken 100% (fallthrough)
branch  2 taken 0% (throw)
      323:  485:    if (value.condition)
branch  0 taken 26% (fallthrough)
branch  1 taken 74%
       84:  486:        fillProgramMemoryFromConditions(programMemory, value.condition, nullptr);
call    0 returned 100%
branch  1 taken 100% (fallthrough)
branch  2 taken 0% (throw)
      323:  487:    programMemory.setValue(varid, value);
call    0 returned 100%
branch  1 taken 100% (fallthrough)
branch  2 taken 0% (throw)
      323:  488:    if (value.varId)
branch  0 taken 15% (fallthrough)
branch  1 taken 85%
       49:  489:        programMemory.setIntValue(value.varId, value.varvalue);
call    0 returned 100%
branch  1 taken 100% (fallthrough)
branch  2 taken 0% (throw)
      646:  490:    const ProgramMemory state = programMemory;
call    0 returned 100%
branch  1 taken 100% (fallthrough)
branch  2 taken 0% (throw)
call    3 returned 100%
call    4 never executed
call    5 never executed
      323:  491:    fillProgramMemoryFromAssignments(programMemory, tok, state, {{varid, value}});
call    0 returned 100%
branch  1 taken 100% (fallthrough)
branch  2 taken 0% (throw)
call    3 returned 100%
call    4 returned 100%
branch  5 taken 100% (fallthrough)
branch  6 taken 0% (throw)
call    7 returned 100%
branch  8 taken 100% (fallthrough)
branch  9 taken 0% (throw)
call   10 returned 100%
call   11 returned 100%
branch 12 taken 50% (fallthrough)
branch 13 taken 50%
call   14 returned 100%
call   15 never executed
call   16 never executed
branch 17 never executed
branch 18 never executed
call   19 never executed
      646:  492:    return programMemory;
        -:  493:}
        -:  494:
        -:  495:/**
        -:  496: * Should value be skipped because it's hidden inside && || or ?: expression.
        -:  497: * Example: ((x!=NULL) && (*x == 123))
        -:  498: * If 'valuetok' points at the x in '(*x == 123)'. Then the '&&' will be returned.
        -:  499: * @param valuetok original variable token
        -:  500: * @return NULL=>don't skip, non-NULL=>The operator token that cause the skip. For instance the '&&'.
        -:  501: * */
function _ZL32skipValueInConditionalExpressionPK5Token called 694 returned 100% blocks executed 89%
      694:  502:static const Token * skipValueInConditionalExpression(const Token * const valuetok)
        -:  503:{
        -:  504:    // Walk up the ast
      694:  505:    const Token *prev = valuetok;
     2070:  506:    for (const Token *tok = valuetok->astParent(); tok; tok = tok->astParent()) {
call    0 returned 100%
branch  1 taken 67% (fallthrough)
branch  2 taken 33%
call    3 returned 100%
     1388:  507:        const bool prevIsLhs = (prev == tok->astOperand1());
call    0 returned 100%
     1388:  508:        prev = tok;
        -:  509:
     1388:  510:        if (prevIsLhs || !Token::Match(tok, "%oror%|&&|?|:"))
branch  0 taken 45% (fallthrough)
branch  1 taken 55%
call    2 returned 100%
branch  3 taken 100% (fallthrough)
branch  4 taken 0% (throw)
branch  5 taken 97% (fallthrough)
branch  6 taken 3%
branch  7 taken 99% (fallthrough)
branch  8 taken 1%
     1368:  511:            continue;
        -:  512:
       20:  513:        if (tok->hasKnownIntValue())
call    0 returned 100%
branch  1 taken 100% (fallthrough)
branch  2 taken 0% (throw)
branch  3 taken 10% (fallthrough)
branch  4 taken 90%
       14:  514:            return tok;
        -:  515:
        -:  516:        // Is variable protected in LHS..
       18:  517:        bool bailout = false;
function _ZZL32skipValueInConditionalExpressionPK5TokenENKUlS1_E_clES1_ called 138 returned 100% blocks executed 86%
      156:  518:        visitAstNodes(tok->astOperand1(), [&](const Token *tok2) {
call    0 returned 100%
branch  1 taken 100% (fallthrough)
branch  2 taken 0% (throw)
call    3 returned 100%
call    4 returned 100%
branch  5 taken 100% (fallthrough)
branch  6 taken 0% (throw)
call    7 returned 100%
call    8 never executed
      138:  519:            if (tok2->str() == ".")
call    0 returned 100%
call    1 returned 100%
branch  2 taken 0% (fallthrough)
branch  3 taken 100%
    #####:  520:                return ChildrenToVisit::none;
        -:  521:            // A variable is seen..
      228:  522:            if (tok2 != valuetok && tok2->variable() &&
branch  0 taken 100% (fallthrough)
branch  1 taken 0%
call    2 returned 100%
branch  3 taken 29% (fallthrough)
branch  4 taken 71%
branch  5 taken 75% (fallthrough)
branch  6 taken 25%
branch  7 taken 7% (fallthrough)
branch  8 taken 93%
      110:  523:                (tok2->varId() == valuetok->varId() || (!tok2->variable()->isArgument() && !tok2->hasKnownIntValue()))) {
call    0 returned 100%
call    1 returned 100%
call    2 returned 100%
call    3 returned 100%
branch  4 taken 0% (fallthrough)
branch  5 taken 100%
call    6 never executed
branch  7 never executed
branch  8 never executed
        -:  524:                // TODO: limit this bailout
       10:  525:                bailout = true;
       10:  526:                return ChildrenToVisit::done;
        -:  527:            }
      128:  528:            return ChildrenToVisit::op1_and_op2;
        -:  529:        });
       18:  530:        if (bailout)
branch  0 taken 56% (fallthrough)
branch  1 taken 44%
       10:  531:            return tok;
        -:  532:    }
      682:  533:    return nullptr;
        -:  534:}
        -:  535:
function _ZL13isEscapeScopePK5TokenP9TokenListb called 474 returned 100% blocks executed 89%
      474:  536:static bool isEscapeScope(const Token* tok, TokenList * tokenlist, bool unknown = false)
        -:  537:{
      474:  538:    if (!Token::simpleMatch(tok, "{"))
call    0 returned 100%
branch  1 taken 100% (fallthrough)
branch  2 taken 0% (throw)
branch  3 taken 0% (fallthrough)
branch  4 taken 100%
    #####:  539:        return false;
        -:  540:    // TODO this search for termTok in all subscopes. It should check the end of the scope.
      474:  541:    const Token * termTok = Token::findmatch(tok, "return|continue|break|throw|goto", tok->link());
call    0 returned 100%
call    1 returned 100%
branch  2 taken 100% (fallthrough)
branch  3 taken 0% (throw)
      474:  542:    if (termTok && termTok->scope() == tok->scope())
branch  0 taken 15% (fallthrough)
branch  1 taken 85%
call    2 returned 100%
call    3 returned 100%
branch  4 taken 100% (fallthrough)
branch  5 taken 0%
branch  6 taken 15% (fallthrough)
branch  7 taken 85%
       70:  543:        return true;
      808:  544:    std::string unknownFunction;
call    0 returned 100%
call    1 returned 100%
call    2 never executed
      404:  545:    if (tokenlist && tokenlist->getSettings()->library.isScopeNoReturn(tok->link(), &unknownFunction))
branch  0 taken 100% (fallthrough)
branch  1 taken 0%
call    2 returned 100%
call    3 returned 100%
call    4 returned 100%
branch  5 taken 100% (fallthrough)
branch  6 taken 0% (throw)
branch  7 taken 8% (fallthrough)
branch  8 taken 92%
branch  9 taken 8% (fallthrough)
branch 10 taken 92%
       33:  546:        return unknownFunction.empty() || unknown;
call    0 returned 100%
branch  1 taken 100% (fallthrough)
branch  2 taken 0%
branch  3 taken 0% (fallthrough)
branch  4 taken 100%
      371:  547:    return false;
        -:  548:}
        -:  549:
function _ZL21bailoutSelfAssignmentPK5Token called 143 returned 100% blocks executed 91%
      143:  550:static bool bailoutSelfAssignment(const Token * const tok)
        -:  551:{
      143:  552:    const Token *parent = tok;
     1275:  553:    while (parent) {
branch  0 taken 80% (fallthrough)
branch  1 taken 20%
      566:  554:        const Token *op = parent;
      566:  555:        parent = parent->astParent();
call    0 returned 100%
        -:  556:
        -:  557:        // Assignment where lhs variable exists in rhs => return true
      989:  558:        if (parent                         != nullptr      &&
branch  0 taken 39% (fallthrough)
branch  1 taken 61%
branch  2 taken 5% (fallthrough)
branch  3 taken 95%
      587:  559:            parent->astOperand2()          == op           &&
call    0 returned 100%
branch  1 taken 100% (fallthrough)
branch  2 taken 0%
      894:  560:            parent->astOperand1()          != nullptr      &&
branch  0 taken 75% (fallthrough)
branch  1 taken 25%
call    2 returned 100%
branch  3 taken 18% (fallthrough)
branch  4 taken 82%
      164:  561:            parent->str()                  == "=") {
call    0 returned 100%
call    1 returned 100%
       59:  562:            for (const Token *lhs = parent->astOperand1(); lhs; lhs = lhs->astOperand1()) {
call    0 returned 100%
branch  1 taken 51% (fallthrough)
branch  2 taken 49%
call    3 returned 100%
       30:  563:                if (lhs->varId() == tok->varId())
call    0 returned 100%
call    1 returned 100%
branch  2 taken 0% (fallthrough)
branch  3 taken 100%
    #####:  564:                    return true;
       30:  565:                if (lhs->astOperand2() && lhs->astOperand2()->varId() == tok->varId())
call    0 returned 100%
branch  1 taken 3% (fallthrough)
branch  2 taken 97%
call    3 returned 100%
call    4 returned 100%
call    5 returned 100%
branch  6 taken 0% (fallthrough)
branch  7 taken 100%
branch  8 taken 0% (fallthrough)
branch  9 taken 100%
    #####:  566:                    return true;
        -:  567:            }
        -:  568:        }
        -:  569:    }
      143:  570:    return false;
        -:  571:}
        -:  572:
function _ZL9castValueN9ValueFlow5ValueEN9ValueType4SignEi called 19 returned 100% blocks executed 42%
       19:  573:static ValueFlow::Value castValue(ValueFlow::Value value, const ValueType::Sign sign, nonneg int bit)
        -:  574:{
       19:  575:    if (value.isFloatValue()) {
call    0 returned 100%
branch  1 taken 0% (fallthrough)
branch  2 taken 100%
    #####:  576:        value.valueType = ValueFlow::Value::INT;
    #####:  577:        if (value.floatValue >= std::numeric_limits<int>::min() && value.floatValue <= std::numeric_limits<int>::max()) {
call    0 never executed
branch  1 never executed
branch  2 never executed
call    3 never executed
branch  4 never executed
branch  5 never executed
branch  6 never executed
branch  7 never executed
    #####:  578:            value.intvalue = value.floatValue;
        -:  579:        } else { // don't perform UB
    #####:  580:            value.intvalue = 0;
        -:  581:        }
        -:  582:    }
       19:  583:    if (bit < MathLib::bigint_bits) {
branch  0 taken 100% (fallthrough)
branch  1 taken 0%
       19:  584:        const MathLib::biguint one = 1;
       19:  585:        value.intvalue &= (one << bit) - 1;
       19:  586:        if (sign == ValueType::Sign::SIGNED && value.intvalue & (one << (bit - 1))) {
branch  0 taken 95% (fallthrough)
branch  1 taken 5%
branch  2 taken 0% (fallthrough)
branch  3 taken 100%
    #####:  587:            value.intvalue |= ~((one << bit) - 1ULL);
        -:  588:        }
        -:  589:    }
       19:  590:    return value;
call    0 returned 100%
        -:  591:}
        -:  592:
function _ZL22combineValuePropertiesRKN9ValueFlow5ValueES2_PS0_ called 174 returned 100% blocks executed 98%
      174:  593:static void combineValueProperties(const ValueFlow::Value &value1, const ValueFlow::Value &value2, ValueFlow::Value *result)
        -:  594:{
      174:  595:    if (value1.isKnown() && value2.isKnown())
call    0 returned 100%
branch  1 taken 61% (fallthrough)
branch  2 taken 39%
call    3 returned 100%
branch  4 taken 88% (fallthrough)
branch  5 taken 12%
branch  6 taken 53% (fallthrough)
branch  7 taken 47%
       93:  596:        result->setKnown();
call    0 returned 100%
       81:  597:    else if (value1.isImpossible() || value2.isImpossible())
call    0 returned 100%
branch  1 taken 98% (fallthrough)
branch  2 taken 2%
call    3 returned 100%
branch  4 taken 0% (fallthrough)
branch  5 taken 100%
branch  6 taken 2% (fallthrough)
branch  7 taken 98%
        2:  598:        result->setImpossible();
call    0 returned 100%
       79:  599:    else if (value1.isInconclusive() || value2.isInconclusive())
call    0 returned 100%
branch  1 taken 99% (fallthrough)
branch  2 taken 1%
call    3 returned 100%
branch  4 taken 1% (fallthrough)
branch  5 taken 99%
branch  6 taken 3% (fallthrough)
branch  7 taken 97%
        2:  600:        result->setInconclusive();
call    0 returned 100%
        -:  601:    else
       77:  602:        result->setPossible();
call    0 returned 100%
      174:  603:    result->condition = value1.condition ? value1.condition : value2.condition;
branch  0 taken 26% (fallthrough)
branch  1 taken 74%
      174:  604:    result->varId = (value1.varId != 0U) ? value1.varId : value2.varId;
branch  0 taken 66% (fallthrough)
branch  1 taken 34%
      174:  605:    result->varvalue = (result->varId == value1.varId) ? value1.varvalue : value2.varvalue;
branch  0 taken 92% (fallthrough)
branch  1 taken 8%
      174:  606:    result->errorPath = (value1.errorPath.empty() ? value2 : value1).errorPath;
call    0 returned 100%
branch  1 taken 36% (fallthrough)
branch  2 taken 64%
call    3 returned 100%
      174:  607:    result->safe = value1.safe || value2.safe;
branch  0 taken 100% (fallthrough)
branch  1 taken 0%
branch  2 taken 0% (fallthrough)
branch  3 taken 100%
      174:  608:}
        -:  609:
        -:  610:
function _ZL21getCastTypeStartTokenPK5Token called 2366 returned 100% blocks executed 100%
     2366:  611:static const Token *getCastTypeStartToken(const Token *parent)
        -:  612:{
        -:  613:    // TODO: This might be a generic utility function?
     2366:  614:    if (!parent || parent->str() != "(")
branch  0 taken 100% (fallthrough)
branch  1 taken 0%
call    2 returned 100%
call    3 returned 100%
branch  4 taken 87% (fallthrough)
branch  5 taken 13%
branch  6 taken 87% (fallthrough)
branch  7 taken 13%
     2051:  615:        return nullptr;
      315:  616:    if (!parent->astOperand2() && Token::Match(parent,"( %name%"))
call    0 returned 100%
branch  1 taken 8% (fallthrough)
branch  2 taken 92%
call    3 returned 100%
branch  4 taken 100% (fallthrough)
branch  5 taken 0%
branch  6 taken 8% (fallthrough)
branch  7 taken 92%
       24:  617:        return parent->next();
call    0 returned 100%
      291:  618:    if (parent->astOperand2() && Token::Match(parent->astOperand1(), "const_cast|dynamic_cast|reinterpret_cast|static_cast <"))
call    0 returned 100%
branch  1 taken 100% (fallthrough)
branch  2 taken 0%
call    3 returned 100%
call    4 returned 100%
branch  5 taken 1% (fallthrough)
branch  6 taken 99%
branch  7 taken 1% (fallthrough)
branch  8 taken 99%
        3:  619:        return parent->astOperand1()->tokAt(2);
call    0 returned 100%
call    1 returned 100%
      288:  620:    return nullptr;
        -:  621:}
        -:  622:
        -:  623:/** Set token value for cast */
        -:  624:static void setTokenValueCast(Token *parent, const ValueType &valueType, const ValueFlow::Value &value, const Settings *settings);
        -:  625:
        -:  626:/** set ValueFlow value and perform calculations if possible */
function _ZL13setTokenValueP5TokenRKN9ValueFlow5ValueEPK8Settings called 3010 returned 100% blocks executed 61%
     3010:  627:static void setTokenValue(Token* tok, const ValueFlow::Value &value, const Settings *settings)
        -:  628:{
     3010:  629:    if (!tok->addValue(value))
call    0 returned 100%
branch  1 taken 13% (fallthrough)
branch  2 taken 87%
      389:  630:        return;
        -:  631:
     2621:  632:    Token *parent = tok->astParent();
call    0 returned 100%
     2621:  633:    if (!parent)
branch  0 taken 2% (fallthrough)
branch  1 taken 98%
       43:  634:        return;
        -:  635:
     2578:  636:    if (value.isContainerSizeValue()) {
call    0 returned 100%
branch  1 taken 1% (fallthrough)
branch  2 taken 99%
        -:  637:        // .empty, .size, +"abc", +'a'
        2:  638:        if (parent->str() == "+") {
call    0 returned 100%
call    1 returned 100%
branch  2 taken 0% (fallthrough)
branch  3 taken 100%
    #####:  639:            for (const ValueFlow::Value &value1 : parent->astOperand1()->values()) {
call    0 never executed
call    1 never executed
call    2 never executed
call    3 never executed
call    4 never executed
branch  5 never executed
branch  6 never executed
call    7 never executed
call    8 never executed
call    9 never executed
call   10 never executed
call   11 never executed
call   12 never executed
call   13 never executed
    #####:  640:                for (const ValueFlow::Value &value2 : parent->astOperand2()->values()) {
call    0 never executed
call    1 never executed
call    2 never executed
call    3 never executed
call    4 never executed
branch  5 never executed
branch  6 never executed
call    7 never executed
call    8 never executed
call    9 never executed
call   10 never executed
call   11 never executed
call   12 never executed
    #####:  641:                    ValueFlow::Value result;
call    0 never executed
call    1 never executed
    #####:  642:                    result.valueType = ValueFlow::Value::ValueType::CONTAINER_SIZE;
    #####:  643:                    if (value1.isContainerSizeValue() && value2.isContainerSizeValue())
call    0 never executed
branch  1 never executed
branch  2 never executed
call    3 never executed
branch  4 never executed
branch  5 never executed
branch  6 never executed
branch  7 never executed
    #####:  644:                        result.intvalue = value1.intvalue + value2.intvalue;
    #####:  645:                    else if (value1.isContainerSizeValue() && value2.isTokValue() && value2.tokvalue->tokType() == Token::eString)
call    0 never executed
branch  1 never executed
branch  2 never executed
call    3 never executed
branch  4 never executed
branch  5 never executed
call    6 never executed
branch  7 never executed
branch  8 never executed
branch  9 never executed
branch 10 never executed
    #####:  646:                        result.intvalue = value1.intvalue + Token::getStrLength(value2.tokvalue);
call    0 never executed
branch  1 never executed
branch  2 never executed
    #####:  647:                    else if (value2.isContainerSizeValue() && value1.isTokValue() && value1.tokvalue->tokType() == Token::eString)
call    0 never executed
branch  1 never executed
branch  2 never executed
call    3 never executed
branch  4 never executed
branch  5 never executed
call    6 never executed
branch  7 never executed
branch  8 never executed
branch  9 never executed
branch 10 never executed
    #####:  648:                        result.intvalue = Token::getStrLength(value1.tokvalue) + value2.intvalue;
call    0 never executed
branch  1 never executed
branch  2 never executed
        -:  649:                    else
    #####:  650:                        continue;
        -:  651:
    #####:  652:                    combineValueProperties(value1, value2, &result);
call    0 never executed
branch  1 never executed
branch  2 never executed
        -:  653:
    #####:  654:                    setTokenValue(parent, result, settings);
call    0 never executed
branch  1 never executed
branch  2 never executed
call    3 never executed
branch  4 never executed
branch  5 never executed
        -:  655:                }
        -:  656:            }
        -:  657:        }
        -:  658:
        -:  659:
        2:  660:        else if (Token::Match(parent, ". %name% (") && parent->astParent() == parent->tokAt(2) && parent->astOperand1() && parent->astOperand1()->valueType()) {
call    0 returned 100%
branch  1 taken 0% (fallthrough)
branch  2 taken 100%
call    3 never executed
call    4 never executed
branch  5 never executed
branch  6 never executed
call    7 never executed
branch  8 never executed
branch  9 never executed
call   10 never executed
call   11 never executed
branch 12 never executed
branch 13 never executed
branch 14 taken 0% (fallthrough)
branch 15 taken 100%
    #####:  661:            const Library::Container *c = parent->astOperand1()->valueType()->container;
call    0 never executed
call    1 never executed
    #####:  662:            const Library::Container::Yield yields = c ? c->getYield(parent->strAt(1)) : Library::Container::Yield::NO_YIELD;
branch  0 never executed
branch  1 never executed
call    2 never executed
call    3 never executed
    #####:  663:            if (yields == Library::Container::Yield::SIZE) {
branch  0 never executed
branch  1 never executed
    #####:  664:                ValueFlow::Value v(value);
call    0 never executed
branch  1 never executed
branch  2 never executed
call    3 never executed
call    4 never executed
call    5 never executed
    #####:  665:                v.valueType = ValueFlow::Value::ValueType::INT;
    #####:  666:                setTokenValue(parent->astParent(), v, settings);
call    0 never executed
call    1 never executed
branch  2 never executed
branch  3 never executed
    #####:  667:            } else if (yields == Library::Container::Yield::EMPTY) {
branch  0 never executed
branch  1 never executed
    #####:  668:                ValueFlow::Value v(value);
call    0 never executed
branch  1 never executed
branch  2 never executed
call    3 never executed
call    4 never executed
call    5 never executed
    #####:  669:                v.intvalue = !v.intvalue;
    #####:  670:                v.valueType = ValueFlow::Value::ValueType::INT;
    #####:  671:                setTokenValue(parent->astParent(), v, settings);
call    0 never executed
call    1 never executed
branch  2 never executed
branch  3 never executed
        -:  672:            }
        -:  673:        }
        -:  674:
        2:  675:        return;
        -:  676:    }
        -:  677:
     2576:  678:    if (value.isLifetimeValue()) {
call    0 returned 100%
branch  1 taken 5% (fallthrough)
branch  2 taken 95%
      138:  679:        if (!isLifetimeBorrowed(parent, settings))
call    0 returned 100%
branch  1 taken 1% (fallthrough)
branch  2 taken 99%
        2:  680:            return;
      136:  681:        if (value.lifetimeKind == ValueFlow::Value::LifetimeKind::Iterator && astIsIterator(parent)) {
branch  0 taken 0% (fallthrough)
branch  1 taken 100%
call    2 never executed
branch  3 never executed
branch  4 never executed
branch  5 taken 0% (fallthrough)
branch  6 taken 100%
    #####:  682:            setTokenValue(parent,value,settings);
call    0 never executed
      166:  683:        } else if (astIsPointer(tok) && astIsPointer(parent) &&
call    0 returned 100%
branch  1 taken 74% (fallthrough)
branch  2 taken 26%
call    3 returned 100%
branch  4 taken 27% (fallthrough)
branch  5 taken 73%
branch  6 taken 96% (fallthrough)
branch  7 taken 4%
branch  8 taken 2% (fallthrough)
branch  9 taken 98%
       53:  684:                   (parent->isArithmeticalOp() || Token::Match(parent, "( %type%"))) {
call    0 returned 100%
call    1 returned 100%
branch  2 taken 8% (fallthrough)
branch  3 taken 92%
        3:  685:            setTokenValue(parent,value,settings);
call    0 returned 100%
        -:  686:        }
      136:  687:        return;
        -:  688:    }
        -:  689:
     2438:  690:    if (value.isUninitValue()) {
call    0 returned 100%
branch  1 taken 3% (fallthrough)
branch  2 taken 97%
      144:  691:        ValueFlow::Value pvalue = value;
call    0 returned 100%
branch  1 taken 100% (fallthrough)
branch  2 taken 0% (throw)
call    3 returned 100%
call    4 never executed
call    5 never executed
       72:  692:        if (parent->isUnaryOp("&")) {
call    0 returned 100%
call    1 returned 100%
branch  2 taken 100% (fallthrough)
branch  3 taken 0% (throw)
call    4 returned 100%
branch  5 taken 100% (fallthrough)
branch  6 taken 0% (throw)
call    7 returned 100%
call    8 returned 100%
branch  9 taken 4% (fallthrough)
branch 10 taken 96%
call   11 never executed
call   12 never executed
        3:  693:            pvalue.indirect++;
        3:  694:            setTokenValue(parent, pvalue, settings);
call    0 returned 100%
branch  1 taken 100% (fallthrough)
branch  2 taken 0% (throw)
       69:  695:        } else if (Token::Match(parent, ". %var%") && parent->astOperand1() == tok) {
call    0 returned 100%
branch  1 taken 100% (fallthrough)
branch  2 taken 0% (throw)
branch  3 taken 52% (fallthrough)
branch  4 taken 48%
call    5 returned 100%
branch  6 taken 50% (fallthrough)
branch  7 taken 50%
branch  8 taken 26% (fallthrough)
branch  9 taken 74%
       18:  696:            if (parent->originalName() == "->" && pvalue.indirect > 0)
call    0 returned 100%
call    1 returned 100%
branch  2 taken 0% (fallthrough)
branch  3 taken 100%
branch  4 never executed
branch  5 never executed
branch  6 taken 0% (fallthrough)
branch  7 taken 100%
    #####:  697:                pvalue.indirect--;
       18:  698:            setTokenValue(parent->astOperand2(), pvalue, settings);
call    0 returned 100%
call    1 returned 100%
branch  2 taken 100% (fallthrough)
branch  3 taken 0% (throw)
       51:  699:        } else if (Token::Match(parent->astParent(), ". %var%") && parent->astParent()->astOperand1() == parent) {
call    0 returned 100%
call    1 returned 100%
branch  2 taken 100% (fallthrough)
branch  3 taken 0% (throw)
branch  4 taken 0% (fallthrough)
branch  5 taken 100%
call    6 never executed
call    7 never executed
branch  8 never executed
branch  9 never executed
branch 10 taken 0% (fallthrough)
branch 11 taken 100%
    #####:  700:            if (parent->astParent()->originalName() == "->" && pvalue.indirect > 0)
call    0 never executed
call    1 never executed
call    2 never executed
branch  3 never executed
branch  4 never executed
branch  5 never executed
branch  6 never executed
branch  7 never executed
branch  8 never executed
    #####:  701:                pvalue.indirect--;
    #####:  702:            setTokenValue(parent->astParent()->astOperand2(), pvalue, settings);
call    0 never executed
call    1 never executed
call    2 never executed
branch  3 never executed
branch  4 never executed
       51:  703:        } else if (parent->isUnaryOp("*") && pvalue.indirect > 0) {
call    0 returned 100%
call    1 returned 100%
branch  2 taken 100% (fallthrough)
branch  3 taken 0% (throw)
call    4 returned 100%
branch  5 taken 100% (fallthrough)
branch  6 taken 0% (throw)
branch  7 taken 2% (fallthrough)
branch  8 taken 98%
branch  9 taken 100% (fallthrough)
branch 10 taken 0%
branch 11 taken 100% (fallthrough)
branch 12 taken 0%
call   13 returned 100%
branch 14 taken 100% (fallthrough)
branch 15 taken 0%
call   16 returned 100%
branch 17 taken 2% (fallthrough)
branch 18 taken 98%
branch 19 never executed
branch 20 never executed
call   21 never executed
branch 22 never executed
branch 23 never executed
call   24 never executed
        1:  704:            pvalue.indirect--;
        1:  705:            setTokenValue(parent, pvalue, settings);
call    0 returned 100%
branch  1 taken 100% (fallthrough)
branch  2 taken 0% (throw)
        -:  706:        }
       72:  707:        return;
        -:  708:    }
        -:  709:
        -:  710:    // cast..
     2366:  711:    if (const Token *castType = getCastTypeStartToken(parent)) {
call    0 returned 100%
branch  1 taken 1% (fallthrough)
branch  2 taken 99%
       27:  712:        if (astIsPointer(tok) && value.valueType == ValueFlow::Value::INT &&
call    0 returned 100%
branch  1 taken 100% (fallthrough)
branch  2 taken 0% (throw)
branch  3 taken 0% (fallthrough)
branch  4 taken 100%
branch  5 never executed
branch  6 never executed
branch  7 never executed
branch  8 never executed
branch  9 taken 0% (fallthrough)
branch 10 taken 100%
    #####:  713:            Token::simpleMatch(parent->astOperand1(), "dynamic_cast"))
call    0 never executed
call    1 never executed
branch  2 never executed
branch  3 never executed
    #####:  714:            return;
       54:  715:        const ValueType &valueType = ValueType::parseDecl(castType, settings);
call    0 returned 100%
branch  1 taken 100% (fallthrough)
branch  2 taken 0% (throw)
call    3 returned 100%
call    4 never executed
call    5 never executed
       27:  716:        setTokenValueCast(parent, valueType, value, settings);
call    0 returned 100%
branch  1 taken 100% (fallthrough)
branch  2 taken 0% (throw)
        -:  717:    }
        -:  718:
     2339:  719:    else if (parent->str() == ":") {
call    0 returned 100%
call    1 returned 100%
branch  2 taken 2% (fallthrough)
branch  3 taken 98%
       53:  720:        setTokenValue(parent,value,settings);
call    0 returned 100%
        -:  721:    }
        -:  722:
     2286:  723:    else if (parent->str() == "?" && tok->str() == ":" && tok == parent->astOperand2() && parent->astOperand1()) {
call    0 returned 100%
call    1 returned 100%
branch  2 taken 3% (fallthrough)
branch  3 taken 97%
call    4 returned 100%
call    5 returned 100%
branch  6 taken 83% (fallthrough)
branch  7 taken 17%
call    8 returned 100%
branch  9 taken 100% (fallthrough)
branch 10 taken 0%
call   11 returned 100%
branch 12 taken 98% (fallthrough)
branch 13 taken 2%
branch 14 taken 2% (fallthrough)
branch 15 taken 98%
        -:  724:        // is condition always true/false?
       52:  725:        if (parent->astOperand1()->hasKnownValue()) {
call    0 returned 100%
call    1 returned 100%
branch  2 taken 4% (fallthrough)
branch  3 taken 96%
        2:  726:            const ValueFlow::Value &condvalue = parent->astOperand1()->values().front();
call    0 returned 100%
call    1 returned 100%
call    2 returned 100%
        2:  727:            const bool cond(condvalue.isTokValue() || (condvalue.isIntValue() && condvalue.intvalue != 0));
call    0 returned 100%
branch  1 taken 100% (fallthrough)
branch  2 taken 0%
call    3 returned 100%
branch  4 taken 100% (fallthrough)
branch  5 taken 0%
branch  6 taken 100% (fallthrough)
branch  7 taken 0%
        2:  728:            if (cond && !tok->astOperand1()) { // true condition, no second operator
branch  0 taken 100% (fallthrough)
branch  1 taken 0%
call    2 returned 100%
branch  3 taken 0% (fallthrough)
branch  4 taken 100%
branch  5 taken 0% (fallthrough)
branch  6 taken 100%
    #####:  729:                setTokenValue(parent, condvalue, settings);
call    0 never executed
        -:  730:            } else {
        2:  731:                const Token *op = cond ? tok->astOperand1() : tok->astOperand2();
branch  0 taken 100% (fallthrough)
branch  1 taken 0%
call    2 returned 100%
call    3 never executed
        2:  732:                if (!op) // #7769 segmentation fault at setTokenValue()
branch  0 taken 0% (fallthrough)
branch  1 taken 100%
    #####:  733:                    return;
        2:  734:                const std::list<ValueFlow::Value> &values = op->values();
call    0 returned 100%
        2:  735:                if (std::find(values.begin(), values.end(), value) != values.end())
call    0 returned 100%
call    1 returned 100%
call    2 returned 100%
call    3 returned 100%
branch  4 taken 100% (fallthrough)
branch  5 taken 0% (throw)
call    6 returned 100%
call    7 returned 100%
call    8 returned 100%
call    9 returned 100%
call   10 returned 100%
branch 11 taken 50% (fallthrough)
branch 12 taken 50%
call   13 never executed
call   14 never executed
call   15 never executed
call   16 never executed
        1:  736:                    setTokenValue(parent, value, settings);
call    0 returned 100%
        -:  737:            }
        -:  738:        } else {
        -:  739:            // is condition only depending on 1 variable?
       50:  740:            int varId = 0;
       50:  741:            bool ret = false;
       50:  742:            visitAstNodes(parent->astOperand1(),
call    0 returned 100%
branch  1 taken 100% (fallthrough)
branch  2 taken 0% (throw)
call    3 returned 100%
call    4 returned 100%
branch  5 taken 100% (fallthrough)
branch  6 taken 0% (throw)
call    7 returned 100%
call    8 never executed
function _ZZL13setTokenValueP5TokenRKN9ValueFlow5ValueEPK8SettingsENKUlPKS_E_clES9_ called 158 returned 100% blocks executed 100%
      158:  743:            [&](const Token *t) {
      158:  744:                if (t->varId()) {
call    0 returned 100%
branch  1 taken 22% (fallthrough)
branch  2 taken 78%
       70:  745:                    if (varId > 0 || value.varId != 0U)
branch  0 taken 94% (fallthrough)
branch  1 taken 6%
branch  2 taken 0% (fallthrough)
branch  3 taken 100%
      162:  746:                        ret = true;
       35:  747:                    varId = t->varId();
call    0 returned 100%
      123:  748:                } else if (t->str() == "(" && Token::Match(t->previous(), "%name%"))
call    0 returned 100%
call    1 returned 100%
branch  2 taken 8% (fallthrough)
branch  3 taken 92%
call    4 returned 100%
call    5 returned 100%
branch  6 taken 20% (fallthrough)
branch  7 taken 80%
branch  8 taken 2% (fallthrough)
branch  9 taken 98%
        2:  749:                    ret = true; // function call
      158:  750:                return ret ? ChildrenToVisit::done : ChildrenToVisit::op1_and_op2;
branch  0 taken 3% (fallthrough)
branch  1 taken 97%
        -:  751:            });
       50:  752:            if (ret)
branch  0 taken 8% (fallthrough)
branch  1 taken 92%
        4:  753:                return;
        -:  754:
       92:  755:            ValueFlow::Value v(value);
call    0 returned 100%
branch  1 taken 100% (fallthrough)
branch  2 taken 0% (throw)
call    3 returned 100%
call    4 never executed
call    5 never executed
       46:  756:            v.conditional = true;
       46:  757:            v.changeKnownToPossible();
call    0 returned 100%
        -:  758:
       46:  759:            if (varId)
branch  0 taken 67% (fallthrough)
branch  1 taken 33%
       31:  760:                v.varId = varId;
        -:  761:
       46:  762:            setTokenValue(parent, v, settings);
call    0 returned 100%
branch  1 taken 100% (fallthrough)
branch  2 taken 0% (throw)
        -:  763:        }
        -:  764:    }
        -:  765:
        -:  766:    // Calculations..
     7276:  767:    else if ((parent->isArithmeticalOp() || parent->isComparisonOp() || (parent->tokType() == Token::eBitOp) || (parent->tokType() == Token::eLogicalOp)) &&
call    0 returned 100%
call    1 returned 100%
branch  2 taken 78% (fallthrough)
[...]
branch  2 never executed
branch  3 never executed
call    4 never executed
branch  5 never executed
branch  6 never executed
call    7 never executed
branch  8 never executed
branch  9 never executed
call   10 never executed
branch 11 never executed
branch 12 never executed
call   13 never executed
branch 14 never executed
branch 15 never executed
call   16 never executed
call   17 never executed
branch 18 never executed
branch 19 never executed
call   20 never executed
call   21 never executed
call   22 never executed
call   23 never executed
call   24 never executed
call   25 never executed
call   26 never executed
call   27 never executed
call   28 never executed
call   29 never executed
    #####: 6384:                argValues.back().safe = safeLow;
call    0 never executed
        -: 6385:            }
    #####: 6386:            if (isHigh) {
branch  0 never executed
branch  1 never executed
    #####: 6387:                argValues.emplace_back(high);
call    0 never executed
branch  1 never executed
branch  2 never executed
    #####: 6388:                argValues.back().errorPath.emplace_back(arg.nameToken(), std::string(safeHigh ? "Safe checks: " : "") + "Assuming argument has value " + MathLib::toString(high));
call    0 never executed
call    1 never executed
branch  2 never executed
branch  3 never executed
call    4 never executed
branch  5 never executed
branch  6 never executed
call    7 never executed
branch  8 never executed
branch  9 never executed
call   10 never executed
branch 11 never executed
branch 12 never executed
call   13 never executed
branch 14 never executed
branch 15 never executed
call   16 never executed
call   17 never executed
branch 18 never executed
branch 19 never executed
call   20 never executed
call   21 never executed
call   22 never executed
call   23 never executed
call   24 never executed
call   25 never executed
call   26 never executed
call   27 never executed
call   28 never executed
call   29 never executed
    #####: 6389:                argValues.back().safe = safeHigh;
call    0 never executed
        -: 6390:            }
        -: 6391:
    #####: 6392:            if (!argValues.empty())
call    0 never executed
branch  1 never executed
branch  2 never executed
    #####: 6393:                valueFlowForwardVariable(const_cast<Token*>(functionScope->bodyStart->next()),
call    0 never executed
branch  1 never executed
branch  2 never executed
call    3 never executed
call    4 never executed
call    5 never executed
branch  6 never executed
branch  7 never executed
call    8 never executed
call    9 never executed
    #####: 6394:                                         functionScope->bodyEnd,
        -: 6395:                                         &arg,
        -: 6396:                                         arg.declarationId(),
        -: 6397:                                         argValues,
        -: 6398:                                         false,
        -: 6399:                                         false,
        -: 6400:                                         tokenlist,
        -: 6401:                                         errorLogger,
        -: 6402:                                         settings);
        -: 6403:        }
        -: 6404:    }
     1192: 6405:}
        -: 6406:
function _ZL30valueFlowUnknownFunctionReturnP9TokenListPK8Settings called 956 returned 100% blocks executed 7%
      956: 6407:static void valueFlowUnknownFunctionReturn(TokenList *tokenlist, const Settings *settings)
        -: 6408:{
      956: 6409:    if (settings->checkUnknownFunctionReturn.empty())
call    0 returned 100%
branch  1 taken 100% (fallthrough)
branch  2 taken 0%
      956: 6410:        return;
    #####: 6411:    for (Token *tok = tokenlist->front(); tok; tok = tok->next()) {
call    0 never executed
branch  1 never executed
branch  2 never executed
call    3 never executed
    #####: 6412:        if (!tok->astParent() || tok->str() != "(")
call    0 never executed
branch  1 never executed
branch  2 never executed
call    3 never executed
call    4 never executed
branch  5 never executed
branch  6 never executed
branch  7 never executed
branch  8 never executed
    #####: 6413:            continue;
    #####: 6414:        if (!Token::Match(tok->previous(), "%name%"))
call    0 never executed
call    1 never executed
branch  2 never executed
branch  3 never executed
branch  4 never executed
branch  5 never executed
    #####: 6415:            continue;
    #####: 6416:        if (settings->checkUnknownFunctionReturn.find(tok->previous()->str()) == settings->checkUnknownFunctionReturn.end())
call    0 never executed
call    1 never executed
call    2 never executed
call    3 never executed
branch  4 never executed
branch  5 never executed
call    6 never executed
call    7 never executed
call    8 never executed
branch  9 never executed
branch 10 never executed
call   11 never executed
    #####: 6417:            continue;
    #####: 6418:        std::vector<MathLib::bigint> unknownValues = settings->library.unknownReturnValues(tok->astOperand1());
call    0 never executed
call    1 never executed
branch  2 never executed
branch  3 never executed
call    4 never executed
    #####: 6419:        if (unknownValues.empty())
call    0 never executed
branch  1 never executed
branch  2 never executed
    #####: 6420:            continue;
        -: 6421:
        -: 6422:        // Get min/max values for return type
    #####: 6423:        const std::string &typestr = settings->library.returnValueType(tok->previous());
call    0 never executed
call    1 never executed
branch  2 never executed
branch  3 never executed
        -: 6424:        MathLib::bigint minvalue, maxvalue;
    #####: 6425:        if (!getMinMaxValues(typestr, settings, &minvalue, &maxvalue))
call    0 never executed
branch  1 never executed
branch  2 never executed
branch  3 never executed
branch  4 never executed
    #####: 6426:            continue;
        -: 6427:
    #####: 6428:        for (MathLib::bigint value : unknownValues) {
call    0 never executed
call    1 never executed
call    2 never executed
branch  3 never executed
branch  4 never executed
call    5 never executed
call    6 never executed
call    7 never executed
call    8 never executed
call    9 never executed
branch 10 never executed
branch 11 never executed
call   12 never executed
call   13 never executed
    #####: 6429:            if (value < minvalue)
branch  0 never executed
branch  1 never executed
    #####: 6430:                value = minvalue;
    #####: 6431:            else if (value > maxvalue)
branch  0 never executed
branch  1 never executed
    #####: 6432:                value = maxvalue;
    #####: 6433:            setTokenValue(const_cast<Token *>(tok), ValueFlow::Value(value), settings);
call    0 never executed
call    1 never executed
branch  2 never executed
branch  3 never executed
call    4 never executed
call    5 never executed
        -: 6434:        }
        -: 6435:    }
        -: 6436:}
        -: 6437:
function _ZN9ValueFlow5ValueC2EPK5Tokenx called 2762 returned 100% blocks executed 50%
     2762: 6438:ValueFlow::Value::Value(const Token* c, long long val)
        -: 6439:    : valueType(INT),
        -: 6440:      bound(Bound::Point),
        -: 6441:      intvalue(val),
        -: 6442:      tokvalue(nullptr),
        -: 6443:      floatValue(0.0),
        -: 6444:      moveKind(MoveKind::NonMovedVariable),
        -: 6445:      varvalue(val),
        -: 6446:      condition(c),
        -: 6447:      varId(0U),
        -: 6448:      safe(false),
        -: 6449:      conditional(false),
        -: 6450:      defaultArg(false),
        -: 6451:      indirect(0),
        -: 6452:      lifetimeKind(LifetimeKind::Object),
        -: 6453:      lifetimeScope(LifetimeScope::Local),
     2762: 6454:      valueKind(ValueKind::Possible)
call    0 returned 100%
call    1 never executed
        -: 6455:{
     2762: 6456:    errorPath.emplace_back(c, "Assuming that condition '" + c->expressionString() + "' is not redundant");
call    0 returned 100%
branch  1 taken 100% (fallthrough)
branch  2 taken 0% (throw)
call    3 returned 100%
branch  4 taken 100% (fallthrough)
branch  5 taken 0% (throw)
call    6 returned 100%
branch  7 taken 100% (fallthrough)
branch  8 taken 0% (throw)
call    9 returned 100%
branch 10 taken 100% (fallthrough)
branch 11 taken 0% (throw)
call   12 returned 100%
call   13 returned 100%
call   14 returned 100%
call   15 never executed
call   16 never executed
call   17 never executed
     2762: 6457:}
        -: 6458:
function _ZNK9ValueFlow5Value10infoStringB5cxx11Ev called 716 returned 100% blocks executed 31%
      716: 6459:std::string ValueFlow::Value::infoString() const
        -: 6460:{
      716: 6461:    switch (valueType) {
branch  0 taken 93%
branch  1 taken 6%
branch  2 taken 0%
branch  3 taken 1%
branch  4 taken 1%
branch  5 taken 0%
branch  6 taken 0%
branch  7 taken 0%
      664: 6462:    case INT:
      664: 6463:        return MathLib::toString(intvalue);
call    0 returned 100%
       42: 6464:    case TOK:
       42: 6465:        return tokvalue->str();
call    0 returned 100%
call    1 returned 100%
    #####: 6466:    case FLOAT:
    #####: 6467:        return MathLib::toString(floatValue);
call    0 never executed
        8: 6468:    case MOVED:
        8: 6469:        return "<Moved>";
call    0 returned 100%
call    1 returned 100%
branch  2 taken 100% (fallthrough)
branch  3 taken 0% (throw)
call    4 returned 100%
call    5 never executed
call    6 never executed
        2: 6470:    case UNINIT:
        2: 6471:        return "<Uninit>";
call    0 returned 100%
call    1 returned 100%
branch  2 taken 100% (fallthrough)
branch  3 taken 0% (throw)
call    4 returned 100%
call    5 never executed
call    6 never executed
    #####: 6472:    case BUFFER_SIZE:
        -: 6473:    case CONTAINER_SIZE:
    #####: 6474:        return "size=" + MathLib::toString(intvalue);
call    0 never executed
call    1 never executed
branch  2 never executed
branch  3 never executed
call    4 never executed
call    5 never executed
call    6 never executed
    #####: 6475:    case LIFETIME:
    #####: 6476:        return "lifetime=" + tokvalue->str();
call    0 never executed
call    1 never executed
        -: 6477:    };
    #####: 6478:    throw InternalError(nullptr, "Invalid ValueFlow Value type");
call    0 never executed
call    1 never executed
call    2 never executed
branch  3 never executed
branch  4 never executed
call    5 never executed
branch  6 never executed
branch  7 never executed
call    8 never executed
call    9 never executed
call   10 never executed
call   11 never executed
call   12 never executed
call   13 never executed
        -: 6479:}
        -: 6480:
function _ZN9ValueFlow24valueFlowConstantFoldASTEP5TokenPK8Settings called 165 returned 100% blocks executed 100%
      165: 6481:const ValueFlow::Value *ValueFlow::valueFlowConstantFoldAST(Token *expr, const Settings *settings)
        -: 6482:{
      165: 6483:    if (expr && expr->values().empty()) {
branch  0 taken 33% (fallthrough)
branch  1 taken 67%
call    2 returned 100%
call    3 returned 100%
branch  4 taken 100% (fallthrough)
branch  5 taken 0%
branch  6 taken 33% (fallthrough)
branch  7 taken 67%
       55: 6484:        valueFlowConstantFoldAST(expr->astOperand1(), settings);
call    0 returned 100%
call    1 returned 100%
       55: 6485:        valueFlowConstantFoldAST(expr->astOperand2(), settings);
call    0 returned 100%
call    1 returned 100%
       55: 6486:        valueFlowSetConstantValue(expr, settings, true /* TODO: this is a guess */);
call    0 returned 100%
        -: 6487:    }
      165: 6488:    return expr && expr->hasKnownValue() ? &expr->values().front() : nullptr;
branch  0 taken 33% (fallthrough)
branch  1 taken 67%
call    2 returned 100%
branch  3 taken 100% (fallthrough)
branch  4 taken 0%
call    5 returned 100%
call    6 returned 100%
        -: 6489:}
        -: 6490:
function _ZL14getTotalValuesP9TokenList called 3340 returned 100% blocks executed 100%
     3340: 6491:static std::size_t getTotalValues(TokenList *tokenlist)
        -: 6492:{
     3340: 6493:    std::size_t n = 1;
   108262: 6494:    for (Token *tok = tokenlist->front(); tok; tok = tok->next())
call    0 returned 100%
branch  1 taken 97% (fallthrough)
branch  2 taken 3%
call    3 returned 100%
   104922: 6495:        n += tok->values().size();
call    0 returned 100%
call    1 returned 100%
     3340: 6496:    return n;
        -: 6497:}
        -: 6498:
function _ZN9ValueFlow9setValuesEP9TokenListP14SymbolDatabaseP11ErrorLoggerPK8Settings called 956 returned 100% blocks executed 100%
      956: 6499:void ValueFlow::setValues(TokenList *tokenlist, SymbolDatabase* symboldatabase, ErrorLogger *errorLogger, const Settings *settings)
        -: 6500:{
    29888: 6501:    for (Token *tok = tokenlist->front(); tok; tok = tok->next())
call    0 returned 100%
branch  1 taken 97% (fallthrough)
branch  2 taken 3%
call    3 returned 100%
    28932: 6502:        tok->clearValueFlow();
call    0 returned 100%
        -: 6503:
      956: 6504:    valueFlowNumber(tokenlist);
call    0 returned 100%
      956: 6505:    valueFlowString(tokenlist);
call    0 returned 100%
      956: 6506:    valueFlowArray(tokenlist);
call    0 returned 100%
      956: 6507:    valueFlowUnknownFunctionReturn(tokenlist, settings);
call    0 returned 100%
      956: 6508:    valueFlowGlobalConstVar(tokenlist, settings);
call    0 returned 100%
      956: 6509:    valueFlowGlobalStaticVar(tokenlist, settings);
call    0 returned 100%
      956: 6510:    valueFlowPointerAlias(tokenlist);
call    0 returned 100%
      956: 6511:    valueFlowLifetime(tokenlist, symboldatabase, errorLogger, settings);
call    0 returned 100%
      956: 6512:    valueFlowFunctionReturn(tokenlist, errorLogger);
call    0 returned 100%
      956: 6513:    valueFlowBitAnd(tokenlist);
call    0 returned 100%
      956: 6514:    valueFlowSameExpressions(tokenlist);
call    0 returned 100%
      956: 6515:    valueFlowFwdAnalysis(tokenlist, settings);
call    0 returned 100%
        -: 6516:
      956: 6517:    std::size_t values = 0;
      956: 6518:    std::size_t n = 4;
     3340: 6519:    while (n > 0 && values < getTotalValues(tokenlist)) {
branch  0 taken 100% (fallthrough)
branch  1 taken 0%
call    2 returned 100%
branch  3 taken 55% (fallthrough)
branch  4 taken 45%
branch  5 taken 55% (fallthrough)
branch  6 taken 45%
     1192: 6520:        values = getTotalValues(tokenlist);
call    0 returned 100%
     1192: 6521:        valueFlowPointerAliasDeref(tokenlist);
call    0 returned 100%
     1192: 6522:        valueFlowArrayBool(tokenlist);
call    0 returned 100%
     1192: 6523:        valueFlowRightShift(tokenlist, settings);
call    0 returned 100%
     1192: 6524:        valueFlowOppositeCondition(symboldatabase, settings);
call    0 returned 100%
     1192: 6525:        valueFlowTerminatingCondition(tokenlist, symboldatabase, errorLogger, settings);
call    0 returned 100%
     1192: 6526:        valueFlowBeforeCondition(tokenlist, symboldatabase, errorLogger, settings);
call    0 returned 100%
     1192: 6527:        valueFlowAfterMove(tokenlist, symboldatabase, errorLogger, settings);
call    0 returned 100%
     1192: 6528:        valueFlowAfterAssign(tokenlist, symboldatabase, errorLogger, settings);
call    0 returned 100%
     1192: 6529:        valueFlowAfterCondition(tokenlist, symboldatabase, errorLogger, settings);
call    0 returned 100%
     1192: 6530:        valueFlowInferCondition(tokenlist, settings);
call    0 returned 100%
     1192: 6531:        valueFlowSwitchVariable(tokenlist, symboldatabase, errorLogger, settings);
call    0 returned 100%
     1192: 6532:        valueFlowForLoop(tokenlist, symboldatabase, errorLogger, settings);
call    0 returned 100%
     1192: 6533:        valueFlowSubFunction(tokenlist, errorLogger, settings);
call    0 returned 100%
     1192: 6534:        valueFlowFunctionDefaultParameter(tokenlist, symboldatabase, errorLogger, settings);
call    0 returned 100%
     1192: 6535:        valueFlowUninit(tokenlist, symboldatabase, errorLogger, settings);
call    0 returned 100%
     1192: 6536:        if (tokenlist->isCPP()) {
call    0 returned 100%
branch  1 taken 98% (fallthrough)
branch  2 taken 2%
     1166: 6537:            valueFlowSmartPointer(tokenlist, errorLogger, settings);
call    0 returned 100%
     1166: 6538:            valueFlowContainerSize(tokenlist, symboldatabase, errorLogger, settings);
call    0 returned 100%
     1166: 6539:            valueFlowContainerAfterCondition(tokenlist, symboldatabase, errorLogger, settings);
call    0 returned 100%
        -: 6540:        }
     1192: 6541:        valueFlowSafeFunctions(tokenlist, symboldatabase, errorLogger, settings);
call    0 returned 100%
     1192: 6542:        n--;
        -: 6543:    }
        -: 6544:
      956: 6545:    valueFlowDynamicBufferSize(tokenlist, symboldatabase, errorLogger, settings);
call    0 returned 100%
      956: 6546:}
        -: 6547:
        -: 6548:
function _ZN9ValueFlow29eitherTheConditionIsRedundantB5cxx11EPK5Token called 5 returned 100% blocks executed 25%
        5: 6549:std::string ValueFlow::eitherTheConditionIsRedundant(const Token *condition)
        -: 6550:{
        5: 6551:    if (!condition)
branch  0 taken 0% (fallthrough)
branch  1 taken 100%
    #####: 6552:        return "Either the condition is redundant";
call    0 never executed
call    1 never executed
branch  2 never executed
branch  3 never executed
call    4 never executed
call    5 never executed
call    6 never executed
        5: 6553:    if (condition->str() == "case") {
call    0 returned 100%
call    1 returned 100%
branch  2 taken 0% (fallthrough)
branch  3 taken 100%
    #####: 6554:        std::string expr;
call    0 never executed
call    1 never executed
call    2 never executed
call    3 never executed
    #####: 6555:        for (const Token *tok = condition; tok && tok->str() != ":"; tok = tok->next()) {
branch  0 never executed
branch  1 never executed
call    2 never executed
call    3 never executed
branch  4 never executed
branch  5 never executed
branch  6 never executed
branch  7 never executed
call    8 never executed
    #####: 6556:            expr += tok->str();
call    0 never executed
call    1 never executed
branch  2 never executed
branch  3 never executed
    #####: 6557:            if (Token::Match(tok, "%name%|%num% %name%|%num%"))
call    0 never executed
branch  1 never executed
branch  2 never executed
branch  3 never executed
branch  4 never executed
    #####: 6558:                expr += ' ';
call    0 never executed
branch  1 never executed
branch  2 never executed
        -: 6559:        }
    #####: 6560:        return "Either the switch case '" + expr + "' is redundant";
call    0 never executed
branch  1 never executed
branch  2 never executed
call    3 never executed
branch  4 never executed
branch  5 never executed
call    6 never executed
call    7 never executed
        -: 6561:    }
        5: 6562:    return "Either the condition '" + condition->expressionString() + "' is redundant";
call    0 returned 100%
call    1 returned 100%
branch  2 taken 100% (fallthrough)
branch  3 taken 0% (throw)
call    4 returned 100%
branch  5 taken 100% (fallthrough)
branch  6 taken 0% (throw)
call    7 returned 100%
call    8 returned 100%
call    9 never executed
call   10 never executed
function _GLOBAL__sub_I__Z12lifetimeTypeB5cxx11PK5TokenPKN9ValueFlow5ValueE called 1 returned 100% blocks executed 100%
function _Z41__static_initialization_and_destruction_0ii called 1 returned 100% blocks executed 100%
        3: 6563:}
call    0 returned 100%
branch  1 taken 100% (fallthrough)
branch  2 taken 0%
branch  3 taken 100% (fallthrough)
branch  4 taken 0%
