        -:    0:Source:/home/workspace/lib/astutils.cpp
        -:    0:Graph:/home/workspace/build/lib/CMakeFiles/lib_objs.dir/astutils.gcno
        -:    0:Data:/home/workspace/build/lib/CMakeFiles/lib_objs.dir/astutils.gcda
        -:    0:Runs:1
        -:    0:Programs:1
        -:    1:/*
        -:    2: * Cppcheck - A tool for static C/C++ code analysis
        -:    3: * Copyright (C) 2007-2019 Cppcheck team.
        -:    4: *
        -:    5: * This program is free software: you can redistribute it and/or modify
        -:    6: * it under the terms of the GNU General Public License as published by
        -:    7: * the Free Software Foundation, either version 3 of the License, or
        -:    8: * (at your option) any later version.
        -:    9: *
        -:   10: * This program is distributed in the hope that it will be useful,
        -:   11: * but WITHOUT ANY WARRANTY; without even the implied warranty of
        -:   12: * MERCHANTABILITY or FITNESS FOR A PARTICULAR PURPOSE.  See the
        -:   13: * GNU General Public License for more details.
        -:   14: *
        -:   15: * You should have received a copy of the GNU General Public License
        -:   16: * along with this program.  If not, see <http://www.gnu.org/licenses/>.
        -:   17: */
        -:   18:
        -:   19:
        -:   20://---------------------------------------------------------------------------
        -:   21:#include "astutils.h"
        -:   22:
        -:   23:#include "library.h"
        -:   24:#include "mathlib.h"
        -:   25:#include "settings.h"
        -:   26:#include "symboldatabase.h"
        -:   27:#include "token.h"
        -:   28:#include "valueflow.h"
        -:   29:
        -:   30:#include <iterator>
        -:   31:#include <list>
        -:   32:#include <stack>
        -:   33:
        -:   34:
function _Z13visitAstNodesPK5TokenSt8functionIF15ChildrenToVisitS1_EE called 4937 returned 100% blocks executed 86%
     4937:   35:void visitAstNodes(const Token *ast, std::function<ChildrenToVisit(const Token *)> visitor)
        -:   36:{
     9874:   37:    std::stack<const Token *> tokens;
call    0 returned 100%
branch  1 taken 100% (fallthrough)
branch  2 taken 0% (throw)
call    3 returned 100%
call    4 never executed
     4937:   38:    tokens.push(ast);
call    0 returned 100%
branch  1 taken 100% (fallthrough)
branch  2 taken 0% (throw)
    50359:   39:    while (!tokens.empty()) {
call    0 returned 100%
branch  1 taken 83% (fallthrough)
branch  2 taken 17%
    22942:   40:        const Token *tok = tokens.top();
call    0 returned 100%
branch  1 taken 100% (fallthrough)
branch  2 taken 0% (throw)
    22942:   41:        tokens.pop();
call    0 returned 100%
branch  1 taken 100% (fallthrough)
branch  2 taken 0% (throw)
    22942:   42:        if (!tok)
branch  0 taken 51% (fallthrough)
branch  1 taken 49%
    11742:   43:            continue;
        -:   44:
    11200:   45:        ChildrenToVisit c = visitor(tok);
call    0 returned 100%
branch  1 taken 100% (fallthrough)
branch  2 taken 0% (throw)
        -:   46:
    11200:   47:        if (c == ChildrenToVisit::done)
branch  0 taken 2% (fallthrough)
branch  1 taken 98%
      231:   48:            break;
    10969:   49:        if (c == ChildrenToVisit::op1 || c == ChildrenToVisit::op1_and_op2)
branch  0 taken 99% (fallthrough)
branch  1 taken 1%
branch  2 taken 82% (fallthrough)
branch  3 taken 18%
     9028:   50:            tokens.push(tok->astOperand1());
call    0 returned 100%
call    1 returned 100%
branch  2 taken 100% (fallthrough)
branch  3 taken 0% (throw)
    10969:   51:        if (c == ChildrenToVisit::op2 || c == ChildrenToVisit::op1_and_op2)
branch  0 taken 100% (fallthrough)
branch  1 taken 0%
branch  2 taken 82% (fallthrough)
branch  3 taken 18%
     8983:   52:            tokens.push(tok->astOperand2());
call    0 returned 100%
call    1 returned 100%
branch  2 taken 100% (fallthrough)
branch  3 taken 0% (throw)
        -:   53:    }
     4937:   54:}
        -:   55:
function _ZL19astFlattenRecursivePK5TokenPNSt7__debug6vectorIS1_SaIS1_EEEPKci called 5415 returned 100% blocks executed 100%
     5415:   56:static void astFlattenRecursive(const Token *tok, std::vector<const Token *> *result, const char* op, nonneg int depth = 0)
        -:   57:{
     5415:   58:    ++depth;
     5415:   59:    if (!tok || depth >= 100)
branch  0 taken 64% (fallthrough)
branch  1 taken 36%
branch  2 taken 0% (fallthrough)
branch  3 taken 100%
     1937:   60:        return;
     3478:   61:    if (tok->str() == op) {
call    0 returned 100%
call    1 returned 100%
branch  2 taken 18% (fallthrough)
branch  3 taken 82%
      630:   62:        astFlattenRecursive(tok->astOperand1(), result, op, depth);
call    0 returned 100%
call    1 returned 100%
      630:   63:        astFlattenRecursive(tok->astOperand2(), result, op, depth);
call    0 returned 100%
call    1 returned 100%
        -:   64:    } else {
     2848:   65:        result->push_back(tok);
call    0 returned 100%
        -:   66:    }
        -:   67:}
        -:   68:
function _Z10astFlattenPK5TokenPKc called 4155 returned 100% blocks executed 83%
     4155:   69:std::vector<const Token*> astFlatten(const Token* tok, const char* op)
        -:   70:{
     4155:   71:    std::vector<const Token*> result;
call    0 returned 100%
     4155:   72:    astFlattenRecursive(tok, &result, op);
call    0 returned 100%
branch  1 taken 100% (fallthrough)
branch  2 taken 0% (throw)
     4155:   73:    return result;
call    0 never executed
        -:   74:}
        -:   75:
        -:   76:
function _Z11astHasTokenPK5TokenS1_ called 0 returned 0% blocks executed 0%
    #####:   77:bool astHasToken(const Token* root, const Token * tok)
        -:   78:{
    #####:   79:    if (!root)
branch  0 never executed
branch  1 never executed
    #####:   80:        return false;
    #####:   81:    if (root == tok)
branch  0 never executed
branch  1 never executed
    #####:   82:        return true;
    #####:   83:    return astHasToken(root->astOperand1(), tok) || astHasToken(root->astOperand2(), tok);
call    0 never executed
call    1 never executed
branch  2 never executed
branch  3 never executed
call    4 never executed
call    5 never executed
branch  6 never executed
branch  7 never executed
        -:   84:}
        -:   85:
function _Z9astHasVarPK5Tokeni called 558 returned 100% blocks executed 93%
      558:   86:bool astHasVar(const Token * tok, nonneg int varid)
        -:   87:{
      558:   88:    if (!tok)
branch  0 taken 66% (fallthrough)
branch  1 taken 34%
      368:   89:        return false;
      190:   90:    if (tok->varId() == varid)
call    0 returned 100%
branch  1 taken 2% (fallthrough)
branch  2 taken 98%
        3:   91:        return true;
      187:   92:    return astHasVar(tok->astOperand1(), varid) || astHasVar(tok->astOperand2(), varid);
call    0 returned 100%
call    1 returned 100%
branch  2 taken 100% (fallthrough)
branch  3 taken 0%
call    4 returned 100%
call    5 returned 100%
branch  6 taken 0% (fallthrough)
branch  7 taken 100%
        -:   93:}
        -:   94:
function _ZL17astIsCharWithSignPK5TokenN9ValueType4SignE called 202 returned 100% blocks executed 67%
      202:   95:static bool astIsCharWithSign(const Token *tok, ValueType::Sign sign)
        -:   96:{
      202:   97:    if (!tok)
branch  0 taken 0% (fallthrough)
branch  1 taken 100%
    #####:   98:        return false;
      202:   99:    const ValueType *valueType = tok->valueType();
call    0 returned 100%
      202:  100:    if (!valueType)
branch  0 taken 28% (fallthrough)
branch  1 taken 72%
       56:  101:        return false;
      146:  102:    return valueType->type == ValueType::Type::CHAR && valueType->pointer == 0U && valueType->sign == sign;
branch  0 taken 0% (fallthrough)
branch  1 taken 100%
branch  2 never executed
branch  3 never executed
branch  4 never executed
branch  5 never executed
        -:  103:}
        -:  104:
function _Z15astIsSignedCharPK5Token called 138 returned 100% blocks executed 100%
      138:  105:bool astIsSignedChar(const Token *tok)
        -:  106:{
      138:  107:    return astIsCharWithSign(tok, ValueType::Sign::SIGNED);
call    0 returned 100%
        -:  108:}
        -:  109:
function _Z20astIsUnknownSignCharPK5Token called 64 returned 100% blocks executed 100%
       64:  110:bool astIsUnknownSignChar(const Token *tok)
        -:  111:{
       64:  112:    return astIsCharWithSign(tok, ValueType::Sign::UNKNOWN_SIGN);
call    0 returned 100%
        -:  113:}
        -:  114:
function _Z13astIsIntegralPK5Tokenb called 6552 returned 100% blocks executed 92%
     6552:  115:bool astIsIntegral(const Token *tok, bool unknown)
        -:  116:{
     6552:  117:    const ValueType *vt = tok ? tok->valueType() : nullptr;
branch  0 taken 100% (fallthrough)
branch  1 taken 0%
call    2 returned 100%
     6552:  118:    if (!vt)
branch  0 taken 60% (fallthrough)
branch  1 taken 40%
     3953:  119:        return unknown;
     2599:  120:    return vt->isIntegral() && vt->pointer == 0U;
call    0 returned 100%
branch  1 taken 71% (fallthrough)
branch  2 taken 29%
branch  3 taken 78% (fallthrough)
branch  4 taken 22%
        -:  121:}
        -:  122:
function _Z10astIsFloatPK5Tokenb called 245 returned 100% blocks executed 91%
      245:  123:bool astIsFloat(const Token *tok, bool unknown)
        -:  124:{
      245:  125:    const ValueType *vt = tok ? tok->valueType() : nullptr;
branch  0 taken 100% (fallthrough)
branch  1 taken 0%
call    2 returned 100%
      245:  126:    if (!vt)
branch  0 taken 29% (fallthrough)
branch  1 taken 71%
       72:  127:        return unknown;
      173:  128:    return vt->type >= ValueType::Type::FLOAT && vt->pointer == 0U;
branch  0 taken 8% (fallthrough)
branch  1 taken 92%
branch  2 taken 100% (fallthrough)
branch  3 taken 0%
        -:  129:}
        -:  130:
function _Z9astIsBoolPK5Token called 118 returned 100% blocks executed 92%
      118:  131:bool astIsBool(const Token *tok)
        -:  132:{
      118:  133:    return tok && (tok->isBoolean() || (tok->valueType() && tok->valueType()->type == ValueType::Type::BOOL && !tok->valueType()->pointer));
branch  0 taken 100% (fallthrough)
branch  1 taken 0%
call    2 returned 100%
branch  3 taken 100% (fallthrough)
branch  4 taken 0%
call    5 returned 100%
branch  6 taken 76% (fallthrough)
branch  7 taken 24%
call    8 returned 100%
branch  9 taken 1% (fallthrough)
branch 10 taken 99%
call   11 returned 100%
branch 12 taken 0% (fallthrough)
branch 13 taken 100%
        -:  134:}
        -:  135:
function _Z12astIsPointerPK5Token called 991 returned 100% blocks executed 100%
      991:  136:bool astIsPointer(const Token *tok)
        -:  137:{
      991:  138:    return tok && tok->valueType() && tok->valueType()->pointer;
branch  0 taken 88% (fallthrough)
branch  1 taken 12%
call    2 returned 100%
branch  3 taken 81% (fallthrough)
branch  4 taken 19%
call    5 returned 100%
branch  6 taken 51% (fallthrough)
branch  7 taken 49%
        -:  139:}
        -:  140:
function _Z17astIsSmartPointerPK5Token called 0 returned 0% blocks executed 0%
    #####:  141:bool astIsSmartPointer(const Token* tok)
        -:  142:{
    #####:  143:    return tok && tok->valueType() && tok->valueType()->smartPointerTypeToken;
branch  0 never executed
branch  1 never executed
call    2 never executed
branch  3 never executed
branch  4 never executed
call    5 never executed
branch  6 never executed
branch  7 never executed
        -:  144:}
        -:  145:
function _Z13astIsIteratorPK5Token called 5 returned 100% blocks executed 89%
        5:  146:bool astIsIterator(const Token *tok)
        -:  147:{
        5:  148:    return tok && tok->valueType() && tok->valueType()->type == ValueType::Type::ITERATOR;
branch  0 taken 100% (fallthrough)
branch  1 taken 0%
call    2 returned 100%
branch  3 taken 100% (fallthrough)
branch  4 taken 0%
call    5 returned 100%
branch  6 taken 0% (fallthrough)
branch  7 taken 100%
        -:  149:}
        -:  150:
function _Z14astIsContainerPK5Token called 21144 returned 100% blocks executed 100%
    21144:  151:bool astIsContainer(const Token *tok)
        -:  152:{
    21144:  153:    return getLibraryContainer(tok) != nullptr && tok->valueType()->type != ValueType::Type::ITERATOR;
call    0 returned 100%
branch  1 taken 1% (fallthrough)
branch  2 taken 99%
call    3 returned 100%
branch  4 taken 100% (fallthrough)
branch  5 taken 0%
        -:  154:}
        -:  155:
function _Z16astCanonicalTypeB5cxx11PK5Token called 540 returned 100% blocks executed 70%
      540:  156:std::string astCanonicalType(const Token *expr)
        -:  157:{
      540:  158:    if (!expr)
branch  0 taken 0% (fallthrough)
branch  1 taken 100%
    #####:  159:        return "";
call    0 never executed
call    1 never executed
branch  2 never executed
branch  3 never executed
call    4 never executed
call    5 never executed
call    6 never executed
      540:  160:    if (expr->variable()) {
call    0 returned 100%
branch  1 taken 64% (fallthrough)
branch  2 taken 36%
      346:  161:        const Variable *var = expr->variable();
call    0 returned 100%
      692:  162:        std::string ret;
call    0 returned 100%
call    1 returned 100%
call    2 never executed
call    3 never executed
      802:  163:        for (const Token *type = var->typeStartToken(); Token::Match(type,"%name%|::") && type != var->nameToken(); type = type->next()) {
call    0 returned 100%
call    1 returned 100%
branch  2 taken 100% (fallthrough)
branch  3 taken 0% (throw)
branch  4 taken 81% (fallthrough)
branch  5 taken 19%
call    6 returned 100%
branch  7 taken 70% (fallthrough)
branch  8 taken 30%
branch  9 taken 57% (fallthrough)
branch 10 taken 43%
call   11 returned 100%
      456:  164:            if (!Token::Match(type, "const|static"))
call    0 returned 100%
branch  1 taken 100% (fallthrough)
branch  2 taken 0% (throw)
branch  3 taken 100% (fallthrough)
branch  4 taken 0%
      456:  165:                ret += type->str();
call    0 returned 100%
call    1 returned 100%
branch  2 taken 100% (fallthrough)
branch  3 taken 0% (throw)
        -:  166:        }
      346:  167:        return ret;
call    0 returned 100%
        -:  168:
        -:  169:    }
        -:  170:    // TODO: handle expressions
      194:  171:    return "";
call    0 returned 100%
call    1 returned 100%
branch  2 taken 100% (fallthrough)
branch  3 taken 0% (throw)
call    4 returned 100%
call    5 never executed
        -:  172:}
        -:  173:
function _ZL5matchPK5TokenRKNSt7__cxx1112basic_stringIcSt11char_traitsIcESaIcEEE called 0 returned 0% blocks executed 0%
    #####:  174:static bool match(const Token *tok, const std::string &rhs)
        -:  175:{
    #####:  176:    if (tok->str() == rhs)
call    0 never executed
call    1 never executed
branch  2 never executed
branch  3 never executed
    #####:  177:        return true;
    #####:  178:    if (!tok->varId() && tok->hasKnownIntValue() && MathLib::toString(tok->values().front().intvalue) == rhs)
call    0 never executed
branch  1 never executed
branch  2 never executed
call    3 never executed
branch  4 never executed
branch  5 never executed
branch  6 never executed
branch  7 never executed
call    8 never executed
call    9 never executed
call   10 never executed
branch 11 never executed
branch 12 never executed
call   13 never executed
branch 14 never executed
branch 15 never executed
branch 16 never executed
branch 17 never executed
call   18 never executed
branch 19 never executed
branch 20 never executed
branch 21 never executed
branch 22 never executed
call   23 never executed
    #####:  179:        return true;
    #####:  180:    return false;
        -:  181:}
        -:  182:
function _Z23astIsVariableComparisonPK5TokenRKNSt7__cxx1112basic_stringIcSt11char_traitsIcESaIcEEES9_PS1_ called 0 returned 0% blocks executed 0%
    #####:  183:const Token * astIsVariableComparison(const Token *tok, const std::string &comp, const std::string &rhs, const Token **vartok)
        -:  184:{
    #####:  185:    if (!tok)
branch  0 never executed
branch  1 never executed
    #####:  186:        return nullptr;
        -:  187:
    #####:  188:    const Token *ret = nullptr;
    #####:  189:    if (tok->isComparisonOp()) {
call    0 never executed
branch  1 never executed
branch  2 never executed
    #####:  190:        if (tok->astOperand1() && match(tok->astOperand1(), rhs)) {
call    0 never executed
branch  1 never executed
branch  2 never executed
call    3 never executed
call    4 never executed
branch  5 never executed
branch  6 never executed
branch  7 never executed
branch  8 never executed
branch  9 never executed
branch 10 never executed
        -:  191:            // Invert comparator
    #####:  192:            std::string s = tok->str();
call    0 never executed
call    1 never executed
branch  2 never executed
branch  3 never executed
call    4 never executed
call    5 never executed
    #####:  193:            if (s[0] == '>')
call    0 never executed
branch  1 never executed
branch  2 never executed
branch  3 never executed
branch  4 never executed
    #####:  194:                s[0] = '<';
call    0 never executed
branch  1 never executed
branch  2 never executed
    #####:  195:            else if (s[0] == '<')
call    0 never executed
branch  1 never executed
branch  2 never executed
branch  3 never executed
branch  4 never executed
    #####:  196:                s[0] = '>';
call    0 never executed
branch  1 never executed
branch  2 never executed
    #####:  197:            if (s == comp) {
call    0 never executed
branch  1 never executed
branch  2 never executed
    #####:  198:                ret = tok->astOperand2();
call    0 never executed
        -:  199:            }
    #####:  200:        } else if (tok->str() == comp && tok->astOperand2() && match(tok->astOperand2(), rhs)) {
call    0 never executed
call    1 never executed
branch  2 never executed
branch  3 never executed
call    4 never executed
branch  5 never executed
branch  6 never executed
call    7 never executed
call    8 never executed
branch  9 never executed
branch 10 never executed
branch 11 never executed
branch 12 never executed
branch 13 never executed
branch 14 never executed
    #####:  201:            ret = tok->astOperand1();
call    0 never executed
        -:  202:        }
    #####:  203:    } else if (comp == "!=" && rhs == std::string("0")) {
call    0 never executed
branch  1 never executed
branch  2 never executed
call    3 never executed
call    4 never executed
branch  5 never executed
branch  6 never executed
call    7 never executed
branch  8 never executed
branch  9 never executed
branch 10 never executed
branch 11 never executed
call   12 never executed
branch 13 never executed
branch 14 never executed
call   15 never executed
branch 16 never executed
branch 17 never executed
branch 18 never executed
branch 19 never executed
call   20 never executed
branch 21 never executed
branch 22 never executed
call   23 never executed
    #####:  204:        ret = tok;
    #####:  205:    } else if (comp == "==" && rhs == std::string("0")) {
call    0 never executed
branch  1 never executed
branch  2 never executed
call    3 never executed
call    4 never executed
branch  5 never executed
branch  6 never executed
call    7 never executed
branch  8 never executed
branch  9 never executed
branch 10 never executed
branch 11 never executed
call   12 never executed
branch 13 never executed
branch 14 never executed
call   15 never executed
branch 16 never executed
branch 17 never executed
branch 18 never executed
branch 19 never executed
call   20 never executed
branch 21 never executed
branch 22 never executed
call   23 never executed
    #####:  206:        if (tok->str() == "!") {
call    0 never executed
call    1 never executed
branch  2 never executed
branch  3 never executed
    #####:  207:            ret = tok->astOperand1();
call    0 never executed
        -:  208:            // handle (!(x!=0)) as (x==0)
    #####:  209:            astIsVariableComparison(ret, "!=", "0", &ret);
call    0 never executed
call    1 never executed
branch  2 never executed
branch  3 never executed
call    4 never executed
call    5 never executed
branch  6 never executed
branch  7 never executed
call    8 never executed
branch  9 never executed
branch 10 never executed
call   11 never executed
call   12 never executed
call   13 never executed
call   14 never executed
call   15 never executed
call   16 never executed
call   17 never executed
call   18 never executed
        -:  210:        }
        -:  211:    }
    #####:  212:    while (ret && ret->str() == ".")
branch  0 never executed
branch  1 never executed
call    2 never executed
call    3 never executed
branch  4 never executed
branch  5 never executed
branch  6 never executed
branch  7 never executed
    #####:  213:        ret = ret->astOperand2();
call    0 never executed
    #####:  214:    if (ret && ret->str() == "=" && ret->astOperand1() && ret->astOperand1()->varId())
branch  0 never executed
branch  1 never executed
call    2 never executed
call    3 never executed
branch  4 never executed
branch  5 never executed
call    6 never executed
branch  7 never executed
branch  8 never executed
call    9 never executed
call   10 never executed
branch 11 never executed
branch 12 never executed
branch 13 never executed
branch 14 never executed
    #####:  215:        ret = ret->astOperand1();
call    0 never executed
    #####:  216:    else if (ret && ret->varId() == 0U)
branch  0 never executed
branch  1 never executed
call    2 never executed
branch  3 never executed
branch  4 never executed
branch  5 never executed
branch  6 never executed
    #####:  217:        ret = nullptr;
    #####:  218:    if (vartok)
branch  0 never executed
branch  1 never executed
    #####:  219:        *vartok = ret;
    #####:  220:    return ret;
        -:  221:}
        -:  222:
function _Z11isTemporarybPK5Token called 8 returned 100% blocks executed 54%
        8:  223:bool isTemporary(bool cpp, const Token* tok)
        -:  224:{
        8:  225:    if (!tok)
branch  0 taken 0% (fallthrough)
branch  1 taken 100%
    #####:  226:        return false;
        8:  227:    if (Token::simpleMatch(tok, "."))
call    0 returned 100%
branch  1 taken 0% (fallthrough)
branch  2 taken 100%
    #####:  228:        return (tok->originalName() != "->" && isTemporary(cpp, tok->astOperand1())) ||
call    0 never executed
call    1 never executed
branch  2 never executed
branch  3 never executed
call    4 never executed
call    5 never executed
branch  6 never executed
branch  7 never executed
branch  8 never executed
branch  9 never executed
    #####:  229:               isTemporary(cpp, tok->astOperand2());
call    0 never executed
call    1 never executed
        8:  230:    if (Token::Match(tok, ",|::"))
call    0 returned 100%
branch  1 taken 0% (fallthrough)
branch  2 taken 100%
    #####:  231:        return isTemporary(cpp, tok->astOperand2());
call    0 never executed
call    1 never executed
        8:  232:    if (tok->isCast() || (cpp && isCPPCast(tok)))
call    0 returned 100%
branch  1 taken 100% (fallthrough)
branch  2 taken 0%
branch  3 taken 100% (fallthrough)
branch  4 taken 0%
call    5 returned 100%
branch  6 taken 0% (fallthrough)
branch  7 taken 100%
branch  8 taken 0% (fallthrough)
branch  9 taken 100%
    #####:  233:        return isTemporary(cpp, tok->astOperand2());
call    0 never executed
call    1 never executed
        8:  234:    if (Token::Match(tok, "?|.|[|++|--|%name%|%assign%"))
call    0 returned 100%
branch  1 taken 25% (fallthrough)
branch  2 taken 75%
        2:  235:        return false;
        6:  236:    if (tok->isUnaryOp("*"))
call    0 returned 100%
call    1 returned 100%
branch  2 taken 100% (fallthrough)
branch  3 taken 0% (throw)
call    4 returned 100%
branch  5 taken 100% (fallthrough)
branch  6 taken 0% (throw)
call    7 returned 100%
call    8 returned 100%
branch  9 taken 0% (fallthrough)
branch 10 taken 100%
call   11 never executed
call   12 never executed
    #####:  237:        return false;
        6:  238:    if (Token::Match(tok, "&|<<|>>") && isLikelyStream(cpp, tok->astOperand1()))
call    0 returned 100%
branch  1 taken 0% (fallthrough)
branch  2 taken 100%
call    3 never executed
call    4 never executed
branch  5 never executed
branch  6 never executed
branch  7 taken 0% (fallthrough)
branch  8 taken 100%
    #####:  239:        return false;
        6:  240:    if (Token::Match(tok->previous(), "%name% ("))
call    0 returned 100%
call    1 returned 100%
branch  2 taken 100% (fallthrough)
branch  3 taken 0%
        6:  241:        return tok->previous()->function() && !Function::returnsReference(tok->previous()->function(), true);
call    0 returned 100%
call    1 returned 100%
branch  2 taken 100% (fallthrough)
branch  3 taken 0%
call    4 returned 100%
call    5 returned 100%
call    6 returned 100%
branch  7 taken 0% (fallthrough)
branch  8 taken 100%
    #####:  242:    return true;
        -:  243:}
        -:  244:
function _ZL14isFunctionCallPK5Token called 37 returned 100% blocks executed 85%
       37:  245:static bool isFunctionCall(const Token* tok)
        -:  246:{
       37:  247:    if (Token::Match(tok, "%name% ("))
call    0 returned 100%
branch  1 taken 95% (fallthrough)
branch  2 taken 5%
       35:  248:        return true;
        2:  249:    if (Token::Match(tok, "%name% <") && Token::simpleMatch(tok->next()->link(), "> ("))
call    0 returned 100%
branch  1 taken 50% (fallthrough)
branch  2 taken 50%
call    3 returned 100%
call    4 returned 100%
call    5 returned 100%
branch  6 taken 100% (fallthrough)
branch  7 taken 0%
branch  8 taken 50% (fallthrough)
branch  9 taken 50%
        1:  250:        return true;
        1:  251:    if (Token::Match(tok, "%name% ::"))
call    0 returned 100%
branch  1 taken 0% (fallthrough)
branch  2 taken 100%
    #####:  252:        return isFunctionCall(tok->tokAt(2));
call    0 never executed
call    1 never executed
        1:  253:    return false;
        -:  254:}
        -:  255:
function _ZL8hasTokenPK5TokenS1_S1_ called 1110 returned 100% blocks executed 100%
     1110:  256:static bool hasToken(const Token * startTok, const Token * stopTok, const Token * tok)
        -:  257:{
     2288:  258:    for (const Token * tok2 = startTok; tok2 != stopTok; tok2 = tok2->next()) {
branch  0 taken 85% (fallthrough)
branch  1 taken 15%
call    2 returned 100%
     1946:  259:        if (tok2 == tok)
branch  0 taken 39% (fallthrough)
branch  1 taken 61%
      768:  260:            return true;
        -:  261:    }
      342:  262:    return false;
        -:  263:}
        -:  264:
function _Z25nextAfterAstRightmostLeafPK5Token called 11860 returned 100% blocks executed 100%
    11860:  265:const Token * nextAfterAstRightmostLeaf(const Token * tok)
        -:  266:{
    11860:  267:    const Token * rightmostLeaf = tok;
    11860:  268:    if (!rightmostLeaf || !rightmostLeaf->astOperand1())
branch  0 taken 100% (fallthrough)
branch  1 taken 0%
call    2 returned 100%
branch  3 taken 74% (fallthrough)
branch  4 taken 26%
branch  5 taken 74% (fallthrough)
branch  6 taken 26%
     8744:  269:        return nullptr;
     1794:  270:    do {
     4910:  271:        if (rightmostLeaf->astOperand2())
call    0 returned 100%
branch  1 taken 77% (fallthrough)
branch  2 taken 23%
     3803:  272:            rightmostLeaf = rightmostLeaf->astOperand2();
call    0 returned 100%
        -:  273:        else
     1107:  274:            rightmostLeaf = rightmostLeaf->astOperand1();
call    0 returned 100%
     4910:  275:    } while (rightmostLeaf->astOperand1());
call    0 returned 100%
branch  1 taken 37% (fallthrough)
branch  2 taken 63%
      342:  276:    while (Token::Match(rightmostLeaf->next(), "]|)") && !hasToken(rightmostLeaf->next()->link(), rightmostLeaf->next(), tok))
call    0 returned 100%
call    1 returned 100%
branch  2 taken 32% (fallthrough)
branch  3 taken 68%
call    4 returned 100%
call    5 returned 100%
call    6 returned 100%
call    7 returned 100%
branch  8 taken 31% (fallthrough)
branch  9 taken 69%
branch 10 taken 10% (fallthrough)
branch 11 taken 90%
      342:  277:        rightmostLeaf = rightmostLeaf->next();
call    0 returned 100%
     3116:  278:    if (rightmostLeaf->str() == "{" && rightmostLeaf->link())
call    0 returned 100%
call    1 returned 100%
branch  2 taken 1% (fallthrough)
branch  3 taken 99%
call    4 returned 100%
branch  5 taken 100% (fallthrough)
branch  6 taken 0%
branch  7 taken 1% (fallthrough)
branch  8 taken 99%
       15:  279:        rightmostLeaf = rightmostLeaf->link();
call    0 returned 100%
     3116:  280:    return rightmostLeaf->next();
call    0 returned 100%
        -:  281:}
        -:  282:
function _Z19astParentSkipParensPK5Token called 0 returned 0% blocks executed 0%
    #####:  283:const Token* astParentSkipParens(const Token* tok)
        -:  284:{
    #####:  285:    return astParentSkipParens(const_cast<Token*>(tok));
call    0 never executed
        -:  286:}
function _Z19astParentSkipParensP5Token called 133 returned 100% blocks executed 92%
      133:  287:Token* astParentSkipParens(Token* tok)
        -:  288:{
      133:  289:    if (!tok)
branch  0 taken 0% (fallthrough)
branch  1 taken 100%
    #####:  290:        return nullptr;
      133:  291:    Token * parent = tok->astParent();
call    0 returned 100%
      133:  292:    if (!Token::simpleMatch(parent, "("))
call    0 returned 100%
branch  1 taken 90% (fallthrough)
branch  2 taken 10%
      120:  293:        return parent;
       13:  294:    if (parent->link() != nextAfterAstRightmostLeaf(tok))
call    0 returned 100%
call    1 returned 100%
branch  2 taken 69% (fallthrough)
branch  3 taken 31%
        9:  295:        return parent;
        4:  296:    return astParentSkipParens(parent);
call    0 returned 100%
        -:  297:}
        -:  298:
function _ZL25getVariableInitExpressionPK8Variable called 1619 returned 100% blocks executed 100%
     1619:  299:static const Token * getVariableInitExpression(const Variable * var)
        -:  300:{
     1619:  301:    if (!var || !var->declEndToken())
branch  0 taken 37% (fallthrough)
branch  1 taken 63%
call    2 returned 100%
branch  3 taken 0% (fallthrough)
branch  4 taken 100%
branch  5 taken 63% (fallthrough)
branch  6 taken 37%
     1019:  302:        return nullptr;
      600:  303:    if (Token::Match(var->declEndToken(), "; %varid% =", var->declarationId()))
call    0 returned 100%
call    1 returned 100%
call    2 returned 100%
branch  3 taken 23% (fallthrough)
branch  4 taken 77%
      139:  304:        return var->declEndToken()->tokAt(2)->astOperand2();
call    0 returned 100%
call    1 returned 100%
call    2 returned 100%
      461:  305:    return var->declEndToken()->astOperand2();
call    0 returned 100%
call    1 returned 100%
        -:  306:}
        -:  307:
function _ZL17isInLoopConditionPK5Token called 350 returned 100% blocks executed 100%
      350:  308:static bool isInLoopCondition(const Token * tok)
        -:  309:{
      350:  310:    return Token::Match(tok->astTop()->previous(), "for|while (");
call    0 returned 100%
call    1 returned 100%
call    2 returned 100%
        -:  311:}
        -:  312:
        -:  313:/// If tok2 comes after tok1
function _Z8precedesPK5TokenS1_ called 8910 returned 100% blocks executed 88%
     8910:  314:bool precedes(const Token * tok1, const Token * tok2)
        -:  315:{
     8910:  316:    if (!tok1)
branch  0 taken 0% (fallthrough)
branch  1 taken 100%
    #####:  317:        return false;
     8910:  318:    if (!tok2)
branch  0 taken 1% (fallthrough)
branch  1 taken 99%
        1:  319:        return false;
     8909:  320:    return tok1->index() < tok2->index();
call    0 returned 100%
call    1 returned 100%
        -:  321:}
        -:  322:
function _Z9isAliasOfPK5Tokeni called 3466 returned 100% blocks executed 97%
     3466:  323:bool isAliasOf(const Token *tok, nonneg int varid)
        -:  324:{
     3466:  325:    if (tok->varId() == varid)
call    0 returned 100%
branch  1 taken 6% (fallthrough)
branch  2 taken 94%
      203:  326:        return false;
     3263:  327:    if (tok->varId() == 0)
call    0 returned 100%
branch  1 taken 62% (fallthrough)
branch  2 taken 38%
     2009:  328:        return false;
     1650:  329:    for (const ValueFlow::Value &val : tok->values()) {
call    0 returned 100%
call    1 returned 100%
call    2 returned 100%
call    3 returned 100%
branch  4 taken 24% (fallthrough)
branch  5 taken 76%
call    6 returned 100%
call    7 returned 100%
call    8 returned 100%
branch  9 taken 99%
branch 10 taken 1%
call   11 returned 100%
branch 12 taken 99%
branch 13 taken 1%
      399:  330:        if (!val.isLocalLifetimeValue())
call    0 returned 100%
branch  1 taken 65% (fallthrough)
branch  2 taken 35%
      258:  331:            continue;
      141:  332:        if (val.isInconclusive())
call    0 returned 100%
branch  1 taken 0% (fallthrough)
branch  2 taken 100%
    #####:  333:            continue;
      141:  334:        if (val.tokvalue->varId() == varid)
call    0 returned 100%
branch  1 taken 2% (fallthrough)
branch  2 taken 98%
        3:  335:            return true;
        -:  336:    }
     1251:  337:    return false;
        -:  338:}
        -:  339:
function _ZL9isAliasedPK5TokenS1_i called 201 returned 100% blocks executed 93%
      201:  340:static bool isAliased(const Token *startTok, const Token *endTok, nonneg int varid)
        -:  341:{
      201:  342:    if (!precedes(startTok, endTok))
call    0 returned 100%
branch  1 taken 0% (fallthrough)
branch  2 taken 100%
    #####:  343:        return false;
     2749:  344:    for (const Token *tok = startTok; tok != endTok; tok = tok->next()) {
branch  0 taken 93% (fallthrough)
branch  1 taken 7%
call    2 returned 100%
     2552:  345:        if (Token::Match(tok, "= & %varid% ;", varid))
call    0 returned 100%
branch  1 taken 1% (fallthrough)
branch  2 taken 99%
        3:  346:            return true;
     2549:  347:        if (isAliasOf(tok, varid))
call    0 returned 100%
branch  1 taken 1% (fallthrough)
branch  2 taken 99%
        1:  348:            return true;
        -:  349:    }
      197:  350:    return false;
        -:  351:}
        -:  352:
function _Z9isAliasedPK8Variable called 49 returned 100% blocks executed 77%
       49:  353:bool isAliased(const Variable *var)
        -:  354:{
       49:  355:    if (!var)
branch  0 taken 0% (fallthrough)
branch  1 taken 100%
    #####:  356:        return false;
       49:  357:    if (!var->scope())
call    0 returned 100%
branch  1 taken 0% (fallthrough)
branch  2 taken 100%
    #####:  358:        return false;
       49:  359:    const Token *start = var->declEndToken();
call    0 returned 100%
       49:  360:    if (!start)
branch  0 taken 0% (fallthrough)
branch  1 taken 100%
    #####:  361:        return false;
       49:  362:    return isAliased(start, var->scope()->bodyEnd, var->declarationId());
call    0 returned 100%
call    1 returned 100%
call    2 returned 100%
        -:  363:}
        -:  364:
function _Z17exprDependsOnThisPK5Tokeni called 4461 returned 100% blocks executed 94%
     4461:  365:bool exprDependsOnThis(const Token* expr, nonneg int depth)
        -:  366:{
     4461:  367:    if (!expr)
branch  0 taken 41% (fallthrough)
branch  1 taken 59%
     1826:  368:        return false;
     2635:  369:    if (depth >= 1000)
branch  0 taken 0% (fallthrough)
branch  1 taken 100%
        -:  370:        // Abort recursion to avoid stack overflow
    #####:  371:        return true;
     2635:  372:    ++depth;
        -:  373:    // calling nonstatic method?
     2635:  374:    if (Token::Match(expr->previous(), "!!:: %name% (") && expr->function() && expr->function()->nestedIn && expr->function()->nestedIn->isClassOrStruct()) {
call    0 returned 100%
call    1 returned 100%
branch  2 taken 5% (fallthrough)
branch  3 taken 95%
call    4 returned 100%
branch  5 taken 22% (fallthrough)
branch  6 taken 78%
call    7 returned 100%
branch  8 taken 100% (fallthrough)
branch  9 taken 0%
call   10 returned 100%
call   11 returned 100%
branch 12 taken 21% (fallthrough)
branch 13 taken 79%
branch 14 taken 1% (fallthrough)
branch 15 taken 99%
        -:  375:        // is it a method of this?
        6:  376:        const Scope *nestedIn = expr->scope()->functionOf;
call    0 returned 100%
        6:  377:        if (nestedIn && nestedIn->function)
branch  0 taken 100% (fallthrough)
branch  1 taken 0%
branch  2 taken 0% (fallthrough)
branch  3 taken 100%
    #####:  378:            nestedIn = nestedIn->function->token->scope();
call    0 never executed
        6:  379:        while (nestedIn && nestedIn != expr->function()->nestedIn) {
branch  0 taken 100% (fallthrough)
branch  1 taken 0%
call    2 returned 100%
branch  3 taken 0% (fallthrough)
branch  4 taken 100%
branch  5 taken 0% (fallthrough)
branch  6 taken 100%
    #####:  380:            nestedIn = nestedIn->nestedIn;
        -:  381:        }
        6:  382:        return nestedIn == expr->function()->nestedIn;
call    0 returned 100%
     2629:  383:    } else if (Token::Match(expr, "%var%") && expr->variable()) {
call    0 returned 100%
branch  1 taken 36% (fallthrough)
branch  2 taken 64%
call    3 returned 100%
branch  4 taken 99% (fallthrough)
branch  5 taken 1%
branch  6 taken 35% (fallthrough)
branch  7 taken 65%
      931:  384:        const Variable* var = expr->variable();
call    0 returned 100%
      931:  385:        return (var->isPrivate() || var->isPublic() || var->isProtected());
call    0 returned 100%
branch  1 taken 100% (fallthrough)
branch  2 taken 0%
call    3 returned 100%
branch  4 taken 99% (fallthrough)
branch  5 taken 1%
call    6 returned 100%
branch  7 taken 0% (fallthrough)
branch  8 taken 100%
        -:  386:    }
     1698:  387:    if (Token::simpleMatch(expr, "."))
call    0 returned 100%
branch  1 taken 5% (fallthrough)
branch  2 taken 95%
       79:  388:        return exprDependsOnThis(expr->astOperand1(), depth);
call    0 returned 100%
call    1 returned 100%
     1619:  389:    return exprDependsOnThis(expr->astOperand1(), depth) || exprDependsOnThis(expr->astOperand2(), depth);
call    0 returned 100%
call    1 returned 100%
branch  2 taken 99% (fallthrough)
branch  3 taken 1%
call    4 returned 100%
call    5 returned 100%
branch  6 taken 0% (fallthrough)
branch  7 taken 100%
        -:  390:}
        -:  391:
        -:  392:/// This takes a token that refers to a variable and it will return the token
        -:  393:/// to the expression that the variable is assigned to. If its not valid to
        -:  394:/// make such substitution then it will return the original token.
function _ZL24followVariableExpressionPK5TokenbS1_ called 2366 returned 100% blocks executed 88%
     2366:  395:static const Token * followVariableExpression(const Token * tok, bool cpp, const Token * end = nullptr)
        -:  396:{
     2366:  397:    if (!tok)
branch  0 taken 0% (fallthrough)
branch  1 taken 100%
    #####:  398:        return tok;
        -:  399:    // Skip following variables that is across multiple files
     2366:  400:    if (end && end->fileIndex() != tok->fileIndex())
branch  0 taken 100% (fallthrough)
branch  1 taken 0%
call    2 returned 100%
call    3 returned 100%
branch  4 taken 0% (fallthrough)
branch  5 taken 100%
branch  6 taken 0% (fallthrough)
branch  7 taken 100%
    #####:  401:        return tok;
        -:  402:    // Skip array access
     2366:  403:    if (Token::Match(tok, "%var% ["))
call    0 returned 100%
branch  1 taken 100% (fallthrough)
branch  2 taken 0% (throw)
branch  3 taken 1% (fallthrough)
branch  4 taken 99%
        2:  404:        return tok;
        -:  405:    // Skip pointer indirection
     2364:  406:    if (tok->astParent() && tok->isUnaryOp("*"))
call    0 returned 100%
branch  1 taken 100% (fallthrough)
branch  2 taken 0%
call    3 returned 100%
call    4 returned 100%
branch  5 taken 100% (fallthrough)
branch  6 taken 0% (throw)
call    7 returned 100%
branch  8 taken 100% (fallthrough)
branch  9 taken 0% (throw)
branch 10 taken 1% (fallthrough)
branch 11 taken 99%
branch 12 taken 100% (fallthrough)
branch 13 taken 0%
call   14 returned 100%
branch 15 taken 100% (fallthrough)
branch 16 taken 0%
call   17 returned 100%
branch 18 taken 1% (fallthrough)
branch 19 taken 99%
branch 20 never executed
branch 21 never executed
call   22 never executed
branch 23 never executed
branch 24 never executed
call   25 never executed
       12:  407:        return tok;
        -:  408:    // Skip following variables if it is used in an assignment
     2352:  409:    if (Token::Match(tok->next(), "%assign%"))
call    0 returned 100%
call    1 returned 100%
branch  2 taken 100% (fallthrough)
branch  3 taken 0% (throw)
branch  4 taken 31% (fallthrough)
branch  5 taken 69%
      733:  410:        return tok;
     1619:  411:    const Variable * var = tok->variable();
call    0 returned 100%
     1619:  412:    const Token * varTok = getVariableInitExpression(var);
call    0 returned 100%
branch  1 taken 100% (fallthrough)
branch  2 taken 0% (throw)
     1619:  413:    if (!varTok)
branch  0 taken 80% (fallthrough)
branch  1 taken 20%
     1294:  414:        return tok;
        -:  415:    // Bailout. If variable value depends on value of "this".
      325:  416:    if (exprDependsOnThis(varTok))
call    0 returned 100%
branch  1 taken 100% (fallthrough)
branch  2 taken 0% (throw)
branch  3 taken 1% (fallthrough)
branch  4 taken 99%
        1:  417:        return tok;
        -:  418:    // Skip array access
      324:  419:    if (Token::simpleMatch(varTok, "["))
call    0 returned 100%
branch  1 taken 100% (fallthrough)
branch  2 taken 0% (throw)
branch  3 taken 1% (fallthrough)
branch  4 taken 99%
        2:  420:        return tok;
      322:  421:    if (var->isVolatile())
call    0 returned 100%
branch  1 taken 1% (fallthrough)
branch  2 taken 99%
        1:  422:        return tok;
      321:  423:    if (!var->isLocal() && !var->isConst())
call    0 returned 100%
branch  1 taken 100% (fallthrough)
branch  2 taken 0% (throw)
branch  3 taken 39% (fallthrough)
branch  4 taken 61%
call    5 returned 100%
branch  6 taken 81% (fallthrough)
branch  7 taken 19%
branch  8 taken 31% (fallthrough)
branch  9 taken 69%
      100:  424:        return tok;
      221:  425:    if (var->isStatic() && !var->isConst())
call    0 returned 100%
branch  1 taken 1% (fallthrough)
branch  2 taken 99%
call    3 returned 100%
branch  4 taken 50% (fallthrough)
branch  5 taken 50%
branch  6 taken 1% (fallthrough)
branch  7 taken 99%
        1:  426:        return tok;
      220:  427:    if (var->isArgument())
call    0 returned 100%
branch  1 taken 10% (fallthrough)
branch  2 taken 90%
       23:  428:        return tok;
      197:  429:    const Token * lastTok = precedes(tok, end) ? end : tok;
call    0 returned 100%
branch  1 taken 59% (fallthrough)
branch  2 taken 41%
        -:  430:    // If this is in a loop then check if variables are modified in the entire scope
      197:  431:    const Token * endToken = (isInLoopCondition(tok) || isInLoopCondition(varTok) || var->scope() != tok->scope()) ? var->scope()->bodyEnd : lastTok;
call    0 returned 100%
branch  1 taken 100% (fallthrough)
branch  2 taken 0% (throw)
branch  3 taken 78% (fallthrough)
branch  4 taken 22%
call    5 returned 100%
branch  6 taken 100% (fallthrough)
branch  7 taken 0% (throw)
branch  8 taken 97% (fallthrough)
branch  9 taken 3%
call   10 returned 100%
call   11 returned 100%
branch 12 taken 14% (fallthrough)
branch 13 taken 86%
call   14 returned 100%
      197:  432:    if (!var->isConst() && (!precedes(varTok, endToken) || isVariableChanged(varTok, endToken, tok->varId(), false, nullptr, cpp)))
call    0 returned 100%
branch  1 taken 83% (fallthrough)
branch  2 taken 17%
call    3 returned 100%
branch  4 taken 100% (fallthrough)
branch  5 taken 0%
call    6 returned 100%
call    7 returned 100%
branch  8 taken 100% (fallthrough)
branch  9 taken 0% (throw)
branch 10 taken 42% (fallthrough)
branch 11 taken 58%
branch 12 taken 35% (fallthrough)
branch 13 taken 65%
       69:  433:        return tok;
      128:  434:    if (precedes(varTok, endToken) && isAliased(varTok, endToken, tok->varId()))
call    0 returned 100%
branch  1 taken 99% (fallthrough)
branch  2 taken 1%
call    3 returned 100%
call    4 returned 100%
branch  5 taken 100% (fallthrough)
branch  6 taken 0% (throw)
branch  7 taken 2% (fallthrough)
branch  8 taken 98%
branch  9 taken 2% (fallthrough)
branch 10 taken 98%
        3:  435:        return tok;
        -:  436:    // Start at beginning of initialization
      125:  437:    const Token * startToken = varTok;
      265:  438:    while (Token::Match(startToken, "%op%|.|(|{") && startToken->astOperand1())
call    0 returned 100%
branch  1 taken 100% (fallthrough)
branch  2 taken 0% (throw)
branch  3 taken 36% (fallthrough)
branch  4 taken 64%
call    5 returned 100%
branch  6 taken 99% (fallthrough)
branch  7 taken 1%
branch  8 taken 36% (fallthrough)
branch  9 taken 64%
       70:  439:        startToken = startToken->astOperand1();
call    0 returned 100%
        -:  440:    // Skip if the variable its referring to is modified
      226:  441:    for (const Token * tok2 = startToken; tok2 != endToken; tok2 = tok2->next()) {
branch  0 taken 99% (fallthrough)
branch  1 taken 1%
call    2 returned 100%
      225:  442:        if (Token::simpleMatch(tok2, ";"))
call    0 returned 100%
branch  1 taken 100% (fallthrough)
branch  2 taken 0% (throw)
branch  3 taken 35% (fallthrough)
branch  4 taken 65%
       78:  443:            break;
      147:  444:        if (tok2->astParent() && tok2->isUnaryOp("*"))
call    0 returned 100%
branch  1 taken 93% (fallthrough)
branch  2 taken 7%
call    3 returned 100%
call    4 returned 100%
branch  5 taken 100% (fallthrough)
branch  6 taken 0% (throw)
call    7 returned 100%
branch  8 taken 100% (fallthrough)
branch  9 taken 0% (throw)
branch 10 taken 0% (fallthrough)
branch 11 taken 100%
branch 12 taken 93% (fallthrough)
branch 13 taken 7%
call   14 returned 100%
branch 15 taken 93% (fallthrough)
branch 16 taken 7%
call   17 returned 100%
branch 18 taken 0% (fallthrough)
branch 19 taken 100%
branch 20 never executed
branch 21 never executed
call   22 never executed
branch 23 never executed
branch 24 never executed
call   25 never executed
    #####:  445:            return tok;
      441:  446:        if (tok2->tokType() == Token::eIncDecOp ||
call    0 returned 100%
branch  1 taken 100% (fallthrough)
branch  2 taken 0%
branch  3 taken 12% (fallthrough)
branch  4 taken 88%
      294:  447:            tok2->isAssignmentOp() ||
branch  0 taken 100% (fallthrough)
branch  1 taken 0%
call    2 returned 100%
branch  3 taken 12% (fallthrough)
branch  4 taken 88%
      147:  448:            Token::Match(tok2, "%name% .|[|++|--|%assign%")) {
call    0 returned 100%
branch  1 taken 100% (fallthrough)
branch  2 taken 0% (throw)
       17:  449:            return tok;
        -:  450:        }
        -:  451:
      130:  452:        if (const Variable * var2 = tok2->variable()) {
call    0 returned 100%
branch  1 taken 25% (fallthrough)
branch  2 taken 75%
       33:  453:            if (!var2->scope())
call    0 returned 100%
branch  1 taken 0% (fallthrough)
branch  2 taken 100%
    #####:  454:                return tok;
       33:  455:            const Token * endToken2 = var2->scope() != tok->scope() ? var2->scope()->bodyEnd : endToken;
call    0 returned 100%
call    1 returned 100%
branch  2 taken 18% (fallthrough)
branch  3 taken 82%
call    4 returned 100%
       33:  456:            if (!var2->isLocal() && !var2->isConst() && !var2->isArgument())
call    0 returned 100%
branch  1 taken 100% (fallthrough)
branch  2 taken 0% (throw)
branch  3 taken 73% (fallthrough)
branch  4 taken 27%
call    5 returned 100%
branch  6 taken 96% (fallthrough)
branch  7 taken 4%
call    8 returned 100%
branch  9 taken 9% (fallthrough)
branch 10 taken 91%
branch 11 taken 6% (fallthrough)
branch 12 taken 94%
        2:  457:                return tok;
       31:  458:            if (var2->isStatic() && !var2->isConst())
call    0 returned 100%
branch  1 taken 0% (fallthrough)
branch  2 taken 100%
call    3 never executed
branch  4 never executed
branch  5 never executed
branch  6 taken 0% (fallthrough)
branch  7 taken 100%
    #####:  459:                return tok;
       31:  460:            if (!var2->isConst() && (!precedes(tok2, endToken2) || isVariableChanged(tok2, endToken2, tok2->varId(), false, nullptr, cpp)))
call    0 returned 100%
branch  1 taken 90% (fallthrough)
branch  2 taken 10%
call    3 returned 100%
branch  4 taken 100% (fallthrough)
branch  5 taken 0%
call    6 returned 100%
call    7 returned 100%
branch  8 taken 100% (fallthrough)
branch  9 taken 0% (throw)
branch 10 taken 21% (fallthrough)
branch 11 taken 79%
branch 12 taken 19% (fallthrough)
branch 13 taken 81%
        6:  461:                return tok;
       25:  462:            if (precedes(tok2, endToken2) && isAliased(tok2, endToken2, tok2->varId()))
call    0 returned 100%
branch  1 taken 100% (fallthrough)
branch  2 taken 0%
call    3 returned 100%
call    4 returned 100%
branch  5 taken 100% (fallthrough)
branch  6 taken 0% (throw)
branch  7 taken 4% (fallthrough)
branch  8 taken 96%
branch  9 taken 4% (fallthrough)
branch 10 taken 96%
        1:  463:                return tok;
        -:  464:            // Recognized as a variable but the declaration is unknown
       97:  465:        } else if (tok2->varId() > 0) {
call    0 returned 100%
branch  1 taken 2% (fallthrough)
branch  2 taken 98%
        2:  466:            return tok;
       95:  467:        } else if (tok2->tokType() == Token::eName && !Token::Match(tok2, "sizeof|decltype|typeof") && !tok2->function()) {
call    0 returned 100%
branch  1 taken 21% (fallthrough)
branch  2 taken 79%
call    3 returned 100%
branch  4 taken 100% (fallthrough)
branch  5 taken 0% (throw)
branch  6 taken 90% (fallthrough)
branch  7 taken 10%
call    8 returned 100%
branch  9 taken 100% (fallthrough)
branch 10 taken 0%
branch 11 taken 19% (fallthrough)
branch 12 taken 81%
       18:  468:            return tok;
        -:  469:        }
        -:  470:    }
       79:  471:    return varTok;
        -:  472:}
        -:  473:
function _ZL29followVariableExpressionErrorPK5TokenS1_PNSt7__debug4listISt4pairIS1_NSt7__cxx1112basic_stringIcSt11char_traitsIcESaIcEEEESaISB_EEE called 38 returned 100% blocks executed 52%
       38:  474:static void followVariableExpressionError(const Token *tok1, const Token *tok2, ErrorPath* errors)
        -:  475:{
       38:  476:    if (!errors)
branch  0 taken 0% (fallthrough)
branch  1 taken 100%
    #####:  477:        return;
call    0 never executed
       38:  478:    if (!tok1)
branch  0 taken 0% (fallthrough)
branch  1 taken 100%
    #####:  479:        return;
       38:  480:    if (!tok2)
branch  0 taken 0% (fallthrough)
branch  1 taken 100%
    #####:  481:        return;
       76:  482:    ErrorPathItem item = std::make_pair(tok2, "'" + tok1->str() + "' is assigned value '" + tok2->expressionString() + "' here.");
call    0 returned 100%
branch  1 taken 100% (fallthrough)
branch  2 taken 0% (throw)
call    3 returned 100%
call    4 returned 100%
branch  5 taken 100% (fallthrough)
branch  6 taken 0% (throw)
call    7 returned 100%
branch  8 taken 100% (fallthrough)
branch  9 taken 0% (throw)
call   10 returned 100%
branch 11 taken 100% (fallthrough)
branch 12 taken 0% (throw)
call   13 returned 100%
branch 14 taken 100% (fallthrough)
branch 15 taken 0% (throw)
call   16 returned 100%
branch 17 taken 100% (fallthrough)
branch 18 taken 0% (throw)
call   19 returned 100%
call   20 returned 100%
call   21 returned 100%
call   22 returned 100%
call   23 returned 100%
call   24 never executed
call   25 never executed
call   26 never executed
call   27 never executed
call   28 never executed
       38:  483:    if (std::find(errors->begin(), errors->end(), item) != errors->end())
call    0 returned 100%
call    1 returned 100%
call    2 returned 100%
call    3 returned 100%
branch  4 taken 100% (fallthrough)
branch  5 taken 0% (throw)
call    6 returned 100%
call    7 returned 100%
call    8 returned 100%
call    9 returned 100%
call   10 returned 100%
branch 11 taken 0% (fallthrough)
branch 12 taken 100%
call   13 never executed
call   14 never executed
call   15 never executed
    #####:  484:        return;
       38:  485:    errors->push_back(item);
call    0 returned 100%
branch  1 taken 100% (fallthrough)
branch  2 taken 0% (throw)
call    3 returned 100%
branch  4 taken 100%
branch  5 taken 0%
        -:  486:}
        -:  487:
        -:  488:template<class Predicate, class F>
function _Z14findTokenValueISt7_Mem_fnIMN9ValueFlow5ValueEKFbvEEZ22isDifferentKnownValuesPK5TokenS8_EUlRKS2_E_EvS8_T_T0_ called 3335 returned 100% blocks executed 69%
function _Z14findTokenValueISt7_Mem_fnIMN9ValueFlow5ValueEKFbvEEZZ22isDifferentKnownValuesPK5TokenS8_ENKUlRKS2_E_clESA_EUlSA_E_EvS8_T_T0_ called 607 returned 100% blocks executed 74%
function _Z14findTokenValueISt7_Mem_fnIMN9ValueFlow5ValueEKFbvEEZ17isEqualKnownValuePK5TokenS8_EUlRKS2_E_EvS8_T_T0_ called 23 returned 100% blocks executed 69%
function _Z14findTokenValueISt7_Mem_fnIMN9ValueFlow5ValueEKFbvEEZZ17isEqualKnownValuePK5TokenS8_ENKUlRKS2_E_clESA_EUlSA_E_EvS8_T_T0_ called 22 returned 100% blocks executed 74%
     3987:  489:static void findTokenValue(const Token* const tok, Predicate pred, F f)
        -:  490:{
     7974:  491:    auto x = std::find_if(tok->values().begin(), tok->values().end(), pred);
call    0 returned 100%
call    1 returned 100%
call    2 returned 100%
call    3 returned 100%
call    4 returned 100%
branch  5 taken 100% (fallthrough)
branch  6 taken 0% (throw)
call    7 returned 100%
call    8 returned 100%
call    9 returned 100%
call   10 never executed
call   11 never executed
call   12 returned 100%
call   13 returned 100%
call   14 returned 100%
call   15 returned 100%
call   16 returned 100%
branch 17 taken 100% (fallthrough)
branch 18 taken 0% (throw)
call   19 returned 100%
call   20 returned 100%
call   21 returned 100%
call   22 never executed
call   23 returned 100%
call   24 returned 100%
call   25 returned 100%
call   26 returned 100%
call   27 returned 100%
branch 28 taken 100% (fallthrough)
branch 29 taken 0% (throw)
call   30 returned 100%
call   31 returned 100%
call   32 returned 100%
call   33 never executed
call   34 never executed
call   35 returned 100%
call   36 returned 100%
call   37 returned 100%
call   38 returned 100%
call   39 returned 100%
branch 40 taken 100% (fallthrough)
branch 41 taken 0% (throw)
call   42 returned 100%
call   43 returned 100%
call   44 returned 100%
call   45 never executed
     3987:  492:    if (x != tok->values().end())
call    0 returned 100%
call    1 returned 100%
call    2 returned 100%
call    3 returned 100%
branch  4 taken 18% (fallthrough)
branch  5 taken 82%
call    6 returned 100%
call    7 returned 100%
call    8 returned 100%
call    9 returned 100%
branch 10 taken 18% (fallthrough)
branch 11 taken 82%
call   12 returned 100%
call   13 returned 100%
call   14 returned 100%
call   15 returned 100%
branch 16 taken 96% (fallthrough)
branch 17 taken 4%
call   18 returned 100%
call   19 returned 100%
call   20 returned 100%
call   21 returned 100%
branch 22 taken 100% (fallthrough)
branch 23 taken 0%
      761:  493:        f(*x);
call    0 returned 100%
call    1 returned 100%
branch  2 taken 100% (fallthrough)
branch  3 taken 0% (throw)
call    4 returned 100%
call    5 returned 100%
call    6 returned 100%
call    7 returned 100%
branch  8 taken 100% (fallthrough)
branch  9 taken 0% (throw)
call   10 returned 100%
call   11 returned 100%
     3987:  494:}
call    0 never executed
call    1 never executed
call    2 never executed
call    3 never executed
        -:  495:
function _Z17isEqualKnownValuePK5TokenS1_ called 23 returned 100% blocks executed 100%
       23:  496:bool isEqualKnownValue(const Token * const tok1, const Token * const tok2)
        -:  497:{
       23:  498:    bool result = false;
function _ZZ17isEqualKnownValuePK5TokenS1_ENKUlRKN9ValueFlow5ValueEE_clES5_ called 22 returned 100% blocks executed 100%
       45:  499:    findTokenValue(tok1, std::mem_fn(&ValueFlow::Value::isKnown), [&](const ValueFlow::Value& v1) {
call    0 returned 100%
call    1 returned 100%
branch  2 taken 100% (fallthrough)
branch  3 taken 0% (throw)
function _ZZZ17isEqualKnownValuePK5TokenS1_ENKUlRKN9ValueFlow5ValueEE_clES5_ENKUlS5_E_clES5_ called 22 returned 100% blocks executed 100%
       44:  500:        findTokenValue(tok2, std::mem_fn(&ValueFlow::Value::isKnown), [&](const ValueFlow::Value& v2) {
call    0 returned 100%
call    1 returned 100%
       44:  501:            result = v1.equalValue(v2);
call    0 returned 100%
       22:  502:        });
       22:  503:    });
       23:  504:    return result;
        -:  505:}
        -:  506:
function _Z22isDifferentKnownValuesPK5TokenS1_ called 3335 returned 100% blocks executed 100%
     3335:  507:bool isDifferentKnownValues(const Token * const tok1, const Token * const tok2)
        -:  508:{
     3335:  509:    bool result = false;
function _ZZ22isDifferentKnownValuesPK5TokenS1_ENKUlRKN9ValueFlow5ValueEE_clES5_ called 607 returned 100% blocks executed 100%
     3942:  510:    findTokenValue(tok1, std::mem_fn(&ValueFlow::Value::isKnown), [&](const ValueFlow::Value& v1) {
call    0 returned 100%
call    1 returned 100%
branch  2 taken 100% (fallthrough)
branch  3 taken 0% (throw)
function _ZZZ22isDifferentKnownValuesPK5TokenS1_ENKUlRKN9ValueFlow5ValueEE_clES5_ENKUlS5_E_clES5_ called 110 returned 100% blocks executed 100%
      717:  511:        findTokenValue(tok2, std::mem_fn(&ValueFlow::Value::isKnown), [&](const ValueFlow::Value& v2) {
call    0 returned 100%
call    1 returned 100%
      717:  512:            result = !v1.equalValue(v2);
call    0 returned 100%
      110:  513:        });
      607:  514:    });
     3335:  515:    return result;
        -:  516:}
        -:  517:
function _Z16isSameExpressionbbPK5TokenS1_RK7LibrarybbPNSt7__debug4listISt4pairIS1_NSt7__cxx1112basic_stringIcSt11char_traitsIcESaIcEEEESaISE_EEE called 6582 returned 100% blocks executed 95%
     6582:  518:bool isSameExpression(bool cpp, bool macro, const Token *tok1, const Token *tok2, const Library& library, bool pure, bool followVar, ErrorPath* errors)
        -:  519:{
     6582:  520:    if (tok1 == nullptr && tok2 == nullptr)
branch  0 taken 27% (fallthrough)
branch  1 taken 73%
branch  2 taken 100% (fallthrough)
branch  3 taken 0%
     1807:  521:        return true;
     4775:  522:    if (tok1 == nullptr || tok2 == nullptr)
branch  0 taken 100% (fallthrough)
branch  1 taken 0%
branch  2 taken 6% (fallthrough)
branch  3 taken 94%
      278:  523:        return false;
     4497:  524:    if (cpp) {
branch  0 taken 97% (fallthrough)
branch  1 taken 3%
     4378:  525:        if (tok1->str() == "." && tok1->astOperand1() && tok1->astOperand1()->str() == "this")
call    0 returned 100%
call    1 returned 100%
branch  2 taken 5% (fallthrough)
branch  3 taken 95%
call    4 returned 100%
branch  5 taken 100% (fallthrough)
branch  6 taken 0%
call    7 returned 100%
call    8 returned 100%
call    9 returned 100%
branch 10 taken 1% (fallthrough)
branch 11 taken 99%
branch 12 taken 1% (fallthrough)
branch 13 taken 99%
        2:  526:            tok1 = tok1->astOperand2();
call    0 returned 100%
     4378:  527:        if (tok2->str() == "." && tok2->astOperand1() && tok2->astOperand1()->str() == "this")
call    0 returned 100%
call    1 returned 100%
branch  2 taken 3% (fallthrough)
branch  3 taken 97%
call    4 returned 100%
branch  5 taken 100% (fallthrough)
branch  6 taken 0%
call    7 returned 100%
call    8 returned 100%
call    9 returned 100%
branch 10 taken 1% (fallthrough)
branch 11 taken 99%
branch 12 taken 1% (fallthrough)
branch 13 taken 99%
        2:  528:            tok2 = tok2->astOperand2();
call    0 returned 100%
        -:  529:    }
        -:  530:    // Skip double not
     4497:  531:    if (Token::simpleMatch(tok1, "!") && Token::simpleMatch(tok1->astOperand1(), "!") && !Token::simpleMatch(tok1->astParent(), "=")) {
call    0 returned 100%
branch  1 taken 1% (fallthrough)
branch  2 taken 99%
call    3 returned 100%
call    4 returned 100%
branch  5 taken 23% (fallthrough)
branch  6 taken 77%
call    7 returned 100%
call    8 returned 100%
branch  9 taken 80% (fallthrough)
branch 10 taken 20%
branch 11 taken 1% (fallthrough)
branch 12 taken 99%
        4:  532:        return isSameExpression(cpp, macro, tok1->astOperand1()->astOperand1(), tok2, library, pure, followVar, errors);
call    0 returned 100%
call    1 returned 100%
call    2 returned 100%
        -:  533:    }
     4493:  534:    if (Token::simpleMatch(tok2, "!") && Token::simpleMatch(tok2->astOperand1(), "!") && !Token::simpleMatch(tok2->astParent(), "=")) {
call    0 returned 100%
branch  1 taken 1% (fallthrough)
branch  2 taken 99%
call    3 returned 100%
call    4 returned 100%
branch  5 taken 9% (fallthrough)
branch  6 taken 91%
call    7 returned 100%
call    8 returned 100%
branch  9 taken 75% (fallthrough)
branch 10 taken 25%
branch 11 taken 1% (fallthrough)
branch 12 taken 99%
        3:  535:        return isSameExpression(cpp, macro, tok1, tok2->astOperand1()->astOperand1(), library, pure, followVar, errors);
call    0 returned 100%
call    1 returned 100%
call    2 returned 100%
        -:  536:    }
     4490:  537:    if (tok1->str() != tok2->str() && isDifferentKnownValues(tok1, tok2))
call    0 returned 100%
call    1 returned 100%
call    2 returned 100%
branch  3 taken 74% (fallthrough)
branch  4 taken 26%
call    5 returned 100%
branch  6 taken 2% (fallthrough)
branch  7 taken 98%
branch  8 taken 1% (fallthrough)
branch  9 taken 99%
       56:  538:        return false;
        -:  539:    // Follow variable
     4434:  540:    if (followVar && tok1->str() != tok2->str() && (Token::Match(tok1, "%var%") || Token::Match(tok2, "%var%"))) {
branch  0 taken 41% (fallthrough)
branch  1 taken 59%
call    2 returned 100%
call    3 returned 100%
call    4 returned 100%
branch  5 taken 83% (fallthrough)
branch  6 taken 17%
call    7 returned 100%
branch  8 taken 29% (fallthrough)
branch  9 taken 71%
call   10 returned 100%
branch 11 taken 26% (fallthrough)
branch 12 taken 74%
branch 13 taken 27% (fallthrough)
branch 14 taken 73%
     1192:  541:        const Token * varTok1 = followVariableExpression(tok1, cpp, tok2);
call    0 returned 100%
     1192:  542:        if (varTok1->str() == tok2->str()) {
call    0 returned 100%
call    1 returned 100%
call    2 returned 100%
branch  3 taken 2% (fallthrough)
branch  4 taken 98%
       18:  543:            followVariableExpressionError(tok1, varTok1, errors);
call    0 returned 100%
       18:  544:            return isSameExpression(cpp, macro, varTok1, tok2, library, true, followVar, errors);
call    0 returned 100%
        -:  545:        }
     1174:  546:        const Token * varTok2 = followVariableExpression(tok2, cpp, tok1);
call    0 returned 100%
     1174:  547:        if (tok1->str() == varTok2->str()) {
call    0 returned 100%
call    1 returned 100%
call    2 returned 100%
branch  3 taken 1% (fallthrough)
branch  4 taken 99%
       10:  548:            followVariableExpressionError(tok2, varTok2, errors);
call    0 returned 100%
       10:  549:            return isSameExpression(cpp, macro, tok1, varTok2, library, true, followVar, errors);
call    0 returned 100%
        -:  550:        }
     1164:  551:        if (varTok1->str() == varTok2->str()) {
call    0 returned 100%
call    1 returned 100%
call    2 returned 100%
branch  3 taken 1% (fallthrough)
branch  4 taken 99%
        5:  552:            followVariableExpressionError(tok1, varTok1, errors);
call    0 returned 100%
        5:  553:            followVariableExpressionError(tok2, varTok2, errors);
call    0 returned 100%
        5:  554:            return isSameExpression(cpp, macro, varTok1, varTok2, library, true, followVar, errors);
call    0 returned 100%
        -:  555:        }
        -:  556:    }
     4401:  557:    if (tok1->varId() != tok2->varId() || tok1->str() != tok2->str() || tok1->originalName() != tok2->originalName()) {
call    0 returned 100%
call    1 returned 100%
branch  2 taken 39% (fallthrough)
branch  3 taken 61%
call    4 returned 100%
call    5 returned 100%
call    6 returned 100%
branch  7 taken 66% (fallthrough)
branch  8 taken 34%
call    9 returned 100%
call   10 returned 100%
call   11 returned 100%
branch 12 taken 1% (fallthrough)
branch 13 taken 99%
branch 14 taken 74% (fallthrough)
branch 15 taken 26%
     6505:  558:        if ((Token::Match(tok1,"<|>")   && Token::Match(tok2,"<|>")) ||
call    0 returned 100%
branch  1 taken 1% (fallthrough)
branch  2 taken 99%
call    3 returned 100%
branch  4 taken 69% (fallthrough)
branch  5 taken 31%
branch  6 taken 1% (fallthrough)
branch  7 taken 99%
branch  8 taken 1% (fallthrough)
branch  9 taken 99%
     3253:  559:            (Token::Match(tok1,"<=|>=") && Token::Match(tok2,"<=|>="))) {
call    0 returned 100%
call    1 returned 100%
branch  2 taken 17% (fallthrough)
branch  3 taken 83%
        8:  560:            return isSameExpression(cpp, macro, tok1->astOperand1(), tok2->astOperand2(), library, pure, followVar, errors) &&
call    0 returned 100%
call    1 returned 100%
call    2 returned 100%
branch  3 taken 33% (fallthrough)
branch  4 taken 67%
branch  5 taken 100% (fallthrough)
branch  6 taken 0%
        8:  561:                   isSameExpression(cpp, macro, tok1->astOperand2(), tok2->astOperand1(), library, pure, followVar, errors);
call    0 returned 100%
call    1 returned 100%
call    2 returned 100%
        -:  562:        }
     3246:  563:        return false;
        -:  564:    }
     1149:  565:    if (macro && (tok1->isExpandedMacro() || tok2->isExpandedMacro() || tok1->isTemplateArg() || tok2->isTemplateArg()))
branch  0 taken 34% (fallthrough)
branch  1 taken 66%
call    2 returned 100%
branch  3 taken 100% (fallthrough)
branch  4 taken 0%
call    5 returned 100%
branch  6 taken 100% (fallthrough)
branch  7 taken 0%
call    8 returned 100%
branch  9 taken 99% (fallthrough)
branch 10 taken 1%
call   11 returned 100%
branch 12 taken 0% (fallthrough)
branch 13 taken 100%
branch 14 taken 1% (fallthrough)
branch 15 taken 99%
        2:  566:        return false;
     1147:  567:    if (tok1->isComplex() != tok2->isComplex())
call    0 returned 100%
call    1 returned 100%
branch  2 taken 0% (fallthrough)
branch  3 taken 100%
    #####:  568:        return false;
     1147:  569:    if (tok1->isLong() != tok2->isLong())
call    0 returned 100%
call    1 returned 100%
branch  2 taken 0% (fallthrough)
branch  3 taken 100%
    #####:  570:        return false;
     1147:  571:    if (tok1->isUnsigned() != tok2->isUnsigned())
call    0 returned 100%
call    1 returned 100%
branch  2 taken 0% (fallthrough)
branch  3 taken 100%
    #####:  572:        return false;
     1147:  573:    if (tok1->isSigned() != tok2->isSigned())
call    0 returned 100%
call    1 returned 100%
branch  2 taken 0% (fallthrough)
branch  3 taken 100%
    #####:  574:        return false;
     1147:  575:    if (pure && tok1->isName() && tok1->next()->str() == "(" && tok1->str() != "sizeof") {
branch  0 taken 82% (fallthrough)
branch  1 taken 18%
call    2 returned 100%
branch  3 taken 75% (fallthrough)
branch  4 taken 25%
call    5 returned 100%
call    6 returned 100%
call    7 returned 100%
branch  8 taken 6% (fallthrough)
branch  9 taken 94%
call   10 returned 100%
call   11 returned 100%
branch 12 taken 90% (fallthrough)
branch 13 taken 10%
branch 14 taken 3% (fallthrough)
branch 15 taken 97%
       37:  576:        if (!tok1->function()) {
call    0 returned 100%
branch  1 taken 16% (fallthrough)
branch  2 taken 84%
        6:  577:            if (Token::simpleMatch(tok1->previous(), ".")) {
call    0 returned 100%
call    1 returned 100%
branch  2 taken 50% (fallthrough)
branch  3 taken 50%
        3:  578:                const Token *lhs = tok1->previous();
call    0 returned 100%
        9:  579:                while (Token::Match(lhs, "(|.|["))
call    0 returned 100%
branch  1 taken 50% (fallthrough)
branch  2 taken 50%
        3:  580:                    lhs = lhs->astOperand1();
call    0 returned 100%
        7:  581:                const bool lhsIsConst = (lhs->variable() && lhs->variable()->isConst()) ||
call    0 returned 100%
call    1 returned 100%
call    2 returned 100%
branch  3 taken 33% (fallthrough)
branch  4 taken 67%
branch  5 taken 0% (fallthrough)
branch  6 taken 100%
        7:  582:                                        (lhs->valueType() && lhs->valueType()->constness > 0) ||
branch  0 taken 100% (fallthrough)
branch  1 taken 0%
call    2 returned 100%
call    3 never executed
branch  4 never executed
branch  5 never executed
branch  6 taken 100% (fallthrough)
branch  7 taken 0%
        5:  583:                                        (Token::Match(lhs, "%var% . %name% (") && library.isFunctionConst(lhs->tokAt(2)));
call    0 returned 100%
call    1 returned 100%
call    2 returned 100%
branch  3 taken 0% (fallthrough)
branch  4 taken 100%
        3:  584:                if (!lhsIsConst)
branch  0 taken 33% (fallthrough)
branch  1 taken 67%
        1:  585:                    return false;
        -:  586:            } else {
        3:  587:                const Token * ftok = tok1;
        3:  588:                if (Token::simpleMatch(tok1->previous(), "::"))
call    0 returned 100%
call    1 returned 100%
branch  2 taken 0% (fallthrough)
branch  3 taken 100%
    #####:  589:                    ftok = tok1->previous();
call    0 never executed
        3:  590:                if (!library.isFunctionConst(ftok) && !ftok->isAttributeConst() && !ftok->isAttributePure())
call    0 returned 100%
branch  1 taken 100% (fallthrough)
branch  2 taken 0%
call    3 returned 100%
branch  4 taken 100% (fallthrough)
branch  5 taken 0%
call    6 returned 100%
branch  7 taken 67% (fallthrough)
branch  8 taken 33%
branch  9 taken 67% (fallthrough)
branch 10 taken 33%
        2:  591:                    return false;
        -:  592:            }
        -:  593:        } else {
       31:  594:            if (tok1->function() && !tok1->function()->isConst() && !tok1->function()->isAttributeConst() && !tok1->function()->isAttributePure())
call    0 returned 100%
branch  1 taken 100% (fallthrough)
branch  2 taken 0%
call    3 returned 100%
call    4 returned 100%
branch  5 taken 71% (fallthrough)
branch  6 taken 29%
call    7 returned 100%
call    8 returned 100%
branch  9 taken 91% (fallthrough)
branch 10 taken 9%
call   11 returned 100%
call   12 returned 100%
branch 13 taken 40% (fallthrough)
branch 14 taken 60%
branch 15 taken 26% (fallthrough)
branch 16 taken 74%
        8:  595:                return false;
        -:  596:        }
        -:  597:    }
        -:  598:    // templates/casts
     2272:  599:    if ((Token::Match(tok1, "%name% <") && tok1->next()->link()) ||
call    0 returned 100%
branch  1 taken 1% (fallthrough)
branch  2 taken 99%
call    3 returned 100%
call    4 returned 100%
branch  5 taken 71% (fallthrough)
branch  6 taken 29%
branch  7 taken 2% (fallthrough)
branch  8 taken 98%
branch  9 taken 1% (fallthrough)
branch 10 taken 99%
     1153:  600:        (Token::Match(tok2, "%name% <") && tok2->next()->link())) {
call    0 returned 100%
call    1 returned 100%
call    2 returned 100%
branch  3 taken 0% (fallthrough)
branch  4 taken 100%
        -:  601:
        -:  602:        // non-const template function that is not a dynamic_cast => return false
        6:  603:        if (pure && Token::simpleMatch(tok1->next()->link(), "> (") &&
call    0 returned 100%
call    1 returned 100%
call    2 returned 100%
branch  3 taken 100% (fallthrough)
branch  4 taken 0%
branch  5 taken 0% (fallthrough)
branch  6 taken 100%
branch  7 taken 50% (fallthrough)
branch  8 taken 50%
        6:  604:            !(tok1->function() && tok1->function()->isConst()) &&
branch  0 taken 100% (fallthrough)
branch  1 taken 0%
call    2 returned 100%
call    3 never executed
call    4 never executed
branch  5 never executed
branch  6 never executed
branch  7 taken 50% (fallthrough)
branch  8 taken 50%
        2:  605:            tok1->str() != "dynamic_cast")
call    0 returned 100%
call    1 returned 100%
        1:  606:            return false;
        -:  607:
        -:  608:        // some template/cast stuff.. check that the template arguments are same
        1:  609:        const Token *t1 = tok1->next();
call    0 returned 100%
        1:  610:        const Token *t2 = tok2->next();
call    0 returned 100%
        1:  611:        const Token *end1 = t1->link();
call    0 returned 100%
        1:  612:        const Token *end2 = t2->link();
call    0 returned 100%
        7:  613:        while (t1 && t2 && t1 != end1 && t2 != end2) {
branch  0 taken 100% (fallthrough)
branch  1 taken 0%
branch  2 taken 100% (fallthrough)
branch  3 taken 0%
branch  4 taken 75% (fallthrough)
branch  5 taken 25%
branch  6 taken 100% (fallthrough)
branch  7 taken 0%
        3:  614:            if (t1->str() != t2->str())
call    0 returned 100%
call    1 returned 100%
call    2 returned 100%
branch  3 taken 0% (fallthrough)
branch  4 taken 100%
    #####:  615:                return false;
        3:  616:            t1 = t1->next();
call    0 returned 100%
        3:  617:            t2 = t2->next();
call    0 returned 100%
        -:  618:        }
        1:  619:        if (t1 != end1 || t2 != end2)
branch  0 taken 100% (fallthrough)
branch  1 taken 0%
branch  2 taken 0% (fallthrough)
branch  3 taken 100%
    #####:  620:            return false;
        -:  621:    }
     1135:  622:    if (tok1->tokType() == Token::eIncDecOp || tok1->isAssignmentOp())
call    0 returned 100%
branch  1 taken 99% (fallthrough)
branch  2 taken 1%
call    3 returned 100%
branch  4 taken 1% (fallthrough)
branch  5 taken 99%
branch  6 taken 1% (fallthrough)
branch  7 taken 99%
        8:  623:        return false;
        -:  624:    // bailout when we see ({..})
     1127:  625:    if (tok1->str() == "{")
call    0 returned 100%
call    1 returned 100%
branch  2 taken 1% (fallthrough)
branch  3 taken 99%
        1:  626:        return false;
        -:  627:    // cast => assert that the casts are equal
     2362:  628:    if (tok1->str() == "(" && tok1->previous() &&
call    0 returned 100%
call    1 returned 100%
call    2 returned 100%
branch  3 taken 100% (fallthrough)
branch  4 taken 0%
branch  5 taken 15% (fallthrough)
branch  6 taken 85%
branch  7 taken 1% (fallthrough)
branch  8 taken 99%
     1195:  629:        !tok1->previous()->isName() &&
branch  0 taken 5% (fallthrough)
branch  1 taken 95%
call    2 returned 100%
call    3 returned 100%
branch  4 taken 25% (fallthrough)
branch  5 taken 75%
       10:  630:        !(tok1->previous()->str() == ">" && tok1->previous()->link())) {
call    0 returned 100%
call    1 returned 100%
call    2 returned 100%
call    3 returned 100%
call    4 returned 100%
branch  5 taken 0% (fallthrough)
branch  6 taken 100%
        6:  631:        const Token *t1 = tok1->next();
call    0 returned 100%
        6:  632:        const Token *t2 = tok2->next();
call    0 returned 100%
       18:  633:        while (t1 && t2 &&
branch  0 taken 100% (fallthrough)
branch  1 taken 0%
branch  2 taken 38% (fallthrough)
branch  3 taken 63%
       11:  634:               t1->str() == t2->str() &&
call    0 returned 100%
call    1 returned 100%
call    2 returned 100%
branch  3 taken 100% (fallthrough)
branch  4 taken 0%
        6:  635:               t1->isLong() == t2->isLong() &&
call    0 returned 100%
call    1 returned 100%
branch  2 taken 67% (fallthrough)
branch  3 taken 33%
        5:  636:               t1->isUnsigned() == t2->isUnsigned() &&
call    0 returned 100%
call    1 returned 100%
branch  2 taken 100% (fallthrough)
branch  3 taken 0%
       14:  637:               t1->isSigned() == t2->isSigned() &&
branch  0 taken 100% (fallthrough)
branch  1 taken 0%
call    2 returned 100%
call    3 returned 100%
branch  4 taken 0% (fallthrough)
branch  5 taken 100%
branch  6 taken 25% (fallthrough)
branch  7 taken 75%
        2:  638:               (t1->isName() || t1->str() == "*")) {
call    0 returned 100%
call    1 never executed
call    2 never executed
branch  3 never executed
branch  4 never executed
        2:  639:            t1 = t1->next();
call    0 returned 100%
        2:  640:            t2 = t2->next();
call    0 returned 100%
        -:  641:        }
        6:  642:        if (!t1 || !t2 || t1->str() != ")" || t2->str() != ")")
branch  0 taken 100% (fallthrough)
branch  1 taken 0%
branch  2 taken 100% (fallthrough)
branch  3 taken 0%
call    4 returned 100%
call    5 returned 100%
branch  6 taken 0% (fallthrough)
branch  7 taken 100%
call    8 never executed
call    9 never executed
branch 10 never executed
branch 11 never executed
branch 12 taken 100% (fallthrough)
branch 13 taken 0%
        6:  643:            return false;
        -:  644:    }
        -:  645:    bool noncommutativeEquals =
     1120:  646:        isSameExpression(cpp, macro, tok1->astOperand1(), tok2->astOperand1(), library, pure, followVar, errors);
call    0 returned 100%
call    1 returned 100%
call    2 returned 100%
     2155:  647:    noncommutativeEquals = noncommutativeEquals &&
branch  0 taken 92% (fallthrough)
branch  1 taken 8%
branch  2 taken 97% (fallthrough)
branch  3 taken 3%
     1035:  648:                           isSameExpression(cpp, macro, tok1->astOperand2(), tok2->astOperand2(), library, pure, followVar, errors);
call    0 returned 100%
call    1 returned 100%
call    2 returned 100%
        -:  649:
     1120:  650:    if (noncommutativeEquals)
branch  0 taken 90% (fallthrough)
branch  1 taken 10%
     1006:  651:        return true;
        -:  652:
        -:  653:    // in c++, a+b might be different to b+a, depending on the type of a and b
      114:  654:    if (cpp && tok1->str() == "+" && tok1->isBinaryOp()) {
branch  0 taken 96% (fallthrough)
branch  1 taken 4%
call    2 returned 100%
call    3 returned 100%
branch  4 taken 4% (fallthrough)
branch  5 taken 96%
call    6 returned 100%
branch  7 taken 100% (fallthrough)
branch  8 taken 0%
branch  9 taken 4% (fallthrough)
branch 10 taken 96%
        4:  655:        const ValueType* vt1 = tok1->astOperand1()->valueType();
call    0 returned 100%
call    1 returned 100%
        4:  656:        const ValueType* vt2 = tok1->astOperand2()->valueType();
call    0 returned 100%
call    1 returned 100%
        4:  657:        if (!(vt1 && (vt1->type >= ValueType::VOID || vt1->pointer) && vt2 && (vt2->type >= ValueType::VOID || vt2->pointer)))
branch  0 taken 100% (fallthrough)
branch  1 taken 0%
branch  2 taken 50% (fallthrough)
branch  3 taken 50%
branch  4 taken 0% (fallthrough)
branch  5 taken 100%
branch  6 taken 100% (fallthrough)
branch  7 taken 0%
branch  8 taken 0% (fallthrough)
branch  9 taken 100%
branch 10 never executed
branch 11 never executed
        2:  658:            return false;
        -:  659:    }
        -:  660:
[...]
call    6 returned 100%
branch  7 taken 100% (fallthrough)
branch  8 taken 0%
call    9 returned 100%
call   10 returned 100%
branch 11 taken 77% (fallthrough)
branch 12 taken 23%
call   13 returned 100%
call   14 returned 100%
branch 15 taken 18% (fallthrough)
branch 16 taken 82%
branch 17 taken 1% (fallthrough)
branch 18 taken 99%
        3: 1916:            globalData = true;
        3: 1917:            return ChildrenToVisit::none;
        -: 1918:        }
      558: 1919:        if (Token::Match(tok, ".|["))
call    0 returned 100%
branch  1 taken 8% (fallthrough)
branch  2 taken 92%
       45: 1920:            return ChildrenToVisit::op1;
      513: 1921:        return ChildrenToVisit::op1_and_op2;
        -: 1922:    });
      574: 1923:    return globalData;
        -: 1924:}
        -: 1925:
function _ZNK11FwdAnalysis13getExprVarIdsEPK5TokenPbS3_ called 3877 returned 100% blocks executed 71%
     3877: 1926:std::set<int> FwdAnalysis::getExprVarIds(const Token* expr, bool* localOut, bool* unknownVarIdOut) const
        -: 1927:{
        -: 1928:    // all variable ids in expr.
     3877: 1929:    std::set<int> exprVarIds;
call    0 returned 100%
     3877: 1930:    bool local = true;
     3877: 1931:    bool unknownVarId = false;
     3877: 1932:    visitAstNodes(expr,
call    0 returned 100%
branch  1 taken 100% (fallthrough)
branch  2 taken 0% (throw)
call    3 returned 100%
branch  4 taken 100% (fallthrough)
branch  5 taken 0% (throw)
call    6 returned 100%
call    7 never executed
call    8 never executed
function _ZZNK11FwdAnalysis13getExprVarIdsEPK5TokenPbS3_ENKUlS2_E_clES2_ called 9840 returned 100% blocks executed 89%
     9840: 1933:    [&](const Token *tok) {
     9840: 1934:        if (tok->varId() == 0 && tok->isName() && tok->previous()->str() != ".") {
call    0 returned 100%
branch  1 taken 62% (fallthrough)
branch  2 taken 38%
call    3 returned 100%
branch  4 taken 29% (fallthrough)
branch  5 taken 71%
call    6 returned 100%
call    7 returned 100%
call    8 returned 100%
branch  9 taken 96% (fallthrough)
branch 10 taken 4%
branch 11 taken 17% (fallthrough)
branch 12 taken 83%
        -: 1935:            // unknown variable
     1667: 1936:            unknownVarId = true;
     1667: 1937:            return ChildrenToVisit::none;
        -: 1938:        }
     8173: 1939:        if (tok->varId() > 0) {
call    0 returned 100%
branch  1 taken 46% (fallthrough)
branch  2 taken 54%
     3738: 1940:            exprVarIds.insert(tok->varId());
call    0 returned 100%
call    1 returned 100%
branch  2 taken 100% (fallthrough)
branch  3 taken 0% (throw)
call    4 returned 100%
call    5 never executed
     3738: 1941:            if (!Token::simpleMatch(tok->previous(), ".")) {
call    0 returned 100%
call    1 returned 100%
branch  2 taken 95% (fallthrough)
branch  3 taken 5%
     3555: 1942:                const Variable *var = tok->variable();
call    0 returned 100%
     3555: 1943:                if (var && var->isReference() && var->isLocal() && Token::Match(var->nameToken(), "%var% [=(]") && !isGlobalData(var->nameToken()->next()->astOperand2()))
branch  0 taken 99% (fallthrough)
branch  1 taken 1%
call    2 returned 100%
branch  3 taken 1% (fallthrough)
branch  4 taken 99%
call    5 returned 100%
branch  6 taken 36% (fallthrough)
branch  7 taken 64%
call    8 returned 100%
call    9 returned 100%
branch 10 taken 86% (fallthrough)
branch 11 taken 14%
call   12 returned 100%
call   13 returned 100%
call   14 returned 100%
call   15 returned 100%
branch 16 taken 17% (fallthrough)
branch 17 taken 83%
branch 18 taken 1% (fallthrough)
branch 19 taken 99%
        2: 1944:                    return ChildrenToVisit::none;
     3553: 1945:                const bool deref = tok->astParent() && (tok->astParent()->isUnaryOp("*") || (tok->astParent()->str() == "[" && tok == tok->astParent()->astOperand1()));
call    0 returned 100%
branch  1 taken 100% (fallthrough)
branch  2 taken 0%
call    3 returned 100%
call    4 returned 100%
call    5 returned 100%
branch  6 taken 100% (fallthrough)
branch  7 taken 0% (throw)
call    8 returned 100%
branch  9 taken 100% (fallthrough)
branch 10 taken 0% (throw)
branch 11 taken 98% (fallthrough)
branch 12 taken 2%
call   13 returned 100%
call   14 returned 100%
call   15 returned 100%
branch 16 taken 2% (fallthrough)
branch 17 taken 98%
call   18 returned 100%
call   19 returned 100%
branch 20 taken 71% (fallthrough)
branch 21 taken 29%
branch 22 taken 100% (fallthrough)
branch 23 taken 0%
call   24 returned 100%
branch 25 taken 100% (fallthrough)
branch 26 taken 0%
call   27 returned 100%
branch 28 never executed
branch 29 never executed
call   30 never executed
branch 31 never executed
branch 32 never executed
call   33 never executed
     3553: 1946:                local &= !nonLocal(tok->variable(), deref);
call    0 returned 100%
call    1 returned 100%
        -: 1947:            }
        -: 1948:        }
     8171: 1949:        return ChildrenToVisit::op1_and_op2;
        -: 1950:    });
     3877: 1951:    if (localOut)
branch  0 taken 44% (fallthrough)
branch  1 taken 56%
     1710: 1952:        *localOut = local;
     3877: 1953:    if (unknownVarIdOut)
branch  0 taken 44% (fallthrough)
branch  1 taken 56%
     1710: 1954:        *unknownVarIdOut = unknownVarId;
     3877: 1955:    return exprVarIds;
        -: 1956:}
        -: 1957:
function _ZN11FwdAnalysis5checkEPK5TokenS2_S2_ called 1710 returned 100% blocks executed 72%
     1710: 1958:FwdAnalysis::Result FwdAnalysis::check(const Token* expr, const Token* startToken, const Token* endToken)
        -: 1959:{
        -: 1960:    // all variable ids in expr.
     1710: 1961:    bool local = true;
     1710: 1962:    bool unknownVarId = false;
     3420: 1963:    std::set<int> exprVarIds = getExprVarIds(expr, &local, &unknownVarId);
call    0 returned 100%
branch  1 taken 100% (fallthrough)
branch  2 taken 0% (throw)
call    3 returned 100%
call    4 never executed
        -: 1964:
     1710: 1965:    if (unknownVarId)
branch  0 taken 28% (fallthrough)
branch  1 taken 72%
      471: 1966:        return Result(FwdAnalysis::Result::Type::BAILOUT);
call    0 returned 100%
        -: 1967:
     1239: 1968:    if (mWhat == What::Reassign && isGlobalData(expr))
branch  0 taken 45% (fallthrough)
branch  1 taken 55%
call    2 returned 100%
branch  3 taken 100% (fallthrough)
branch  4 taken 0% (throw)
branch  5 taken 12% (fallthrough)
branch  6 taken 88%
branch  7 taken 5% (fallthrough)
branch  8 taken 95%
       65: 1969:        local = false;
        -: 1970:
        -: 1971:    // In unused values checking we do not want to check assignments to
        -: 1972:    // global data.
     1239: 1973:    if (mWhat == What::UnusedValue && isGlobalData(expr))
branch  0 taken 0% (fallthrough)
branch  1 taken 100%
call    2 never executed
branch  3 never executed
branch  4 never executed
branch  5 never executed
branch  6 never executed
branch  7 taken 0% (fallthrough)
branch  8 taken 100%
    #####: 1974:        return Result(FwdAnalysis::Result::Type::BAILOUT);
call    0 never executed
        -: 1975:
     1239: 1976:    Result result = checkRecursive(expr, startToken, endToken, exprVarIds, local, false);
call    0 returned 100%
branch  1 taken 100% (fallthrough)
branch  2 taken 0% (throw)
        -: 1977:
        -: 1978:    // Break => continue checking in outer scope
     1279: 1979:    while (mWhat!=What::ValueFlow && result.type == FwdAnalysis::Result::Type::BREAK) {
branch  0 taken 46% (fallthrough)
branch  1 taken 54%
branch  2 taken 3% (fallthrough)
branch  3 taken 97%
       20: 1980:        const Scope *s = result.token->scope();
call    0 returned 100%
       20: 1981:        while (s->type == Scope::eIf)
branch  0 taken 0% (fallthrough)
branch  1 taken 100%
    #####: 1982:            s = s->nestedIn;
       20: 1983:        if (s->type != Scope::eSwitch && s->type != Scope::eWhile && s->type != Scope::eFor)
branch  0 taken 0% (fallthrough)
branch  1 taken 100%
branch  2 never executed
branch  3 never executed
branch  4 never executed
branch  5 never executed
    #####: 1984:            break;
       20: 1985:        result = checkRecursive(expr, s->bodyEnd->next(), endToken, exprVarIds, local, false);
call    0 returned 100%
call    1 returned 100%
branch  2 taken 100% (fallthrough)
branch  3 taken 0% (throw)
        -: 1986:    }
        -: 1987:
     1239: 1988:    return result;
        -: 1989:}
        -: 1990:
function _ZNK11FwdAnalysis10hasOperandEPK5TokenS2_ called 3707 returned 100% blocks executed 100%
     3707: 1991:bool FwdAnalysis::hasOperand(const Token *tok, const Token *lhs) const
        -: 1992:{
     3707: 1993:    if (!tok)
branch  0 taken 59% (fallthrough)
branch  1 taken 41%
     2182: 1994:        return false;
     1525: 1995:    if (isSameExpression(mCpp, false, tok, lhs, mLibrary, false, false, nullptr))
call    0 returned 100%
branch  1 taken 2% (fallthrough)
branch  2 taken 98%
       33: 1996:        return true;
     1492: 1997:    return hasOperand(tok->astOperand1(), lhs) || hasOperand(tok->astOperand2(), lhs);
call    0 returned 100%
call    1 returned 100%
branch  2 taken 99% (fallthrough)
branch  3 taken 1%
call    4 returned 100%
call    5 returned 100%
branch  6 taken 1% (fallthrough)
branch  7 taken 99%
        -: 1998:}
        -: 1999:
function _ZN11FwdAnalysis8reassignEPK5TokenS2_S2_ called 608 returned 100% blocks executed 100%
      608: 2000:const Token *FwdAnalysis::reassign(const Token *expr, const Token *startToken, const Token *endToken)
        -: 2001:{
      608: 2002:    mWhat = What::Reassign;
      608: 2003:    Result result = check(expr, startToken, endToken);
call    0 returned 100%
branch  1 taken 100% (fallthrough)
branch  2 taken 0% (throw)
      608: 2004:    return result.type == FwdAnalysis::Result::Type::WRITE ? result.token : nullptr;
branch  0 taken 7% (fallthrough)
branch  1 taken 93%
        -: 2005:}
        -: 2006:
function _ZN11FwdAnalysis11unusedValueEPK5TokenS2_S2_ called 0 returned 0% blocks executed 0%
    #####: 2007:bool FwdAnalysis::unusedValue(const Token *expr, const Token *startToken, const Token *endToken)
        -: 2008:{
    #####: 2009:    if (isEscapedAlias(expr))
call    0 never executed
branch  1 never executed
branch  2 never executed
branch  3 never executed
branch  4 never executed
    #####: 2010:        return false;
    #####: 2011:    mWhat = What::UnusedValue;
    #####: 2012:    Result result = check(expr, startToken, endToken);
call    0 never executed
branch  1 never executed
branch  2 never executed
    #####: 2013:    return (result.type == FwdAnalysis::Result::Type::NONE || result.type == FwdAnalysis::Result::Type::RETURN) && !possiblyAliased(expr, startToken);
branch  0 never executed
branch  1 never executed
branch  2 never executed
branch  3 never executed
call    4 never executed
branch  5 never executed
branch  6 never executed
branch  7 never executed
branch  8 never executed
        -: 2014:}
        -: 2015:
function _ZN11FwdAnalysis9valueFlowEPK5TokenS2_S2_ called 1102 returned 100% blocks executed 100%
     1102: 2016:std::vector<FwdAnalysis::KnownAndToken> FwdAnalysis::valueFlow(const Token *expr, const Token *startToken, const Token *endToken)
        -: 2017:{
     1102: 2018:    mWhat = What::ValueFlow;
     1102: 2019:    mValueFlowKnown = true;
     1102: 2020:    check(expr, startToken, endToken);
call    0 returned 100%
     1102: 2021:    return mValueFlow;
call    0 returned 100%
        -: 2022:}
        -: 2023:
function _ZNK11FwdAnalysis15possiblyAliasedEPK5TokenS2_ called 0 returned 0% blocks executed 0%
    #####: 2024:bool FwdAnalysis::possiblyAliased(const Token *expr, const Token *startToken) const
        -: 2025:{
    #####: 2026:    if (expr->isUnaryOp("*"))
call    0 never executed
call    1 never executed
branch  2 never executed
branch  3 never executed
call    4 never executed
branch  5 never executed
branch  6 never executed
call    7 never executed
call    8 never executed
branch  9 never executed
branch 10 never executed
call   11 never executed
call   12 never executed
call   13 never executed
    #####: 2027:        return true;
        -: 2028:
    #####: 2029:    const bool macro = false;
    #####: 2030:    const bool pure = false;
    #####: 2031:    const bool followVar = false;
    #####: 2032:    for (const Token *tok = startToken; tok; tok = tok->previous()) {
branch  0 never executed
branch  1 never executed
call    2 never executed
    #####: 2033:        if (tok->str() == "{" && tok->scope()->type == Scope::eFunction)
call    0 never executed
call    1 never executed
branch  2 never executed
branch  3 never executed
call    4 never executed
branch  5 never executed
branch  6 never executed
branch  7 never executed
branch  8 never executed
    #####: 2034:            break;
        -: 2035:
    #####: 2036:        if (Token::Match(tok, "%name% (") && !Token::Match(tok, "if|while|for")) {
call    0 never executed
branch  1 never executed
branch  2 never executed
call    3 never executed
branch  4 never executed
branch  5 never executed
branch  6 never executed
branch  7 never executed
        -: 2037:            // Is argument passed by reference?
    #####: 2038:            const std::vector<const Token*> args = getArguments(tok);
call    0 never executed
branch  1 never executed
branch  2 never executed
call    3 never executed
call    4 never executed
    #####: 2039:            for (int argnr = 0; argnr < args.size(); ++argnr) {
call    0 never executed
branch  1 never executed
branch  2 never executed
    #####: 2040:                if (!Token::Match(args[argnr], "%name%|.|::"))
call    0 never executed
call    1 never executed
branch  2 never executed
branch  3 never executed
branch  4 never executed
branch  5 never executed
    #####: 2041:                    continue;
    #####: 2042:                if (tok->function() && tok->function()->getArgumentVar(argnr) && !tok->function()->getArgumentVar(argnr)->isReference() && !tok->function()->isConst())
call    0 never executed
branch  1 never executed
branch  2 never executed
call    3 never executed
call    4 never executed
branch  5 never executed
branch  6 never executed
branch  7 never executed
branch  8 never executed
call    9 never executed
call   10 never executed
branch 11 never executed
branch 12 never executed
call   13 never executed
branch 14 never executed
branch 15 never executed
call   16 never executed
call   17 never executed
branch 18 never executed
branch 19 never executed
branch 20 never executed
branch 21 never executed
    #####: 2043:                    continue;
    #####: 2044:                for (const Token *subexpr = expr; subexpr; subexpr = subexpr->astOperand1()) {
branch  0 never executed
branch  1 never executed
call    2 never executed
    #####: 2045:                    if (isSameExpression(mCpp, macro, subexpr, args[argnr], mLibrary, pure, followVar))
call    0 never executed
call    1 never executed
branch  2 never executed
branch  3 never executed
branch  4 never executed
branch  5 never executed
    #####: 2046:                        return true;
        -: 2047:                }
        -: 2048:            }
    #####: 2049:            continue;
call    0 never executed
branch  1 never executed
branch  2 never executed
        -: 2050:        }
        -: 2051:
    #####: 2052:        const Token *addrOf = nullptr;
    #####: 2053:        if (Token::Match(tok, "& %name% ="))
call    0 never executed
branch  1 never executed
branch  2 never executed
    #####: 2054:            addrOf = tok->tokAt(2)->astOperand2();
call    0 never executed
call    1 never executed
    #####: 2055:        else if (tok->isUnaryOp("&"))
call    0 never executed
call    1 never executed
branch  2 never executed
branch  3 never executed
call    4 never executed
branch  5 never executed
branch  6 never executed
call    7 never executed
call    8 never executed
branch  9 never executed
branch 10 never executed
call   11 never executed
call   12 never executed
    #####: 2056:            addrOf = tok->astOperand1();
call    0 never executed
    #####: 2057:        else if (Token::simpleMatch(tok, "std :: ref ("))
call    0 never executed
branch  1 never executed
branch  2 never executed
    #####: 2058:            addrOf = tok->tokAt(3)->astOperand2();
call    0 never executed
call    1 never executed
        -: 2059:        else
    #####: 2060:            continue;
        -: 2061:
    #####: 2062:        for (const Token *subexpr = expr; subexpr; subexpr = subexpr->astOperand1()) {
branch  0 never executed
branch  1 never executed
call    2 never executed
    #####: 2063:            if (isSameExpression(mCpp, macro, subexpr, addrOf, mLibrary, pure, followVar))
call    0 never executed
branch  1 never executed
branch  2 never executed
    #####: 2064:                return true;
        -: 2065:        }
        -: 2066:    }
    #####: 2067:    return false;
        -: 2068:}
        -: 2069:
function _ZN11FwdAnalysis14isEscapedAliasEPK5Token called 0 returned 0% blocks executed 0%
    #####: 2070:bool FwdAnalysis::isEscapedAlias(const Token* expr)
        -: 2071:{
    #####: 2072:    for (const Token *subexpr = expr; subexpr; subexpr = subexpr->astOperand1()) {
branch  0 never executed
branch  1 never executed
call    2 never executed
    #####: 2073:        for (const ValueFlow::Value &val : subexpr->values()) {
call    0 never executed
call    1 never executed
call    2 never executed
call    3 never executed
branch  4 never executed
branch  5 never executed
call    6 never executed
call    7 never executed
call    8 never executed
branch  9 never executed
branch 10 never executed
call   11 never executed
branch 12 never executed
branch 13 never executed
call   14 never executed
call   15 never executed
    #####: 2074:            if (!val.isLocalLifetimeValue())
call    0 never executed
branch  1 never executed
branch  2 never executed
    #####: 2075:                continue;
    #####: 2076:            const Variable* var = val.tokvalue->variable();
call    0 never executed
    #####: 2077:            if (!var)
branch  0 never executed
branch  1 never executed
    #####: 2078:                continue;
    #####: 2079:            if (!var->isLocal())
call    0 never executed
branch  1 never executed
branch  2 never executed
branch  3 never executed
branch  4 never executed
    #####: 2080:                return true;
    #####: 2081:            if (var->isArgument())
call    0 never executed
branch  1 never executed
branch  2 never executed
    #####: 2082:                return true;
        -: 2083:
        -: 2084:        }
        -: 2085:    }
    #####: 2086:    return false;
        -: 2087:}
        -: 2088:
function _ZN11FwdAnalysis13isNullOperandEPK5Token called 681 returned 100% blocks executed 64%
      681: 2089:bool FwdAnalysis::isNullOperand(const Token *expr)
        -: 2090:{
      681: 2091:    if (!expr)
branch  0 taken 12% (fallthrough)
branch  1 taken 88%
       81: 2092:        return false;
      600: 2093:    if (Token::Match(expr, "( %name% %name%| * )") && Token::Match(expr->astOperand1(), "0|NULL|nullptr"))
call    0 returned 100%
branch  1 taken 0% (fallthrough)
branch  2 taken 100%
call    3 never executed
call    4 never executed
branch  5 never executed
branch  6 never executed
branch  7 taken 0% (fallthrough)
branch  8 taken 100%
    #####: 2094:        return true;
      600: 2095:    return Token::Match(expr, "NULL|nullptr");
call    0 returned 100%
function _GLOBAL__sub_I__Z13visitAstNodesPK5TokenSt8functionIF15ChildrenToVisitS1_EE called 1 returned 100% blocks executed 100%
function _Z41__static_initialization_and_destruction_0ii called 1 returned 100% blocks executed 100%
        3: 2096:}
call    0 returned 100%
branch  1 taken 100% (fallthrough)
branch  2 taken 0%
branch  3 taken 100% (fallthrough)
branch  4 taken 0%
