        -:    0:Source:/home/workspace/lib/checkother.cpp
        -:    0:Graph:/home/workspace/build/lib/CMakeFiles/lib_objs.dir/checkother.gcno
        -:    0:Data:/home/workspace/build/lib/CMakeFiles/lib_objs.dir/checkother.gcda
        -:    0:Runs:1
        -:    0:Programs:1
        -:    1:/*
        -:    2: * Cppcheck - A tool for static C/C++ code analysis
        -:    3: * Copyright (C) 2007-2019 Cppcheck team.
        -:    4: *
        -:    5: * This program is free software: you can redistribute it and/or modify
        -:    6: * it under the terms of the GNU General Public License as published by
        -:    7: * the Free Software Foundation, either version 3 of the License, or
        -:    8: * (at your option) any later version.
        -:    9: *
        -:   10: * This program is distributed in the hope that it will be useful,
        -:   11: * but WITHOUT ANY WARRANTY; without even the implied warranty of
        -:   12: * MERCHANTABILITY or FITNESS FOR A PARTICULAR PURPOSE.  See the
        -:   13: * GNU General Public License for more details.
        -:   14: *
        -:   15: * You should have received a copy of the GNU General Public License
        -:   16: * along with this program.  If not, see <http://www.gnu.org/licenses/>.
        -:   17: */
        -:   18:
        -:   19:
        -:   20://---------------------------------------------------------------------------
        -:   21:#include "checkother.h"
        -:   22:#include "checkuninitvar.h" // CheckUninitVar::isVariableUsage
        -:   23:
        -:   24:#include "astutils.h"
        -:   25:#include "errorlogger.h"
        -:   26:#include "library.h"
        -:   27:#include "mathlib.h"
        -:   28:#include "settings.h"
        -:   29:#include "standards.h"
        -:   30:#include "symboldatabase.h"
        -:   31:#include "token.h"
        -:   32:#include "tokenize.h"
        -:   33:#include "utils.h"
        -:   34:
        -:   35:#include <algorithm> // find_if()
        -:   36:#include <list>
        -:   37:#include <map>
        -:   38:#include <ostream>
        -:   39:#include <set>
        -:   40:#include <utility>
        -:   41://---------------------------------------------------------------------------
        -:   42:
        -:   43:// Register this check class (by creating a static instance of it)
        -:   44:namespace {
        1:   45:    CheckOther instance;
call    0 returned 100%
call    1 returned 100%
        -:   46:}
        -:   47:
        1:   48:static const struct CWE CWE128(128U);   // Wrap-around Error
call    0 returned 100%
        1:   49:static const struct CWE CWE131(131U);   // Incorrect Calculation of Buffer Size
call    0 returned 100%
        1:   50:static const struct CWE CWE197(197U);   // Numeric Truncation Error
call    0 returned 100%
        1:   51:static const struct CWE CWE362(362U);   // Concurrent Execution using Shared Resource with Improper Synchronization ('Race Condition')
call    0 returned 100%
        1:   52:static const struct CWE CWE369(369U);   // Divide By Zero
call    0 returned 100%
        1:   53:static const struct CWE CWE398(398U);   // Indicator of Poor Code Quality
call    0 returned 100%
        1:   54:static const struct CWE CWE475(475U);   // Undefined Behavior for Input to API
call    0 returned 100%
        1:   55:static const struct CWE CWE482(482U);   // Comparing instead of Assigning
call    0 returned 100%
        1:   56:static const struct CWE CWE561(561U);   // Dead Code
call    0 returned 100%
        1:   57:static const struct CWE CWE563(563U);   // Assignment to Variable without Use ('Unused Variable')
call    0 returned 100%
        1:   58:static const struct CWE CWE570(570U);   // Expression is Always False
call    0 returned 100%
        1:   59:static const struct CWE CWE571(571U);   // Expression is Always True
call    0 returned 100%
        1:   60:static const struct CWE CWE672(672U);   // Operation on a Resource after Expiration or Release
call    0 returned 100%
        1:   61:static const struct CWE CWE628(628U);   // Function Call with Incorrectly Specified Arguments
call    0 returned 100%
        1:   62:static const struct CWE CWE683(683U);   // Function Call With Incorrect Order of Arguments
call    0 returned 100%
        1:   63:static const struct CWE CWE686(686U);   // Function Call With Incorrect Argument Type
call    0 returned 100%
        1:   64:static const struct CWE CWE704(704U);   // Incorrect Type Conversion or Cast
call    0 returned 100%
        1:   65:static const struct CWE CWE758(758U);   // Reliance on Undefined, Unspecified, or Implementation-Defined Behavior
call    0 returned 100%
        1:   66:static const struct CWE CWE768(768U);   // Incorrect Short Circuit Evaluation
call    0 returned 100%
        1:   67:static const struct CWE CWE783(783U);   // Operator Precedence Logic Error
call    0 returned 100%
        -:   68:
        -:   69://----------------------------------------------------------------------------------
        -:   70:// The return value of fgetc(), getc(), ungetc(), getchar() etc. is an integer value.
        -:   71:// If this return value is stored in a character variable and then compared
        -:   72:// to EOF, which is an integer, the comparison maybe be false.
        -:   73://
        -:   74:// Reference:
        -:   75:// - Ticket #160
        -:   76:// - http://www.cplusplus.com/reference/cstdio/fgetc/
        -:   77:// - http://www.cplusplus.com/reference/cstdio/getc/
        -:   78:// - http://www.cplusplus.com/reference/cstdio/getchar/
        -:   79:// - http://www.cplusplus.com/reference/cstdio/ungetc/ ...
        -:   80://----------------------------------------------------------------------------------
function _ZN10CheckOther25checkCastIntToCharAndBackEv called 927 returned 100% blocks executed 62%
      927:   81:void CheckOther::checkCastIntToCharAndBack()
        -:   82:{
      927:   83:    if (!mSettings->isEnabled(Settings::WARNING))
call    0 returned 100%
branch  1 taken 0% (fallthrough)
branch  2 taken 100%
    #####:   84:        return;
        -:   85:
      927:   86:    const SymbolDatabase *symbolDatabase = mTokenizer->getSymbolDatabase();
call    0 returned 100%
     1908:   87:    for (const Scope * scope : symbolDatabase->functionScopes) {
call    0 returned 100%
call    1 returned 100%
call    2 returned 100%
branch  3 taken 51% (fallthrough)
branch  4 taken 49%
call    5 returned 100%
call    6 returned 100%
call    7 returned 100%
call    8 returned 100%
call    9 never executed
call   10 never executed
     1962:   88:        std::map<int, std::string> vars;
call    0 returned 100%
call    1 returned 100%
call    2 never executed
    17795:   89:        for (const Token* tok = scope->bodyStart->next(); tok != scope->bodyEnd; tok = tok->next()) {
call    0 returned 100%
branch  1 taken 94% (fallthrough)
branch  2 taken 6%
call    3 returned 100%
        -:   90:            // Quick check to see if any of the matches below have any chances
    16814:   91:            if (!Token::Match(tok, "%var%|EOF %comp%|="))
call    0 returned 100%
branch  1 taken 100% (fallthrough)
branch  2 taken 0% (throw)
branch  3 taken 94% (fallthrough)
branch  4 taken 6%
    15798:   92:                continue;
     1016:   93:            if (Token::Match(tok, "%var% = fclose|fflush|fputc|fputs|fscanf|getchar|getc|fgetc|putchar|putc|puts|scanf|sscanf|ungetc (")) {
call    0 returned 100%
branch  1 taken 100% (fallthrough)
branch  2 taken 0% (throw)
branch  3 taken 2% (fallthrough)
branch  4 taken 98%
       18:   94:                const Variable *var = tok->variable();
call    0 returned 100%
       18:   95:                if (var && var->typeEndToken()->str() == "char" && !var->typeEndToken()->isSigned()) {
branch  0 taken 100% (fallthrough)
branch  1 taken 0%
call    2 returned 100%
call    3 returned 100%
call    4 returned 100%
branch  5 taken 56% (fallthrough)
branch  6 taken 44%
call    7 returned 100%
call    8 returned 100%
branch  9 taken 100% (fallthrough)
branch 10 taken 0% (throw)
branch 11 taken 90% (fallthrough)
branch 12 taken 10%
branch 13 taken 50% (fallthrough)
branch 14 taken 50%
        9:   96:                    vars[tok->varId()] = tok->strAt(2);
call    0 returned 100%
branch  1 taken 100% (fallthrough)
branch  2 taken 0% (throw)
call    3 returned 100%
call    4 returned 100%
branch  5 taken 100% (fallthrough)
branch  6 taken 0% (throw)
call    7 returned 100%
branch  8 taken 100% (fallthrough)
branch  9 taken 0% (throw)
        -:   97:                }
      998:   98:            } else if (Token::Match(tok, "EOF %comp% ( %var% = fclose|fflush|fputc|fputs|fscanf|getchar|getc|fgetc|putchar|putc|puts|scanf|sscanf|ungetc (")) {
call    0 returned 100%
branch  1 taken 100% (fallthrough)
branch  2 taken 0% (throw)
branch  3 taken 0% (fallthrough)
branch  4 taken 100%
    #####:   99:                tok = tok->tokAt(3);
call    0 never executed
branch  1 never executed
branch  2 never executed
    #####:  100:                const Variable *var = tok->variable();
call    0 never executed
    #####:  101:                if (var && var->typeEndToken()->str() == "char" && !var->typeEndToken()->isSigned()) {
branch  0 never executed
branch  1 never executed
call    2 never executed
call    3 never executed
call    4 never executed
branch  5 never executed
branch  6 never executed
call    7 never executed
call    8 never executed
branch  9 never executed
branch 10 never executed
branch 11 never executed
branch 12 never executed
branch 13 never executed
branch 14 never executed
    #####:  102:                    checkCastIntToCharAndBackError(tok, tok->strAt(2));
call    0 never executed
branch  1 never executed
branch  2 never executed
call    3 never executed
branch  4 never executed
branch  5 never executed
        -:  103:                }
      998:  104:            } else if (mTokenizer->isCPP() && (Token::Match(tok, "EOF %comp% ( %var% = std :: cin . get (") || Token::Match(tok, "EOF %comp% ( %var% = cin . get ("))) {
call    0 returned 100%
branch  1 taken 98% (fallthrough)
branch  2 taken 2%
call    3 returned 100%
branch  4 taken 100% (fallthrough)
branch  5 taken 0% (throw)
branch  6 taken 100% (fallthrough)
branch  7 taken 0%
call    8 returned 100%
branch  9 taken 100% (fallthrough)
branch 10 taken 0% (throw)
branch 11 taken 0% (fallthrough)
branch 12 taken 100%
branch 13 taken 0% (fallthrough)
branch 14 taken 100%
    #####:  105:                tok = tok->tokAt(3);
call    0 never executed
branch  1 never executed
branch  2 never executed
    #####:  106:                const Variable *var = tok->variable();
call    0 never executed
    #####:  107:                if (var && var->typeEndToken()->str() == "char" && !var->typeEndToken()->isSigned()) {
branch  0 never executed
branch  1 never executed
call    2 never executed
call    3 never executed
call    4 never executed
branch  5 never executed
branch  6 never executed
call    7 never executed
call    8 never executed
branch  9 never executed
branch 10 never executed
branch 11 never executed
branch 12 never executed
branch 13 never executed
branch 14 never executed
    #####:  108:                    checkCastIntToCharAndBackError(tok, "cin.get");
call    0 never executed
call    1 never executed
branch  2 never executed
branch  3 never executed
call    4 never executed
branch  5 never executed
branch  6 never executed
call    7 never executed
call    8 never executed
call    9 never executed
call   10 never executed
        -:  109:                }
      998:  110:            } else if (mTokenizer->isCPP() && (Token::Match(tok, "%var% = std :: cin . get (") || Token::Match(tok, "%var% = cin . get ("))) {
call    0 returned 100%
branch  1 taken 98% (fallthrough)
branch  2 taken 2%
call    3 returned 100%
branch  4 taken 100% (fallthrough)
branch  5 taken 0% (throw)
branch  6 taken 99% (fallthrough)
branch  7 taken 1%
call    8 returned 100%
branch  9 taken 100% (fallthrough)
branch 10 taken 0% (throw)
branch 11 taken 0% (fallthrough)
branch 12 taken 100%
branch 13 taken 1% (fallthrough)
branch 14 taken 99%
        8:  111:                const Variable *var = tok->variable();
call    0 returned 100%
        8:  112:                if (var && var->typeEndToken()->str() == "char" && !var->typeEndToken()->isSigned()) {
branch  0 taken 100% (fallthrough)
branch  1 taken 0%
call    2 returned 100%
call    3 returned 100%
call    4 returned 100%
branch  5 taken 50% (fallthrough)
branch  6 taken 50%
call    7 returned 100%
call    8 returned 100%
branch  9 taken 100% (fallthrough)
branch 10 taken 0% (throw)
branch 11 taken 100% (fallthrough)
branch 12 taken 0%
branch 13 taken 50% (fallthrough)
branch 14 taken 50%
        4:  113:                    vars[tok->varId()] = "cin.get";
call    0 returned 100%
call    1 returned 100%
branch  2 taken 100% (fallthrough)
branch  3 taken 0% (throw)
call    4 returned 100%
branch  5 taken 100% (fallthrough)
branch  6 taken 0% (throw)
        -:  114:                }
      990:  115:            } else if (Token::Match(tok, "%var% %comp% EOF")) {
call    0 returned 100%
branch  1 taken 100% (fallthrough)
branch  2 taken 0% (throw)
branch  3 taken 1% (fallthrough)
branch  4 taken 99%
        8:  116:                if (vars.find(tok->varId()) != vars.end()) {
call    0 returned 100%
call    1 returned 100%
call    2 returned 100%
branch  3 taken 100% (fallthrough)
branch  4 taken 0% (throw)
call    5 returned 100%
call    6 returned 100%
call    7 returned 100%
branch  8 taken 50% (fallthrough)
branch  9 taken 50%
call   10 never executed
        4:  117:                    checkCastIntToCharAndBackError(tok, vars[tok->varId()]);
call    0 returned 100%
call    1 returned 100%
branch  2 taken 100% (fallthrough)
branch  3 taken 0% (throw)
call    4 returned 100%
branch  5 taken 100% (fallthrough)
branch  6 taken 0% (throw)
        -:  118:                }
      982:  119:            } else if (Token::Match(tok, "EOF %comp% %var%")) {
call    0 returned 100%
branch  1 taken 100% (fallthrough)
branch  2 taken 0% (throw)
branch  3 taken 1% (fallthrough)
branch  4 taken 99%
       10:  120:                tok = tok->tokAt(2);
call    0 returned 100%
branch  1 taken 100% (fallthrough)
branch  2 taken 0% (throw)
       10:  121:                if (vars.find(tok->varId()) != vars.end()) {
call    0 returned 100%
call    1 returned 100%
call    2 returned 100%
branch  3 taken 100% (fallthrough)
branch  4 taken 0% (throw)
call    5 returned 100%
call    6 returned 100%
call    7 returned 100%
branch  8 taken 50% (fallthrough)
branch  9 taken 50%
call   10 never executed
        5:  122:                    checkCastIntToCharAndBackError(tok, vars[tok->varId()]);
call    0 returned 100%
call    1 returned 100%
branch  2 taken 100% (fallthrough)
branch  3 taken 0% (throw)
call    4 returned 100%
branch  5 taken 100% (fallthrough)
branch  6 taken 0% (throw)
        -:  123:                }
        -:  124:            }
        -:  125:        }
        -:  126:    }
        -:  127:}
        -:  128:
function _ZN10CheckOther30checkCastIntToCharAndBackErrorEPK5TokenRKNSt7__cxx1112basic_stringIcSt11char_traitsIcESaIcEEE called 9 returned 100% blocks executed 58%
        9:  129:void CheckOther::checkCastIntToCharAndBackError(const Token *tok, const std::string &strFunctionName)
        -:  130:{
       18:  131:    reportError(
call    0 returned 100%
branch  1 taken 100% (fallthrough)
branch  2 taken 0% (throw)
        -:  132:        tok,
        -:  133:        Severity::warning,
        -:  134:        "checkCastIntToCharAndBack",
       18:  135:        "$symbol:" + strFunctionName + "\n"
call    0 returned 100%
call    1 returned 100%
branch  2 taken 100% (fallthrough)
branch  3 taken 0% (throw)
call    4 returned 100%
call    5 returned 100%
call    6 never executed
call    7 never executed
        -:  136:        "Storing $symbol() return value in char variable and then comparing with EOF.\n"
        -:  137:        "When saving $symbol() return value in char variable there is loss of precision. "
        -:  138:        " When $symbol() returns EOF this value is truncated. Comparing the char "
        -:  139:        "variable with EOF can have unexpected results. For instance a loop \"while (EOF != (c = $symbol());\" "
        -:  140:        "loops forever on some compilers/platforms and on other compilers/platforms it will stop "
        -:  141:        "when the file contains a matching character.", CWE197, false
        -:  142:    );
        9:  143:}
        -:  144:
        -:  145:
        -:  146://---------------------------------------------------------------------------
        -:  147:// Clarify calculation precedence for ternary operators.
        -:  148://---------------------------------------------------------------------------
function _ZN10CheckOther18clarifyCalculationEv called 927 returned 100% blocks executed 92%
      927:  149:void CheckOther::clarifyCalculation()
        -:  150:{
      927:  151:    if (!mSettings->isEnabled(Settings::STYLE))
call    0 returned 100%
branch  1 taken 0% (fallthrough)
branch  2 taken 100%
    #####:  152:        return;
        -:  153:
      927:  154:    const SymbolDatabase *symbolDatabase = mTokenizer->getSymbolDatabase();
call    0 returned 100%
     1908:  155:    for (const Scope * scope : symbolDatabase->functionScopes) {
call    0 returned 100%
call    1 returned 100%
call    2 returned 100%
branch  3 taken 51% (fallthrough)
branch  4 taken 49%
call    5 returned 100%
call    6 returned 100%
call    7 returned 100%
call    8 returned 100%
call    9 never executed
call   10 never executed
    17815:  156:        for (const Token* tok = scope->bodyStart->next(); tok != scope->bodyEnd; tok = tok->next()) {
call    0 returned 100%
branch  1 taken 94% (fallthrough)
branch  2 taken 6%
call    3 returned 100%
        -:  157:            // ? operator where lhs is arithmetical expression
    16834:  158:            if (tok->str() != "?" || !tok->astOperand1() || !tok->astOperand1()->isCalculation())
call    0 returned 100%
call    1 returned 100%
branch  2 taken 1% (fallthrough)
branch  3 taken 99%
call    4 returned 100%
branch  5 taken 95% (fallthrough)
branch  6 taken 5%
call    7 returned 100%
call    8 returned 100%
branch  9 taken 100% (fallthrough)
branch 10 taken 0% (throw)
branch 11 taken 37% (fallthrough)
branch 12 taken 63%
branch 13 taken 99% (fallthrough)
branch 14 taken 1%
    16808:  159:                continue;
       26:  160:            if (!tok->astOperand1()->isArithmeticalOp() && tok->astOperand1()->tokType() != Token::eBitOp)
call    0 returned 100%
call    1 returned 100%
branch  2 taken 73% (fallthrough)
branch  3 taken 27%
call    4 returned 100%
call    5 returned 100%
branch  6 taken 95% (fallthrough)
branch  7 taken 5%
branch  8 taken 69% (fallthrough)
branch  9 taken 31%
       18:  161:                continue;
        -:  162:
        -:  163:            // Is code clarified by parentheses already?
        8:  164:            const Token *tok2 = tok->astOperand1();
call    0 returned 100%
       42:  165:            for (; tok2; tok2 = tok2->next()) {
branch  0 taken 100% (fallthrough)
branch  1 taken 0%
call    2 returned 100%
       25:  166:                if (tok2->str() == "(")
call    0 returned 100%
call    1 returned 100%
branch  2 taken 8% (fallthrough)
branch  3 taken 92%
        2:  167:                    tok2 = tok2->link();
call    0 returned 100%
       23:  168:                else if (tok2->str() == ")")
call    0 returned 100%
call    1 returned 100%
branch  2 taken 4% (fallthrough)
branch  3 taken 96%
        1:  169:                    break;
       22:  170:                else if (tok2->str() == "?") {
call    0 returned 100%
call    1 returned 100%
branch  2 taken 32% (fallthrough)
branch  3 taken 68%
        7:  171:                    clarifyCalculationError(tok, tok->astOperand1()->str());
call    0 returned 100%
call    1 returned 100%
call    2 returned 100%
branch  3 taken 100% (fallthrough)
branch  4 taken 0% (throw)
        7:  172:                    break;
        -:  173:                }
        -:  174:            }
        -:  175:        }
        -:  176:    }
        -:  177:}
        -:  178:
function _ZN10CheckOther23clarifyCalculationErrorEPK5TokenRKNSt7__cxx1112basic_stringIcSt11char_traitsIcESaIcEEE called 7 returned 100% blocks executed 44%
        7:  179:void CheckOther::clarifyCalculationError(const Token *tok, const std::string &op)
        -:  180:{
        -:  181:    // suspicious calculation
       14:  182:    const std::string calc("'a" + op + "b?c:d'");
call    0 returned 100%
branch  1 taken 100% (fallthrough)
branch  2 taken 0% (throw)
call    3 returned 100%
branch  4 taken 100% (fallthrough)
branch  5 taken 0% (throw)
call    6 returned 100%
call    7 returned 100%
call    8 never executed
call    9 never executed
        -:  183:
        -:  184:    // recommended calculation #1
       14:  185:    const std::string s1("'(a" + op + "b)?c:d'");
call    0 returned 100%
branch  1 taken 100% (fallthrough)
branch  2 taken 0% (throw)
call    3 returned 100%
branch  4 taken 100% (fallthrough)
branch  5 taken 0% (throw)
call    6 returned 100%
call    7 returned 100%
call    8 never executed
call    9 never executed
        -:  186:
        -:  187:    // recommended calculation #2
       14:  188:    const std::string s2("'a" + op + "(b?c:d)'");
call    0 returned 100%
branch  1 taken 100% (fallthrough)
branch  2 taken 0% (throw)
call    3 returned 100%
branch  4 taken 100% (fallthrough)
branch  5 taken 0% (throw)
call    6 returned 100%
call    7 returned 100%
call    8 never executed
        -:  189:
       14:  190:    reportError(tok,
call    0 returned 100%
branch  1 taken 100% (fallthrough)
branch  2 taken 0% (throw)
        -:  191:                Severity::style,
        -:  192:                "clarifyCalculation",
       14:  193:                "Clarify calculation precedence for '" + op + "' and '?'.\n"
call    0 returned 100%
branch  1 taken 100% (fallthrough)
branch  2 taken 0% (throw)
call    3 returned 100%
branch  4 taken 100% (fallthrough)
branch  5 taken 0% (throw)
call    6 returned 100%
call    7 returned 100%
call    8 never executed
call    9 never executed
        -:  194:                "Suspicious calculation. Please use parentheses to clarify the code. "
       14:  195:                "The code '" + calc + "' should be written as either '" + s1 + "' or '" + s2 + "'.", CWE783, false);
call    0 returned 100%
branch  1 taken 100% (fallthrough)
branch  2 taken 0% (throw)
call    3 returned 100%
branch  4 taken 100% (fallthrough)
branch  5 taken 0% (throw)
call    6 returned 100%
branch  7 taken 100% (fallthrough)
branch  8 taken 0% (throw)
call    9 returned 100%
branch 10 taken 100% (fallthrough)
branch 11 taken 0% (throw)
call   12 returned 100%
branch 13 taken 100% (fallthrough)
branch 14 taken 0% (throw)
call   15 returned 100%
branch 16 taken 100% (fallthrough)
branch 17 taken 0% (throw)
call   18 returned 100%
call   19 returned 100%
call   20 returned 100%
call   21 returned 100%
call   22 returned 100%
call   23 returned 100%
call   24 never executed
call   25 never executed
call   26 never executed
call   27 never executed
call   28 never executed
call   29 never executed
        7:  196:}
call    0 never executed
        -:  197:
        -:  198://---------------------------------------------------------------------------
        -:  199:// Clarify (meaningless) statements like *foo++; with parentheses.
        -:  200://---------------------------------------------------------------------------
function _ZN10CheckOther16clarifyStatementEv called 927 returned 100% blocks executed 91%
      927:  201:void CheckOther::clarifyStatement()
        -:  202:{
      927:  203:    if (!mSettings->isEnabled(Settings::WARNING))
call    0 returned 100%
branch  1 taken 0% (fallthrough)
branch  2 taken 100%
    #####:  204:        return;
        -:  205:
      927:  206:    const SymbolDatabase *symbolDatabase = mTokenizer->getSymbolDatabase();
call    0 returned 100%
     1908:  207:    for (const Scope * scope : symbolDatabase->functionScopes) {
call    0 returned 100%
call    1 returned 100%
call    2 returned 100%
branch  3 taken 51% (fallthrough)
branch  4 taken 49%
call    5 returned 100%
call    6 returned 100%
call    7 returned 100%
call    8 returned 100%
call    9 never executed
call   10 never executed
    18796:  208:        for (const Token* tok = scope->bodyStart; tok && tok != scope->bodyEnd; tok = tok->next()) {
branch  0 taken 100% (fallthrough)
branch  1 taken 0%
branch  2 taken 95% (fallthrough)
branch  3 taken 5%
call    4 returned 100%
    17815:  209:            if (Token::Match(tok, "* %name%") && tok->astOperand1()) {
call    0 returned 100%
branch  1 taken 100% (fallthrough)
branch  2 taken 0% (throw)
branch  3 taken 1% (fallthrough)
branch  4 taken 99%
call    5 returned 100%
branch  6 taken 98% (fallthrough)
branch  7 taken 2%
branch  8 taken 1% (fallthrough)
branch  9 taken 99%
      126:  210:                const Token *tok2 = tok->previous();
call    0 returned 100%
        -:  211:
      146:  212:                while (tok2 && tok2->str() == "*")
branch  0 taken 100% (fallthrough)
branch  1 taken 0%
call    2 returned 100%
call    3 returned 100%
branch  4 taken 7% (fallthrough)
branch  5 taken 93%
branch  6 taken 7% (fallthrough)
branch  7 taken 93%
       10:  213:                    tok2 = tok2->previous();
call    0 returned 100%
        -:  214:
      126:  215:                if (tok2 && !tok2->astParent() && Token::Match(tok2, "[{};]")) {
branch  0 taken 100% (fallthrough)
branch  1 taken 0%
call    2 returned 100%
branch  3 taken 40% (fallthrough)
branch  4 taken 60%
call    5 returned 100%
branch  6 taken 100% (fallthrough)
branch  7 taken 0% (throw)
branch  8 taken 42% (fallthrough)
branch  9 taken 58%
branch 10 taken 17% (fallthrough)
branch 11 taken 83%
       21:  216:                    tok2 = tok->astOperand1();
call    0 returned 100%
       21:  217:                    if (Token::Match(tok2, "++|-- [;,]"))
call    0 returned 100%
branch  1 taken 100% (fallthrough)
branch  2 taken 0% (throw)
branch  3 taken 33% (fallthrough)
branch  4 taken 67%
        7:  218:                        clarifyStatementError(tok2);
call    0 returned 100%
branch  1 taken 100% (fallthrough)
branch  2 taken 0% (throw)
        -:  219:                }
        -:  220:            }
        -:  221:        }
        -:  222:    }
        -:  223:}
        -:  224:
function _ZN10CheckOther21clarifyStatementErrorEPK5Token called 7 returned 100% blocks executed 100%
        7:  225:void CheckOther::clarifyStatementError(const Token *tok)
        -:  226:{
        7:  227:    reportError(tok, Severity::warning, "clarifyStatement", "In expression like '*A++' the result of '*' is unused. Did you intend to write '(*A)++;'?\n"
call    0 returned 100%
        -:  228:                "A statement like '*A++;' might not do what you intended. Postfix 'operator++' is executed before 'operator*'. "
        -:  229:                "Thus, the dereference is meaningless. Did you intend to write '(*A)++;'?", CWE783, false);
        7:  230:}
        -:  231:
        -:  232://---------------------------------------------------------------------------
        -:  233:// Check for suspicious occurrences of 'if(); {}'.
        -:  234://---------------------------------------------------------------------------
function _ZN10CheckOther24checkSuspiciousSemicolonEv called 927 returned 100% blocks executed 91%
      927:  235:void CheckOther::checkSuspiciousSemicolon()
        -:  236:{
      927:  237:    if (!mSettings->inconclusive || !mSettings->isEnabled(Settings::WARNING))
branch  0 taken 89% (fallthrough)
branch  1 taken 11%
call    2 returned 100%
branch  3 taken 0% (fallthrough)
branch  4 taken 100%
branch  5 taken 11% (fallthrough)
branch  6 taken 89%
      101:  238:        return;
        -:  239:
      826:  240:    const SymbolDatabase* const symbolDatabase = mTokenizer->getSymbolDatabase();
call    0 returned 100%
        -:  241:
        -:  242:    // Look for "if(); {}", "for(); {}" or "while(); {}"
     3154:  243:    for (const Scope &scope : symbolDatabase->scopeList) {
call    0 returned 100%
call    1 returned 100%
call    2 returned 100%
branch  3 taken 74% (fallthrough)
branch  4 taken 26%
call    5 returned 100%
call    6 returned 100%
call    7 returned 100%
call    8 returned 100%
call    9 never executed
call   10 never executed
     2328:  244:        if (scope.type == Scope::eIf || scope.type == Scope::eElse || scope.type == Scope::eWhile || scope.type == Scope::eFor) {
branch  0 taken 88% (fallthrough)
branch  1 taken 12%
branch  2 taken 99% (fallthrough)
branch  3 taken 1%
branch  4 taken 99% (fallthrough)
branch  5 taken 1%
branch  6 taken 2% (fallthrough)
branch  7 taken 98%
        -:  245:            // Ensure the semicolon is at the same line number as the if/for/while statement
        -:  246:            // and the {..} block follows it without an extra empty line.
      737:  247:            if (Token::simpleMatch(scope.bodyStart, "{ ; } {") &&
call    0 returned 100%
branch  1 taken 100% (fallthrough)
branch  2 taken 0% (throw)
branch  3 taken 80% (fallthrough)
branch  4 taken 20%
branch  5 taken 1% (fallthrough)
branch  6 taken 99%
        5:  248:                scope.bodyStart->previous()->linenr() == scope.bodyStart->tokAt(2)->linenr()
call    0 returned 100%
call    1 returned 100%
call    2 returned 100%
branch  3 taken 100% (fallthrough)
branch  4 taken 0% (throw)
call    5 returned 100%
      370:  249:                && scope.bodyStart->linenr()+1 >= scope.bodyStart->tokAt(3)->linenr()) {
branch  0 taken 1% (fallthrough)
branch  1 taken 99%
call    2 returned 100%
call    3 returned 100%
branch  4 taken 100% (fallthrough)
branch  5 taken 0% (throw)
call    6 returned 100%
branch  7 taken 75% (fallthrough)
branch  8 taken 25%
        3:  250:                SuspiciousSemicolonError(scope.classDef);
call    0 returned 100%
branch  1 taken 100% (fallthrough)
branch  2 taken 0% (throw)
        -:  251:            }
        -:  252:        }
        -:  253:    }
        -:  254:}
        -:  255:
function _ZN10CheckOther24SuspiciousSemicolonErrorEPK5Token called 3 returned 100% blocks executed 55%
        3:  256:void CheckOther::SuspiciousSemicolonError(const Token* tok)
        -:  257:{
        6:  258:    reportError(tok, Severity::warning, "suspiciousSemicolon",
call    0 returned 100%
branch  1 taken 100% (fallthrough)
branch  2 taken 0% (throw)
        6:  259:                "Suspicious use of ; at the end of '" + (tok ? tok->str() : std::string()) + "' statement.", CWE398, true);
branch  0 taken 100% (fallthrough)
branch  1 taken 0%
call    2 returned 100%
call    3 returned 100%
call    4 never executed
call    5 returned 100%
branch  6 taken 100% (fallthrough)
branch  7 taken 0% (throw)
call    8 returned 100%
branch  9 taken 100% (fallthrough)
branch 10 taken 0% (throw)
call   11 returned 100%
call   12 returned 100%
call   13 returned 100%
call   14 never executed
call   15 never executed
call   16 never executed
        3:  260:}
        -:  261:
        -:  262:
        -:  263://---------------------------------------------------------------------------
        -:  264:// For C++ code, warn if C-style casts are used on pointer types
        -:  265://---------------------------------------------------------------------------
function _ZN10CheckOther26warningOldStylePointerCastEv called 944 returned 100% blocks executed 94%
      944:  266:void CheckOther::warningOldStylePointerCast()
        -:  267:{
        -:  268:    // Only valid on C++ code
      944:  269:    if (!mSettings->isEnabled(Settings::STYLE) || !mTokenizer->isCPP())
call    0 returned 100%
branch  1 taken 100% (fallthrough)
branch  2 taken 0%
call    3 returned 100%
branch  4 taken 2% (fallthrough)
branch  5 taken 98%
branch  6 taken 2% (fallthrough)
branch  7 taken 98%
       22:  270:        return;
        -:  271:
      922:  272:    const SymbolDatabase *symbolDatabase = mTokenizer->getSymbolDatabase();
call    0 returned 100%
     1896:  273:    for (const Scope * scope : symbolDatabase->functionScopes) {
call    0 returned 100%
call    1 returned 100%
call    2 returned 100%
branch  3 taken 51% (fallthrough)
branch  4 taken 49%
call    5 returned 100%
call    6 returned 100%
call    7 returned 100%
call    8 returned 100%
call    9 never executed
call   10 never executed
        -:  274:        const Token* tok;
      974:  275:        if (scope->function && scope->function->isConstructor())
branch  0 taken 99% (fallthrough)
branch  1 taken 1%
call    2 returned 100%
branch  3 taken 3% (fallthrough)
branch  4 taken 97%
branch  5 taken 3% (fallthrough)
branch  6 taken 97%
       30:  276:            tok = scope->classDef;
        -:  277:        else
      944:  278:            tok = scope->bodyStart;
    36792:  279:        for (; tok && tok != scope->bodyEnd; tok = tok->next()) {
branch  0 taken 100% (fallthrough)
branch  1 taken 0%
branch  2 taken 95% (fallthrough)
branch  3 taken 5%
call    4 returned 100%
        -:  280:            // Old style pointer casting..
    17909:  281:            if (!Token::Match(tok, "( const|volatile| const|volatile| %type% * const| ) (| %name%|%num%|%bool%|%char%|%str%"))
call    0 returned 100%
branch  1 taken 100% (fallthrough)
branch  2 taken 0% (throw)
branch  3 taken 99% (fallthrough)
branch  4 taken 1%
    17895:  282:                continue;
        -:  283:
        -:  284:            // skip first "const" in "const Type* const"
       11:  285:            while (Token::Match(tok->next(), "const|volatile"))
call    0 returned 100%
call    1 returned 100%
branch  2 taken 100% (fallthrough)
branch  3 taken 0% (throw)
branch  4 taken 44% (fallthrough)
branch  5 taken 56%
       11:  286:                tok = tok->next();
call    0 returned 100%
       14:  287:            const Token* typeTok = tok->next();
call    0 returned 100%
        -:  288:            // skip second "const" in "const Type* const"
       14:  289:            if (tok->strAt(3) == "const")
call    0 returned 100%
branch  1 taken 100% (fallthrough)
branch  2 taken 0% (throw)
call    3 returned 100%
branch  4 taken 21% (fallthrough)
branch  5 taken 79%
        3:  290:                tok = tok->next();
call    0 returned 100%
        -:  291:
       14:  292:            const Token *p = tok->tokAt(4);
call    0 returned 100%
branch  1 taken 100% (fallthrough)
branch  2 taken 0% (throw)
       14:  293:            if (p->hasKnownIntValue() && p->values().front().intvalue==0) // Casting nullpointers is safe
call    0 returned 100%
branch  1 taken 100% (fallthrough)
branch  2 taken 0% (throw)
branch  3 taken 14% (fallthrough)
branch  4 taken 86%
call    5 returned 100%
call    6 returned 100%
branch  7 taken 50% (fallthrough)
branch  8 taken 50%
branch  9 taken 7% (fallthrough)
branch 10 taken 93%
        1:  294:                continue;
        -:  295:
        -:  296:            // Is "type" a class?
       13:  297:            if (typeTok->type())
call    0 returned 100%
branch  1 taken 100% (fallthrough)
branch  2 taken 0%
       13:  298:                cstyleCastError(tok);
call    0 returned 100%
branch  1 taken 100% (fallthrough)
branch  2 taken 0% (throw)
        -:  299:        }
        -:  300:    }
        -:  301:}
        -:  302:
function _ZN10CheckOther15cstyleCastErrorEPK5Token called 13 returned 100% blocks executed 100%
       13:  303:void CheckOther::cstyleCastError(const Token *tok)
        -:  304:{
       13:  305:    reportError(tok, Severity::style, "cstyleCast",
call    0 returned 100%
        -:  306:                "C-style pointer casting\n"
        -:  307:                "C-style pointer casting detected. C++ offers four different kinds of casts as replacements: "
        -:  308:                "static_cast, const_cast, dynamic_cast and reinterpret_cast. A C-style cast could evaluate to "
        -:  309:                "any of those automatically, thus it is considered safer if the programmer explicitly states "
        -:  310:                "which kind of cast is expected. See also: https://www.securecoding.cert.org/confluence/display/cplusplus/EXP05-CPP.+Do+not+use+C-style+casts.", CWE398, false);
       13:  311:}
        -:  312:
        -:  313://---------------------------------------------------------------------------
        -:  314:// float* f; double* d = (double*)f; <-- Pointer cast to a type with an incompatible binary data representation
        -:  315://---------------------------------------------------------------------------
        -:  316:
function _ZN10CheckOther18invalidPointerCastEv called 939 returned 100% blocks executed 82%
      939:  317:void CheckOther::invalidPointerCast()
        -:  318:{
      939:  319:    if (!mSettings->isEnabled(Settings::PORTABILITY))
call    0 returned 100%
branch  1 taken 1% (fallthrough)
branch  2 taken 99%
        1:  320:        return;
        -:  321:
      938:  322:    const bool printInconclusive = mSettings->inconclusive;
      938:  323:    const SymbolDatabase* const symbolDatabase = mTokenizer->getSymbolDatabase();
call    0 returned 100%
     1929:  324:    for (const Scope * scope : symbolDatabase->functionScopes) {
call    0 returned 100%
call    1 returned 100%
call    2 returned 100%
branch  3 taken 51% (fallthrough)
branch  4 taken 49%
call    5 returned 100%
call    6 returned 100%
call    7 returned 100%
call    8 returned 100%
call    9 never executed
call   10 never executed
    18017:  325:        for (const Token* tok = scope->bodyStart->next(); tok != scope->bodyEnd; tok = tok->next()) {
call    0 returned 100%
branch  1 taken 94% (fallthrough)
branch  2 taken 6%
call    3 returned 100%
    17026:  326:            const Token* toTok = nullptr;
    17026:  327:            const Token* fromTok = nullptr;
        -:  328:            // Find cast
    17026:  329:            if (Token::Match(tok, "( const|volatile| const|volatile| %type% %type%| const| * )")) {
call    0 returned 100%
branch  1 taken 100% (fallthrough)
branch  2 taken 0% (throw)
branch  3 taken 1% (fallthrough)
branch  4 taken 99%
       13:  330:                toTok = tok;
       13:  331:                fromTok = tok->astOperand1();
call    0 returned 100%
    17013:  332:            } else if (Token::simpleMatch(tok, "reinterpret_cast <") && tok->linkAt(1)) {
call    0 returned 100%
branch  1 taken 100% (fallthrough)
branch  2 taken 0% (throw)
branch  3 taken 1% (fallthrough)
branch  4 taken 99%
call    5 returned 100%
branch  6 taken 100% (fallthrough)
branch  7 taken 0% (throw)
branch  8 taken 100% (fallthrough)
branch  9 taken 0%
branch 10 taken 1% (fallthrough)
branch 11 taken 99%
        3:  333:                toTok = tok->linkAt(1)->next();
call    0 returned 100%
branch  1 taken 100% (fallthrough)
branch  2 taken 0% (throw)
call    3 returned 100%
        3:  334:                fromTok = toTok->astOperand2();
call    0 returned 100%
        -:  335:            }
    17026:  336:            if (!fromTok)
branch  0 taken 99% (fallthrough)
branch  1 taken 1%
    17010:  337:                continue;
        -:  338:
       16:  339:            const ValueType* fromType = fromTok->valueType();
call    0 returned 100%
       16:  340:            const ValueType* toType = toTok->valueType();
call    0 returned 100%
       16:  341:            if (!fromType || !toType || !fromType->pointer || !toType->pointer)
branch  0 taken 100% (fallthrough)
branch  1 taken 0%
branch  2 taken 100% (fallthrough)
branch  3 taken 0%
branch  4 taken 88% (fallthrough)
branch  5 taken 13%
branch  6 taken 0% (fallthrough)
branch  7 taken 100%
        2:  342:                continue;
        -:  343:
       14:  344:            if (fromType->type != toType->type && fromType->type >= ValueType::Type::BOOL && toType->type >= ValueType::Type::BOOL && (toType->type != ValueType::Type::CHAR || printInconclusive)) {
branch  0 taken 100% (fallthrough)
branch  1 taken 0%
branch  2 taken 100% (fallthrough)
branch  3 taken 0%
branch  4 taken 100% (fallthrough)
branch  5 taken 0%
branch  6 taken 14% (fallthrough)
branch  7 taken 86%
branch  8 taken 50% (fallthrough)
branch  9 taken 50%
       13:  345:                if (toType->isIntegral() && fromType->isIntegral())
call    0 returned 100%
branch  1 taken 23% (fallthrough)
branch  2 taken 77%
call    3 returned 100%
branch  4 taken 33% (fallthrough)
branch  5 taken 67%
branch  6 taken 8% (fallthrough)
branch  7 taken 92%
        1:  346:                    continue;
       24:  347:                std::string toStr = toType->isIntegral() ? "integer *" : toType->str();
call    0 returned 100%
branch  1 taken 17% (fallthrough)
branch  2 taken 83%
call    3 returned 100%
call    4 returned 100%
branch  5 taken 100% (fallthrough)
branch  6 taken 0% (throw)
call    7 returned 100%
branch  8 taken 100% (fallthrough)
branch  9 taken 0% (throw)
branch 10 taken 17% (fallthrough)
branch 11 taken 83%
call   12 returned 100%
call   13 returned 100%
branch 14 never executed
branch 15 never executed
call   16 never executed
call   17 never executed
       12:  348:                toStr.erase(toStr.size()-2);
call    0 returned 100%
call    1 returned 100%
branch  2 taken 100% (fallthrough)
branch  3 taken 0% (throw)
       24:  349:                std::string fromStr = fromType->isIntegral() ? "integer *" : fromType->str();
call    0 returned 100%
branch  1 taken 33% (fallthrough)
branch  2 taken 67%
call    3 returned 100%
call    4 returned 100%
branch  5 taken 100% (fallthrough)
branch  6 taken 0% (throw)
call    7 returned 100%
branch  8 taken 100% (fallthrough)
branch  9 taken 0% (throw)
branch 10 taken 33% (fallthrough)
branch 11 taken 67%
call   12 returned 100%
call   13 returned 100%
branch 14 never executed
branch 15 never executed
call   16 never executed
call   17 never executed
       12:  350:                fromStr.erase(fromStr.size() - 2);
call    0 returned 100%
call    1 returned 100%
branch  2 taken 100% (fallthrough)
branch  3 taken 0% (throw)
        -:  351:
       12:  352:                invalidPointerCastError(tok, fromStr, toStr, toType->type == ValueType::Type::CHAR);
call    0 returned 100%
branch  1 taken 100% (fallthrough)
branch  2 taken 0% (throw)
        -:  353:            }
        -:  354:        }
        -:  355:    }
        -:  356:}
        -:  357:
function _ZN10CheckOther23invalidPointerCastErrorEPK5TokenRKNSt7__cxx1112basic_stringIcSt11char_traitsIcESaIcEEESA_b called 12 returned 100% blocks executed 55%
       12:  358:void CheckOther::invalidPointerCastError(const Token* tok, const std::string& from, const std::string& to, bool inconclusive)
        -:  359:{
       12:  360:    if (to == "integer") { // If we cast something to int*, this can be useful to play with its binary data representation
call    0 returned 100%
branch  1 taken 17% (fallthrough)
branch  2 taken 83%
        2:  361:        if (!inconclusive)
branch  0 taken 50% (fallthrough)
branch  1 taken 50%
        1:  362:            reportError(tok, Severity::portability, "invalidPointerCast", "Casting from " + from + "* to integer* is not portable due to different binary data representations on different platforms.", CWE704, false);
call    0 returned 100%
call    1 returned 100%
branch  2 taken 100% (fallthrough)
branch  3 taken 0% (throw)
call    4 returned 100%
branch  5 taken 100% (fallthrough)
branch  6 taken 0% (throw)
call    7 returned 100%
call    8 returned 100%
call    9 never executed
call   10 never executed
call   11 never executed
        -:  363:        else
        1:  364:            reportError(tok, Severity::portability, "invalidPointerCast", "Casting from " + from + "* to char* is not portable due to different binary data representations on different platforms.", CWE704, true);
call    0 returned 100%
call    1 returned 100%
branch  2 taken 100% (fallthrough)
branch  3 taken 0% (throw)
call    4 returned 100%
branch  5 taken 100% (fallthrough)
branch  6 taken 0% (throw)
call    7 returned 100%
call    8 returned 100%
call    9 never executed
call   10 never executed
call   11 never executed
        -:  365:    } else
       10:  366:        reportError(tok, Severity::portability, "invalidPointerCast", "Casting between " + from + "* and " + to + "* which have an incompatible binary data representation.", CWE704, false);
call    0 returned 100%
call    1 returned 100%
branch  2 taken 100% (fallthrough)
branch  3 taken 0% (throw)
call    4 returned 100%
branch  5 taken 100% (fallthrough)
branch  6 taken 0% (throw)
call    7 returned 100%
branch  8 taken 100% (fallthrough)
branch  9 taken 0% (throw)
call   10 returned 100%
branch 11 taken 100% (fallthrough)
branch 12 taken 0% (throw)
call   13 returned 100%
call   14 returned 100%
call   15 returned 100%
call   16 returned 100%
call   17 never executed
call   18 never executed
call   19 never executed
call   20 never executed
       12:  367:}
        -:  368:
        -:  369://---------------------------------------------------------------------------
        -:  370:// This check detects errors on POSIX systems, when a pipe command called
        -:  371:// with a wrong dimensioned file descriptor array. The pipe command requires
        -:  372:// exactly an integer array of dimension two as parameter.
        -:  373://
        -:  374:// References:
        -:  375://  - http://linux.die.net/man/2/pipe
        -:  376://  - ticket #3521
        -:  377://---------------------------------------------------------------------------
function _ZN10CheckOther22checkPipeParameterSizeEv called 927 returned 100% blocks executed 86%
      927:  378:void CheckOther::checkPipeParameterSize()
        -:  379:{
      927:  380:    if (!mSettings->posix())
call    0 returned 100%
branch  1 taken 99% (fallthrough)
branch  2 taken 1%
      921:  381:        return;
        -:  382:
        6:  383:    const SymbolDatabase *symbolDatabase = mTokenizer->getSymbolDatabase();
call    0 returned 100%
       12:  384:    for (const Scope * scope : symbolDatabase->functionScopes) {
call    0 returned 100%
call    1 returned 100%
call    2 returned 100%
branch  3 taken 50% (fallthrough)
branch  4 taken 50%
call    5 returned 100%
call    6 returned 100%
call    7 returned 100%
call    8 returned 100%
call    9 never executed
call   10 never executed
      126:  385:        for (const Token* tok = scope->bodyStart->next(); tok != scope->bodyEnd; tok = tok->next()) {
call    0 returned 100%
branch  1 taken 95% (fallthrough)
branch  2 taken 5%
call    3 returned 100%
      237:  386:            if (Token::Match(tok, "pipe ( %var% )") ||
call    0 returned 100%
branch  1 taken 100% (fallthrough)
branch  2 taken 0% (throw)
branch  3 taken 98% (fallthrough)
branch  4 taken 3%
branch  5 taken 3% (fallthrough)
branch  6 taken 97%
branch  7 taken 5% (fallthrough)
branch  8 taken 95%
      117:  387:                Token::Match(tok, "pipe2 ( %var% ,")) {
call    0 returned 100%
branch  1 taken 100% (fallthrough)
branch  2 taken 0% (throw)
        6:  388:                const Token * const varTok = tok->tokAt(2);
call    0 returned 100%
branch  1 taken 100% (fallthrough)
branch  2 taken 0% (throw)
        -:  389:
        6:  390:                const Variable *var = varTok->variable();
call    0 returned 100%
        -:  391:                MathLib::bigint dim;
        6:  392:                if (var && var->isArray() && !var->isArgument() && ((dim=var->dimension(0U)) < 2)) {
branch  0 taken 100% (fallthrough)
branch  1 taken 0%
call    2 returned 100%
branch  3 taken 100% (fallthrough)
branch  4 taken 0%
call    5 returned 100%
branch  6 taken 100% (fallthrough)
branch  7 taken 0%
call    8 returned 100%
branch  9 taken 33% (fallthrough)
branch 10 taken 67%
branch 11 taken 33% (fallthrough)
branch 12 taken 67%
        4:  393:                    const std::string strDim = MathLib::toString(dim);
call    0 returned 100%
branch  1 taken 100% (fallthrough)
branch  2 taken 0% (throw)
call    3 returned 100%
call    4 never executed
        2:  394:                    checkPipeParameterSizeError(varTok,varTok->str(), strDim);
call    0 returned 100%
call    1 returned 100%
branch  2 taken 100% (fallthrough)
branch  3 taken 0% (throw)
        -:  395:                }
        -:  396:            }
        -:  397:        }
        -:  398:    }
        -:  399:}
        -:  400:
function _ZN10CheckOther27checkPipeParameterSizeErrorEPK5TokenRKNSt7__cxx1112basic_stringIcSt11char_traitsIcESaIcEEESA_ called 2 returned 100% blocks executed 50%
        2:  401:void CheckOther::checkPipeParameterSizeError(const Token *tok, const std::string &strVarName, const std::string &strDim)
        -:  402:{
        4:  403:    reportError(tok, Severity::error,
call    0 returned 100%
branch  1 taken 100% (fallthrough)
branch  2 taken 0% (throw)
        -:  404:                "wrongPipeParameterSize",
        4:  405:                "$symbol:" + strVarName + "\n"
call    0 returned 100%
call    1 returned 100%
branch  2 taken 100% (fallthrough)
branch  3 taken 0% (throw)
call    4 returned 100%
call    5 returned 100%
call    6 never executed
call    7 never executed
        -:  406:                "Buffer '$symbol' must have size of 2 integers if used as parameter of pipe().\n"
        -:  407:                "The pipe()/pipe2() system command takes an argument, which is an array of exactly two integers.\n"
        4:  408:                "The variable '$symbol' is an array of size " + strDim + ", which does not match.", CWE686, false);
call    0 returned 100%
branch  1 taken 100% (fallthrough)
branch  2 taken 0% (throw)
call    3 returned 100%
branch  4 taken 100% (fallthrough)
branch  5 taken 0% (throw)
call    6 returned 100%
call    7 returned 100%
call    8 never executed
call    9 never executed
        2:  409:}
        -:  410:
        -:  411://---------------------------------------------------------------------------
        -:  412:// Detect redundant assignments: x = 0; x = 4;
        -:  413://---------------------------------------------------------------------------
        -:  414:
function _ZN10CheckOther24checkRedundantAssignmentEv called 927 returned 100% blocks executed 88%
      927:  415:void CheckOther::checkRedundantAssignment()
        -:  416:{
      927:  417:    if (!mSettings->isEnabled(Settings::STYLE))
call    0 returned 100%
branch  1 taken 0% (fallthrough)
branch  2 taken 100%
    #####:  418:        return;
      927:  419:    const SymbolDatabase* symbolDatabase = mTokenizer->getSymbolDatabase();
call    0 returned 100%
     1908:  420:    for (const Scope *scope : symbolDatabase->functionScopes) {
call    0 returned 100%
call    1 returned 100%
call    2 returned 100%
branch  3 taken 51% (fallthrough)
branch  4 taken 49%
call    5 returned 100%
call    6 returned 100%
call    7 returned 100%
call    8 returned 100%
call    9 never executed
call   10 never executed
      981:  421:        if (!scope->bodyStart)
branch  0 taken 0% (fallthrough)
branch  1 taken 100%
    #####:  422:            continue;
    17536:  423:        for (const Token* tok = scope->bodyStart->next(); tok != scope->bodyEnd; tok = tok->next()) {
call    0 returned 100%
branch  1 taken 94% (fallthrough)
branch  2 taken 6%
call    3 returned 100%
    16562:  424:            if (Token::simpleMatch(tok, "] ("))
call    0 returned 100%
branch  1 taken 100% (fallthrough)
branch  2 taken 0% (throw)
branch  3 taken 1% (fallthrough)
branch  4 taken 99%
        -:  425:                // todo: handle lambdas
        7:  426:                break;
    16555:  427:            if (Token::simpleMatch(tok, "try {"))
call    0 returned 100%
branch  1 taken 100% (fallthrough)
branch  2 taken 0% (throw)
branch  3 taken 1% (fallthrough)
branch  4 taken 99%
        -:  428:                // todo: check try blocks
        6:  429:                tok = tok->linkAt(1);
call    0 returned 100%
branch  1 taken 100% (fallthrough)
branch  2 taken 0% (throw)
    16555:  430:            if ((tok->isAssignmentOp() || Token::Match(tok, "++|--")) && tok->astOperand1()) {
call    0 returned 100%
branch  1 taken 95% (fallthrough)
branch  2 taken 5%
call    3 returned 100%
branch  4 taken 100% (fallthrough)
branch  5 taken 0% (throw)
branch  6 taken 1% (fallthrough)
branch  7 taken 99%
call    8 returned 100%
branch  9 taken 99% (fallthrough)
branch 10 taken 1%
branch 11 taken 6% (fallthrough)
branch 12 taken 94%
     1002:  431:                if (tok->astParent())
call    0 returned 100%
branch  1 taken 12% (fallthrough)
branch  2 taken 88%
     1078:  432:                    continue;
        -:  433:
        -:  434:                // Do not warn about redundant initialization when rhs is trivial
        -:  435:                // TODO : do not simplify the variable declarations
      886:  436:                bool isInitialization = false;
      886:  437:                if (Token::Match(tok->tokAt(-3), "%var% ; %var% =") && tok->previous()->variable() && tok->previous()->variable()->nameToken() == tok->tokAt(-3) && tok->tokAt(-3)->linenr() == tok->previous()->linenr()) {
call    0 returned 100%
branch  1 taken 100% (fallthrough)
branch  2 taken 0% (throw)
call    3 returned 100%
branch  4 taken 100% (fallthrough)
branch  5 taken 0% (throw)
branch  6 taken 48% (fallthrough)
branch  7 taken 52%
call    8 returned 100%
call    9 returned 100%
branch 10 taken 99% (fallthrough)
branch 11 taken 1%
call   12 returned 100%
call   13 returned 100%
call   14 returned 100%
call   15 returned 100%
branch 16 taken 100% (fallthrough)
branch 17 taken 0% (throw)
branch 18 taken 98% (fallthrough)
branch 19 taken 2%
call   20 returned 100%
branch 21 taken 100% (fallthrough)
branch 22 taken 0% (throw)
call   23 returned 100%
call   24 returned 100%
call   25 returned 100%
branch 26 taken 97% (fallthrough)
branch 27 taken 3%
branch 28 taken 46% (fallthrough)
branch 29 taken 54%
      404:  438:                    isInitialization = true;
      404:  439:                    bool trivial = true;
      404:  440:                    visitAstNodes(tok->astOperand2(),
call    0 returned 100%
branch  1 taken 100% (fallthrough)
branch  2 taken 0% (throw)
call    3 returned 100%
call    4 returned 100%
branch  5 taken 100% (fallthrough)
branch  6 taken 0% (throw)
call    7 returned 100%
call    8 never executed
function _ZZN10CheckOther24checkRedundantAssignmentEvENKUlPK5TokenE_clES2_ called 404 returned 100% blocks executed 94%
      404:  441:                    [&](const Token *rhs) {
      404:  442:                        if (Token::simpleMatch(rhs, "{ 0 }"))
call    0 returned 100%
branch  1 taken 1% (fallthrough)
branch  2 taken 99%
        2:  443:                            return ChildrenToVisit::none;
      402:  444:                        if (Token::Match(rhs, "%str%|%num%|%name%") && !rhs->varId())
call    0 returned 100%
branch  1 taken 52% (fallthrough)
branch  2 taken 48%
call    3 returned 100%
branch  4 taken 91% (fallthrough)
branch  5 taken 9%
branch  6 taken 48% (fallthrough)
branch  7 taken 52%
      191:  445:                            return ChildrenToVisit::none;
      211:  446:                        if (rhs->isCast())
call    0 returned 100%
branch  1 taken 0% (fallthrough)
branch  2 taken 100%
    #####:  447:                            return ChildrenToVisit::op2;
      211:  448:                        trivial = false;
      211:  449:                        return ChildrenToVisit::done;
        -:  450:                    });
      404:  451:                    if (trivial)
branch  0 taken 48% (fallthrough)
branch  1 taken 52%
      193:  452:                        continue;
        -:  453:                }
        -:  454:
        -:  455:                // Do not warn about assignment with 0 / NULL
      693:  456:                if (Token::simpleMatch(tok->astOperand2(), "0") || FwdAnalysis::isNullOperand(tok->astOperand2()))
call    0 returned 100%
call    1 returned 100%
branch  2 taken 100% (fallthrough)
branch  3 taken 0% (throw)
branch  4 taken 98% (fallthrough)
branch  5 taken 2%
call    6 returned 100%
call    7 returned 100%
branch  8 taken 100% (fallthrough)
branch  9 taken 0% (throw)
branch 10 taken 1% (fallthrough)
branch 11 taken 99%
branch 12 taken 2% (fallthrough)
branch 13 taken 98%
       13:  457:                    continue;
        -:  458:
      680:  459:                if (tok->astOperand1()->variable() && tok->astOperand1()->variable()->isReference())
call    0 returned 100%
call    1 returned 100%
branch  2 taken 82% (fallthrough)
branch  3 taken 18%
call    4 returned 100%
call    5 returned 100%
call    6 returned 100%
branch  7 taken 6% (fallthrough)
branch  8 taken 94%
branch  9 taken 5% (fallthrough)
branch 10 taken 95%
        -:  460:                    // todo: check references
       36:  461:                    continue;
        -:  462:
      644:  463:                if (tok->astOperand1()->variable() && tok->astOperand1()->variable()->isStatic())
call    0 returned 100%
call    1 returned 100%
branch  2 taken 81% (fallthrough)
branch  3 taken 19%
call    4 returned 100%
call    5 returned 100%
call    6 returned 100%
branch  7 taken 1% (fallthrough)
branch  8 taken 99%
branch  9 taken 1% (fallthrough)
branch 10 taken 99%
        -:  464:                    // todo: check static variables
        6:  465:                    continue;
        -:  466:
        -:  467:                // If there is a custom assignment operator => this is inconclusive
      638:  468:                bool inconclusive = false;
      638:  469:                if (mTokenizer->isCPP() && tok->astOperand1()->valueType() && tok->astOperand1()->valueType()->typeScope) {
call    0 returned 100%
branch  1 taken 98% (fallthrough)
branch  2 taken 2%
call    3 returned 100%
call    4 returned 100%
branch  5 taken 87% (fallthrough)
branch  6 taken 13%
call    7 returned 100%
call    8 returned 100%
branch  9 taken 7% (fallthrough)
branch 10 taken 93%
branch 11 taken 6% (fallthrough)
branch 12 taken 94%
       76:  470:                    const std::string op = "operator" + tok->str();
call    0 returned 100%
call    1 returned 100%
branch  2 taken 100% (fallthrough)
branch  3 taken 0% (throw)
call    4 returned 100%
       63:  471:                    for (const Function &f : tok->astOperand1()->valueType()->typeScope->functionList) {
call    0 returned 100%
call    1 returned 100%
call    2 returned 100%
call    3 returned 100%
call    4 returned 100%
branch  5 taken 43% (fallthrough)
branch  6 taken 57%
call    7 returned 100%
call    8 returned 100%
call    9 returned 100%
call   10 returned 100%
       27:  472:                        if (f.name() == op) {
call    0 returned 100%
call    1 returned 100%
branch  2 taken 7% (fallthrough)
branch  3 taken 93%
        2:  473:                            inconclusive = true;
        2:  474:                            break;
        -:  475:                        }
        -:  476:                    }
        -:  477:                }
      638:  478:                if (inconclusive && !mSettings->inconclusive)
branch  0 taken 1% (fallthrough)
branch  1 taken 99%
branch  2 taken 0% (fallthrough)
branch  3 taken 100%
    #####:  479:                    continue;
        -:  480:
      678:  481:                FwdAnalysis fwdAnalysis(mTokenizer->isCPP(), mSettings->library);
call    0 returned 100%
call    1 returned 100%
call    2 never executed
      638:  482:                if (fwdAnalysis.hasOperand(tok->astOperand2(), tok->astOperand1()))
call    0 returned 100%
call    1 returned 100%
call    2 returned 100%
branch  3 taken 100% (fallthrough)
branch  4 taken 0% (throw)
branch  5 taken 5% (fallthrough)
branch  6 taken 95%
       30:  483:                    continue;
        -:  484:
        -:  485:                // Is there a redundant assignment?
        -:  486:                const Token *start;
      608:  487:                if (tok->isAssignmentOp())
call    0 returned 100%
branch  1 taken 88% (fallthrough)
branch  2 taken 12%
      533:  488:                    start = tok->next();
call    0 returned 100%
        -:  489:                else
       75:  490:                    start = tok->findExpressionStartEndTokens().second->next();
call    0 returned 100%
branch  1 taken 100% (fallthrough)
branch  2 taken 0% (throw)
call    3 returned 100%
        -:  491:
        -:  492:                // Get next assignment..
      608:  493:                const Token *nextAssign = fwdAnalysis.reassign(tok->astOperand1(), start, scope->bodyEnd);
call    0 returned 100%
call    1 returned 100%
branch  2 taken 100% (fallthrough)
branch  3 taken 0% (throw)
        -:  494:
      608:  495:                if (!nextAssign)
branch  0 taken 93% (fallthrough)
branch  1 taken 7%
      568:  496:                    continue;
        -:  497:
        -:  498:                // there is redundant assignment. Is there a case between the assignments?
       40:  499:                bool hasCase = false;
      250:  500:                for (const Token *tok2 = tok; tok2 != nextAssign; tok2 = tok2->next()) {
branch  0 taken 91% (fallthrough)
branch  1 taken 9%
call    2 returned 100%
      227:  501:                    if (tok2->str() == "break" || tok2->str() == "return")
call    0 returned 100%
call    1 returned 100%
branch  2 taken 98% (fallthrough)
branch  3 taken 2%
call    4 returned 100%
call    5 returned 100%
branch  6 taken 0% (fallthrough)
branch  7 taken 100%
branch  8 taken 2% (fallthrough)
branch  9 taken 98%
        4:  502:                        break;
      223:  503:                    if (tok2->str() == "case") {
call    0 returned 100%
call    1 returned 100%
branch  2 taken 6% (fallthrough)
branch  3 taken 94%
       13:  504:                        hasCase = true;
       13:  505:                        break;
        -:  506:                    }
        -:  507:                }
        -:  508:
        -:  509:                // warn
       40:  510:                if (hasCase)
branch  0 taken 33% (fallthrough)
branch  1 taken 68%
       13:  511:                    redundantAssignmentInSwitchError(tok, nextAssign, tok->astOperand1()->expressionString());
call    0 returned 100%
call    1 returned 100%
branch  2 taken 100% (fallthrough)
branch  3 taken 0% (throw)
call    4 returned 100%
branch  5 taken 100% (fallthrough)
branch  6 taken 0% (throw)
call    7 returned 100%
call    8 never executed
       27:  512:                else if (isInitialization)
branch  0 taken 11% (fallthrough)
branch  1 taken 89%
        3:  513:                    redundantInitializationError(tok, nextAssign, tok->astOperand1()->expressionString(), inconclusive);
call    0 returned 100%
call    1 returned 100%
branch  2 taken 100% (fallthrough)
branch  3 taken 0% (throw)
call    4 returned 100%
branch  5 taken 100% (fallthrough)
branch  6 taken 0% (throw)
call    7 returned 100%
call    8 never executed
        -:  514:                else
       24:  515:                    redundantAssignmentError(tok, nextAssign, tok->astOperand1()->expressionString(), inconclusive);
call    0 returned 100%
call    1 returned 100%
branch  2 taken 100% (fallthrough)
branch  3 taken 0% (throw)
call    4 returned 100%
branch  5 taken 100% (fallthrough)
branch  6 taken 0% (throw)
call    7 returned 100%
call    8 returned 100%
branch  9 taken 6%
branch 10 taken 94%
call   11 never executed
        -:  516:            }
        -:  517:        }
        -:  518:    }
        -:  519:}
        -:  520:
function _ZN10CheckOther18redundantCopyErrorEPK5TokenS2_RKNSt7__cxx1112basic_stringIcSt11char_traitsIcESaIcEEE called 0 returned 0% blocks executed 0%
    #####:  521:void CheckOther::redundantCopyError(const Token *tok1, const Token* tok2, const std::string& var)
        -:  522:{
    #####:  523:    const std::list<const Token *> callstack = { tok1, tok2 };
call    0 never executed
call    1 never executed
branch  2 never executed
branch  3 never executed
call    4 never executed
call    5 never executed
call    6 never executed
    #####:  524:    reportError(callstack, Severity::performance, "redundantCopy",
call    0 never executed
branch  1 never executed
branch  2 never executed
    #####:  525:                "$symbol:" + var + "\n"
call    0 never executed
branch  1 never executed
branch  2 never executed
call    3 never executed
branch  4 never executed
branch  5 never executed
call    6 never executed
call    7 never executed
call    8 never executed
call    9 never executed
        -:  526:                "Buffer '$symbol' is being written before its old content has been used.", CWE563, false);
    #####:  527:}
call    0 never executed
        -:  528:
function _ZN10CheckOther26redundantCopyInSwitchErrorEPK5TokenS2_RKNSt7__cxx1112basic_stringIcSt11char_traitsIcESaIcEEE called 0 returned 0% blocks executed 0%
    #####:  529:void CheckOther::redundantCopyInSwitchError(const Token *tok1, const Token* tok2, const std::string &var)
        -:  530:{
    #####:  531:    const std::list<const Token *> callstack = { tok1, tok2 };
call    0 never executed
call    1 never executed
branch  2 never executed
branch  3 never executed
call    4 never executed
call    5 never executed
call    6 never executed
    #####:  532:    reportError(callstack, Severity::warning, "redundantCopyInSwitch",
call    0 never executed
branch  1 never executed
branch  2 never executed
    #####:  533:                "$symbol:" + var + "\n"
call    0 never executed
branch  1 never executed
branch  2 never executed
call    3 never executed
branch  4 never executed
branch  5 never executed
call    6 never executed
call    7 never executed
call    8 never executed
call    9 never executed
        -:  534:                "Buffer '$symbol' is being written before its old content has been used. 'break;' missing?", CWE563, false);
    #####:  535:}
call    0 never executed
        -:  536:
function _ZN10CheckOther24redundantAssignmentErrorEPK5TokenS2_RKNSt7__cxx1112basic_stringIcSt11char_traitsIcESaIcEEEb called 24 returned 100% blocks executed 50%
       24:  537:void CheckOther::redundantAssignmentError(const Token *tok1, const Token* tok2, const std::string& var, bool inconclusive)
        -:  538:{
       48:  539:    const ErrorPath errorPath = { ErrorPathItem(tok1, var + " is assigned"), ErrorPathItem(tok2, var + " is overwritten") };
call    0 returned 100%
branch  1 taken 100% (fallthrough)
branch  2 taken 0% (throw)
call    3 returned 100%
call    4 returned 100%
branch  5 taken 100% (fallthrough)
branch  6 taken 0% (throw)
call    7 returned 100%
call    8 returned 100%
call    9 returned 100%
branch 10 taken 100% (fallthrough)
branch 11 taken 0% (throw)
call   12 returned 100%
branch 13 taken 67% (fallthrough)
branch 14 taken 33%
call   15 returned 100%
call   16 returned 100%
call   17 returned 100%
call   18 returned 100%
branch 19 never executed
branch 20 never executed
call   21 never executed
call   22 never executed
call   23 never executed
call   24 never executed
       24:  540:    if (inconclusive)
branch  0 taken 4% (fallthrough)
branch  1 taken 96%
        2:  541:        reportError(errorPath, Severity::style, "redundantAssignment",
call    0 returned 100%
branch  1 taken 100% (fallthrough)
branch  2 taken 0% (throw)
        2:  542:                    "$symbol:" + var + "\n"
call    0 returned 100%
branch  1 taken 100% (fallthrough)
branch  2 taken 0% (throw)
call    3 returned 100%
branch  4 taken 100% (fallthrough)
branch  5 taken 0% (throw)
call    6 returned 100%
call    7 returned 100%
call    8 never executed
call    9 never executed
        -:  543:                    "Variable '$symbol' is reassigned a value before the old one has been used if variable is no semaphore variable.\n"
        -:  544:                    "Variable '$symbol' is reassigned a value before the old one has been used. Make sure that this variable is not used like a semaphore in a threading environment before simplifying this code.", CWE563, true);
        -:  545:    else
       46:  546:        reportError(errorPath, Severity::style, "redundantAssignment",
call    0 returned 100%
branch  1 taken 100% (fallthrough)
branch  2 taken 0% (throw)
       46:  547:                    "$symbol:" + var + "\n"
call    0 returned 100%
branch  1 taken 100% (fallthrough)
branch  2 taken 0% (throw)
call    3 returned 100%
branch  4 taken 100% (fallthrough)
branch  5 taken 0% (throw)
call    6 returned 100%
call    7 returned 100%
call    8 never executed
call    9 never executed
        -:  548:                    "Variable '$symbol' is reassigned a value before the old one has been used.", CWE563, false);
       24:  549:}
call    0 never executed
        -:  550:
function _ZN10CheckOther28redundantInitializationErrorEPK5TokenS2_RKNSt7__cxx1112basic_stringIcSt11char_traitsIcESaIcEEEb called 3 returned 100% blocks executed 48%
        3:  551:void CheckOther::redundantInitializationError(const Token *tok1, const Token* tok2, const std::string& var, bool inconclusive)
        -:  552:{
        6:  553:    const ErrorPath errorPath = { ErrorPathItem(tok1, var + " is initialized"), ErrorPathItem(tok2, var + " is overwritten") };
call    0 returned 100%
branch  1 taken 100% (fallthrough)
branch  2 taken 0% (throw)
call    3 returned 100%
call    4 returned 100%
branch  5 taken 100% (fallthrough)
branch  6 taken 0% (throw)
call    7 returned 100%
call    8 returned 100%
call    9 returned 100%
branch 10 taken 100% (fallthrough)
branch 11 taken 0% (throw)
call   12 returned 100%
branch 13 taken 67% (fallthrough)
branch 14 taken 33%
call   15 returned 100%
call   16 returned 100%
call   17 returned 100%
call   18 returned 100%
branch 19 never executed
branch 20 never executed
call   21 never executed
call   22 never executed
call   23 never executed
call   24 never executed
        6:  554:    reportError(errorPath, Severity::style, "redundantInitialization",
call    0 returned 100%
branch  1 taken 100% (fallthrough)
branch  2 taken 0% (throw)
        6:  555:                "$symbol:" + var + "\nRedundant initialization for '$symbol'. The initialized value is overwritten before it is read.",
call    0 returned 100%
branch  1 taken 100% (fallthrough)
branch  2 taken 0% (throw)
call    3 returned 100%
branch  4 taken 100% (fallthrough)
branch  5 taken 0% (throw)
call    6 returned 100%
call    7 returned 100%
call    8 never executed
call    9 never executed
        -:  556:                CWE563,
        -:  557:                inconclusive);
        3:  558:}
call    0 never executed
        -:  559:
function _ZN10CheckOther32redundantAssignmentInSwitchErrorEPK5TokenS2_RKNSt7__cxx1112basic_stringIcSt11char_traitsIcESaIcEEE called 13 returned 100% blocks executed 50%
       13:  560:void CheckOther::redundantAssignmentInSwitchError(const Token *tok1, const Token* tok2, const std::string &var)
        -:  561:{
       26:  562:    const ErrorPath errorPath = { ErrorPathItem(tok1, "$symbol is assigned"), ErrorPathItem(tok2, "$symbol is overwritten") };
call    0 returned 100%
branch  1 taken 100% (fallthrough)
branch  2 taken 0% (throw)
call    3 returned 100%
branch  4 taken 100% (fallthrough)
branch  5 taken 0% (throw)
call    6 returned 100%
call    7 returned 100%
branch  8 taken 100% (fallthrough)
branch  9 taken 0% (throw)
call   10 returned 100%
branch 11 taken 67% (fallthrough)
branch 12 taken 33%
call   13 returned 100%
call   14 returned 100%
branch 15 never executed
branch 16 never executed
call   17 never executed
call   18 never executed
       26:  563:    reportError(errorPath, Severity::warning, "redundantAssignInSwitch",
call    0 returned 100%
branch  1 taken 100% (fallthrough)
branch  2 taken 0% (throw)
       26:  564:                "$symbol:" + var + "\n"
call    0 returned 100%
branch  1 taken 100% (fallthrough)
branch  2 taken 0% (throw)
call    3 returned 100%
branch  4 taken 100% (fallthrough)
branch  5 taken 0% (throw)
call    6 returned 100%
call    7 returned 100%
call    8 never executed
call    9 never executed
        -:  565:                "Variable '$symbol' is reassigned a value before the old one has been used. 'break;' missing?", CWE563, false);
       13:  566:}
call    0 never executed
        -:  567:
        -:  568:
        -:  569://---------------------------------------------------------------------------
        -:  570://    switch (x)
        -:  571://    {
        -:  572://        case 2:
        -:  573://            y = a;        // <- this assignment is redundant
        -:  574://        case 3:
        -:  575://            y = b;        // <- case 2 falls through and sets y twice
        -:  576://    }
        -:  577://---------------------------------------------------------------------------
function _ZL24isFunctionOrBreakPatternPK5Token called 1286 returned 100% blocks executed 100%
     1286:  578:static inline bool isFunctionOrBreakPattern(const Token *tok)
        -:  579:{
     1286:  580:    if (Token::Match(tok, "%name% (") || Token::Match(tok, "break|continue|return|exit|goto|throw"))
call    0 returned 100%
branch  1 taken 97% (fallthrough)
branch  2 taken 3%
call    3 returned 100%
branch  4 taken 4% (fallthrough)
branch  5 taken 96%
branch  6 taken 7% (fallthrough)
branch  7 taken 93%
       84:  581:        return true;
        -:  582:
     1202:  583:    return false;
        -:  584:}
        -:  585:
function _ZN10CheckOther32checkRedundantAssignmentInSwitchEv called 927 returned 100% blocks executed 63%
      927:  586:void CheckOther::checkRedundantAssignmentInSwitch()
        -:  587:{
      927:  588:    if (!mSettings->isEnabled(Settings::WARNING))
call    0 returned 100%
branch  1 taken 0% (fallthrough)
branch  2 taken 100%
    #####:  589:        return;
        -:  590:
      927:  591:    const SymbolDatabase *symbolDatabase = mTokenizer->getSymbolDatabase();
call    0 returned 100%
        -:  592:
        -:  593:    // Find the beginning of a switch. E.g.:
        -:  594:    //   switch (var) { ...
     3570:  595:    for (const Scope &switchScope : symbolDatabase->scopeList) {
call    0 returned 100%
call    1 returned 100%
call    2 returned 100%
branch  3 taken 74% (fallthrough)
branch  4 taken 26%
call    5 returned 100%
call    6 returned 100%
call    7 returned 100%
call    8 returned 100%
call    9 never executed
call   10 never executed
     2643:  596:        if (switchScope.type != Scope::eSwitch || !switchScope.bodyStart)
branch  0 taken 3% (fallthrough)
branch  1 taken 97%
branch  2 taken 0% (fallthrough)
branch  3 taken 100%
     2573:  597:            continue;
        -:  598:
        -:  599:        // Check the contents of the switch statement
      140:  600:        std::map<int, const Token*> varsWithBitsSet;
call    0 returned 100%
call    1 returned 100%
call    2 never executed
      140:  601:        std::map<int, std::string> bitOperations;
call    0 returned 100%
call    1 returned 100%
call    2 never executed
        -:  602:
     1314:  603:        for (const Token *tok2 = switchScope.bodyStart->next(); tok2 != switchScope.bodyEnd; tok2 = tok2->next()) {
call    0 returned 100%
branch  1 taken 95% (fallthrough)
branch  2 taken 5%
call    3 returned 100%
     1244:  604:            if (tok2->str() == "{") {
call    0 returned 100%
call    1 returned 100%
branch  2 taken 1% (fallthrough)
branch  3 taken 99%
        -:  605:                // Inside a conditional or loop. Don't mark variable accesses as being redundant. E.g.:
        -:  606:                //   case 3: b = 1;
        -:  607:                //   case 4: if (a) { b = 2; }    // Doesn't make the b=1 redundant because it's conditional
       16:  608:                if (Token::Match(tok2->previous(), ")|else {") && tok2->link()) {
call    0 returned 100%
call    1 returned 100%
branch  2 taken 100% (fallthrough)
branch  3 taken 0% (throw)
branch  4 taken 56% (fallthrough)
branch  5 taken 44%
call    6 returned 100%
branch  7 taken 100% (fallthrough)
branch  8 taken 0%
branch  9 taken 56% (fallthrough)
branch 10 taken 44%
        9:  609:                    const Token* endOfConditional = tok2->link();
call    0 returned 100%
       59:  610:                    for (const Token* tok3 = tok2; tok3 != endOfConditional; tok3 = tok3->next()) {
branch  0 taken 85% (fallthrough)
branch  1 taken 15%
call    2 returned 100%
       50:  611:                        if (tok3->varId() != 0) {
call    0 returned 100%
branch  1 taken 16% (fallthrough)
branch  2 taken 84%
        8:  612:                            varsWithBitsSet.erase(tok3->varId());
call    0 returned 100%
call    1 returned 100%
branch  2 taken 100% (fallthrough)
branch  3 taken 0% (throw)
        8:  613:                            bitOperations.erase(tok3->varId());
call    0 returned 100%
call    1 returned 100%
branch  2 taken 100% (fallthrough)
branch  3 taken 0% (throw)
       42:  614:                        } else if (isFunctionOrBreakPattern(tok3)) {
call    0 returned 100%
branch  1 taken 100% (fallthrough)
branch  2 taken 0% (throw)
branch  3 taken 12% (fallthrough)
branch  4 taken 88%
        5:  615:                            varsWithBitsSet.clear();
call    0 returned 100%
        5:  616:                            bitOperations.clear();
call    0 returned 100%
        -:  617:                        }
        -:  618:                    }
        9:  619:                    tok2 = endOfConditional;
        -:  620:                }
        -:  621:            }
        -:  622:
        -:  623:            // Variable assignment. Report an error if it's assigned to twice before a break. E.g.:
        -:  624:            //    case 3: b = 1;    // <== redundant
        -:  625:            //    case 4: b = 2;
        -:  626:
     1244:  627:            if (Token::Match(tok2->previous(), ";|{|}|: %var% = %any% ;")) {
call    0 returned 100%
call    1 returned 100%
branch  2 taken 100% (fallthrough)
branch  3 taken 0% (throw)
branch  4 taken 4% (fallthrough)
branch  5 taken 96%
       46:  628:                varsWithBitsSet.erase(tok2->varId());
call    0 returned 100%
call    1 returned 100%
branch  2 taken 100% (fallthrough)
branch  3 taken 0% (throw)
       46:  629:                bitOperations.erase(tok2->varId());
call    0 returned 100%
call    1 returned 100%
branch  2 taken 100% (fallthrough)
branch  3 taken 0% (throw)
        -:  630:            }
        -:  631:
        -:  632:            // Bitwise operation. Report an error if it's performed twice before a break. E.g.:
        -:  633:            //    case 3: b |= 1;    // <== redundant
        -:  634:            //    case 4: b |= 1;
     2417:  635:            else if (Token::Match(tok2->previous(), ";|{|}|: %var% %assign% %num% ;") &&
call    0 returned 100%
call    1 returned 100%
branch  2 taken 100% (fallthrough)
branch  3 taken 0% (throw)
branch  4 taken 33% (fallthrough)
branch  5 taken 67%
branch  6 taken 2% (fallthrough)
branch  7 taken 98%
     1224:  636:                     (tok2->strAt(1) == "|=" || tok2->strAt(1) == "&=") &&
branch  0 taken 2% (fallthrough)
branch  1 taken 98%
call    2 returned 100%
branch  3 taken 100% (fallthrough)
branch  4 taken 0% (throw)
call    5 returned 100%
call    6 returned 100%
branch  7 taken 100% (fallthrough)
branch  8 taken 0% (throw)
[...]
call    0 returned 100%
call    1 returned 100%
branch  2 taken 100% (fallthrough)
branch  3 taken 0% (throw)
call    4 returned 100%
call    5 returned 100%
call    6 returned 100%
branch  7 taken 100% (fallthrough)
branch  8 taken 0% (throw)
call    9 returned 100%
call   10 returned 100%
call   11 never executed
call   12 never executed
        1: 2932:                        shadowArg = true;
        1: 2933:                        break;
        -: 2934:                    }
        -: 2935:                }
      633: 2936:                if (shadowArg)
branch  0 taken 1% (fallthrough)
branch  1 taken 99%
        1: 2937:                    continue;
        -: 2938:            }
        -: 2939:
      633: 2940:            const Token *shadowed = findShadowed(scope.nestedIn, var.name(), var.nameToken()->linenr());
call    0 returned 100%
call    1 returned 100%
call    2 returned 100%
call    3 returned 100%
branch  4 taken 100% (fallthrough)
branch  5 taken 0% (throw)
      633: 2941:            if (!shadowed)
branch  0 taken 99% (fallthrough)
branch  1 taken 1%
      628: 2942:                continue;
        5: 2943:            if (scope.type == Scope::eFunction && scope.className == var.name())
branch  0 taken 100% (fallthrough)
branch  1 taken 0%
call    2 returned 100%
call    3 returned 100%
branch  4 taken 40% (fallthrough)
branch  5 taken 60%
branch  6 taken 40% (fallthrough)
branch  7 taken 60%
        2: 2944:                continue;
        3: 2945:            shadowError(var.nameToken(), shadowed, (shadowed->varId() != 0) ? "variable" : "function");
call    0 returned 100%
call    1 returned 100%
branch  2 taken 33% (fallthrough)
branch  3 taken 67%
call    4 returned 100%
branch  5 taken 100% (fallthrough)
branch  6 taken 0% (throw)
call    7 returned 100%
call    8 returned 100%
branch  9 taken 100% (fallthrough)
branch 10 taken 0% (throw)
call   11 returned 100%
call   12 returned 100%
call   13 never executed
call   14 never executed
        -: 2946:        }
        -: 2947:    }
        -: 2948:}
        -: 2949:
function _ZN10CheckOther11shadowErrorEPK5TokenS2_NSt7__cxx1112basic_stringIcSt11char_traitsIcESaIcEEE called 4 returned 100% blocks executed 53%
        4: 2950:void CheckOther::shadowError(const Token *var, const Token *shadowed, std::string type)
        -: 2951:{
        8: 2952:    ErrorPath errorPath;
call    0 returned 100%
call    1 returned 100%
call    2 never executed
        4: 2953:    errorPath.push_back(ErrorPathItem(shadowed, "Shadowed declaration"));
call    0 returned 100%
branch  1 taken 100% (fallthrough)
branch  2 taken 0% (throw)
call    3 returned 100%
branch  4 taken 100% (fallthrough)
branch  5 taken 0% (throw)
call    6 returned 100%
call    7 never executed
        4: 2954:    errorPath.push_back(ErrorPathItem(var, "Shadow variable"));
call    0 returned 100%
branch  1 taken 100% (fallthrough)
branch  2 taken 0% (throw)
call    3 returned 100%
branch  4 taken 100% (fallthrough)
branch  5 taken 0% (throw)
call    6 returned 100%
call    7 never executed
call    8 never executed
        4: 2955:    const std::string &varname = var ? var->str() : type;
branch  0 taken 100% (fallthrough)
branch  1 taken 0%
call    2 returned 100%
        8: 2956:    const std::string Type = char(std::toupper(type[0])) + type.substr(1);
call    0 returned 100%
branch  1 taken 100% (fallthrough)
branch  2 taken 0% (throw)
call    3 returned 100%
branch  4 taken 100% (fallthrough)
branch  5 taken 0% (throw)
call    6 returned 100%
branch  7 taken 100% (fallthrough)
branch  8 taken 0% (throw)
call    9 returned 100%
call   10 returned 100%
call   11 never executed
call   12 never executed
        8: 2957:    const std::string id = "shadow" + Type;
call    0 returned 100%
branch  1 taken 100% (fallthrough)
branch  2 taken 0% (throw)
call    3 returned 100%
call    4 never executed
        8: 2958:    const std::string message = "$symbol:" + varname + "\nLocal variable \'$symbol\' shadows outer " + type;
call    0 returned 100%
branch  1 taken 100% (fallthrough)
branch  2 taken 0% (throw)
call    3 returned 100%
branch  4 taken 100% (fallthrough)
branch  5 taken 0% (throw)
call    6 returned 100%
branch  7 taken 100% (fallthrough)
branch  8 taken 0% (throw)
call    9 returned 100%
call   10 returned 100%
call   11 returned 100%
call   12 never executed
call   13 never executed
        4: 2959:    reportError(errorPath, Severity::style, id.c_str(), message, CWE398, false);
call    0 returned 100%
call    1 returned 100%
branch  2 taken 100% (fallthrough)
branch  3 taken 0% (throw)
        4: 2960:}
        -: 2961:
function _ZL20isVariableExpressionPK5Token called 19 returned 100% blocks executed 94%
       19: 2962:static bool isVariableExpression(const Token* tok)
        -: 2963:{
       19: 2964:    if (Token::Match(tok, "%var%"))
call    0 returned 100%
branch  1 taken 74% (fallthrough)
branch  2 taken 26%
       14: 2965:        return true;
        5: 2966:    if (Token::simpleMatch(tok, "."))
call    0 returned 100%
branch  1 taken 20% (fallthrough)
branch  2 taken 80%
        2: 2967:        return isVariableExpression(tok->astOperand1()) &&
call    0 returned 100%
call    1 returned 100%
branch  2 taken 100% (fallthrough)
branch  3 taken 0%
branch  4 taken 100% (fallthrough)
branch  5 taken 0%
        2: 2968:               isVariableExpression(tok->astOperand2());
call    0 returned 100%
call    1 returned 100%
        4: 2969:    return false;
        -: 2970:}
        -: 2971:
function _ZN10CheckOther18checkConstArgumentEv called 927 returned 100% blocks executed 92%
      927: 2972:void CheckOther::checkConstArgument()
        -: 2973:{
      927: 2974:    if (!mSettings->isEnabled(Settings::STYLE))
call    0 returned 100%
branch  1 taken 0% (fallthrough)
branch  2 taken 100%
    #####: 2975:        return;
      927: 2976:    const SymbolDatabase *symbolDatabase = mTokenizer->getSymbolDatabase();
call    0 returned 100%
     1908: 2977:    for (const Scope *functionScope : symbolDatabase->functionScopes) {
call    0 returned 100%
call    1 returned 100%
call    2 returned 100%
branch  3 taken 51% (fallthrough)
branch  4 taken 49%
call    5 returned 100%
call    6 returned 100%
call    7 returned 100%
call    8 returned 100%
call    9 never executed
call   10 never executed
    18796: 2978:        for (const Token *tok = functionScope->bodyStart; tok != functionScope->bodyEnd; tok = tok->next()) {
branch  0 taken 95% (fallthrough)
branch  1 taken 5%
call    2 returned 100%
    17815: 2979:            if (!Token::simpleMatch(tok->astParent(), "("))
call    0 returned 100%
call    1 returned 100%
branch  2 taken 100% (fallthrough)
branch  3 taken 0% (throw)
branch  4 taken 88% (fallthrough)
branch  5 taken 12%
    15614: 2980:                continue;
     2201: 2981:            if (!Token::Match(tok->astParent()->previous(), "%name%"))
call    0 returned 100%
call    1 returned 100%
call    2 returned 100%
branch  3 taken 100% (fallthrough)
branch  4 taken 0% (throw)
branch  5 taken 3% (fallthrough)
branch  6 taken 97%
       77: 2982:                continue;
     2124: 2983:            if (Token::Match(tok->astParent()->previous(), "if|while|switch|sizeof"))
call    0 returned 100%
call    1 returned 100%
call    2 returned 100%
branch  3 taken 100% (fallthrough)
branch  4 taken 0% (throw)
branch  5 taken 45% (fallthrough)
branch  6 taken 55%
      954: 2984:                continue;
     1170: 2985:            if (tok == tok->astParent()->previous())
call    0 returned 100%
call    1 returned 100%
branch  2 taken 49% (fallthrough)
branch  3 taken 51%
      573: 2986:                continue;
      597: 2987:            if (!tok->hasKnownIntValue())
call    0 returned 100%
branch  1 taken 100% (fallthrough)
branch  2 taken 0% (throw)
branch  3 taken 90% (fallthrough)
branch  4 taken 10%
      535: 2988:                continue;
       62: 2989:            if (Token::Match(tok, "++|--"))
call    0 returned 100%
branch  1 taken 100% (fallthrough)
branch  2 taken 0% (throw)
branch  3 taken 2% (fallthrough)
branch  4 taken 98%
        1: 2990:                continue;
       61: 2991:            if (isConstVarExpression(tok))
call    0 returned 100%
branch  1 taken 100% (fallthrough)
branch  2 taken 0% (throw)
branch  3 taken 72% (fallthrough)
branch  4 taken 28%
       44: 2992:                continue;
       17: 2993:            const Token * tok2 = tok;
       17: 2994:            if (isCPPCast(tok2))
call    0 returned 100%
branch  1 taken 100% (fallthrough)
branch  2 taken 0% (throw)
branch  3 taken 6% (fallthrough)
branch  4 taken 94%
        1: 2995:                tok2 = tok2->astOperand2();
call    0 returned 100%
       17: 2996:            if (isVariableExpression(tok2))
call    0 returned 100%
branch  1 taken 100% (fallthrough)
branch  2 taken 0% (throw)
branch  3 taken 76% (fallthrough)
branch  4 taken 24%
       13: 2997:                continue;
        4: 2998:            constArgumentError(tok, tok->astParent()->previous(), &tok->values().front());
call    0 returned 100%
call    1 returned 100%
call    2 returned 100%
call    3 returned 100%
call    4 returned 100%
branch  5 taken 100% (fallthrough)
branch  6 taken 0% (throw)
        -: 2999:        }
        -: 3000:    }
        -: 3001:}
        -: 3002:
function _ZN10CheckOther18constArgumentErrorEPK5TokenS2_PKN9ValueFlow5ValueE called 4 returned 100% blocks executed 44%
        4: 3003:void CheckOther::constArgumentError(const Token *tok, const Token *ftok, const ValueFlow::Value *value)
        -: 3004:{
        4: 3005:    MathLib::bigint intvalue = value ? value->intvalue : 0;
branch  0 taken 100% (fallthrough)
branch  1 taken 0%
        8: 3006:    const std::string expr = tok ? tok->expressionString() : std::string("x");
branch  0 taken 100% (fallthrough)
branch  1 taken 0%
call    2 returned 100%
branch  3 taken 100% (fallthrough)
branch  4 taken 0% (throw)
call    5 never executed
call    6 never executed
branch  7 never executed
branch  8 never executed
branch  9 taken 0% (fallthrough)
branch 10 taken 100%
call   11 never executed
call   12 returned 100%
branch 13 never executed
branch 14 never executed
call   15 never executed
call   16 never executed
        8: 3007:    const std::string fun = ftok ? ftok->str() : std::string("f");
branch  0 taken 100% (fallthrough)
branch  1 taken 0%
call    2 returned 100%
call    3 returned 100%
branch  4 taken 100% (fallthrough)
branch  5 taken 0% (throw)
call    6 never executed
call    7 never executed
branch  8 never executed
branch  9 never executed
branch 10 taken 0% (fallthrough)
branch 11 taken 100%
call   12 never executed
call   13 returned 100%
branch 14 never executed
branch 15 never executed
call   16 never executed
call   17 never executed
call   18 never executed
        -: 3008:
        8: 3009:    const std::string errmsg = "Argument '" + expr + "' to function " + fun + " is always " + std::to_string(intvalue);
call    0 returned 100%
branch  1 taken 100% (fallthrough)
branch  2 taken 0% (throw)
call    3 returned 100%
branch  4 taken 100% (fallthrough)
branch  5 taken 0% (throw)
call    6 returned 100%
branch  7 taken 100% (fallthrough)
branch  8 taken 0% (throw)
call    9 returned 100%
branch 10 taken 100% (fallthrough)
branch 11 taken 0% (throw)
call   12 returned 100%
branch 13 taken 100% (fallthrough)
branch 14 taken 0% (throw)
call   15 returned 100%
branch 16 taken 100% (fallthrough)
branch 17 taken 0% (throw)
call   18 returned 100%
call   19 returned 100%
call   20 returned 100%
call   21 returned 100%
call   22 returned 100%
call   23 returned 100%
call   24 never executed
call   25 never executed
call   26 never executed
call   27 never executed
call   28 never executed
        8: 3010:    const ErrorPath errorPath = getErrorPath(tok, value, errmsg);
call    0 returned 100%
branch  1 taken 100% (fallthrough)
branch  2 taken 0% (throw)
call    3 returned 100%
call    4 never executed
        4: 3011:    reportError(errorPath, Severity::style, "constArgument", errmsg, CWE570, false);
call    0 returned 100%
branch  1 taken 100% (fallthrough)
branch  2 taken 0% (throw)
        4: 3012:}
        -: 3013:
function _ZN10CheckOther20checkComparePointersEv called 927 returned 100% blocks executed 86%
      927: 3014:void CheckOther::checkComparePointers()
        -: 3015:{
      927: 3016:    const SymbolDatabase *symbolDatabase = mTokenizer->getSymbolDatabase();
call    0 returned 100%
     1908: 3017:    for (const Scope *functionScope : symbolDatabase->functionScopes) {
call    0 returned 100%
call    1 returned 100%
call    2 returned 100%
branch  3 taken 51% (fallthrough)
branch  4 taken 49%
call    5 returned 100%
call    6 returned 100%
call    7 returned 100%
call    8 returned 100%
call    9 never executed
call   10 never executed
    18796: 3018:        for (const Token *tok = functionScope->bodyStart; tok != functionScope->bodyEnd; tok = tok->next()) {
branch  0 taken 95% (fallthrough)
branch  1 taken 5%
call    2 returned 100%
    17815: 3019:            if (!Token::Match(tok, "<|>|<=|>=|-"))
call    0 returned 100%
branch  1 taken 100% (fallthrough)
branch  2 taken 0% (throw)
branch  3 taken 99% (fallthrough)
branch  4 taken 1%
    35370: 3020:                continue;
      253: 3021:            const Token *tok1 = tok->astOperand1();
call    0 returned 100%
      253: 3022:            const Token *tok2 = tok->astOperand2();
call    0 returned 100%
      253: 3023:            if (!astIsPointer(tok1) || !astIsPointer(tok2))
call    0 returned 100%
branch  1 taken 100% (fallthrough)
branch  2 taken 0% (throw)
branch  3 taken 14% (fallthrough)
branch  4 taken 86%
call    5 returned 100%
branch  6 taken 100% (fallthrough)
branch  7 taken 0% (throw)
branch  8 taken 34% (fallthrough)
branch  9 taken 66%
branch 10 taken 91% (fallthrough)
branch 11 taken 9%
      230: 3024:                continue;
       30: 3025:            ValueFlow::Value v1 = getLifetimeObjValue(tok1);
call    0 returned 100%
branch  1 taken 100% (fallthrough)
branch  2 taken 0% (throw)
call    3 never executed
       30: 3026:            ValueFlow::Value v2 = getLifetimeObjValue(tok2);
call    0 returned 100%
branch  1 taken 100% (fallthrough)
branch  2 taken 0% (throw)
call    3 returned 100%
branch  4 taken 30%
branch  5 taken 70%
call    6 never executed
       23: 3027:            if (!v1.isLocalLifetimeValue() || !v2.isLocalLifetimeValue())
call    0 returned 100%
branch  1 taken 43% (fallthrough)
branch  2 taken 57%
call    3 returned 100%
branch  4 taken 10% (fallthrough)
branch  5 taken 90%
branch  6 taken 61% (fallthrough)
branch  7 taken 39%
       14: 3028:                continue;
        9: 3029:            const Variable *var1 = v1.tokvalue->variable();
call    0 returned 100%
        9: 3030:            const Variable *var2 = v2.tokvalue->variable();
call    0 returned 100%
        9: 3031:            if (!var1 || !var2)
branch  0 taken 100% (fallthrough)
branch  1 taken 0%
branch  2 taken 0% (fallthrough)
branch  3 taken 100%
    #####: 3032:                continue;
        9: 3033:            if (v1.tokvalue->varId() == v2.tokvalue->varId())
call    0 returned 100%
call    1 returned 100%
branch  2 taken 11% (fallthrough)
branch  3 taken 89%
        1: 3034:                continue;
        8: 3035:            if (var1->isReference() || var2->isReference())
call    0 returned 100%
branch  1 taken 88% (fallthrough)
branch  2 taken 13%
call    3 returned 100%
branch  4 taken 0% (fallthrough)
branch  5 taken 100%
branch  6 taken 13% (fallthrough)
branch  7 taken 88%
        1: 3036:                continue;
        7: 3037:            if (var1->isRValueReference() || var2->isRValueReference())
call    0 returned 100%
branch  1 taken 100% (fallthrough)
branch  2 taken 0%
call    3 returned 100%
branch  4 taken 0% (fallthrough)
branch  5 taken 100%
branch  6 taken 0% (fallthrough)
branch  7 taken 100%
    #####: 3038:                continue;
        7: 3039:            comparePointersError(tok, &v1, &v2);
call    0 returned 100%
branch  1 taken 100% (fallthrough)
branch  2 taken 0% (throw)
call    3 returned 100%
branch  4 taken 30%
branch  5 taken 70%
        -: 3040:        }
        -: 3041:    }
      927: 3042:}
        -: 3043:
function _ZN10CheckOther20comparePointersErrorEPK5TokenPKN9ValueFlow5ValueES6_ called 7 returned 100% blocks executed 56%
        7: 3044:void CheckOther::comparePointersError(const Token *tok, const ValueFlow::Value *v1, const ValueFlow::Value *v2)
        -: 3045:{
       14: 3046:    ErrorPath errorPath;
call    0 returned 100%
call    1 returned 100%
call    2 never executed
       14: 3047:    std::string verb = "Comparing";
call    0 returned 100%
call    1 returned 100%
branch  2 taken 100% (fallthrough)
branch  3 taken 0% (throw)
call    4 returned 100%
call    5 returned 100%
call    6 never executed
        7: 3048:    if (Token::simpleMatch(tok, "-"))
call    0 returned 100%
branch  1 taken 100% (fallthrough)
branch  2 taken 0% (throw)
branch  3 taken 14% (fallthrough)
branch  4 taken 86%
        1: 3049:        verb = "Subtracting";
call    0 returned 100%
branch  1 taken 100% (fallthrough)
branch  2 taken 0% (throw)
        7: 3050:    if (v1) {
branch  0 taken 100% (fallthrough)
branch  1 taken 0%
        7: 3051:        errorPath.emplace_back(v1->tokvalue->variable()->nameToken(), "Variable declared here.");
call    0 returned 100%
call    1 returned 100%
call    2 returned 100%
branch  3 taken 100% (fallthrough)
branch  4 taken 0% (throw)
        7: 3052:        errorPath.insert(errorPath.end(), v1->errorPath.begin(), v1->errorPath.end());
call    0 returned 100%
call    1 returned 100%
call    2 returned 100%
call    3 returned 100%
call    4 returned 100%
branch  5 taken 100% (fallthrough)
branch  6 taken 0% (throw)
call    7 returned 100%
call    8 returned 100%
call    9 returned 100%
call   10 returned 100%
call   11 returned 100%
call   12 never executed
call   13 never executed
call   14 never executed
call   15 never executed
        -: 3053:    }
        7: 3054:    if (v2) {
branch  0 taken 100% (fallthrough)
branch  1 taken 0%
        7: 3055:        errorPath.emplace_back(v2->tokvalue->variable()->nameToken(), "Variable declared here.");
call    0 returned 100%
call    1 returned 100%
call    2 returned 100%
branch  3 taken 100% (fallthrough)
branch  4 taken 0% (throw)
        7: 3056:        errorPath.insert(errorPath.end(), v2->errorPath.begin(), v2->errorPath.end());
call    0 returned 100%
call    1 returned 100%
call    2 returned 100%
call    3 returned 100%
call    4 returned 100%
branch  5 taken 100% (fallthrough)
branch  6 taken 0% (throw)
call    7 returned 100%
call    8 returned 100%
call    9 returned 100%
call   10 returned 100%
call   11 returned 100%
call   12 never executed
call   13 never executed
call   14 never executed
call   15 never executed
        -: 3057:    }
        7: 3058:    errorPath.emplace_back(tok, "");
call    0 returned 100%
branch  1 taken 100% (fallthrough)
branch  2 taken 0% (throw)
       14: 3059:    reportError(
call    0 returned 100%
branch  1 taken 100% (fallthrough)
branch  2 taken 0% (throw)
       14: 3060:        errorPath, Severity::error, "comparePointers", verb + " pointers that point to different objects", CWE570, false);
call    0 returned 100%
branch  1 taken 100% (fallthrough)
branch  2 taken 0% (throw)
call    3 returned 100%
call    4 never executed
function _GLOBAL__sub_I__ZN10CheckOther25checkCastIntToCharAndBackEv called 1 returned 100% blocks executed 100%
function _Z41__static_initialization_and_destruction_0ii called 1 returned 100% blocks executed 100%
       10: 3061:}
call    0 returned 100%
branch  1 taken 100% (fallthrough)
branch  2 taken 0%
branch  3 taken 100% (fallthrough)
branch  4 taken 0%
call    5 never executed
