        -:    0:Source:/home/workspace/lib/templatesimplifier.cpp
        -:    0:Graph:/home/workspace/build/lib/CMakeFiles/lib_objs.dir/templatesimplifier.gcno
        -:    0:Data:/home/workspace/build/lib/CMakeFiles/lib_objs.dir/templatesimplifier.gcda
        -:    0:Runs:1
        -:    0:Programs:1
        -:    1:/*
        -:    2: * Cppcheck - A tool for static C/C++ code analysis
        -:    3: * Copyright (C) 2007-2019 Cppcheck team.
        -:    4: *
        -:    5: * This program is free software: you can redistribute it and/or modify
        -:    6: * it under the terms of the GNU General Public License as published by
        -:    7: * the Free Software Foundation, either version 3 of the License, or
        -:    8: * (at your option) any later version.
        -:    9: *
        -:   10: * This program is distributed in the hope that it will be useful,
        -:   11: * but WITHOUT ANY WARRANTY; without even the implied warranty of
        -:   12: * MERCHANTABILITY or FITNESS FOR A PARTICULAR PURPOSE.  See the
        -:   13: * GNU General Public License for more details.
        -:   14: *
        -:   15: * You should have received a copy of the GNU General Public License
        -:   16: * along with this program.  If not, see <http://www.gnu.org/licenses/>.
        -:   17: */
        -:   18:
        -:   19:#include "templatesimplifier.h"
        -:   20:
        -:   21:#include "errorlogger.h"
        -:   22:#include "mathlib.h"
        -:   23:#include "settings.h"
        -:   24:#include "token.h"
        -:   25:#include "tokenize.h"
        -:   26:#include "tokenlist.h"
        -:   27:
        -:   28:#include <algorithm>
        -:   29:#include <cassert>
        -:   30:#include <iostream>
        -:   31:#include <map>
        -:   32:#include <stack>
        -:   33:#include <utility>
        -:   34:
        -:   35:namespace {
        -:   36:    class FindToken {
        -:   37:    public:
function _ZN12_GLOBAL__N_19FindTokenC2EPK5Token called 0 returned 0% blocks executed 0%
    #####:   38:        explicit FindToken(const Token *token) : mToken(token) {}
function _ZNK12_GLOBAL__N_19FindTokenclERKN18TemplateSimplifier12TokenAndNameE called 0 returned 0% blocks executed 0%
    #####:   39:        bool operator()(const TemplateSimplifier::TokenAndName &tokenAndName) const {
    #####:   40:            return tokenAndName.token() == mToken;
call    0 never executed
        -:   41:        }
        -:   42:    private:
        -:   43:        const Token * const mToken;
        -:   44:    };
        -:   45:
function _ZN12_GLOBAL__N_18FindNameC2ERKS0_ called 0 returned 0% blocks executed 0%
function _ZN12_GLOBAL__N_18FindNameC2EOS0_ called 0 returned 0% blocks executed 0%
function _ZN12_GLOBAL__N_18FindNameD2Ev called 0 returned 0% blocks executed 0%
    #####:   46:    class FindName {
call    0 never executed
call    1 never executed
call    2 never executed
        -:   47:    public:
function _ZN12_GLOBAL__N_18FindNameC2ERKNSt7__cxx1112basic_stringIcSt11char_traitsIcESaIcEEE called 0 returned 0% blocks executed 0%
    #####:   48:        explicit FindName(const std::string &name) : mName(name) {}
call    0 never executed
function _ZNK12_GLOBAL__N_18FindNameclERKN18TemplateSimplifier12TokenAndNameE called 0 returned 0% blocks executed 0%
    #####:   49:        bool operator()(const TemplateSimplifier::TokenAndName &tokenAndName) const {
    #####:   50:            return tokenAndName.name() == mName;
call    0 never executed
call    1 never executed
        -:   51:        }
        -:   52:    private:
        -:   53:        const std::string mName;
        -:   54:    };
        -:   55:
function _ZN12_GLOBAL__N_112FindFullNameC2ERKS0_ called 12 returned 100% blocks executed 100%
function _ZN12_GLOBAL__N_112FindFullNameC2EOS0_ called 12 returned 100% blocks executed 100%
function _ZN12_GLOBAL__N_112FindFullNameD2Ev called 30 returned 100% blocks executed 100%
       54:   56:    class FindFullName {
call    0 returned 100%
call    1 returned 100%
call    2 returned 100%
        -:   57:    public:
function _ZN12_GLOBAL__N_112FindFullNameC2ERKNSt7__cxx1112basic_stringIcSt11char_traitsIcESaIcEEE called 6 returned 100% blocks executed 100%
        6:   58:        explicit FindFullName(const std::string &fullName) : mFullName(fullName) {}
call    0 returned 100%
function _ZNK12_GLOBAL__N_112FindFullNameclERKN18TemplateSimplifier12TokenAndNameE called 5 returned 100% blocks executed 100%
        5:   59:        bool operator()(const TemplateSimplifier::TokenAndName &tokenAndName) const {
        5:   60:            return tokenAndName.fullName() == mFullName;
call    0 returned 100%
call    1 returned 100%
        -:   61:        }
        -:   62:    private:
        -:   63:        const std::string mFullName;
        -:   64:    };
        -:   65:}
        -:   66:
function _ZN18TemplateSimplifier12TokenAndNameC2EP5TokenRKNSt7__cxx1112basic_stringIcSt11char_traitsIcESaIcEEE called 11 returned 100% blocks executed 54%
       11:   67:TemplateSimplifier::TokenAndName::TokenAndName(Token *token, const std::string &scope) :
       22:   68:    mToken(token), mScope(scope), mName(mToken ? mToken->str() : ""),
call    0 returned 100%
       23:   69:    mFullName(mScope.empty() ? mName : (mScope + " :: " + mName)),
call    0 returned 100%
call    1 returned 100%
branch  2 taken 100% (fallthrough)
branch  3 taken 0% (throw)
branch  4 taken 9% (fallthrough)
branch  5 taken 91%
call    6 returned 100%
branch  7 never executed
branch  8 never executed
call    9 never executed
       56:   70:    mNameToken(nullptr), mParamEnd(nullptr), mFlags(0)
call    0 returned 100%
branch  1 taken 100% (fallthrough)
branch  2 taken 0%
call    3 returned 100%
branch  4 taken 100% (fallthrough)
branch  5 taken 0% (throw)
call    6 never executed
call    7 never executed
branch  8 never executed
branch  9 never executed
branch 10 taken 0% (fallthrough)
branch 11 taken 100%
call   12 never executed
branch 13 taken 91% (fallthrough)
branch 14 taken 9%
call   15 returned 100%
branch 16 taken 100% (fallthrough)
branch 17 taken 0% (throw)
call   18 returned 100%
branch 19 taken 100% (fallthrough)
branch 20 taken 0% (throw)
branch 21 never executed
branch 22 never executed
call   23 never executed
call   24 never executed
call   25 never executed
call   26 never executed
        -:   71:{
       11:   72:    if (mToken)
branch  0 taken 100% (fallthrough)
branch  1 taken 0%
       11:   73:        mToken->templateSimplifierPointer(this);
call    0 returned 100%
branch  1 taken 100% (fallthrough)
branch  2 taken 0% (throw)
       11:   74:}
        -:   75:
function _ZN18TemplateSimplifier12TokenAndNameC2EP5TokenRKNSt7__cxx1112basic_stringIcSt11char_traitsIcESaIcEEEPKS1_SC_ called 13 returned 100% blocks executed 47%
       13:   76:TemplateSimplifier::TokenAndName::TokenAndName(Token *token, const std::string &scope, const Token *nameToken, const Token *paramEnd) :
       13:   77:    mToken(token), mScope(scope), mName(nameToken->str()),
call    0 returned 100%
       29:   78:    mFullName(mScope.empty() ? mName : (mScope + " :: " + mName)),
call    0 returned 100%
call    1 returned 100%
branch  2 taken 100% (fallthrough)
branch  3 taken 0% (throw)
branch  4 taken 23% (fallthrough)
branch  5 taken 77%
call    6 returned 100%
branch  7 never executed
branch  8 never executed
call    9 never executed
       55:   79:    mNameToken(nameToken), mParamEnd(paramEnd), mFlags(0)
call    0 returned 100%
call    1 returned 100%
branch  2 taken 100% (fallthrough)
branch  3 taken 0% (throw)
branch  4 taken 77% (fallthrough)
branch  5 taken 23%
call    6 returned 100%
branch  7 taken 100% (fallthrough)
branch  8 taken 0% (throw)
call    9 returned 100%
branch 10 taken 100% (fallthrough)
branch 11 taken 0% (throw)
call   12 never executed
call   13 never executed
call   14 never executed
        -:   80:{
        -:   81:    // only set flags for declaration
       13:   82:    if (mToken && mNameToken && mParamEnd) {
branch  0 taken 100% (fallthrough)
branch  1 taken 0%
branch  2 taken 100% (fallthrough)
branch  3 taken 0%
branch  4 taken 100% (fallthrough)
branch  5 taken 0%
       13:   83:        isSpecialization(Token::simpleMatch(mToken, "template < >"));
call    0 returned 100%
branch  1 taken 100% (fallthrough)
branch  2 taken 0% (throw)
call    3 returned 100%
branch  4 taken 100% (fallthrough)
branch  5 taken 0% (throw)
        -:   84:
       13:   85:        if (!isSpecialization()) {
call    0 returned 100%
branch  1 taken 85% (fallthrough)
branch  2 taken 15%
       11:   86:            if (Token::simpleMatch(mToken->next()->findClosingBracket(), "> template <")) {
call    0 returned 100%
call    1 returned 100%
branch  2 taken 100% (fallthrough)
branch  3 taken 0% (throw)
call    4 returned 100%
branch  5 taken 100% (fallthrough)
branch  6 taken 0% (throw)
branch  7 taken 0% (fallthrough)
branch  8 taken 100%
    #####:   87:                const Token * temp = mNameToken->tokAt(-2);
call    0 never executed
branch  1 never executed
branch  2 never executed
    #####:   88:                while (Token::Match(temp, ">|%name% ::")) {
call    0 never executed
branch  1 never executed
branch  2 never executed
branch  3 never executed
branch  4 never executed
    #####:   89:                    if (temp->str() == ">")
call    0 never executed
call    1 never executed
branch  2 never executed
branch  3 never executed
    #####:   90:                        temp = temp->findOpeningBracket()->previous();
call    0 never executed
branch  1 never executed
branch  2 never executed
call    3 never executed
        -:   91:                    else
    #####:   92:                        temp = temp->tokAt(-2);
call    0 never executed
branch  1 never executed
branch  2 never executed
        -:   93:                }
    #####:   94:                isPartialSpecialization(temp->strAt(1) == "<");
call    0 never executed
branch  1 never executed
branch  2 never executed
call    3 never executed
call    4 never executed
branch  5 never executed
branch  6 never executed
        -:   95:            } else
       11:   96:                isPartialSpecialization(mNameToken->strAt(1) == "<");
call    0 returned 100%
branch  1 taken 100% (fallthrough)
branch  2 taken 0% (throw)
call    3 returned 100%
call    4 returned 100%
branch  5 taken 100% (fallthrough)
branch  6 taken 0% (throw)
        -:   97:        }
        -:   98:
       13:   99:        isAlias(mParamEnd->strAt(1) == "using");
call    0 returned 100%
branch  1 taken 100% (fallthrough)
branch  2 taken 0% (throw)
call    3 returned 100%
call    4 returned 100%
branch  5 taken 100% (fallthrough)
branch  6 taken 0% (throw)
        -:  100:
       13:  101:        if (isAlias() && isPartialSpecialization()) {
call    0 returned 100%
branch  1 taken 0% (fallthrough)
branch  2 taken 100%
call    3 never executed
branch  4 never executed
branch  5 never executed
branch  6 taken 0% (fallthrough)
branch  7 taken 100%
    #####:  102:            throw InternalError(mToken, "partial specialization of alias templates is not permitted", InternalError::SYNTAX);
call    0 never executed
call    1 never executed
call    2 never executed
branch  3 never executed
branch  4 never executed
call    5 never executed
branch  6 never executed
branch  7 never executed
call    8 never executed
call    9 never executed
call   10 never executed
call   11 never executed
call   12 never executed
call   13 never executed
        -:  103:        }
       13:  104:        if (isAlias() && isSpecialization()) {
call    0 returned 100%
branch  1 taken 0% (fallthrough)
branch  2 taken 100%
call    3 never executed
branch  4 never executed
branch  5 never executed
branch  6 taken 0% (fallthrough)
branch  7 taken 100%
    #####:  105:            throw InternalError(mToken, "explicit specialization of alias templates is not permitted", InternalError::SYNTAX);
call    0 never executed
call    1 never executed
call    2 never executed
branch  3 never executed
branch  4 never executed
call    5 never executed
branch  6 never executed
branch  7 never executed
call    8 never executed
call    9 never executed
call   10 never executed
call   11 never executed
call   12 never executed
call   13 never executed
        -:  106:        }
        -:  107:
       13:  108:        isFriend(mParamEnd->strAt(1) == "friend");
call    0 returned 100%
branch  1 taken 100% (fallthrough)
branch  2 taken 0% (throw)
call    3 returned 100%
call    4 returned 100%
branch  5 taken 100% (fallthrough)
branch  6 taken 0% (throw)
       13:  109:        const Token *next = mParamEnd->next();
call    0 returned 100%
       13:  110:        if (isFriend())
call    0 returned 100%
branch  1 taken 0% (fallthrough)
branch  2 taken 100%
    #####:  111:            next = next->next();
call    0 never executed
        -:  112:
       13:  113:        isClass(Token::Match(next, "class|struct|union %name% <|{|:|;|::"));
call    0 returned 100%
branch  1 taken 100% (fallthrough)
branch  2 taken 0% (throw)
call    3 returned 100%
branch  4 taken 100% (fallthrough)
branch  5 taken 0% (throw)
       13:  114:        if (mToken->strAt(1) == "<" && !isSpecialization()) {
call    0 returned 100%
branch  1 taken 100% (fallthrough)
branch  2 taken 0% (throw)
call    3 returned 100%
branch  4 taken 100% (fallthrough)
branch  5 taken 0%
call    6 returned 100%
branch  7 taken 85% (fallthrough)
branch  8 taken 15%
branch  9 taken 85% (fallthrough)
branch 10 taken 15%
       11:  115:            const Token *end = mToken->next()->findClosingBracket();
call    0 returned 100%
call    1 returned 100%
branch  2 taken 100% (fallthrough)
branch  3 taken 0% (throw)
       11:  116:            isVariadic(end && Token::findmatch(mToken->tokAt(2), "typename|class ...", end));
branch  0 taken 100% (fallthrough)
branch  1 taken 0%
call    2 returned 100%
branch  3 taken 100% (fallthrough)
branch  4 taken 0% (throw)
call    5 returned 100%
branch  6 taken 100% (fallthrough)
branch  7 taken 0% (throw)
branch  8 taken 0% (fallthrough)
branch  9 taken 100%
call   10 returned 100%
branch 11 taken 100% (fallthrough)
branch 12 taken 0% (throw)
        -:  117:        }
       13:  118:        const Token *tok1 = mNameToken->next();
call    0 returned 100%
       13:  119:        if (tok1->str() == "<") {
call    0 returned 100%
call    1 returned 100%
branch  2 taken 8% (fallthrough)
branch  3 taken 92%
        1:  120:            const Token *closing = tok1->findClosingBracket();
call    0 returned 100%
branch  1 taken 100% (fallthrough)
branch  2 taken 0% (throw)
        1:  121:            if (closing)
branch  0 taken 100% (fallthrough)
branch  1 taken 0%
        1:  122:                tok1 = closing->next();
call    0 returned 100%
        -:  123:            else
    #####:  124:                throw InternalError(mToken, "unsupported syntax", InternalError::SYNTAX);
call    0 never executed
call    1 never executed
call    2 never executed
branch  3 never executed
branch  4 never executed
call    5 never executed
branch  6 never executed
branch  7 never executed
call    8 never executed
call    9 never executed
call   10 never executed
call   11 never executed
call   12 never executed
call   13 never executed
        -:  125:        }
       13:  126:        isFunction(tok1->str() == "(");
call    0 returned 100%
call    1 returned 100%
call    2 returned 100%
branch  3 taken 100% (fallthrough)
branch  4 taken 0% (throw)
       13:  127:        isVariable(!isClass() && !isAlias() && !isFriend() && Token::Match(tok1, "=|;"));
call    0 returned 100%
branch  1 taken 92% (fallthrough)
branch  2 taken 8%
call    3 returned 100%
branch  4 taken 100% (fallthrough)
branch  5 taken 0%
call    6 returned 100%
branch  7 taken 100% (fallthrough)
branch  8 taken 0%
call    9 returned 100%
branch 10 taken 100% (fallthrough)
branch 11 taken 0% (throw)
branch 12 taken 0% (fallthrough)
branch 13 taken 100%
call   14 returned 100%
branch 15 taken 100% (fallthrough)
branch 16 taken 0% (throw)
       13:  128:        if (!isFriend()) {
call    0 returned 100%
branch  1 taken 100% (fallthrough)
branch  2 taken 0%
       13:  129:            if (isVariable())
call    0 returned 100%
branch  1 taken 0% (fallthrough)
branch  2 taken 100%
    #####:  130:                isForwardDeclaration(tok1->str() == ";");
call    0 never executed
call    1 never executed
call    2 never executed
branch  3 never executed
branch  4 never executed
       13:  131:            else if (!isAlias()) {
call    0 returned 100%
branch  1 taken 100% (fallthrough)
branch  2 taken 0%
       13:  132:                if (isFunction())
call    0 returned 100%
branch  1 taken 92% (fallthrough)
branch  2 taken 8%
       12:  133:                    tok1 = tok1->link()->next();
call    0 returned 100%
call    1 returned 100%
       15:  134:                while (tok1 && !Token::Match(tok1, ";|{")) {
branch  0 taken 100% (fallthrough)
branch  1 taken 0%
call    2 returned 100%
branch  3 taken 100% (fallthrough)
branch  4 taken 0% (throw)
branch  5 taken 7% (fallthrough)
branch  6 taken 93%
branch  7 taken 7% (fallthrough)
branch  8 taken 93%
        1:  135:                    if (tok1->str() == "<")
call    0 returned 100%
call    1 returned 100%
branch  2 taken 0% (fallthrough)
branch  3 taken 100%
    #####:  136:                        tok1 = tok1->findClosingBracket();
call    0 never executed
branch  1 never executed
branch  2 never executed
        1:  137:                    else if (Token::Match(tok1, "(|[") && tok1->link())
call    0 returned 100%
branch  1 taken 100% (fallthrough)
branch  2 taken 0% (throw)
branch  3 taken 0% (fallthrough)
branch  4 taken 100%
call    5 never executed
branch  6 never executed
branch  7 never executed
branch  8 taken 0% (fallthrough)
branch  9 taken 100%
    #####:  138:                        tok1 = tok1->link();
call    0 never executed
        1:  139:                    if (tok1)
branch  0 taken 100% (fallthrough)
branch  1 taken 0%
        1:  140:                        tok1 = tok1->next();
call    0 returned 100%
        -:  141:                }
       13:  142:                if (tok1)
branch  0 taken 100% (fallthrough)
branch  1 taken 0%
       13:  143:                    isForwardDeclaration(tok1->str() == ";");
call    0 returned 100%
call    1 returned 100%
call    2 returned 100%
branch  3 taken 100% (fallthrough)
branch  4 taken 0% (throw)
        -:  144:            }
        -:  145:        }
        -:  146:        // check for member class or function and adjust scope
       13:  147:        if ((isFunction() || isClass()) && mNameToken->strAt(-1) == "::") {
call    0 returned 100%
branch  1 taken 8% (fallthrough)
branch  2 taken 92%
call    3 returned 100%
branch  4 taken 100% (fallthrough)
branch  5 taken 0%
call    6 returned 100%
branch  7 taken 100% (fallthrough)
branch  8 taken 0% (throw)
call    9 returned 100%
branch 10 taken 0% (fallthrough)
branch 11 taken 100%
branch 12 taken 0% (fallthrough)
branch 13 taken 100%
    #####:  148:            const Token * start = mNameToken;
        -:  149:
    #####:  150:            while (Token::Match(start->tokAt(-2), "%name% ::") ||
call    0 never executed
branch  1 never executed
branch  2 never executed
call    3 never executed
branch  4 never executed
branch  5 never executed
branch  6 never executed
branch  7 never executed
branch  8 never executed
branch  9 never executed
branch 10 never executed
branch 11 never executed
    #####:  151:                   (Token::simpleMatch(start->tokAt(-2), "> ::") &&
call    0 never executed
branch  1 never executed
branch  2 never executed
call    3 never executed
branch  4 never executed
branch  5 never executed
branch  6 never executed
branch  7 never executed
    #####:  152:                    start->tokAt(-2)->findOpeningBracket() &&
call    0 never executed
branch  1 never executed
branch  2 never executed
call    3 never executed
branch  4 never executed
branch  5 never executed
branch  6 never executed
branch  7 never executed
    #####:  153:                    Token::Match(start->tokAt(-2)->findOpeningBracket()->previous(), "%name% <"))) {
call    0 never executed
branch  1 never executed
branch  2 never executed
call    3 never executed
branch  4 never executed
branch  5 never executed
call    6 never executed
call    7 never executed
branch  8 never executed
branch  9 never executed
    #####:  154:                if (start->strAt(-2) == ">")
call    0 never executed
branch  1 never executed
branch  2 never executed
call    3 never executed
branch  4 never executed
branch  5 never executed
    #####:  155:                    start = start->tokAt(-2)->findOpeningBracket()->previous();
call    0 never executed
branch  1 never executed
branch  2 never executed
call    3 never executed
branch  4 never executed
branch  5 never executed
call    6 never executed
        -:  156:                else
    #####:  157:                    start = start->tokAt(-2);
call    0 never executed
branch  1 never executed
branch  2 never executed
        -:  158:            }
        -:  159:
    #####:  160:            if (start && start != nameToken) {
branch  0 never executed
branch  1 never executed
branch  2 never executed
branch  3 never executed
    #####:  161:                if (!mScope.empty())
call    0 never executed
branch  1 never executed
branch  2 never executed
    #####:  162:                    mScope += " ::";
call    0 never executed
branch  1 never executed
branch  2 never executed
    #####:  163:                while (start && start->next() != mNameToken) {
branch  0 never executed
branch  1 never executed
call    2 never executed
branch  3 never executed
branch  4 never executed
branch  5 never executed
branch  6 never executed
    #####:  164:                    if (start->str() == "<")
call    0 never executed
call    1 never executed
branch  2 never executed
branch  3 never executed
    #####:  165:                        start = start->findClosingBracket();
call    0 never executed
branch  1 never executed
branch  2 never executed
        -:  166:                    else {
    #####:  167:                        if (!mScope.empty())
call    0 never executed
branch  1 never executed
branch  2 never executed
    #####:  168:                            mScope += " ";
call    0 never executed
branch  1 never executed
branch  2 never executed
    #####:  169:                        mScope += start->str();
call    0 never executed
call    1 never executed
branch  2 never executed
branch  3 never executed
        -:  170:                    }
    #####:  171:                    start = start->next();
call    0 never executed
        -:  172:                }
    #####:  173:                if (start)
branch  0 never executed
branch  1 never executed
    #####:  174:                    mFullName = mScope.empty() ? mName : (mScope + " :: " + mName);
call    0 never executed
branch  1 never executed
branch  2 never executed
call    3 never executed
branch  4 never executed
branch  5 never executed
call    6 never executed
branch  7 never executed
branch  8 never executed
call    9 never executed
branch 10 never executed
branch 11 never executed
call   12 never executed
call   13 never executed
branch 14 never executed
branch 15 never executed
call   16 never executed
branch 17 never executed
branch 18 never executed
call   19 never executed
        -:  175:            }
        -:  176:        }
        -:  177:    }
        -:  178:
        -:  179:    // make sure at most only one family flag is set
       13:  180:    assert(isClass() ? !(isFunction() || isVariable()) : true);
call    0 returned 100%
branch  1 taken 8% (fallthrough)
branch  2 taken 92%
call    3 returned 100%
branch  4 taken 100% (fallthrough)
branch  5 taken 0%
call    6 returned 100%
branch  7 taken 100% (fallthrough)
branch  8 taken 0%
branch  9 taken 0% (fallthrough)
branch 10 taken 100%
call   11 never executed
       13:  181:    assert(isFunction() ? !(isClass() || isVariable()) : true);
call    0 returned 100%
branch  1 taken 92% (fallthrough)
branch  2 taken 8%
call    3 returned 100%
branch  4 taken 100% (fallthrough)
branch  5 taken 0%
call    6 returned 100%
branch  7 taken 100% (fallthrough)
branch  8 taken 0%
branch  9 taken 0% (fallthrough)
branch 10 taken 100%
call   11 never executed
       13:  182:    assert(isVariable() ? !(isClass() || isFunction()) : true);
call    0 returned 100%
branch  1 taken 0% (fallthrough)
branch  2 taken 100%
call    3 never executed
branch  4 never executed
branch  5 never executed
call    6 never executed
branch  7 never executed
branch  8 never executed
branch  9 taken 0% (fallthrough)
branch 10 taken 100%
call   11 never executed
        -:  183:
       13:  184:    if (mToken)
branch  0 taken 100% (fallthrough)
branch  1 taken 0%
       13:  185:        mToken->templateSimplifierPointer(this);
call    0 returned 100%
branch  1 taken 100% (fallthrough)
branch  2 taken 0% (throw)
       13:  186:}
        -:  187:
function _ZN18TemplateSimplifier12TokenAndNameC2ERKS0_ called 18 returned 100% blocks executed 62%
       18:  188:TemplateSimplifier::TokenAndName::TokenAndName(const TokenAndName& other) :
       18:  189:    mToken(other.mToken), mScope(other.mScope), mName(other.mName), mFullName(other.mFullName),
       18:  190:    mNameToken(other.mNameToken), mParamEnd(other.mParamEnd), mFlags(other.mFlags)
call    0 returned 100%
call    1 returned 100%
branch  2 taken 100% (fallthrough)
branch  3 taken 0% (throw)
call    4 returned 100%
branch  5 taken 100% (fallthrough)
branch  6 taken 0% (throw)
call    7 never executed
call    8 never executed
call    9 never executed
        -:  191:{
       18:  192:    if (mToken)
branch  0 taken 100% (fallthrough)
branch  1 taken 0%
       18:  193:        mToken->templateSimplifierPointer(this);
call    0 returned 100%
branch  1 taken 100% (fallthrough)
branch  2 taken 0% (throw)
       18:  194:}
        -:  195:
function _ZN18TemplateSimplifier12TokenAndNameD2Ev called 42 returned 100% blocks executed 100%
       84:  196:TemplateSimplifier::TokenAndName::~TokenAndName()
call    0 returned 100%
call    1 returned 100%
call    2 returned 100%
        -:  197:{
       42:  198:    if (mToken)
branch  0 taken 64% (fallthrough)
branch  1 taken 36%
       27:  199:        mToken->templateSimplifierPointers().erase(this);
call    0 returned 100%
call    1 returned 100%
       42:  200:}
        -:  201:
function _ZNK18TemplateSimplifier12TokenAndName15aliasStartTokenEv called 0 returned 0% blocks executed 0%
    #####:  202:const Token * TemplateSimplifier::TokenAndName::aliasStartToken() const
        -:  203:{
    #####:  204:    if (mParamEnd)
branch  0 never executed
branch  1 never executed
    #####:  205:        return mParamEnd->tokAt(4);
call    0 never executed
    #####:  206:    return nullptr;
        -:  207:}
        -:  208:
function _ZNK18TemplateSimplifier12TokenAndName13aliasEndTokenEv called 0 returned 0% blocks executed 0%
    #####:  209:const Token * TemplateSimplifier::TokenAndName::aliasEndToken() const
        -:  210:{
    #####:  211:    if (aliasStartToken())
call    0 never executed
branch  1 never executed
branch  2 never executed
    #####:  212:        return Token::findsimplematch(aliasStartToken(), ";");
call    0 never executed
call    1 never executed
    #####:  213:    return nullptr;
        -:  214:}
        -:  215:
function _ZNK18TemplateSimplifier12TokenAndName12isAliasTokenEPK5Token called 0 returned 0% blocks executed 0%
    #####:  216:bool TemplateSimplifier::TokenAndName::isAliasToken(const Token *tok) const
        -:  217:{
    #####:  218:    const Token *end = aliasEndToken();
call    0 never executed
        -:  219:
    #####:  220:    for (const Token *tok1 = aliasStartToken(); tok1 != end; tok1 = tok1->next()) {
call    0 never executed
branch  1 never executed
branch  2 never executed
call    3 never executed
    #####:  221:        if (tok1 == tok)
branch  0 never executed
branch  1 never executed
    #####:  222:            return true;
        -:  223:    }
    #####:  224:    return false;
        -:  225:}
        -:  226:
function _ZN18TemplateSimplifierC2EP9Tokenizer called 956 returned 100% blocks executed 100%
      956:  227:TemplateSimplifier::TemplateSimplifier(Tokenizer *tokenizer)
      956:  228:    : mTokenizer(tokenizer), mTokenList(tokenizer->list), mSettings(tokenizer->mSettings),
     1912:  229:      mErrorLogger(tokenizer->mErrorLogger), mChanged(false)
call    0 returned 100%
call    1 returned 100%
call    2 returned 100%
call    3 returned 100%
call    4 returned 100%
call    5 returned 100%
call    6 returned 100%
call    7 returned 100%
call    8 returned 100%
call    9 returned 100%
call   10 returned 100%
        -:  230:{
      956:  231:}
        -:  232:
function _ZN18TemplateSimplifierD2Ev called 956 returned 100% blocks executed 100%
      956:  233:TemplateSimplifier::~TemplateSimplifier()
call    0 returned 100%
call    1 returned 100%
call    2 returned 100%
call    3 returned 100%
call    4 returned 100%
call    5 returned 100%
call    6 returned 100%
call    7 returned 100%
call    8 returned 100%
call    9 returned 100%
call   10 returned 100%
        -:  234:{
      956:  235:}
        -:  236:
function _ZN18TemplateSimplifier16fixAngleBracketsEv called 934 returned 100% blocks executed 52%
      934:  237:void TemplateSimplifier::fixAngleBrackets()
        -:  238:{
    28547:  239:    for (Token *tok = mTokenList.front(); tok; tok = tok->next()) {
call    0 returned 100%
branch  1 taken 97% (fallthrough)
branch  2 taken 3%
call    3 returned 100%
        -:  240:        // Ticket #6181: normalize C++11 template parameter list closing syntax
    27613:  241:        if (tok->str() == "<" && templateParameters(tok)) {
call    0 returned 100%
call    1 returned 100%
branch  2 taken 1% (fallthrough)
branch  3 taken 99%
call    4 returned 100%
branch  5 taken 52% (fallthrough)
branch  6 taken 48%
branch  7 taken 1% (fallthrough)
branch  8 taken 99%
       86:  242:            Token *endTok = tok->findClosingBracket();
call    0 returned 100%
       86:  243:            if (endTok && endTok->str() == ">>") {
branch  0 taken 100% (fallthrough)
branch  1 taken 0%
call    2 returned 100%
call    3 returned 100%
branch  4 taken 0% (fallthrough)
branch  5 taken 100%
branch  6 taken 0% (fallthrough)
branch  7 taken 100%
    #####:  244:                endTok->str(">");
call    0 never executed
    #####:  245:                endTok->insertToken(">");
call    0 never executed
call    1 never executed
branch  2 never executed
branch  3 never executed
call    4 never executed
branch  5 never executed
branch  6 never executed
call    7 never executed
call    8 never executed
call    9 never executed
call   10 never executed
call   11 never executed
        -:  246:            }
    27527:  247:        } else if (Token::Match(tok, "class|struct|union|=|:|public|protected|private %name% <")) {
call    0 returned 100%
branch  1 taken 1% (fallthrough)
branch  2 taken 99%
        7:  248:            Token *endTok = tok->tokAt(2)->findClosingBracket();
call    0 returned 100%
call    1 returned 100%
        7:  249:            if (Token::Match(endTok, ">> ;|{")) {
call    0 returned 100%
branch  1 taken 0% (fallthrough)
branch  2 taken 100%
    #####:  250:                endTok->str(">");
call    0 never executed
    #####:  251:                endTok->insertToken(">");
call    0 never executed
call    1 never executed
branch  2 never executed
branch  3 never executed
call    4 never executed
branch  5 never executed
branch  6 never executed
call    7 never executed
call    8 never executed
call    9 never executed
call   10 never executed
        -:  252:            }
        -:  253:        }
        -:  254:    }
      934:  255:}
        -:  256:
function _ZN18TemplateSimplifier20cleanupAfterSimplifyEv called 934 returned 100% blocks executed 52%
      934:  257:void TemplateSimplifier::cleanupAfterSimplify()
        -:  258:{
      934:  259:    bool goback = false;
    20849:  260:    for (Token *tok = mTokenList.front(); tok; tok = tok->next()) {
call    0 returned 100%
branch  1 taken 96% (fallthrough)
branch  2 taken 4%
call    3 returned 100%
    19915:  261:        if (goback) {
branch  0 taken 0% (fallthrough)
branch  1 taken 100%
    #####:  262:            tok = tok->previous();
call    0 never executed
    #####:  263:            goback = false;
        -:  264:        }
    19915:  265:        if (tok->str() == "(")
call    0 returned 100%
call    1 returned 100%
branch  2 taken 12% (fallthrough)
branch  3 taken 88%
     2469:  266:            tok = tok->link();
call    0 returned 100%
        -:  267:
    17446:  268:        else if (Token::Match(tok, "template < > %name%")) {
call    0 returned 100%
branch  1 taken 1% (fallthrough)
branch  2 taken 99%
        1:  269:            const Token *end = tok;
       11:  270:            while (end) {
branch  0 taken 100% (fallthrough)
branch  1 taken 0%
        6:  271:                if (end->str() == ";")
call    0 returned 100%
call    1 returned 100%
branch  2 taken 0% (fallthrough)
branch  3 taken 100%
    #####:  272:                    break;
        6:  273:                if (end->str() == "{") {
call    0 returned 100%
call    1 returned 100%
branch  2 taken 0% (fallthrough)
branch  3 taken 100%
    #####:  274:                    end = end->link()->next();
call    0 never executed
call    1 never executed
    #####:  275:                    break;
        -:  276:                }
        6:  277:                if (!Token::Match(end, "%name%|::|<|>|,")) {
call    0 returned 100%
branch  1 taken 17% (fallthrough)
branch  2 taken 83%
        1:  278:                    end = nullptr;
        1:  279:                    break;
        -:  280:                }
        5:  281:                end = end->next();
call    0 returned 100%
        -:  282:            }
        1:  283:            if (end) {
branch  0 taken 0% (fallthrough)
branch  1 taken 100%
    #####:  284:                Token::eraseTokens(tok,end);
call    0 never executed
    #####:  285:                tok->deleteThis();
call    0 never executed
        -:  286:            }
        -:  287:        }
        -:  288:
    17491:  289:        else if (Token::Match(tok, "%type% <") &&
call    0 returned 100%
branch  1 taken 1% (fallthrough)
branch  2 taken 99%
branch  3 taken 87% (fallthrough)
branch  4 taken 13%
branch  5 taken 1% (fallthrough)
branch  6 taken 99%
       73:  290:                 (!tok->previous() || tok->previous()->str() == ";")) {
call    0 returned 100%
call    1 returned 100%
call    2 returned 100%
call    3 returned 100%
branch  4 taken 6% (fallthrough)
branch  5 taken 94%
        7:  291:            const Token *tok2 = tok->tokAt(2);
call    0 returned 100%
branch  1 taken 100% (fallthrough)
branch  2 taken 0% (throw)
       14:  292:            std::string type;
call    0 returned 100%
call    1 returned 100%
call    2 never executed
        7:  293:            while (Token::Match(tok2, "%type%|%num% ,")) {
call    0 returned 100%
branch  1 taken 100% (fallthrough)
branch  2 taken 0% (throw)
branch  3 taken 0% (fallthrough)
branch  4 taken 100%
    #####:  294:                type += tok2->str() + ",";
call    0 never executed
call    1 never executed
branch  2 never executed
branch  3 never executed
call    4 never executed
branch  5 never executed
branch  6 never executed
call    7 never executed
call    8 never executed
    #####:  295:                tok2 = tok2->tokAt(2);
call    0 never executed
branch  1 never executed
branch  2 never executed
        -:  296:            }
        7:  297:            if (Token::Match(tok2, "%type%|%num% > (")) {
call    0 returned 100%
branch  1 taken 100% (fallthrough)
branch  2 taken 0% (throw)
branch  3 taken 0% (fallthrough)
branch  4 taken 100%
    #####:  298:                type += tok2->str();
call    0 never executed
call    1 never executed
branch  2 never executed
branch  3 never executed
    #####:  299:                tok->str(tok->str() + "<" + type + ">");
call    0 never executed
call    1 never executed
branch  2 never executed
branch  3 never executed
call    4 never executed
branch  5 never executed
branch  6 never executed
call    7 never executed
branch  8 never executed
branch  9 never executed
call   10 never executed
branch 11 never executed
branch 12 never executed
call   13 never executed
call   14 never executed
call   15 never executed
call   16 never executed
call   17 never executed
call   18 never executed
    #####:  300:                Token::eraseTokens(tok, tok2->tokAt(2));
call    0 never executed
branch  1 never executed
branch  2 never executed
call    3 never executed
branch  4 never executed
branch  5 never executed
    #####:  301:                if (tok == mTokenList.front())
call    0 never executed
branch  1 never executed
branch  2 never executed
    #####:  302:                    goback = true;
        -:  303:            }
        -:  304:        }
        -:  305:    }
      934:  306:}
        -:  307:
        -:  308:
function _ZN18TemplateSimplifier39checkComplicatedSyntaxErrorsInTemplatesEv called 934 returned 100% blocks executed 47%
      934:  309:void TemplateSimplifier::checkComplicatedSyntaxErrorsInTemplates()
        -:  310:{
        -:  311:    // check for more complicated syntax errors when using templates..
     9710:  312:    for (const Token *tok = mTokenList.front(); tok; tok = tok->next()) {
call    0 returned 100%
branch  1 taken 91% (fallthrough)
branch  2 taken 9%
call    3 returned 100%
        -:  313:        // skip executing scopes (ticket #3183)..
     8812:  314:        if (Token::simpleMatch(tok, "( {")) {
call    0 returned 100%
branch  1 taken 0% (fallthrough)
branch  2 taken 100%
    #####:  315:            tok = tok->link();
call    0 never executed
    #####:  316:            if (!tok)
branch  0 never executed
branch  1 never executed
    #####:  317:                syntaxError(nullptr);
call    0 never executed
        -:  318:        }
        -:  319:        // skip executing scopes..
     8812:  320:        const Token *start = Tokenizer::startOfExecutableScope(tok);
call    0 returned 100%
     8812:  321:        if (start) {
branch  0 taken 11% (fallthrough)
branch  1 taken 89%
      982:  322:            tok = start->link();
call    0 returned 100%
        -:  323:        }
        -:  324:
        -:  325:        // skip executing scopes (ticket #1985)..
     7830:  326:        else if (Token::simpleMatch(tok, "try {")) {
call    0 returned 100%
branch  1 taken 0% (fallthrough)
branch  2 taken 100%
    #####:  327:            tok = tok->next()->link();
call    0 never executed
call    1 never executed
    #####:  328:            while (Token::simpleMatch(tok, "} catch (")) {
call    0 never executed
branch  1 never executed
branch  2 never executed
    #####:  329:                tok = tok->linkAt(2);
call    0 never executed
    #####:  330:                if (Token::simpleMatch(tok, ") {"))
call    0 never executed
branch  1 never executed
branch  2 never executed
    #####:  331:                    tok = tok->next()->link();
call    0 never executed
call    1 never executed
        -:  332:            }
        -:  333:        }
        -:  334:
     8812:  335:        if (!tok)
branch  0 taken 0% (fallthrough)
branch  1 taken 100%
    #####:  336:            syntaxError(nullptr);
call    0 never executed
        -:  337:        // not start of statement?
     8812:  338:        if (tok->previous() && !Token::Match(tok, "[;{}]"))
call    0 returned 100%
branch  1 taken 89% (fallthrough)
branch  2 taken 11%
call    3 returned 100%
branch  4 taken 78% (fallthrough)
branch  5 taken 22%
branch  6 taken 69% (fallthrough)
branch  7 taken 31%
     6116:  339:            continue;
        -:  340:
        -:  341:        // skip starting tokens.. ;;; typedef typename foo::bar::..
      756:  342:        while (Token::Match(tok, ";|{"))
call    0 returned 100%
branch  1 taken 22% (fallthrough)
branch  2 taken 78%
      756:  343:            tok = tok->next();
call    0 returned 100%
        5:  344:        while (Token::Match(tok, "typedef|typename"))
call    0 returned 100%
branch  1 taken 1% (fallthrough)
branch  2 taken 99%
        5:  345:            tok = tok->next();
call    0 returned 100%
     2730:  346:        while (Token::Match(tok, "%type% ::"))
call    0 returned 100%
branch  1 taken 1% (fallthrough)
branch  2 taken 99%
       17:  347:            tok = tok->tokAt(2);
call    0 returned 100%
     2696:  348:        if (!tok)
branch  0 taken 1% (fallthrough)
branch  1 taken 99%
       36:  349:            break;
        -:  350:
        -:  351:        // template variable or type..
     2660:  352:        if (Token::Match(tok, "%type% <")) {
call    0 returned 100%
branch  1 taken 1% (fallthrough)
branch  2 taken 99%
        -:  353:            // these are used types..
       46:  354:            std::set<std::string> usedtypes;
call    0 returned 100%
call    1 returned 100%
call    2 never executed
        -:  355:
        -:  356:            // parse this statement and see if the '<' and '>' are matching
       23:  357:            unsigned int level = 0;
      183:  358:            for (const Token *tok2 = tok; tok2 && !Token::simpleMatch(tok2, ";"); tok2 = tok2->next()) {
branch  0 taken 100% (fallthrough)
branch  1 taken 0%
call    2 returned 100%
branch  3 taken 100% (fallthrough)
branch  4 taken 0% (throw)
branch  5 taken 94% (fallthrough)
branch  6 taken 6%
branch  7 taken 94% (fallthrough)
branch  8 taken 6%
call    9 returned 100%
      172:  359:                if (Token::simpleMatch(tok2, "{") && (!Token::Match(tok2->previous(), ">|%type%") || Token::simpleMatch(tok2->link(), "} ;")))
call    0 returned 100%
branch  1 taken 100% (fallthrough)
branch  2 taken 0% (throw)
branch  3 taken 7% (fallthrough)
branch  4 taken 93%
call    5 returned 100%
call    6 returned 100%
branch  7 taken 100% (fallthrough)
branch  8 taken 0% (throw)
branch  9 taken 8% (fallthrough)
branch 10 taken 92%
call   11 returned 100%
call   12 returned 100%
branch 13 taken 100% (fallthrough)
branch 14 taken 0% (throw)
branch 15 taken 100% (fallthrough)
branch 16 taken 0%
branch 17 taken 7% (fallthrough)
branch 18 taken 93%
       12:  360:                    break;
      160:  361:                if (tok2->str() == "(")
call    0 returned 100%
call    1 returned 100%
branch  2 taken 9% (fallthrough)
branch  3 taken 91%
       14:  362:                    tok2 = tok2->link();
call    0 returned 100%
      146:  363:                else if (tok2->str() == "<") {
call    0 returned 100%
call    1 returned 100%
branch  2 taken 17% (fallthrough)
branch  3 taken 83%
       25:  364:                    bool inclevel = false;
       25:  365:                    if (Token::simpleMatch(tok2->previous(), "operator <"))
call    0 returned 100%
call    1 returned 100%
branch  2 taken 100% (fallthrough)
branch  3 taken 0% (throw)
branch  4 taken 100% (fallthrough)
branch  5 taken 0%
        -:  366:                        ;
       25:  367:                    else if (level == 0 && Token::Match(tok2->previous(), "%type%")) {
branch  0 taken 100% (fallthrough)
branch  1 taken 0%
call    2 returned 100%
call    3 returned 100%
branch  4 taken 100% (fallthrough)
branch  5 taken 0% (throw)
branch  6 taken 100% (fallthrough)
branch  7 taken 0%
branch  8 taken 100% (fallthrough)
branch  9 taken 0%
        -:  368:                        // @todo add better expression detection
       25:  369:                        if (!Token::Match(tok2->next(), "*| %type%|%num% ;"))
call    0 returned 100%
call    1 returned 100%
branch  2 taken 100% (fallthrough)
branch  3 taken 0% (throw)
branch  4 taken 100% (fallthrough)
branch  5 taken 0%
       25:  370:                            inclevel = true;
    #####:  371:                    } else if (tok2->next() && tok2->next()->isStandardType())
call    0 never executed
branch  1 never executed
branch  2 never executed
call    3 never executed
call    4 never executed
branch  5 never executed
branch  6 never executed
branch  7 never executed
branch  8 never executed
branch  9 never executed
branch 10 never executed
    #####:  372:                        inclevel = true;
    #####:  373:                    else if (Token::simpleMatch(tok2, "< typename"))
call    0 never executed
branch  1 never executed
branch  2 never executed
branch  3 never executed
branch  4 never executed
    #####:  374:                        inclevel = true;
    #####:  375:                    else if (Token::Match(tok2->tokAt(-2), "<|, %type% <") && usedtypes.find(tok2->previous()->str()) != usedtypes.end())
call    0 never executed
branch  1 never executed
branch  2 never executed
call    3 never executed
branch  4 never executed
branch  5 never executed
branch  6 never executed
branch  7 never executed
call    8 never executed
call    9 never executed
call   10 never executed
call   11 never executed
branch 12 never executed
branch 13 never executed
call   14 never executed
branch 15 never executed
branch 16 never executed
branch 17 never executed
branch 18 never executed
call   19 never executed
branch 20 never executed
branch 21 never executed
call   22 never executed
branch 23 never executed
branch 24 never executed
branch 25 never executed
branch 26 never executed
call   27 never executed
branch 28 never executed
branch 29 never executed
call   30 never executed
    #####:  376:                        inclevel = true;
    #####:  377:                    else if (Token::Match(tok2, "< %type%") && usedtypes.find(tok2->next()->str()) != usedtypes.end())
call    0 never executed
branch  1 never executed
branch  2 never executed
branch  3 never executed
branch  4 never executed
call    5 never executed
call    6 never executed
call    7 never executed
call    8 never executed
branch  9 never executed
branch 10 never executed
call   11 never executed
branch 12 never executed
branch 13 never executed
branch 14 never executed
branch 15 never executed
call   16 never executed
branch 17 never executed
branch 18 never executed
call   19 never executed
branch 20 never executed
branch 21 never executed
branch 22 never executed
branch 23 never executed
call   24 never executed
branch 25 never executed
branch 26 never executed
call   27 never executed
    #####:  378:                        inclevel = true;
    #####:  379:                    else if (Token::Match(tok2, "< %type%")) {
call    0 never executed
branch  1 never executed
branch  2 never executed
branch  3 never executed
branch  4 never executed
        -:  380:                        // is the next token a type and not a variable/constant?
        -:  381:                        // assume it's a type if there comes another "<"
    #####:  382:                        const Token *tok3 = tok2->next();
call    0 never executed
    #####:  383:                        while (Token::Match(tok3, "%type% ::"))
call    0 never executed
branch  1 never executed
branch  2 never executed
branch  3 never executed
branch  4 never executed
    #####:  384:                            tok3 = tok3->tokAt(2);
call    0 never executed
branch  1 never executed
branch  2 never executed
    #####:  385:                        if (Token::Match(tok3, "%type% <"))
call    0 never executed
branch  1 never executed
branch  2 never executed
branch  3 never executed
branch  4 never executed
    #####:  386:                            inclevel = true;
    #####:  387:                    } else if (tok2->strAt(-1) == ">")
call    0 never executed
branch  1 never executed
branch  2 never executed
call    3 never executed
branch  4 never executed
branch  5 never executed
    #####:  388:                        syntaxError(tok);
call    0 never executed
branch  1 never executed
branch  2 never executed
        -:  389:
       25:  390:                    if (inclevel) {
branch  0 taken 100% (fallthrough)
branch  1 taken 0%
       25:  391:                        ++level;
       25:  392:                        if (Token::Match(tok2->tokAt(-2), "<|, %type% <"))
call    0 returned 100%
branch  1 taken 100% (fallthrough)
branch  2 taken 0% (throw)
call    3 returned 100%
branch  4 taken 100% (fallthrough)
branch  5 taken 0% (throw)
branch  6 taken 0% (fallthrough)
branch  7 taken 100%
    #####:  393:                            usedtypes.insert(tok2->previous()->str());
call    0 never executed
call    1 never executed
call    2 never executed
branch  3 never executed
branch  4 never executed
call    5 never executed
        -:  394:                    }
      121:  395:                } else if (tok2->str() == ">") {
call    0 returned 100%
call    1 returned 100%
branch  2 taken 21% (fallthrough)
branch  3 taken 79%
       25:  396:                    if (level > 0)
branch  0 taken 100% (fallthrough)
branch  1 taken 0%
       25:  397:                        --level;
       96:  398:                } else if (tok2->str() == ">>") {
call    0 returned 100%
call    1 returned 100%
branch  2 taken 0% (fallthrough)
branch  3 taken 100%
    #####:  399:                    if (level > 0)
branch  0 never executed
branch  1 never executed
    #####:  400:                        --level;
    #####:  401:                    if (level > 0)
branch  0 never executed
branch  1 never executed
    #####:  402:                        --level;
        -:  403:                }
        -:  404:            }
       23:  405:            if (level > 0)
branch  0 taken 0% (fallthrough)
branch  1 taken 100%
    #####:  406:                syntaxError(tok);
call    0 never executed
branch  1 never executed
branch  2 never executed
        -:  407:        }
        -:  408:    }
      934:  409:}
        -:  410:
function _ZN18TemplateSimplifier18templateParametersEPK5Token called 5281 returned 100% blocks executed 48%
     5281:  411:unsigned int TemplateSimplifier::templateParameters(const Token *tok)
        -:  412:{
     5281:  413:    unsigned int numberOfParameters = 1;
        -:  414:
     5281:  415:    if (!tok)
branch  0 taken 0% (fallthrough)
branch  1 taken 100%
    #####:  416:        return 0;
     5281:  417:    if (tok->str() != "<")
call    0 returned 100%
call    1 returned 100%
branch  2 taken 95% (fallthrough)
branch  3 taken 5%
     4997:  418:        return 0;
      284:  419:    if (Token::Match(tok->previous(), "%var% <"))
call    0 returned 100%
call    1 returned 100%
branch  2 taken 0% (fallthrough)
branch  3 taken 100%
    #####:  420:        return 0;
      284:  421:    tok = tok->next();
call    0 returned 100%
      284:  422:    if (!tok || tok->str() == ">")
branch  0 taken 100% (fallthrough)
branch  1 taken 0%
call    2 returned 100%
call    3 returned 100%
branch  4 taken 1% (fallthrough)
branch  5 taken 99%
branch  6 taken 1% (fallthrough)
branch  7 taken 99%
        2:  423:        return 0;
        -:  424:
      282:  425:    unsigned int level = 0;
        -:  426:
      584:  427:    while (tok) {
branch  0 taken 100% (fallthrough)
branch  1 taken 0%
        -:  428:        // skip template template
      433:  429:        if (level == 0 && Token::simpleMatch(tok, "template <")) {
branch  0 taken 98% (fallthrough)
branch  1 taken 2%
call    2 returned 100%
branch  3 taken 0% (fallthrough)
branch  4 taken 100%
branch  5 taken 0% (fallthrough)
branch  6 taken 100%
    #####:  430:            const Token *closing = tok->next()->findClosingBracket();
call    0 never executed
call    1 never executed
    #####:  431:            if (closing) {
branch  0 never executed
branch  1 never executed
    #####:  432:                if (closing->str() == ">>")
call    0 never executed
call    1 never executed
branch  2 never executed
branch  3 never executed
    #####:  433:                    return numberOfParameters;
    #####:  434:                tok = closing->next();
call    0 never executed
    #####:  435:                if (tok->str() == ">" || tok->str() == ">>")
call    0 never executed
call    1 never executed
branch  2 never executed
branch  3 never executed
call    4 never executed
call    5 never executed
branch  6 never executed
branch  7 never executed
branch  8 never executed
branch  9 never executed
    #####:  436:                    return numberOfParameters;
    #####:  437:                else if (tok->str() == ",") {
call    0 never executed
call    1 never executed
branch  2 never executed
branch  3 never executed
    #####:  438:                    ++numberOfParameters;
    #####:  439:                    tok = tok->next();
call    0 never executed
    #####:  440:                    continue;
        -:  441:                }
        -:  442:            } else
    #####:  443:                return 0;
        -:  444:        }
        -:  445:
        -:  446:        // skip const/volatile
      433:  447:        if (Token::Match(tok, "const|volatile"))
call    0 returned 100%
branch  1 taken 0% (fallthrough)
branch  2 taken 100%
    #####:  448:            tok = tok->next();
call    0 never executed
        -:  449:
        -:  450:        // skip struct/union
      433:  451:        if (Token::Match(tok, "struct|union"))
call    0 returned 100%
branch  1 taken 0% (fallthrough)
branch  2 taken 100%
    #####:  452:            tok = tok->next();
call    0 never executed
        -:  453:
        -:  454:        // Skip '&'
      433:  455:        if (Token::Match(tok, "& ::| %name%"))
call    0 returned 100%
branch  1 taken 0% (fallthrough)
branch  2 taken 100%
    #####:  456:            tok = tok->next();
call    0 never executed
        -:  457:
        -:  458:        // Skip variadic types (Ticket #5774, #6059, #6172)
      433:  459:        if (Token::simpleMatch(tok, "...")) {
call    0 returned 100%
branch  1 taken 0% (fallthrough)
branch  2 taken 100%
    #####:  460:            if ((tok->previous()->isName() && !Token::Match(tok->tokAt(-2), "<|,|::")) ||
call    0 never executed
call    1 never executed
branch  2 never executed
branch  3 never executed
call    4 never executed
call    5 never executed
branch  6 never executed
branch  7 never executed
branch  8 never executed
branch  9 never executed
branch 10 never executed
branch 11 never executed
    #####:  461:                (!tok->previous()->isName() && tok->strAt(-1) != ">"))
call    0 never executed
call    1 never executed
call    2 never executed
call    3 never executed
branch  4 never executed
branch  5 never executed
    #####:  462:                return 0; // syntax error
    #####:  463:            tok = tok->next();
call    0 never executed
    #####:  464:            if (!tok)
branch  0 never executed
branch  1 never executed
    #####:  465:                return 0;
    #####:  466:            if (tok->str() == ">") {
call    0 never executed
call    1 never executed
branch  2 never executed
branch  3 never executed
    #####:  467:                if (level == 0)
branch  0 never executed
branch  1 never executed
    #####:  468:                    return numberOfParameters;
    #####:  469:                --level;
    #####:  470:            } else if (tok->str() == ">>") {
call    0 never executed
call    1 never executed
branch  2 never executed
branch  3 never executed
    #####:  471:                if (level == 1)
branch  0 never executed
branch  1 never executed
    #####:  472:                    return numberOfParameters;
    #####:  473:                level -= 2;
    #####:  474:            } else if (tok->str() == "," && level == 0) {
call    0 never executed
call    1 never executed
branch  2 never executed
branch  3 never executed
branch  4 never executed
branch  5 never executed
branch  6 never executed
branch  7 never executed
    #####:  475:                ++numberOfParameters;
    #####:  476:                tok = tok->next();
call    0 never executed
    #####:  477:                continue;
        -:  478:            }
        -:  479:        }
        -:  480:
        -:  481:        // Skip '=', '?', ':'
      433:  482:        if (Token::Match(tok, "=|?|:"))
call    0 returned 100%
branch  1 taken 1% (fallthrough)
branch  2 taken 99%
        2:  483:            tok = tok->next();
call    0 returned 100%
      433:  484:        if (!tok)
branch  0 taken 0% (fallthrough)
branch  1 taken 100%
    #####:  485:            return 0;
        -:  486:
        -:  487:        // Skip links
      433:  488:        if (Token::Match(tok, "(|{")) {
call    0 returned 100%
branch  1 taken 0% (fallthrough)
branch  2 taken 100%
    #####:  489:            tok = tok->link();
call    0 never executed
    #####:  490:            if (tok)
branch  0 never executed
branch  1 never executed
    #####:  491:                tok = tok->next();
call    0 never executed
    #####:  492:            if (!tok)
branch  0 never executed
branch  1 never executed
    #####:  493:                return 0;
    #####:  494:            if (tok->str() == ">" && level == 0)
call    0 never executed
call    1 never executed
branch  2 never executed
branch  3 never executed
branch  4 never executed
branch  5 never executed
branch  6 never executed
branch  7 never executed
    #####:  495:                return numberOfParameters;
    #####:  496:            else if (tok->str() == ">>" && level == 1)
call    0 never executed
call    1 never executed
branch  2 never executed
branch  3 never executed
branch  4 never executed
branch  5 never executed
branch  6 never executed
branch  7 never executed
    #####:  497:                return numberOfParameters;
    #####:  498:            else if (tok->str() == "," && level == 0) {
call    0 never executed
call    1 never executed
branch  2 never executed
branch  3 never executed
branch  4 never executed
branch  5 never executed
branch  6 never executed
branch  7 never executed
    #####:  499:                ++numberOfParameters;
    #####:  500:                tok = tok->next();
call    0 never executed
        -:  501:            }
    #####:  502:            continue;
        -:  503:        }
        -:  504:
        -:  505:        // skip std::
      433:  506:        if (tok && tok->str() == "::")
branch  0 taken 100% (fallthrough)
branch  1 taken 0%
call    2 returned 100%
call    3 returned 100%
branch  4 taken 0% (fallthrough)
branch  5 taken 100%
branch  6 taken 0% (fallthrough)
branch  7 taken 100%
    #####:  507:            tok = tok->next();
call    0 never executed
      505:  508:        while (Token::Match(tok, "%name% ::")) {
call    0 returned 100%
branch  1 taken 8% (fallthrough)
branch  2 taken 92%
       36:  509:            tok = tok->tokAt(2);
call    0 returned 100%
       36:  510:            if (tok && tok->str() == "*") // Ticket #5759: Class member pointer as a template argument; skip '*'
branch  0 taken 100% (fallthrough)
branch  1 taken 0%
call    2 returned 100%
call    3 returned 100%
branch  4 taken 0% (fallthrough)
branch  5 taken 100%
branch  6 taken 0% (fallthrough)
branch  7 taken 100%
    #####:  511:                tok = tok->next();
call    0 never executed
        -:  512:        }
      433:  513:        if (!tok)
branch  0 taken 0% (fallthrough)
branch  1 taken 100%
    #####:  514:            return 0;
        -:  515:
        -:  516:        // num/type ..
      433:  517:        if (!tok->isNumber() && tok->tokType() != Token::eChar && !tok->isName() && !tok->isOp())
call    0 returned 100%
branch  1 taken 79% (fallthrough)
branch  2 taken 21%
call    3 returned 100%
branch  4 taken 100% (fallthrough)
branch  5 taken 0%
call    6 returned 100%
branch  7 taken 27% (fallthrough)
branch  8 taken 73%
call    9 returned 100%
branch 10 taken 95% (fallthrough)
branch 11 taken 5%
branch 12 taken 20% (fallthrough)
branch 13 taken 80%
       88:  518:            return 0;
      345:  519:        tok = tok->next();
call    0 returned 100%
      345:  520:        if (!tok)
branch  0 taken 0% (fallthrough)
branch  1 taken 100%
    #####:  521:            return 0;
        -:  522:
        -:  523:        // * / const
       19:  524:        while (Token::Match(tok, "*|&|&&|const"))
call    0 returned 100%
branch  1 taken 5% (fallthrough)
branch  2 taken 95%
       19:  525:            tok = tok->next();
call    0 returned 100%
        -:  526:
      345:  527:        if (!tok)
branch  0 taken 0% (fallthrough)
branch  1 taken 100%
    #####:  528:            return 0;
        -:  529:
        -:  530:        // Function pointer or prototype..
      355:  531:        while (Token::Match(tok, "(|[")) {
call    0 returned 100%
branch  1 taken 1% (fallthrough)
branch  2 taken 99%
        5:  532:            if (!tok->link())
call    0 returned 100%
branch  1 taken 0% (fallthrough)
branch  2 taken 100%
    #####:  533:                syntaxError(tok);
call    0 never executed
        -:  534:
        5:  535:            tok = tok->link()->next();
call    0 returned 100%
call    1 returned 100%
        5:  536:            while (Token::Match(tok, "const|volatile")) // Ticket #5786: Skip function cv-qualifiers
call    0 returned 100%
branch  1 taken 0% (fallthrough)
branch  2 taken 100%
    #####:  537:                tok = tok->next();
call    0 never executed
        -:  538:        }
      345:  539:        if (!tok)
branch  0 taken 0% (fallthrough)
branch  1 taken 100%
    #####:  540:            return 0;
        -:  541:
        -:  542:        // inner template
      345:  543:        if (tok->str() == "<") {
call    0 returned 100%
call    1 returned 100%
branch  2 taken 1% (fallthrough)
branch  3 taken 99%
        5:  544:            ++level;
        5:  545:            tok = tok->next();
call    0 returned 100%
        -:  546:        }
        -:  547:
      345:  548:        if (!tok)
branch  0 taken 0% (fallthrough)
branch  1 taken 100%
    #####:  549:            return 0;
        -:  550:
        -:  551:        // ,/>
      355:  552:        while (Token::Match(tok, ">|>>")) {
call    0 returned 100%
branch  1 taken 57% (fallthrough)
branch  2 taken 43%
      199:  553:            if (level == 0)
branch  0 taken 97% (fallthrough)
branch  1 taken 3%
      194:  554:                return tok->str() == ">" && !Token::Match(tok->next(), "%num%") ? numberOfParameters : 0;
call    0 returned 100%
call    1 returned 100%
branch  2 taken 100% (fallthrough)
branch  3 taken 0%
call    4 returned 100%
call    5 returned 100%
branch  6 taken 100% (fallthrough)
branch  7 taken 0%
        5:  555:            --level;
        5:  556:            if (tok->str() == ">>") {
call    0 returned 100%
call    1 returned 100%
branch  2 taken 0% (fallthrough)
branch  3 taken 100%
    #####:  557:                if (level == 0)
branch  0 never executed
branch  1 never executed
    #####:  558:                    return !Token::Match(tok->next(), "%num%") ? numberOfParameters : 0;
call    0 never executed
call    1 never executed
branch  2 never executed
branch  3 never executed
    #####:  559:                --level;
        -:  560:            }
        5:  561:            tok = tok->next();
call    0 returned 100%
        -:  562:
        5:  563:            if (Token::simpleMatch(tok,"("))
call    0 returned 100%
branch  1 taken 0% (fallthrough)
branch  2 taken 100%
    #####:  564:                tok = tok->link()->next();
call    0 never executed
call    1 never executed
        -:  565:
        5:  566:            if (!tok)
branch  0 taken 0% (fallthrough)
branch  1 taken 100%
    #####:  567:                return 0;
        -:  568:        }
        -:  569:
      151:  570:        if (tok->str() != ",")
call    0 returned 100%
call    1 returned 100%
branch  2 taken 83% (fallthrough)
branch  3 taken 17%
      125:  571:            continue;
       26:  572:        if (level == 0)
branch  0 taken 92% (fallthrough)
branch  1 taken 8%
       24:  573:            ++numberOfParameters;
       26:  574:        tok = tok->next();
call    0 returned 100%
        -:  575:    }
    #####:  576:    return 0;
        -:  577:}
        -:  578:
function _ZN18TemplateSimplifier26findTemplateDeclarationEndEPK5Token called 0 returned 0% blocks executed 0%
    #####:  579:const Token *TemplateSimplifier::findTemplateDeclarationEnd(const Token *tok)
        -:  580:{
    #####:  581:    return const_cast<const Token *>(findTemplateDeclarationEnd(const_cast<Token *>(tok)));
call    0 never executed
        -:  582:}
        -:  583:
function _ZN18TemplateSimplifier26findTemplateDeclarationEndEP5Token called 29 returned 100% blocks executed 88%
       29:  584:Token *TemplateSimplifier::findTemplateDeclarationEnd(Token *tok)
        -:  585:{
       29:  586:    if (Token::simpleMatch(tok, "template <")) {
call    0 returned 100%
branch  1 taken 62% (fallthrough)
branch  2 taken 38%
       18:  587:        tok = tok->next()->findClosingBracket();
call    0 returned 100%
call    1 returned 100%
       18:  588:        if (tok)
branch  0 taken 100% (fallthrough)
branch  1 taken 0%
       18:  589:            tok = tok->next();
call    0 returned 100%
        -:  590:    }
        -:  591:
       29:  592:    if (!tok)
branch  0 taken 0% (fallthrough)
branch  1 taken 100%
    #####:  593:        return nullptr;
        -:  594:
       29:  595:    Token * tok2 = tok;
      209:  596:    while (tok2 && !Token::Match(tok2, ";|{")) {
branch  0 taken 100% (fallthrough)
branch  1 taken 0%
call    2 returned 100%
branch  3 taken 76% (fallthrough)
branch  4 taken 24%
branch  5 taken 76% (fallthrough)
branch  6 taken 24%
       90:  597:        if (tok2->str() == "<")
call    0 returned 100%
call    1 returned 100%
branch  2 taken 0% (fallthrough)
branch  3 taken 100%
    #####:  598:            tok2 = tok2->findClosingBracket();
call    0 never executed
       90:  599:        else if (Token::Match(tok2, "(|[") && tok2->link())
call    0 returned 100%
branch  1 taken 32% (fallthrough)
branch  2 taken 68%
call    3 returned 100%
branch  4 taken 100% (fallthrough)
branch  5 taken 0%
branch  6 taken 32% (fallthrough)
branch  7 taken 68%
       29:  600:            tok2 = tok2->link();
call    0 returned 100%
       90:  601:        if (tok2)
branch  0 taken 100% (fallthrough)
branch  1 taken 0%
       90:  602:            tok2 = tok2->next();
call    0 returned 100%
        -:  603:    }
       29:  604:    if (tok2 && tok2->str() == "{") {
branch  0 taken 100% (fallthrough)
branch  1 taken 0%
call    2 returned 100%
call    3 returned 100%
branch  4 taken 79% (fallthrough)
branch  5 taken 21%
branch  6 taken 79% (fallthrough)
branch  7 taken 21%
       23:  605:        tok = tok2->link();
call    0 returned 100%
       23:  606:        if (tok && tok->strAt(1) == ";")
branch  0 taken 100% (fallthrough)
branch  1 taken 0%
call    2 returned 100%
call    3 returned 100%
branch  4 taken 0% (fallthrough)
branch  5 taken 100%
branch  6 taken 0% (fallthrough)
branch  7 taken 100%
    #####:  607:            tok = tok->next();
call    0 never executed
        6:  608:    } else if (tok2 && tok2->str() == ";")
branch  0 taken 100% (fallthrough)
branch  1 taken 0%
call    2 returned 100%
call    3 returned 100%
branch  4 taken 100% (fallthrough)
branch  5 taken 0%
branch  6 taken 100% (fallthrough)
branch  7 taken 0%
        6:  609:        tok = tok2;
        -:  610:    else
    #####:  611:        tok = nullptr;
        -:  612:
       29:  613:    return tok;
        -:  614:}
        -:  615:
function _ZN18TemplateSimplifier11eraseTokensEP5TokenPKS0_ called 9 returned 100% blocks executed 92%
        9:  616:void TemplateSimplifier::eraseTokens(Token *begin, const Token *end)
        -:  617:{
        9:  618:    if (!begin || begin == end)
branch  0 taken 100% (fallthrough)
branch  1 taken 0%
branch  2 taken 0% (fallthrough)
branch  3 taken 100%
    #####:  619:        return;
        -:  620:
       99:  621:    while (begin->next() && begin->next() != end) {
call    0 returned 100%
branch  1 taken 100% (fallthrough)
branch  2 taken 0%
call    3 returned 100%
branch  4 taken 92% (fallthrough)
branch  5 taken 8%
branch  6 taken 92% (fallthrough)
branch  7 taken 8%
       99:  622:        begin->deleteNext();
call    0 returned 100%
        -:  623:    }
        -:  624:}
        -:  625:
function _ZN18TemplateSimplifier11deleteTokenEP5Token called 4 returned 100% blocks executed 83%
        4:  626:void TemplateSimplifier::deleteToken(Token *tok)
        -:  627:{
        4:  628:    if (tok->next())
call    0 returned 100%
branch  1 taken 100% (fallthrough)
branch  2 taken 0%
        4:  629:        tok->next()->deletePrevious();
call    0 returned 100%
call    1 returned 100%
        -:  630:    else
    #####:  631:        tok->deleteThis();
call    0 never executed
        4:  632:}
        -:  633:
function _ZN18TemplateSimplifier14removeTemplateEP5Token called 4 returned 100% blocks executed 64%
        4:  634:bool TemplateSimplifier::removeTemplate(Token *tok)
        -:  635:{
        4:  636:    if (!Token::simpleMatch(tok, "template <"))
call    0 returned 100%
branch  1 taken 0% (fallthrough)
branch  2 taken 100%
    #####:  637:        return false;
        -:  638:
        4:  639:    int indentlevel = 0;
        4:  640:    unsigned int countgt = 0;   // Counter for ">"
       32:  641:    for (const Token *tok2 = tok->next(); tok2; tok2 = tok2->next()) {
call    0 returned 100%
branch  1 taken 100% (fallthrough)
branch  2 taken 0%
call    3 returned 100%
        -:  642:
       32:  643:        if (tok2->str() == "(") {
call    0 returned 100%
call    1 returned 100%
branch  2 taken 13% (fallthrough)
branch  3 taken 88%
        4:  644:            tok2 = tok2->link();
call    0 returned 100%
       28:  645:        } else if (tok2->str() == ")") {  // garbage code! (#3504)
call    0 returned 100%
call    1 returned 100%
branch  2 taken 0% (fallthrough)
branch  3 taken 100%
    #####:  646:            eraseTokens(tok,tok2);
call    0 never executed
    #####:  647:            deleteToken(tok);
call    0 never executed
    #####:  648:            return false;
        -:  649:        }
        -:  650:
       28:  651:        else if (tok2->str() == "{") {
call    0 returned 100%
call    1 returned 100%
branch  2 taken 14% (fallthrough)
branch  3 taken 86%
        4:  652:            tok2 = tok2->link();
call    0 returned 100%
        4:  653:            if (indentlevel < 2) {
branch  0 taken 100% (fallthrough)
branch  1 taken 0%
        4:  654:                tok2 = tok2->next();
call    0 returned 100%
        4:  655:                if (tok2 && tok2->str() == ";" && tok2->next())
branch  0 taken 100% (fallthrough)
branch  1 taken 0%
call    2 returned 100%
call    3 returned 100%
branch  4 taken 0% (fallthrough)
branch  5 taken 100%
call    6 never executed
branch  7 never executed
branch  8 never executed
branch  9 taken 0% (fallthrough)
branch 10 taken 100%
    #####:  656:                    tok2 = tok2->next();
call    0 never executed
        4:  657:                eraseTokens(tok, tok2);
call    0 returned 100%
        4:  658:                deleteToken(tok);
call    0 returned 100%
        4:  659:                return true;
        -:  660:            }
       24:  661:        } else if (tok2->str() == "}") {  // garbage code! (#3449)
call    0 returned 100%
call    1 returned 100%
branch  2 taken 0% (fallthrough)
branch  3 taken 100%
    #####:  662:            eraseTokens(tok,tok2);
call    0 never executed
    #####:  663:            deleteToken(tok);
call    0 never executed
    #####:  664:            return false;
        -:  665:        }
        -:  666:
        -:  667:        // Count ">"
       28:  668:        if (tok2->str() == ">")
call    0 returned 100%
call    1 returned 100%
branch  2 taken 14% (fallthrough)
branch  3 taken 86%
        4:  669:            countgt++;
        -:  670:
        -:  671:        // don't remove constructor
       28:  672:        if (tok2->str() == "explicit" ||
call    0 returned 100%
call    1 returned 100%
branch  2 taken 100% (fallthrough)
branch  3 taken 0%
branch  4 taken 57% (fallthrough)
branch  5 taken 43%
branch  6 taken 0% (fallthrough)
branch  7 taken 100%
       16:  673:            (countgt == 1 && Token::Match(tok2->previous(), "> %type% (") &&
call    0 returned 100%
call    1 returned 100%
branch  2 taken 0% (fallthrough)
branch  3 taken 100%
branch  4 never executed
branch  5 never executed
    #####:  674:             Tokenizer::startOfExecutableScope(tok2->linkAt(1)))) {
call    0 never executed
call    1 never executed
    #####:  675:            eraseTokens(tok, tok2);
call    0 never executed
    #####:  676:            deleteToken(tok);
call    0 never executed
    #####:  677:            return true;
        -:  678:        }
        -:  679:
       28:  680:        if (tok2->str() == ";") {
call    0 returned 100%
call    1 returned 100%
branch  2 taken 0% (fallthrough)
branch  3 taken 100%
    #####:  681:            tok2 = tok2->next();
call    0 never executed
    #####:  682:            eraseTokens(tok, tok2);
call    0 never executed
    #####:  683:            deleteToken(tok);
call    0 never executed
    #####:  684:            return true;
        -:  685:        }
        -:  686:
       28:  687:        if (tok2->str() == "<")
call    0 returned 100%
call    1 returned 100%
branch  2 taken 14% (fallthrough)
branch  3 taken 86%
        4:  688:            ++indentlevel;
        -:  689:
       24:  690:        else if (indentlevel >= 2 && tok2->str() == ">")
branch  0 taken 0% (fallthrough)
branch  1 taken 100%
call    2 never executed
call    3 never executed
branch  4 never executed
branch  5 never executed
branch  6 taken 0% (fallthrough)
branch  7 taken 100%
    #####:  691:            --indentlevel;
        -:  692:
       24:  693:        else if (Token::Match(tok2, "> class|struct|union %name% [,)]")) {
call    0 returned 100%
branch  1 taken 0% (fallthrough)
branch  2 taken 100%
    #####:  694:            tok2 = tok2->next();
call    0 never executed
    #####:  695:            eraseTokens(tok, tok2);
call    0 never executed
    #####:  696:            deleteToken(tok);
call    0 never executed
    #####:  697:            return true;
        -:  698:        }
        -:  699:    }
        -:  700:
    #####:  701:    return false;
        -:  702:}
        -:  703:
function _ZN18TemplateSimplifier23getTemplateDeclarationsEv called 939 returned 100% blocks executed 75%
      939:  704:bool TemplateSimplifier::getTemplateDeclarations()
        -:  705:{
      939:  706:    bool codeWithTemplates = false;
    29642:  707:    for (Token *tok = mTokenList.front(); tok; tok = tok->next()) {
call    0 returned 100%
branch  1 taken 97% (fallthrough)
branch  2 taken 3%
call    3 returned 100%
    28703:  708:        if (!Token::simpleMatch(tok, "template <"))
call    0 returned 100%
branch  1 taken 99% (fallthrough)
branch  2 taken 1%
    28690:  709:            continue;
        -:  710:        // ignore template template parameter
       13:  711:        if (tok->strAt(-1) == "<")
call    0 returned 100%
call    1 returned 100%
branch  2 taken 0% (fallthrough)
branch  3 taken 100%
    #####:  712:            continue;
        -:  713:        // ignore nested template
       13:  714:        if (tok->strAt(-1) == ">")
call    0 returned 100%
call    1 returned 100%
branch  2 taken 0% (fallthrough)
branch  3 taken 100%
    #####:  715:            continue;
        -:  716:        // skip to last nested template parameter
       13:  717:        const Token *tok1 = tok;
       13:  718:        while (tok1 && tok1->next() && Token::simpleMatch(tok1->next()->findClosingBracket(), "> template <")) {
branch  0 taken 100% (fallthrough)
branch  1 taken 0%
call    2 returned 100%
branch  3 taken 100% (fallthrough)
branch  4 taken 0%
call    5 returned 100%
call    6 returned 100%
call    7 returned 100%
branch  8 taken 0% (fallthrough)
branch  9 taken 100%
branch 10 taken 0% (fallthrough)
branch 11 taken 100%
    #####:  719:            const Token *closing = tok1->next()->findClosingBracket();
call    0 never executed
call    1 never executed
    #####:  720:            if (!closing)
branch  0 never executed
branch  1 never executed
    #####:  721:                syntaxError(tok1->next());
call    0 never executed
call    1 never executed
    #####:  722:            tok1 = closing->next();
call    0 never executed
        -:  723:        }
       13:  724:        if (!tok1)
branch  0 taken 0% (fallthrough)
branch  1 taken 100%
    #####:  725:            syntaxError(tok);
call    0 never executed
        -:  726:        // Some syntax checks, see #6865
       13:  727:        if (!tok->tokAt(2))
call    0 returned 100%
branch  1 taken 0% (fallthrough)
branch  2 taken 100%
    #####:  728:            syntaxError(tok->next());
call    0 never executed
call    1 never executed
       15:  729:        if (tok->strAt(2)=="typename" &&
call    0 returned 100%
call    1 returned 100%
branch  2 taken 15% (fallthrough)
branch  3 taken 85%
branch  4 taken 0% (fallthrough)
branch  5 taken 100%
branch  6 taken 0% (fallthrough)
branch  7 taken 100%
        2:  730:            !Token::Match(tok->tokAt(3), "%name%|...|,|=|>"))
call    0 returned 100%
call    1 returned 100%
    #####:  731:            syntaxError(tok->next());
call    0 never executed
call    1 never executed
       13:  732:        codeWithTemplates = true;
       13:  733:        const Token * const parmEnd = tok1->next()->findClosingBracket();
call    0 returned 100%
call    1 returned 100%
       68:  734:        for (const Token *tok2 = parmEnd; tok2; tok2 = tok2->next()) {
branch  0 taken 100% (fallthrough)
branch  1 taken 0%
call    2 returned 100%
       68:  735:            if (tok2->str() == "(" && tok2->link())
call    0 returned 100%
call    1 returned 100%
branch  2 taken 18% (fallthrough)
branch  3 taken 82%
call    4 returned 100%
branch  5 taken 100% (fallthrough)
branch  6 taken 0%
branch  7 taken 18% (fallthrough)
branch  8 taken 82%
       12:  736:                tok2 = tok2->link();
call    0 returned 100%
       56:  737:            else if (tok2->str() == ")")
call    0 returned 100%
call    1 returned 100%
branch  2 taken 0% (fallthrough)
branch  3 taken 100%
    #####:  738:                break;
        -:  739:            // skip decltype(...)
       56:  740:            else if (Token::simpleMatch(tok2, "decltype ("))
call    0 returned 100%
branch  1 taken 0% (fallthrough)
branch  2 taken 100%
    #####:  741:                tok2 = tok2->linkAt(1);
call    0 never executed
       56:  742:            else if (Token::Match(tok2, "{|=|;")) {
call    0 returned 100%
branch  1 taken 23% (fallthrough)
branch  2 taken 77%
       13:  743:                const int namepos = getTemplateNamePosition(parmEnd);
call    0 returned 100%
       13:  744:                if (namepos > 0) {
branch  0 taken 100% (fallthrough)
branch  1 taken 0%
       26:  745:                    TokenAndName decl(tok, tok->scopeInfo()->name, parmEnd->tokAt(namepos), parmEnd);
call    0 returned 100%
branch  1 taken 100% (fallthrough)
branch  2 taken 0% (throw)
call    3 returned 100%
branch  4 taken 100% (fallthrough)
branch  5 taken 0% (throw)
call    6 returned 100%
call    7 returned 100%
branch  8 taken 100% (fallthrough)
branch  9 taken 0% (throw)
call   10 returned 100%
call   11 returned 100%
call   12 never executed
       13:  746:                    if (decl.isForwardDeclaration()) {
call    0 returned 100%
[...]
branch  1 taken 97% (fallthrough)
branch  2 taken 3%
call    3 returned 100%
    28471: 3510:        if (Token::Match(tok, "typename %name%") && !Token::Match(tok->tokAt(-3), "using %name% ="))
call    0 returned 100%
branch  1 taken 0% (fallthrough)
branch  2 taken 100%
call    3 never executed
call    4 never executed
branch  5 never executed
branch  6 never executed
branch  7 taken 0% (fallthrough)
branch  8 taken 100%
    #####: 3511:            tok->deleteThis();
call    0 never executed
        -: 3512:
    28471: 3513:        if (Token::simpleMatch(tok, "template <")) {
call    0 returned 100%
branch  1 taken 1% (fallthrough)
branch  2 taken 99%
       13: 3514:            tok = tok->next()->findClosingBracket();
call    0 returned 100%
call    1 returned 100%
       13: 3515:            if (!tok)
branch  0 taken 0% (fallthrough)
branch  1 taken 100%
    #####: 3516:                break;
        -: 3517:        }
        -: 3518:    }
        -: 3519:
      934: 3520:    mTokenizer->calculateScopes();
call    0 returned 100%
        -: 3521:
      934: 3522:    unsigned int passCount = 0;
      934: 3523:    const unsigned int passCountMax = 10;
      958: 3524:    for (; passCount < passCountMax; ++passCount) {
branch  0 taken 100% (fallthrough)
branch  1 taken 0%
      946: 3525:        if (passCount) {
branch  0 taken 1% (fallthrough)
branch  1 taken 99%
        -: 3526:            // it may take more than one pass to simplify type aliases
       12: 3527:            bool usingChanged = false;
       12: 3528:            while (mTokenizer->simplifyUsing())
call    0 returned 100%
branch  1 taken 100% (fallthrough)
branch  2 taken 0% (throw)
branch  3 taken 0% (fallthrough)
branch  4 taken 100%
    #####: 3529:                usingChanged = true;
        -: 3530:
       12: 3531:            if (!usingChanged && !mChanged)
branch  0 taken 100% (fallthrough)
branch  1 taken 0%
branch  2 taken 58% (fallthrough)
branch  3 taken 42%
       14: 3532:                break;
        -: 3533:
        5: 3534:            mChanged = usingChanged;
        5: 3535:            mTemplateDeclarations.clear();
call    0 returned 100%
        5: 3536:            mTemplateForwardDeclarations.clear();
call    0 returned 100%
        5: 3537:            mTemplateForwardDeclarationsMap.clear();
call    0 returned 100%
        5: 3538:            mTemplateSpecializationMap.clear();
call    0 returned 100%
        5: 3539:            mTemplatePartialSpecializationMap.clear();
call    0 returned 100%
        5: 3540:            mTemplateInstantiations.clear();
call    0 returned 100%
        5: 3541:            mInstantiatedTemplates.clear();
call    0 returned 100%
        5: 3542:            mExplicitInstantiationsToDelete.clear();
call    0 returned 100%
        5: 3543:            mTemplateNamePos.clear();
call    0 returned 100%
        -: 3544:        }
        -: 3545:
      939: 3546:        bool hasTemplates = getTemplateDeclarations();
call    0 returned 100%
branch  1 taken 100% (fallthrough)
branch  2 taken 0% (throw)
        -: 3547:
      939: 3548:        if (passCount == 0)
branch  0 taken 99% (fallthrough)
branch  1 taken 1%
      934: 3549:            codeWithTemplates = hasTemplates;
        -: 3550:
        -: 3551:        // Make sure there is something to simplify.
      939: 3552:        if (mTemplateDeclarations.empty() && mTemplateForwardDeclarations.empty())
call    0 returned 100%
branch  1 taken 99% (fallthrough)
branch  2 taken 1%
call    3 returned 100%
branch  4 taken 99% (fallthrough)
branch  5 taken 1%
branch  6 taken 99% (fallthrough)
branch  7 taken 1%
      927: 3553:            return;
        -: 3554:
       12: 3555:        if (passCount != 0 && mSettings->debugtemplate && mSettings->debugnormal) {
branch  0 taken 0% (fallthrough)
branch  1 taken 100%
branch  2 never executed
branch  3 never executed
branch  4 never executed
branch  5 never executed
    #####: 3556:            std::string title("Template Simplifier pass " + std::to_string(passCount + 1));
call    0 never executed
branch  1 never executed
branch  2 never executed
call    3 never executed
branch  4 never executed
branch  5 never executed
call    6 never executed
call    7 never executed
call    8 never executed
    #####: 3557:            mTokenList.front()->printOut(title.c_str(), mTokenList.getFiles());
call    0 never executed
call    1 never executed
call    2 never executed
call    3 never executed
branch  4 never executed
branch  5 never executed
        -: 3558:        }
        -: 3559:
        -: 3560:        // Copy default argument values from forward declaration to declaration
       12: 3561:        fixForwardDeclaredDefaultArgumentValues();
call    0 returned 100%
branch  1 taken 100% (fallthrough)
branch  2 taken 0% (throw)
        -: 3562:
        -: 3563:        // Locate user defined specializations.
       12: 3564:        getSpecializations();
call    0 returned 100%
branch  1 taken 100% (fallthrough)
branch  2 taken 0% (throw)
        -: 3565:
        -: 3566:        // Locate user defined partial specializations.
       12: 3567:        getPartialSpecializations();
call    0 returned 100%
branch  1 taken 100% (fallthrough)
branch  2 taken 0% (throw)
        -: 3568:
        -: 3569:        // Locate possible instantiations of templates..
       12: 3570:        getTemplateInstantiations();
call    0 returned 100%
branch  1 taken 100% (fallthrough)
branch  2 taken 0% (throw)
        -: 3571:
        -: 3572:        // Template arguments with default values
       12: 3573:        useDefaultArgumentValues();
call    0 returned 100%
branch  1 taken 100% (fallthrough)
branch  2 taken 0% (throw)
        -: 3574:
       12: 3575:        simplifyTemplateAliases();
call    0 returned 100%
branch  1 taken 100% (fallthrough)
branch  2 taken 0% (throw)
        -: 3576:
       12: 3577:        if (mSettings->debugtemplate)
branch  0 taken 0% (fallthrough)
branch  1 taken 100%
    #####: 3578:            printOut("### Template Simplifier pass " + std::to_string(passCount + 1) + " ###");
call    0 never executed
branch  1 never executed
branch  2 never executed
call    3 never executed
branch  4 never executed
branch  5 never executed
call    6 never executed
branch  7 never executed
branch  8 never executed
call    9 never executed
branch 10 never executed
branch 11 never executed
call   12 never executed
call   13 never executed
call   14 never executed
call   15 never executed
call   16 never executed
call   17 never executed
        -: 3579:
       24: 3580:        std::set<std::string> expandedtemplates;
call    0 returned 100%
call    1 returned 100%
call    2 never executed
call    3 never executed
        -: 3581:
       23: 3582:        for (std::list<TokenAndName>::reverse_iterator iter1 = mTemplateDeclarations.rbegin(); iter1 != mTemplateDeclarations.rend(); ++iter1) {
call    0 returned 100%
call    1 returned 100%
call    2 returned 100%
branch  3 taken 100% (fallthrough)
branch  4 taken 0% (throw)
call    5 returned 100%
branch  6 taken 48% (fallthrough)
branch  7 taken 52%
call    8 returned 100%
call    9 returned 100%
call   10 never executed
call   11 never executed
       11: 3583:            if (iter1->isAlias() || iter1->isFriend())
call    0 returned 100%
branch  1 taken 100% (fallthrough)
branch  2 taken 0% (throw)
call    3 returned 100%
branch  4 taken 100% (fallthrough)
branch  5 taken 0%
call    6 returned 100%
branch  7 taken 100% (fallthrough)
branch  8 taken 0% (throw)
call    9 returned 100%
branch 10 taken 0% (fallthrough)
branch 11 taken 100%
branch 12 taken 0% (fallthrough)
branch 13 taken 100%
    #####: 3584:                continue;
        -: 3585:
        -: 3586:            // get specializations..
       22: 3587:            std::list<const Token *> specializations;
call    0 returned 100%
call    1 returned 100%
call    2 never executed
       22: 3588:            for (std::list<TokenAndName>::const_iterator iter2 = mTemplateDeclarations.begin(); iter2 != mTemplateDeclarations.end(); ++iter2) {
call    0 returned 100%
call    1 returned 100%
call    2 returned 100%
call    3 returned 100%
call    4 returned 100%
call    5 returned 100%
branch  6 taken 50% (fallthrough)
branch  7 taken 50%
call    8 returned 100%
call    9 returned 100%
call   10 never executed
       11: 3589:                if (iter2->isAlias() || iter2->isFriend())
call    0 returned 100%
call    1 returned 100%
branch  2 taken 100% (fallthrough)
branch  3 taken 0%
call    4 returned 100%
call    5 returned 100%
branch  6 taken 0% (fallthrough)
branch  7 taken 100%
branch  8 taken 0% (fallthrough)
branch  9 taken 100%
    #####: 3590:                    continue;
        -: 3591:
       11: 3592:                if (iter1->fullName() == iter2->fullName())
call    0 returned 100%
call    1 returned 100%
call    2 returned 100%
branch  3 taken 100% (fallthrough)
branch  4 taken 0% (throw)
call    5 returned 100%
call    6 returned 100%
branch  7 taken 100% (fallthrough)
branch  8 taken 0%
       11: 3593:                    specializations.push_back(iter2->nameToken());
call    0 returned 100%
call    1 returned 100%
call    2 returned 100%
branch  3 taken 100% (fallthrough)
branch  4 taken 0% (throw)
        -: 3594:            }
        -: 3595:
        -: 3596:            const bool instantiated = simplifyTemplateInstantiations(
       11: 3597:                                          *iter1,
call    0 returned 100%
        -: 3598:                                          specializations,
        -: 3599:                                          maxtime,
       11: 3600:                                          expandedtemplates);
call    0 returned 100%
branch  1 taken 100% (fallthrough)
branch  2 taken 0% (throw)
       11: 3601:            if (instantiated)
branch  0 taken 45% (fallthrough)
branch  1 taken 55%
        5: 3602:                mInstantiatedTemplates.push_back(*iter1);
call    0 returned 100%
call    1 returned 100%
branch  2 taken 100% (fallthrough)
branch  3 taken 0% (throw)
        -: 3603:        }
        -: 3604:
       17: 3605:        for (std::list<TokenAndName>::const_iterator it = mInstantiatedTemplates.begin(); it != mInstantiatedTemplates.end(); ++it) {
call    0 returned 100%
call    1 returned 100%
call    2 returned 100%
call    3 returned 100%
call    4 returned 100%
call    5 returned 100%
branch  6 taken 29% (fallthrough)
branch  7 taken 71%
call    8 returned 100%
call    9 returned 100%
call   10 never executed
call   11 never executed
       10: 3606:            std::list<TokenAndName>::iterator decl;
call    0 returned 100%
call    1 returned 100%
call    2 never executed
        5: 3607:            for (decl = mTemplateDeclarations.begin(); decl != mTemplateDeclarations.end(); ++decl) {
call    0 returned 100%
call    1 returned 100%
call    2 returned 100%
call    3 returned 100%
call    4 returned 100%
call    5 returned 100%
branch  6 taken 100% (fallthrough)
branch  7 taken 0%
call    8 never executed
        5: 3608:                if (decl->token() == it->token())
call    0 returned 100%
call    1 returned 100%
call    2 returned 100%
call    3 returned 100%
branch  4 taken 100% (fallthrough)
branch  5 taken 0%
        5: 3609:                    break;
        -: 3610:            }
        5: 3611:            if (decl != mTemplateDeclarations.end()) {
call    0 returned 100%
call    1 returned 100%
call    2 returned 100%
branch  3 taken 100% (fallthrough)
branch  4 taken 0%
        5: 3612:                if (it->isSpecialization()) {
call    0 returned 100%
call    1 returned 100%
branch  2 taken 20% (fallthrough)
branch  3 taken 80%
        -: 3613:                    // delete the "template < >"
        1: 3614:                    Token * tok = it->token();
call    0 returned 100%
call    1 returned 100%
        1: 3615:                    tok->deleteNext(2);
call    0 returned 100%
branch  1 taken 100% (fallthrough)
branch  2 taken 0% (throw)
        1: 3616:                    tok->deleteThis();
call    0 returned 100%
branch  1 taken 100% (fallthrough)
branch  2 taken 0% (throw)
        -: 3617:                } else {
        -: 3618:                    // remove forward declaration if found
        8: 3619:                    auto it1 = mTemplateForwardDeclarationsMap.find(it->token());
call    0 returned 100%
call    1 returned 100%
call    2 returned 100%
branch  3 taken 100% (fallthrough)
branch  4 taken 0% (throw)
call    5 returned 100%
call    6 never executed
        4: 3620:                    if (it1 != mTemplateForwardDeclarationsMap.end())
call    0 returned 100%
call    1 returned 100%
call    2 returned 100%
branch  3 taken 0% (fallthrough)
branch  4 taken 100%
    #####: 3621:                        removeTemplate(it1->second);
call    0 never executed
call    1 never executed
branch  2 never executed
branch  3 never executed
        4: 3622:                    removeTemplate(it->token());
call    0 returned 100%
call    1 returned 100%
call    2 returned 100%
branch  3 taken 100% (fallthrough)
branch  4 taken 0% (throw)
        -: 3623:                }
        5: 3624:                mTemplateDeclarations.erase(decl);
call    0 returned 100%
call    1 returned 100%
call    2 returned 100%
call    3 returned 100%
        -: 3625:            }
        -: 3626:        }
        -: 3627:
        -: 3628:        // remove out of line member functions
       12: 3629:        while (!mMemberFunctionsToDelete.empty()) {
call    0 returned 100%
branch  1 taken 0% (fallthrough)
branch  2 taken 100%
    #####: 3630:            const std::list<TokenAndName>::iterator it = std::find_if(mTemplateDeclarations.begin(),
call    0 never executed
call    1 never executed
call    2 never executed
    #####: 3631:                    mTemplateDeclarations.end(),
call    0 never executed
    #####: 3632:                    FindToken(mMemberFunctionsToDelete.begin()->token()));
call    0 never executed
call    1 never executed
call    2 never executed
call    3 never executed
call    4 never executed
branch  5 never executed
branch  6 never executed
call    7 never executed
call    8 never executed
call    9 never executed
call   10 never executed
call   11 never executed
        -: 3633:            // multiple functions can share the same declaration so make sure it hasn't already been deleted
    #####: 3634:            if (it != mTemplateDeclarations.end()) {
call    0 never executed
call    1 never executed
call    2 never executed
branch  3 never executed
branch  4 never executed
    #####: 3635:                removeTemplate(it->token());
call    0 never executed
call    1 never executed
call    2 never executed
branch  3 never executed
branch  4 never executed
    #####: 3636:                mTemplateDeclarations.erase(it);
call    0 never executed
call    1 never executed
call    2 never executed
call    3 never executed
        -: 3637:            }
    #####: 3638:            mMemberFunctionsToDelete.erase(mMemberFunctionsToDelete.begin());
call    0 never executed
call    1 never executed
call    2 never executed
call    3 never executed
call    4 never executed
call    5 never executed
        -: 3639:        }
        -: 3640:
        -: 3641:        // remove explicit instantiations
       12: 3642:        for (TokenAndName & j : mExplicitInstantiationsToDelete) {
call    0 returned 100%
call    1 returned 100%
call    2 returned 100%
branch  3 taken 0% (fallthrough)
branch  4 taken 100%
call    5 never executed
call    6 never executed
call    7 returned 100%
call    8 returned 100%
call    9 never executed
call   10 never executed
    #####: 3643:            Token * start = j.token();
call    0 never executed
    #####: 3644:            if (start) {
branch  0 never executed
branch  1 never executed
    #####: 3645:                Token * end = start->next();
call    0 never executed
    #####: 3646:                while (end && end->str() != ";")
branch  0 never executed
branch  1 never executed
call    2 never executed
call    3 never executed
branch  4 never executed
branch  5 never executed
branch  6 never executed
branch  7 never executed
    #####: 3647:                    end = end->next();
call    0 never executed
    #####: 3648:                if (start->previous())
call    0 never executed
branch  1 never executed
branch  2 never executed
    #####: 3649:                    start = start->previous();
call    0 never executed
    #####: 3650:                if (end && end->next())
branch  0 never executed
branch  1 never executed
call    2 never executed
branch  3 never executed
branch  4 never executed
branch  5 never executed
branch  6 never executed
    #####: 3651:                    end = end->next();
call    0 never executed
    #####: 3652:                eraseTokens(start, end);
call    0 never executed
branch  1 never executed
branch  2 never executed
        -: 3653:            }
        -: 3654:        }
        -: 3655:    }
        -: 3656:
        7: 3657:    if (passCount == passCountMax) {
branch  0 taken 0% (fallthrough)
branch  1 taken 100%
    #####: 3658:        if (mSettings->debugwarnings) {
branch  0 never executed
branch  1 never executed
    #####: 3659:            const std::list<const Token*> locationList(1, mTokenList.front());
call    0 never executed
call    1 never executed
call    2 never executed
branch  3 never executed
branch  4 never executed
call    5 never executed
call    6 never executed
call    7 never executed
call    8 never executed
call    9 never executed
call   10 never executed
    #####: 3660:            const ErrorLogger::ErrorMessage errmsg(locationList, &mTokenizer->list,
        -: 3661:                                                   Severity::debug,
        -: 3662:                                                   "debug",
        -: 3663:                                                   "TemplateSimplifier: pass count limit hit before simplifications were finished.",
    #####: 3664:                                                   false);
call    0 never executed
call    1 never executed
branch  2 never executed
branch  3 never executed
call    4 never executed
call    5 never executed
branch  6 never executed
branch  7 never executed
call    8 never executed
branch  9 never executed
branch 10 never executed
call   11 never executed
call   12 never executed
call   13 never executed
call   14 never executed
call   15 never executed
call   16 never executed
call   17 never executed
call   18 never executed
call   19 never executed
    #####: 3665:            if (mErrorLogger)
branch  0 never executed
branch  1 never executed
    #####: 3666:                mErrorLogger->reportErr(errmsg);
call    0 never executed
branch  1 never executed
branch  2 never executed
        -: 3667:        }
        -: 3668:    }
        -: 3669:}
        -: 3670:
function _ZN18TemplateSimplifier11syntaxErrorEPK5Token called 0 returned 0% blocks executed 0%
    #####: 3671:void TemplateSimplifier::syntaxError(const Token *tok)
        -: 3672:{
    #####: 3673:    throw InternalError(tok, "syntax error", InternalError::SYNTAX);
call    0 never executed
call    1 never executed
call    2 never executed
branch  3 never executed
branch  4 never executed
call    5 never executed
branch  6 never executed
branch  7 never executed
call    8 never executed
call    9 never executed
call   10 never executed
call   11 never executed
call   12 never executed
call   13 never executed
function _GLOBAL__sub_I__ZN18TemplateSimplifier12TokenAndNameC2EP5TokenRKNSt7__cxx1112basic_stringIcSt11char_traitsIcESaIcEEE called 1 returned 100% blocks executed 100%
function _Z41__static_initialization_and_destruction_0ii called 1 returned 100% blocks executed 100%
        3: 3674:}
call    0 returned 100%
branch  1 taken 100% (fallthrough)
branch  2 taken 0%
branch  3 taken 100% (fallthrough)
branch  4 taken 0%
