        -:    0:Source:/home/workspace/lib/symboldatabase.cpp
        -:    0:Graph:/home/workspace/build/lib/CMakeFiles/lib_objs.dir/symboldatabase.gcno
        -:    0:Data:/home/workspace/build/lib/CMakeFiles/lib_objs.dir/symboldatabase.gcda
        -:    0:Runs:1
        -:    0:Programs:1
        -:    1:/*
        -:    2: * Cppcheck - A tool for static C/C++ code analysis
        -:    3: * Copyright (C) 2007-2019 Cppcheck team.
        -:    4: *
        -:    5: * This program is free software: you can redistribute it and/or modify
        -:    6: * it under the terms of the GNU General Public License as published by
        -:    7: * the Free Software Foundation, either version 3 of the License, or
        -:    8: * (at your option) any later version.
        -:    9: *
        -:   10: * This program is distributed in the hope that it will be useful,
        -:   11: * but WITHOUT ANY WARRANTY; without even the implied warranty of
        -:   12: * MERCHANTABILITY or FITNESS FOR A PARTICULAR PURPOSE.  See the
        -:   13: * GNU General Public License for more details.
        -:   14: *
        -:   15: * You should have received a copy of the GNU General Public License
        -:   16: * along with this program.  If not, see <http://www.gnu.org/licenses/>.
        -:   17: */
        -:   18:
        -:   19://---------------------------------------------------------------------------
        -:   20:#include "symboldatabase.h"
        -:   21:
        -:   22:#include "astutils.h"
        -:   23:#include "errorlogger.h"
        -:   24:#include "platform.h"
        -:   25:#include "settings.h"
        -:   26:#include "token.h"
        -:   27:#include "tokenize.h"
        -:   28:#include "tokenlist.h"
        -:   29:#include "utils.h"
        -:   30:#include "valueflow.h"
        -:   31:
        -:   32:#include <algorithm>
        -:   33:#include <cassert>
        -:   34:#include <climits>
        -:   35:#include <iomanip>
        -:   36:#include <iostream>
        -:   37://---------------------------------------------------------------------------
        -:   38:
function _ZN14SymbolDatabaseC2EPK9TokenizerPK8SettingsP11ErrorLogger called 956 returned 100% blocks executed 70%
      956:   39:SymbolDatabase::SymbolDatabase(const Tokenizer *tokenizer, const Settings *settings, ErrorLogger *errorLogger)
      956:   40:    : mTokenizer(tokenizer), mSettings(settings), mErrorLogger(errorLogger)
call    0 returned 100%
call    1 returned 100%
call    2 returned 100%
call    3 returned 100%
call    4 returned 100%
call    5 returned 100%
call    6 returned 100%
call    7 never executed
call    8 never executed
call    9 never executed
call   10 never executed
call   11 never executed
call   12 never executed
call   13 never executed
        -:   41:{
      956:   42:    mIsCpp = isCPP();
call    0 returned 100%
        -:   43:
      956:   44:    if (mSettings->defaultSign == 's' || mSettings->defaultSign == 'S')
branch  0 taken 1% (fallthrough)
branch  1 taken 99%
branch  2 taken 0% (fallthrough)
branch  3 taken 100%
      953:   45:        mDefaultSignedness = ValueType::SIGNED;
        3:   46:    else if (mSettings->defaultSign == 'u' || mSettings->defaultSign == 'U')
branch  0 taken 100% (fallthrough)
branch  1 taken 0%
branch  2 taken 0% (fallthrough)
branch  3 taken 100%
    #####:   47:        mDefaultSignedness = ValueType::UNSIGNED;
        -:   48:    else
        3:   49:        mDefaultSignedness = ValueType::UNKNOWN_SIGN;
        -:   50:
      956:   51:    createSymbolDatabaseFindAllScopes();
call    0 returned 100%
branch  1 taken 100% (fallthrough)
branch  2 taken 0% (throw)
      956:   52:    createSymbolDatabaseClassInfo();
call    0 returned 100%
branch  1 taken 100% (fallthrough)
branch  2 taken 0% (throw)
      956:   53:    createSymbolDatabaseVariableInfo();
call    0 returned 100%
branch  1 taken 100% (fallthrough)
branch  2 taken 0% (throw)
      956:   54:    createSymbolDatabaseCopyAndMoveConstructors();
call    0 returned 100%
branch  1 taken 100% (fallthrough)
branch  2 taken 0% (throw)
      956:   55:    createSymbolDatabaseFunctionScopes();
call    0 returned 100%
branch  1 taken 100% (fallthrough)
branch  2 taken 0% (throw)
      956:   56:    createSymbolDatabaseClassAndStructScopes();
call    0 returned 100%
branch  1 taken 100% (fallthrough)
branch  2 taken 0% (throw)
      956:   57:    createSymbolDatabaseFunctionReturnTypes();
call    0 returned 100%
branch  1 taken 100% (fallthrough)
branch  2 taken 0% (throw)
      956:   58:    createSymbolDatabaseNeedInitialization();
call    0 returned 100%
branch  1 taken 100% (fallthrough)
branch  2 taken 0% (throw)
      956:   59:    createSymbolDatabaseVariableSymbolTable();
call    0 returned 100%
branch  1 taken 100% (fallthrough)
branch  2 taken 0% (throw)
      956:   60:    createSymbolDatabaseSetScopePointers();
call    0 returned 100%
branch  1 taken 100% (fallthrough)
branch  2 taken 0% (throw)
      956:   61:    createSymbolDatabaseSetVariablePointers();
call    0 returned 100%
branch  1 taken 100% (fallthrough)
branch  2 taken 0% (throw)
      956:   62:    setValueTypeInTokenList(false);
call    0 returned 100%
branch  1 taken 100% (fallthrough)
branch  2 taken 0% (throw)
      956:   63:    createSymbolDatabaseSetFunctionPointers(true);
call    0 returned 100%
branch  1 taken 100% (fallthrough)
branch  2 taken 0% (throw)
      956:   64:    createSymbolDatabaseSetTypePointers();
call    0 returned 100%
branch  1 taken 100% (fallthrough)
branch  2 taken 0% (throw)
      956:   65:    createSymbolDatabaseEnums();
call    0 returned 100%
branch  1 taken 100% (fallthrough)
branch  2 taken 0% (throw)
      956:   66:    createSymbolDatabaseEscapeFunctions();
call    0 returned 100%
branch  1 taken 100% (fallthrough)
branch  2 taken 0% (throw)
      956:   67:    createSymbolDatabaseIncompleteVars();
call    0 returned 100%
branch  1 taken 100% (fallthrough)
branch  2 taken 0% (throw)
      956:   68:}
        -:   69:
function _ZL20skipScopeIdentifiersPK5Token called 6235 returned 100% blocks executed 83%
     6235:   70:static const Token* skipScopeIdentifiers(const Token* tok)
        -:   71:{
     6235:   72:    if (tok && tok->str() == "::") {
branch  0 taken 85% (fallthrough)
branch  1 taken 15%
call    2 returned 100%
call    3 returned 100%
branch  4 taken 0% (fallthrough)
branch  5 taken 100%
branch  6 taken 0% (fallthrough)
branch  7 taken 100%
    #####:   73:        tok = tok->next();
call    0 never executed
        -:   74:    }
    12644:   75:    while (Token::Match(tok, "%name% ::") ||
call    0 returned 100%
branch  1 taken 99% (fallthrough)
branch  2 taken 1%
branch  3 taken 1% (fallthrough)
branch  4 taken 99%
branch  5 taken 1% (fallthrough)
branch  6 taken 99%
     6282:   76:           (Token::Match(tok, "%name% <") && Token::simpleMatch(tok->linkAt(1), "> ::"))) {
call    0 returned 100%
call    1 returned 100%
call    2 returned 100%
branch  3 taken 0% (fallthrough)
branch  4 taken 100%
       58:   77:        if (tok->strAt(1) == "::")
call    0 returned 100%
call    1 returned 100%
branch  2 taken 100% (fallthrough)
branch  3 taken 0%
       58:   78:            tok = tok->tokAt(2);
call    0 returned 100%
        -:   79:        else
    #####:   80:            tok = tok->linkAt(1)->tokAt(2);
call    0 never executed
call    1 never executed
        -:   81:    }
        -:   82:
     6235:   83:    return tok;
        -:   84:}
        -:   85:
function _ZL17isExecutableScopePK5Token called 52 returned 100% blocks executed 88%
       52:   86:static bool isExecutableScope(const Token* tok)
        -:   87:{
       52:   88:    if (!Token::simpleMatch(tok, "{"))
call    0 returned 100%
branch  1 taken 0% (fallthrough)
branch  2 taken 100%
    #####:   89:        return false;
       52:   90:    const Token * tok2 = tok->link()->previous();
call    0 returned 100%
call    1 returned 100%
       52:   91:    if (Token::simpleMatch(tok2, "; }"))
call    0 returned 100%
branch  1 taken 33% (fallthrough)
branch  2 taken 67%
       17:   92:        return true;
       35:   93:    if (Token::Match(tok2, "{|} }")) {
call    0 returned 100%
branch  1 taken 54% (fallthrough)
branch  2 taken 46%
       19:   94:        const Token* startTok = tok2->str() == "{" ? tok2 : tok2->link();
call    0 returned 100%
call    1 returned 100%
branch  2 taken 68% (fallthrough)
branch  3 taken 32%
call    4 returned 100%
       19:   95:        if (Token::Match(startTok->previous(), "do|try|else {"))
call    0 returned 100%
call    1 returned 100%
branch  2 taken 0% (fallthrough)
branch  3 taken 100%
    #####:   96:            return true;
       19:   97:        if (Token::simpleMatch(startTok->previous(), ") {"))
call    0 returned 100%
call    1 returned 100%
branch  2 taken 21% (fallthrough)
branch  3 taken 79%
        4:   98:            return !findLambdaStartToken(tok2);
call    0 returned 100%
       15:   99:        if (tok->str() == "{")
call    0 returned 100%
call    1 returned 100%
branch  2 taken 100% (fallthrough)
branch  3 taken 0%
       15:  100:            return false;
        -:  101:        else
    #####:  102:            return isExecutableScope(startTok);
call    0 never executed
        -:  103:    }
       16:  104:    return false;
        -:  105:}
        -:  106:
function _ZN14SymbolDatabase33createSymbolDatabaseFindAllScopesEv called 956 returned 100% blocks executed 45%
      956:  107:void SymbolDatabase::createSymbolDatabaseFindAllScopes()
        -:  108:{
        -:  109:    // create global scope
      956:  110:    scopeList.emplace_back(this, nullptr, nullptr);
call    0 returned 100%
branch  1 taken 100% (fallthrough)
branch  2 taken 0% (throw)
        -:  111:
        -:  112:    // pointer to current scope
      956:  113:    Scope *scope = &scopeList.back();
call    0 returned 100%
        -:  114:
        -:  115:    // Store current access in each scope (depends on evaluation progress)
     1912:  116:    std::map<const Scope*, AccessControl> access;
call    0 returned 100%
call    1 returned 100%
call    2 never executed
        -:  117:
        -:  118:    // find all scopes
    19098:  119:    for (const Token *tok = mTokenizer->tokens(); tok; tok = tok ? tok->next() : nullptr) {
call    0 returned 100%
branch  1 taken 95% (fallthrough)
branch  2 taken 5%
branch  3 taken 100% (fallthrough)
branch  4 taken 0%
call    5 returned 100%
        -:  120:        // #5593 suggested to add here:
    18142:  121:        if (mErrorLogger)
branch  0 taken 100% (fallthrough)
branch  1 taken 0%
    36284:  122:            mErrorLogger->reportProgress(mTokenizer->list.getSourceFilePath(),
call    0 returned 100%
branch  1 taken 100% (fallthrough)
branch  2 taken 0% (throw)
call    3 returned 100%
branch  4 taken 100% (fallthrough)
branch  5 taken 0% (throw)
        -:  123:                                         "SymbolDatabase",
    18142:  124:                                         tok->progressValue());
call    0 returned 100%
        -:  125:        // Locate next class
    54174:  126:        if ((mTokenizer->isCPP() && ((Token::Match(tok, "class|struct|union|namespace ::| %name% {|:|::|<") &&
call    0 returned 100%
call    1 returned 100%
branch  2 taken 100% (fallthrough)
branch  3 taken 0% (throw)
branch  4 taken 1% (fallthrough)
branch  5 taken 99%
branch  6 taken 0% (fallthrough)
branch  7 taken 100%
branch  8 taken 1% (fallthrough)
branch  9 taken 99%
    17727:  127:                                      !Token::Match(tok->previous(), "new|friend|const|enum|typedef|mutable|volatile|using|)|(|<")) ||
call    0 returned 100%
call    1 returned 100%
branch  2 taken 100% (fallthrough)
branch  3 taken 0% (throw)
branch  4 taken 99% (fallthrough)
branch  5 taken 1%
    35118:  128:                                     (Token::Match(tok, "enum class| %name% {") ||
call    0 returned 100%
branch  1 taken 100% (fallthrough)
branch  2 taken 0% (throw)
branch  3 taken 100% (fallthrough)
branch  4 taken 0%
    17554:  129:                                      Token::Match(tok, "enum class| %name% : %name% {"))))
call    0 returned 100%
branch  1 taken 100% (fallthrough)
branch  2 taken 0% (throw)
    36111:  130:            || (mTokenizer->isC() && Token::Match(tok, "struct|union|enum %name% {"))) {
branch  0 taken 98% (fallthrough)
branch  1 taken 2%
call    2 returned 100%
branch  3 taken 2% (fallthrough)
branch  4 taken 98%
call    5 returned 100%
branch  6 taken 100% (fallthrough)
branch  7 taken 0% (throw)
branch  8 taken 1% (fallthrough)
branch  9 taken 99%
      175:  131:            const Token *tok2 = tok->tokAt(2);
call    0 returned 100%
branch  1 taken 100% (fallthrough)
branch  2 taken 0% (throw)
        -:  132:
      175:  133:            if (tok->strAt(1) == "::")
call    0 returned 100%
branch  1 taken 100% (fallthrough)
branch  2 taken 0% (throw)
call    3 returned 100%
branch  4 taken 0% (fallthrough)
branch  5 taken 100%
    #####:  134:                tok2 = tok2->next();
call    0 never executed
      175:  135:            else if (mTokenizer->isCPP() && tok->strAt(1) == "class")
call    0 returned 100%
branch  1 taken 99% (fallthrough)
branch  2 taken 1%
call    3 returned 100%
branch  4 taken 100% (fallthrough)
branch  5 taken 0% (throw)
call    6 returned 100%
branch  7 taken 0% (fallthrough)
branch  8 taken 100%
branch  9 taken 0% (fallthrough)
branch 10 taken 100%
    #####:  136:                tok2 = tok2->next();
call    0 never executed
        -:  137:
      175:  138:            while (Token::Match(tok2, ":: %name%"))
call    0 returned 100%
branch  1 taken 100% (fallthrough)
branch  2 taken 0% (throw)
branch  3 taken 0% (fallthrough)
branch  4 taken 100%
    #####:  139:                tok2 = tok2->tokAt(2);
call    0 never executed
branch  1 never executed
branch  2 never executed
      175:  140:            while (Token::Match(tok2, "%name% :: %name%"))
call    0 returned 100%
branch  1 taken 100% (fallthrough)
branch  2 taken 0% (throw)
branch  3 taken 0% (fallthrough)
branch  4 taken 100%
    #####:  141:                tok2 = tok2->tokAt(2);
call    0 never executed
branch  1 never executed
branch  2 never executed
        -:  142:
        -:  143:            // skip over template args
      175:  144:            while (tok2 && tok2->str() == "<" && tok2->link()) {
branch  0 taken 100% (fallthrough)
branch  1 taken 0%
call    2 returned 100%
call    3 returned 100%
branch  4 taken 0% (fallthrough)
branch  5 taken 100%
call    6 never executed
branch  7 never executed
branch  8 never executed
branch  9 taken 0% (fallthrough)
branch 10 taken 100%
    #####:  145:                tok2 = tok2->link()->next();
call    0 never executed
call    1 never executed
    #####:  146:                while (Token::Match(tok2, ":: %name%"))
call    0 never executed
branch  1 never executed
branch  2 never executed
branch  3 never executed
branch  4 never executed
    #####:  147:                    tok2 = tok2->tokAt(2);
call    0 never executed
branch  1 never executed
branch  2 never executed
        -:  148:            }
        -:  149:
        -:  150:            // skip over final
      175:  151:            if (mTokenizer->isCPP() && Token::simpleMatch(tok2, "final"))
call    0 returned 100%
branch  1 taken 99% (fallthrough)
branch  2 taken 1%
call    3 returned 100%
branch  4 taken 100% (fallthrough)
branch  5 taken 0% (throw)
branch  6 taken 0% (fallthrough)
branch  7 taken 100%
branch  8 taken 0% (fallthrough)
branch  9 taken 100%
    #####:  152:                tok2 = tok2->next();
call    0 never executed
        -:  153:
        -:  154:            // make sure we have valid code
      175:  155:            if (!Token::Match(tok2, "{|:")) {
call    0 returned 100%
branch  1 taken 100% (fallthrough)
branch  2 taken 0% (throw)
branch  3 taken 0% (fallthrough)
branch  4 taken 100%
        -:  156:                // check for qualified variable
    #####:  157:                if (tok2 && tok2->next()) {
branch  0 never executed
branch  1 never executed
call    2 never executed
branch  3 never executed
branch  4 never executed
branch  5 never executed
branch  6 never executed
    #####:  158:                    if (tok2->next()->str() == ";")
call    0 never executed
call    1 never executed
call    2 never executed
branch  3 never executed
branch  4 never executed
    #####:  159:                        tok = tok2->next();
call    0 never executed
    #####:  160:                    else if (Token::simpleMatch(tok2->next(), "= {") &&
call    0 never executed
call    1 never executed
branch  2 never executed
branch  3 never executed
branch  4 never executed
branch  5 never executed
branch  6 never executed
branch  7 never executed
branch  8 never executed
branch  9 never executed
    #####:  161:                             Token::simpleMatch(tok2->linkAt(2), "} ;"))
call    0 never executed
branch  1 never executed
branch  2 never executed
call    3 never executed
branch  4 never executed
branch  5 never executed
    #####:  162:                        tok = tok2->linkAt(2)->next();
call    0 never executed
branch  1 never executed
branch  2 never executed
call    3 never executed
    #####:  163:                    else if (Token::Match(tok2->next(), "(|{") &&
call    0 never executed
call    1 never executed
branch  2 never executed
branch  3 never executed
branch  4 never executed
branch  5 never executed
branch  6 never executed
branch  7 never executed
branch  8 never executed
branch  9 never executed
    #####:  164:                             tok2->next()->link()->strAt(1) == ";")
call    0 never executed
call    1 never executed
call    2 never executed
branch  3 never executed
branch  4 never executed
call    5 never executed
    #####:  165:                        tok = tok2->next()->link()->next();
call    0 never executed
call    1 never executed
call    2 never executed
        -:  166:                    // skip variable declaration
    #####:  167:                    else if (Token::Match(tok2, "*|&|>"))
call    0 never executed
branch  1 never executed
branch  2 never executed
branch  3 never executed
branch  4 never executed
    #####:  168:                        continue;
    #####:  169:                    else if (Token::Match(tok2, "%name% (") && mTokenizer->isFunctionHead(tok2->next(), "{;"))
call    0 never executed
branch  1 never executed
branch  2 never executed
branch  3 never executed
branch  4 never executed
call    5 never executed
call    6 never executed
branch  7 never executed
branch  8 never executed
call    9 never executed
call   10 never executed
branch 11 never executed
branch 12 never executed
branch 13 never executed
branch 14 never executed
branch 15 never executed
branch 16 never executed
call   17 never executed
branch 18 never executed
branch 19 never executed
call   20 never executed
branch 21 never executed
branch 22 never executed
branch 23 never executed
branch 24 never executed
call   25 never executed
branch 26 never executed
branch 27 never executed
call   28 never executed
    #####:  170:                        continue;
    #####:  171:                    else if (Token::Match(tok2, "%name% ["))
call    0 never executed
branch  1 never executed
branch  2 never executed
branch  3 never executed
branch  4 never executed
    #####:  172:                        continue;
        -:  173:                    // skip template
    #####:  174:                    else if (Token::simpleMatch(tok2, ";") &&
call    0 never executed
branch  1 never executed
branch  2 never executed
branch  3 never executed
branch  4 never executed
branch  5 never executed
branch  6 never executed
branch  7 never executed
branch  8 never executed
    #####:  175:                             Token::Match(tok->previous(), "template|> class|struct")) {
call    0 never executed
call    1 never executed
branch  2 never executed
branch  3 never executed
    #####:  176:                        tok = tok2;
    #####:  177:                        continue;
        -:  178:                    }
        -:  179:                    // forward declaration
    #####:  180:                    else if (Token::simpleMatch(tok2, ";") &&
call    0 never executed
branch  1 never executed
branch  2 never executed
branch  3 never executed
branch  4 never executed
branch  5 never executed
branch  6 never executed
branch  7 never executed
branch  8 never executed
    #####:  181:                             Token::Match(tok, "class|struct|union")) {
call    0 never executed
branch  1 never executed
branch  2 never executed
        -:  182:                        // TODO: see if it can be used
    #####:  183:                        tok = tok2;
    #####:  184:                        continue;
        -:  185:                    }
        -:  186:                    // skip constructor
    #####:  187:                    else if (Token::simpleMatch(tok2, "(") &&
call    0 never executed
branch  1 never executed
branch  2 never executed
branch  3 never executed
branch  4 never executed
branch  5 never executed
branch  6 never executed
branch  7 never executed
branch  8 never executed
    #####:  188:                             Token::simpleMatch(tok2->link(), ") ;")) {
call    0 never executed
call    1 never executed
branch  2 never executed
branch  3 never executed
    #####:  189:                        tok = tok2->link()->next();
call    0 never executed
call    1 never executed
    #####:  190:                        continue;
        -:  191:                    } else
    #####:  192:                        throw InternalError(tok2, "SymbolDatabase bailout; unhandled code", InternalError::SYNTAX);
call    0 never executed
call    1 never executed
call    2 never executed
branch  3 never executed
branch  4 never executed
call    5 never executed
branch  6 never executed
branch  7 never executed
call    8 never executed
call    9 never executed
call   10 never executed
call   11 never executed
call   12 never executed
call   13 never executed
    #####:  193:                    continue;
        -:  194:                }
    #####:  195:                break; // bail
        -:  196:            }
        -:  197:
      175:  198:            const Token * name = tok->next();
call    0 returned 100%
        -:  199:
      175:  200:            if (name->str() == "class" && name->strAt(-1) == "enum")
call    0 returned 100%
call    1 returned 100%
branch  2 taken 0% (fallthrough)
branch  3 taken 100%
call    4 never executed
branch  5 never executed
branch  6 never executed
call    7 never executed
branch  8 never executed
branch  9 never executed
branch 10 taken 0% (fallthrough)
branch 11 taken 100%
    #####:  201:                name = name->next();
call    0 never executed
        -:  202:
      175:  203:            Scope *new_scope = findScope(name, scope);
call    0 returned 100%
branch  1 taken 100% (fallthrough)
branch  2 taken 0% (throw)
        -:  204:
      175:  205:            if (new_scope) {
branch  0 taken 0% (fallthrough)
branch  1 taken 100%
        -:  206:                // only create base list for classes and structures
    #####:  207:                if (new_scope->isClassOrStruct()) {
call    0 never executed
branch  1 never executed
branch  2 never executed
        -:  208:                    // goto initial '{'
    #####:  209:                    if (!new_scope->definedType)
branch  0 never executed
branch  1 never executed
    #####:  210:                        mTokenizer->syntaxError(nullptr); // #6808
call    0 never executed
call    1 never executed
branch  2 never executed
branch  3 never executed
call    4 never executed
branch  5 never executed
branch  6 never executed
call    7 never executed
call    8 never executed
call    9 never executed
call   10 never executed
    #####:  211:                    tok2 = new_scope->definedType->initBaseInfo(tok, tok2);
call    0 never executed
branch  1 never executed
branch  2 never executed
        -:  212:                    // make sure we have valid code
    #####:  213:                    if (!tok2) {
branch  0 never executed
branch  1 never executed
    #####:  214:                        break;
        -:  215:                    }
        -:  216:                }
        -:  217:
        -:  218:                // definition may be different than declaration
    #####:  219:                if (mTokenizer->isCPP() && tok->str() == "class") {
call    0 never executed
branch  1 never executed
branch  2 never executed
call    3 never executed
call    4 never executed
branch  5 never executed
branch  6 never executed
branch  7 never executed
branch  8 never executed
    #####:  220:                    access[new_scope] = AccessControl::Private;
call    0 never executed
branch  1 never executed
branch  2 never executed
    #####:  221:                    new_scope->type = Scope::eClass;
    #####:  222:                } else if (tok->str() == "struct") {
call    0 never executed
call    1 never executed
branch  2 never executed
branch  3 never executed
    #####:  223:                    access[new_scope] = AccessControl::Public;
call    0 never executed
branch  1 never executed
branch  2 never executed
    #####:  224:                    new_scope->type = Scope::eStruct;
        -:  225:                }
        -:  226:
    #####:  227:                new_scope->classDef = tok;
    #####:  228:                new_scope->bodyStart = tok2;
    #####:  229:                new_scope->bodyEnd = tok2->link();
call    0 never executed
        -:  230:                // make sure we have valid code
    #####:  231:                if (!new_scope->bodyEnd) {
branch  0 never executed
branch  1 never executed
    #####:  232:                    mTokenizer->syntaxError(tok);
call    0 never executed
call    1 never executed
branch  2 never executed
branch  3 never executed
call    4 never executed
branch  5 never executed
branch  6 never executed
call    7 never executed
call    8 never executed
call    9 never executed
call   10 never executed
        -:  233:                }
    #####:  234:                scope = new_scope;
    #####:  235:                tok = tok2;
        -:  236:            } else {
      175:  237:                scopeList.emplace_back(this, tok, scope);
call    0 returned 100%
branch  1 taken 100% (fallthrough)
branch  2 taken 0% (throw)
      175:  238:                new_scope = &scopeList.back();
call    0 returned 100%
        -:  239:
      175:  240:                if (tok->str() == "class")
call    0 returned 100%
call    1 returned 100%
branch  2 taken 39% (fallthrough)
branch  3 taken 61%
       69:  241:                    access[new_scope] = AccessControl::Private;
call    0 returned 100%
branch  1 taken 100% (fallthrough)
branch  2 taken 0% (throw)
      106:  242:                else if (tok->str() == "struct" || tok->str() == "union")
call    0 returned 100%
call    1 returned 100%
branch  2 taken 12% (fallthrough)
branch  3 taken 88%
call    4 returned 100%
call    5 returned 100%
branch  6 taken 8% (fallthrough)
branch  7 taken 92%
branch  8 taken 89% (fallthrough)
branch  9 taken 11%
       94:  243:                    access[new_scope] = AccessControl::Public;
call    0 returned 100%
branch  1 taken 100% (fallthrough)
branch  2 taken 0% (throw)
        -:  244:
        -:  245:                // fill typeList...
      175:  246:                if (new_scope->isClassOrStructOrUnion() || new_scope->type == Scope::eEnum) {
call    0 returned 100%
branch  1 taken 7% (fallthrough)
branch  2 taken 93%
branch  3 taken 83% (fallthrough)
branch  4 taken 17%
branch  5 taken 99% (fallthrough)
branch  6 taken 1%
      173:  247:                    Type* new_type = findType(name, scope);
call    0 returned 100%
branch  1 taken 100% (fallthrough)
branch  2 taken 0% (throw)
      173:  248:                    if (!new_type) {
branch  0 taken 100% (fallthrough)
branch  1 taken 0%
      173:  249:                        typeList.emplace_back(new_scope->classDef, new_scope, scope);
call    0 returned 100%
branch  1 taken 100% (fallthrough)
branch  2 taken 0% (throw)
      173:  250:                        new_type = &typeList.back();
call    0 returned 100%
      173:  251:                        scope->definedTypesMap[new_type->name()] = new_type;
call    0 returned 100%
branch  1 taken 100% (fallthrough)
branch  2 taken 0% (throw)
call    3 returned 100%
branch  4 taken 100% (fallthrough)
branch  5 taken 0% (throw)
        -:  252:                    } else
    #####:  253:                        new_type->classScope = new_scope;
      173:  254:                    new_scope->definedType = new_type;
        -:  255:                }
        -:  256:
        -:  257:                // only create base list for classes and structures
      175:  258:                if (new_scope->isClassOrStruct()) {
call    0 returned 100%
branch  1 taken 93% (fallthrough)
branch  2 taken 7%
        -:  259:                    // goto initial '{'
      162:  260:                    tok2 = new_scope->definedType->initBaseInfo(tok, tok2);
call    0 returned 100%
branch  1 taken 100% (fallthrough)
branch  2 taken 0% (throw)
        -:  261:
        -:  262:                    // make sure we have valid code
      162:  263:                    if (!tok2) {
branch  0 taken 0% (fallthrough)
branch  1 taken 100%
    #####:  264:                        mTokenizer->syntaxError(tok);
call    0 never executed
call    1 never executed
branch  2 never executed
branch  3 never executed
call    4 never executed
branch  5 never executed
branch  6 never executed
call    7 never executed
call    8 never executed
call    9 never executed
call   10 never executed
        -:  265:                    }
       13:  266:                } else if (new_scope->type == Scope::eEnum) {
branch  0 taken 77% (fallthrough)
branch  1 taken 23%
       10:  267:                    if (tok2->str() == ":")
call    0 returned 100%
call    1 returned 100%
branch  2 taken 0% (fallthrough)
branch  3 taken 100%
    #####:  268:                        tok2 = tok2->tokAt(2);
call    0 never executed
branch  1 never executed
branch  2 never executed
        -:  269:                }
        -:  270:
      175:  271:                new_scope->bodyStart = tok2;
      175:  272:                new_scope->bodyEnd = tok2->link();
call    0 returned 100%
        -:  273:
        -:  274:                // make sure we have valid code
      175:  275:                if (!new_scope->bodyEnd) {
branch  0 taken 0% (fallthrough)
branch  1 taken 100%
    #####:  276:                    mTokenizer->syntaxError(tok);
call    0 never executed
call    1 never executed
branch  2 never executed
branch  3 never executed
call    4 never executed
branch  5 never executed
branch  6 never executed
call    7 never executed
call    8 never executed
call    9 never executed
call   10 never executed
        -:  277:                }
        -:  278:
      175:  279:                if (new_scope->type == Scope::eEnum) {
branch  0 taken 6% (fallthrough)
branch  1 taken 94%
       10:  280:                    tok2 = new_scope->addEnum(tok, mTokenizer->isCPP());
call    0 returned 100%
call    1 returned 100%
branch  2 taken 100% (fallthrough)
branch  3 taken 0% (throw)
       10:  281:                    scope->nestedList.push_back(new_scope);
call    0 returned 100%
branch  1 taken 100% (fallthrough)
branch  2 taken 0% (throw)
        -:  282:
       10:  283:                    if (!tok2)
branch  0 taken 0% (fallthrough)
branch  1 taken 100%
    #####:  284:                        mTokenizer->syntaxError(tok);
call    0 never executed
call    1 never executed
branch  2 never executed
branch  3 never executed
call    4 never executed
branch  5 never executed
branch  6 never executed
call    7 never executed
call    8 never executed
call    9 never executed
call   10 never executed
        -:  285:                } else {
        -:  286:                    // make the new scope the current scope
      165:  287:                    scope->nestedList.push_back(new_scope);
call    0 returned 100%
branch  1 taken 100% (fallthrough)
branch  2 taken 0% (throw)
      165:  288:                    scope = new_scope;
        -:  289:                }
        -:  290:
      175:  291:                tok = tok2;
        -:  292:            }
        -:  293:        }
        -:  294:
        -:  295:        // Namespace and unknown macro (#3854)
    53488:  296:        else if (mTokenizer->isCPP() &&
call    0 returned 100%
branch  1 taken 0% (fallthrough)
branch  2 taken 100%
branch  3 taken 0% (fallthrough)
branch  4 taken 100%
    17554:  297:                 Token::Match(tok, "namespace %name% %type% (") &&
call    0 returned 100%
branch  1 taken 100% (fallthrough)
branch  2 taken 0% (throw)
branch  3 never executed
branch  4 never executed
    17967:  298:                 tok->tokAt(2)->isUpperCaseName() &&
branch  0 taken 98% (fallthrough)
branch  1 taken 2%
call    2 never executed
branch  3 never executed
branch  4 never executed
call    5 never executed
branch  6 never executed
branch  7 never executed
branch  8 never executed
branch  9 never executed
    #####:  299:                 Token::simpleMatch(tok->linkAt(3), ") {")) {
call    0 never executed
branch  1 never executed
branch  2 never executed
call    3 never executed
branch  4 never executed
branch  5 never executed
    #####:  300:            scopeList.emplace_back(this, tok, scope);
call    0 never executed
branch  1 never executed
branch  2 never executed
        -:  301:
    #####:  302:            Scope *new_scope = &scopeList.back();
call    0 never executed
    #####:  303:            access[new_scope] = AccessControl::Public;
call    0 never executed
branch  1 never executed
branch  2 never executed
        -:  304:
    #####:  305:            const Token *tok2 = tok->linkAt(3)->next();
call    0 never executed
branch  1 never executed
branch  2 never executed
call    3 never executed
        -:  306:
    #####:  307:            new_scope->bodyStart = tok2;
    #####:  308:            new_scope->bodyEnd = tok2->link();
call    0 never executed
        -:  309:
        -:  310:            // make sure we have valid code
    #####:  311:            if (!new_scope->bodyEnd) {
branch  0 never executed
branch  1 never executed
    #####:  312:                scopeList.pop_back();
call    0 never executed
    #####:  313:                break;
        -:  314:            }
        -:  315:
        -:  316:            // make the new scope the current scope
    #####:  317:            scope->nestedList.push_back(new_scope);
call    0 never executed
branch  1 never executed
branch  2 never executed
    #####:  318:            scope = &scopeList.back();
call    0 never executed
        -:  319:
    #####:  320:            tok = tok2;
        -:  321:        }
        -:  322:
        -:  323:        // forward declaration
    17986:  324:        else if (Token::Match(tok, "class|struct|union %name% ;") &&
call    0 returned 100%
branch  1 taken 100% (fallthrough)
branch  2 taken 0% (throw)
branch  3 taken 1% (fallthrough)
branch  4 taken 99%
branch  5 taken 100% (fallthrough)
branch  6 taken 0%
branch  7 taken 1% (fallthrough)
branch  8 taken 99%
       19:  325:                 tok->strAt(-1) != "friend") {
call    0 returned 100%
branch  1 taken 100% (fallthrough)
branch  2 taken 0% (throw)
call    3 returned 100%
       19:  326:            if (!findType(tok->next(), scope)) {
call    0 returned 100%
call    1 returned 100%
branch  2 taken 100% (fallthrough)
branch  3 taken 0% (throw)
branch  4 taken 100% (fallthrough)
branch  5 taken 0%
        -:  327:                // fill typeList..
       19:  328:                typeList.emplace_back(tok, nullptr, scope);
call    0 returned 100%
branch  1 taken 100% (fallthrough)
branch  2 taken 0% (throw)
       19:  329:                Type* new_type = &typeList.back();
call    0 returned 100%
       19:  330:                scope->definedTypesMap[new_type->name()] = new_type;
call    0 returned 100%
branch  1 taken 100% (fallthrough)
branch  2 taken 0% (throw)
call    3 returned 100%
branch  4 taken 100% (fallthrough)
branch  5 taken 0% (throw)
        -:  331:            }
       19:  332:            tok = tok->tokAt(2);
call    0 returned 100%
branch  1 taken 100% (fallthrough)
branch  2 taken 0% (throw)
        -:  333:        }
        -:  334:
        -:  335:        // using namespace
    17948:  336:        else if (mTokenizer->isCPP() && Token::Match(tok, "using namespace ::| %type% ;|::")) {
call    0 returned 100%
branch  1 taken 98% (fallthrough)
branch  2 taken 2%
call    3 returned 100%
branch  4 taken 100% (fallthrough)
branch  5 taken 0% (throw)
branch  6 taken 0% (fallthrough)
branch  7 taken 100%
branch  8 taken 0% (fallthrough)
branch  9 taken 100%
        -:  337:            Scope::UsingInfo using_info;
        -:  338:
    #####:  339:            using_info.start = tok; // save location
    #####:  340:            using_info.scope = findNamespace(tok->tokAt(2), scope);
call    0 never executed
branch  1 never executed
branch  2 never executed
call    3 never executed
branch  4 never executed
branch  5 never executed
        -:  341:
    #####:  342:            scope->usingList.push_back(using_info);
call    0 never executed
branch  1 never executed
branch  2 never executed
        -:  343:
        -:  344:            // check for global namespace
    #####:  345:            if (tok->strAt(2) == "::")
call    0 never executed
branch  1 never executed
branch  2 never executed
call    3 never executed
branch  4 never executed
branch  5 never executed
    #####:  346:                tok = tok->tokAt(4);
call    0 never executed
branch  1 never executed
branch  2 never executed
        -:  347:            else
    #####:  348:                tok = tok->tokAt(3);
call    0 never executed
branch  1 never executed
branch  2 never executed
        -:  349:
        -:  350:            // skip over qualification
    #####:  351:            while (Token::Match(tok, "%type% ::"))
call    0 never executed
branch  1 never executed
branch  2 never executed
branch  3 never executed
branch  4 never executed
    #####:  352:                tok = tok->tokAt(2);
call    0 never executed
branch  1 never executed
branch  2 never executed
        -:  353:        }
        -:  354:
        -:  355:        // using type alias
    17948:  356:        else if (mTokenizer->isCPP() && Token::Match(tok, "using %name% =")) {
call    0 returned 100%
branch  1 taken 98% (fallthrough)
branch  2 taken 2%
call    3 returned 100%
branch  4 taken 100% (fallthrough)
branch  5 taken 0% (throw)
branch  6 taken 0% (fallthrough)
branch  7 taken 100%
branch  8 taken 0% (fallthrough)
branch  9 taken 100%
    #####:  357:            if (tok->strAt(-1) != ">" && !findType(tok->next(), scope)) {
call    0 never executed
branch  1 never executed
branch  2 never executed
call    3 never executed
branch  4 never executed
branch  5 never executed
call    6 never executed
call    7 never executed
branch  8 never executed
branch  9 never executed
branch 10 never executed
branch 11 never executed
branch 12 never executed
branch 13 never executed
        -:  358:                // fill typeList..
    #####:  359:                typeList.emplace_back(tok, nullptr, scope);
call    0 never executed
branch  1 never executed
branch  2 never executed
    #####:  360:                Type* new_type = &typeList.back();
call    0 never executed
    #####:  361:                scope->definedTypesMap[new_type->name()] = new_type;
call    0 never executed
branch  1 never executed
branch  2 never executed
call    3 never executed
branch  4 never executed
branch  5 never executed
        -:  362:            }
        -:  363:
    #####:  364:            tok = tok->tokAt(3);
call    0 never executed
branch  1 never executed
branch  2 never executed
        -:  365:
    #####:  366:            while (tok && tok->str() != ";")
branch  0 never executed
branch  1 never executed
call    2 never executed
call    3 never executed
branch  4 never executed
branch  5 never executed
branch  6 never executed
branch  7 never executed
    #####:  367:                tok = tok->next();
call    0 never executed
        -:  368:        }
        -:  369:
        -:  370:        // unnamed struct and union
    17948:  371:        else if (Token::Match(tok, "struct|union {") &&
call    0 returned 100%
branch  1 taken 100% (fallthrough)
branch  2 taken 0% (throw)
branch  3 taken 0% (fallthrough)
branch  4 taken 100%
branch  5 never executed
branch  6 never executed
branch  7 taken 0% (fallthrough)
branch  8 taken 100%
    #####:  372:                 Token::Match(tok->next()->link(), "} *|&| %name% ;|[|=")) {
call    0 never executed
call    1 never executed
call    2 never executed
branch  3 never executed
branch  4 never executed
    #####:  373:            scopeList.emplace_back(this, tok, scope);
call    0 never executed
branch  1 never executed
branch  2 never executed
        -:  374:
    #####:  375:            Scope *new_scope = &scopeList.back();
call    0 never executed
    #####:  376:            access[new_scope] = AccessControl::Public;
call    0 never executed
branch  1 never executed
branch  2 never executed
        -:  377:
    #####:  378:            const Token* varNameTok = tok->next()->link()->next();
call    0 never executed
call    1 never executed
call    2 never executed
    #####:  379:            if (varNameTok->str() == "*") {
call    0 never executed
call    1 never executed
branch  2 never executed
branch  3 never executed
    #####:  380:                varNameTok = varNameTok->next();
call    0 never executed
    #####:  381:            } else if (varNameTok->str() == "&") {
call    0 never executed
call    1 never executed
branch  2 never executed
branch  3 never executed
    #####:  382:                varNameTok = varNameTok->next();
call    0 never executed
        -:  383:            }
        -:  384:
    #####:  385:            typeList.emplace_back(tok, new_scope, scope);
call    0 never executed
branch  1 never executed
branch  2 never executed
        -:  386:            {
    #####:  387:                Type* new_type = &typeList.back();
call    0 never executed
    #####:  388:                new_scope->definedType = new_type;
    #####:  389:                scope->definedTypesMap[new_type->name()] = new_type;
call    0 never executed
branch  1 never executed
branch  2 never executed
call    3 never executed
branch  4 never executed
branch  5 never executed
        -:  390:            }
        -:  391:
    #####:  392:            scope->addVariable(varNameTok, tok, tok, access[scope], new_scope->definedType, scope, mSettings);
call    0 never executed
branch  1 never executed
branch  2 never executed
call    3 never executed
branch  4 never executed
branch  5 never executed
        -:  393:
    #####:  394:            const Token *tok2 = tok->next();
call    0 never executed
        -:  395:
    #####:  396:            new_scope->bodyStart = tok2;
    #####:  397:            new_scope->bodyEnd = tok2->link();
call    0 never executed
        -:  398:
        -:  399:            // make sure we have valid code
    #####:  400:            if (!new_scope->bodyEnd) {
branch  0 never executed
branch  1 never executed
    #####:  401:                scopeList.pop_back();
call    0 never executed
    #####:  402:                break;
        -:  403:            }
        -:  404:
        -:  405:            // make the new scope the current scope
    #####:  406:            scope->nestedList.push_back(new_scope);
call    0 never executed
branch  1 never executed
branch  2 never executed
    #####:  407:            scope = new_scope;
        -:  408:
    #####:  409:            tok = tok2;
        -:  410:        }
        -:  411:
        -:  412:        // anonymous struct, union and namespace
    35896:  413:        else if ((Token::Match(tok, "struct|union {") &&
call    0 returned 100%
branch  1 taken 100% (fallthrough)
branch  2 taken 0% (throw)
branch  3 never executed
branch  4 never executed
branch  5 taken 0% (fallthrough)
branch  6 taken 100%
    35896:  414:                  Token::simpleMatch(tok->next()->link(), "} ;")) ||
branch  0 taken 0% (fallthrough)
branch  1 taken 100%
call    2 never executed
call    3 never executed
call    4 never executed
branch  5 never executed
branch  6 never executed
branch  7 taken 0% (fallthrough)
branch  8 taken 100%
    17948:  415:                 Token::simpleMatch(tok, "namespace {")) {
call    0 returned 100%
branch  1 taken 100% (fallthrough)
branch  2 taken 0% (throw)
    #####:  416:            scopeList.emplace_back(this, tok, scope);
call    0 never executed
branch  1 never executed
branch  2 never executed
        -:  417:
    #####:  418:            Scope *new_scope = &scopeList.back();
call    0 never executed
    #####:  419:            access[new_scope] = AccessControl::Public;
call    0 never executed
branch  1 never executed
branch  2 never executed
        -:  420:
    #####:  421:            const Token *tok2 = tok->next();
call    0 never executed
        -:  422:
    #####:  423:            new_scope->bodyStart = tok2;
    #####:  424:            new_scope->bodyEnd = tok2->link();
call    0 never executed
        -:  425:
    #####:  426:            typeList.emplace_back(tok, new_scope, scope);
call    0 never executed
branch  1 never executed
branch  2 never executed
        -:  427:            {
    #####:  428:                Type* new_type = &typeList.back();
call    0 never executed
    #####:  429:                new_scope->definedType = new_type;
    #####:  430:                scope->definedTypesMap[new_type->name()] = new_type;
call    0 never executed
branch  1 never executed
branch  2 never executed
call    3 never executed
branch  4 never executed
branch  5 never executed
        -:  431:            }
        -:  432:
        -:  433:            // make sure we have valid code
    #####:  434:            if (!new_scope->bodyEnd) {
branch  0 never executed
branch  1 never executed
    #####:  435:                scopeList.pop_back();
call    0 never executed
    #####:  436:                break;
        -:  437:            }
        -:  438:
        -:  439:            // make the new scope the current scope
    #####:  440:            scope->nestedList.push_back(new_scope);
call    0 never executed
branch  1 never executed
branch  2 never executed
    #####:  441:            scope = new_scope;
        -:  442:
    #####:  443:            tok = tok2;
        -:  444:        }
        -:  445:
        -:  446:        // forward declared enum
    17948:  447:        else if (Token::Match(tok, "enum class| %name% ;") || Token::Match(tok, "enum class| %name% : %name% ;")) {
call    0 returned 100%
branch  1 taken 100% (fallthrough)
branch  2 taken 0% (throw)
branch  3 taken 100% (fallthrough)
branch  4 taken 0%
call    5 returned 100%
branch  6 taken 100% (fallthrough)
branch  7 taken 0% (throw)
branch  8 taken 0% (fallthrough)
branch  9 taken 100%
branch 10 taken 0% (fallthrough)
branch 11 taken 100%
    #####:  448:            typeList.emplace_back(tok, nullptr, scope);
call    0 never executed
branch  1 never executed
branch  2 never executed
    #####:  449:            Type* new_type = &typeList.back();
call    0 never executed
    #####:  450:            scope->definedTypesMap[new_type->name()] = new_type;
call    0 never executed
branch  1 never executed
branch  2 never executed
call    3 never executed
branch  4 never executed
branch  5 never executed
    #####:  451:            tok = tok->tokAt(2);
call    0 never executed
branch  1 never executed
branch  2 never executed
        -:  452:        }
        -:  453:
        -:  454:        // check for end of scope
    19689:  455:        else if (tok == scope->bodyEnd) {
branch  0 taken 10% (fallthrough)
branch  1 taken 90%
     1741:  456:            access.erase(scope);
call    0 returned 100%
branch  1 taken 100% (fallthrough)
branch  2 taken 0% (throw)
     1741:  457:            scope = const_cast<Scope*>(scope->nestedIn);
     1741:  458:            continue;
        -:  459:        }
        -:  460:
        -:  461:        // check if in class or structure or union
    16207:  462:        else if (scope->isClassOrStructOrUnion()) {
call    0 returned 100%
branch  1 taken 5% (fallthrough)
branch  2 taken 95%
      737:  463:            const Token *funcStart = nullptr;
      737:  464:            const Token *argStart = nullptr;
      737:  465:            const Token *declEnd = nullptr;
        -:  466:
        -:  467:            // What section are we in..
      737:  468:            if (tok->str() == "private:")
call    0 returned 100%
call    1 returned 100%
branch  2 taken 1% (fallthrough)
branch  3 taken 99%
        2:  469:                access[scope] = AccessControl::Private;
call    0 returned 100%
branch  1 taken 100% (fallthrough)
branch  2 taken 0% (throw)
      735:  470:            else if (tok->str() == "protected:")
call    0 returned 100%
call    1 returned 100%
branch  2 taken 1% (fallthrough)
branch  3 taken 99%
        1:  471:                access[scope] = AccessControl::Protected;
call    0 returned 100%
branch  1 taken 100% (fallthrough)
branch  2 taken 0% (throw)
      734:  472:            else if (tok->str() == "public:" || tok->str() == "__published:")
call    0 returned 100%
call    1 returned 100%
branch  2 taken 98% (fallthrough)
branch  3 taken 2%
call    4 returned 100%
call    5 returned 100%
branch  6 taken 0% (fallthrough)
branch  7 taken 100%
branch  8 taken 2% (fallthrough)
branch  9 taken 98%
       18:  473:                access[scope] = AccessControl::Public;
call    0 returned 100%
branch  1 taken 100% (fallthrough)
branch  2 taken 0% (throw)
      716:  474:            else if (Token::Match(tok, "public|protected|private %name% :")) {
call    0 returned 100%
branch  1 taken 100% (fallthrough)
branch  2 taken 0% (throw)
branch  3 taken 0% (fallthrough)
branch  4 taken 100%
    #####:  475:                if (tok->str() == "private")
call    0 never executed
call    1 never executed
branch  2 never executed
branch  3 never executed
    #####:  476:                    access[scope] = AccessControl::Private;
call    0 never executed
branch  1 never executed
branch  2 never executed
    #####:  477:                else if (tok->str() == "protected")
call    0 never executed
call    1 never executed
branch  2 never executed
branch  3 never executed
    #####:  478:                    access[scope] = AccessControl::Protected;
call    0 never executed
branch  1 never executed
branch  2 never executed
        -:  479:                else
    #####:  480:                    access[scope] = AccessControl::Public;
call    0 never executed
branch  1 never executed
branch  2 never executed
        -:  481:
    #####:  482:                tok = tok->tokAt(2);
call    0 never executed
branch  1 never executed
branch  2 never executed
        -:  483:            }
        -:  484:
        -:  485:            // class function?
      716:  486:            else if (isFunction(tok, scope, &funcStart, &argStart, &declEnd)) {
call    0 returned 100%
branch  1 taken 100% (fallthrough)
branch  2 taken 0% (throw)
branch  3 taken 16% (fallthrough)
branch  4 taken 84%
      114:  487:                if (tok->previous()->str() != "::" || tok->strAt(-2) == scope->className) {
call    0 returned 100%
call    1 returned 100%
call    2 returned 100%
branch  3 taken 0% (fallthrough)
branch  4 taken 100%
call    5 never executed
branch  6 never executed
branch  7 never executed
call    8 never executed
branch  9 never executed
branch 10 never executed
branch 11 taken 100% (fallthrough)
branch 12 taken 0%
      228:  488:                    Function function(mTokenizer, tok, scope, funcStart, argStart);
call    0 returned 100%
branch  1 taken 100% (fallthrough)
branch  2 taken 0% (throw)
call    3 never executed
        -:  489:
        -:  490:                    // save the access type
      114:  491:                    function.access = access[scope];
call    0 returned 100%
branch  1 taken 100% (fallthrough)
branch  2 taken 0% (throw)
        -:  492:
      114:  493:                    const Token *end = function.argDef->link();
call    0 returned 100%
        -:  494:
        -:  495:                    // count the number of constructors
      114:  496:                    if (function.isConstructor())
call    0 returned 100%
branch  1 taken 32% (fallthrough)
branch  2 taken 68%
       36:  497:                        scope->numConstructors++;
        -:  498:
        -:  499:                    // assume implementation is inline (definition and implementation same)
      114:  500:                    function.token = function.tokenDef;
      114:  501:                    function.arg = function.argDef;
        -:  502:
        -:  503:                    // out of line function
      114:  504:                    if (const Token *endTok = mTokenizer->isFunctionHead(end, ";")) {
call    0 returned 100%
call    1 returned 100%
branch  2 taken 100% (fallthrough)
branch  3 taken 0% (throw)
call    4 returned 100%
branch  5 taken 100% (fallthrough)
branch  6 taken 0% (throw)
call    7 returned 100%
call    8 returned 100%
branch  9 taken 56% (fallthrough)
branch 10 taken 44%
call   11 never executed
call   12 never executed
       64:  505:                        tok = endTok;
       64:  506:                        scope->addFunction(function);
call    0 returned 100%
branch  1 taken 100% (fallthrough)
branch  2 taken 0% (throw)
        -:  507:                    }
        -:  508:
        -:  509:                    // inline function
        -:  510:                    else {
        -:  511:                        // find start of function '{'
       50:  512:                        bool foundInitList = false;
      318:  513:                        while (end && end->str() != "{" && end->str() != ";") {
branch  0 taken 100% (fallthrough)
branch  1 taken 0%
call    2 returned 100%
call    3 returned 100%
branch  4 taken 73% (fallthrough)
branch  5 taken 27%
call    6 returned 100%
call    7 returned 100%
branch  8 taken 100% (fallthrough)
branch  9 taken 0%
branch 10 taken 73% (fallthrough)
branch 11 taken 27%
      134:  514:                            if (end->link() && Token::Match(end, "(|<")) {
call    0 returned 100%
branch  1 taken 64% (fallthrough)
branch  2 taken 36%
call    3 returned 100%
branch  4 taken 100% (fallthrough)
branch  5 taken 0% (throw)
branch  6 taken 17% (fallthrough)
branch  7 taken 83%
branch  8 taken 11% (fallthrough)
branch  9 taken 89%
       15:  515:                                end = end->link();
call    0 returned 100%
      167:  516:                            } else if (foundInitList &&
branch  0 taken 13% (fallthrough)
branch  1 taken 88%
branch  2 taken 5% (fallthrough)
branch  3 taken 95%
      125:  517:                                       Token::Match(end, "%name%|> {") &&
branch  0 taken 40% (fallthrough)
branch  1 taken 60%
call    2 returned 100%
branch  3 taken 100% (fallthrough)
branch  4 taken 0% (throw)
branch  5 taken 100% (fallthrough)
branch  6 taken 0%
        6:  518:                                       Token::Match(end->linkAt(1), "} ,|{")) {
call    0 returned 100%
branch  1 taken 100% (fallthrough)
branch  2 taken 0% (throw)
call    3 returned 100%
branch  4 taken 100% (fallthrough)
branch  5 taken 0% (throw)
        6:  519:                                end = end->linkAt(1);
call    0 returned 100%
branch  1 taken 100% (fallthrough)
branch  2 taken 0% (throw)
        -:  520:                            } else {
      113:  521:                                if (end->str() == ":")
call    0 returned 100%
call    1 returned 100%
branch  2 taken 13% (fallthrough)
branch  3 taken 87%
       15:  522:                                    foundInitList = true;
      113:  523:                                end = end->next();
call    0 returned 100%
        -:  524:                            }
        -:  525:                        }
        -:  526:
       50:  527:                        if (!end || end->str() == ";")
branch  0 taken 100% (fallthrough)
branch  1 taken 0%
call    2 returned 100%
call    3 returned 100%
branch  4 taken 0% (fallthrough)
branch  5 taken 100%
branch  6 taken 0% (fallthrough)
branch  7 taken 100%
    #####:  528:                            continue;
        -:  529:
       50:  530:                        scope->addFunction(function);
call    0 returned 100%
branch  1 taken 100% (fallthrough)
branch  2 taken 0% (throw)
        -:  531:
       50:  532:                        Function* funcptr = &scope->functionList.back();
call    0 returned 100%
       50:  533:                        const Token *tok2 = funcStart;
        -:  534:
       50:  535:                        addNewFunction(&scope, &tok2);
call    0 returned 100%
branch  1 taken 100% (fallthrough)
branch  2 taken 0% (throw)
       50:  536:                        if (scope) {
branch  0 taken 100% (fallthrough)
branch  1 taken 0%
       50:  537:                            scope->functionOf = function.nestedIn;
       50:  538:                            scope->function = funcptr;
       50:  539:                            scope->function->functionScope = scope;
        -:  540:                        }
        -:  541:
       50:  542:                        tok = tok2;
call    0 returned 100%
branch  1 taken 100%
branch  2 taken 0%
        -:  543:                    }
        -:  544:                }
        -:  545:
        -:  546:                // nested class or friend function?
        -:  547:                else {
        -:  548:                    /** @todo check entire qualification for match */
    #####:  549:                    const Scope * const nested = scope->findInNestedListRecursive(tok->strAt(-2));
call    0 never executed
branch  1 never executed
branch  2 never executed
call    3 never executed
branch  4 never executed
branch  5 never executed
        -:  550:
    #####:  551:                    if (nested)
branch  0 never executed
branch  1 never executed
    #####:  552:                        addClassFunction(&scope, &tok, argStart);
call    0 never executed
branch  1 never executed
branch  2 never executed
        -:  553:                    else {
        -:  554:                        /** @todo handle friend functions */
        -:  555:                    }
        -:  556:                }
        -:  557:            }
        -:  558:
        -:  559:            // friend class declaration?
      602:  560:            else if (mTokenizer->isCPP() && Token::Match(tok, "friend class| ::| %any% ;|::")) {
call    0 returned 100%
branch  1 taken 99% (fallthrough)
branch  2 taken 1%
call    3 returned 100%
branch  4 taken 100% (fallthrough)
branch  5 taken 0% (throw)
branch  6 taken 0% (fallthrough)
branch  7 taken 100%
branch  8 taken 0% (fallthrough)
branch  9 taken 100%
    #####:  561:                Type::FriendInfo friendInfo;
call    0 never executed
        -:  562:
        -:  563:                // save the name start
    #####:  564:                friendInfo.nameStart = tok->strAt(1) == "class" ? tok->tokAt(2) : tok->next();
call    0 never executed
branch  1 never executed
branch  2 never executed
call    3 never executed
branch  4 never executed
branch  5 never executed
call    6 never executed
branch  7 never executed
branch  8 never executed
call    9 never executed
    #####:  565:                friendInfo.nameEnd = friendInfo.nameStart;
        -:  566:
        -:  567:                // skip leading "::"
    #####:  568:                if (friendInfo.nameEnd->str() == "::")
call    0 never executed
call    1 never executed
branch  2 never executed
branch  3 never executed
    #####:  569:                    friendInfo.nameEnd = friendInfo.nameEnd->next();
call    0 never executed
        -:  570:
        -:  571:                // skip qualification "name ::"
    #####:  572:                while (friendInfo.nameEnd && friendInfo.nameEnd->strAt(1) == "::")
branch  0 never executed
branch  1 never executed
call    2 never executed
branch  3 never executed
branch  4 never executed
call    5 never executed
branch  6 never executed
branch  7 never executed
branch  8 never executed
branch  9 never executed
    #####:  573:                    friendInfo.nameEnd = friendInfo.nameEnd->tokAt(2);
call    0 never executed
branch  1 never executed
branch  2 never executed
        -:  574:
        -:  575:                // fill this in after parsing is complete
    #####:  576:                friendInfo.type = nullptr;
        -:  577:
    #####:  578:                if (!scope->definedType)
branch  0 never executed
branch  1 never executed
    #####:  579:                    mTokenizer->syntaxError(tok);
call    0 never executed
call    1 never executed
branch  2 never executed
branch  3 never executed
call    4 never executed
branch  5 never executed
branch  6 never executed
call    7 never executed
call    8 never executed
call    9 never executed
call   10 never executed
        -:  580:
    #####:  581:                scope->definedType->friendList.push_back(friendInfo);
call    0 never executed
branch  1 never executed
branch  2 never executed
        -:  582:            }
    15470:  583:        } else if (scope->type == Scope::eNamespace || scope->type == Scope::eGlobal) {
branch  0 taken 99% (fallthrough)
branch  1 taken 1%
branch  2 taken 18% (fallthrough)
branch  3 taken 82%
     2810:  584:            const Token *funcStart = nullptr;
     2810:  585:            const Token *argStart = nullptr;
     2810:  586:            const Token *declEnd = nullptr;
        -:  587:
        -:  588:            // function?
     2810:  589:            if (isFunction(tok, scope, &funcStart, &argStart, &declEnd)) {
call    0 returned 100%
branch  1 taken 100% (fallthrough)
branch  2 taken 0% (throw)
branch  3 taken 42% (fallthrough)
branch  4 taken 58%
        -:  590:                // has body?
     1174:  591:                if (declEnd && declEnd->str() == "{") {
branch  0 taken 100% (fallthrough)
branch  1 taken 0%
call    2 returned 100%
call    3 returned 100%
branch  4 taken 82% (fallthrough)
branch  5 taken 18%
branch  6 taken 82% (fallthrough)
branch  7 taken 18%
      957:  592:                    tok = funcStart;
        -:  593:
        -:  594:                    // class function
      957:  595:                    if (tok->previous() && tok->previous()->str() == "::")
call    0 returned 100%
branch  1 taken 100% (fallthrough)
branch  2 taken 0%
call    3 returned 100%
call    4 returned 100%
call    5 returned 100%
branch  6 taken 2% (fallthrough)
branch  7 taken 98%
branch  8 taken 2% (fallthrough)
branch  9 taken 98%
       20:  596:                        addClassFunction(&scope, &tok, argStart);
call    0 returned 100%
branch  1 taken 100% (fallthrough)
branch  2 taken 0% (throw)
        -:  597:
        -:  598:                    // class destructor
     2811:  599:                    else if (tok->previous() &&
call    0 returned 100%
branch  1 taken 0% (fallthrough)
branch  2 taken 100%
branch  3 taken 0% (fallthrough)
branch  4 taken 100%
      937:  600:                             tok->previous()->str() == "~" &&
branch  0 taken 100% (fallthrough)
branch  1 taken 0%
call    2 returned 100%
call    3 returned 100%
call    4 returned 100%
branch  5 never executed
branch  6 never executed
    #####:  601:                             tok->strAt(-2) == "::")
call    0 never executed
branch  1 never executed
branch  2 never executed
call    3 never executed
    #####:  602:                        addClassFunction(&scope, &tok, argStart);
call    0 never executed
branch  1 never executed
branch  2 never executed
        -:  603:
        -:  604:                    // regular function
        -:  605:                    else {
      937:  606:                        const Function* const function = addGlobalFunction(scope, tok, argStart, funcStart);
call    0 returned 100%
branch  1 taken 100% (fallthrough)
branch  2 taken 0% (throw)
        -:  607:
      937:  608:                        if (!function)
branch  0 taken 0% (fallthrough)
branch  1 taken 100%
    #####:  609:                            mTokenizer->syntaxError(tok);
call    0 never executed
call    1 never executed
branch  2 never executed
branch  3 never executed
call    4 never executed
branch  5 never executed
branch  6 never executed
call    7 never executed
call    8 never executed
call    9 never executed
call   10 never executed
        -:  610:                    }
        -:  611:
        -:  612:                    // syntax error?
      957:  613:                    if (!scope)
branch  0 taken 0% (fallthrough)
branch  1 taken 100%
    #####:  614:                        mTokenizer->syntaxError(tok);
call    0 never executed
call    1 never executed
branch  2 never executed
branch  3 never executed
call    4 never executed
branch  5 never executed
branch  6 never executed
call    7 never executed
call    8 never executed
call    9 never executed
call   10 never executed
        -:  615:                }
        -:  616:                // function prototype?
      217:  617:                else if (declEnd && declEnd->str() == ";") {
branch  0 taken 100% (fallthrough)
branch  1 taken 0%
call    2 returned 100%
call    3 returned 100%
branch  4 taken 100% (fallthrough)
branch  5 taken 0%
branch  6 taken 100% (fallthrough)
branch  7 taken 0%
      217:  618:                    if (tok->previous() && tok->previous()->str() == "::" &&
call    0 returned 100%
branch  1 taken 100% (fallthrough)
branch  2 taken 0%
call    3 returned 100%
call    4 returned 100%
call    5 returned 100%
branch  6 taken 0% (fallthrough)
branch  7 taken 100%
branch  8 never executed
branch  9 never executed
branch 10 taken 0% (fallthrough)
branch 11 taken 100%
    #####:  619:                        Token::Match(declEnd->previous(), "default|delete")) {
call    0 never executed
call    1 never executed
branch  2 never executed
branch  3 never executed
    #####:  620:                        addClassFunction(&scope, &tok, argStart);
call    0 never executed
branch  1 never executed
branch  2 never executed
      217:  621:                        continue;
        -:  622:                    }
        -:  623:
      217:  624:                    bool newFunc = true; // Is this function already in the database?
      217:  625:                    for (std::multimap<std::string, const Function *>::const_iterator i = scope->functionMap.find(tok->str()); i != scope->functionMap.end() && i->first == tok->str(); ++i) {
call    0 returned 100%
call    1 returned 100%
branch  2 taken 100% (fallthrough)
branch  3 taken 0% (throw)
call    4 returned 100%
call    5 returned 100%
call    6 returned 100%
call    7 returned 100%
branch  8 taken 45% (fallthrough)
branch  9 taken 55%
call   10 returned 100%
call   11 returned 100%
call   12 returned 100%
branch 13 taken 100% (fallthrough)
branch 14 taken 0%
branch 15 taken 100% (fallthrough)
branch 16 taken 0%
call   17 returned 100%
branch 18 taken 45% (fallthrough)
branch 19 taken 55%
call   20 never executed
call   21 returned 100%
call   22 never executed
       97:  626:                        if (Function::argsMatch(scope, i->second->argDef, argStart, emptyString, 0)) {
call    0 returned 100%
call    1 returned 100%
branch  2 taken 100% (fallthrough)
branch  3 taken 0% (throw)
branch  4 taken 100% (fallthrough)
branch  5 taken 0%
       97:  627:                            newFunc = false;
       97:  628:                            break;
        -:  629:                        }
        -:  630:                    }
        -:  631:
        -:  632:                    // save function prototype in database
      217:  633:                    if (newFunc) {
branch  0 taken 55% (fallthrough)
branch  1 taken 45%
      120:  634:                        addGlobalFunctionDecl(scope, tok, argStart, funcStart);
call    0 returned 100%
branch  1 taken 100% (fallthrough)
branch  2 taken 0% (throw)
        -:  635:                    }
        -:  636:
      217:  637:                    tok = declEnd;
      217:  638:                    continue;
        -:  639:                }
     2593:  640:            }
    12660:  641:        } else if (scope->isExecutable()) {
call    0 returned 100%
branch  1 taken 100% (fallthrough)
branch  2 taken 0%
    12660:  642:            if (Token::Match(tok, "else|try|do {")) {
call    0 returned 100%
branch  1 taken 100% (fallthrough)
branch  2 taken 0% (throw)
branch  3 taken 1% (fallthrough)
branch  4 taken 99%
       53:  643:                const Token* tok1 = tok->next();
call    0 returned 100%
       53:  644:                if (tok->str() == "else")
call    0 returned 100%
call    1 returned 100%
branch  2 taken 53% (fallthrough)
branch  3 taken 47%
       28:  645:                    scopeList.emplace_back(this, tok, scope, Scope::eElse, tok1);
call    0 returned 100%
branch  1 taken 100% (fallthrough)
branch  2 taken 0% (throw)
       25:  646:                else if (tok->str() == "do")
call    0 returned 100%
call    1 returned 100%
branch  2 taken 72% (fallthrough)
branch  3 taken 28%
       18:  647:                    scopeList.emplace_back(this, tok, scope, Scope::eDo, tok1);
call    0 returned 100%
branch  1 taken 100% (fallthrough)
branch  2 taken 0% (throw)
        -:  648:                else //if (tok->str() == "try")
        7:  649:                    scopeList.emplace_back(this, tok, scope, Scope::eTry, tok1);
call    0 returned 100%
branch  1 taken 100% (fallthrough)
branch  2 taken 0% (throw)
        -:  650:
       53:  651:                tok = tok1;
       53:  652:                scope->nestedList.push_back(&scopeList.back());
call    0 returned 100%
call    1 returned 100%
branch  2 taken 100% (fallthrough)
branch  3 taken 0% (throw)
       53:  653:                scope = &scopeList.back();
call    0 returned 100%
    12607:  654:            } else if (Token::Match(tok, "if|for|while|catch|switch (") && Token::simpleMatch(tok->next()->link(), ") {")) {
call    0 returned 100%
branch  1 taken 100% (fallthrough)
branch  2 taken 0% (throw)
branch  3 taken 4% (fallthrough)
branch  4 taken 96%
call    5 returned 100%
call    6 returned 100%
call    7 returned 100%
branch  8 taken 100% (fallthrough)
branch  9 taken 0% (throw)
branch 10 taken 96% (fallthrough)
branch 11 taken 4%
branch 12 taken 4% (fallthrough)
branch 13 taken 96%
      489:  655:                const Token *scopeStartTok = tok->next()->link()->next();
call    0 returned 100%
call    1 returned 100%
call    2 returned 100%
      489:  656:                if (tok->str() == "if")
call    0 returned 100%
call    1 returned 100%
branch  2 taken 70% (fallthrough)
branch  3 taken 30%
      342:  657:                    scopeList.emplace_back(this, tok, scope, Scope::eIf, scopeStartTok);
call    0 returned 100%
branch  1 taken 100% (fallthrough)
branch  2 taken 0% (throw)
      147:  658:                else if (tok->str() == "for") {
call    0 returned 100%
call    1 returned 100%
branch  2 taken 24% (fallthrough)
branch  3 taken 76%
       35:  659:                    scopeList.emplace_back(this, tok, scope, Scope::eFor, scopeStartTok);
call    0 returned 100%
branch  1 taken 100% (fallthrough)
branch  2 taken 0% (throw)
      112:  660:                } else if (tok->str() == "while")
call    0 returned 100%
call    1 returned 100%
branch  2 taken 31% (fallthrough)
branch  3 taken 69%
       35:  661:                    scopeList.emplace_back(this, tok, scope, Scope::eWhile, scopeStartTok);
call    0 returned 100%
branch  1 taken 100% (fallthrough)
branch  2 taken 0% (throw)
       77:  662:                else if (tok->str() == "catch") {
call    0 returned 100%
call    1 returned 100%
branch  2 taken 9% (fallthrough)
branch  3 taken 91%
        7:  663:                    scopeList.emplace_back(this, tok, scope, Scope::eCatch, scopeStartTok);
call    0 returned 100%
branch  1 taken 100% (fallthrough)
branch  2 taken 0% (throw)
        -:  664:                } else // if (tok->str() == "switch")
       70:  665:                    scopeList.emplace_back(this, tok, scope, Scope::eSwitch, scopeStartTok);
call    0 returned 100%
branch  1 taken 100% (fallthrough)
branch  2 taken 0% (throw)
        -:  666:
      489:  667:                scope->nestedList.push_back(&scopeList.back());
call    0 returned 100%
call    1 returned 100%
branch  2 taken 100% (fallthrough)
branch  3 taken 0% (throw)
      489:  668:                scope = &scopeList.back();
call    0 returned 100%
      489:  669:                if (scope->type == Scope::eFor)
branch  0 taken 7% (fallthrough)
branch  1 taken 93%
       35:  670:                    scope->checkVariable(tok->tokAt(2), AccessControl::Local, mSettings); // check for variable declaration and add it to new scope if found
call    0 returned 100%
branch  1 taken 100% (fallthrough)
branch  2 taken 0% (throw)
call    3 returned 100%
branch  4 taken 100% (fallthrough)
branch  5 taken 0% (throw)
      454:  671:                else if (scope->type == Scope::eCatch)
branch  0 taken 2% (fallthrough)
branch  1 taken 98%
        7:  672:                    scope->checkVariable(tok->tokAt(2), AccessControl::Throw, mSettings); // check for variable declaration and add it to new scope if found
call    0 returned 100%
branch  1 taken 100% (fallthrough)
branch  2 taken 0% (throw)
call    3 returned 100%
branch  4 taken 100% (fallthrough)
branch  5 taken 0% (throw)
      489:  673:                tok = scopeStartTok;
    12118:  674:            } else if (Token::Match(tok, "%var% {")) {
call    0 returned 100%
branch  1 taken 100% (fallthrough)
branch  2 taken 0% (throw)
branch  3 taken 0% (fallthrough)
branch  4 taken 100%
    #####:  675:                tok = tok->linkAt(1);
call    0 never executed
branch  1 never executed
branch  2 never executed
    12118:  676:            } else if (const Token *lambdaEndToken = findLambdaEndToken(tok)) {
call    0 returned 100%
branch  1 taken 100% (fallthrough)
branch  2 taken 0% (throw)
branch  3 taken 1% (fallthrough)
branch  4 taken 99%
        6:  677:                const Token *lambdaStartToken = lambdaEndToken->link();
call    0 returned 100%
        6:  678:                const Token * argStart = lambdaStartToken->astParent();
call    0 returned 100%
        6:  679:                const Token * funcStart = Token::simpleMatch(argStart, "[") ? argStart : argStart->astParent();
call    0 returned 100%
branch  1 taken 100% (fallthrough)
branch  2 taken 0% (throw)
branch  3 taken 0% (fallthrough)
branch  4 taken 100%
call    5 returned 100%
        6:  680:                const Function * function = addGlobalFunction(scope, tok, argStart, funcStart);
call    0 returned 100%
branch  1 taken 100% (fallthrough)
branch  2 taken 0% (throw)
        6:  681:                if (!function)
branch  0 taken 0% (fallthrough)
branch  1 taken 100%
    #####:  682:                    mTokenizer->syntaxError(tok);
call    0 never executed
call    1 never executed
branch  2 never executed
branch  3 never executed
call    4 never executed
branch  5 never executed
branch  6 never executed
call    7 never executed
call    8 never executed
call    9 never executed
call   10 never executed
        6:  683:                tok = lambdaStartToken;
    12112:  684:            } else if (tok->str() == "{") {
call    0 returned 100%
call    1 returned 100%
branch  2 taken 1% (fallthrough)
branch  3 taken 99%
       52:  685:                if (isExecutableScope(tok)) {
call    0 returned 100%
branch  1 taken 100% (fallthrough)
branch  2 taken 0% (throw)
branch  3 taken 40% (fallthrough)
branch  4 taken 60%
       21:  686:                    scopeList.emplace_back(this, tok, scope, Scope::eUnconditional, tok);
call    0 returned 100%
branch  1 taken 100% (fallthrough)
branch  2 taken 0% (throw)
       21:  687:                    scope->nestedList.push_back(&scopeList.back());
call    0 returned 100%
call    1 returned 100%
branch  2 taken 100% (fallthrough)
branch  3 taken 0% (throw)
       21:  688:                    scope = &scopeList.back();
call    0 returned 100%
        -:  689:                } else {
       31:  690:                    tok = tok->link();
call    0 returned 100%
        -:  691:                }
        -:  692:            }
        -:  693:            // syntax error?
    12660:  694:            if (!scope)
branch  0 taken 0% (fallthrough)
branch  1 taken 100%
    #####:  695:                mTokenizer->syntaxError(tok);
call    0 never executed
call    1 never executed
branch  2 never executed
branch  3 never executed
call    4 never executed
branch  5 never executed
branch  6 never executed
call    7 never executed
call    8 never executed
call    9 never executed
call   10 never executed
        -:  696:        }
        -:  697:    }
      956:  698:}
        -:  699:
function _ZN14SymbolDatabase29createSymbolDatabaseClassInfoEv called 956 returned 100% blocks executed 62%
      956:  700:void SymbolDatabase::createSymbolDatabaseClassInfo()
        -:  701:{
      956:  702:    if (mTokenizer->isC())
call    0 returned 100%
branch  1 taken 2% (fallthrough)
branch  2 taken 98%
       22:  703:        return;
        -:  704:
        -:  705:    // fill in using info
     3587:  706:    for (std::list<Scope>::iterator it = scopeList.begin(); it != scopeList.end(); ++it) {
call    0 returned 100%
call    1 returned 100%
call    2 returned 100%
call    3 returned 100%
branch  4 taken 74% (fallthrough)
branch  5 taken 26%
call    6 returned 100%
call    7 returned 100%
call    8 never executed
call    9 never executed
     2653:  707:        for (std::list<Scope::UsingInfo>::iterator i = it->usingList.begin(); i != it->usingList.end(); ++i) {
call    0 returned 100%
call    1 returned 100%
call    2 returned 100%
call    3 returned 100%
call    4 returned 100%
call    5 returned 100%
branch  6 taken 0% (fallthrough)
branch  7 taken 100%
call    8 never executed
call    9 returned 100%
call   10 never executed
        -:  708:            // only find if not already found
    #####:  709:            if (i->scope == nullptr) {
call    0 never executed
branch  1 never executed
branch  2 never executed
        -:  710:                // check scope for match
    #####:  711:                const Scope * const scope = findScope(i->start->tokAt(2), &(*it));
call    0 never executed
call    1 never executed
call    2 never executed
branch  3 never executed
branch  4 never executed
call    5 never executed
branch  6 never executed
branch  7 never executed
    #####:  712:                if (scope) {
branch  0 never executed
branch  1 never executed
        -:  713:                    // set found scope
    #####:  714:                    i->scope = scope;
call    0 never executed
    #####:  715:                    break;
        -:  716:                }
        -:  717:            }
        -:  718:        }
        -:  719:    }
        -:  720:
        -:  721:    // fill in base class info
     1124:  722:    for (std::list<Type>::iterator it = typeList.begin(); it != typeList.end(); ++it) {
call    0 returned 100%
call    1 returned 100%
call    2 returned 100%
call    3 returned 100%
branch  4 taken 17% (fallthrough)
branch  5 taken 83%
[...]
    #####: 5966:        break;
        -: 5967:    };
        -: 5968:
    #####: 5969:    if (bits > 0)
branch  0 never executed
branch  1 never executed
    #####: 5970:        ret << " valueType-bits=\"" << bits << '\"';
call    0 never executed
branch  1 never executed
branch  2 never executed
call    3 never executed
branch  4 never executed
branch  5 never executed
call    6 never executed
branch  7 never executed
branch  8 never executed
        -: 5971:
    #####: 5972:    if (pointer > 0)
branch  0 never executed
branch  1 never executed
    #####: 5973:        ret << " valueType-pointer=\"" << pointer << '\"';
call    0 never executed
branch  1 never executed
branch  2 never executed
call    3 never executed
branch  4 never executed
branch  5 never executed
call    6 never executed
branch  7 never executed
branch  8 never executed
        -: 5974:
    #####: 5975:    if (constness > 0)
branch  0 never executed
branch  1 never executed
    #####: 5976:        ret << " valueType-constness=\"" << constness << '\"';
call    0 never executed
branch  1 never executed
branch  2 never executed
call    3 never executed
branch  4 never executed
branch  5 never executed
call    6 never executed
branch  7 never executed
branch  8 never executed
        -: 5977:
    #####: 5978:    if (typeScope)
branch  0 never executed
branch  1 never executed
    #####: 5979:        ret << " valueType-typeScope=\"" << typeScope << '\"';
call    0 never executed
branch  1 never executed
branch  2 never executed
call    3 never executed
branch  4 never executed
branch  5 never executed
call    6 never executed
branch  7 never executed
branch  8 never executed
        -: 5980:
    #####: 5981:    if (!originalTypeName.empty())
call    0 never executed
branch  1 never executed
branch  2 never executed
    #####: 5982:        ret << " valueType-originalTypeName=\"" << originalTypeName << '\"';
call    0 never executed
branch  1 never executed
branch  2 never executed
call    3 never executed
branch  4 never executed
branch  5 never executed
call    6 never executed
branch  7 never executed
branch  8 never executed
        -: 5983:
    #####: 5984:    return ret.str();
call    0 never executed
branch  1 never executed
branch  2 never executed
        -: 5985:}
        -: 5986:
function _ZNK9ValueType8typeSizeERKN8cppcheck8PlatformE called 0 returned 0% blocks executed 0%
    #####: 5987:MathLib::bigint ValueType::typeSize(const cppcheck::Platform &platform) const
        -: 5988:{
    #####: 5989:    switch (type) {
branch  0 never executed
branch  1 never executed
branch  2 never executed
branch  3 never executed
branch  4 never executed
branch  5 never executed
branch  6 never executed
branch  7 never executed
branch  8 never executed
branch  9 never executed
branch 10 never executed
    #####: 5990:    case ValueType::Type::BOOL:
    #####: 5991:        return platform.sizeof_bool;
    #####: 5992:    case ValueType::Type::CHAR:
    #####: 5993:        return 1;
    #####: 5994:    case ValueType::Type::SHORT:
    #####: 5995:        return platform.sizeof_short;
    #####: 5996:    case ValueType::Type::WCHAR_T:
    #####: 5997:        return platform.sizeof_wchar_t;
    #####: 5998:    case ValueType::Type::INT:
    #####: 5999:        return platform.sizeof_int;
    #####: 6000:    case ValueType::Type::LONG:
    #####: 6001:        return platform.sizeof_long;
    #####: 6002:    case ValueType::Type::LONGLONG:
    #####: 6003:        return platform.sizeof_long_long;
    #####: 6004:    case ValueType::Type::FLOAT:
    #####: 6005:        return platform.sizeof_float;
    #####: 6006:    case ValueType::Type::DOUBLE:
    #####: 6007:        return platform.sizeof_double;
    #####: 6008:    case ValueType::Type::LONGDOUBLE:
    #####: 6009:        return platform.sizeof_long_double;
    #####: 6010:    default:
    #####: 6011:        return 0;
        -: 6012:    };
        -: 6013:
        -: 6014:}
        -: 6015:
function _ZNK9ValueType3strB5cxx11Ev called 18 returned 100% blocks executed 20%
       18: 6016:std::string ValueType::str() const
        -: 6017:{
       36: 6018:    std::string ret;
call    0 returned 100%
call    1 returned 100%
call    2 never executed
       18: 6019:    if (constness & 1)
branch  0 taken 11% (fallthrough)
branch  1 taken 89%
        2: 6020:        ret = " const";
call    0 returned 100%
branch  1 taken 100% (fallthrough)
branch  2 taken 0% (throw)
       18: 6021:    if (type == VOID)
branch  0 taken 0% (fallthrough)
branch  1 taken 100%
    #####: 6022:        ret += " void";
call    0 never executed
branch  1 never executed
branch  2 never executed
       18: 6023:    else if (isIntegral()) {
call    0 returned 100%
branch  1 taken 0% (fallthrough)
branch  2 taken 100%
    #####: 6024:        if (sign == SIGNED)
branch  0 never executed
branch  1 never executed
    #####: 6025:            ret += " signed";
call    0 never executed
branch  1 never executed
branch  2 never executed
    #####: 6026:        else if (sign == UNSIGNED)
branch  0 never executed
branch  1 never executed
    #####: 6027:            ret += " unsigned";
call    0 never executed
branch  1 never executed
branch  2 never executed
    #####: 6028:        if (type == BOOL)
branch  0 never executed
branch  1 never executed
    #####: 6029:            ret += " bool";
call    0 never executed
branch  1 never executed
branch  2 never executed
    #####: 6030:        else if (type == CHAR)
branch  0 never executed
branch  1 never executed
    #####: 6031:            ret += " char";
call    0 never executed
branch  1 never executed
branch  2 never executed
    #####: 6032:        else if (type == SHORT)
branch  0 never executed
branch  1 never executed
    #####: 6033:            ret += " short";
call    0 never executed
branch  1 never executed
branch  2 never executed
    #####: 6034:        else if (type == WCHAR_T)
branch  0 never executed
branch  1 never executed
    #####: 6035:            ret += " wchar_t";
call    0 never executed
branch  1 never executed
branch  2 never executed
    #####: 6036:        else if (type == INT)
branch  0 never executed
branch  1 never executed
    #####: 6037:            ret += " int";
call    0 never executed
branch  1 never executed
branch  2 never executed
    #####: 6038:        else if (type == LONG)
branch  0 never executed
branch  1 never executed
    #####: 6039:            ret += " long";
call    0 never executed
branch  1 never executed
branch  2 never executed
    #####: 6040:        else if (type == LONGLONG)
branch  0 never executed
branch  1 never executed
    #####: 6041:            ret += " long long";
call    0 never executed
branch  1 never executed
branch  2 never executed
    #####: 6042:        else if (type == UNKNOWN_INT)
branch  0 never executed
branch  1 never executed
    #####: 6043:            ret += " unknown_int";
call    0 never executed
branch  1 never executed
branch  2 never executed
       18: 6044:    } else if (type == FLOAT)
branch  0 taken 44% (fallthrough)
branch  1 taken 56%
        8: 6045:        ret += " float";
call    0 returned 100%
branch  1 taken 100% (fallthrough)
branch  2 taken 0% (throw)
       10: 6046:    else if (type == DOUBLE)
branch  0 taken 60% (fallthrough)
branch  1 taken 40%
        6: 6047:        ret += " double";
call    0 returned 100%
branch  1 taken 100% (fallthrough)
branch  2 taken 0% (throw)
        4: 6048:    else if (type == LONGDOUBLE)
branch  0 taken 100% (fallthrough)
branch  1 taken 0%
        4: 6049:        ret += " long double";
call    0 returned 100%
branch  1 taken 100% (fallthrough)
branch  2 taken 0% (throw)
    #####: 6050:    else if ((type == ValueType::Type::NONSTD || type == ValueType::Type::RECORD) && typeScope) {
branch  0 never executed
branch  1 never executed
branch  2 never executed
branch  3 never executed
branch  4 never executed
branch  5 never executed
    #####: 6051:        std::string className(typeScope->className);
call    0 never executed
branch  1 never executed
branch  2 never executed
call    3 never executed
call    4 never executed
    #####: 6052:        const Scope *scope = typeScope->definedType ? typeScope->definedType->enclosingScope : typeScope->nestedIn;
branch  0 never executed
branch  1 never executed
    #####: 6053:        while (scope && scope->type != Scope::eGlobal) {
branch  0 never executed
branch  1 never executed
branch  2 never executed
branch  3 never executed
    #####: 6054:            if (scope->type == Scope::eClass || scope->type == Scope::eStruct || scope->type == Scope::eNamespace)
branch  0 never executed
branch  1 never executed
branch  2 never executed
branch  3 never executed
branch  4 never executed
branch  5 never executed
    #####: 6055:                className = scope->className + "::" + className;
call    0 never executed
branch  1 never executed
branch  2 never executed
call    3 never executed
branch  4 never executed
branch  5 never executed
call    6 never executed
call    7 never executed
call    8 never executed
call    9 never executed
    #####: 6056:            scope = scope->definedType ? scope->definedType->enclosingScope : scope->nestedIn;
branch  0 never executed
branch  1 never executed
        -: 6057:        }
    #####: 6058:        ret += ' ' + className;
call    0 never executed
branch  1 never executed
branch  2 never executed
call    3 never executed
branch  4 never executed
branch  5 never executed
call    6 never executed
call    7 never executed
    #####: 6059:    } else if (type == ValueType::Type::CONTAINER && container) {
branch  0 never executed
branch  1 never executed
branch  2 never executed
branch  3 never executed
    #####: 6060:        ret += " container(" + container->startPattern + ')';
call    0 never executed
branch  1 never executed
branch  2 never executed
call    3 never executed
branch  4 never executed
branch  5 never executed
call    6 never executed
branch  7 never executed
branch  8 never executed
call    9 never executed
call   10 never executed
call   11 never executed
call   12 never executed
    #####: 6061:    } else if (type == ValueType::Type::ITERATOR && container) {
branch  0 never executed
branch  1 never executed
branch  2 never executed
branch  3 never executed
    #####: 6062:        ret += " iterator(" + container->startPattern + ')';
call    0 never executed
branch  1 never executed
branch  2 never executed
call    3 never executed
branch  4 never executed
branch  5 never executed
call    6 never executed
branch  7 never executed
branch  8 never executed
call    9 never executed
call   10 never executed
call   11 never executed
call   12 never executed
    #####: 6063:    } else if (smartPointerType) {
branch  0 never executed
branch  1 never executed
    #####: 6064:        ret += " smart-pointer<" + smartPointerType->name() + ">";
call    0 never executed
branch  1 never executed
branch  2 never executed
call    3 never executed
branch  4 never executed
branch  5 never executed
call    6 never executed
branch  7 never executed
branch  8 never executed
call    9 never executed
branch 10 never executed
branch 11 never executed
call   12 never executed
call   13 never executed
call   14 never executed
call   15 never executed
        -: 6065:    }
       36: 6066:    for (unsigned int p = 0; p < pointer; p++) {
branch  0 taken 50% (fallthrough)
branch  1 taken 50%
       18: 6067:        ret += " *";
call    0 returned 100%
branch  1 taken 100% (fallthrough)
branch  2 taken 0% (throw)
       18: 6068:        if (constness & (2 << p))
branch  0 taken 0% (fallthrough)
branch  1 taken 100%
    #####: 6069:            ret += " const";
call    0 never executed
branch  1 never executed
branch  2 never executed
        -: 6070:    }
       36: 6071:    return ret.empty() ? ret : ret.substr(1);
call    0 returned 100%
branch  1 taken 0% (fallthrough)
branch  2 taken 100%
call    3 never executed
branch  4 never executed
branch  5 never executed
call    6 returned 100%
branch  7 taken 100% (fallthrough)
branch  8 taken 0% (throw)
        -: 6072:}
        -: 6073:
function _ZN9ValueType14matchParameterEPKS_S1_ called 831 returned 100% blocks executed 76%
      831: 6074:ValueType::MatchResult ValueType::matchParameter(const ValueType *call, const ValueType *func)
        -: 6075:{
      831: 6076:    if (!call || !func)
branch  0 taken 63% (fallthrough)
branch  1 taken 37%
branch  2 taken 0% (fallthrough)
branch  3 taken 100%
      309: 6077:        return ValueType::MatchResult::UNKNOWN;
      522: 6078:    if (call->pointer != func->pointer) {
branch  0 taken 1% (fallthrough)
branch  1 taken 99%
        1: 6079:        if (call->pointer > 1 && func->pointer == 1 && func->type == ValueType::Type::VOID)
branch  0 taken 100% (fallthrough)
branch  1 taken 0%
branch  2 taken 100% (fallthrough)
branch  3 taken 0%
branch  4 taken 0% (fallthrough)
branch  5 taken 100%
    #####: 6080:            return ValueType::MatchResult::FALLBACK1;
        1: 6081:        if (call->pointer == 1 && call->type == ValueType::Type::CHAR && func->pointer == 0 && func->container && func->container->stdStringLike)
branch  0 taken 0% (fallthrough)
branch  1 taken 100%
branch  2 never executed
branch  3 never executed
branch  4 never executed
branch  5 never executed
branch  6 never executed
branch  7 never executed
branch  8 never executed
branch  9 never executed
    #####: 6082:            return ValueType::MatchResult::FALLBACK2;
        1: 6083:        return ValueType::MatchResult::NOMATCH; // TODO
        -: 6084:    }
      521: 6085:    if (call->pointer > 0 && ((call->constness | func->constness) != func->constness))
branch  0 taken 1% (fallthrough)
branch  1 taken 99%
branch  2 taken 0% (fallthrough)
branch  3 taken 100%
    #####: 6086:        return ValueType::MatchResult::NOMATCH;
      521: 6087:    if (call->type != func->type) {
branch  0 taken 2% (fallthrough)
branch  1 taken 98%
        9: 6088:        if (call->type == ValueType::Type::VOID || func->type == ValueType::Type::VOID)
branch  0 taken 100% (fallthrough)
branch  1 taken 0%
branch  2 taken 0% (fallthrough)
branch  3 taken 100%
    #####: 6089:            return ValueType::MatchResult::FALLBACK1;
        9: 6090:        if (call->pointer > 0 && func->pointer > 0)
branch  0 taken 0% (fallthrough)
branch  1 taken 100%
branch  2 never executed
branch  3 never executed
    #####: 6091:            return func->type == ValueType::UNKNOWN_TYPE ? ValueType::MatchResult::UNKNOWN : ValueType::MatchResult::NOMATCH;
branch  0 never executed
branch  1 never executed
        9: 6092:        if (call->isIntegral() && func->isIntegral())
call    0 returned 100%
branch  1 taken 67% (fallthrough)
branch  2 taken 33%
call    3 returned 100%
branch  4 taken 17% (fallthrough)
branch  5 taken 83%
branch  6 taken 11% (fallthrough)
branch  7 taken 89%
        1: 6093:            return call->type < func->type ?
branch  0 taken 0% (fallthrough)
branch  1 taken 100%
        -: 6094:                   ValueType::MatchResult::FALLBACK1 :
        1: 6095:                   ValueType::MatchResult::FALLBACK2;
        8: 6096:        else if (call->isFloat() && func->isFloat())
call    0 returned 100%
branch  1 taken 38% (fallthrough)
branch  2 taken 63%
call    3 returned 100%
branch  4 taken 100% (fallthrough)
branch  5 taken 0%
branch  6 taken 38% (fallthrough)
branch  7 taken 63%
        3: 6097:            return ValueType::MatchResult::FALLBACK1;
        5: 6098:        else if (call->isIntegral() && func->isFloat())
call    0 returned 100%
branch  1 taken 100% (fallthrough)
branch  2 taken 0%
call    3 returned 100%
branch  4 taken 0% (fallthrough)
branch  5 taken 100%
branch  6 taken 0% (fallthrough)
branch  7 taken 100%
    #####: 6099:            return ValueType::MatchResult::FALLBACK2;
        5: 6100:        else if (call->isFloat() && func->isIntegral())
call    0 returned 100%
branch  1 taken 0% (fallthrough)
branch  2 taken 100%
call    3 never executed
branch  4 never executed
branch  5 never executed
branch  6 taken 0% (fallthrough)
branch  7 taken 100%
    #####: 6101:            return ValueType::MatchResult::FALLBACK2;
        5: 6102:        return ValueType::MatchResult::UNKNOWN; // TODO
        -: 6103:    }
        -: 6104:
      512: 6105:    if (call->typeScope != nullptr || func->typeScope != nullptr)
branch  0 taken 92% (fallthrough)
branch  1 taken 8%
branch  2 taken 0% (fallthrough)
branch  3 taken 100%
       42: 6106:        return call->typeScope == func->typeScope ? ValueType::MatchResult::SAME : ValueType::MatchResult::NOMATCH;
branch  0 taken 100% (fallthrough)
branch  1 taken 0%
        -: 6107:
      470: 6108:    if (call->container != nullptr || func->container != nullptr) {
branch  0 taken 94% (fallthrough)
branch  1 taken 6%
branch  2 taken 0% (fallthrough)
branch  3 taken 100%
       58: 6109:        if (call->container != func->container)
branch  0 taken 0% (fallthrough)
branch  1 taken 100%
    #####: 6110:            return ValueType::MatchResult::NOMATCH;
        -: 6111:    }
        -: 6112:
      441: 6113:    else if (func->type < ValueType::Type::VOID || func->type == ValueType::Type::UNKNOWN_INT)
branch  0 taken 99% (fallthrough)
branch  1 taken 1%
branch  2 taken 1% (fallthrough)
branch  3 taken 99%
        3: 6114:        return ValueType::MatchResult::UNKNOWN;
        -: 6115:
      467: 6116:    if (call->isIntegral() && func->isIntegral() && call->sign != ValueType::Sign::UNKNOWN_SIGN && func->sign != ValueType::Sign::UNKNOWN_SIGN && call->sign != func->sign)
call    0 returned 100%
branch  1 taken 91% (fallthrough)
branch  2 taken 9%
call    3 returned 100%
branch  4 taken 100% (fallthrough)
branch  5 taken 0%
branch  6 taken 90% (fallthrough)
branch  7 taken 10%
branch  8 taken 100% (fallthrough)
branch  9 taken 0%
branch 10 taken 1% (fallthrough)
branch 11 taken 99%
branch 12 taken 1% (fallthrough)
branch 13 taken 99%
        1: 6117:        return ValueType::MatchResult::FALLBACK1;
        -: 6118:
      466: 6119:    return ValueType::MatchResult::SAME;
        -: 6120:}
        -: 6121:
function _ZN9ValueType14matchParameterEPKS_PK8VariableS4_ called 799 returned 100% blocks executed 82%
      799: 6122:ValueType::MatchResult ValueType::matchParameter(const ValueType *call, const Variable *callVar, const Variable *funcVar)
        -: 6123:{
      799: 6124:    ValueType::MatchResult res = ValueType::matchParameter(call, funcVar->valueType());
call    0 returned 100%
call    1 returned 100%
      799: 6125:    if (res == ValueType::MatchResult::SAME && callVar && call->container) {
branch  0 taken 60% (fallthrough)
branch  1 taken 40%
branch  2 taken 89% (fallthrough)
branch  3 taken 11%
branch  4 taken 1% (fallthrough)
branch  5 taken 99%
       10: 6126:        const std::string type1 = getTypeString(callVar->typeStartToken());
call    0 returned 100%
call    1 returned 100%
branch  2 taken 100% (fallthrough)
branch  3 taken 0% (throw)
call    4 never executed
       10: 6127:        const std::string type2 = getTypeString(funcVar->typeStartToken());
call    0 returned 100%
call    1 returned 100%
branch  2 taken 100% (fallthrough)
branch  3 taken 0% (throw)
call    4 returned 100%
branch  5 taken 100%
branch  6 taken 0%
        5: 6128:        if (type1 != type2)
call    0 returned 100%
branch  1 taken 0% (fallthrough)
branch  2 taken 100%
    #####: 6129:            return ValueType::MatchResult::NOMATCH;
call    0 returned 100%
branch  1 taken 100%
branch  2 taken 0%
        -: 6130:    }
      799: 6131:    return res;
function _GLOBAL__sub_I__ZN14SymbolDatabaseC2EPK9TokenizerPK8SettingsP11ErrorLogger called 1 returned 100% blocks executed 100%
function _Z41__static_initialization_and_destruction_0ii called 1 returned 100% blocks executed 50%
        3: 6132:}
call    0 returned 100%
branch  1 taken 100% (fallthrough)
branch  2 taken 0%
branch  3 taken 100% (fallthrough)
branch  4 taken 0%
