        -:    0:Source:/usr/include/c++/7/debug/safe_iterator.h
        -:    0:Graph:/home/workspace/build/lib/CMakeFiles/lib_objs.dir/valueflow.gcno
        -:    0:Data:/home/workspace/build/lib/CMakeFiles/lib_objs.dir/valueflow.gcda
        -:    0:Runs:1
        -:    0:Programs:1
        -:    1:// Safe iterator implementation  -*- C++ -*-
        -:    2:
        -:    3:// Copyright (C) 2003-2017 Free Software Foundation, Inc.
        -:    4://
        -:    5:// This file is part of the GNU ISO C++ Library.  This library is free
        -:    6:// software; you can redistribute it and/or modify it under the
        -:    7:// terms of the GNU General Public License as published by the
        -:    8:// Free Software Foundation; either version 3, or (at your option)
        -:    9:// any later version.
        -:   10:
        -:   11:// This library is distributed in the hope that it will be useful,
        -:   12:// but WITHOUT ANY WARRANTY; without even the implied warranty of
        -:   13:// MERCHANTABILITY or FITNESS FOR A PARTICULAR PURPOSE.  See the
        -:   14:// GNU General Public License for more details.
        -:   15:
        -:   16:// Under Section 7 of GPL version 3, you are granted additional
        -:   17:// permissions described in the GCC Runtime Library Exception, version
        -:   18:// 3.1, as published by the Free Software Foundation.
        -:   19:
        -:   20:// You should have received a copy of the GNU General Public License and
        -:   21:// a copy of the GCC Runtime Library Exception along with this program;
        -:   22:// see the files COPYING3 and COPYING.RUNTIME respectively.  If not, see
        -:   23:// <http://www.gnu.org/licenses/>.
        -:   24:
        -:   25:/** @file debug/safe_iterator.h
        -:   26: *  This file is a GNU debug extension to the Standard C++ Library.
        -:   27: */
        -:   28:
        -:   29:#ifndef _GLIBCXX_DEBUG_SAFE_ITERATOR_H
        -:   30:#define _GLIBCXX_DEBUG_SAFE_ITERATOR_H 1
        -:   31:
        -:   32:#include <debug/assertions.h>
        -:   33:#include <debug/macros.h>
        -:   34:#include <debug/functions.h>
        -:   35:#include <debug/safe_base.h>
        -:   36:#include <bits/stl_pair.h>
        -:   37:#include <ext/type_traits.h>
        -:   38:
        -:   39:namespace __gnu_debug
        -:   40:{
        -:   41:  /** Helper struct to deal with sequence offering a before_begin
        -:   42:   *  iterator.
        -:   43:   **/
        -:   44:  template<typename _Sequence>
        -:   45:    struct _BeforeBeginHelper
        -:   46:    {
        -:   47:      template<typename _Iterator>
        -:   48:	static bool
function _ZN11__gnu_debug18_BeforeBeginHelperINSt7__debug3setIPK5ScopeSt4lessIS5_ESaIS5_EEEE5_S_IsISt23_Rb_tree_const_iteratorIS5_EEEbRKNS_14_Safe_iteratorIT_S9_EE called 0 returned 0% blocks executed 0%
function _ZN11__gnu_debug18_BeforeBeginHelperINSt7__debug3setIjSt4lessIjESaIjEEEE5_S_IsISt23_Rb_tree_const_iteratorIjEEEbRKNS_14_Safe_iteratorIT_S6_EE called 0 returned 0% blocks executed 0%
function _ZN11__gnu_debug18_BeforeBeginHelperINSt7__debug6vectorIPK8VariableSaIS5_EEEE5_S_IsIN9__gnu_cxx17__normal_iteratorIPS5_NSt9__cxx19986vectorIS5_S6_EEEEEEbRKNS_14_Safe_iteratorIT_S7_EE called 0 returned 0% blocks executed 0%
function _ZN11__gnu_debug18_BeforeBeginHelperINSt7__debug6vectorI13LifetimeTokenSaIS3_EEEE5_S_IsIN9__gnu_cxx17__normal_iteratorIPKS3_NSt9__cxx19986vectorIS3_S4_EEEEEEbRKNS_14_Safe_iteratorIT_S5_EE called 0 returned 0% blocks executed 0%
function _ZN11__gnu_debug18_BeforeBeginHelperINSt7__debug3mapIPK8VariableN9ValueFlow5ValueESt4lessIS5_ESaISt4pairIKS5_S7_EEEEE5_S_IsISt17_Rb_tree_iteratorISC_EEEbRKNS_14_Safe_iteratorIT_SE_EE called 0 returned 0% blocks executed 0%
function _ZN11__gnu_debug18_BeforeBeginHelperINSt7__debug4listISt4pairIPK5TokenNSt7__cxx1112basic_stringIcSt11char_traitsIcESaIcEEEESaISD_EEEE5_S_IsINSt9__cxx199814_List_iteratorISD_EEEEbRKNS_14_Safe_iteratorIT_SF_EE called 0 returned 0% blocks executed 0%
function _ZN11__gnu_debug18_BeforeBeginHelperINSt7__debug4listISt4pairIPK5TokenNSt7__cxx1112basic_stringIcSt11char_traitsIcESaIcEEEESaISD_EEEE5_S_IsINSt9__cxx199820_List_const_iteratorISD_EEEEbRKNS_14_Safe_iteratorIT_SF_EE called 0 returned 0% blocks executed 0%
function _ZN11__gnu_debug18_BeforeBeginHelperINSt7__debug3mapIiPK5TokenSt4lessIiESaISt4pairIKiS5_EEEEE5_S_IsISt17_Rb_tree_iteratorISA_EEEbRKNS_14_Safe_iteratorIT_SC_EE called 0 returned 0% blocks executed 0%
function _ZN11__gnu_debug18_BeforeBeginHelperINSt7__debug3mapIiN9ValueFlow5ValueESt4lessIiESaISt4pairIKiS4_EEEEE5_S_IsISt17_Rb_tree_iteratorIS9_EEEbRKNS_14_Safe_iteratorIT_SB_EE called 0 returned 0% blocks executed 0%
function _ZN11__gnu_debug18_BeforeBeginHelperINSt7__debug6vectorIxSaIxEEEE5_S_IsIN9__gnu_cxx17__normal_iteratorIPxNSt9__cxx19986vectorIxS3_EEEEEEbRKNS_14_Safe_iteratorIT_S4_EE called 0 returned 0% blocks executed 0%
function _ZN11__gnu_debug18_BeforeBeginHelperINSt7__debug6vectorIPK8VariableSaIS5_EEEE5_S_IsIN9__gnu_cxx17__normal_iteratorIPKS5_NSt9__cxx19986vectorIS5_S6_EEEEEEbRKNS_14_Safe_iteratorIT_S7_EE called 0 returned 0% blocks executed 0%
function _ZN11__gnu_debug18_BeforeBeginHelperINSt7__debug4listI8VariableSaIS3_EEEE5_S_IsINSt9__cxx199820_List_const_iteratorIS3_EEEEbRKNS_14_Safe_iteratorIT_S5_EE called 0 returned 0% blocks executed 0%
function _ZN11__gnu_debug18_BeforeBeginHelperINSt7__debug6vectorIPK5TokenSaIS5_EEEE5_S_IsIN9__gnu_cxx17__normal_iteratorIPS5_NSt9__cxx19986vectorIS5_S6_EEEEEEbRKNS_14_Safe_iteratorIT_S7_EE called 0 returned 0% blocks executed 0%
function _ZN11__gnu_debug18_BeforeBeginHelperINSt7__debug3setIiSt4lessIiESaIiEEEE5_S_IsISt23_Rb_tree_const_iteratorIiEEEbRKNS_14_Safe_iteratorIT_S6_EE called 0 returned 0% blocks executed 0%
function _ZN11__gnu_debug18_BeforeBeginHelperINSt7__debug6vectorIN11FwdAnalysis13KnownAndTokenESaIS4_EEEE5_S_IsIN9__gnu_cxx17__normal_iteratorIPS4_NSt9__cxx19986vectorIS4_S5_EEEEEEbRKNS_14_Safe_iteratorIT_S6_EE called 16 returned 100% blocks executed 100%
function _ZN11__gnu_debug18_BeforeBeginHelperINSt7__debug3mapIPK8VariableN9ValueFlow5ValueESt4lessIS5_ESaISt4pairIKS5_S7_EEEEE5_S_IsISt23_Rb_tree_const_iteratorISC_EEEbRKNS_14_Safe_iteratorIT_SE_EE called 22 returned 100% blocks executed 100%
function _ZN11__gnu_debug18_BeforeBeginHelperINSt7__debug4listI5ScopeSaIS3_EEEE5_S_IsINSt9__cxx199814_List_iteratorIS3_EEEEbRKNS_14_Safe_iteratorIT_S5_EE called 0 returned 0% blocks executed 0%
function _ZN11__gnu_debug18_BeforeBeginHelperINSt7__debug6vectorISt4pairIPK5TokenPK5ScopeESaISA_EEEE5_S_IsIN9__gnu_cxx17__normal_iteratorIPSA_NSt9__cxx19986vectorISA_SB_EEEEEEbRKNS_14_Safe_iteratorIT_SC_EE called 9 returned 100% blocks executed 100%
function _ZN11__gnu_debug18_BeforeBeginHelperINSt7__debug6vectorIPK5ScopeSaIS5_EEEE5_S_IsIN9__gnu_cxx17__normal_iteratorIPS5_NSt9__cxx19986vectorIS5_S6_EEEEEEbRKNS_14_Safe_iteratorIT_S7_EE called 12197 returned 100% blocks executed 100%
function _ZN11__gnu_debug18_BeforeBeginHelperINSt7__debug3mapIiPK5TokenSt4lessIiESaISt4pairIKiS5_EEEEE5_S_IsISt23_Rb_tree_const_iteratorISA_EEEbRKNS_14_Safe_iteratorIT_SC_EE called 0 returned 0% blocks executed 0%
function _ZN11__gnu_debug18_BeforeBeginHelperINSt7__debug4listIN9ValueFlow5ValueESaIS4_EEEE5_S_IsINSt9__cxx199820_List_const_iteratorIS4_EEEEbRKNS_14_Safe_iteratorIT_S6_EE called 0 returned 0% blocks executed 0%
function _ZN11__gnu_debug18_BeforeBeginHelperINSt7__debug13unordered_mapIiN9ValueFlow5ValueESt4hashIiESt8equal_toIiESaISt4pairIKiS4_EEEEE5_S_IsINSt8__detail14_Node_iteratorISB_Lb0ELb0EEEEEbRKNS_14_Safe_iteratorIT_SD_EE called 5 returned 100% blocks executed 100%
function _ZN11__gnu_debug18_BeforeBeginHelperINSt7__debug3mapIiN9ValueFlow5ValueESt4lessIiESaISt4pairIKiS4_EEEEE5_S_IsISt23_Rb_tree_const_iteratorIS9_EEEbRKNS_14_Safe_iteratorIT_SB_EE called 599 returned 100% blocks executed 100%
function _ZN11__gnu_debug18_BeforeBeginHelperINSt7__debug4listIN9ValueFlow5ValueESaIS4_EEEE5_S_IsINSt9__cxx199814_List_iteratorIS4_EEEEbRKNS_14_Safe_iteratorIT_S6_EE called 0 returned 0% blocks executed 0%
function _ZN11__gnu_debug18_BeforeBeginHelperINSt7__debug3setINSt7__cxx1112basic_stringIcSt11char_traitsIcESaIcEEESt4lessIS8_ESaIS8_EEEE5_S_IsISt23_Rb_tree_const_iteratorIS8_EEEbRKNS_14_Safe_iteratorIT_SC_EE called 0 returned 0% blocks executed 0%
function _ZN11__gnu_debug18_BeforeBeginHelperINSt7__debug3mapINSt7__cxx1112basic_stringIcSt11char_traitsIcESaIcEEEN7Library9Container8FunctionESt4lessIS8_ESaISt4pairIKS8_SB_EEEEE5_S_IsISt23_Rb_tree_const_iteratorISG_EEEbRKNS_14_Safe_iteratorIT_SI_EE called 0 returned 0% blocks executed 0%
function _ZN11__gnu_debug18_BeforeBeginHelperINSt7__debug6vectorI13LifetimeTokenSaIS3_EEEE5_S_IsIN9__gnu_cxx17__normal_iteratorIPS3_NSt9__cxx19986vectorIS3_S4_EEEEEEbRKNS_14_Safe_iteratorIT_S5_EE called 0 returned 0% blocks executed 0%
    12848:   49:	_S_Is(const _Safe_iterator<_Iterator, _Sequence>&)
    12848:   50:	{ return false; }
        -:   51:
        -:   52:      template<typename _Iterator>
        -:   53:	static bool
        -:   54:	_S_Is_Beginnest(const _Safe_iterator<_Iterator, _Sequence>& __it)
        -:   55:	{ return __it.base() == __it._M_get_sequence()->_M_base().begin(); }
        -:   56:    };
        -:   57:
        -:   58:  /** Sequence traits giving the size of a container if possible. */
        -:   59:  template<typename _Sequence>
        -:   60:    struct _Sequence_traits
        -:   61:    {
        -:   62:      typedef _Distance_traits<typename _Sequence::iterator> _DistTraits;
        -:   63:
        -:   64:      static typename _DistTraits::__type
function _ZN11__gnu_debug16_Sequence_traitsINSt7__debug6vectorI13LifetimeTokenSaIS3_EEEE7_S_sizeERKS5_ called 0 returned 0% blocks executed 0%
function _ZN11__gnu_debug16_Sequence_traitsINSt7__debug3setIiSt4lessIiESaIiEEEE7_S_sizeERKS6_ called 1533 returned 100% blocks executed 86%
function _ZN11__gnu_debug16_Sequence_traitsINSt7__debug4listI8VariableSaIS3_EEEE7_S_sizeERKS5_ called 0 returned 0% blocks executed 0%
function _ZN11__gnu_debug16_Sequence_traitsINSt7__debug4listIN9ValueFlow5ValueESaIS4_EEEE7_S_sizeERKS6_ called 0 returned 0% blocks executed 0%
function _ZN11__gnu_debug16_Sequence_traitsINSt7__debug4listISt4pairIPK5TokenNSt7__cxx1112basic_stringIcSt11char_traitsIcESaIcEEEESaISD_EEEE7_S_sizeERKSF_ called 0 returned 0% blocks executed 0%
     1533:   65:      _S_size(const _Sequence& __seq)
     1533:   66:      { return std::make_pair(__seq.size(), __dp_exact); }
call    0 never executed
call    1 never executed
branch  2 never executed
branch  3 never executed
call    4 never executed
call    5 returned 100%
call    6 returned 100%
branch  7 taken 100% (fallthrough)
branch  8 taken 0% (throw)
call    9 returned 100%
call   10 never executed
call   11 never executed
branch 12 never executed
branch 13 never executed
call   14 never executed
call   15 never executed
call   16 never executed
branch 17 never executed
branch 18 never executed
call   19 never executed
call   20 never executed
call   21 never executed
branch 22 never executed
branch 23 never executed
call   24 never executed
        -:   67:    };
        -:   68:
        -:   69:  /** \brief Safe iterator wrapper.
        -:   70:   *
        -:   71:   *  The class template %_Safe_iterator is a wrapper around an
        -:   72:   *  iterator that tracks the iterator's movement among sequences and
        -:   73:   *  checks that operations performed on the "safe" iterator are
        -:   74:   *  legal. In additional to the basic iterator operations (which are
        -:   75:   *  validated, and then passed to the underlying iterator),
        -:   76:   *  %_Safe_iterator has member functions for iterator invalidation,
        -:   77:   *  attaching/detaching the iterator from sequences, and querying
        -:   78:   *  the iterator's state.
        -:   79:   *
        -:   80:   *  Note that _Iterator must be the first base class so that it gets
        -:   81:   *  initialized before the iterator is being attached to the container's list
        -:   82:   *  of iterators and it is being detached before _Iterator get
        -:   83:   *  destroyed. Otherwise it would result in a data race.
        -:   84:   */
        -:   85:  template<typename _Iterator, typename _Sequence>
function _ZN11__gnu_debug14_Safe_iteratorIN9__gnu_cxx17__normal_iteratorIPxNSt9__cxx19986vectorIxSaIxEEEEENSt7__debug6vectorIxS6_EEED2Ev called 0 returned 0% blocks executed 0%
function _ZN11__gnu_debug14_Safe_iteratorIN9__gnu_cxx17__normal_iteratorIPKPK8VariableNSt9__cxx19986vectorIS5_SaIS5_EEEEENSt7__debug6vectorIS5_SA_EEED2Ev called 0 returned 0% blocks executed 0%
function _ZN11__gnu_debug14_Safe_iteratorIN9__gnu_cxx17__normal_iteratorIPPK8VariableNSt9__cxx19986vectorIS5_SaIS5_EEEEENSt7__debug6vectorIS5_S9_EEED2Ev called 0 returned 0% blocks executed 0%
function _ZN11__gnu_debug14_Safe_iteratorISt23_Rb_tree_const_iteratorIjENSt7__debug3setIjSt4lessIjESaIjEEEED2Ev called 0 returned 0% blocks executed 0%
function _ZN11__gnu_debug14_Safe_iteratorISt23_Rb_tree_const_iteratorIPK5ScopeENSt7__debug3setIS4_St4lessIS4_ESaIS4_EEEED2Ev called 0 returned 0% blocks executed 0%
function _ZN11__gnu_debug14_Safe_iteratorIN9__gnu_cxx17__normal_iteratorIPK13LifetimeTokenNSt9__cxx19986vectorIS3_SaIS3_EEEEENSt7__debug6vectorIS3_S8_EEED2Ev called 0 returned 0% blocks executed 0%
function _ZN11__gnu_debug14_Safe_iteratorIN9__gnu_cxx17__normal_iteratorIPPK5TokenNSt9__cxx19986vectorIS5_SaIS5_EEEEENSt7__debug6vectorIS5_S9_EEED2Ev called 0 returned 0% blocks executed 0%
function _ZN11__gnu_debug14_Safe_iteratorINSt9__cxx199820_List_const_iteratorI8VariableEENSt7__debug4listIS3_SaIS3_EEEED2Ev called 0 returned 0% blocks executed 0%
function _ZN11__gnu_debug14_Safe_iteratorIN9__gnu_cxx17__normal_iteratorIPN11FwdAnalysis13KnownAndTokenENSt9__cxx19986vectorIS4_SaIS4_EEEEENSt7__debug6vectorIS4_S8_EEED2Ev called 2204 returned 100% blocks executed 100%
function _ZN11__gnu_debug14_Safe_iteratorISt23_Rb_tree_const_iteratorIiENSt7__debug3setIiSt4lessIiESaIiEEEED2Ev called 0 returned 0% blocks executed 0%
function _ZN11__gnu_debug14_Safe_iteratorISt23_Rb_tree_const_iteratorISt4pairIKPK8VariableN9ValueFlow5ValueEEENSt7__debug3mapIS5_S8_St4lessIS5_ESaIS9_EEEED2Ev called 7458 returned 100% blocks executed 100%
function _ZN11__gnu_debug14_Safe_iteratorISt17_Rb_tree_iteratorISt4pairIKPK8VariableN9ValueFlow5ValueEEENSt7__debug3mapIS5_S8_St4lessIS5_ESaIS9_EEEED2Ev called 14916 returned 100% blocks executed 100%
function _ZN11__gnu_debug14_Safe_iteratorINSt9__cxx199814_List_iteratorI5ScopeEENSt7__debug4listIS3_SaIS3_EEEED2Ev called 0 returned 0% blocks executed 0%
function _ZN11__gnu_debug14_Safe_iteratorIN9__gnu_cxx17__normal_iteratorIPSt4pairIPK5TokenPK5ScopeENSt9__cxx19986vectorISA_SaISA_EEEEENSt7__debug6vectorISA_SE_EEED2Ev called 1858 returned 100% blocks executed 100%
function _ZN11__gnu_debug14_Safe_iteratorIN9__gnu_cxx17__normal_iteratorIPPK5ScopeNSt9__cxx19986vectorIS5_SaIS5_EEEEENSt7__debug6vectorIS5_S9_EEED2Ev called 23126 returned 100% blocks executed 100%
function _ZN11__gnu_debug14_Safe_iteratorINSt9__cxx199820_List_const_iteratorISt4pairIPK5TokenNSt7__cxx1112basic_stringIcSt11char_traitsIcESaIcEEEEEENSt7__debug4listISD_SaISD_EEEED2Ev called 0 returned 0% blocks executed 0%
function _ZN11__gnu_debug14_Safe_iteratorINSt9__cxx199814_List_iteratorISt4pairIPK5TokenNSt7__cxx1112basic_stringIcSt11char_traitsIcESaIcEEEEEENSt7__debug4listISD_SaISD_EEEED2Ev called 0 returned 0% blocks executed 0%
function _ZN11__gnu_debug14_Safe_iteratorISt23_Rb_tree_const_iteratorISt4pairIKiPK5TokenEENSt7__debug3mapIiS6_St4lessIiESaIS7_EEEED2Ev called 0 returned 0% blocks executed 0%
function _ZN11__gnu_debug14_Safe_iteratorISt17_Rb_tree_iteratorISt4pairIKiPK5TokenEENSt7__debug3mapIiS6_St4lessIiESaIS7_EEEED2Ev called 0 returned 0% blocks executed 0%
function _ZN11__gnu_debug14_Safe_iteratorINSt9__cxx199820_List_const_iteratorIN9ValueFlow5ValueEEENSt7__debug4listIS4_SaIS4_EEEED2Ev called 0 returned 0% blocks executed 0%
function _ZN11__gnu_debug14_Safe_iteratorINSt8__detail14_Node_iteratorISt4pairIKiN9ValueFlow5ValueEELb0ELb0EEENSt7__debug13unordered_mapIiS6_St4hashIiESt8equal_toIiESaIS7_EEEED2Ev called 10 returned 100% blocks executed 100%
function _ZN11__gnu_debug14_Safe_iteratorISt17_Rb_tree_iteratorISt4pairIKiN9ValueFlow5ValueEEENSt7__debug3mapIiS5_St4lessIiESaIS6_EEEED2Ev called 647 returned 100% blocks executed 100%
function _ZN11__gnu_debug14_Safe_iteratorISt23_Rb_tree_const_iteratorISt4pairIKiN9ValueFlow5ValueEEENSt7__debug3mapIiS5_St4lessIiESaIS6_EEEED2Ev called 1100 returned 100% blocks executed 100%
function _ZN11__gnu_debug14_Safe_iteratorINSt9__cxx199814_List_iteratorIN9ValueFlow5ValueEEENSt7__debug4listIS4_SaIS4_EEEED2Ev called 0 returned 0% blocks executed 0%
function _ZN11__gnu_debug14_Safe_iteratorISt23_Rb_tree_const_iteratorINSt7__cxx1112basic_stringIcSt11char_traitsIcESaIcEEEENSt7__debug3setIS7_St4lessIS7_ESaIS7_EEEED2Ev called 0 returned 0% blocks executed 0%
function _ZN11__gnu_debug14_Safe_iteratorISt23_Rb_tree_const_iteratorISt4pairIKNSt7__cxx1112basic_stringIcSt11char_traitsIcESaIcEEEN7Library9Container8FunctionEEENSt7__debug3mapIS8_SC_St4lessIS8_ESaISD_EEEED2Ev called 0 returned 0% blocks executed 0%
function _ZN11__gnu_debug14_Safe_iteratorIN9__gnu_cxx17__normal_iteratorIP13LifetimeTokenNSt9__cxx19986vectorIS3_SaIS3_EEEEENSt7__debug6vectorIS3_S7_EEED2Ev called 0 returned 0% blocks executed 0%
    51319:   86:    class _Safe_iterator
call    0 never executed
call    1 never executed
call    2 never executed
call    3 never executed
call    4 never executed
call    5 never executed
call    6 never executed
call    7 never executed
call    8 returned 100%
call    9 never executed
call   10 returned 100%
call   11 returned 100%
call   12 never executed
call   13 returned 100%
call   14 returned 100%
call   15 never executed
call   16 never executed
call   17 never executed
call   18 never executed
call   19 never executed
call   20 returned 100%
call   21 returned 100%
call   22 returned 100%
call   23 never executed
call   24 never executed
call   25 never executed
call   26 never executed
        -:   87:    : private _Iterator,
        -:   88:      public _Safe_iterator_base
        -:   89:    {
        -:   90:      typedef _Iterator _Iter_base;
        -:   91:      typedef _Safe_iterator_base _Safe_base;
        -:   92:      typedef typename _Sequence::const_iterator _Const_iterator;
        -:   93:
        -:   94:      /// Determine if this is a constant iterator.
        -:   95:      bool
function _ZNK11__gnu_debug14_Safe_iteratorIN9__gnu_cxx17__normal_iteratorIPxNSt9__cxx19986vectorIxSaIxEEEEENSt7__debug6vectorIxS6_EEE11_M_constantEv called 0 returned 0% blocks executed 0%
function _ZNK11__gnu_debug14_Safe_iteratorIN9__gnu_cxx17__normal_iteratorIPKPK8VariableNSt9__cxx19986vectorIS5_SaIS5_EEEEENSt7__debug6vectorIS5_SA_EEE11_M_constantEv called 0 returned 0% blocks executed 0%
function _ZNK11__gnu_debug14_Safe_iteratorIN9__gnu_cxx17__normal_iteratorIPPK8VariableNSt9__cxx19986vectorIS5_SaIS5_EEEEENSt7__debug6vectorIS5_S9_EEE11_M_constantEv called 0 returned 0% blocks executed 0%
function _ZNK11__gnu_debug14_Safe_iteratorISt23_Rb_tree_const_iteratorIjENSt7__debug3setIjSt4lessIjESaIjEEEE11_M_constantEv called 0 returned 0% blocks executed 0%
function _ZNK11__gnu_debug14_Safe_iteratorISt23_Rb_tree_const_iteratorIPK5ScopeENSt7__debug3setIS4_St4lessIS4_ESaIS4_EEEE11_M_constantEv called 0 returned 0% blocks executed 0%
function _ZNK11__gnu_debug14_Safe_iteratorIN9__gnu_cxx17__normal_iteratorIPK13LifetimeTokenNSt9__cxx19986vectorIS3_SaIS3_EEEEENSt7__debug6vectorIS3_S8_EEE11_M_constantEv called 0 returned 0% blocks executed 0%
function _ZNK11__gnu_debug14_Safe_iteratorIN9__gnu_cxx17__normal_iteratorIPPK5TokenNSt9__cxx19986vectorIS5_SaIS5_EEEEENSt7__debug6vectorIS5_S9_EEE11_M_constantEv called 0 returned 0% blocks executed 0%
function _ZNK11__gnu_debug14_Safe_iteratorINSt9__cxx199820_List_const_iteratorI8VariableEENSt7__debug4listIS3_SaIS3_EEEE11_M_constantEv called 0 returned 0% blocks executed 0%
function _ZNK11__gnu_debug14_Safe_iteratorIN9__gnu_cxx17__normal_iteratorIPN11FwdAnalysis13KnownAndTokenENSt9__cxx19986vectorIS4_SaIS4_EEEEENSt7__debug6vectorIS4_S8_EEE11_M_constantEv called 2204 returned 100% blocks executed 100%
function _ZNK11__gnu_debug14_Safe_iteratorISt23_Rb_tree_const_iteratorIiENSt7__debug3setIiSt4lessIiESaIiEEEE11_M_constantEv called 0 returned 0% blocks executed 0%
function _ZNK11__gnu_debug14_Safe_iteratorISt23_Rb_tree_const_iteratorISt4pairIKPK8VariableN9ValueFlow5ValueEEENSt7__debug3mapIS5_S8_St4lessIS5_ESaIS9_EEEE11_M_constantEv called 7458 returned 100% blocks executed 100%
function _ZNK11__gnu_debug14_Safe_iteratorISt17_Rb_tree_iteratorISt4pairIKPK8VariableN9ValueFlow5ValueEEENSt7__debug3mapIS5_S8_St4lessIS5_ESaIS9_EEEE11_M_constantEv called 14916 returned 100% blocks executed 100%
function _ZNK11__gnu_debug14_Safe_iteratorINSt9__cxx199814_List_iteratorI5ScopeEENSt7__debug4listIS3_SaIS3_EEEE11_M_constantEv called 0 returned 0% blocks executed 0%
function _ZNK11__gnu_debug14_Safe_iteratorIN9__gnu_cxx17__normal_iteratorIPSt4pairIPK5TokenPK5ScopeENSt9__cxx19986vectorISA_SaISA_EEEEENSt7__debug6vectorISA_SE_EEE11_M_constantEv called 1858 returned 100% blocks executed 100%
function _ZNK11__gnu_debug14_Safe_iteratorIN9__gnu_cxx17__normal_iteratorIPPK5ScopeNSt9__cxx19986vectorIS5_SaIS5_EEEEENSt7__debug6vectorIS5_S9_EEE11_M_constantEv called 23126 returned 100% blocks executed 100%
function _ZNK11__gnu_debug14_Safe_iteratorINSt9__cxx199820_List_const_iteratorISt4pairIPK5TokenNSt7__cxx1112basic_stringIcSt11char_traitsIcESaIcEEEEEENSt7__debug4listISD_SaISD_EEEE11_M_constantEv called 0 returned 0% blocks executed 0%
function _ZNK11__gnu_debug14_Safe_iteratorINSt9__cxx199814_List_iteratorISt4pairIPK5TokenNSt7__cxx1112basic_stringIcSt11char_traitsIcESaIcEEEEEENSt7__debug4listISD_SaISD_EEEE11_M_constantEv called 0 returned 0% blocks executed 0%
function _ZNK11__gnu_debug14_Safe_iteratorISt23_Rb_tree_const_iteratorISt4pairIKiPK5TokenEENSt7__debug3mapIiS6_St4lessIiESaIS7_EEEE11_M_constantEv called 0 returned 0% blocks executed 0%
function _ZNK11__gnu_debug14_Safe_iteratorISt17_Rb_tree_iteratorISt4pairIKiPK5TokenEENSt7__debug3mapIiS6_St4lessIiESaIS7_EEEE11_M_constantEv called 0 returned 0% blocks executed 0%
function _ZNK11__gnu_debug14_Safe_iteratorINSt9__cxx199820_List_const_iteratorIN9ValueFlow5ValueEEENSt7__debug4listIS4_SaIS4_EEEE11_M_constantEv called 0 returned 0% blocks executed 0%
function _ZNK11__gnu_debug14_Safe_iteratorINSt8__detail14_Node_iteratorISt4pairIKiN9ValueFlow5ValueEELb0ELb0EEENSt7__debug13unordered_mapIiS6_St4hashIiESt8equal_toIiESaIS7_EEEE11_M_constantEv called 10 returned 100% blocks executed 100%
function _ZNK11__gnu_debug14_Safe_iteratorISt17_Rb_tree_iteratorISt4pairIKiN9ValueFlow5ValueEEENSt7__debug3mapIiS5_St4lessIiESaIS6_EEEE11_M_constantEv called 647 returned 100% blocks executed 100%
function _ZNK11__gnu_debug14_Safe_iteratorISt23_Rb_tree_const_iteratorISt4pairIKiN9ValueFlow5ValueEEENSt7__debug3mapIiS5_St4lessIiESaIS6_EEEE11_M_constantEv called 1126 returned 100% blocks executed 100%
function _ZNK11__gnu_debug14_Safe_iteratorINSt9__cxx199814_List_iteratorIN9ValueFlow5ValueEEENSt7__debug4listIS4_SaIS4_EEEE11_M_constantEv called 0 returned 0% blocks executed 0%
function _ZNK11__gnu_debug14_Safe_iteratorISt23_Rb_tree_const_iteratorINSt7__cxx1112basic_stringIcSt11char_traitsIcESaIcEEEENSt7__debug3setIS7_St4lessIS7_ESaIS7_EEEE11_M_constantEv called 0 returned 0% blocks executed 0%
function _ZNK11__gnu_debug14_Safe_iteratorISt23_Rb_tree_const_iteratorISt4pairIKNSt7__cxx1112basic_stringIcSt11char_traitsIcESaIcEEEN7Library9Container8FunctionEEENSt7__debug3mapIS8_SC_St4lessIS8_ESaISD_EEEE11_M_constantEv called 0 returned 0% blocks executed 0%
function _ZNK11__gnu_debug14_Safe_iteratorIN9__gnu_cxx17__normal_iteratorIP13LifetimeTokenNSt9__cxx19986vectorIS3_SaIS3_EEEEENSt7__debug6vectorIS3_S7_EEE11_M_constantEv called 0 returned 0% blocks executed 0%
    51345:   96:      _M_constant() const
    51345:   97:      { return std::__are_same<_Const_iterator, _Safe_iterator>::__value; }
        -:   98:
        -:   99:      typedef std::iterator_traits<_Iterator> _Traits;
        -:  100:
        -:  101:      struct _Attach_single
        -:  102:      { };
        -:  103:
function _ZN11__gnu_debug14_Safe_iteratorINSt9__cxx199814_List_iteratorIN9ValueFlow5ValueEEENSt7__debug4listIS4_SaIS4_EEEEC2ERKS5_PNS_19_Safe_sequence_baseENSA_14_Attach_singleE called 17 returned 100% blocks executed 100%
       17:  104:      _Safe_iterator(const _Iterator& __i, _Safe_sequence_base* __seq,
        -:  105:		     _Attach_single)
        -:  106:      _GLIBCXX_NOEXCEPT
       17:  107:      : _Iter_base(__i)
call    0 returned 100%
       17:  108:      { _M_attach_single(__seq); }
call    0 returned 100%
        -:  109:
        -:  110:    public:
        -:  111:      typedef _Iterator					iterator_type;
        -:  112:      typedef typename _Traits::iterator_category	iterator_category;
        -:  113:      typedef typename _Traits::value_type		value_type;
        -:  114:      typedef typename _Traits::difference_type		difference_type;
        -:  115:      typedef typename _Traits::reference		reference;
        -:  116:      typedef typename _Traits::pointer			pointer;
        -:  117:
        -:  118:      /// @post the iterator is singular and unattached
function _ZN11__gnu_debug14_Safe_iteratorISt23_Rb_tree_const_iteratorISt4pairIKiN9ValueFlow5ValueEEENSt7__debug3mapIiS5_St4lessIiESaIS6_EEEEC2Ev called 13 returned 100% blocks executed 100%
function _ZN11__gnu_debug14_Safe_iteratorINSt9__cxx199814_List_iteratorIN9ValueFlow5ValueEEENSt7__debug4listIS4_SaIS4_EEEEC2Ev called 0 returned 0% blocks executed 0%
       13:  119:      _Safe_iterator() _GLIBCXX_NOEXCEPT : _Iter_base() { }
call    0 returned 100%
call    1 returned 100%
call    2 never executed
call    3 never executed
        -:  120:
        -:  121:      /**
        -:  122:       * @brief Safe iterator construction from an unsafe iterator and
        -:  123:       * its sequence.
        -:  124:       *
        -:  125:       * @pre @p seq is not NULL
        -:  126:       * @post this is not singular
        -:  127:       */
function _ZN11__gnu_debug14_Safe_iteratorIN9__gnu_cxx17__normal_iteratorIPxNSt9__cxx19986vectorIxSaIxEEEEENSt7__debug6vectorIxS6_EEEC2ERKS8_PKNS_19_Safe_sequence_baseE called 0 returned 0% blocks executed 0%
function _ZN11__gnu_debug14_Safe_iteratorIN9__gnu_cxx17__normal_iteratorIPKPK8VariableNSt9__cxx19986vectorIS5_SaIS5_EEEEENSt7__debug6vectorIS5_SA_EEEC2ERKSC_PKNS_19_Safe_sequence_baseE called 0 returned 0% blocks executed 0%
function _ZN11__gnu_debug14_Safe_iteratorIN9__gnu_cxx17__normal_iteratorIPPK8VariableNSt9__cxx19986vectorIS5_SaIS5_EEEEENSt7__debug6vectorIS5_S9_EEEC2ERKSB_PKNS_19_Safe_sequence_baseE called 0 returned 0% blocks executed 0%
function _ZN11__gnu_debug14_Safe_iteratorISt23_Rb_tree_const_iteratorIjENSt7__debug3setIjSt4lessIjESaIjEEEEC2ERKS2_PKNS_19_Safe_sequence_baseE called 0 returned 0% blocks executed 0%
function _ZN11__gnu_debug14_Safe_iteratorISt23_Rb_tree_const_iteratorIPK5ScopeENSt7__debug3setIS4_St4lessIS4_ESaIS4_EEEEC2ERKS5_PKNS_19_Safe_sequence_baseE called 0 returned 0% blocks executed 0%
function _ZN11__gnu_debug14_Safe_iteratorINSt9__cxx199820_List_const_iteratorISt4pairIPK5TokenNSt7__cxx1112basic_stringIcSt11char_traitsIcESaIcEEEEEENSt7__debug4listISD_SaISD_EEEEC2ERKSE_PKNS_19_Safe_sequence_baseE called 0 returned 0% blocks executed 0%
function _ZN11__gnu_debug14_Safe_iteratorIN9__gnu_cxx17__normal_iteratorIPPK5TokenNSt9__cxx19986vectorIS5_SaIS5_EEEEENSt7__debug6vectorIS5_S9_EEEC2ERKSB_PKNS_19_Safe_sequence_baseE called 0 returned 0% blocks executed 0%
function _ZN11__gnu_debug14_Safe_iteratorINSt9__cxx199820_List_const_iteratorI8VariableEENSt7__debug4listIS3_SaIS3_EEEEC2ERKS4_PKNS_19_Safe_sequence_baseE called 0 returned 0% blocks executed 0%
function _ZN11__gnu_debug14_Safe_iteratorIN9__gnu_cxx17__normal_iteratorIPN11FwdAnalysis13KnownAndTokenENSt9__cxx19986vectorIS4_SaIS4_EEEEENSt7__debug6vectorIS4_S8_EEEC2ERKSA_PKNS_19_Safe_sequence_baseE called 2204 returned 100% blocks executed 50%
function _ZN11__gnu_debug14_Safe_iteratorISt23_Rb_tree_const_iteratorIiENSt7__debug3setIiSt4lessIiESaIiEEEEC2ERKS2_PKNS_19_Safe_sequence_baseE called 0 returned 0% blocks executed 0%
function _ZN11__gnu_debug14_Safe_iteratorISt17_Rb_tree_iteratorISt4pairIKPK8VariableN9ValueFlow5ValueEEENSt7__debug3mapIS5_S8_St4lessIS5_ESaIS9_EEEEC2ERKSA_PKNS_19_Safe_sequence_baseE called 14916 returned 100% blocks executed 50%
function _ZN11__gnu_debug14_Safe_iteratorINSt9__cxx199814_List_iteratorI5ScopeEENSt7__debug4listIS3_SaIS3_EEEEC2ERKS4_PKNS_19_Safe_sequence_baseE called 0 returned 0% blocks executed 0%
function _ZN11__gnu_debug14_Safe_iteratorIN9__gnu_cxx17__normal_iteratorIPSt4pairIPK5TokenPK5ScopeENSt9__cxx19986vectorISA_SaISA_EEEEENSt7__debug6vectorISA_SE_EEEC2ERKSG_PKNS_19_Safe_sequence_baseE called 1858 returned 100% blocks executed 50%
function _ZN11__gnu_debug14_Safe_iteratorIN9__gnu_cxx17__normal_iteratorIPPK5ScopeNSt9__cxx19986vectorIS5_SaIS5_EEEEENSt7__debug6vectorIS5_S9_EEEC2ERKSB_PKNS_19_Safe_sequence_baseE called 23126 returned 100% blocks executed 50%
function _ZN11__gnu_debug14_Safe_iteratorINSt9__cxx199814_List_iteratorISt4pairIPK5TokenNSt7__cxx1112basic_stringIcSt11char_traitsIcESaIcEEEEEENSt7__debug4listISD_SaISD_EEEEC2ERKSE_PKNS_19_Safe_sequence_baseE called 0 returned 0% blocks executed 0%
function _ZN11__gnu_debug14_Safe_iteratorISt17_Rb_tree_iteratorISt4pairIKiPK5TokenEENSt7__debug3mapIiS6_St4lessIiESaIS7_EEEEC2ERKS8_PKNS_19_Safe_sequence_baseE called 0 returned 0% blocks executed 0%
function _ZN11__gnu_debug14_Safe_iteratorINSt9__cxx199820_List_const_iteratorIN9ValueFlow5ValueEEENSt7__debug4listIS4_SaIS4_EEEEC2ERKS5_PKNS_19_Safe_sequence_baseE called 0 returned 0% blocks executed 0%
function _ZN11__gnu_debug14_Safe_iteratorINSt8__detail14_Node_iteratorISt4pairIKiN9ValueFlow5ValueEELb0ELb0EEENSt7__debug13unordered_mapIiS6_St4hashIiESt8equal_toIiESaIS7_EEEEC2ERKS8_PKNS_19_Safe_sequence_baseE called 10 returned 100% blocks executed 50%
function _ZN11__gnu_debug14_Safe_iteratorISt17_Rb_tree_iteratorISt4pairIKiN9ValueFlow5ValueEEENSt7__debug3mapIiS5_St4lessIiESaIS6_EEEEC2ERKS7_PKNS_19_Safe_sequence_baseE called 647 returned 100% blocks executed 50%
function _ZN11__gnu_debug14_Safe_iteratorISt23_Rb_tree_const_iteratorISt4pairIKiN9ValueFlow5ValueEEENSt7__debug3mapIiS5_St4lessIiESaIS6_EEEEC2ERKS7_PKNS_19_Safe_sequence_baseE called 1048 returned 100% blocks executed 50%
function _ZN11__gnu_debug14_Safe_iteratorINSt9__cxx199814_List_iteratorIN9ValueFlow5ValueEEENSt7__debug4listIS4_SaIS4_EEEEC2ERKS5_PKNS_19_Safe_sequence_baseE called 0 returned 0% blocks executed 0%
function _ZN11__gnu_debug14_Safe_iteratorISt23_Rb_tree_const_iteratorINSt7__cxx1112basic_stringIcSt11char_traitsIcESaIcEEEENSt7__debug3setIS7_St4lessIS7_ESaIS7_EEEEC2ERKS8_PKNS_19_Safe_sequence_baseE called 0 returned 0% blocks executed 0%
function _ZN11__gnu_debug14_Safe_iteratorISt23_Rb_tree_const_iteratorISt4pairIKNSt7__cxx1112basic_stringIcSt11char_traitsIcESaIcEEEN7Library9Container8FunctionEEENSt7__debug3mapIS8_SC_St4lessIS8_ESaISD_EEEEC2ERKSE_PKNS_19_Safe_sequence_baseE called 0 returned 0% blocks executed 0%
function _ZN11__gnu_debug14_Safe_iteratorIN9__gnu_cxx17__normal_iteratorIP13LifetimeTokenNSt9__cxx19986vectorIS3_SaIS3_EEEEENSt7__debug6vectorIS3_S7_EEEC2ERKS9_PKNS_19_Safe_sequence_baseE called 0 returned 0% blocks executed 0%
    43809:  128:      _Safe_iterator(const _Iterator& __i, const _Safe_sequence_base* __seq)
        -:  129:      _GLIBCXX_NOEXCEPT
    43809:  130:      : _Iter_base(__i), _Safe_base(__seq, _M_constant())
call    0 never executed
call    1 never executed
call    2 never executed
call    3 never executed
call    4 never executed
call    5 never executed
call    6 never executed
call    7 never executed
call    8 never executed
call    9 never executed
call   10 never executed
call   11 never executed
call   12 never executed
call   13 never executed
call   14 never executed
call   15 never executed
call   16 returned 100%
call   17 returned 100%
call   18 never executed
call   19 never executed
call   20 returned 100%
call   21 returned 100%
call   22 never executed
call   23 never executed
call   24 returned 100%
call   25 returned 100%
call   26 returned 100%
call   27 returned 100%
call   28 never executed
call   29 never executed
call   30 never executed
call   31 never executed
call   32 never executed
call   33 never executed
call   34 returned 100%
call   35 returned 100%
call   36 returned 100%
call   37 returned 100%
call   38 returned 100%
call   39 returned 100%
call   40 never executed
call   41 never executed
call   42 never executed
call   43 never executed
call   44 never executed
call   45 never executed
call   46 never executed
call   47 never executed
        -:  131:      {
    43809:  132:	_GLIBCXX_DEBUG_VERIFY(!this->_M_singular(),
branch  0 never executed
branch  1 never executed
call    2 never executed
call    3 never executed
call    4 never executed
call    5 never executed
branch  6 never executed
branch  7 never executed
call    8 never executed
call    9 never executed
call   10 never executed
call   11 never executed
branch 12 never executed
branch 13 never executed
call   14 never executed
call   15 never executed
call   16 never executed
call   17 never executed
branch 18 never executed
branch 19 never executed
call   20 never executed
call   21 never executed
call   22 never executed
call   23 never executed
branch 24 never executed
branch 25 never executed
call   26 never executed
call   27 never executed
call   28 never executed
call   29 never executed
branch 30 never executed
branch 31 never executed
call   32 never executed
call   33 never executed
call   34 never executed
call   35 never executed
branch 36 never executed
branch 37 never executed
call   38 never executed
call   39 never executed
call   40 never executed
call   41 never executed
branch 42 never executed
branch 43 never executed
call   44 never executed
call   45 never executed
call   46 never executed
call   47 never executed
branch 48 taken 0% (fallthrough)
branch 49 taken 100%
call   50 never executed
call   51 never executed
call   52 never executed
call   53 never executed
branch 54 never executed
branch 55 never executed
call   56 never executed
call   57 never executed
call   58 never executed
call   59 never executed
branch 60 taken 0% (fallthrough)
branch 61 taken 100%
call   62 never executed
call   63 never executed
call   64 never executed
call   65 never executed
branch 66 never executed
branch 67 never executed
call   68 never executed
call   69 never executed
call   70 never executed
call   71 never executed
branch 72 taken 0% (fallthrough)
branch 73 taken 100%
call   74 never executed
call   75 never executed
call   76 never executed
call   77 never executed
branch 78 taken 0% (fallthrough)
branch 79 taken 100%
call   80 never executed
call   81 never executed
call   82 never executed
call   83 never executed
branch 84 never executed
branch 85 never executed
call   86 never executed
call   87 never executed
call   88 never executed
call   89 never executed
branch 90 never executed
branch 91 never executed
call   92 never executed
call   93 never executed
call   94 never executed
call   95 never executed
branch 96 never executed
branch 97 never executed
call   98 never executed
call   99 never executed
call   100 never executed
call   101 never executed
branch 102 taken 0% (fallthrough)
branch 103 taken 100%
call   104 never executed
call   105 never executed
call   106 never executed
call   107 never executed
branch 108 taken 0% (fallthrough)
branch 109 taken 100%
call   110 never executed
call   111 never executed
call   112 never executed
call   113 never executed
branch 114 taken 0% (fallthrough)
branch 115 taken 100%
call   116 never executed
call   117 never executed
call   118 never executed
call   119 never executed
branch 120 never executed
branch 121 never executed
call   122 never executed
call   123 never executed
call   124 never executed
call   125 never executed
branch 126 never executed
branch 127 never executed
call   128 never executed
call   129 never executed
call   130 never executed
call   131 never executed
branch 132 never executed
branch 133 never executed
call   134 never executed
call   135 never executed
call   136 never executed
call   137 never executed
branch 138 never executed
branch 139 never executed
call   140 never executed
call   141 never executed
call   142 never executed
call   143 never executed
        -:  133:			      _M_message(__msg_init_singular)
        -:  134:			      ._M_iterator(*this, "this"));
    43809:  135:      }
        -:  136:
        -:  137:      /**
        -:  138:       * @brief Copy construction.
        -:  139:       */
function _ZN11__gnu_debug14_Safe_iteratorIN9__gnu_cxx17__normal_iteratorIPPK8VariableNSt9__cxx19986vectorIS5_SaIS5_EEEEENSt7__debug6vectorIS5_S9_EEEC2ERKSF_ called 0 returned 0% blocks executed 0%
function _ZN11__gnu_debug14_Safe_iteratorINSt9__cxx199820_List_const_iteratorISt4pairIPK5TokenNSt7__cxx1112basic_stringIcSt11char_traitsIcESaIcEEEEEENSt7__debug4listISD_SaISD_EEEEC2ERKSJ_ called 0 returned 0% blocks executed 0%
function _ZN11__gnu_debug14_Safe_iteratorIN9__gnu_cxx17__normal_iteratorIP13LifetimeTokenNSt9__cxx19986vectorIS3_SaIS3_EEEEENSt7__debug6vectorIS3_S7_EEEC2ERKSD_ called 0 returned 0% blocks executed 0%
function _ZN11__gnu_debug14_Safe_iteratorISt23_Rb_tree_const_iteratorIiENSt7__debug3setIiSt4lessIiESaIiEEEEC2ERKS9_ called 0 returned 0% blocks executed 0%
function _ZN11__gnu_debug14_Safe_iteratorINSt9__cxx199814_List_iteratorISt4pairIPK5TokenNSt7__cxx1112basic_stringIcSt11char_traitsIcESaIcEEEEEENSt7__debug4listISD_SaISD_EEEEC2ERKSJ_ called 0 returned 0% blocks executed 0%
function _ZN11__gnu_debug14_Safe_iteratorINSt9__cxx199820_List_const_iteratorIN9ValueFlow5ValueEEENSt7__debug4listIS4_SaIS4_EEEEC2ERKSA_ called 0 returned 0% blocks executed 0%
function _ZN11__gnu_debug14_Safe_iteratorINSt9__cxx199820_List_const_iteratorI8VariableEENSt7__debug4listIS3_SaIS3_EEEEC2ERKS9_ called 0 returned 0% blocks executed 0%
function _ZN11__gnu_debug14_Safe_iteratorINSt9__cxx199814_List_iteratorIN9ValueFlow5ValueEEENSt7__debug4listIS4_SaIS4_EEEEC2ERKSA_ called 0 returned 0% blocks executed 0%
    #####:  140:      _Safe_iterator(const _Safe_iterator& __x) _GLIBCXX_NOEXCEPT
    #####:  141:      : _Iter_base(__x.base())
call    0 never executed
call    1 never executed
call    2 never executed
call    3 never executed
call    4 never executed
call    5 never executed
call    6 never executed
call    7 never executed
call    8 never executed
call    9 never executed
call   10 never executed
call   11 never executed
call   12 never executed
call   13 never executed
call   14 never executed
call   15 never executed
        -:  142:      {
        -:  143:	// _GLIBCXX_RESOLVE_LIB_DEFECTS
        -:  144:	// DR 408. Is vector<reverse_iterator<char*> > forbidden?
    #####:  145:	_GLIBCXX_DEBUG_VERIFY(!__x._M_singular()
branch  0 never executed
branch  1 never executed
call    2 never executed
call    3 never executed
call    4 never executed
branch  5 never executed
branch  6 never executed
branch  7 never executed
branch  8 never executed
call    9 never executed
call   10 never executed
call   11 never executed
call   12 never executed
call   13 never executed
branch 14 never executed
branch 15 never executed
call   16 never executed
call   17 never executed
call   18 never executed
branch 19 never executed
branch 20 never executed
branch 21 never executed
branch 22 never executed
call   23 never executed
call   24 never executed
call   25 never executed
call   26 never executed
call   27 never executed
branch 28 never executed
branch 29 never executed
call   30 never executed
call   31 never executed
call   32 never executed
branch 33 never executed
branch 34 never executed
branch 35 never executed
branch 36 never executed
call   37 never executed
call   38 never executed
call   39 never executed
call   40 never executed
call   41 never executed
branch 42 never executed
branch 43 never executed
call   44 never executed
call   45 never executed
call   46 never executed
branch 47 never executed
branch 48 never executed
branch 49 never executed
branch 50 never executed
call   51 never executed
call   52 never executed
call   53 never executed
call   54 never executed
call   55 never executed
branch 56 never executed
branch 57 never executed
call   58 never executed
call   59 never executed
call   60 never executed
branch 61 never executed
branch 62 never executed
branch 63 never executed
branch 64 never executed
call   65 never executed
call   66 never executed
call   67 never executed
call   68 never executed
call   69 never executed
branch 70 never executed
branch 71 never executed
call   72 never executed
call   73 never executed
call   74 never executed
branch 75 never executed
branch 76 never executed
branch 77 never executed
branch 78 never executed
call   79 never executed
call   80 never executed
call   81 never executed
call   82 never executed
call   83 never executed
branch 84 never executed
branch 85 never executed
call   86 never executed
call   87 never executed
call   88 never executed
branch 89 never executed
branch 90 never executed
branch 91 never executed
branch 92 never executed
call   93 never executed
call   94 never executed
call   95 never executed
call   96 never executed
call   97 never executed
branch 98 never executed
branch 99 never executed
call   100 never executed
call   101 never executed
call   102 never executed
branch 103 never executed
branch 104 never executed
branch 105 never executed
branch 106 never executed
call   107 never executed
call   108 never executed
call   109 never executed
call   110 never executed
call   111 never executed
        -:  146:			      || __x.base() == _Iterator(),
        -:  147:			      _M_message(__msg_init_copy_singular)
        -:  148:			      ._M_iterator(*this, "this")
        -:  149:			      ._M_iterator(__x, "other"));
    #####:  150:	_M_attach(__x._M_sequence);
call    0 never executed
call    1 never executed
call    2 never executed
call    3 never executed
call    4 never executed
call    5 never executed
call    6 never executed
call    7 never executed
    #####:  151:      }
        -:  152:
        -:  153:#if __cplusplus >= 201103L
        -:  154:      /**
        -:  155:       * @brief Move construction.
        -:  156:       * @post __x is singular and unattached
        -:  157:       */
function _ZN11__gnu_debug14_Safe_iteratorISt23_Rb_tree_const_iteratorIjENSt7__debug3setIjSt4lessIjESaIjEEEEC2EOS9_ called 0 returned 0% blocks executed 0%
function _ZN11__gnu_debug14_Safe_iteratorISt23_Rb_tree_const_iteratorIPK5ScopeENSt7__debug3setIS4_St4lessIS4_ESaIS4_EEEEC2EOSC_ called 0 returned 0% blocks executed 0%
function _ZN11__gnu_debug14_Safe_iteratorIN9__gnu_cxx17__normal_iteratorIPPK8VariableNSt9__cxx19986vectorIS5_SaIS5_EEEEENSt7__debug6vectorIS5_S9_EEEC2EOSF_ called 0 returned 0% blocks executed 0%
function _ZN11__gnu_debug14_Safe_iteratorINSt9__cxx199820_List_const_iteratorI8VariableEENSt7__debug4listIS3_SaIS3_EEEEC2EOS9_ called 0 returned 0% blocks executed 0%
function _ZN11__gnu_debug14_Safe_iteratorISt23_Rb_tree_const_iteratorIiENSt7__debug3setIiSt4lessIiESaIiEEEEC2EOS9_ called 0 returned 0% blocks executed 0%
function _ZN11__gnu_debug14_Safe_iteratorINSt9__cxx199820_List_const_iteratorIN9ValueFlow5ValueEEENSt7__debug4listIS4_SaIS4_EEEEC2EOSA_ called 0 returned 0% blocks executed 0%
function _ZN11__gnu_debug14_Safe_iteratorINSt9__cxx199814_List_iteratorIN9ValueFlow5ValueEEENSt7__debug4listIS4_SaIS4_EEEEC2EOSA_ called 0 returned 0% blocks executed 0%
function _ZN11__gnu_debug14_Safe_iteratorIN9__gnu_cxx17__normal_iteratorIP13LifetimeTokenNSt9__cxx19986vectorIS3_SaIS3_EEEEENSt7__debug6vectorIS3_S7_EEEC2EOSD_ called 0 returned 0% blocks executed 0%
    #####:  158:      _Safe_iterator(_Safe_iterator&& __x) noexcept
    #####:  159:      : _Iter_base()
call    0 never executed
call    1 never executed
call    2 never executed
call    3 never executed
call    4 never executed
call    5 never executed
call    6 never executed
call    7 never executed
call    8 never executed
call    9 never executed
call   10 never executed
call   11 never executed
call   12 never executed
call   13 never executed
call   14 never executed
call   15 never executed
        -:  160:      {
    #####:  161:	_GLIBCXX_DEBUG_VERIFY(!__x._M_singular()
branch  0 never executed
branch  1 never executed
call    2 never executed
call    3 never executed
call    4 never executed
branch  5 never executed
branch  6 never executed
branch  7 never executed
branch  8 never executed
call    9 never executed
call   10 never executed
call   11 never executed
call   12 never executed
call   13 never executed
branch 14 never executed
branch 15 never executed
call   16 never executed
call   17 never executed
call   18 never executed
branch 19 never executed
branch 20 never executed
branch 21 never executed
branch 22 never executed
call   23 never executed
call   24 never executed
call   25 never executed
call   26 never executed
call   27 never executed
branch 28 never executed
branch 29 never executed
call   30 never executed
call   31 never executed
call   32 never executed
branch 33 never executed
branch 34 never executed
branch 35 never executed
branch 36 never executed
call   37 never executed
call   38 never executed
call   39 never executed
call   40 never executed
call   41 never executed
branch 42 never executed
branch 43 never executed
call   44 never executed
call   45 never executed
call   46 never executed
branch 47 never executed
branch 48 never executed
branch 49 never executed
branch 50 never executed
call   51 never executed
call   52 never executed
call   53 never executed
call   54 never executed
call   55 never executed
branch 56 never executed
branch 57 never executed
call   58 never executed
call   59 never executed
call   60 never executed
branch 61 never executed
branch 62 never executed
branch 63 never executed
branch 64 never executed
call   65 never executed
call   66 never executed
call   67 never executed
call   68 never executed
call   69 never executed
branch 70 never executed
branch 71 never executed
call   72 never executed
call   73 never executed
call   74 never executed
branch 75 never executed
branch 76 never executed
branch 77 never executed
branch 78 never executed
call   79 never executed
call   80 never executed
call   81 never executed
call   82 never executed
call   83 never executed
branch 84 never executed
branch 85 never executed
call   86 never executed
call   87 never executed
call   88 never executed
branch 89 never executed
branch 90 never executed
branch 91 never executed
branch 92 never executed
call   93 never executed
call   94 never executed
call   95 never executed
call   96 never executed
call   97 never executed
branch 98 never executed
branch 99 never executed
call   100 never executed
call   101 never executed
call   102 never executed
branch 103 never executed
branch 104 never executed
branch 105 never executed
branch 106 never executed
call   107 never executed
call   108 never executed
call   109 never executed
call   110 never executed
call   111 never executed
        -:  162:			      || __x.base() == _Iterator(),
        -:  163:			      _M_message(__msg_init_copy_singular)
        -:  164:			      ._M_iterator(*this, "this")
        -:  165:			      ._M_iterator(__x, "other"));
    #####:  166:	_Safe_sequence_base* __seq = __x._M_sequence;
    #####:  167:	__x._M_detach();
call    0 never executed
call    1 never executed
call    2 never executed
call    3 never executed
call    4 never executed
call    5 never executed
call    6 never executed
call    7 never executed
    #####:  168:	std::swap(base(), __x.base());
call    0 never executed
call    1 never executed
call    2 never executed
call    3 never executed
call    4 never executed
call    5 never executed
call    6 never executed
call    7 never executed
call    8 never executed
call    9 never executed
call   10 never executed
call   11 never executed
call   12 never executed
call   13 never executed
call   14 never executed
call   15 never executed
call   16 never executed
call   17 never executed
call   18 never executed
call   19 never executed
call   20 never executed
call   21 never executed
call   22 never executed
call   23 never executed
    #####:  169:	_M_attach(__seq);
call    0 never executed
call    1 never executed
call    2 never executed
call    3 never executed
call    4 never executed
call    5 never executed
call    6 never executed
call    7 never executed
    #####:  170:      }
        -:  171:#endif
        -:  172:
        -:  173:      /**
        -:  174:       *  @brief Converting constructor from a mutable iterator to a
        -:  175:       *  constant iterator.
        -:  176:      */
        -:  177:      template<typename _MutableIterator>
function _ZN11__gnu_debug14_Safe_iteratorISt23_Rb_tree_const_iteratorISt4pairIKiN9ValueFlow5ValueEEENSt7__debug3mapIiS5_St4lessIiESaIS6_EEEEC2ISt17_Rb_tree_iteratorIS6_EEERKNS0_IT_N9__gnu_cxx11__enable_ifIXsrSt10__are_sameISI_SH_E7__valueESD_E6__typeEEE called 39 returned 100% blocks executed 44%
function _ZN11__gnu_debug14_Safe_iteratorIN9__gnu_cxx17__normal_iteratorIPK13LifetimeTokenNSt9__cxx19986vectorIS3_SaIS3_EEEEENSt7__debug6vectorIS3_S8_EEEC2INS2_IPS3_S9_EEEERKNS0_IT_NS1_11__enable_ifIXsrSt10__are_sameISI_SH_E7__valueESD_E6__typeEEE called 0 returned 0% blocks executed 0%
function _ZN11__gnu_debug14_Safe_iteratorINSt9__cxx199820_List_const_iteratorIN9ValueFlow5ValueEEENSt7__debug4listIS4_SaIS4_EEEEC2INS1_14_List_iteratorIS4_EEEERKNS0_IT_N9__gnu_cxx11__enable_ifIXsrSt10__are_sameISE_SD_E7__valueES9_E6__typeEEE called 0 returned 0% blocks executed 0%
function _ZN11__gnu_debug14_Safe_iteratorISt23_Rb_tree_const_iteratorISt4pairIKPK8VariableN9ValueFlow5ValueEEENSt7__debug3mapIS5_S8_St4lessIS5_ESaIS9_EEEEC2ISt17_Rb_tree_iteratorIS9_EEERKNS0_IT_N9__gnu_cxx11__enable_ifIXsrSt10__are_sameISL_SK_E7__valueESG_E6__typeEEE called 7458 returned 100% blocks executed 44%
function _ZN11__gnu_debug14_Safe_iteratorINSt9__cxx199820_List_const_iteratorISt4pairIPK5TokenNSt7__cxx1112basic_stringIcSt11char_traitsIcESaIcEEEEEENSt7__debug4listISD_SaISD_EEEEC2INS1_14_List_iteratorISD_EEEERKNS0_IT_N9__gnu_cxx11__enable_ifIXsrSt10__are_sameISN_SM_E7__valueESI_E6__typeEEE called 0 returned 0% blocks executed 0%
function _ZN11__gnu_debug14_Safe_iteratorISt23_Rb_tree_const_iteratorISt4pairIKiPK5TokenEENSt7__debug3mapIiS6_St4lessIiESaIS7_EEEEC2ISt17_Rb_tree_iteratorIS7_EEERKNS0_IT_N9__gnu_cxx11__enable_ifIXsrSt10__are_sameISJ_SI_E7__valueESE_E6__typeEEE called 0 returned 0% blocks executed 0%
     7497:  178:	_Safe_iterator(
        -:  179:	  const _Safe_iterator<_MutableIterator,
        -:  180:	  typename __gnu_cxx::__enable_if<(std::__are_same<_MutableIterator,
        -:  181:		      typename _Sequence::iterator::iterator_type>::__value),
        -:  182:		   _Sequence>::__type>& __x) _GLIBCXX_NOEXCEPT
     7497:  183:	: _Iter_base(__x.base())
call    0 returned 100%
call    1 returned 100%
call    2 returned 100%
call    3 never executed
call    4 never executed
call    5 never executed
call    6 never executed
call    7 never executed
call    8 never executed
call    9 returned 100%
call   10 returned 100%
call   11 returned 100%
call   12 never executed
call   13 never executed
call   14 never executed
call   15 never executed
call   16 never executed
call   17 never executed
        -:  184:	{
        -:  185:	  // _GLIBCXX_RESOLVE_LIB_DEFECTS
        -:  186:	  // DR 408. Is vector<reverse_iterator<char*> > forbidden?
     7497:  187:	  _GLIBCXX_DEBUG_VERIFY(!__x._M_singular()
branch  0 taken 0% (fallthrough)
branch  1 taken 100%
call    2 never executed
call    3 never executed
call    4 never executed
branch  5 never executed
branch  6 never executed
branch  7 taken 0% (fallthrough)
branch  8 taken 100%
call    9 never executed
call   10 never executed
call   11 never executed
call   12 never executed
call   13 never executed
branch 14 never executed
branch 15 never executed
call   16 never executed
call   17 never executed
call   18 never executed
branch 19 never executed
branch 20 never executed
branch 21 never executed
branch 22 never executed
call   23 never executed
call   24 never executed
call   25 never executed
call   26 never executed
call   27 never executed
branch 28 never executed
branch 29 never executed
call   30 never executed
call   31 never executed
call   32 never executed
branch 33 never executed
branch 34 never executed
branch 35 never executed
branch 36 never executed
call   37 never executed
call   38 never executed
call   39 never executed
call   40 never executed
call   41 never executed
branch 42 taken 0% (fallthrough)
branch 43 taken 100%
call   44 never executed
call   45 never executed
call   46 never executed
branch 47 never executed
branch 48 never executed
branch 49 taken 0% (fallthrough)
branch 50 taken 100%
call   51 never executed
call   52 never executed
call   53 never executed
call   54 never executed
call   55 never executed
branch 56 never executed
branch 57 never executed
call   58 never executed
call   59 never executed
call   60 never executed
branch 61 never executed
branch 62 never executed
branch 63 never executed
branch 64 never executed
call   65 never executed
call   66 never executed
call   67 never executed
call   68 never executed
call   69 never executed
branch 70 never executed
branch 71 never executed
call   72 never executed
call   73 never executed
call   74 never executed
branch 75 never executed
branch 76 never executed
branch 77 never executed
branch 78 never executed
call   79 never executed
call   80 never executed
call   81 never executed
call   82 never executed
call   83 never executed
        -:  188:				|| __x.base() == _Iterator(),
        -:  189:				_M_message(__msg_init_const_singular)
        -:  190:				._M_iterator(*this, "this")
        -:  191:				._M_iterator(__x, "other"));
     7497:  192:	  _M_attach(__x._M_sequence);
call    0 returned 100%
call    1 never executed
call    2 never executed
call    3 returned 100%
call    4 never executed
call    5 never executed
     7497:  193:	}
        -:  194:
        -:  195:      /**
        -:  196:       * @brief Copy assignment.
        -:  197:       */
        -:  198:      _Safe_iterator&
        -:  199:      operator=(const _Safe_iterator& __x) _GLIBCXX_NOEXCEPT
        -:  200:      {
        -:  201:	// _GLIBCXX_RESOLVE_LIB_DEFECTS
        -:  202:	// DR 408. Is vector<reverse_iterator<char*> > forbidden?
        -:  203:	_GLIBCXX_DEBUG_VERIFY(!__x._M_singular()
        -:  204:			      || __x.base() == _Iterator(),
        -:  205:			      _M_message(__msg_copy_singular)
        -:  206:			      ._M_iterator(*this, "this")
        -:  207:			      ._M_iterator(__x, "other"));
        -:  208:
        -:  209:	if (this->_M_sequence && this->_M_sequence == __x._M_sequence)
        -:  210:	  {
        -:  211:	    __gnu_cxx::__scoped_lock __l(this->_M_get_mutex());
        -:  212:	    base() = __x.base();
        -:  213:	    _M_version = __x._M_sequence->_M_version;
        -:  214:	  }
        -:  215:	else
        -:  216:	  {
        -:  217:	    _M_detach();
        -:  218:	    base() = __x.base();
        -:  219:	    _M_attach(__x._M_sequence);
        -:  220:	  }
        -:  221:
        -:  222:	return *this;
        -:  223:      }
        -:  224:
        -:  225:#if __cplusplus >= 201103L
        -:  226:      /**
        -:  227:       * @brief Move assignment.
        -:  228:       * @post __x is singular and unattached
        -:  229:       */
        -:  230:      _Safe_iterator&
function _ZN11__gnu_debug14_Safe_iteratorISt23_Rb_tree_const_iteratorIiENSt7__debug3setIiSt4lessIiESaIiEEEEaSEOS9_ called 0 returned 0% blocks executed 0%
function _ZN11__gnu_debug14_Safe_iteratorISt23_Rb_tree_const_iteratorISt4pairIKiN9ValueFlow5ValueEEENSt7__debug3mapIiS5_St4lessIiESaIS6_EEEEaSEOSE_ called 39 returned 100% blocks executed 43%
function _ZN11__gnu_debug14_Safe_iteratorINSt9__cxx199814_List_iteratorIN9ValueFlow5ValueEEENSt7__debug4listIS4_SaIS4_EEEEaSEOSA_ called 0 returned 0% blocks executed 0%
       39:  231:      operator=(_Safe_iterator&& __x) noexcept
        -:  232:      {
       39:  233:	_GLIBCXX_DEBUG_VERIFY(this != &__x,
branch  0 never executed
branch  1 never executed
call    2 never executed
call    3 never executed
call    4 never executed
call    5 never executed
branch  6 taken 0% (fallthrough)
branch  7 taken 100%
call    8 never executed
call    9 never executed
call   10 never executed
call   11 never executed
branch 12 never executed
branch 13 never executed
call   14 never executed
call   15 never executed
call   16 never executed
call   17 never executed
        -:  234:			      _M_message(__msg_self_move_assign)
        -:  235:			      ._M_iterator(*this, "this"));
       39:  236:	_GLIBCXX_DEBUG_VERIFY(!__x._M_singular()
branch  0 never executed
branch  1 never executed
call    2 never executed
call    3 never executed
call    4 never executed
branch  5 never executed
branch  6 never executed
branch  7 never executed
branch  8 never executed
call    9 never executed
call   10 never executed
call   11 never executed
call   12 never executed
call   13 never executed
branch 14 taken 0% (fallthrough)
branch 15 taken 100%
call   16 never executed
call   17 never executed
call   18 never executed
branch 19 never executed
branch 20 never executed
branch 21 taken 0% (fallthrough)
branch 22 taken 100%
call   23 never executed
call   24 never executed
call   25 never executed
call   26 never executed
call   27 never executed
branch 28 never executed
branch 29 never executed
call   30 never executed
call   31 never executed
call   32 never executed
branch 33 never executed
branch 34 never executed
branch 35 never executed
branch 36 never executed
call   37 never executed
call   38 never executed
call   39 never executed
call   40 never executed
call   41 never executed
        -:  237:			      || __x.base() == _Iterator(),
        -:  238:			      _M_message(__msg_copy_singular)
        -:  239:			      ._M_iterator(*this, "this")
        -:  240:			      ._M_iterator(__x, "other"));
        -:  241:
       39:  242:	if (this->_M_sequence && this->_M_sequence == __x._M_sequence)
branch  0 never executed
branch  1 never executed
branch  2 never executed
branch  3 never executed
branch  4 taken 67% (fallthrough)
branch  5 taken 33%
branch  6 taken 0% (fallthrough)
branch  7 taken 100%
branch  8 never executed
branch  9 never executed
branch 10 never executed
branch 11 never executed
        -:  243:	  {
    #####:  244:	    __gnu_cxx::__scoped_lock __l(this->_M_get_mutex());
call    0 never executed
call    1 never executed
call    2 never executed
call    3 never executed
call    4 never executed
call    5 never executed
call    6 never executed
call    7 never executed
call    8 never executed
    #####:  245:	    base() = __x.base();
call    0 never executed
call    1 never executed
call    2 never executed
call    3 never executed
call    4 never executed
call    5 never executed
    #####:  246:	    _M_version = __x._M_sequence->_M_version;
        -:  247:	  }
        -:  248:	else
        -:  249:	  {
       39:  250:	    _M_detach();
call    0 never executed
call    1 returned 100%
call    2 never executed
       39:  251:	    base() = __x.base();
call    0 never executed
call    1 never executed
call    2 returned 100%
call    3 returned 100%
call    4 never executed
call    5 never executed
       39:  252:	    _M_attach(__x._M_sequence);
call    0 never executed
call    1 returned 100%
call    2 never executed
        -:  253:	  }
        -:  254:
       39:  255:	__x._M_detach();
call    0 never executed
call    1 returned 100%
call    2 never executed
       39:  256:	__x.base() = _Iterator();
call    0 never executed
call    1 never executed
call    2 returned 100%
call    3 returned 100%
call    4 never executed
call    5 never executed
       39:  257:	return *this;
        -:  258:      }
        -:  259:#endif
        -:  260:
        -:  261:      /**
        -:  262:       *  @brief Iterator dereference.
        -:  263:       *  @pre iterator is dereferenceable
        -:  264:       */
        -:  265:      reference
function _ZNK11__gnu_debug14_Safe_iteratorIN9__gnu_cxx17__normal_iteratorIPPK8VariableNSt9__cxx19986vectorIS5_SaIS5_EEEEENSt7__debug6vectorIS5_S9_EEEdeEv called 0 returned 0% blocks executed 0%
function _ZNK11__gnu_debug14_Safe_iteratorINSt9__cxx199820_List_const_iteratorISt4pairIPK5TokenNSt7__cxx1112basic_stringIcSt11char_traitsIcESaIcEEEEEENSt7__debug4listISD_SaISD_EEEEdeEv called 0 returned 0% blocks executed 0%
function _ZNK11__gnu_debug14_Safe_iteratorINSt9__cxx199814_List_iteratorISt4pairIPK5TokenNSt7__cxx1112basic_stringIcSt11char_traitsIcESaIcEEEEEENSt7__debug4listISD_SaISD_EEEEdeEv called 0 returned 0% blocks executed 0%
function _ZNK11__gnu_debug14_Safe_iteratorIN9__gnu_cxx17__normal_iteratorIPxNSt9__cxx19986vectorIxSaIxEEEEENSt7__debug6vectorIxS6_EEEdeEv called 0 returned 0% blocks executed 0%
function _ZNK11__gnu_debug14_Safe_iteratorIN9__gnu_cxx17__normal_iteratorIPKPK8VariableNSt9__cxx19986vectorIS5_SaIS5_EEEEENSt7__debug6vectorIS5_SA_EEEdeEv called 0 returned 0% blocks executed 0%
function _ZNK11__gnu_debug14_Safe_iteratorINSt9__cxx199820_List_const_iteratorI8VariableEENSt7__debug4listIS3_SaIS3_EEEEdeEv called 0 returned 0% blocks executed 0%
function _ZNK11__gnu_debug14_Safe_iteratorIN9__gnu_cxx17__normal_iteratorIPPK5TokenNSt9__cxx19986vectorIS5_SaIS5_EEEEENSt7__debug6vectorIS5_S9_EEEdeEv called 0 returned 0% blocks executed 0%
function _ZNK11__gnu_debug14_Safe_iteratorISt23_Rb_tree_const_iteratorIiENSt7__debug3setIiSt4lessIiESaIiEEEEdeEv called 0 returned 0% blocks executed 0%
function _ZNK11__gnu_debug14_Safe_iteratorIN9__gnu_cxx17__normal_iteratorIPN11FwdAnalysis13KnownAndTokenENSt9__cxx19986vectorIS4_SaIS4_EEEEENSt7__debug6vectorIS4_S8_EEEdeEv called 16 returned 100% blocks executed 56%
function _ZNK11__gnu_debug14_Safe_iteratorINSt9__cxx199814_List_iteratorI5ScopeEENSt7__debug4listIS3_SaIS3_EEEEdeEv called 0 returned 0% blocks executed 0%
function _ZNK11__gnu_debug14_Safe_iteratorIN9__gnu_cxx17__normal_iteratorIPSt4pairIPK5TokenPK5ScopeENSt9__cxx19986vectorISA_SaISA_EEEEENSt7__debug6vectorISA_SE_EEEdeEv called 9 returned 100% blocks executed 56%
function _ZNK11__gnu_debug14_Safe_iteratorIN9__gnu_cxx17__normal_iteratorIPPK5ScopeNSt9__cxx19986vectorIS5_SaIS5_EEEEENSt7__debug6vectorIS5_S9_EEEdeEv called 12197 returned 100% blocks executed 56%
function _ZNK11__gnu_debug14_Safe_iteratorINSt9__cxx199820_List_const_iteratorIN9ValueFlow5ValueEEENSt7__debug4listIS4_SaIS4_EEEEdeEv called 0 returned 0% blocks executed 0%
function _ZNK11__gnu_debug14_Safe_iteratorINSt8__detail14_Node_iteratorISt4pairIKiN9ValueFlow5ValueEELb0ELb0EEENSt7__debug13unordered_mapIiS6_St4hashIiESt8equal_toIiESaIS7_EEEEdeEv called 5 returned 100% blocks executed 56%
function _ZNK11__gnu_debug14_Safe_iteratorINSt9__cxx199814_List_iteratorIN9ValueFlow5ValueEEENSt7__debug4listIS4_SaIS4_EEEEdeEv called 0 returned 0% blocks executed 0%
function _ZNK11__gnu_debug14_Safe_iteratorIN9__gnu_cxx17__normal_iteratorIP13LifetimeTokenNSt9__cxx19986vectorIS3_SaIS3_EEEEENSt7__debug6vectorIS3_S7_EEEdeEv called 0 returned 0% blocks executed 0%
    12227:  266:      operator*() const _GLIBCXX_NOEXCEPT
        -:  267:      {
    12227:  268:	_GLIBCXX_DEBUG_VERIFY(this->_M_dereferenceable(),
call    0 never executed
branch  1 never executed
branch  2 never executed
call    3 never executed
call    4 never executed
call    5 never executed
call    6 never executed
call    7 never executed
branch  8 never executed
branch  9 never executed
call   10 never executed
call   11 never executed
call   12 never executed
call   13 never executed
call   14 never executed
branch 15 never executed
branch 16 never executed
call   17 never executed
call   18 never executed
call   19 never executed
call   20 never executed
call   21 never executed
branch 22 never executed
branch 23 never executed
call   24 never executed
call   25 never executed
call   26 never executed
call   27 never executed
call   28 never executed
branch 29 never executed
branch 30 never executed
call   31 never executed
call   32 never executed
call   33 never executed
call   34 never executed
call   35 never executed
branch 36 never executed
branch 37 never executed
call   38 never executed
call   39 never executed
call   40 never executed
call   41 never executed
call   42 never executed
branch 43 never executed
branch 44 never executed
call   45 never executed
call   46 never executed
call   47 never executed
call   48 never executed
call   49 never executed
branch 50 never executed
branch 51 never executed
call   52 never executed
call   53 never executed
call   54 never executed
call   55 never executed
call   56 returned 100%
branch 57 taken 0% (fallthrough)
branch 58 taken 100%
call   59 never executed
call   60 never executed
call   61 never executed
call   62 never executed
call   63 never executed
branch 64 never executed
branch 65 never executed
call   66 never executed
call   67 never executed
call   68 never executed
call   69 never executed
call   70 returned 100%
branch 71 taken 0% (fallthrough)
branch 72 taken 100%
call   73 never executed
call   74 never executed
call   75 never executed
call   76 never executed
call   77 returned 100%
branch 78 taken 0% (fallthrough)
branch 79 taken 100%
call   80 never executed
call   81 never executed
call   82 never executed
call   83 never executed
call   84 never executed
branch 85 never executed
branch 86 never executed
call   87 never executed
call   88 never executed
call   89 never executed
call   90 never executed
call   91 returned 100%
branch 92 taken 0% (fallthrough)
branch 93 taken 100%
call   94 never executed
call   95 never executed
call   96 never executed
call   97 never executed
call   98 never executed
branch 99 never executed
branch 100 never executed
call   101 never executed
call   102 never executed
call   103 never executed
call   104 never executed
call   105 never executed
branch 106 never executed
branch 107 never executed
call   108 never executed
call   109 never executed
call   110 never executed
call   111 never executed
        -:  269:			      _M_message(__msg_bad_deref)
        -:  270:			      ._M_iterator(*this, "this"));
    12227:  271:	return *base();
call    0 never executed
call    1 never executed
call    2 never executed
call    3 never executed
call    4 never executed
call    5 never executed
call    6 never executed
call    7 never executed
call    8 never executed
call    9 never executed
call   10 never executed
call   11 never executed
call   12 never executed
call   13 never executed
call   14 never executed
call   15 never executed
call   16 returned 100%
call   17 returned 100%
call   18 never executed
call   19 never executed
call   20 returned 100%
call   21 returned 100%
call   22 returned 100%
call   23 returned 100%
call   24 never executed
call   25 never executed
call   26 returned 100%
call   27 returned 100%
call   28 never executed
call   29 never executed
call   30 never executed
call   31 never executed
        -:  272:      }
        -:  273:
        -:  274:      /**
        -:  275:       *  @brief Iterator dereference.
        -:  276:       *  @pre iterator is dereferenceable
        -:  277:       */
        -:  278:      pointer
function _ZNK11__gnu_debug14_Safe_iteratorINSt9__cxx199814_List_iteratorIN9ValueFlow5ValueEEENSt7__debug4listIS4_SaIS4_EEEEptEv called 0 returned 0% blocks executed 0%
function _ZNK11__gnu_debug14_Safe_iteratorISt23_Rb_tree_const_iteratorISt4pairIKPK8VariableN9ValueFlow5ValueEEENSt7__debug3mapIS5_S8_St4lessIS5_ESaIS9_EEEEptEv called 22 returned 100% blocks executed 56%
function _ZNK11__gnu_debug14_Safe_iteratorINSt9__cxx199820_List_const_iteratorIN9ValueFlow5ValueEEENSt7__debug4listIS4_SaIS4_EEEEptEv called 0 returned 0% blocks executed 0%
function _ZNK11__gnu_debug14_Safe_iteratorISt23_Rb_tree_const_iteratorISt4pairIKiPK5TokenEENSt7__debug3mapIiS6_St4lessIiESaIS7_EEEEptEv called 0 returned 0% blocks executed 0%
function _ZNK11__gnu_debug14_Safe_iteratorISt23_Rb_tree_const_iteratorISt4pairIKiN9ValueFlow5ValueEEENSt7__debug3mapIiS5_St4lessIiESaIS6_EEEEptEv called 599 returned 100% blocks executed 56%
function _ZNK11__gnu_debug14_Safe_iteratorISt23_Rb_tree_const_iteratorISt4pairIKNSt7__cxx1112basic_stringIcSt11char_traitsIcESaIcEEEN7Library9Container8FunctionEEENSt7__debug3mapIS8_SC_St4lessIS8_ESaISD_EEEEptEv called 0 returned 0% blocks executed 0%
      621:  279:      operator->() const _GLIBCXX_NOEXCEPT
        -:  280:      {
      621:  281:	_GLIBCXX_DEBUG_VERIFY(this->_M_dereferenceable(),
call    0 never executed
branch  1 never executed
branch  2 never executed
call    3 never executed
call    4 never executed
call    5 never executed
call    6 never executed
call    7 returned 100%
branch  8 taken 0% (fallthrough)
branch  9 taken 100%
call   10 never executed
call   11 never executed
call   12 never executed
call   13 never executed
call   14 never executed
branch 15 never executed
branch 16 never executed
call   17 never executed
call   18 never executed
call   19 never executed
call   20 never executed
call   21 never executed
branch 22 never executed
branch 23 never executed
call   24 never executed
call   25 never executed
call   26 never executed
call   27 never executed
call   28 returned 100%
branch 29 taken 0% (fallthrough)
branch 30 taken 100%
call   31 never executed
call   32 never executed
call   33 never executed
call   34 never executed
call   35 never executed
branch 36 never executed
branch 37 never executed
call   38 never executed
call   39 never executed
call   40 never executed
call   41 never executed
        -:  282:			      _M_message(__msg_bad_deref)
        -:  283:			      ._M_iterator(*this, "this"));
      621:  284:	return base().operator->();
call    0 never executed
call    1 never executed
call    2 returned 100%
call    3 returned 100%
call    4 never executed
call    5 never executed
call    6 never executed
call    7 never executed
call    8 returned 100%
call    9 returned 100%
call   10 never executed
call   11 never executed
        -:  285:      }
        -:  286:
        -:  287:      // ------ Input iterator requirements ------
        -:  288:      /**
        -:  289:       *  @brief Iterator preincrement
        -:  290:       *  @pre iterator is incrementable
        -:  291:       */
        -:  292:      _Safe_iterator&
function _ZN11__gnu_debug14_Safe_iteratorIN9__gnu_cxx17__normal_iteratorIPPK8VariableNSt9__cxx19986vectorIS5_SaIS5_EEEEENSt7__debug6vectorIS5_S9_EEEppEv called 0 returned 0% blocks executed 0%
function _ZN11__gnu_debug14_Safe_iteratorINSt9__cxx199820_List_const_iteratorISt4pairIPK5TokenNSt7__cxx1112basic_stringIcSt11char_traitsIcESaIcEEEEEENSt7__debug4listISD_SaISD_EEEEppEv called 0 returned 0% blocks executed 0%
function _ZN11__gnu_debug14_Safe_iteratorINSt9__cxx199814_List_iteratorISt4pairIPK5TokenNSt7__cxx1112basic_stringIcSt11char_traitsIcESaIcEEEEEENSt7__debug4listISD_SaISD_EEEEppEv called 0 returned 0% blocks executed 0%
function _ZN11__gnu_debug14_Safe_iteratorIN9__gnu_cxx17__normal_iteratorIPxNSt9__cxx19986vectorIxSaIxEEEEENSt7__debug6vectorIxS6_EEEppEv called 0 returned 0% blocks executed 0%
function _ZN11__gnu_debug14_Safe_iteratorIN9__gnu_cxx17__normal_iteratorIPKPK8VariableNSt9__cxx19986vectorIS5_SaIS5_EEEEENSt7__debug6vectorIS5_SA_EEEppEv called 0 returned 0% blocks executed 0%
function _ZN11__gnu_debug14_Safe_iteratorINSt9__cxx199820_List_const_iteratorI8VariableEENSt7__debug4listIS3_SaIS3_EEEEppEv called 0 returned 0% blocks executed 0%
function _ZN11__gnu_debug14_Safe_iteratorIN9__gnu_cxx17__normal_iteratorIPPK5TokenNSt9__cxx19986vectorIS5_SaIS5_EEEEENSt7__debug6vectorIS5_S9_EEEppEv called 0 returned 0% blocks executed 0%
function _ZN11__gnu_debug14_Safe_iteratorISt23_Rb_tree_const_iteratorIiENSt7__debug3setIiSt4lessIiESaIiEEEEppEv called 0 returned 0% blocks executed 0%
function _ZN11__gnu_debug14_Safe_iteratorIN9__gnu_cxx17__normal_iteratorIPN11FwdAnalysis13KnownAndTokenENSt9__cxx19986vectorIS4_SaIS4_EEEEENSt7__debug6vectorIS4_S8_EEEppEv called 16 returned 100% blocks executed 69%
function _ZN11__gnu_debug14_Safe_iteratorINSt9__cxx199814_List_iteratorI5ScopeEENSt7__debug4listIS3_SaIS3_EEEEppEv called 0 returned 0% blocks executed 0%
function _ZN11__gnu_debug14_Safe_iteratorIN9__gnu_cxx17__normal_iteratorIPSt4pairIPK5TokenPK5ScopeENSt9__cxx19986vectorISA_SaISA_EEEEENSt7__debug6vectorISA_SE_EEEppEv called 9 returned 100% blocks executed 69%
function _ZN11__gnu_debug14_Safe_iteratorIN9__gnu_cxx17__normal_iteratorIPPK5ScopeNSt9__cxx19986vectorIS5_SaIS5_EEEEENSt7__debug6vectorIS5_S9_EEEppEv called 11881 returned 100% blocks executed 69%
function _ZN11__gnu_debug14_Safe_iteratorINSt9__cxx199820_List_const_iteratorIN9ValueFlow5ValueEEENSt7__debug4listIS4_SaIS4_EEEEppEv called 0 returned 0% blocks executed 0%
function _ZN11__gnu_debug14_Safe_iteratorINSt8__detail14_Node_iteratorISt4pairIKiN9ValueFlow5ValueEELb0ELb0EEENSt7__debug13unordered_mapIiS6_St4hashIiESt8equal_toIiESaIS7_EEEEppEv called 5 returned 100% blocks executed 69%
function _ZN11__gnu_debug14_Safe_iteratorISt23_Rb_tree_const_iteratorISt4pairIKiN9ValueFlow5ValueEEENSt7__debug3mapIiS5_St4lessIiESaIS6_EEEEppEv called 15 returned 100% blocks executed 69%
function _ZN11__gnu_debug14_Safe_iteratorINSt9__cxx199814_List_iteratorIN9ValueFlow5ValueEEENSt7__debug4listIS4_SaIS4_EEEEppEv called 0 returned 0% blocks executed 0%
function _ZN11__gnu_debug14_Safe_iteratorIN9__gnu_cxx17__normal_iteratorIP13LifetimeTokenNSt9__cxx19986vectorIS3_SaIS3_EEEEENSt7__debug6vectorIS3_S7_EEEppEv called 0 returned 0% blocks executed 0%
    11926:  293:      operator++() _GLIBCXX_NOEXCEPT
        -:  294:      {
    11926:  295:	_GLIBCXX_DEBUG_VERIFY(this->_M_incrementable(),
call    0 never executed
branch  1 never executed
branch  2 never executed
call    3 never executed
call    4 never executed
call    5 never executed
call    6 never executed
call    7 never executed
branch  8 never executed
branch  9 never executed
call   10 never executed
call   11 never executed
call   12 never executed
call   13 never executed
call   14 never executed
branch 15 never executed
branch 16 never executed
call   17 never executed
call   18 never executed
call   19 never executed
call   20 never executed
call   21 never executed
branch 22 never executed
branch 23 never executed
call   24 never executed
call   25 never executed
call   26 never executed
call   27 never executed
call   28 never executed
branch 29 never executed
branch 30 never executed
call   31 never executed
call   32 never executed
call   33 never executed
call   34 never executed
call   35 never executed
branch 36 never executed
branch 37 never executed
call   38 never executed
call   39 never executed
call   40 never executed
call   41 never executed
call   42 never executed
branch 43 never executed
branch 44 never executed
call   45 never executed
call   46 never executed
call   47 never executed
call   48 never executed
call   49 never executed
branch 50 never executed
branch 51 never executed
call   52 never executed
call   53 never executed
call   54 never executed
call   55 never executed
call   56 returned 100%
branch 57 taken 0% (fallthrough)
branch 58 taken 100%
call   59 never executed
call   60 never executed
call   61 never executed
call   62 never executed
call   63 never executed
branch 64 never executed
branch 65 never executed
call   66 never executed
call   67 never executed
call   68 never executed
call   69 never executed
call   70 returned 100%
branch 71 taken 0% (fallthrough)
branch 72 taken 100%
call   73 never executed
call   74 never executed
call   75 never executed
call   76 never executed
call   77 returned 100%
branch 78 taken 0% (fallthrough)
branch 79 taken 100%
call   80 never executed
call   81 never executed
call   82 never executed
call   83 never executed
call   84 never executed
branch 85 never executed
branch 86 never executed
call   87 never executed
call   88 never executed
call   89 never executed
call   90 never executed
call   91 returned 100%
branch 92 taken 0% (fallthrough)
branch 93 taken 100%
call   94 never executed
call   95 never executed
call   96 never executed
call   97 never executed
call   98 returned 100%
branch 99 taken 0% (fallthrough)
branch 100 taken 100%
call   101 never executed
call   102 never executed
call   103 never executed
call   104 never executed
call   105 never executed
branch 106 never executed
branch 107 never executed
call   108 never executed
call   109 never executed
call   110 never executed
call   111 never executed
call   112 never executed
branch 113 never executed
branch 114 never executed
call   115 never executed
call   116 never executed
call   117 never executed
call   118 never executed
        -:  296:			      _M_message(__msg_bad_inc)
        -:  297:			      ._M_iterator(*this, "this"));
    23852:  298:	__gnu_cxx::__scoped_lock __l(this->_M_get_mutex());
call    0 never executed
call    1 never executed
call    2 never executed
call    3 never executed
call    4 never executed
call    5 never executed
call    6 never executed
call    7 never executed
call    8 never executed
call    9 never executed
call   10 never executed
call   11 never executed
call   12 never executed
call   13 never executed
call   14 never executed
call   15 never executed
call   16 never executed
call   17 never executed
call   18 never executed
call   19 never executed
call   20 never executed
call   21 never executed
call   22 never executed
call   23 never executed
call   24 returned 100%
call   25 returned 100%
call   26 returned 100%
call   27 never executed
call   28 never executed
call   29 never executed
call   30 returned 100%
call   31 returned 100%
call   32 returned 100%
call   33 returned 100%
call   34 returned 100%
call   35 returned 100%
call   36 never executed
call   37 never executed
call   38 never executed
call   39 returned 100%
call   40 returned 100%
call   41 returned 100%
call   42 returned 100%
call   43 returned 100%
call   44 returned 100%
call   45 never executed
call   46 never executed
call   47 never executed
call   48 never executed
call   49 never executed
call   50 never executed
    11926:  299:	++base();
call    0 never executed
call    1 never executed
call    2 never executed
call    3 never executed
call    4 never executed
call    5 never executed
call    6 never executed
call    7 never executed
call    8 never executed
call    9 never executed
call   10 never executed
call   11 never executed
call   12 never executed
call   13 never executed
call   14 never executed
call   15 never executed
call   16 returned 100%
call   17 returned 100%
call   18 never executed
call   19 never executed
call   20 returned 100%
call   21 returned 100%
call   22 returned 100%
call   23 returned 100%
call   24 never executed
call   25 never executed
call   26 returned 100%
call   27 returned 100%
call   28 returned 100%
call   29 returned 100%
call   30 never executed
call   31 never executed
call   32 never executed
call   33 never executed
[...]
branch 27 never executed
call   28 never executed
call   29 never executed
        -:  780:	}
        -:  781:
     1533:  782:      if (__first._M_is_begin())
call    0 returned 100%
branch  1 taken 100% (fallthrough)
branch  2 taken 0%
call    3 never executed
branch  4 never executed
branch  5 never executed
call    6 never executed
branch  7 never executed
branch  8 never executed
call    9 never executed
branch 10 never executed
branch 11 never executed
call   12 never executed
branch 13 never executed
branch 14 never executed
call   15 never executed
branch 16 never executed
branch 17 never executed
        -:  783:	{
     1533:  784:	  if (__last._M_is_before_begin())
call    0 returned 100%
branch  1 taken 0% (fallthrough)
branch  2 taken 100%
call    3 never executed
branch  4 never executed
branch  5 never executed
call    6 never executed
branch  7 never executed
branch  8 never executed
call    9 never executed
branch 10 never executed
branch 11 never executed
call   12 never executed
branch 13 never executed
branch 14 never executed
call   15 never executed
branch 16 never executed
branch 17 never executed
    #####:  785:	    return std::make_pair(-1, __dp_exact);
call    0 never executed
branch  1 never executed
branch  2 never executed
call    3 never executed
call    4 never executed
call    5 never executed
branch  6 never executed
branch  7 never executed
call    8 never executed
call    9 never executed
call   10 never executed
branch 11 never executed
branch 12 never executed
call   13 never executed
call   14 never executed
call   15 never executed
branch 16 never executed
branch 17 never executed
call   18 never executed
call   19 never executed
call   20 never executed
branch 21 never executed
branch 22 never executed
call   23 never executed
call   24 never executed
call   25 never executed
branch 26 never executed
branch 27 never executed
call   28 never executed
call   29 never executed
        -:  786:
     1533:  787:	  if (__last._M_is_end())
call    0 returned 100%
branch  1 taken 100% (fallthrough)
branch  2 taken 0%
call    3 never executed
branch  4 never executed
branch  5 never executed
call    6 never executed
branch  7 never executed
branch  8 never executed
call    9 never executed
branch 10 never executed
branch 11 never executed
call   12 never executed
branch 13 never executed
branch 14 never executed
call   15 never executed
branch 16 never executed
branch 17 never executed
     1533:  788:	    return _SeqTraits::_S_size(*__first._M_get_sequence());
call    0 returned 100%
call    1 returned 100%
call    2 never executed
call    3 never executed
call    4 never executed
call    5 never executed
call    6 never executed
call    7 never executed
call    8 never executed
call    9 never executed
call   10 never executed
call   11 never executed
        -:  789:
    #####:  790:	  return std::make_pair(1, __dp_sign);
call    0 never executed
branch  1 never executed
branch  2 never executed
call    3 never executed
call    4 never executed
call    5 never executed
branch  6 never executed
branch  7 never executed
call    8 never executed
call    9 never executed
call   10 never executed
branch 11 never executed
branch 12 never executed
call   13 never executed
call   14 never executed
call   15 never executed
branch 16 never executed
branch 17 never executed
call   18 never executed
call   19 never executed
call   20 never executed
branch 21 never executed
branch 22 never executed
call   23 never executed
call   24 never executed
call   25 never executed
branch 26 never executed
branch 27 never executed
call   28 never executed
call   29 never executed
        -:  791:	}
        -:  792:
    #####:  793:      if (__first._M_is_end())
call    0 never executed
branch  1 never executed
branch  2 never executed
call    3 never executed
branch  4 never executed
branch  5 never executed
call    6 never executed
branch  7 never executed
branch  8 never executed
call    9 never executed
branch 10 never executed
branch 11 never executed
call   12 never executed
branch 13 never executed
branch 14 never executed
call   15 never executed
branch 16 never executed
branch 17 never executed
        -:  794:	{
    #####:  795:	  if (__last._M_is_before_begin())
call    0 never executed
branch  1 never executed
branch  2 never executed
call    3 never executed
branch  4 never executed
branch  5 never executed
call    6 never executed
branch  7 never executed
branch  8 never executed
call    9 never executed
branch 10 never executed
branch 11 never executed
call   12 never executed
branch 13 never executed
branch 14 never executed
call   15 never executed
branch 16 never executed
branch 17 never executed
    #####:  796:	    return std::make_pair(-1, __dp_exact);
call    0 never executed
branch  1 never executed
branch  2 never executed
call    3 never executed
call    4 never executed
call    5 never executed
branch  6 never executed
branch  7 never executed
call    8 never executed
call    9 never executed
call   10 never executed
branch 11 never executed
branch 12 never executed
call   13 never executed
call   14 never executed
call   15 never executed
branch 16 never executed
branch 17 never executed
call   18 never executed
call   19 never executed
call   20 never executed
branch 21 never executed
branch 22 never executed
call   23 never executed
call   24 never executed
call   25 never executed
branch 26 never executed
branch 27 never executed
call   28 never executed
call   29 never executed
        -:  797:
    #####:  798:	  if (__last._M_is_begin())
call    0 never executed
branch  1 never executed
branch  2 never executed
call    3 never executed
branch  4 never executed
branch  5 never executed
call    6 never executed
branch  7 never executed
branch  8 never executed
call    9 never executed
branch 10 never executed
branch 11 never executed
call   12 never executed
branch 13 never executed
branch 14 never executed
call   15 never executed
branch 16 never executed
branch 17 never executed
        -:  799:	    {
    #####:  800:	      _Diff __diff = _SeqTraits::_S_size(*__first._M_get_sequence());
call    0 never executed
call    1 never executed
branch  2 never executed
branch  3 never executed
call    4 never executed
call    5 never executed
branch  6 never executed
branch  7 never executed
call    8 never executed
call    9 never executed
branch 10 never executed
branch 11 never executed
call   12 never executed
call   13 never executed
branch 14 never executed
branch 15 never executed
call   16 never executed
call   17 never executed
branch 18 never executed
branch 19 never executed
call   20 never executed
call   21 never executed
branch 22 never executed
branch 23 never executed
    #####:  801:	      return std::make_pair(-__diff.first, __diff.second);
call    0 never executed
branch  1 never executed
branch  2 never executed
call    3 never executed
call    4 never executed
branch  5 never executed
branch  6 never executed
call    7 never executed
call    8 never executed
branch  9 never executed
branch 10 never executed
call   11 never executed
call   12 never executed
branch 13 never executed
branch 14 never executed
call   15 never executed
call   16 never executed
branch 17 never executed
branch 18 never executed
call   19 never executed
call   20 never executed
branch 21 never executed
branch 22 never executed
call   23 never executed
        -:  802:	    }
        -:  803:
    #####:  804:	  return std::make_pair(-1, __dp_sign);
call    0 never executed
branch  1 never executed
branch  2 never executed
call    3 never executed
call    4 never executed
call    5 never executed
branch  6 never executed
branch  7 never executed
call    8 never executed
call    9 never executed
call   10 never executed
branch 11 never executed
branch 12 never executed
call   13 never executed
call   14 never executed
call   15 never executed
branch 16 never executed
branch 17 never executed
call   18 never executed
call   19 never executed
call   20 never executed
branch 21 never executed
branch 22 never executed
call   23 never executed
call   24 never executed
call   25 never executed
branch 26 never executed
branch 27 never executed
call   28 never executed
call   29 never executed
        -:  805:	}
        -:  806:
    #####:  807:      if (__last._M_is_before_begin() || __last._M_is_begin())
call    0 never executed
branch  1 never executed
branch  2 never executed
call    3 never executed
branch  4 never executed
branch  5 never executed
branch  6 never executed
branch  7 never executed
call    8 never executed
branch  9 never executed
branch 10 never executed
call   11 never executed
branch 12 never executed
branch 13 never executed
branch 14 never executed
branch 15 never executed
call   16 never executed
branch 17 never executed
branch 18 never executed
call   19 never executed
branch 20 never executed
branch 21 never executed
branch 22 never executed
branch 23 never executed
call   24 never executed
branch 25 never executed
branch 26 never executed
call   27 never executed
branch 28 never executed
branch 29 never executed
branch 30 never executed
branch 31 never executed
call   32 never executed
branch 33 never executed
branch 34 never executed
call   35 never executed
branch 36 never executed
branch 37 never executed
branch 38 never executed
branch 39 never executed
call   40 never executed
branch 41 never executed
branch 42 never executed
call   43 never executed
branch 44 never executed
branch 45 never executed
branch 46 never executed
branch 47 never executed
    #####:  808:	return std::make_pair(-1, __dp_sign);
call    0 never executed
branch  1 never executed
branch  2 never executed
call    3 never executed
call    4 never executed
call    5 never executed
branch  6 never executed
branch  7 never executed
call    8 never executed
call    9 never executed
call   10 never executed
branch 11 never executed
branch 12 never executed
call   13 never executed
call   14 never executed
call   15 never executed
branch 16 never executed
branch 17 never executed
call   18 never executed
call   19 never executed
call   20 never executed
branch 21 never executed
branch 22 never executed
call   23 never executed
call   24 never executed
call   25 never executed
branch 26 never executed
branch 27 never executed
call   28 never executed
call   29 never executed
        -:  809:
    #####:  810:      if (__last._M_is_end())
call    0 never executed
branch  1 never executed
branch  2 never executed
call    3 never executed
branch  4 never executed
branch  5 never executed
call    6 never executed
branch  7 never executed
branch  8 never executed
call    9 never executed
branch 10 never executed
branch 11 never executed
call   12 never executed
branch 13 never executed
branch 14 never executed
call   15 never executed
branch 16 never executed
branch 17 never executed
    #####:  811:	return std::make_pair(1, __dp_sign);
call    0 never executed
branch  1 never executed
branch  2 never executed
call    3 never executed
call    4 never executed
call    5 never executed
branch  6 never executed
branch  7 never executed
call    8 never executed
call    9 never executed
call   10 never executed
branch 11 never executed
branch 12 never executed
call   13 never executed
call   14 never executed
call   15 never executed
branch 16 never executed
branch 17 never executed
call   18 never executed
call   19 never executed
call   20 never executed
branch 21 never executed
branch 22 never executed
call   23 never executed
call   24 never executed
call   25 never executed
branch 26 never executed
branch 27 never executed
call   28 never executed
call   29 never executed
        -:  812:
    #####:  813:      return std::make_pair(1, __dp_equality);
call    0 never executed
branch  1 never executed
branch  2 never executed
call    3 never executed
call    4 never executed
branch  5 never executed
branch  6 never executed
call    7 never executed
call    8 never executed
branch  9 never executed
branch 10 never executed
call   11 never executed
call   12 never executed
branch 13 never executed
branch 14 never executed
call   15 never executed
call   16 never executed
branch 17 never executed
branch 18 never executed
call   19 never executed
call   20 never executed
branch 21 never executed
branch 22 never executed
call   23 never executed
        -:  814:    }
        -:  815:
        -:  816:  // Get distance from sequence begin to specified iterator.
        -:  817:  template<typename _Iterator, typename _Sequence>
        -:  818:    inline typename _Distance_traits<_Iterator>::__type
function _ZN11__gnu_debug25__get_distance_from_beginIN9__gnu_cxx17__normal_iteratorIP13LifetimeTokenNSt9__cxx19986vectorIS3_SaIS3_EEEEENSt7__debug6vectorIS3_S7_EEEENS_16_Distance_traitsIT_NSt12__is_integerISE_E6__typeEE6__typeERKNS_14_Safe_iteratorISE_T0_EE called 0 returned 0% blocks executed 0%
    #####:  819:    __get_distance_from_begin(const _Safe_iterator<_Iterator, _Sequence>& __it)
        -:  820:    {
        -:  821:      typedef _Sequence_traits<_Sequence> _SeqTraits;
        -:  822:
        -:  823:      // No need to consider before_begin as this function is only used in
        -:  824:      // _M_can_advance which won't be used for forward_list iterators.
    #####:  825:      if (__it._M_is_begin())
call    0 never executed
branch  1 never executed
branch  2 never executed
    #####:  826:	return std::make_pair(0, __dp_exact);
call    0 never executed
branch  1 never executed
branch  2 never executed
call    3 never executed
        -:  827:
    #####:  828:      if (__it._M_is_end())
call    0 never executed
branch  1 never executed
branch  2 never executed
branch  3 never executed
branch  4 never executed
    #####:  829:	return _SeqTraits::_S_size(*__it._M_get_sequence());
call    0 never executed
call    1 never executed
branch  2 never executed
branch  3 never executed
        -:  830:
    #####:  831:      typename _Distance_traits<_Iterator>::__type __res
call    0 never executed
branch  1 never executed
branch  2 never executed
    #####:  832:	= __get_distance(__it._M_get_sequence()->_M_base().begin(), __it.base());
call    0 never executed
call    1 never executed
call    2 never executed
call    3 never executed
        -:  833:
    #####:  834:      if (__res.second == __dp_equality)
branch  0 never executed
branch  1 never executed
    #####:  835:	return std::make_pair(1, __dp_sign);
call    0 never executed
branch  1 never executed
branch  2 never executed
call    3 never executed
        -:  836:
    #####:  837:      return __res;
        -:  838:    }
        -:  839:
        -:  840:  // Get distance from specified iterator to sequence end.
        -:  841:  template<typename _Iterator, typename _Sequence>
        -:  842:    inline typename _Distance_traits<_Iterator>::__type
function _ZN11__gnu_debug21__get_distance_to_endIN9__gnu_cxx17__normal_iteratorIP13LifetimeTokenNSt9__cxx19986vectorIS3_SaIS3_EEEEENSt7__debug6vectorIS3_S7_EEEENS_16_Distance_traitsIT_NSt12__is_integerISE_E6__typeEE6__typeERKNS_14_Safe_iteratorISE_T0_EE called 0 returned 0% blocks executed 0%
    #####:  843:    __get_distance_to_end(const _Safe_iterator<_Iterator, _Sequence>& __it)
        -:  844:    {
        -:  845:      typedef _Sequence_traits<_Sequence> _SeqTraits;
        -:  846:
        -:  847:      // No need to consider before_begin as this function is only used in
        -:  848:      // _M_can_advance which won't be used for forward_list iterators.
    #####:  849:      if (__it._M_is_begin())
call    0 never executed
branch  1 never executed
branch  2 never executed
    #####:  850:	return _SeqTraits::_S_size(*__it._M_get_sequence());
call    0 never executed
call    1 never executed
branch  2 never executed
branch  3 never executed
        -:  851:
    #####:  852:      if (__it._M_is_end())
call    0 never executed
branch  1 never executed
branch  2 never executed
branch  3 never executed
branch  4 never executed
    #####:  853:	return std::make_pair(0, __dp_exact);
call    0 never executed
branch  1 never executed
branch  2 never executed
call    3 never executed
        -:  854:
    #####:  855:      typename _Distance_traits<_Iterator>::__type __res
call    0 never executed
branch  1 never executed
branch  2 never executed
    #####:  856:	= __get_distance(__it.base(), __it._M_get_sequence()->_M_base().end());
call    0 never executed
call    1 never executed
call    2 never executed
call    3 never executed
        -:  857:
    #####:  858:      if (__res.second == __dp_equality)
branch  0 never executed
branch  1 never executed
    #####:  859:	return std::make_pair(1, __dp_sign);
call    0 never executed
branch  1 never executed
branch  2 never executed
call    3 never executed
        -:  860:
    #####:  861:      return __res;
        -:  862:    }
        -:  863:
        -:  864:#if __cplusplus < 201103L
        -:  865:  template<typename _Iterator, typename _Sequence>
        -:  866:    struct __is_safe_random_iterator<_Safe_iterator<_Iterator, _Sequence> >
        -:  867:    : std::__are_same<std::random_access_iterator_tag,
        -:  868:                      typename std::iterator_traits<_Iterator>::
        -:  869:		      iterator_category>
        -:  870:    { };
        -:  871:#else
        -:  872:  template<typename _Iterator, typename _Sequence>
        -:  873:    _Iterator
        -:  874:    __base(const _Safe_iterator<_Iterator, _Sequence>& __it,
        -:  875:	   std::random_access_iterator_tag)
        -:  876:    { return __it.base(); }
        -:  877:
        -:  878:  template<typename _Iterator, typename _Sequence>
        -:  879:    const _Safe_iterator<_Iterator, _Sequence>&
        -:  880:    __base(const _Safe_iterator<_Iterator, _Sequence>& __it,
        -:  881:	   std::input_iterator_tag)
        -:  882:    { return __it; }
        -:  883:
        -:  884:  template<typename _Iterator, typename _Sequence>
        -:  885:    auto
        -:  886:    __base(const _Safe_iterator<_Iterator, _Sequence>& __it)
        -:  887:    -> decltype(__base(__it, std::__iterator_category(__it)))
        -:  888:    { return __base(__it, std::__iterator_category(__it)); }
        -:  889:#endif
        -:  890:
        -:  891:#if __cplusplus < 201103L
        -:  892:  template<typename _Iterator, typename _Sequence>
        -:  893:    struct _Unsafe_type<_Safe_iterator<_Iterator, _Sequence> >
        -:  894:    { typedef _Iterator _Type; };
        -:  895:#endif
        -:  896:
        -:  897:  template<typename _Iterator, typename _Sequence>
        -:  898:    inline _Iterator
function _ZN11__gnu_debug8__unsafeINSt9__cxx199814_List_iteratorIN9ValueFlow5ValueEEENSt7__debug4listIS4_SaIS4_EEEEET_RKNS_14_Safe_iteratorISA_T0_EE called 1768 returned 100% blocks executed 100%
function _ZN11__gnu_debug8__unsafeINSt9__cxx199820_List_const_iteratorISt4pairIPK5TokenNSt7__cxx1112basic_stringIcSt11char_traitsIcESaIcEEEEEENSt7__debug4listISD_SaISD_EEEEET_RKNS_14_Safe_iteratorISJ_T0_EE called 0 returned 0% blocks executed 0%
function _ZN11__gnu_debug8__unsafeIN9__gnu_cxx17__normal_iteratorIP13LifetimeTokenNSt9__cxx19986vectorIS3_SaIS3_EEEEENSt7__debug6vectorIS3_S7_EEEET_RKNS_14_Safe_iteratorISD_T0_EE called 0 returned 0% blocks executed 0%
function _ZN11__gnu_debug8__unsafeINSt9__cxx199814_List_iteratorISt4pairIPK5TokenNSt7__cxx1112basic_stringIcSt11char_traitsIcESaIcEEEEEENSt7__debug4listISD_SaISD_EEEEET_RKNS_14_Safe_iteratorISJ_T0_EE called 0 returned 0% blocks executed 0%
     1768:  899:    __unsafe(const _Safe_iterator<_Iterator, _Sequence>& __it)
     1768:  900:    { return __it.base(); }
call    0 returned 100%
call    1 never executed
call    2 never executed
call    3 never executed
        -:  901:
        -:  902:} // namespace __gnu_debug
        -:  903:
        -:  904:#include <debug/safe_iterator.tcc>
        -:  905:
        -:  906:#endif
