        -:    0:Source:/home/workspace/lib/checkcondition.cpp
        -:    0:Graph:/home/workspace/build/lib/CMakeFiles/lib_objs.dir/checkcondition.gcno
        -:    0:Data:/home/workspace/build/lib/CMakeFiles/lib_objs.dir/checkcondition.gcda
        -:    0:Runs:1
        -:    0:Programs:1
        -:    1:/*
        -:    2: * Cppcheck - A tool for static C/C++ code analysis
        -:    3: * Copyright (C) 2007-2019 Cppcheck team.
        -:    4: *
        -:    5: * This program is free software: you can redistribute it and/or modify
        -:    6: * it under the terms of the GNU General Public License as published by
        -:    7: * the Free Software Foundation, either version 3 of the License, or
        -:    8: * (at your option) any later version.
        -:    9: *
        -:   10: * This program is distributed in the hope that it will be useful,
        -:   11: * but WITHOUT ANY WARRANTY; without even the implied warranty of
        -:   12: * MERCHANTABILITY or FITNESS FOR A PARTICULAR PURPOSE.  See the
        -:   13: * GNU General Public License for more details.
        -:   14: *
        -:   15: * You should have received a copy of the GNU General Public License
        -:   16: * along with this program.  If not, see <http://www.gnu.org/licenses/>.
        -:   17: */
        -:   18:
        -:   19://---------------------------------------------------------------------------
        -:   20:// Check for condition mismatches
        -:   21://---------------------------------------------------------------------------
        -:   22:
        -:   23:#include "checkcondition.h"
        -:   24:
        -:   25:#include "astutils.h"
        -:   26:#include "errorlogger.h"
        -:   27:#include "settings.h"
        -:   28:#include "symboldatabase.h"
        -:   29:#include "token.h"
        -:   30:#include "tokenize.h"
        -:   31:#include "valueflow.h"
        -:   32:
        -:   33:#include <algorithm>
        -:   34:#include <cstddef>
        -:   35:#include <limits>
        -:   36:#include <list>
        -:   37:#include <ostream>
        -:   38:#include <set>
        -:   39:#include <stack>
        -:   40:#include <utility>
        -:   41:
        -:   42:// CWE ids used
        1:   43:static const struct CWE CWE398(398U);   // Indicator of Poor Code Quality
call    0 returned 100%
        1:   44:static const struct CWE CWE570(570U);   // Expression is Always False
call    0 returned 100%
        1:   45:static const struct CWE CWE571(571U);   // Expression is Always True
call    0 returned 100%
        -:   46:
        -:   47://---------------------------------------------------------------------------
        -:   48:
        -:   49:// Register this check class (by creating a static instance of it)
        -:   50:namespace {
        1:   51:    CheckCondition instance;
call    0 returned 100%
call    1 returned 100%
        -:   52:}
        -:   53:
function _ZN14CheckCondition4diagEPK5Tokenb called 0 returned 0% blocks executed 0%
    #####:   54:bool CheckCondition::diag(const Token* tok, bool insert)
        -:   55:{
    #####:   56:    if (!tok)
branch  0 never executed
branch  1 never executed
    #####:   57:        return false;
    #####:   58:    if (mCondDiags.find(tok) == mCondDiags.end()) {
call    0 never executed
call    1 never executed
branch  2 never executed
branch  3 never executed
call    4 never executed
call    5 never executed
call    6 never executed
branch  7 never executed
branch  8 never executed
call    9 never executed
    #####:   59:        if (insert)
branch  0 never executed
branch  1 never executed
    #####:   60:            mCondDiags.insert(tok);
call    0 never executed
call    1 never executed
    #####:   61:        return false;
        -:   62:    }
    #####:   63:    return true;
        -:   64:}
        -:   65:
function _ZNK14CheckCondition9isAliasedERKNSt7__debug3setIiSt4lessIiESaIiEEE called 0 returned 0% blocks executed 0%
    #####:   66:bool CheckCondition::isAliased(const std::set<int> &vars) const
        -:   67:{
    #####:   68:    for (const Token *tok = mTokenizer->tokens(); tok; tok = tok->next()) {
call    0 never executed
branch  1 never executed
branch  2 never executed
call    3 never executed
    #####:   69:        if (Token::Match(tok, "= & %var% ;") && vars.find(tok->tokAt(2)->varId()) != vars.end())
call    0 never executed
branch  1 never executed
branch  2 never executed
branch  3 never executed
branch  4 never executed
call    5 never executed
call    6 never executed
branch  7 never executed
branch  8 never executed
call    9 never executed
call   10 never executed
branch 11 never executed
branch 12 never executed
call   13 never executed
branch 14 never executed
branch 15 never executed
branch 16 never executed
branch 17 never executed
call   18 never executed
branch 19 never executed
branch 20 never executed
call   21 never executed
branch 22 never executed
branch 23 never executed
branch 24 never executed
branch 25 never executed
call   26 never executed
branch 27 never executed
branch 28 never executed
call   29 never executed
    #####:   70:            return true;
        -:   71:    }
    #####:   72:    return false;
        -:   73:}
        -:   74:
function _ZN14CheckCondition8assignIfEv called 0 returned 0% blocks executed 0%
    #####:   75:void CheckCondition::assignIf()
        -:   76:{
    #####:   77:    if (!mSettings->isEnabled(Settings::STYLE))
call    0 never executed
branch  1 never executed
branch  2 never executed
    #####:   78:        return;
        -:   79:
    #####:   80:    for (const Token *tok = mTokenizer->tokens(); tok; tok = tok->next()) {
call    0 never executed
branch  1 never executed
branch  2 never executed
call    3 never executed
    #####:   81:        if (tok->str() != "=")
call    0 never executed
call    1 never executed
branch  2 never executed
branch  3 never executed
    #####:   82:            continue;
        -:   83:
    #####:   84:        if (Token::Match(tok->tokAt(-2), "[;{}] %var% =")) {
call    0 never executed
call    1 never executed
branch  2 never executed
branch  3 never executed
    #####:   85:            const Variable *var = tok->previous()->variable();
call    0 never executed
call    1 never executed
    #####:   86:            if (var == nullptr)
branch  0 never executed
branch  1 never executed
    #####:   87:                continue;
        -:   88:
    #####:   89:            char bitop = '\0';
    #####:   90:            MathLib::bigint num = 0;
        -:   91:
    #####:   92:            if (Token::Match(tok->next(), "%num% [&|]")) {
call    0 never executed
call    1 never executed
branch  2 never executed
branch  3 never executed
    #####:   93:                bitop = tok->strAt(2).at(0);
call    0 never executed
call    1 never executed
    #####:   94:                num = MathLib::toLongNumber(tok->next()->str());
call    0 never executed
call    1 never executed
call    2 never executed
        -:   95:            } else {
    #####:   96:                const Token *endToken = Token::findsimplematch(tok, ";");
call    0 never executed
        -:   97:
        -:   98:                // Casting address
    #####:   99:                if (endToken && Token::Match(endToken->tokAt(-4), "* ) & %any% ;"))
branch  0 never executed
branch  1 never executed
call    2 never executed
call    3 never executed
branch  4 never executed
branch  5 never executed
branch  6 never executed
branch  7 never executed
    #####:  100:                    endToken = nullptr;
        -:  101:
    #####:  102:                if (endToken && Token::Match(endToken->tokAt(-2), "[&|] %num% ;")) {
branch  0 never executed
branch  1 never executed
call    2 never executed
call    3 never executed
branch  4 never executed
branch  5 never executed
branch  6 never executed
branch  7 never executed
    #####:  103:                    bitop = endToken->strAt(-2).at(0);
call    0 never executed
call    1 never executed
    #####:  104:                    num = MathLib::toLongNumber(endToken->previous()->str());
call    0 never executed
call    1 never executed
call    2 never executed
        -:  105:                }
        -:  106:            }
        -:  107:
    #####:  108:            if (bitop == '\0')
branch  0 never executed
branch  1 never executed
    #####:  109:                continue;
        -:  110:
    #####:  111:            if (num < 0 && bitop == '|')
branch  0 never executed
branch  1 never executed
branch  2 never executed
branch  3 never executed
    #####:  112:                continue;
        -:  113:
    #####:  114:            assignIfParseScope(tok, tok->tokAt(4), var->declarationId(), var->isLocal(), bitop, num);
call    0 never executed
call    1 never executed
call    2 never executed
call    3 never executed
        -:  115:        }
        -:  116:    }
        -:  117:}
        -:  118:
function _ZL18isParameterChangedPK5Token called 0 returned 0% blocks executed 0%
    #####:  119:static bool isParameterChanged(const Token *partok)
        -:  120:{
    #####:  121:    bool addressOf = Token::Match(partok, "[(,] &");
call    0 never executed
    #####:  122:    int argumentNumber = 0;
        -:  123:    const Token *ftok;
    #####:  124:    for (ftok = partok; ftok && ftok->str() != "("; ftok = ftok->previous()) {
branch  0 never executed
branch  1 never executed
call    2 never executed
call    3 never executed
branch  4 never executed
branch  5 never executed
branch  6 never executed
branch  7 never executed
call    8 never executed
    #####:  125:        if (ftok->str() == ")")
call    0 never executed
call    1 never executed
branch  2 never executed
branch  3 never executed
    #####:  126:            ftok = ftok->link();
call    0 never executed
    #####:  127:        else if (argumentNumber == 0U && ftok->str() == "&")
branch  0 never executed
branch  1 never executed
call    2 never executed
call    3 never executed
branch  4 never executed
branch  5 never executed
branch  6 never executed
branch  7 never executed
    #####:  128:            addressOf = true;
    #####:  129:        else if (ftok->str() == ",")
call    0 never executed
call    1 never executed
branch  2 never executed
branch  3 never executed
    #####:  130:            argumentNumber++;
        -:  131:    }
    #####:  132:    ftok = ftok ? ftok->previous() : nullptr;
branch  0 never executed
branch  1 never executed
call    2 never executed
    #####:  133:    if (!(ftok && ftok->function()))
branch  0 never executed
branch  1 never executed
call    2 never executed
branch  3 never executed
branch  4 never executed
branch  5 never executed
branch  6 never executed
    #####:  134:        return true;
    #####:  135:    const Variable *par = ftok->function()->getArgumentVar(argumentNumber);
call    0 never executed
call    1 never executed
    #####:  136:    if (!par)
branch  0 never executed
branch  1 never executed
    #####:  137:        return true;
    #####:  138:    if (par->isConst())
call    0 never executed
branch  1 never executed
branch  2 never executed
    #####:  139:        return false;
    #####:  140:    if (addressOf || par->isReference() || par->isPointer())
branch  0 never executed
branch  1 never executed
call    2 never executed
branch  3 never executed
branch  4 never executed
call    5 never executed
branch  6 never executed
branch  7 never executed
branch  8 never executed
branch  9 never executed
    #####:  141:        return true;
    #####:  142:    return false;
        -:  143:}
        -:  144:
        -:  145:/** parse scopes recursively */
function _ZN14CheckCondition18assignIfParseScopeEPK5TokenS2_ibcx called 0 returned 0% blocks executed 0%
    #####:  146:bool CheckCondition::assignIfParseScope(const Token * const assignTok,
        -:  147:                                        const Token * const startTok,
        -:  148:                                        const nonneg int varid,
        -:  149:                                        const bool islocal,
        -:  150:                                        const char bitop,
        -:  151:                                        const MathLib::bigint num)
        -:  152:{
    #####:  153:    bool ret = false;
        -:  154:
    #####:  155:    for (const Token *tok2 = startTok; tok2; tok2 = tok2->next()) {
branch  0 never executed
branch  1 never executed
call    2 never executed
    #####:  156:        if ((bitop == '&') && Token::Match(tok2->tokAt(2), "%varid% %cop% %num% ;", varid) && tok2->strAt(3) == std::string(1U, bitop)) {
branch  0 never executed
branch  1 never executed
call    2 never executed
branch  3 never executed
branch  4 never executed
call    5 never executed
branch  6 never executed
branch  7 never executed
branch  8 never executed
branch  9 never executed
call   10 never executed
call   11 never executed
branch 12 never executed
branch 13 never executed
call   14 never executed
branch 15 never executed
branch 16 never executed
call   17 never executed
branch 18 never executed
branch 19 never executed
branch 20 never executed
branch 21 never executed
call   22 never executed
branch 23 never executed
branch 24 never executed
call   25 never executed
branch 26 never executed
branch 27 never executed
branch 28 never executed
branch 29 never executed
call   30 never executed
branch 31 never executed
branch 32 never executed
call   33 never executed
call   34 never executed
call   35 never executed
    #####:  157:            const MathLib::bigint num2 = MathLib::toLongNumber(tok2->strAt(4));
call    0 never executed
call    1 never executed
    #####:  158:            if (0 == (num & num2))
branch  0 never executed
branch  1 never executed
    #####:  159:                mismatchingBitAndError(assignTok, num, tok2, num2);
call    0 never executed
        -:  160:        }
    #####:  161:        if (Token::Match(tok2, "%varid% =", varid)) {
call    0 never executed
branch  1 never executed
branch  2 never executed
    #####:  162:            return true;
        -:  163:        }
    #####:  164:        if (bitop == '&' && Token::Match(tok2, "%varid% &= %num% ;", varid)) {
branch  0 never executed
branch  1 never executed
call    2 never executed
branch  3 never executed
branch  4 never executed
branch  5 never executed
branch  6 never executed
    #####:  165:            const MathLib::bigint num2 = MathLib::toLongNumber(tok2->strAt(2));
call    0 never executed
call    1 never executed
    #####:  166:            if (0 == (num & num2))
branch  0 never executed
branch  1 never executed
    #####:  167:                mismatchingBitAndError(assignTok, num, tok2, num2);
call    0 never executed
        -:  168:        }
    #####:  169:        if (Token::Match(tok2, "++|-- %varid%", varid) || Token::Match(tok2, "%varid% ++|--", varid))
call    0 never executed
branch  1 never executed
branch  2 never executed
call    3 never executed
branch  4 never executed
branch  5 never executed
branch  6 never executed
branch  7 never executed
    #####:  170:            return true;
    #####:  171:        if (Token::Match(tok2, "[(,] &| %varid% [,)]", varid) && isParameterChanged(tok2))
call    0 never executed
branch  1 never executed
branch  2 never executed
call    3 never executed
branch  4 never executed
branch  5 never executed
branch  6 never executed
branch  7 never executed
    #####:  172:            return true;
    #####:  173:        if (tok2->str() == "}")
call    0 never executed
call    1 never executed
branch  2 never executed
branch  3 never executed
    #####:  174:            return false;
    #####:  175:        if (Token::Match(tok2, "break|continue|return"))
call    0 never executed
branch  1 never executed
branch  2 never executed
    #####:  176:            ret = true;
    #####:  177:        if (ret && tok2->str() == ";")
branch  0 never executed
branch  1 never executed
call    2 never executed
call    3 never executed
branch  4 never executed
branch  5 never executed
branch  6 never executed
branch  7 never executed
    #####:  178:            return false;
    #####:  179:        if (!islocal && Token::Match(tok2, "%name% (") && !Token::simpleMatch(tok2->next()->link(), ") {"))
branch  0 never executed
branch  1 never executed
call    2 never executed
branch  3 never executed
branch  4 never executed
call    5 never executed
call    6 never executed
call    7 never executed
branch  8 never executed
branch  9 never executed
branch 10 never executed
branch 11 never executed
    #####:  180:            return true;
    #####:  181:        if (Token::Match(tok2, "if|while (")) {
call    0 never executed
branch  1 never executed
branch  2 never executed
    #####:  182:            if (!islocal && tok2->str() == "while")
branch  0 never executed
branch  1 never executed
call    2 never executed
call    3 never executed
branch  4 never executed
branch  5 never executed
branch  6 never executed
branch  7 never executed
    #####:  183:                continue;
    #####:  184:            if (tok2->str() == "while") {
call    0 never executed
call    1 never executed
branch  2 never executed
branch  3 never executed
        -:  185:                // is variable changed in loop?
    #####:  186:                const Token *bodyStart = tok2->linkAt(1)->next();
call    0 never executed
call    1 never executed
    #####:  187:                const Token *bodyEnd   = bodyStart ? bodyStart->link() : nullptr;
branch  0 never executed
branch  1 never executed
call    2 never executed
    #####:  188:                if (!bodyEnd || bodyEnd->str() != "}" || isVariableChanged(bodyStart, bodyEnd, varid, !islocal, mSettings, mTokenizer->isCPP()))
branch  0 never executed
branch  1 never executed
call    2 never executed
call    3 never executed
branch  4 never executed
branch  5 never executed
call    6 never executed
call    7 never executed
branch  8 never executed
branch  9 never executed
branch 10 never executed
branch 11 never executed
    #####:  189:                    continue;
        -:  190:            }
        -:  191:
        -:  192:            // parse condition
    #####:  193:            const Token * const end = tok2->next()->link();
call    0 never executed
call    1 never executed
    #####:  194:            for (; tok2 != end; tok2 = tok2->next()) {
branch  0 never executed
branch  1 never executed
call    2 never executed
    #####:  195:                if (Token::Match(tok2, "[(,] &| %varid% [,)]", varid)) {
call    0 never executed
branch  1 never executed
branch  2 never executed
    #####:  196:                    return true;
        -:  197:                }
    #####:  198:                if (Token::Match(tok2,"&&|%oror%|( %varid% ==|!= %num% &&|%oror%|)", varid)) {
call    0 never executed
branch  1 never executed
branch  2 never executed
    #####:  199:                    const Token *vartok = tok2->next();
call    0 never executed
    #####:  200:                    const MathLib::bigint num2 = MathLib::toLongNumber(vartok->strAt(2));
call    0 never executed
call    1 never executed
    #####:  201:                    if ((num & num2) != ((bitop=='&') ? num2 : num)) {
branch  0 never executed
branch  1 never executed
branch  2 never executed
branch  3 never executed
    #####:  202:                        const std::string& op(vartok->strAt(1));
call    0 never executed
branch  1 never executed
branch  2 never executed
    #####:  203:                        const bool alwaysTrue = op == "!=";
call    0 never executed
    #####:  204:                        const std::string condition(vartok->str() + op + vartok->strAt(2));
call    0 never executed
branch  1 never executed
branch  2 never executed
call    3 never executed
call    4 never executed
branch  5 never executed
branch  6 never executed
call    7 never executed
branch  8 never executed
branch  9 never executed
call   10 never executed
call   11 never executed
call   12 never executed
    #####:  205:                        assignIfError(assignTok, tok2, condition, alwaysTrue);
call    0 never executed
branch  1 never executed
branch  2 never executed
        -:  206:                    }
        -:  207:                }
    #####:  208:                if (Token::Match(tok2, "%varid% %op%", varid) && tok2->next()->isAssignmentOp()) {
call    0 never executed
branch  1 never executed
branch  2 never executed
call    3 never executed
call    4 never executed
branch  5 never executed
branch  6 never executed
branch  7 never executed
branch  8 never executed
    #####:  209:                    return true;
        -:  210:                }
        -:  211:            }
        -:  212:
    #####:  213:            const bool ret1 = assignIfParseScope(assignTok, end->tokAt(2), varid, islocal, bitop, num);
call    0 never executed
call    1 never executed
    #####:  214:            bool ret2 = false;
    #####:  215:            if (Token::simpleMatch(end->next()->link(), "} else {"))
call    0 never executed
call    1 never executed
call    2 never executed
branch  3 never executed
branch  4 never executed
    #####:  216:                ret2 = assignIfParseScope(assignTok, end->next()->link()->tokAt(3), varid, islocal, bitop, num);
call    0 never executed
call    1 never executed
call    2 never executed
call    3 never executed
    #####:  217:            if (ret1 || ret2)
branch  0 never executed
branch  1 never executed
branch  2 never executed
branch  3 never executed
    #####:  218:                return true;
        -:  219:        }
        -:  220:    }
    #####:  221:    return false;
        -:  222:}
        -:  223:
function _ZN14CheckCondition13assignIfErrorEPK5TokenS2_RKNSt7__cxx1112basic_stringIcSt11char_traitsIcESaIcEEEb called 0 returned 0% blocks executed 0%
    #####:  224:void CheckCondition::assignIfError(const Token *tok1, const Token *tok2, const std::string &condition, bool result)
        -:  225:{
    #####:  226:    if (tok2 && diag(tok2->tokAt(2)))
branch  0 never executed
branch  1 never executed
call    2 never executed
branch  3 never executed
branch  4 never executed
call    5 never executed
branch  6 never executed
branch  7 never executed
branch  8 never executed
branch  9 never executed
branch 10 never executed
branch 11 never executed
    #####:  227:        return;
    #####:  228:    std::list<const Token *> locations = { tok1, tok2 };
call    0 never executed
call    1 never executed
branch  2 never executed
branch  3 never executed
call    4 never executed
call    5 never executed
call    6 never executed
call    7 never executed
    #####:  229:    reportError(locations,
call    0 never executed
branch  1 never executed
branch  2 never executed
        -:  230:                Severity::style,
        -:  231:                "assignIfError",
    #####:  232:                "Mismatching assignment and comparison, comparison '" + condition + "' is always " + std::string(result ? "true" : "false") + ".", CWE398, false);
call    0 never executed
branch  1 never executed
branch  2 never executed
call    3 never executed
branch  4 never executed
branch  5 never executed
call    6 never executed
branch  7 never executed
branch  8 never executed
call    9 never executed
branch 10 never executed
branch 11 never executed
call   12 never executed
branch 13 never executed
branch 14 never executed
call   15 never executed
branch 16 never executed
branch 17 never executed
call   18 never executed
call   19 never executed
call   20 never executed
call   21 never executed
call   22 never executed
call   23 never executed
call   24 never executed
call   25 never executed
call   26 never executed
call   27 never executed
call   28 never executed
call   29 never executed
        -:  233:}
        -:  234:
        -:  235:
function _ZN14CheckCondition22mismatchingBitAndErrorEPK5TokenxS2_x called 0 returned 0% blocks executed 0%
    #####:  236:void CheckCondition::mismatchingBitAndError(const Token *tok1, const MathLib::bigint num1, const Token *tok2, const MathLib::bigint num2)
        -:  237:{
    #####:  238:    std::list<const Token *> locations = { tok1, tok2 };
call    0 never executed
call    1 never executed
branch  2 never executed
branch  3 never executed
call    4 never executed
call    5 never executed
call    6 never executed
        -:  239:
    #####:  240:    std::ostringstream msg;
call    0 never executed
branch  1 never executed
branch  2 never executed
call    3 never executed
call    4 never executed
        -:  241:    msg << "Mismatching bitmasks. Result is always 0 ("
    #####:  242:        << "X = Y & 0x" << std::hex << num1 << "; Z = X & 0x" << std::hex << num2 << "; => Z=0).";
call    0 never executed
branch  1 never executed
branch  2 never executed
call    3 never executed
branch  4 never executed
branch  5 never executed
call    6 never executed
branch  7 never executed
branch  8 never executed
call    9 never executed
branch 10 never executed
branch 11 never executed
call   12 never executed
branch 13 never executed
branch 14 never executed
call   15 never executed
branch 16 never executed
branch 17 never executed
call   18 never executed
branch 19 never executed
branch 20 never executed
call   21 never executed
branch 22 never executed
branch 23 never executed
        -:  243:
    #####:  244:    reportError(locations,
call    0 never executed
branch  1 never executed
branch  2 never executed
        -:  245:                Severity::style,
        -:  246:                "mismatchingBitAnd",
    #####:  247:                msg.str(), CWE398, false);
call    0 never executed
branch  1 never executed
branch  2 never executed
call    3 never executed
call    4 never executed
    #####:  248:}
call    0 never executed
        -:  249:
        -:  250:
function _ZL14getnumchildrenPK5TokenRNSt7__debug4listIxSaIxEEE called 0 returned 0% blocks executed 0%
    #####:  251:static void getnumchildren(const Token *tok, std::list<MathLib::bigint> &numchildren)
        -:  252:{
    #####:  253:    if (tok->astOperand1() && tok->astOperand1()->isNumber())
call    0 never executed
branch  1 never executed
branch  2 never executed
call    3 never executed
call    4 never executed
branch  5 never executed
branch  6 never executed
branch  7 never executed
branch  8 never executed
    #####:  254:        numchildren.push_back(MathLib::toLongNumber(tok->astOperand1()->str()));
call    0 never executed
call    1 never executed
call    2 never executed
call    3 never executed
branch  4 never executed
branch  5 never executed
call    6 never executed
    #####:  255:    else if (tok->astOperand1() && tok->str() == tok->astOperand1()->str())
call    0 never executed
branch  1 never executed
branch  2 never executed
call    3 never executed
call    4 never executed
call    5 never executed
call    6 never executed
branch  7 never executed
branch  8 never executed
branch  9 never executed
branch 10 never executed
    #####:  256:        getnumchildren(tok->astOperand1(), numchildren);
call    0 never executed
call    1 never executed
    #####:  257:    if (tok->astOperand2() && tok->astOperand2()->isNumber())
call    0 never executed
branch  1 never executed
branch  2 never executed
call    3 never executed
call    4 never executed
branch  5 never executed
branch  6 never executed
branch  7 never executed
branch  8 never executed
    #####:  258:        numchildren.push_back(MathLib::toLongNumber(tok->astOperand2()->str()));
call    0 never executed
call    1 never executed
call    2 never executed
call    3 never executed
branch  4 never executed
branch  5 never executed
    #####:  259:    else if (tok->astOperand2() && tok->str() == tok->astOperand2()->str())
call    0 never executed
branch  1 never executed
branch  2 never executed
call    3 never executed
call    4 never executed
call    5 never executed
call    6 never executed
branch  7 never executed
branch  8 never executed
branch  9 never executed
branch 10 never executed
    #####:  260:        getnumchildren(tok->astOperand2(), numchildren);
call    0 never executed
call    1 never executed
    #####:  261:}
        -:  262:
        -:  263:/* Return whether tok is in the body for a function returning a boolean. */
function _ZL17inBooleanFunctionPK5Token called 0 returned 0% blocks executed 0%
    #####:  264:static bool inBooleanFunction(const Token *tok)
        -:  265:{
    #####:  266:    const Scope *scope = tok ? tok->scope() : nullptr;
branch  0 never executed
branch  1 never executed
call    2 never executed
    #####:  267:    while (scope && scope->isLocal())
branch  0 never executed
branch  1 never executed
call    2 never executed
branch  3 never executed
branch  4 never executed
branch  5 never executed
branch  6 never executed
    #####:  268:        scope = scope->nestedIn;
    #####:  269:    if (scope && scope->type == Scope::eFunction) {
branch  0 never executed
branch  1 never executed
branch  2 never executed
branch  3 never executed
    #####:  270:        const Function *func = scope->function;
    #####:  271:        if (func) {
branch  0 never executed
branch  1 never executed
    #####:  272:            const Token *ret = func->retDef;
    #####:  273:            while (Token::Match(ret, "static|const"))
call    0 never executed
branch  1 never executed
branch  2 never executed
    #####:  274:                ret = ret->next();
call    0 never executed
    #####:  275:            return Token::Match(ret, "bool|_Bool");
call    0 never executed
        -:  276:        }
        -:  277:    }
    #####:  278:    return false;
        -:  279:}
        -:  280:
function _ZN14CheckCondition20checkBadBitmaskCheckEv called 0 returned 0% blocks executed 0%
    #####:  281:void CheckCondition::checkBadBitmaskCheck()
        -:  282:{
    #####:  283:    if (!mSettings->isEnabled(Settings::WARNING))
call    0 never executed
branch  1 never executed
branch  2 never executed
    #####:  284:        return;
        -:  285:
    #####:  286:    for (const Token *tok = mTokenizer->tokens(); tok; tok = tok->next()) {
call    0 never executed
branch  1 never executed
branch  2 never executed
call    3 never executed
    #####:  287:        if (tok->str() == "|" && tok->astOperand1() && tok->astOperand2() && tok->astParent()) {
call    0 never executed
call    1 never executed
branch  2 never executed
branch  3 never executed
call    4 never executed
branch  5 never executed
branch  6 never executed
call    7 never executed
branch  8 never executed
branch  9 never executed
call   10 never executed
branch 11 never executed
branch 12 never executed
branch 13 never executed
branch 14 never executed
    #####:  288:            const Token* parent = tok->astParent();
call    0 never executed
    #####:  289:            const bool isBoolean = Token::Match(parent, "&&|%oror%") ||
call    0 never executed
branch  1 never executed
branch  2 never executed
    #####:  290:                                   (parent->str() == "?" && parent->astOperand1() == tok) ||
call    0 never executed
call    1 never executed
call    2 never executed
branch  3 never executed
branch  4 never executed
branch  5 never executed
branch  6 never executed
    #####:  291:                                   (parent->str() == "=" && parent->astOperand2() == tok && parent->astOperand1() && parent->astOperand1()->variable() && Token::Match(parent->astOperand1()->variable()->typeStartToken(), "bool|_Bool")) ||
call    0 never executed
call    1 never executed
call    2 never executed
branch  3 never executed
branch  4 never executed
call    5 never executed
branch  6 never executed
branch  7 never executed
call    8 never executed
call    9 never executed
branch 10 never executed
branch 11 never executed
call   12 never executed
call   13 never executed
call   14 never executed
call   15 never executed
branch 16 never executed
branch 17 never executed
branch 18 never executed
branch 19 never executed
    #####:  292:                                   (parent->str() == "(" && Token::Match(parent->astOperand1(), "if|while")) ||
branch  0 never executed
branch  1 never executed
call    2 never executed
call    3 never executed
call    4 never executed
call    5 never executed
branch  6 never executed
branch  7 never executed
branch  8 never executed
branch  9 never executed
    #####:  293:                                   (parent->str() == "return" && parent->astOperand1() == tok && inBooleanFunction(tok));
call    0 never executed
call    1 never executed
call    2 never executed
branch  3 never executed
branch  4 never executed
call    5 never executed
branch  6 never executed
branch  7 never executed
        -:  294:
    #####:  295:            const bool isTrue = (tok->astOperand1()->hasKnownIntValue() && tok->astOperand1()->values().front().intvalue != 0) ||
call    0 never executed
call    1 never executed
branch  2 never executed
branch  3 never executed
call    4 never executed
call    5 never executed
call    6 never executed
branch  7 never executed
branch  8 never executed
branch  9 never executed
branch 10 never executed
    #####:  296:                                (tok->astOperand2()->hasKnownIntValue() && tok->astOperand2()->values().front().intvalue != 0);
call    0 never executed
call    1 never executed
call    2 never executed
call    3 never executed
call    4 never executed
branch  5 never executed
branch  6 never executed
        -:  297:
    #####:  298:            if (isBoolean && isTrue)
branch  0 never executed
branch  1 never executed
branch  2 never executed
branch  3 never executed
    #####:  299:                badBitmaskCheckError(tok);
call    0 never executed
        -:  300:        }
        -:  301:    }
        -:  302:}
        -:  303:
function _ZN14CheckCondition20badBitmaskCheckErrorEPK5Token called 0 returned 0% blocks executed 0%
    #####:  304:void CheckCondition::badBitmaskCheckError(const Token *tok)
        -:  305:{
    #####:  306:    reportError(tok, Severity::warning, "badBitmaskCheck", "Result of operator '|' is always true if one operand is non-zero. Did you intend to use '&'?", CWE571, false);
call    0 never executed
    #####:  307:}
        -:  308:
function _ZN14CheckCondition10comparisonEv called 0 returned 0% blocks executed 0%
    #####:  309:void CheckCondition::comparison()
        -:  310:{
    #####:  311:    if (!mSettings->isEnabled(Settings::STYLE))
call    0 never executed
branch  1 never executed
branch  2 never executed
    #####:  312:        return;
        -:  313:
    #####:  314:    for (const Token *tok = mTokenizer->tokens(); tok; tok = tok->next()) {
call    0 never executed
branch  1 never executed
branch  2 never executed
call    3 never executed
    #####:  315:        if (!tok->isComparisonOp())
call    0 never executed
branch  1 never executed
branch  2 never executed
    #####:  316:            continue;
        -:  317:
    #####:  318:        const Token *expr1 = tok->astOperand1();
call    0 never executed
    #####:  319:        const Token *expr2 = tok->astOperand2();
call    0 never executed
    #####:  320:        if (!expr1 || !expr2)
branch  0 never executed
branch  1 never executed
branch  2 never executed
branch  3 never executed
    #####:  321:            continue;
    #####:  322:        if (expr1->isNumber())
call    0 never executed
branch  1 never executed
branch  2 never executed
    #####:  323:            std::swap(expr1,expr2);
call    0 never executed
    #####:  324:        if (!expr2->isNumber())
call    0 never executed
branch  1 never executed
branch  2 never executed
    #####:  325:            continue;
    #####:  326:        const MathLib::bigint num2 = MathLib::toLongNumber(expr2->str());
call    0 never executed
call    1 never executed
branch  2 never executed
branch  3 never executed
    #####:  327:        if (num2 < 0)
branch  0 never executed
branch  1 never executed
    #####:  328:            continue;
    #####:  329:        if (!Token::Match(expr1,"[&|]"))
call    0 never executed
branch  1 never executed
branch  2 never executed
branch  3 never executed
branch  4 never executed
    #####:  330:            continue;
    #####:  331:        std::list<MathLib::bigint> numbers;
call    0 never executed
call    1 never executed
call    2 never executed
    #####:  332:        getnumchildren(expr1, numbers);
call    0 never executed
branch  1 never executed
branch  2 never executed
    #####:  333:        for (const MathLib::bigint num1 : numbers) {
call    0 never executed
call    1 never executed
call    2 never executed
branch  3 never executed
branch  4 never executed
call    5 never executed
call    6 never executed
call    7 never executed
call    8 never executed
call    9 never executed
call   10 never executed
    #####:  334:            if (num1 < 0)
branch  0 never executed
branch  1 never executed
    #####:  335:                continue;
    #####:  336:            if (Token::Match(tok, "==|!=")) {
call    0 never executed
branch  1 never executed
branch  2 never executed
branch  3 never executed
branch  4 never executed
    #####:  337:                if ((expr1->str() == "&" && (num1 & num2) != num2) ||
call    0 never executed
call    1 never executed
branch  2 never executed
branch  3 never executed
branch  4 never executed
branch  5 never executed
branch  6 never executed
branch  7 never executed
branch  8 never executed
branch  9 never executed
    #####:  338:                    (expr1->str() == "|" && (num1 | num2) != num2)) {
call    0 never executed
call    1 never executed
branch  2 never executed
branch  3 never executed
    #####:  339:                    const std::string& op(tok->str());
call    0 never executed
    #####:  340:                    comparisonError(expr1, expr1->str(), num1, op, num2, op=="==" ? false : true);
call    0 never executed
branch  1 never executed
branch  2 never executed
call    3 never executed
call    4 never executed
branch  5 never executed
branch  6 never executed
        -:  341:                }
    #####:  342:            } else if (expr1->str() == "&") {
call    0 never executed
call    1 never executed
branch  2 never executed
branch  3 never executed
    #####:  343:                const bool or_equal = Token::Match(tok, ">=|<=");
call    0 never executed
branch  1 never executed
branch  2 never executed
    #####:  344:                const std::string& op(tok->str());
call    0 never executed
    #####:  345:                if ((Token::Match(tok, ">=|<")) && (num1 < num2)) {
call    0 never executed
branch  1 never executed
branch  2 never executed
branch  3 never executed
branch  4 never executed
branch  5 never executed
branch  6 never executed
branch  7 never executed
branch  8 never executed
    #####:  346:                    comparisonError(expr1, expr1->str(), num1, op, num2, or_equal ? false : true);
branch  0 never executed
branch  1 never executed
call    2 never executed
call    3 never executed
branch  4 never executed
branch  5 never executed
    #####:  347:                } else if ((Token::Match(tok, "<=|>")) && (num1 <= num2)) {
call    0 never executed
branch  1 never executed
branch  2 never executed
branch  3 never executed
branch  4 never executed
branch  5 never executed
branch  6 never executed
branch  7 never executed
branch  8 never executed
    #####:  348:                    comparisonError(expr1, expr1->str(), num1, op, num2, or_equal ? true : false);
branch  0 never executed
branch  1 never executed
call    2 never executed
call    3 never executed
branch  4 never executed
branch  5 never executed
        -:  349:                }
    #####:  350:            } else if (expr1->str() == "|") {
call    0 never executed
call    1 never executed
branch  2 never executed
branch  3 never executed
    #####:  351:                if ((expr1->astOperand1()->valueType()) &&
call    0 never executed
call    1 never executed
branch  2 never executed
branch  3 never executed
branch  4 never executed
branch  5 never executed
branch  6 never executed
branch  7 never executed
    #####:  352:                    (expr1->astOperand1()->valueType()->sign == ValueType::Sign::UNSIGNED)) {
call    0 never executed
call    1 never executed
    #####:  353:                    const bool or_equal = Token::Match(tok, ">=|<=");
call    0 never executed
branch  1 never executed
branch  2 never executed
    #####:  354:                    const std::string& op(tok->str());
call    0 never executed
    #####:  355:                    if ((Token::Match(tok, ">=|<")) && (num1 >= num2)) {
call    0 never executed
branch  1 never executed
branch  2 never executed
branch  3 never executed
branch  4 never executed
branch  5 never executed
branch  6 never executed
branch  7 never executed
branch  8 never executed
        -:  356:                        //"(a | 0x07) >= 7U" is always true for unsigned a
        -:  357:                        //"(a | 0x07) < 7U" is always false for unsigned a
    #####:  358:                        comparisonError(expr1, expr1->str(), num1, op, num2, or_equal ? true : false);
branch  0 never executed
branch  1 never executed
call    2 never executed
call    3 never executed
branch  4 never executed
branch  5 never executed
    #####:  359:                    } else if ((Token::Match(tok, "<=|>")) && (num1 > num2)) {
call    0 never executed
branch  1 never executed
branch  2 never executed
branch  3 never executed
branch  4 never executed
branch  5 never executed
branch  6 never executed
branch  7 never executed
branch  8 never executed
        -:  360:                        //"(a | 0x08) <= 7U" is always false for unsigned a
        -:  361:                        //"(a | 0x07) > 6U" is always true for unsigned a
    #####:  362:                        comparisonError(expr1, expr1->str(), num1, op, num2, or_equal ? false : true);
branch  0 never executed
branch  1 never executed
call    2 never executed
call    3 never executed
branch  4 never executed
branch  5 never executed
        -:  363:                    }
        -:  364:                }
        -:  365:            }
        -:  366:        }
        -:  367:    }
        -:  368:}
        -:  369:
function _ZN14CheckCondition15comparisonErrorEPK5TokenRKNSt7__cxx1112basic_stringIcSt11char_traitsIcESaIcEEExSA_xb called 0 returned 0% blocks executed 0%
    #####:  370:void CheckCondition::comparisonError(const Token *tok, const std::string &bitop, MathLib::bigint value1, const std::string &op, MathLib::bigint value2, bool result)
        -:  371:{
    #####:  372:    std::ostringstream expression;
call    0 never executed
branch  1 never executed
branch  2 never executed
call    3 never executed
call    4 never executed
    #####:  373:    expression << std::hex << "(X " << bitop << " 0x" << value1 << ") " << op << " 0x" << value2;
call    0 never executed
branch  1 never executed
branch  2 never executed
call    3 never executed
branch  4 never executed
branch  5 never executed
call    6 never executed
branch  7 never executed
branch  8 never executed
call    9 never executed
branch 10 never executed
branch 11 never executed
call   12 never executed
branch 13 never executed
branch 14 never executed
call   15 never executed
branch 16 never executed
branch 17 never executed
call   18 never executed
branch 19 never executed
branch 20 never executed
call   21 never executed
branch 22 never executed
branch 23 never executed
call   24 never executed
branch 25 never executed
branch 26 never executed
        -:  374:
    #####:  375:    const std::string errmsg("Expression '" + expression.str() + "' is always " + (result?"true":"false") + ".\n"
branch  0 never executed
branch  1 never executed
call    2 never executed
branch  3 never executed
branch  4 never executed
call    5 never executed
branch  6 never executed
branch  7 never executed
call    8 never executed
branch  9 never executed
branch 10 never executed
call   11 never executed
branch 12 never executed
branch 13 never executed
call   14 never executed
branch 15 never executed
branch 16 never executed
call   17 never executed
call   18 never executed
call   19 never executed
call   20 never executed
call   21 never executed
call   22 never executed
call   23 never executed
call   24 never executed
call   25 never executed
call   26 never executed
    #####:  376:                             "The expression '" + expression.str() + "' is always " + (result?"true":"false") +
branch  0 never executed
branch  1 never executed
call    2 never executed
branch  3 never executed
branch  4 never executed
call    5 never executed
branch  6 never executed
branch  7 never executed
call    8 never executed
branch  9 never executed
branch 10 never executed
call   11 never executed
branch 12 never executed
branch 13 never executed
call   14 never executed
call   15 never executed
call   16 never executed
call   17 never executed
call   18 never executed
call   19 never executed
        -:  377:                             ". Check carefully constants and operators used, these errors might be hard to "
        -:  378:                             "spot sometimes. In case of complex expression it might help to split it to "
    #####:  379:                             "separate expressions.");
call    0 never executed
branch  1 never executed
branch  2 never executed
call    3 never executed
call    4 never executed
call    5 never executed
        -:  380:
    #####:  381:    reportError(tok, Severity::style, "comparisonError", errmsg, CWE398, false);
call    0 never executed
branch  1 never executed
branch  2 never executed
call    3 never executed
branch  4 never executed
branch  5 never executed
call    6 never executed
call    7 never executed
    #####:  382:}
call    0 never executed
        -:  383:
function _ZNK14CheckCondition17isOverlappingCondEPK5TokenS2_b called 0 returned 0% blocks executed 0%
    #####:  384:bool CheckCondition::isOverlappingCond(const Token * const cond1, const Token * const cond2, bool pure) const
        -:  385:{
    #####:  386:    if (!cond1 || !cond2)
branch  0 never executed
branch  1 never executed
branch  2 never executed
branch  3 never executed
    #####:  387:        return false;
        -:  388:
        -:  389:    // same expressions
    #####:  390:    if (isSameExpression(mTokenizer->isCPP(), true, cond1, cond2, mSettings->library, pure, false))
call    0 never executed
call    1 never executed
branch  2 never executed
branch  3 never executed
    #####:  391:        return true;
        -:  392:
        -:  393:    // bitwise overlap for example 'x&7' and 'x==1'
    #####:  394:    if (cond1->str() == "&" && cond1->astOperand1() && cond2->astOperand2()) {
call    0 never executed
call    1 never executed
branch  2 never executed
branch  3 never executed
call    4 never executed
branch  5 never executed
branch  6 never executed
call    7 never executed
branch  8 never executed
branch  9 never executed
branch 10 never executed
branch 11 never executed
    #####:  395:        const Token *expr1 = cond1->astOperand1();
call    0 never executed
    #####:  396:        const Token *num1  = cond1->astOperand2();
call    0 never executed
    #####:  397:        if (!num1) // unary operator&
branch  0 never executed
branch  1 never executed
    #####:  398:            return false;
    #####:  399:        if (!num1->isNumber())
call    0 never executed
branch  1 never executed
branch  2 never executed
    #####:  400:            std::swap(expr1,num1);
call    0 never executed
    #####:  401:        if (!num1->isNumber() || MathLib::isNegative(num1->str()))
call    0 never executed
branch  1 never executed
branch  2 never executed
call    3 never executed
call    4 never executed
branch  5 never executed
branch  6 never executed
branch  7 never executed
branch  8 never executed
branch  9 never executed
branch 10 never executed
    #####:  402:            return false;
        -:  403:
    #####:  404:        if (!Token::Match(cond2, "&|==") || !cond2->astOperand1() || !cond2->astOperand2())
call    0 never executed
branch  1 never executed
branch  2 never executed
branch  3 never executed
branch  4 never executed
call    5 never executed
branch  6 never executed
branch  7 never executed
call    8 never executed
branch  9 never executed
branch 10 never executed
branch 11 never executed
branch 12 never executed
    #####:  405:            return false;
    #####:  406:        const Token *expr2 = cond2->astOperand1();
call    0 never executed
    #####:  407:        const Token *num2  = cond2->astOperand2();
call    0 never executed
    #####:  408:        if (!num2->isNumber())
call    0 never executed
branch  1 never executed
branch  2 never executed
    #####:  409:            std::swap(expr2,num2);
call    0 never executed
    #####:  410:        if (!num2->isNumber() || MathLib::isNegative(num2->str()))
call    0 never executed
branch  1 never executed
branch  2 never executed
call    3 never executed
call    4 never executed
branch  5 never executed
branch  6 never executed
branch  7 never executed
branch  8 never executed
branch  9 never executed
branch 10 never executed
    #####:  411:            return false;
        -:  412:
    #####:  413:        if (!isSameExpression(mTokenizer->isCPP(), true, expr1, expr2, mSettings->library, pure, false))
call    0 never executed
call    1 never executed
branch  2 never executed
branch  3 never executed
branch  4 never executed
branch  5 never executed
    #####:  414:            return false;
        -:  415:
    #####:  416:        const MathLib::bigint value1 = MathLib::toLongNumber(num1->str());
call    0 never executed
call    1 never executed
branch  2 never executed
branch  3 never executed
    #####:  417:        const MathLib::bigint value2 = MathLib::toLongNumber(num2->str());
call    0 never executed
call    1 never executed
branch  2 never executed
branch  3 never executed
    #####:  418:        if (cond2->str() == "&")
call    0 never executed
call    1 never executed
branch  2 never executed
branch  3 never executed
    #####:  419:            return ((value1 & value2) == value2);
    #####:  420:        return ((value1 & value2) > 0);
        -:  421:    }
    #####:  422:    return false;
        -:  423:}
        -:  424:
function _ZN14CheckCondition18duplicateConditionEv called 0 returned 0% blocks executed 0%
    #####:  425:void CheckCondition::duplicateCondition()
        -:  426:{
    #####:  427:    if (!mSettings->isEnabled(Settings::STYLE))
call    0 never executed
branch  1 never executed
branch  2 never executed
    #####:  428:        return;
        -:  429:
    #####:  430:    const SymbolDatabase *const symbolDatabase = mTokenizer->getSymbolDatabase();
call    0 never executed
        -:  431:
    #####:  432:    for (const Scope &scope : symbolDatabase->scopeList) {
call    0 never executed
call    1 never executed
call    2 never executed
branch  3 never executed
branch  4 never executed
call    5 never executed
call    6 never executed
call    7 never executed
call    8 never executed
call    9 never executed
call   10 never executed
    #####:  433:        if (scope.type != Scope::eIf)
branch  0 never executed
branch  1 never executed
    #####:  434:            continue;
        -:  435:
    #####:  436:        const Token *cond1 = scope.classDef->next()->astOperand2();
call    0 never executed
call    1 never executed
    #####:  437:        if (!cond1)
branch  0 never executed
branch  1 never executed
    #####:  438:            continue;
    #####:  439:        if (cond1->hasKnownIntValue())
call    0 never executed
branch  1 never executed
branch  2 never executed
branch  3 never executed
branch  4 never executed
    #####:  440:            continue;
        -:  441:
    #####:  442:        const Token *tok2 = scope.classDef->next();
call    0 never executed
    #####:  443:        if (!tok2)
branch  0 never executed
branch  1 never executed
    #####:  444:            continue;
    #####:  445:        tok2 = tok2->link();
call    0 never executed
    #####:  446:        if (!Token::simpleMatch(tok2, ") {"))
call    0 never executed
branch  1 never executed
branch  2 never executed
branch  3 never executed
branch  4 never executed
    #####:  447:            continue;
    #####:  448:        tok2 = tok2->linkAt(1);
call    0 never executed
branch  1 never executed
branch  2 never executed
    #####:  449:        if (!Token::simpleMatch(tok2, "} if ("))
call    0 never executed
branch  1 never executed
branch  2 never executed
branch  3 never executed
branch  4 never executed
    #####:  450:            continue;
    #####:  451:        const Token *cond2 = tok2->tokAt(2)->astOperand2();
call    0 never executed
branch  1 never executed
branch  2 never executed
call    3 never executed
    #####:  452:        if (!cond2)
branch  0 never executed
branch  1 never executed
    #####:  453:            continue;
        -:  454:
    #####:  455:        bool modified = false;
function _ZZN14CheckCondition18duplicateConditionEvENKUlPK5TokenE_clES2_ called 0 returned 0% blocks executed 0%
    #####:  456:        visitAstNodes(cond1, [&](const Token *tok3) {
call    0 never executed
branch  1 never executed
branch  2 never executed
call    3 never executed
branch  4 never executed
branch  5 never executed
call    6 never executed
call    7 never executed
    #####:  457:            if (tok3->varId() > 0 &&
call    0 never executed
branch  1 never executed
branch  2 never executed
branch  3 never executed
branch  4 never executed
branch  5 never executed
branch  6 never executed
    #####:  458:                isVariableChanged(scope.classDef->next(), cond2, tok3->varId(), false, mSettings, mTokenizer->isCPP())) {
call    0 never executed
call    1 never executed
call    2 never executed
call    3 never executed
    #####:  459:                modified = true;
    #####:  460:                return ChildrenToVisit::done;
        -:  461:            }
    #####:  462:            return ChildrenToVisit::op1_and_op2;
        -:  463:        });
    #####:  464:        ErrorPath errorPath;
call    0 never executed
call    1 never executed
call    2 never executed
    #####:  465:        if (!modified &&
branch  0 never executed
branch  1 never executed
branch  2 never executed
branch  3 never executed
branch  4 never executed
branch  5 never executed
    #####:  466:            isSameExpression(mTokenizer->isCPP(), true, cond1, cond2, mSettings->library, true, true, &errorPath))
call    0 never executed
call    1 never executed
branch  2 never executed
branch  3 never executed
    #####:  467:            duplicateConditionError(cond1, cond2, errorPath);
call    0 never executed
branch  1 never executed
branch  2 never executed
call    3 never executed
branch  4 never executed
branch  5 never executed
call    6 never executed
call    7 never executed
        -:  468:    }
        -:  469:}
        -:  470:
function _ZN14CheckCondition23duplicateConditionErrorEPK5TokenS2_NSt7__debug4listISt4pairIS2_NSt7__cxx1112basic_stringIcSt11char_traitsIcESaIcEEEESaISC_EEE called 0 returned 0% blocks executed 0%
    #####:  471:void CheckCondition::duplicateConditionError(const Token *tok1, const Token *tok2, ErrorPath errorPath)
        -:  472:{
    #####:  473:    if (diag(tok1) & diag(tok2))
call    0 never executed
branch  1 never executed
branch  2 never executed
call    3 never executed
branch  4 never executed
branch  5 never executed
branch  6 never executed
branch  7 never executed
    #####:  474:        return;
    #####:  475:    errorPath.emplace_back(tok1, "First condition");
call    0 never executed
branch  1 never executed
branch  2 never executed
    #####:  476:    errorPath.emplace_back(tok2, "Second condition");
call    0 never executed
branch  1 never executed
branch  2 never executed
        -:  477:
    #####:  478:    std::string msg = "The if condition is the same as the previous if condition";
call    0 never executed
call    1 never executed
branch  2 never executed
branch  3 never executed
call    4 never executed
call    5 never executed
call    6 never executed
call    7 never executed
        -:  479:
    #####:  480:    reportError(errorPath, Severity::style, "duplicateCondition", msg, CWE398, false);
call    0 never executed
branch  1 never executed
branch  2 never executed
        -:  481:}
        -:  482:
function _ZN14CheckCondition14multiConditionEv called 0 returned 0% blocks executed 0%
    #####:  483:void CheckCondition::multiCondition()
        -:  484:{
    #####:  485:    if (!mSettings->isEnabled(Settings::STYLE))
call    0 never executed
branch  1 never executed
branch  2 never executed
    #####:  486:        return;
        -:  487:
    #####:  488:    const SymbolDatabase* const symbolDatabase = mTokenizer->getSymbolDatabase();
call    0 never executed
        -:  489:
    #####:  490:    for (const Scope &scope : symbolDatabase->scopeList) {
call    0 never executed
call    1 never executed
call    2 never executed
branch  3 never executed
branch  4 never executed
call    5 never executed
call    6 never executed
call    7 never executed
call    8 never executed
call    9 never executed
call   10 never executed
    #####:  491:        if (scope.type != Scope::eIf)
branch  0 never executed
branch  1 never executed
    #####:  492:            continue;
        -:  493:
    #####:  494:        const Token * const cond1 = scope.classDef->next()->astOperand2();
call    0 never executed
call    1 never executed
    #####:  495:        if (!cond1)
branch  0 never executed
branch  1 never executed
    #####:  496:            continue;
        -:  497:
    #####:  498:        const Token * tok2 = scope.classDef->next();
call    0 never executed
        -:  499:
        -:  500:        // Check each 'else if'
        -:  501:        for (;;) {
    #####:  502:            tok2 = tok2->link();
call    0 never executed
    #####:  503:            if (!Token::simpleMatch(tok2, ") {"))
call    0 never executed
branch  1 never executed
branch  2 never executed
branch  3 never executed
branch  4 never executed
    #####:  504:                break;
    #####:  505:            tok2 = tok2->linkAt(1);
call    0 never executed
branch  1 never executed
branch  2 never executed
    #####:  506:            if (!Token::simpleMatch(tok2, "} else { if ("))
call    0 never executed
branch  1 never executed
branch  2 never executed
branch  3 never executed
branch  4 never executed
    #####:  507:                break;
    #####:  508:            tok2 = tok2->tokAt(4);
call    0 never executed
branch  1 never executed
branch  2 never executed
        -:  509:
    #####:  510:            if (tok2->astOperand2() &&
call    0 never executed
branch  1 never executed
branch  2 never executed
branch  3 never executed
branch  4 never executed
    #####:  511:                !cond1->hasKnownIntValue() &&
branch  0 never executed
branch  1 never executed
call    2 never executed
branch  3 never executed
branch  4 never executed
branch  5 never executed
branch  6 never executed
    #####:  512:                !tok2->astOperand2()->hasKnownIntValue()) {
call    0 never executed
call    1 never executed
branch  2 never executed
branch  3 never executed
    #####:  513:                ErrorPath errorPath;
call    0 never executed
call    1 never executed
call    2 never executed
    #####:  514:                if (isOverlappingCond(cond1, tok2->astOperand2(), true))
call    0 never executed
call    1 never executed
branch  2 never executed
branch  3 never executed
branch  4 never executed
branch  5 never executed
    #####:  515:                    overlappingElseIfConditionError(tok2, cond1->linenr());
call    0 never executed
call    1 never executed
branch  2 never executed
branch  3 never executed
    #####:  516:                else if (isOppositeCond(true, mTokenizer->isCPP(), cond1, tok2->astOperand2(), mSettings->library, true, true, &errorPath))
call    0 never executed
call    1 never executed
call    2 never executed
branch  3 never executed
branch  4 never executed
branch  5 never executed
branch  6 never executed
    #####:  517:                    oppositeElseIfConditionError(cond1, tok2, errorPath);
call    0 never executed
branch  1 never executed
branch  2 never executed
call    3 never executed
branch  4 never executed
branch  5 never executed
call    6 never executed
call    7 never executed
        -:  518:            }
    #####:  519:        }
        -:  520:    }
        -:  521:}
        -:  522:
function _ZN14CheckCondition31overlappingElseIfConditionErrorEPK5Tokeni called 0 returned 0% blocks executed 0%
    #####:  523:void CheckCondition::overlappingElseIfConditionError(const Token *tok, nonneg int line1)
        -:  524:{
    #####:  525:    if (diag(tok))
call    0 never executed
branch  1 never executed
branch  2 never executed
branch  3 never executed
branch  4 never executed
    #####:  526:        return;
    #####:  527:    std::ostringstream errmsg;
call    0 never executed
branch  1 never executed
branch  2 never executed
call    3 never executed
call    4 never executed
    #####:  528:    errmsg << "Expression is always false because 'else if' condition matches previous condition at line "
call    0 never executed
branch  1 never executed
branch  2 never executed
    #####:  529:           << line1 << ".";
call    0 never executed
branch  1 never executed
branch  2 never executed
call    3 never executed
branch  4 never executed
branch  5 never executed
        -:  530:
    #####:  531:    reportError(tok, Severity::style, "multiCondition", errmsg.str(), CWE398, false);
call    0 never executed
branch  1 never executed
branch  2 never executed
call    3 never executed
branch  4 never executed
branch  5 never executed
call    6 never executed
call    7 never executed
        -:  532:}
        -:  533:
function _ZN14CheckCondition28oppositeElseIfConditionErrorEPK5TokenS2_NSt7__debug4listISt4pairIS2_NSt7__cxx1112basic_stringIcSt11char_traitsIcESaIcEEEESaISC_EEE called 0 returned 0% blocks executed 0%
    #####:  534:void CheckCondition::oppositeElseIfConditionError(const Token *ifCond, const Token *elseIfCond, ErrorPath errorPath)
        -:  535:{
    #####:  536:    if (diag(ifCond) & diag(elseIfCond))
call    0 never executed
branch  1 never executed
branch  2 never executed
call    3 never executed
branch  4 never executed
branch  5 never executed
branch  6 never executed
branch  7 never executed
    #####:  537:        return;
    #####:  538:    std::ostringstream errmsg;
call    0 never executed
branch  1 never executed
branch  2 never executed
call    3 never executed
call    4 never executed
    #####:  539:    errmsg << "Expression is always true because 'else if' condition is opposite to previous condition at line "
call    0 never executed
branch  1 never executed
branch  2 never executed
    #####:  540:           << ifCond->linenr() << ".";
call    0 never executed
call    1 never executed
branch  2 never executed
branch  3 never executed
call    4 never executed
branch  5 never executed
branch  6 never executed
        -:  541:
    #####:  542:    errorPath.emplace_back(ifCond, "first condition");
call    0 never executed
branch  1 never executed
branch  2 never executed
    #####:  543:    errorPath.emplace_back(elseIfCond, "else if condition is opposite to first condition");
call    0 never executed
branch  1 never executed
branch  2 never executed
        -:  544:
    #####:  545:    reportError(errorPath, Severity::style, "multiCondition", errmsg.str(), CWE398, false);
call    0 never executed
branch  1 never executed
branch  2 never executed
call    3 never executed
branch  4 never executed
branch  5 never executed
call    6 never executed
call    7 never executed
        -:  546:}
        -:  547:
        -:  548://---------------------------------------------------------------------------
        -:  549:// - Opposite inner conditions => always false
        -:  550:// - (TODO) Same/Overlapping inner condition => always true
        -:  551:// - same condition after early exit => always false
        -:  552://---------------------------------------------------------------------------
        -:  553:
function _ZL22isNonConstFunctionCallPK5TokenRK7Library called 0 returned 0% blocks executed 0%
    #####:  554:static bool isNonConstFunctionCall(const Token *ftok, const Library &library)
        -:  555:{
    #####:  556:    if (library.isFunctionConst(ftok))
call    0 never executed
branch  1 never executed
branch  2 never executed
    #####:  557:        return false;
    #####:  558:    const Token *obj = ftok->next()->astOperand1();
call    0 never executed
call    1 never executed
    #####:  559:    while (obj && obj->str() == ".")
branch  0 never executed
branch  1 never executed
call    2 never executed
call    3 never executed
branch  4 never executed
branch  5 never executed
branch  6 never executed
branch  7 never executed
    #####:  560:        obj = obj->astOperand1();
call    0 never executed
    #####:  561:    if (!obj)
branch  0 never executed
branch  1 never executed
    #####:  562:        return true;
    #####:  563:    else if (obj->variable() && obj->variable()->isConst())
call    0 never executed
branch  1 never executed
branch  2 never executed
call    3 never executed
call    4 never executed
branch  5 never executed
branch  6 never executed
branch  7 never executed
branch  8 never executed
    #####:  564:        return false;
    #####:  565:    else if (ftok->function() && ftok->function()->isConst())
call    0 never executed
branch  1 never executed
branch  2 never executed
call    3 never executed
call    4 never executed
branch  5 never executed
branch  6 never executed
branch  7 never executed
branch  8 never executed
    #####:  566:        return false;
    #####:  567:    return true;
        -:  568:}
        -:  569:
function _ZN14CheckCondition15multiCondition2Ev called 0 returned 0% blocks executed 0%
    #####:  570:void CheckCondition::multiCondition2()
        -:  571:{
    #####:  572:    if (!mSettings->isEnabled(Settings::WARNING))
call    0 never executed
branch  1 never executed
branch  2 never executed
    #####:  573:        return;
        -:  574:
    #####:  575:    const SymbolDatabase *symbolDatabase = mTokenizer->getSymbolDatabase();
call    0 never executed
        -:  576:
    #####:  577:    for (const Scope &scope : symbolDatabase->scopeList) {
call    0 never executed
call    1 never executed
call    2 never executed
branch  3 never executed
branch  4 never executed
call    5 never executed
call    6 never executed
call    7 never executed
call    8 never executed
call    9 never executed
call   10 never executed
    #####:  578:        const Token *condTok = nullptr;
    #####:  579:        if (scope.type == Scope::eIf || scope.type == Scope::eWhile)
branch  0 never executed
branch  1 never executed
branch  2 never executed
branch  3 never executed
    #####:  580:            condTok = scope.classDef->next()->astOperand2();
call    0 never executed
call    1 never executed
    #####:  581:        else if (scope.type == Scope::eFor) {
branch  0 never executed
branch  1 never executed
    #####:  582:            condTok = scope.classDef->next()->astOperand2();
call    0 never executed
call    1 never executed
    #####:  583:            if (!condTok || condTok->str() != ";")
branch  0 never executed
branch  1 never executed
call    2 never executed
call    3 never executed
branch  4 never executed
branch  5 never executed
branch  6 never executed
branch  7 never executed
    #####:  584:                continue;
    #####:  585:            condTok = condTok->astOperand2();
call    0 never executed
    #####:  586:            if (!condTok || condTok->str() != ";")
branch  0 never executed
branch  1 never executed
call    2 never executed
call    3 never executed
branch  4 never executed
branch  5 never executed
branch  6 never executed
branch  7 never executed
    #####:  587:                continue;
    #####:  588:            condTok = condTok->astOperand1();
call    0 never executed
        -:  589:        }
    #####:  590:        if (!condTok)
branch  0 never executed
branch  1 never executed
    #####:  591:            continue;
    #####:  592:        const Token * const cond1 = condTok;
        -:  593:
    #####:  594:        if (!Token::simpleMatch(scope.classDef->linkAt(1), ") {"))
call    0 never executed
branch  1 never executed
branch  2 never executed
call    3 never executed
branch  4 never executed
branch  5 never executed
branch  6 never executed
branch  7 never executed
    #####:  595:            continue;
        -:  596:
    #####:  597:        bool nonConstFunctionCall = false;
    #####:  598:        bool nonlocal = false; // nonlocal variable used in condition
    #####:  599:        std::set<int> vars; // variables used in condition
call    0 never executed
call    1 never executed
    #####:  600:        visitAstNodes(condTok,
call    0 never executed
branch  1 never executed
branch  2 never executed
call    3 never executed
branch  4 never executed
branch  5 never executed
call    6 never executed
call    7 never executed
call    8 never executed
function _ZZN14CheckCondition15multiCondition2EvENKUlPK5TokenE_clES2_ called 0 returned 0% blocks executed 0%
    #####:  601:        [&](const Token *cond) {
    #####:  602:            if (Token::Match(cond, "%name% (")) {
call    0 never executed
branch  1 never executed
branch  2 never executed
    #####:  603:                nonConstFunctionCall = isNonConstFunctionCall(cond, mSettings->library);
call    0 never executed
    #####:  604:                if (nonConstFunctionCall)
branch  0 never executed
branch  1 never executed
    #####:  605:                    return ChildrenToVisit::done;
        -:  606:            }
        -:  607:
    #####:  608:            if (cond->varId()) {
call    0 never executed
branch  1 never executed
branch  2 never executed
    #####:  609:                vars.insert(cond->varId());
call    0 never executed
call    1 never executed
branch  2 never executed
branch  3 never executed
call    4 never executed
    #####:  610:                const Variable *var = cond->variable();
call    0 never executed
    #####:  611:                if (!nonlocal && var) {
branch  0 never executed
branch  1 never executed
branch  2 never executed
branch  3 never executed
    #####:  612:                    if (!(var->isLocal() || var->isArgument()))
call    0 never executed
branch  1 never executed
branch  2 never executed
call    3 never executed
branch  4 never executed
branch  5 never executed
branch  6 never executed
branch  7 never executed
    #####:  613:                        nonlocal = true;
    #####:  614:                    else if ((var->isPointer() || var->isReference()) && !Token::Match(cond->astParent(), "%oror%|&&|!"))
call    0 never executed
branch  1 never executed
branch  2 never executed
call    3 never executed
branch  4 never executed
branch  5 never executed
call    6 never executed
call    7 never executed
branch  8 never executed
branch  9 never executed
branch 10 never executed
branch 11 never executed
        -:  615:                        // TODO: if var is pointer check what it points at
    #####:  616:                        nonlocal = true;
        -:  617:                }
    #####:  618:            } else if (!nonlocal && cond->isName()) {
branch  0 never executed
branch  1 never executed
call    2 never executed
branch  3 never executed
branch  4 never executed
branch  5 never executed
branch  6 never executed
        -:  619:                // varid is 0. this is possibly a nonlocal variable..
    #####:  620:                nonlocal = Token::Match(cond->astParent(), "%cop%|(|[") || Token::Match(cond, "%name% .") || (mTokenizer->isCPP() && cond->str() == "this");
call    0 never executed
call    1 never executed
branch  2 never executed
branch  3 never executed
call    4 never executed
branch  5 never executed
branch  6 never executed
call    7 never executed
branch  8 never executed
branch  9 never executed
call   10 never executed
call   11 never executed
branch 12 never executed
branch 13 never executed
        -:  621:            } else {
    #####:  622:                return ChildrenToVisit::op1_and_op2;
        -:  623:            }
    #####:  624:            return ChildrenToVisit::none;
        -:  625:        });
        -:  626:
    #####:  627:        if (nonConstFunctionCall)
branch  0 never executed
branch  1 never executed
    #####:  628:            continue;
        -:  629:
        -:  630:        // parse until second condition is reached..
        -:  631:        enum MULTICONDITIONTYPE { INNER, AFTER };
        -:  632:        const Token *tok;
        -:  633:
        -:  634:        // Parse inner condition first and then early return condition
    #####:  635:        std::vector<MULTICONDITIONTYPE> types = {MULTICONDITIONTYPE::INNER};
call    0 never executed
call    1 never executed
branch  2 never executed
branch  3 never executed
call    4 never executed
call    5 never executed
call    6 never executed
branch  7 never executed
branch  8 never executed
call    9 never executed
    #####:  636:        if (Token::Match(scope.bodyStart, "{ return|throw|continue|break"))
call    0 never executed
branch  1 never executed
branch  2 never executed
branch  3 never executed
branch  4 never executed
    #####:  637:            types.push_back(MULTICONDITIONTYPE::AFTER);
call    0 never executed
branch  1 never executed
branch  2 never executed
    #####:  638:        for (MULTICONDITIONTYPE type:types) {
call    0 never executed
call    1 never executed
call    2 never executed
branch  3 never executed
branch  4 never executed
call    5 never executed
call    6 never executed
call    7 never executed
call    8 never executed
call    9 never executed
call   10 never executed
    #####:  639:            if (type == MULTICONDITIONTYPE::AFTER) {
branch  0 never executed
branch  1 never executed
    #####:  640:                tok = scope.bodyEnd->next();
call    0 never executed
        -:  641:            } else {
    #####:  642:                tok = scope.bodyStart;
        -:  643:            }
    #####:  644:            const Token * const endToken = tok->scope()->bodyEnd;
call    0 never executed
        -:  645:
    #####:  646:            for (; tok && tok != endToken; tok = tok->next()) {
branch  0 never executed
branch  1 never executed
branch  2 never executed
branch  3 never executed
call    4 never executed
    #####:  647:                if (Token::Match(tok, "if|return")) {
call    0 never executed
branch  1 never executed
branch  2 never executed
branch  3 never executed
branch  4 never executed
    #####:  648:                    const Token * condStartToken = tok->str() == "if" ? tok->next() : tok;
call    0 never executed
call    1 never executed
branch  2 never executed
branch  3 never executed
call    4 never executed
    #####:  649:                    const Token * condEndToken = tok->str() == "if" ? condStartToken->link() : Token::findsimplematch(condStartToken, ";");
call    0 never executed
call    1 never executed
branch  2 never executed
branch  3 never executed
call    4 never executed
call    5 never executed
branch  6 never executed
branch  7 never executed
        -:  650:                    // Does condition modify tracked variables?
    #####:  651:                    if (const Token *op = Token::findmatch(tok, "++|--", condEndToken)) {
call    0 never executed
branch  1 never executed
branch  2 never executed
branch  3 never executed
branch  4 never executed
    #####:  652:                        bool bailout = false;
    #####:  653:                        while (op) {
branch  0 never executed
branch  1 never executed
    #####:  654:                            if (vars.find(op->astOperand1()->varId()) != vars.end()) {
call    0 never executed
call    1 never executed
call    2 never executed
call    3 never executed
branch  4 never executed
branch  5 never executed
call    6 never executed
call    7 never executed
call    8 never executed
branch  9 never executed
branch 10 never executed
call   11 never executed
    #####:  655:                                bailout = true;
    #####:  656:                                break;
        -:  657:                            }
    #####:  658:                            if (nonlocal && op->astOperand1()->varId() == 0) {
branch  0 never executed
branch  1 never executed
call    2 never executed
call    3 never executed
branch  4 never executed
branch  5 never executed
branch  6 never executed
branch  7 never executed
    #####:  659:                                bailout = true;
    #####:  660:                                break;
        -:  661:                            }
    #####:  662:                            op = Token::findmatch(op->next(), "++|--", condEndToken);
call    0 never executed
call    1 never executed
branch  2 never executed
branch  3 never executed
        -:  663:                        }
    #####:  664:                        if (bailout)
branch  0 never executed
branch  1 never executed
    #####:  665:                            break;
        -:  666:                    }
        -:  667:
        -:  668:                    // Condition..
    #####:  669:                    const Token *cond2 = tok->str() == "if" ? condStartToken->astOperand2() : condStartToken->astOperand1();
call    0 never executed
call    1 never executed
branch  2 never executed
branch  3 never executed
call    4 never executed
call    5 never executed
    #####:  670:                    const bool isReturnVar = (tok->str() == "return" && !Token::Match(cond2, "%cop%"));
call    0 never executed
call    1 never executed
branch  2 never executed
branch  3 never executed
call    4 never executed
branch  5 never executed
branch  6 never executed
branch  7 never executed
branch  8 never executed
        -:  671:
    #####:  672:                    ErrorPath errorPath;
call    0 never executed
call    1 never executed
call    2 never executed
        -:  673:
    #####:  674:                    if (type == MULTICONDITIONTYPE::INNER) {
branch  0 never executed
branch  1 never executed
    #####:  675:                        std::stack<const Token *> tokens1;
call    0 never executed
branch  1 never executed
branch  2 never executed
call    3 never executed
call    4 never executed
    #####:  676:                        tokens1.push(cond1);
call    0 never executed
branch  1 never executed
branch  2 never executed
    #####:  677:                        while (!tokens1.empty()) {
call    0 never executed
branch  1 never executed
branch  2 never executed
    #####:  678:                            const Token *firstCondition = tokens1.top();
call    0 never executed
branch  1 never executed
branch  2 never executed
    #####:  679:                            tokens1.pop();
call    0 never executed
branch  1 never executed
branch  2 never executed
    #####:  680:                            if (!firstCondition)
branch  0 never executed
branch  1 never executed
    #####:  681:                                continue;
    #####:  682:                            if (firstCondition->str() == "&&") {
call    0 never executed
call    1 never executed
branch  2 never executed
branch  3 never executed
    #####:  683:                                tokens1.push(firstCondition->astOperand1());
call    0 never executed
call    1 never executed
branch  2 never executed
branch  3 never executed
[...]
call    0 never executed
call    1 never executed
call    2 never executed
branch  3 never executed
branch  4 never executed
branch  5 never executed
branch  6 never executed
    #####: 1494:                termToken = calcToken->astOperand1();
call    0 never executed
        -: 1495:            else
    #####: 1496:                continue;
        -: 1497:
    #####: 1498:            if (!termToken)
branch  0 never executed
branch  1 never executed
    #####: 1499:                continue;
        -: 1500:
        -: 1501:            // Only warn when termToken is always positive
    #####: 1502:            if (termToken->valueType() && termToken->valueType()->sign == ValueType::Sign::UNSIGNED)
call    0 never executed
branch  1 never executed
branch  2 never executed
call    3 never executed
branch  4 never executed
branch  5 never executed
branch  6 never executed
branch  7 never executed
    #####: 1503:                invalidTestForOverflow(tok, result);
call    0 never executed
branch  1 never executed
branch  2 never executed
    #####: 1504:            else if (termToken->isNumber() && MathLib::isPositive(termToken->str()))
call    0 never executed
branch  1 never executed
branch  2 never executed
call    3 never executed
call    4 never executed
branch  5 never executed
branch  6 never executed
branch  7 never executed
branch  8 never executed
branch  9 never executed
branch 10 never executed
    #####: 1505:                invalidTestForOverflow(tok, result);
call    0 never executed
branch  1 never executed
branch  2 never executed
        -: 1506:        }
        -: 1507:    }
        -: 1508:}
        -: 1509:
function _ZN14CheckCondition22invalidTestForOverflowEPK5Tokenb called 0 returned 0% blocks executed 0%
    #####: 1510:void CheckCondition::invalidTestForOverflow(const Token* tok, bool result)
        -: 1511:{
    #####: 1512:    const std::string errmsg = "Invalid test for overflow '" +
call    0 never executed
branch  1 never executed
branch  2 never executed
call    3 never executed
call    4 never executed
    #####: 1513:                               (tok ? tok->expressionString() : std::string("x + u < x")) +
branch  0 never executed
branch  1 never executed
call    2 never executed
branch  3 never executed
branch  4 never executed
call    5 never executed
call    6 never executed
branch  7 never executed
branch  8 never executed
call    9 never executed
branch 10 never executed
branch 11 never executed
call   12 never executed
branch 13 never executed
branch 14 never executed
call   15 never executed
call   16 never executed
call   17 never executed
branch 18 never executed
branch 19 never executed
call   20 never executed
call   21 never executed
    #####: 1514:                               "'. Condition is always " +
call    0 never executed
branch  1 never executed
branch  2 never executed
call    3 never executed
call    4 never executed
    #####: 1515:                               std::string(result ? "true" : "false") +
call    0 never executed
branch  1 never executed
branch  2 never executed
call    3 never executed
branch  4 never executed
branch  5 never executed
call    6 never executed
call    7 never executed
    #####: 1516:                               " unless there is overflow, and overflow is undefined behaviour.";
call    0 never executed
branch  1 never executed
branch  2 never executed
call    3 never executed
call    4 never executed
call    5 never executed
    #####: 1517:    reportError(tok, Severity::warning, "invalidTestForOverflow", errmsg, (result ? CWE571 : CWE570), false);
branch  0 never executed
branch  1 never executed
call    2 never executed
branch  3 never executed
branch  4 never executed
call    5 never executed
branch  6 never executed
branch  7 never executed
call    8 never executed
call    9 never executed
    #####: 1518:}
call    0 never executed
        -: 1519:
        -: 1520:
function _ZN14CheckCondition33checkPointerAdditionResultNotNullEv called 0 returned 0% blocks executed 0%
    #####: 1521:void CheckCondition::checkPointerAdditionResultNotNull()
        -: 1522:{
    #####: 1523:    if (!mSettings->isEnabled(Settings::WARNING))
call    0 never executed
branch  1 never executed
branch  2 never executed
    #####: 1524:        return;
        -: 1525:
    #####: 1526:    const SymbolDatabase *symbolDatabase = mTokenizer->getSymbolDatabase();
call    0 never executed
    #####: 1527:    for (const Scope * scope : symbolDatabase->functionScopes) {
call    0 never executed
call    1 never executed
call    2 never executed
branch  3 never executed
branch  4 never executed
call    5 never executed
call    6 never executed
call    7 never executed
call    8 never executed
call    9 never executed
call   10 never executed
        -: 1528:
    #####: 1529:        for (const Token* tok = scope->bodyStart; tok != scope->bodyEnd; tok = tok->next()) {
branch  0 never executed
branch  1 never executed
call    2 never executed
    #####: 1530:            if (!tok->isComparisonOp() || !tok->astOperand1() || !tok->astOperand2())
call    0 never executed
branch  1 never executed
branch  2 never executed
call    3 never executed
branch  4 never executed
branch  5 never executed
call    6 never executed
branch  7 never executed
branch  8 never executed
branch  9 never executed
branch 10 never executed
    #####: 1531:                continue;
        -: 1532:
        -: 1533:            // Macros might have pointless safety checks
    #####: 1534:            if (tok->isExpandedMacro())
call    0 never executed
branch  1 never executed
branch  2 never executed
branch  3 never executed
branch  4 never executed
    #####: 1535:                continue;
        -: 1536:
        -: 1537:            const Token *calcToken, *exprToken;
    #####: 1538:            if (tok->astOperand1()->str() == "+") {
call    0 never executed
call    1 never executed
call    2 never executed
branch  3 never executed
branch  4 never executed
    #####: 1539:                calcToken = tok->astOperand1();
call    0 never executed
    #####: 1540:                exprToken = tok->astOperand2();
call    0 never executed
    #####: 1541:            } else if (tok->astOperand2()->str() == "+") {
call    0 never executed
call    1 never executed
call    2 never executed
branch  3 never executed
branch  4 never executed
    #####: 1542:                calcToken = tok->astOperand2();
call    0 never executed
    #####: 1543:                exprToken = tok->astOperand1();
call    0 never executed
        -: 1544:            } else
    #####: 1545:                continue;
        -: 1546:
        -: 1547:            // pointer comparison against NULL (ptr+12==0)
    #####: 1548:            if (calcToken->hasKnownIntValue())
call    0 never executed
branch  1 never executed
branch  2 never executed
branch  3 never executed
branch  4 never executed
    #####: 1549:                continue;
    #####: 1550:            if (!calcToken->valueType() || calcToken->valueType()->pointer==0)
call    0 never executed
branch  1 never executed
branch  2 never executed
call    3 never executed
branch  4 never executed
branch  5 never executed
branch  6 never executed
branch  7 never executed
    #####: 1551:                continue;
    #####: 1552:            if (!exprToken->hasKnownIntValue() || !exprToken->getValue(0))
call    0 never executed
branch  1 never executed
branch  2 never executed
branch  3 never executed
branch  4 never executed
call    5 never executed
branch  6 never executed
branch  7 never executed
branch  8 never executed
branch  9 never executed
branch 10 never executed
branch 11 never executed
    #####: 1553:                continue;
        -: 1554:
    #####: 1555:            pointerAdditionResultNotNullError(tok, calcToken);
call    0 never executed
branch  1 never executed
branch  2 never executed
        -: 1556:        }
        -: 1557:    }
        -: 1558:}
        -: 1559:
function _ZN14CheckCondition33pointerAdditionResultNotNullErrorEPK5TokenS2_ called 0 returned 0% blocks executed 0%
    #####: 1560:void CheckCondition::pointerAdditionResultNotNullError(const Token *tok, const Token *calc)
        -: 1561:{
    #####: 1562:    const std::string s = calc ? calc->expressionString() : "ptr+1";
branch  0 never executed
branch  1 never executed
call    2 never executed
branch  3 never executed
branch  4 never executed
call    5 never executed
call    6 never executed
branch  7 never executed
branch  8 never executed
branch  9 never executed
branch 10 never executed
call   11 never executed
call   12 never executed
branch 13 never executed
branch 14 never executed
call   15 never executed
call   16 never executed
    #####: 1563:    reportError(tok, Severity::warning, "pointerAdditionResultNotNull", "Comparison is wrong. Result of '" + s + "' can't be 0 unless there is pointer overflow, and pointer overflow is undefined behaviour.");
call    0 never executed
branch  1 never executed
branch  2 never executed
call    3 never executed
branch  4 never executed
branch  5 never executed
call    6 never executed
branch  7 never executed
branch  8 never executed
call    9 never executed
call   10 never executed
call   11 never executed
call   12 never executed
    #####: 1564:}
        -: 1565:
function _ZN14CheckCondition31checkDuplicateConditionalAssignEv called 0 returned 0% blocks executed 0%
    #####: 1566:void CheckCondition::checkDuplicateConditionalAssign()
        -: 1567:{
    #####: 1568:    if (!mSettings->isEnabled(Settings::STYLE))
call    0 never executed
branch  1 never executed
branch  2 never executed
    #####: 1569:        return;
        -: 1570:
    #####: 1571:    const SymbolDatabase *symbolDatabase = mTokenizer->getSymbolDatabase();
call    0 never executed
    #####: 1572:    for (const Scope *scope : symbolDatabase->functionScopes) {
call    0 never executed
call    1 never executed
call    2 never executed
branch  3 never executed
branch  4 never executed
call    5 never executed
call    6 never executed
call    7 never executed
call    8 never executed
call    9 never executed
call   10 never executed
    #####: 1573:        for (const Token *tok = scope->bodyStart; tok != scope->bodyEnd; tok = tok->next()) {
branch  0 never executed
branch  1 never executed
call    2 never executed
    #####: 1574:            if (!Token::simpleMatch(tok, "if ("))
call    0 never executed
branch  1 never executed
branch  2 never executed
branch  3 never executed
branch  4 never executed
    #####: 1575:                continue;
    #####: 1576:            if (!Token::simpleMatch(tok->next()->link(), ") {"))
call    0 never executed
call    1 never executed
call    2 never executed
branch  3 never executed
branch  4 never executed
branch  5 never executed
branch  6 never executed
    #####: 1577:                continue;
    #####: 1578:            const Token *blockTok = tok->next()->link()->next();
call    0 never executed
call    1 never executed
call    2 never executed
    #####: 1579:            const Token *condTok = tok->next()->astOperand2();
call    0 never executed
call    1 never executed
    #####: 1580:            if (!Token::Match(condTok, "==|!="))
call    0 never executed
branch  1 never executed
branch  2 never executed
branch  3 never executed
branch  4 never executed
    #####: 1581:                continue;
    #####: 1582:            if (condTok->str() == "!=" && Token::simpleMatch(blockTok->link(), "} else {"))
call    0 never executed
call    1 never executed
branch  2 never executed
branch  3 never executed
call    4 never executed
call    5 never executed
branch  6 never executed
branch  7 never executed
branch  8 never executed
branch  9 never executed
branch 10 never executed
branch 11 never executed
    #####: 1583:                continue;
    #####: 1584:            if (!blockTok->next())
call    0 never executed
branch  1 never executed
branch  2 never executed
    #####: 1585:                continue;
    #####: 1586:            const Token *assignTok = blockTok->next()->astTop();
call    0 never executed
call    1 never executed
    #####: 1587:            if (!Token::simpleMatch(assignTok, "="))
call    0 never executed
branch  1 never executed
branch  2 never executed
branch  3 never executed
branch  4 never executed
    #####: 1588:                continue;
    #####: 1589:            if (nextAfterAstRightmostLeaf(assignTok) != blockTok->link()->previous())
call    0 never executed
branch  1 never executed
branch  2 never executed
call    3 never executed
call    4 never executed
branch  5 never executed
branch  6 never executed
    #####: 1590:                continue;
    #####: 1591:            if (!isSameExpression(
call    0 never executed
call    1 never executed
call    2 never executed
branch  3 never executed
branch  4 never executed
branch  5 never executed
branch  6 never executed
    #####: 1592:                    mTokenizer->isCPP(), true, condTok->astOperand1(), assignTok->astOperand1(), mSettings->library, true, true))
call    0 never executed
    #####: 1593:                continue;
    #####: 1594:            if (!isSameExpression(
call    0 never executed
call    1 never executed
call    2 never executed
branch  3 never executed
branch  4 never executed
branch  5 never executed
branch  6 never executed
    #####: 1595:                    mTokenizer->isCPP(), true, condTok->astOperand2(), assignTok->astOperand2(), mSettings->library, true, true))
call    0 never executed
    #####: 1596:                continue;
    #####: 1597:            duplicateConditionalAssignError(condTok, assignTok);
call    0 never executed
branch  1 never executed
branch  2 never executed
        -: 1598:        }
        -: 1599:    }
        -: 1600:}
        -: 1601:
function _ZN14CheckCondition31duplicateConditionalAssignErrorEPK5TokenS2_ called 0 returned 0% blocks executed 0%
    #####: 1602:void CheckCondition::duplicateConditionalAssignError(const Token *condTok, const Token* assignTok)
        -: 1603:{
    #####: 1604:    ErrorPath errors;
call    0 never executed
call    1 never executed
call    2 never executed
    #####: 1605:    std::string msg = "Duplicate expression for the condition and assignment.";
call    0 never executed
call    1 never executed
branch  2 never executed
branch  3 never executed
call    4 never executed
call    5 never executed
call    6 never executed
    #####: 1606:    if (condTok && assignTok) {
branch  0 never executed
branch  1 never executed
branch  2 never executed
branch  3 never executed
    #####: 1607:        if (condTok->str() == "==") {
call    0 never executed
call    1 never executed
branch  2 never executed
branch  3 never executed
    #####: 1608:            msg = "Assignment '" + assignTok->expressionString() + "' is redundant with condition '" + condTok->expressionString() + "'.";
call    0 never executed
branch  1 never executed
branch  2 never executed
call    3 never executed
branch  4 never executed
branch  5 never executed
call    6 never executed
branch  7 never executed
branch  8 never executed
call    9 never executed
branch 10 never executed
branch 11 never executed
call   12 never executed
branch 13 never executed
branch 14 never executed
call   15 never executed
branch 16 never executed
branch 17 never executed
call   18 never executed
call   19 never executed
call   20 never executed
call   21 never executed
call   22 never executed
call   23 never executed
call   24 never executed
call   25 never executed
call   26 never executed
call   27 never executed
call   28 never executed
call   29 never executed
    #####: 1609:            errors.emplace_back(condTok, "Condition '" + condTok->expressionString() + "'");
call    0 never executed
branch  1 never executed
branch  2 never executed
call    3 never executed
branch  4 never executed
branch  5 never executed
call    6 never executed
branch  7 never executed
branch  8 never executed
call    9 never executed
branch 10 never executed
branch 11 never executed
call   12 never executed
call   13 never executed
call   14 never executed
call   15 never executed
call   16 never executed
call   17 never executed
    #####: 1610:            errors.emplace_back(assignTok, "Assignment '" + assignTok->expressionString() + "' is redundant");
call    0 never executed
branch  1 never executed
branch  2 never executed
call    3 never executed
branch  4 never executed
branch  5 never executed
call    6 never executed
branch  7 never executed
branch  8 never executed
call    9 never executed
branch 10 never executed
branch 11 never executed
call   12 never executed
call   13 never executed
call   14 never executed
call   15 never executed
call   16 never executed
call   17 never executed
        -: 1611:        } else {
    #####: 1612:            msg = "The statement 'if (" + condTok->expressionString() + ") " + assignTok->expressionString() + "' is logically equivalent to '" + assignTok->expressionString() + "'.";
call    0 never executed
branch  1 never executed
branch  2 never executed
call    3 never executed
branch  4 never executed
branch  5 never executed
call    6 never executed
branch  7 never executed
branch  8 never executed
call    9 never executed
branch 10 never executed
branch 11 never executed
call   12 never executed
branch 13 never executed
branch 14 never executed
call   15 never executed
branch 16 never executed
branch 17 never executed
call   18 never executed
branch 19 never executed
branch 20 never executed
call   21 never executed
branch 22 never executed
branch 23 never executed
call   24 never executed
branch 25 never executed
branch 26 never executed
call   27 never executed
call   28 never executed
call   29 never executed
call   30 never executed
call   31 never executed
call   32 never executed
call   33 never executed
call   34 never executed
call   35 never executed
call   36 never executed
call   37 never executed
call   38 never executed
call   39 never executed
call   40 never executed
call   41 never executed
call   42 never executed
call   43 never executed
call   44 never executed
    #####: 1613:            errors.emplace_back(assignTok, "Assignment '" + assignTok->expressionString() + "'");
call    0 never executed
branch  1 never executed
branch  2 never executed
call    3 never executed
branch  4 never executed
branch  5 never executed
call    6 never executed
branch  7 never executed
branch  8 never executed
call    9 never executed
branch 10 never executed
branch 11 never executed
call   12 never executed
call   13 never executed
call   14 never executed
call   15 never executed
call   16 never executed
call   17 never executed
    #####: 1614:            errors.emplace_back(condTok, "Condition '" + condTok->expressionString() + "' is redundant");
call    0 never executed
branch  1 never executed
branch  2 never executed
call    3 never executed
branch  4 never executed
branch  5 never executed
call    6 never executed
branch  7 never executed
branch  8 never executed
call    9 never executed
branch 10 never executed
branch 11 never executed
call   12 never executed
call   13 never executed
call   14 never executed
call   15 never executed
call   16 never executed
call   17 never executed
        -: 1615:        }
        -: 1616:    }
        -: 1617:
    #####: 1618:    reportError(
call    0 never executed
branch  1 never executed
branch  2 never executed
        -: 1619:        errors, Severity::style, "duplicateConditionalAssign", msg, CWE398, false);
function _GLOBAL__sub_I__ZN14CheckCondition4diagEPK5Tokenb called 1 returned 100% blocks executed 100%
function _Z41__static_initialization_and_destruction_0ii called 1 returned 100% blocks executed 100%
        3: 1620:}
call    0 returned 100%
branch  1 taken 100% (fallthrough)
branch  2 taken 0%
branch  3 taken 100% (fallthrough)
branch  4 taken 0%
call    5 never executed
