        -:    0:Source:/home/workspace/lib/library.cpp
        -:    0:Graph:/home/workspace/build/lib/CMakeFiles/lib_objs.dir/library.gcno
        -:    0:Data:/home/workspace/build/lib/CMakeFiles/lib_objs.dir/library.gcda
        -:    0:Runs:1
        -:    0:Programs:1
        -:    1:/*
        -:    2: * Cppcheck - A tool for static C/C++ code analysis
        -:    3: * Copyright (C) 2007-2019 Cppcheck team.
        -:    4: *
        -:    5: * This program is free software: you can redistribute it and/or modify
        -:    6: * it under the terms of the GNU General Public License as published by
        -:    7: * the Free Software Foundation, either version 3 of the License, or
        -:    8: * (at your option) any later version.
        -:    9: *
        -:   10: * This program is distributed in the hope that it will be useful,
        -:   11: * but WITHOUT ANY WARRANTY; without even the implied warranty of
        -:   12: * MERCHANTABILITY or FITNESS FOR A PARTICULAR PURPOSE.  See the
        -:   13: * GNU General Public License for more details.
        -:   14: *
        -:   15: * You should have received a copy of the GNU General Public License
        -:   16: * along with this program.  If not, see <http://www.gnu.org/licenses/>.
        -:   17: */
        -:   18:
        -:   19:#include "library.h"
        -:   20:
        -:   21:#include "astutils.h"
        -:   22:#include "mathlib.h"
        -:   23:#include "path.h"
        -:   24:#include "symboldatabase.h"
        -:   25:#include "tinyxml2.h"
        -:   26:#include "token.h"
        -:   27:#include "tokenlist.h"
        -:   28:#include "utils.h"
        -:   29:
        -:   30:#include <cctype>
        -:   31:#include <cstdlib>
        -:   32:#include <cstring>
        -:   33:#include <list>
        -:   34:
function _ZL8getnamesPKc called 0 returned 0% blocks executed 0%
    #####:   35:static std::vector<std::string> getnames(const char *names)
        -:   36:{
    #####:   37:    std::vector<std::string> ret;
call    0 never executed
    #####:   38:    while (const char *p = std::strchr(names,',')) {
branch  0 never executed
branch  1 never executed
    #####:   39:        ret.emplace_back(names, p-names);
call    0 never executed
branch  1 never executed
branch  2 never executed
    #####:   40:        names = p + 1;
    #####:   41:    }
    #####:   42:    ret.push_back(names);
call    0 never executed
call    1 never executed
branch  2 never executed
branch  3 never executed
call    4 never executed
branch  5 never executed
branch  6 never executed
call    7 never executed
call    8 never executed
call    9 never executed
call   10 never executed
call   11 never executed
    #####:   43:    return ret;
        -:   44:}
        -:   45:
function _ZL21gettokenlistfromvalidRKNSt7__cxx1112basic_stringIcSt11char_traitsIcESaIcEEER9TokenList called 0 returned 0% blocks executed 0%
    #####:   46:static void gettokenlistfromvalid(const std::string& valid, TokenList& tokenList)
        -:   47:{
    #####:   48:    std::istringstream istr(valid + ',');
call    0 never executed
branch  1 never executed
branch  2 never executed
call    3 never executed
branch  4 never executed
branch  5 never executed
call    6 never executed
call    7 never executed
call    8 never executed
    #####:   49:    tokenList.createTokens(istr);
call    0 never executed
branch  1 never executed
branch  2 never executed
    #####:   50:    for (Token *tok = tokenList.front(); tok; tok = tok->next()) {
call    0 never executed
branch  1 never executed
branch  2 never executed
call    3 never executed
    #####:   51:        if (Token::Match(tok,"- %num%")) {
call    0 never executed
branch  1 never executed
branch  2 never executed
branch  3 never executed
branch  4 never executed
    #####:   52:            tok->str("-" + tok->strAt(1));
call    0 never executed
branch  1 never executed
branch  2 never executed
call    3 never executed
branch  4 never executed
branch  5 never executed
call    6 never executed
branch  7 never executed
branch  8 never executed
call    9 never executed
call   10 never executed
    #####:   53:            tok->deleteNext();
call    0 never executed
branch  1 never executed
branch  2 never executed
        -:   54:        }
        -:   55:    }
    #####:   56:}
call    0 never executed
        -:   57:
function _ZN7LibraryC2Ev called 60 returned 100% blocks executed 100%
       60:   58:Library::Library() : mAllocId(0)
call    0 returned 100%
call    1 returned 100%
call    2 returned 100%
call    3 returned 100%
call    4 returned 100%
call    5 returned 100%
call    6 returned 100%
call    7 returned 100%
call    8 returned 100%
call    9 returned 100%
call   10 returned 100%
call   11 returned 100%
call   12 returned 100%
call   13 returned 100%
call   14 returned 100%
call   15 returned 100%
call   16 returned 100%
call   17 returned 100%
call   18 returned 100%
call   19 returned 100%
call   20 returned 100%
call   21 returned 100%
call   22 returned 100%
call   23 returned 100%
call   24 returned 100%
call   25 returned 100%
        -:   59:{
       60:   60:}
        -:   61:
function _ZN7Library4loadEPKcS1_ called 0 returned 0% blocks executed 0%
    #####:   62:Library::Error Library::load(const char exename[], const char path[])
        -:   63:{
    #####:   64:    if (std::strchr(path,',') != nullptr) {
branch  0 never executed
branch  1 never executed
    #####:   65:        std::string p(path);
call    0 never executed
call    1 never executed
branch  2 never executed
branch  3 never executed
call    4 never executed
call    5 never executed
call    6 never executed
        -:   66:        for (;;) {
    #####:   67:            const std::string::size_type pos = p.find(',');
call    0 never executed
    #####:   68:            if (pos == std::string::npos)
branch  0 never executed
branch  1 never executed
    #####:   69:                break;
    #####:   70:            const Error &e = load(exename, p.substr(0,pos).c_str());
call    0 never executed
branch  1 never executed
branch  2 never executed
call    3 never executed
call    4 never executed
branch  5 never executed
branch  6 never executed
call    7 never executed
call    8 never executed
call    9 never executed
    #####:   71:            if (e.errorcode != OK)
branch  0 never executed
branch  1 never executed
    #####:   72:                return e;
call    0 never executed
branch  1 never executed
branch  2 never executed
    #####:   73:            p = p.substr(pos+1);
call    0 never executed
branch  1 never executed
branch  2 never executed
call    3 never executed
call    4 never executed
call    5 never executed
branch  6 never executed
branch  7 never executed
    #####:   74:        }
    #####:   75:        if (!p.empty())
call    0 never executed
branch  1 never executed
branch  2 never executed
    #####:   76:            return load(exename, p.c_str());
call    0 never executed
call    1 never executed
branch  2 never executed
branch  3 never executed
    #####:   77:        return Error();
call    0 never executed
        -:   78:    }
        -:   79:
    #####:   80:    std::string absolute_path;
call    0 never executed
call    1 never executed
call    2 never executed
call    3 never executed
        -:   81:    // open file..
    #####:   82:    tinyxml2::XMLDocument doc;
call    0 never executed
branch  1 never executed
branch  2 never executed
call    3 never executed
call    4 never executed
    #####:   83:    tinyxml2::XMLError error = doc.LoadFile(path);
call    0 never executed
branch  1 never executed
branch  2 never executed
    #####:   84:    if (error == tinyxml2::XML_ERROR_FILE_READ_ERROR && Path::getFilenameExtension(path).empty())
branch  0 never executed
branch  1 never executed
call    2 never executed
call    3 never executed
branch  4 never executed
branch  5 never executed
call    6 never executed
branch  7 never executed
branch  8 never executed
call    9 never executed
branch 10 never executed
branch 11 never executed
branch 12 never executed
branch 13 never executed
call   14 never executed
branch 15 never executed
branch 16 never executed
call   17 never executed
branch 18 never executed
branch 19 never executed
call   20 never executed
branch 21 never executed
branch 22 never executed
branch 23 never executed
branch 24 never executed
call   25 never executed
branch 26 never executed
branch 27 never executed
call   28 never executed
branch 29 never executed
branch 30 never executed
call   31 never executed
call   32 never executed
        -:   85:        // Reading file failed, try again...
    #####:   86:        error = tinyxml2::XML_ERROR_FILE_NOT_FOUND;
    #####:   87:    if (error == tinyxml2::XML_ERROR_FILE_NOT_FOUND) {
branch  0 never executed
branch  1 never executed
        -:   88:        // failed to open file.. is there no extension?
    #####:   89:        std::string fullfilename(path);
call    0 never executed
call    1 never executed
branch  2 never executed
branch  3 never executed
call    4 never executed
call    5 never executed
call    6 never executed
    #####:   90:        if (Path::getFilenameExtension(fullfilename).empty()) {
call    0 never executed
branch  1 never executed
branch  2 never executed
call    3 never executed
call    4 never executed
branch  5 never executed
branch  6 never executed
    #####:   91:            fullfilename += ".cfg";
call    0 never executed
branch  1 never executed
branch  2 never executed
    #####:   92:            error = doc.LoadFile(fullfilename.c_str());
call    0 never executed
call    1 never executed
branch  2 never executed
branch  3 never executed
    #####:   93:            if (error != tinyxml2::XML_ERROR_FILE_NOT_FOUND)
branch  0 never executed
branch  1 never executed
    #####:   94:                absolute_path = Path::getAbsoluteFilePath(fullfilename);
call    0 never executed
branch  1 never executed
branch  2 never executed
call    3 never executed
call    4 never executed
        -:   95:        }
        -:   96:
    #####:   97:        std::list<std::string> cfgfolders;
call    0 never executed
call    1 never executed
call    2 never executed
        -:   98:#ifdef FILESDIR
    #####:   99:        cfgfolders.push_back(FILESDIR "/cfg");
call    0 never executed
call    1 never executed
branch  2 never executed
branch  3 never executed
call    4 never executed
branch  5 never executed
branch  6 never executed
call    7 never executed
call    8 never executed
call    9 never executed
call   10 never executed
call   11 never executed
        -:  100:#endif
    #####:  101:        if (exename) {
branch  0 never executed
branch  1 never executed
    #####:  102:            const std::string exepath(Path::fromNativeSeparators(Path::getPathFromFilename(exename)));
call    0 never executed
call    1 never executed
branch  2 never executed
branch  3 never executed
call    4 never executed
branch  5 never executed
branch  6 never executed
call    7 never executed
branch  8 never executed
branch  9 never executed
call   10 never executed
call   11 never executed
call   12 never executed
call   13 never executed
call   14 never executed
call   15 never executed
call   16 never executed
call   17 never executed
    #####:  103:            cfgfolders.push_back(exepath + "cfg");
call    0 never executed
branch  1 never executed
branch  2 never executed
call    3 never executed
branch  4 never executed
branch  5 never executed
call    6 never executed
call    7 never executed
    #####:  104:            cfgfolders.push_back(exepath);
call    0 never executed
branch  1 never executed
branch  2 never executed
        -:  105:        }
        -:  106:
    #####:  107:        while (error == tinyxml2::XML_ERROR_FILE_NOT_FOUND && !cfgfolders.empty()) {
branch  0 never executed
branch  1 never executed
call    2 never executed
branch  3 never executed
branch  4 never executed
branch  5 never executed
branch  6 never executed
    #####:  108:            const std::string cfgfolder(cfgfolders.front());
call    0 never executed
call    1 never executed
branch  2 never executed
branch  3 never executed
call    4 never executed
call    5 never executed
    #####:  109:            cfgfolders.pop_front();
call    0 never executed
    #####:  110:            const char *sep = (!cfgfolder.empty() && endsWith(cfgfolder,'/') ? "" : "/");
call    0 never executed
branch  1 never executed
branch  2 never executed
call    3 never executed
branch  4 never executed
branch  5 never executed
    #####:  111:            const std::string filename(cfgfolder + sep + fullfilename);
call    0 never executed
branch  1 never executed
branch  2 never executed
call    3 never executed
branch  4 never executed
branch  5 never executed
call    6 never executed
call    7 never executed
call    8 never executed
    #####:  112:            error = doc.LoadFile(filename.c_str());
call    0 never executed
call    1 never executed
branch  2 never executed
branch  3 never executed
    #####:  113:            if (error != tinyxml2::XML_ERROR_FILE_NOT_FOUND)
branch  0 never executed
branch  1 never executed
    #####:  114:                absolute_path = Path::getAbsoluteFilePath(filename);
call    0 never executed
branch  1 never executed
branch  2 never executed
call    3 never executed
call    4 never executed
        -:  115:        }
        -:  116:    } else
    #####:  117:        absolute_path = Path::getAbsoluteFilePath(path);
call    0 never executed
call    1 never executed
branch  2 never executed
branch  3 never executed
call    4 never executed
branch  5 never executed
branch  6 never executed
call    7 never executed
call    8 never executed
call    9 never executed
call   10 never executed
call   11 never executed
call   12 never executed
        -:  118:
    #####:  119:    if (error == tinyxml2::XML_SUCCESS) {
branch  0 never executed
branch  1 never executed
    #####:  120:        if (mFiles.find(absolute_path) == mFiles.end()) {
call    0 never executed
call    1 never executed
branch  2 never executed
branch  3 never executed
call    4 never executed
call    5 never executed
call    6 never executed
branch  7 never executed
branch  8 never executed
call    9 never executed
    #####:  121:            Error err = load(doc);
call    0 never executed
branch  1 never executed
branch  2 never executed
call    3 never executed
call    4 never executed
    #####:  122:            if (err.errorcode == OK)
branch  0 never executed
branch  1 never executed
    #####:  123:                mFiles.insert(absolute_path);
call    0 never executed
branch  1 never executed
branch  2 never executed
call    3 never executed
    #####:  124:            return err;
call    0 never executed
        -:  125:        }
        -:  126:
    #####:  127:        return Error(OK); // ignore duplicates
call    0 never executed
        -:  128:    }
        -:  129:
    #####:  130:    if (error == tinyxml2::XML_ERROR_FILE_NOT_FOUND)
branch  0 never executed
branch  1 never executed
    #####:  131:        return Error(FILE_NOT_FOUND);
call    0 never executed
        -:  132:    else {
    #####:  133:        doc.PrintError();
call    0 never executed
branch  1 never executed
branch  2 never executed
    #####:  134:        return Error(BAD_XML);
call    0 never executed
        -:  135:    }
        -:  136:}
        -:  137:
function _ZN7Library11loadxmldataEPKcm called 0 returned 0% blocks executed 0%
    #####:  138:bool Library::loadxmldata(const char xmldata[], std::size_t len)
        -:  139:{
    #####:  140:    tinyxml2::XMLDocument doc;
call    0 never executed
branch  1 never executed
branch  2 never executed
call    3 never executed
call    4 never executed
    #####:  141:    return (tinyxml2::XML_SUCCESS == doc.Parse(xmldata, len)) && (load(doc).errorcode == OK);
call    0 never executed
branch  1 never executed
branch  2 never executed
branch  3 never executed
branch  4 never executed
call    5 never executed
branch  6 never executed
branch  7 never executed
branch  8 never executed
branch  9 never executed
branch 10 never executed
branch 11 never executed
call   12 never executed
branch 13 never executed
branch 14 never executed
call   15 never executed
        -:  142:}
        -:  143:
function _ZN7Library4loadERKN8tinyxml211XMLDocumentE called 0 returned 0% blocks executed 0%
    #####:  144:Library::Error Library::load(const tinyxml2::XMLDocument &doc)
        -:  145:{
    #####:  146:    const tinyxml2::XMLElement * const rootnode = doc.FirstChildElement();
call    0 never executed
branch  1 never executed
branch  2 never executed
        -:  147:
    #####:  148:    if (rootnode == nullptr) {
branch  0 never executed
branch  1 never executed
    #####:  149:        doc.PrintError();
call    0 never executed
branch  1 never executed
branch  2 never executed
    #####:  150:        return Error(BAD_XML);
call    0 never executed
        -:  151:    }
        -:  152:
    #####:  153:    if (strcmp(rootnode->Name(),"def") != 0)
call    0 never executed
branch  1 never executed
branch  2 never executed
branch  3 never executed
branch  4 never executed
    #####:  154:        return Error(UNSUPPORTED_FORMAT, rootnode->Name());
call    0 never executed
branch  1 never executed
branch  2 never executed
call    3 never executed
branch  4 never executed
branch  5 never executed
call    6 never executed
        -:  155:
    #####:  156:    const char* format_string = rootnode->Attribute("format");
call    0 never executed
branch  1 never executed
branch  2 never executed
    #####:  157:    int format = 1; // Assume format version 1 if nothing else is specified (very old .cfg files had no 'format' attribute)
    #####:  158:    if (format_string)
branch  0 never executed
branch  1 never executed
    #####:  159:        format = atoi(format_string);
        -:  160:
    #####:  161:    if (format > 2 || format <= 0)
branch  0 never executed
branch  1 never executed
branch  2 never executed
branch  3 never executed
    #####:  162:        return Error(UNSUPPORTED_FORMAT);
call    0 never executed
        -:  163:
    #####:  164:    std::set<std::string> unknown_elements;
call    0 never executed
call    1 never executed
call    2 never executed
        -:  165:
    #####:  166:    for (const tinyxml2::XMLElement *node = rootnode->FirstChildElement(); node; node = node->NextSiblingElement()) {
call    0 never executed
branch  1 never executed
branch  2 never executed
branch  3 never executed
branch  4 never executed
call    5 never executed
branch  6 never executed
branch  7 never executed
    #####:  167:        const std::string nodename = node->Name();
call    0 never executed
call    1 never executed
branch  2 never executed
branch  3 never executed
call    4 never executed
branch  5 never executed
branch  6 never executed
call    7 never executed
call    8 never executed
call    9 never executed
    #####:  168:        if (nodename == "memory" || nodename == "resource") {
call    0 never executed
branch  1 never executed
branch  2 never executed
call    3 never executed
branch  4 never executed
branch  5 never executed
branch  6 never executed
branch  7 never executed
        -:  169:            // get allocationId to use..
    #####:  170:            int allocationId = 0;
    #####:  171:            for (const tinyxml2::XMLElement *memorynode = node->FirstChildElement(); memorynode; memorynode = memorynode->NextSiblingElement()) {
call    0 never executed
branch  1 never executed
branch  2 never executed
branch  3 never executed
branch  4 never executed
call    5 never executed
branch  6 never executed
branch  7 never executed
    #####:  172:                if (strcmp(memorynode->Name(),"dealloc")==0) {
call    0 never executed
branch  1 never executed
branch  2 never executed
branch  3 never executed
branch  4 never executed
    #####:  173:                    const std::map<std::string, AllocFunc>::const_iterator it = mDealloc.find(memorynode->GetText());
call    0 never executed
call    1 never executed
branch  2 never executed
branch  3 never executed
call    4 never executed
branch  5 never executed
branch  6 never executed
call    7 never executed
branch  8 never executed
branch  9 never executed
call   10 never executed
call   11 never executed
call   12 never executed
call   13 never executed
call   14 never executed
call   15 never executed
    #####:  174:                    if (it != mDealloc.end()) {
call    0 never executed
call    1 never executed
call    2 never executed
branch  3 never executed
branch  4 never executed
    #####:  175:                        allocationId = it->second.groupId;
call    0 never executed
    #####:  176:                        break;
call    0 never executed
branch  1 never executed
branch  2 never executed
        -:  177:                    }
        -:  178:                }
        -:  179:            }
    #####:  180:            if (allocationId == 0) {
branch  0 never executed
branch  1 never executed
    #####:  181:                if (nodename == "memory")
call    0 never executed
branch  1 never executed
branch  2 never executed
    #####:  182:                    while (!ismemory(++mAllocId));
call    0 never executed
branch  1 never executed
branch  2 never executed
        -:  183:                else
    #####:  184:                    while (!isresource(++mAllocId));
call    0 never executed
branch  1 never executed
branch  2 never executed
    #####:  185:                allocationId = mAllocId;
        -:  186:            }
        -:  187:
        -:  188:            // add alloc/dealloc/use functions..
    #####:  189:            for (const tinyxml2::XMLElement *memorynode = node->FirstChildElement(); memorynode; memorynode = memorynode->NextSiblingElement()) {
call    0 never executed
branch  1 never executed
branch  2 never executed
branch  3 never executed
branch  4 never executed
call    5 never executed
branch  6 never executed
branch  7 never executed
    #####:  190:                const std::string memorynodename = memorynode->Name();
call    0 never executed
call    1 never executed
branch  2 never executed
branch  3 never executed
call    4 never executed
branch  5 never executed
branch  6 never executed
call    7 never executed
call    8 never executed
    #####:  191:                if (memorynodename == "alloc" || memorynodename == "realloc") {
call    0 never executed
branch  1 never executed
branch  2 never executed
call    3 never executed
branch  4 never executed
branch  5 never executed
branch  6 never executed
branch  7 never executed
    #####:  192:                    AllocFunc temp = {0};
    #####:  193:                    temp.groupId = allocationId;
        -:  194:
    #####:  195:                    if (memorynode->Attribute("init", "false"))
call    0 never executed
branch  1 never executed
branch  2 never executed
branch  3 never executed
branch  4 never executed
    #####:  196:                        returnuninitdata.insert(memorynode->GetText());
call    0 never executed
call    1 never executed
branch  2 never executed
branch  3 never executed
call    4 never executed
branch  5 never executed
branch  6 never executed
call    7 never executed
branch  8 never executed
branch  9 never executed
call   10 never executed
call   11 never executed
call   12 never executed
call   13 never executed
call   14 never executed
        -:  197:
    #####:  198:                    const char *arg = memorynode->Attribute("arg");
call    0 never executed
branch  1 never executed
branch  2 never executed
    #####:  199:                    if (arg)
branch  0 never executed
branch  1 never executed
    #####:  200:                        temp.arg = atoi(arg);
        -:  201:                    else
    #####:  202:                        temp.arg = -1;
        -:  203:
    #####:  204:                    const char *bufferSize = memorynode->Attribute("buffer-size");
call    0 never executed
branch  1 never executed
branch  2 never executed
    #####:  205:                    if (!bufferSize)
branch  0 never executed
branch  1 never executed
    #####:  206:                        temp.bufferSize = AllocFunc::BufferSize::none;
        -:  207:                    else {
    #####:  208:                        if (std::strncmp(bufferSize, "malloc", 6) == 0)
branch  0 never executed
branch  1 never executed
    #####:  209:                            temp.bufferSize = AllocFunc::BufferSize::malloc;
    #####:  210:                        else if (std::strncmp(bufferSize, "calloc", 6) == 0)
branch  0 never executed
branch  1 never executed
    #####:  211:                            temp.bufferSize = AllocFunc::BufferSize::calloc;
    #####:  212:                        else if (std::strncmp(bufferSize, "strdup", 6) == 0)
branch  0 never executed
branch  1 never executed
    #####:  213:                            temp.bufferSize = AllocFunc::BufferSize::strdup;
        -:  214:                        else
    #####:  215:                            return Error(BAD_ATTRIBUTE_VALUE, bufferSize);
call    0 never executed
branch  1 never executed
branch  2 never executed
    #####:  216:                        temp.bufferSizeArg1 = 1;
    #####:  217:                        temp.bufferSizeArg2 = 2;
    #####:  218:                        if (bufferSize[6] == 0) {
branch  0 never executed
branch  1 never executed
        -:  219:                            // use default values
    #####:  220:                        } else if (bufferSize[6] == ':' && bufferSize[7] >= '1' && bufferSize[7] <= '5') {
branch  0 never executed
branch  1 never executed
branch  2 never executed
branch  3 never executed
branch  4 never executed
branch  5 never executed
    #####:  221:                            temp.bufferSizeArg1 = bufferSize[7] - '0';
    #####:  222:                            if (bufferSize[8] == ',' && bufferSize[9] >= '1' && bufferSize[9] <= '5')
branch  0 never executed
branch  1 never executed
branch  2 never executed
branch  3 never executed
branch  4 never executed
branch  5 never executed
    #####:  223:                                temp.bufferSizeArg2 = bufferSize[9] - '0';
        -:  224:                        } else
    #####:  225:                            return Error(BAD_ATTRIBUTE_VALUE, bufferSize);
call    0 never executed
branch  1 never executed
branch  2 never executed
        -:  226:                    }
        -:  227:
    #####:  228:                    if (memorynodename == "realloc") {
call    0 never executed
branch  1 never executed
branch  2 never executed
    #####:  229:                        const char *reallocArg =  memorynode->Attribute("realloc-arg");
call    0 never executed
branch  1 never executed
branch  2 never executed
    #####:  230:                        if (reallocArg)
branch  0 never executed
branch  1 never executed
    #####:  231:                            temp.reallocArg = atoi(reallocArg);
        -:  232:                        else
    #####:  233:                            temp.reallocArg = 1;
        -:  234:                    }
        -:  235:
    #####:  236:                    if (memorynodename != "realloc")
call    0 never executed
branch  1 never executed
branch  2 never executed
    #####:  237:                        mAlloc[memorynode->GetText()] = temp;
call    0 never executed
call    1 never executed
branch  2 never executed
branch  3 never executed
call    4 never executed
branch  5 never executed
branch  6 never executed
call    7 never executed
branch  8 never executed
branch  9 never executed
call   10 never executed
call   11 never executed
call   12 never executed
call   13 never executed
        -:  238:                    else
    #####:  239:                        mRealloc[memorynode->GetText()] = temp;
call    0 never executed
call    1 never executed
branch  2 never executed
branch  3 never executed
call    4 never executed
branch  5 never executed
branch  6 never executed
call    7 never executed
branch  8 never executed
branch  9 never executed
call   10 never executed
call   11 never executed
call   12 never executed
call   13 never executed
    #####:  240:                } else if (memorynodename == "dealloc") {
call    0 never executed
branch  1 never executed
branch  2 never executed
    #####:  241:                    AllocFunc temp = {0};
    #####:  242:                    temp.groupId = allocationId;
    #####:  243:                    const char *arg = memorynode->Attribute("arg");
call    0 never executed
branch  1 never executed
branch  2 never executed
    #####:  244:                    if (arg)
branch  0 never executed
branch  1 never executed
    #####:  245:                        temp.arg = atoi(arg);
        -:  246:                    else
    #####:  247:                        temp.arg = 1;
    #####:  248:                    mDealloc[memorynode->GetText()] = temp;
call    0 never executed
call    1 never executed
branch  2 never executed
branch  3 never executed
call    4 never executed
branch  5 never executed
branch  6 never executed
call    7 never executed
branch  8 never executed
branch  9 never executed
call   10 never executed
call   11 never executed
call   12 never executed
call   13 never executed
    #####:  249:                } else if (memorynodename == "use")
call    0 never executed
branch  1 never executed
branch  2 never executed
    #####:  250:                    functions[memorynode->GetText()].use = true;
call    0 never executed
call    1 never executed
branch  2 never executed
branch  3 never executed
call    4 never executed
branch  5 never executed
branch  6 never executed
call    7 never executed
branch  8 never executed
branch  9 never executed
call   10 never executed
call   11 never executed
call   12 never executed
call   13 never executed
        -:  251:                else
    #####:  252:                    unknown_elements.insert(memorynodename);
call    0 never executed
branch  1 never executed
branch  2 never executed
call    3 never executed
call    4 never executed
branch  5 never executed
branch  6 never executed
        -:  253:            }
        -:  254:        }
        -:  255:
    #####:  256:        else if (nodename == "define") {
call    0 never executed
branch  1 never executed
branch  2 never executed
    #####:  257:            const char *name = node->Attribute("name");
call    0 never executed
branch  1 never executed
branch  2 never executed
    #####:  258:            if (name == nullptr)
branch  0 never executed
branch  1 never executed
    #####:  259:                return Error(MISSING_ATTRIBUTE, "name");
call    0 never executed
branch  1 never executed
branch  2 never executed
    #####:  260:            const char *value = node->Attribute("value");
call    0 never executed
branch  1 never executed
branch  2 never executed
    #####:  261:            if (value == nullptr)
branch  0 never executed
branch  1 never executed
    #####:  262:                return Error(MISSING_ATTRIBUTE, "value");
call    0 never executed
branch  1 never executed
branch  2 never executed
    #####:  263:            defines.push_back(std::string(name) +
call    0 never executed
call    1 never executed
branch  2 never executed
branch  3 never executed
call    4 never executed
branch  5 never executed
branch  6 never executed
call    7 never executed
branch  8 never executed
branch  9 never executed
call   10 never executed
call   11 never executed
call   12 never executed
call   13 never executed
call   14 never executed
call   15 never executed
    #####:  264:                              " " +
call    0 never executed
branch  1 never executed
branch  2 never executed
call    3 never executed
call    4 never executed
        -:  265:                              value);
        -:  266:        }
        -:  267:
    #####:  268:        else if (nodename == "function") {
call    0 never executed
branch  1 never executed
branch  2 never executed
    #####:  269:            const char *name = node->Attribute("name");
call    0 never executed
branch  1 never executed
branch  2 never executed
    #####:  270:            if (name == nullptr)
branch  0 never executed
branch  1 never executed
    #####:  271:                return Error(MISSING_ATTRIBUTE, "name");
call    0 never executed
branch  1 never executed
branch  2 never executed
    #####:  272:            for (const std::string &s : getnames(name)) {
call    0 never executed
branch  1 never executed
branch  2 never executed
call    3 never executed
call    4 never executed
call    5 never executed
branch  6 never executed
branch  7 never executed
call    8 never executed
call    9 never executed
call   10 never executed
branch 11 never executed
branch 12 never executed
call   13 never executed
branch 14 never executed
branch 15 never executed
call   16 never executed
branch 17 never executed
branch 18 never executed
call   19 never executed
call   20 never executed
call   21 never executed
    #####:  273:                const Error &err = loadFunction(node, s, unknown_elements);
call    0 never executed
branch  1 never executed
branch  2 never executed
call    3 never executed
    #####:  274:                if (err.errorcode != ErrorCode::OK)
branch  0 never executed
branch  1 never executed
    #####:  275:                    return err;
call    0 never executed
branch  1 never executed
branch  2 never executed
call    3 never executed
branch  4 never executed
branch  5 never executed
        -:  276:            }
        -:  277:        }
        -:  278:
    #####:  279:        else if (nodename == "reflection") {
call    0 never executed
branch  1 never executed
branch  2 never executed
    #####:  280:            for (const tinyxml2::XMLElement *reflectionnode = node->FirstChildElement(); reflectionnode; reflectionnode = reflectionnode->NextSiblingElement()) {
call    0 never executed
branch  1 never executed
branch  2 never executed
branch  3 never executed
branch  4 never executed
call    5 never executed
branch  6 never executed
branch  7 never executed
    #####:  281:                if (strcmp(reflectionnode->Name(), "call") != 0) {
call    0 never executed
branch  1 never executed
branch  2 never executed
branch  3 never executed
branch  4 never executed
    #####:  282:                    unknown_elements.insert(reflectionnode->Name());
call    0 never executed
call    1 never executed
branch  2 never executed
branch  3 never executed
call    4 never executed
branch  5 never executed
branch  6 never executed
call    7 never executed
branch  8 never executed
branch  9 never executed
call   10 never executed
call   11 never executed
call   12 never executed
call   13 never executed
call   14 never executed
    #####:  283:                    continue;
        -:  284:                }
        -:  285:
    #####:  286:                const char * const argString = reflectionnode->Attribute("arg");
call    0 never executed
branch  1 never executed
branch  2 never executed
    #####:  287:                if (!argString)
branch  0 never executed
branch  1 never executed
    #####:  288:                    return Error(MISSING_ATTRIBUTE, "arg");
call    0 never executed
branch  1 never executed
branch  2 never executed
        -:  289:
    #####:  290:                mReflection[reflectionnode->GetText()] = atoi(argString);
call    0 never executed
call    1 never executed
branch  2 never executed
branch  3 never executed
call    4 never executed
branch  5 never executed
branch  6 never executed
call    7 never executed
branch  8 never executed
branch  9 never executed
call   10 never executed
call   11 never executed
call   12 never executed
call   13 never executed
        -:  291:            }
        -:  292:        }
        -:  293:
    #####:  294:        else if (nodename == "markup") {
call    0 never executed
branch  1 never executed
branch  2 never executed
    #####:  295:            const char * const extension = node->Attribute("ext");
call    0 never executed
branch  1 never executed
branch  2 never executed
    #####:  296:            if (!extension)
branch  0 never executed
branch  1 never executed
    #####:  297:                return Error(MISSING_ATTRIBUTE, "ext");
call    0 never executed
branch  1 never executed
branch  2 never executed
    #####:  298:            mMarkupExtensions.insert(extension);
call    0 never executed
call    1 never executed
branch  2 never executed
branch  3 never executed
call    4 never executed
branch  5 never executed
branch  6 never executed
call    7 never executed
call    8 never executed
call    9 never executed
call   10 never executed
call   11 never executed
        -:  299:
    #####:  300:            mReportErrors[extension] = (node->Attribute("reporterrors", "true") != nullptr);
call    0 never executed
branch  1 never executed
branch  2 never executed
call    3 never executed
call    4 never executed
branch  5 never executed
branch  6 never executed
call    7 never executed
branch  8 never executed
branch  9 never executed
call   10 never executed
call   11 never executed
call   12 never executed
call   13 never executed
    #####:  301:            mProcessAfterCode[extension] = (node->Attribute("aftercode", "true") != nullptr);
call    0 never executed
branch  1 never executed
branch  2 never executed
call    3 never executed
call    4 never executed
branch  5 never executed
branch  6 never executed
call    7 never executed
branch  8 never executed
branch  9 never executed
call   10 never executed
call   11 never executed
call   12 never executed
call   13 never executed
call   14 never executed
        -:  302:
    #####:  303:            for (const tinyxml2::XMLElement *markupnode = node->FirstChildElement(); markupnode; markupnode = markupnode->NextSiblingElement()) {
call    0 never executed
branch  1 never executed
branch  2 never executed
branch  3 never executed
branch  4 never executed
call    5 never executed
branch  6 never executed
branch  7 never executed
    #####:  304:                const std::string markupnodename = markupnode->Name();
call    0 never executed
call    1 never executed
branch  2 never executed
branch  3 never executed
call    4 never executed
branch  5 never executed
branch  6 never executed
call    7 never executed
call    8 never executed
    #####:  305:                if (markupnodename == "keywords") {
call    0 never executed
branch  1 never executed
branch  2 never executed
    #####:  306:                    for (const tinyxml2::XMLElement *librarynode = markupnode->FirstChildElement(); librarynode; librarynode = librarynode->NextSiblingElement()) {
call    0 never executed
branch  1 never executed
branch  2 never executed
branch  3 never executed
branch  4 never executed
call    5 never executed
branch  6 never executed
branch  7 never executed
    #####:  307:                        if (strcmp(librarynode->Name(), "keyword") == 0) {
call    0 never executed
branch  1 never executed
branch  2 never executed
branch  3 never executed
branch  4 never executed
    #####:  308:                            const char* nodeName = librarynode->Attribute("name");
call    0 never executed
branch  1 never executed
branch  2 never executed
    #####:  309:                            if (nodeName == nullptr)
branch  0 never executed
branch  1 never executed
    #####:  310:                                return Error(MISSING_ATTRIBUTE, "name");
call    0 never executed
branch  1 never executed
branch  2 never executed
    #####:  311:                            mKeywords[extension].insert(nodeName);
call    0 never executed
call    1 never executed
branch  2 never executed
branch  3 never executed
call    4 never executed
branch  5 never executed
branch  6 never executed
call    7 never executed
call    8 never executed
branch  9 never executed
branch 10 never executed
call   11 never executed
branch 12 never executed
branch 13 never executed
call   14 never executed
call   15 never executed
call   16 never executed
call   17 never executed
call   18 never executed
call   19 never executed
call   20 never executed
call   21 never executed
call   22 never executed
        -:  312:                        } else
    #####:  313:                            unknown_elements.insert(librarynode->Name());
call    0 never executed
call    1 never executed
branch  2 never executed
branch  3 never executed
call    4 never executed
branch  5 never executed
branch  6 never executed
call    7 never executed
branch  8 never executed
branch  9 never executed
call   10 never executed
call   11 never executed
call   12 never executed
call   13 never executed
call   14 never executed
        -:  314:                    }
        -:  315:                }
        -:  316:
    #####:  317:                else if (markupnodename == "exported") {
call    0 never executed
branch  1 never executed
branch  2 never executed
    #####:  318:                    for (const tinyxml2::XMLElement *exporter = markupnode->FirstChildElement(); exporter; exporter = exporter->NextSiblingElement()) {
call    0 never executed
branch  1 never executed
branch  2 never executed
branch  3 never executed
branch  4 never executed
call    5 never executed
branch  6 never executed
branch  7 never executed
    #####:  319:                        if (strcmp(exporter->Name(), "exporter") != 0) {
call    0 never executed
branch  1 never executed
branch  2 never executed
branch  3 never executed
branch  4 never executed
    #####:  320:                            unknown_elements.insert(exporter->Name());
call    0 never executed
call    1 never executed
branch  2 never executed
branch  3 never executed
call    4 never executed
branch  5 never executed
branch  6 never executed
call    7 never executed
branch  8 never executed
branch  9 never executed
call   10 never executed
call   11 never executed
call   12 never executed
call   13 never executed
call   14 never executed
call   15 never executed
    #####:  321:                            continue;
        -:  322:                        }
        -:  323:
    #####:  324:                        const char * const prefix = exporter->Attribute("prefix");
call    0 never executed
branch  1 never executed
branch  2 never executed
    #####:  325:                        if (!prefix)
branch  0 never executed
branch  1 never executed
    #####:  326:                            return Error(MISSING_ATTRIBUTE, "prefix");
call    0 never executed
branch  1 never executed
branch  2 never executed
        -:  327:
    #####:  328:                        for (const tinyxml2::XMLElement *e = exporter->FirstChildElement(); e; e = e->NextSiblingElement()) {
call    0 never executed
branch  1 never executed
branch  2 never executed
branch  3 never executed
branch  4 never executed
call    5 never executed
branch  6 never executed
branch  7 never executed
    #####:  329:                            const std::string ename = e->Name();
call    0 never executed
call    1 never executed
branch  2 never executed
branch  3 never executed
call    4 never executed
branch  5 never executed
branch  6 never executed
call    7 never executed
call    8 never executed
call    9 never executed
    #####:  330:                            if (ename == "prefix")
call    0 never executed
branch  1 never executed
branch  2 never executed
    #####:  331:                                mExporters[prefix].addPrefix(e->GetText());
call    0 never executed
call    1 never executed
branch  2 never executed
branch  3 never executed
call    4 never executed
branch  5 never executed
branch  6 never executed
call    7 never executed
call    8 never executed
branch  9 never executed
branch 10 never executed
call   11 never executed
branch 12 never executed
branch 13 never executed
call   14 never executed
branch 15 never executed
branch 16 never executed
call   17 never executed
call   18 never executed
call   19 never executed
call   20 never executed
call   21 never executed
call   22 never executed
call   23 never executed
call   24 never executed
    #####:  332:                            else if (ename == "suffix")
call    0 never executed
branch  1 never executed
branch  2 never executed
    #####:  333:                                mExporters[prefix].addSuffix(e->GetText());
call    0 never executed
call    1 never executed
branch  2 never executed
branch  3 never executed
call    4 never executed
branch  5 never executed
branch  6 never executed
call    7 never executed
call    8 never executed
branch  9 never executed
branch 10 never executed
call   11 never executed
branch 12 never executed
branch 13 never executed
call   14 never executed
branch 15 never executed
branch 16 never executed
call   17 never executed
call   18 never executed
call   19 never executed
call   20 never executed
call   21 never executed
call   22 never executed
call   23 never executed
call   24 never executed
        -:  334:                            else
    #####:  335:                                unknown_elements.insert(ename);
call    0 never executed
branch  1 never executed
branch  2 never executed
call    3 never executed
        -:  336:                        }
        -:  337:                    }
        -:  338:                }
        -:  339:
    #####:  340:                else if (markupnodename == "imported") {
call    0 never executed
branch  1 never executed
branch  2 never executed
    #####:  341:                    for (const tinyxml2::XMLElement *librarynode = markupnode->FirstChildElement(); librarynode; librarynode = librarynode->NextSiblingElement()) {
call    0 never executed
branch  1 never executed
branch  2 never executed
branch  3 never executed
branch  4 never executed
call    5 never executed
branch  6 never executed
branch  7 never executed
    #####:  342:                        if (strcmp(librarynode->Name(), "importer") == 0)
call    0 never executed
branch  1 never executed
branch  2 never executed
branch  3 never executed
branch  4 never executed
    #####:  343:                            mImporters[extension].insert(librarynode->GetText());
call    0 never executed
call    1 never executed
branch  2 never executed
branch  3 never executed
call    4 never executed
branch  5 never executed
branch  6 never executed
call    7 never executed
call    8 never executed
branch  9 never executed
branch 10 never executed
call   11 never executed
branch 12 never executed
branch 13 never executed
call   14 never executed
branch 15 never executed
branch 16 never executed
call   17 never executed
call   18 never executed
call   19 never executed
call   20 never executed
call   21 never executed
call   22 never executed
call   23 never executed
call   24 never executed
call   25 never executed
        -:  344:                        else
    #####:  345:                            unknown_elements.insert(librarynode->Name());
call    0 never executed
call    1 never executed
branch  2 never executed
branch  3 never executed
call    4 never executed
branch  5 never executed
branch  6 never executed
call    7 never executed
branch  8 never executed
branch  9 never executed
call   10 never executed
call   11 never executed
call   12 never executed
call   13 never executed
call   14 never executed
call   15 never executed
        -:  346:                    }
        -:  347:                }
        -:  348:
    #####:  349:                else if (markupnodename == "codeblocks") {
call    0 never executed
branch  1 never executed
branch  2 never executed
    #####:  350:                    for (const tinyxml2::XMLElement *blocknode = markupnode->FirstChildElement(); blocknode; blocknode = blocknode->NextSiblingElement()) {
call    0 never executed
branch  1 never executed
branch  2 never executed
branch  3 never executed
branch  4 never executed
call    5 never executed
branch  6 never executed
branch  7 never executed
    #####:  351:                        const std::string blocknodename = blocknode->Name();
call    0 never executed
call    1 never executed
branch  2 never executed
branch  3 never executed
call    4 never executed
branch  5 never executed
branch  6 never executed
call    7 never executed
call    8 never executed
call    9 never executed
    #####:  352:                        if (blocknodename == "block") {
call    0 never executed
branch  1 never executed
branch  2 never executed
    #####:  353:                            const char * blockName = blocknode->Attribute("name");
call    0 never executed
branch  1 never executed
branch  2 never executed
    #####:  354:                            if (blockName)
branch  0 never executed
branch  1 never executed
    #####:  355:                                mExecutableBlocks[extension].addBlock(blockName);
call    0 never executed
call    1 never executed
branch  2 never executed
branch  3 never executed
call    4 never executed
branch  5 never executed
branch  6 never executed
call    7 never executed
branch  8 never executed
branch  9 never executed
call   10 never executed
call   11 never executed
call   12 never executed
call   13 never executed
    #####:  356:                        } else if (blocknodename == "structure") {
call    0 never executed
branch  1 never executed
branch  2 never executed
    #####:  357:                            const char * start = blocknode->Attribute("start");
call    0 never executed
branch  1 never executed
branch  2 never executed
    #####:  358:                            if (start)
branch  0 never executed
branch  1 never executed
    #####:  359:                                mExecutableBlocks[extension].setStart(start);
call    0 never executed
call    1 never executed
branch  2 never executed
branch  3 never executed
call    4 never executed
branch  5 never executed
branch  6 never executed
call    7 never executed
branch  8 never executed
branch  9 never executed
call   10 never executed
call   11 never executed
call   12 never executed
call   13 never executed
    #####:  360:                            const char * end = blocknode->Attribute("end");
call    0 never executed
branch  1 never executed
branch  2 never executed
    #####:  361:                            if (end)
branch  0 never executed
branch  1 never executed
    #####:  362:                                mExecutableBlocks[extension].setEnd(end);
call    0 never executed
call    1 never executed
branch  2 never executed
branch  3 never executed
call    4 never executed
branch  5 never executed
branch  6 never executed
call    7 never executed
branch  8 never executed
branch  9 never executed
call   10 never executed
call   11 never executed
call   12 never executed
call   13 never executed
    #####:  363:                            const char * offset = blocknode->Attribute("offset");
call    0 never executed
branch  1 never executed
branch  2 never executed
    #####:  364:                            if (offset)
branch  0 never executed
branch  1 never executed
    #####:  365:                                mExecutableBlocks[extension].setOffset(atoi(offset));
call    0 never executed
call    1 never executed
branch  2 never executed
branch  3 never executed
call    4 never executed
branch  5 never executed
branch  6 never executed
call    7 never executed
call    8 never executed
call    9 never executed
call   10 never executed
call   11 never executed
        -:  366:                        }
        -:  367:
        -:  368:                        else
    #####:  369:                            unknown_elements.insert(blocknodename);
call    0 never executed
branch  1 never executed
branch  2 never executed
call    3 never executed
        -:  370:                    }
        -:  371:                }
        -:  372:
        -:  373:                else
    #####:  374:                    unknown_elements.insert(markupnodename);
call    0 never executed
branch  1 never executed
branch  2 never executed
call    3 never executed
call    4 never executed
branch  5 never executed
branch  6 never executed
        -:  375:            }
        -:  376:        }
        -:  377:
    #####:  378:        else if (nodename == "container") {
call    0 never executed
branch  1 never executed
branch  2 never executed
    #####:  379:            const char* const id = node->Attribute("id");
call    0 never executed
branch  1 never executed
branch  2 never executed
    #####:  380:            if (!id)
branch  0 never executed
branch  1 never executed
    #####:  381:                return Error(MISSING_ATTRIBUTE, "id");
call    0 never executed
branch  1 never executed
branch  2 never executed
        -:  382:
    #####:  383:            Container& container = containers[id];
call    0 never executed
call    1 never executed
branch  2 never executed
branch  3 never executed
call    4 never executed
branch  5 never executed
branch  6 never executed
call    7 never executed
call    8 never executed
call    9 never executed
call   10 never executed
call   11 never executed
        -:  384:
    #####:  385:            const char* const inherits = node->Attribute("inherits");
call    0 never executed
branch  1 never executed
branch  2 never executed
    #####:  386:            if (inherits) {
branch  0 never executed
branch  1 never executed
    #####:  387:                const std::map<std::string, Container>::const_iterator i = containers.find(inherits);
call    0 never executed
call    1 never executed
branch  2 never executed
branch  3 never executed
call    4 never executed
branch  5 never executed
branch  6 never executed
call    7 never executed
call    8 never executed
call    9 never executed
call   10 never executed
call   11 never executed
call   12 never executed
    #####:  388:                if (i != containers.end())
call    0 never executed
call    1 never executed
call    2 never executed
branch  3 never executed
branch  4 never executed
    #####:  389:                    container = i->second; // Take values from parent and overwrite them if necessary
call    0 never executed
call    1 never executed
branch  2 never executed
branch  3 never executed
        -:  390:                else
    #####:  391:                    return Error(BAD_ATTRIBUTE_VALUE, inherits);
call    0 never executed
branch  1 never executed
branch  2 never executed
call    3 never executed
branch  4 never executed
branch  5 never executed
        -:  392:            }
        -:  393:
    #####:  394:            const char* const startPattern = node->Attribute("startPattern");
call    0 never executed
branch  1 never executed
branch  2 never executed
    #####:  395:            if (startPattern) {
branch  0 never executed
branch  1 never executed
    #####:  396:                container.startPattern = startPattern;
call    0 never executed
branch  1 never executed
branch  2 never executed
    #####:  397:                container.startPattern2 = container.startPattern + " !!::";
call    0 never executed
branch  1 never executed
branch  2 never executed
call    3 never executed
call    4 never executed
        -:  398:            }
    #####:  399:            const char* const endPattern = node->Attribute("endPattern");
call    0 never executed
branch  1 never executed
branch  2 never executed
    #####:  400:            if (endPattern)
branch  0 never executed
branch  1 never executed
    #####:  401:                container.endPattern = endPattern;
call    0 never executed
branch  1 never executed
branch  2 never executed
    #####:  402:            const char* const itEndPattern = node->Attribute("itEndPattern");
call    0 never executed
branch  1 never executed
branch  2 never executed
    #####:  403:            if (itEndPattern)
branch  0 never executed
branch  1 never executed
    #####:  404:                container.itEndPattern = itEndPattern;
call    0 never executed
branch  1 never executed
branch  2 never executed
    #####:  405:            const char* const opLessAllowed = node->Attribute("opLessAllowed");
call    0 never executed
branch  1 never executed
branch  2 never executed
    #####:  406:            if (opLessAllowed)
branch  0 never executed
branch  1 never executed
    #####:  407:                container.opLessAllowed = std::string(opLessAllowed) == "true";
call    0 never executed
call    1 never executed
branch  2 never executed
branch  3 never executed
call    4 never executed
call    5 never executed
call    6 never executed
call    7 never executed
call    8 never executed
        -:  408:
    #####:  409:            for (const tinyxml2::XMLElement *containerNode = node->FirstChildElement(); containerNode; containerNode = containerNode->NextSiblingElement()) {
call    0 never executed
branch  1 never executed
branch  2 never executed
branch  3 never executed
branch  4 never executed
call    5 never executed
branch  6 never executed
branch  7 never executed
    #####:  410:                const std::string containerNodeName = containerNode->Name();
call    0 never executed
call    1 never executed
branch  2 never executed
branch  3 never executed
call    4 never executed
branch  5 never executed
branch  6 never executed
call    7 never executed
call    8 never executed
    #####:  411:                if (containerNodeName == "size" || containerNodeName == "access" || containerNodeName == "other") {
call    0 never executed
branch  1 never executed
branch  2 never executed
call    3 never executed
branch  4 never executed
branch  5 never executed
call    6 never executed
branch  7 never executed
branch  8 never executed
branch  9 never executed
branch 10 never executed
    #####:  412:                    for (const tinyxml2::XMLElement *functionNode = containerNode->FirstChildElement(); functionNode; functionNode = functionNode->NextSiblingElement()) {
call    0 never executed
branch  1 never executed
branch  2 never executed
branch  3 never executed
branch  4 never executed
call    5 never executed
branch  6 never executed
branch  7 never executed
    #####:  413:                        if (std::string(functionNode->Name()) != "function") {
call    0 never executed
call    1 never executed
branch  2 never executed
branch  3 never executed
call    4 never executed
branch  5 never executed
branch  6 never executed
call    7 never executed
call    8 never executed
call    9 never executed
branch 10 never executed
branch 11 never executed
call   12 never executed
    #####:  414:                            unknown_elements.insert(functionNode->Name());
call    0 never executed
call    1 never executed
branch  2 never executed
branch  3 never executed
call    4 never executed
branch  5 never executed
branch  6 never executed
call    7 never executed
branch  8 never executed
branch  9 never executed
call   10 never executed
call   11 never executed
call   12 never executed
call   13 never executed
call   14 never executed
call   15 never executed
    #####:  415:                            continue;
        -:  416:                        }
        -:  417:
    #####:  418:                        const char* const functionName = functionNode->Attribute("name");
call    0 never executed
branch  1 never executed
branch  2 never executed
    #####:  419:                        if (!functionName)
branch  0 never executed
branch  1 never executed
    #####:  420:                            return Error(MISSING_ATTRIBUTE, "name");
call    0 never executed
branch  1 never executed
branch  2 never executed
        -:  421:
    #####:  422:                        const char* const action_ptr = functionNode->Attribute("action");
call    0 never executed
branch  1 never executed
branch  2 never executed
    #####:  423:                        Container::Action action = Container::Action::NO_ACTION;
    #####:  424:                        if (action_ptr) {
branch  0 never executed
branch  1 never executed
    #####:  425:                            std::string actionName = action_ptr;
call    0 never executed
call    1 never executed
branch  2 never executed
branch  3 never executed
call    4 never executed
call    5 never executed
call    6 never executed
    #####:  426:                            if (actionName == "resize")
call    0 never executed
branch  1 never executed
branch  2 never executed
    #####:  427:                                action = Container::Action::RESIZE;
    #####:  428:                            else if (actionName == "clear")
call    0 never executed
branch  1 never executed
branch  2 never executed
    #####:  429:                                action = Container::Action::CLEAR;
    #####:  430:                            else if (actionName == "push")
call    0 never executed
branch  1 never executed
branch  2 never executed
    #####:  431:                                action = Container::Action::PUSH;
    #####:  432:                            else if (actionName == "pop")
call    0 never executed
branch  1 never executed
branch  2 never executed
    #####:  433:                                action = Container::Action::POP;
    #####:  434:                            else if (actionName == "find")
call    0 never executed
branch  1 never executed
branch  2 never executed
    #####:  435:                                action = Container::Action::FIND;
    #####:  436:                            else if (actionName == "insert")
call    0 never executed
branch  1 never executed
branch  2 never executed
    #####:  437:                                action = Container::Action::INSERT;
    #####:  438:                            else if (actionName == "erase")
call    0 never executed
branch  1 never executed
branch  2 never executed
    #####:  439:                                action = Container::Action::ERASE;
    #####:  440:                            else if (actionName == "change-content")
call    0 never executed
branch  1 never executed
branch  2 never executed
    #####:  441:                                action = Container::Action::CHANGE_CONTENT;
    #####:  442:                            else if (actionName == "change-internal")
call    0 never executed
branch  1 never executed
branch  2 never executed
    #####:  443:                                action = Container::Action::CHANGE_INTERNAL;
    #####:  444:                            else if (actionName == "change")
call    0 never executed
branch  1 never executed
branch  2 never executed
    #####:  445:                                action = Container::Action::CHANGE;
        -:  446:                            else
    #####:  447:                                return Error(BAD_ATTRIBUTE_VALUE, actionName);
call    0 never executed
branch  1 never executed
branch  2 never executed
call    3 never executed
branch  4 never executed
branch  5 never executed
        -:  448:                        }
        -:  449:
    #####:  450:                        const char* const yield_ptr = functionNode->Attribute("yields");
call    0 never executed
branch  1 never executed
branch  2 never executed
    #####:  451:                        Container::Yield yield = Container::Yield::NO_YIELD;
    #####:  452:                        if (yield_ptr) {
branch  0 never executed
branch  1 never executed
    #####:  453:                            std::string yieldName = yield_ptr;
call    0 never executed
call    1 never executed
branch  2 never executed
branch  3 never executed
call    4 never executed
call    5 never executed
    #####:  454:                            if (yieldName == "at_index")
call    0 never executed
branch  1 never executed
branch  2 never executed
    #####:  455:                                yield = Container::Yield::AT_INDEX;
    #####:  456:                            else if (yieldName == "item")
call    0 never executed
branch  1 never executed
branch  2 never executed
    #####:  457:                                yield = Container::Yield::ITEM;
    #####:  458:                            else if (yieldName == "buffer")
call    0 never executed
branch  1 never executed
branch  2 never executed
    #####:  459:                                yield = Container::Yield::BUFFER;
    #####:  460:                            else if (yieldName == "buffer-nt")
call    0 never executed
branch  1 never executed
branch  2 never executed
    #####:  461:                                yield = Container::Yield::BUFFER_NT;
    #####:  462:                            else if (yieldName == "start-iterator")
call    0 never executed
branch  1 never executed
branch  2 never executed
    #####:  463:                                yield = Container::Yield::START_ITERATOR;
    #####:  464:                            else if (yieldName == "end-iterator")
call    0 never executed
branch  1 never executed
branch  2 never executed
    #####:  465:                                yield = Container::Yield::END_ITERATOR;
    #####:  466:                            else if (yieldName == "iterator")
call    0 never executed
branch  1 never executed
branch  2 never executed
    #####:  467:                                yield = Container::Yield::ITERATOR;
    #####:  468:                            else if (yieldName == "size")
call    0 never executed
branch  1 never executed
branch  2 never executed
    #####:  469:                                yield = Container::Yield::SIZE;
    #####:  470:                            else if (yieldName == "empty")
call    0 never executed
branch  1 never executed
branch  2 never executed
    #####:  471:                                yield = Container::Yield::EMPTY;
        -:  472:                            else
    #####:  473:                                return Error(BAD_ATTRIBUTE_VALUE, yieldName);
call    0 never executed
branch  1 never executed
branch  2 never executed
call    3 never executed
branch  4 never executed
branch  5 never executed
        -:  474:                        }
        -:  475:
    #####:  476:                        container.functions[functionName].action = action;
call    0 never executed
call    1 never executed
branch  2 never executed
branch  3 never executed
call    4 never executed
branch  5 never executed
branch  6 never executed
call    7 never executed
call    8 never executed
call    9 never executed
call   10 never executed
    #####:  477:                        container.functions[functionName].yield = yield;
call    0 never executed
call    1 never executed
branch  2 never executed
branch  3 never executed
call    4 never executed
branch  5 never executed
branch  6 never executed
call    7 never executed
call    8 never executed
call    9 never executed
call   10 never executed
        -:  478:                    }
        -:  479:
    #####:  480:                    if (containerNodeName == "size") {
call    0 never executed
branch  1 never executed
branch  2 never executed
    #####:  481:                        const char* const templateArg = containerNode->Attribute("templateParameter");
call    0 never executed
branch  1 never executed
branch  2 never executed
    #####:  482:                        if (templateArg)
branch  0 never executed
branch  1 never executed
    #####:  483:                            container.size_templateArgNo = atoi(templateArg);
    #####:  484:                    } else if (containerNodeName == "access") {
call    0 never executed
branch  1 never executed
branch  2 never executed
    #####:  485:                        const char* const indexArg = containerNode->Attribute("indexOperator");
call    0 never executed
branch  1 never executed
branch  2 never executed
    #####:  486:                        if (indexArg)
branch  0 never executed
branch  1 never executed
    #####:  487:                            container.arrayLike_indexOp = std::string(indexArg) == "array-like";
call    0 never executed
call    1 never executed
branch  2 never executed
branch  3 never executed
call    4 never executed
call    5 never executed
call    6 never executed
call    7 never executed
        -:  488:                    }
    #####:  489:                } else if (containerNodeName == "type") {
call    0 never executed
branch  1 never executed
branch  2 never executed
    #####:  490:                    const char* const templateArg = containerNode->Attribute("templateParameter");
call    0 never executed
branch  1 never executed
branch  2 never executed
    #####:  491:                    if (templateArg)
branch  0 never executed
branch  1 never executed
    #####:  492:                        container.type_templateArgNo = atoi(templateArg);
        -:  493:
    #####:  494:                    const char* const string = containerNode->Attribute("string");
call    0 never executed
branch  1 never executed
branch  2 never executed
    #####:  495:                    if (string)
branch  0 never executed
branch  1 never executed
    #####:  496:                        container.stdStringLike = std::string(string) == "std-like";
call    0 never executed
call    1 never executed
branch  2 never executed
branch  3 never executed
call    4 never executed
call    5 never executed
call    6 never executed
call    7 never executed
    #####:  497:                    const char* const associative = containerNode->Attribute("associative");
call    0 never executed
branch  1 never executed
branch  2 never executed
    #####:  498:                    if (associative)
branch  0 never executed
branch  1 never executed
    #####:  499:                        container.stdAssociativeLike = std::string(associative) == "std-like";
call    0 never executed
call    1 never executed
branch  2 never executed
branch  3 never executed
call    4 never executed
call    5 never executed
call    6 never executed
call    7 never executed
        -:  500:                } else
    #####:  501:                    unknown_elements.insert(containerNodeName);
call    0 never executed
branch  1 never executed
branch  2 never executed
call    3 never executed
call    4 never executed
branch  5 never executed
branch  6 never executed
        -:  502:            }
        -:  503:        }
        -:  504:
    #####:  505:        else if (nodename == "smart-pointer") {
call    0 never executed
branch  1 never executed
branch  2 never executed
    #####:  506:            const char *className = node->Attribute("class-name");
call    0 never executed
branch  1 never executed
branch  2 never executed
    #####:  507:            if (className)
branch  0 never executed
branch  1 never executed
    #####:  508:                smartPointers.insert(className);
call    0 never executed
call    1 never executed
branch  2 never executed
branch  3 never executed
call    4 never executed
branch  5 never executed
branch  6 never executed
call    7 never executed
call    8 never executed
call    9 never executed
call   10 never executed
call   11 never executed
        -:  509:        }
        -:  510:
    #####:  511:        else if (nodename == "podtype") {
call    0 never executed
branch  1 never executed
branch  2 never executed
    #####:  512:            const char * const name = node->Attribute("name");
call    0 never executed
branch  1 never executed
branch  2 never executed
    #####:  513:            if (!name)
branch  0 never executed
branch  1 never executed
    #####:  514:                return Error(MISSING_ATTRIBUTE, "name");
call    0 never executed
branch  1 never executed
branch  2 never executed
    #####:  515:            PodType podType = {0};
    #####:  516:            const char * const size = node->Attribute("size");
call    0 never executed
branch  1 never executed
branch  2 never executed
    #####:  517:            if (size)
branch  0 never executed
branch  1 never executed
    #####:  518:                podType.size = atoi(size);
    #####:  519:            const char * const sign = node->Attribute("sign");
call    0 never executed
branch  1 never executed
branch  2 never executed
    #####:  520:            if (sign)
branch  0 never executed
branch  1 never executed
    #####:  521:                podType.sign = *sign;
    #####:  522:            for (const std::string &s : getnames(name))
call    0 never executed
branch  1 never executed
branch  2 never executed
call    3 never executed
call    4 never executed
call    5 never executed
branch  6 never executed
branch  7 never executed
call    8 never executed
call    9 never executed
call   10 never executed
call   11 never executed
call   12 never executed
call   13 never executed
call   14 never executed
call   15 never executed
call   16 never executed
    #####:  523:                mPodTypes[s] = podType;
call    0 never executed
branch  1 never executed
branch  2 never executed
        -:  524:        }
        -:  525:
    #####:  526:        else if (nodename == "platformtype") {
call    0 never executed
branch  1 never executed
branch  2 never executed
    #####:  527:            const char * const type_name = node->Attribute("name");
call    0 never executed
branch  1 never executed
branch  2 never executed
    #####:  528:            if (type_name == nullptr)
branch  0 never executed
branch  1 never executed
    #####:  529:                return Error(MISSING_ATTRIBUTE, "name");
call    0 never executed
branch  1 never executed
branch  2 never executed
    #####:  530:            const char *value = node->Attribute("value");
call    0 never executed
branch  1 never executed
branch  2 never executed
    #####:  531:            if (value == nullptr)
branch  0 never executed
branch  1 never executed
    #####:  532:                return Error(MISSING_ATTRIBUTE, "value");
call    0 never executed
branch  1 never executed
branch  2 never executed
    #####:  533:            PlatformType type;
call    0 never executed
call    1 never executed
    #####:  534:            type.mType = value;
call    0 never executed
branch  1 never executed
branch  2 never executed
    #####:  535:            std::set<std::string> platform;
call    0 never executed
call    1 never executed
branch  2 never executed
branch  3 never executed
call    4 never executed
    #####:  536:            for (const tinyxml2::XMLElement *typenode = node->FirstChildElement(); typenode; typenode = typenode->NextSiblingElement()) {
call    0 never executed
branch  1 never executed
branch  2 never executed
branch  3 never executed
branch  4 never executed
call    5 never executed
branch  6 never executed
branch  7 never executed
    #####:  537:                const std::string typenodename = typenode->Name();
call    0 never executed
call    1 never executed
branch  2 never executed
branch  3 never executed
call    4 never executed
branch  5 never executed
branch  6 never executed
call    7 never executed
call    8 never executed
    #####:  538:                if (typenodename == "platform") {
call    0 never executed
branch  1 never executed
branch  2 never executed
    #####:  539:                    const char * const type_attribute = typenode->Attribute("type");
call    0 never executed
branch  1 never executed
branch  2 never executed
    #####:  540:                    if (type_attribute == nullptr)
branch  0 never executed
branch  1 never executed
    #####:  541:                        return Error(MISSING_ATTRIBUTE, "type");
call    0 never executed
branch  1 never executed
branch  2 never executed
    #####:  542:                    platform.insert(type_attribute);
call    0 never executed
call    1 never executed
branch  2 never executed
branch  3 never executed
call    4 never executed
branch  5 never executed
branch  6 never executed
call    7 never executed
call    8 never executed
call    9 never executed
call   10 never executed
call   11 never executed
    #####:  543:                } else if (typenodename == "signed")
call    0 never executed
branch  1 never executed
branch  2 never executed
    #####:  544:                    type._signed = true;
    #####:  545:                else if (typenodename == "unsigned")
call    0 never executed
branch  1 never executed
branch  2 never executed
    #####:  546:                    type._unsigned = true;
    #####:  547:                else if (typenodename == "long")
call    0 never executed
branch  1 never executed
branch  2 never executed
    #####:  548:                    type._long = true;
    #####:  549:                else if (typenodename == "pointer")
call    0 never executed
branch  1 never executed
branch  2 never executed
    #####:  550:                    type._pointer= true;
    #####:  551:                else if (typenodename == "ptr_ptr")
call    0 never executed
branch  1 never executed
branch  2 never executed
    #####:  552:                    type._ptr_ptr = true;
    #####:  553:                else if (typenodename == "const_ptr")
call    0 never executed
branch  1 never executed
branch  2 never executed
    #####:  554:                    type._const_ptr = true;
        -:  555:                else
    #####:  556:                    unknown_elements.insert(typenodename);
call    0 never executed
branch  1 never executed
branch  2 never executed
call    3 never executed
call    4 never executed
branch  5 never executed
branch  6 never executed
        -:  557:            }
    #####:  558:            if (platform.empty()) {
call    0 never executed
branch  1 never executed
branch  2 never executed
    #####:  559:                const PlatformType * const type_ptr = platform_type(type_name, emptyString);
call    0 never executed
call    1 never executed
branch  2 never executed
branch  3 never executed
call    4 never executed
branch  5 never executed
branch  6 never executed
call    7 never executed
call    8 never executed
call    9 never executed
call   10 never executed
    #####:  560:                if (type_ptr) {
branch  0 never executed
branch  1 never executed
    #####:  561:                    if (*type_ptr == type)
call    0 never executed
branch  1 never executed
branch  2 never executed
    #####:  562:                        return Error(DUPLICATE_PLATFORM_TYPE, type_name);
call    0 never executed
branch  1 never executed
branch  2 never executed
    #####:  563:                    return Error(PLATFORM_TYPE_REDEFINED, type_name);
call    0 never executed
branch  1 never executed
branch  2 never executed
        -:  564:                }
    #####:  565:                mPlatformTypes[type_name] = type;
call    0 never executed
call    1 never executed
branch  2 never executed
branch  3 never executed
call    4 never executed
branch  5 never executed
branch  6 never executed
call    7 never executed
branch  8 never executed
branch  9 never executed
call   10 never executed
call   11 never executed
call   12 never executed
call   13 never executed
        -:  566:            } else {
    #####:  567:                for (const std::string &p : platform) {
call    0 never executed
call    1 never executed
call    2 never executed
branch  3 never executed
branch  4 never executed
call    5 never executed
call    6 never executed
call    7 never executed
branch  8 never executed
branch  9 never executed
call   10 never executed
branch 11 never executed
branch 12 never executed
call   13 never executed
branch 14 never executed
branch 15 never executed
call   16 never executed
call   17 never executed
    #####:  568:                    const PlatformType * const type_ptr = platform_type(type_name, p);
call    0 never executed
call    1 never executed
branch  2 never executed
branch  3 never executed
call    4 never executed
branch  5 never executed
branch  6 never executed
call    7 never executed
call    8 never executed
[...]
call    0 returned 100%
branch  1 taken 100% (fallthrough)
branch  2 taken 0% (throw)
call    3 returned 100%
        5: 1235:    if (it != functions.cend())
call    0 returned 100%
call    1 returned 100%
call    2 returned 100%
branch  3 taken 0% (fallthrough)
branch  4 taken 100%
    #####: 1236:        return it->second.use;
call    0 never executed
        5: 1237:    return false;
        -: 1238:}
function _ZNK7Library12isLeakIgnoreERKNSt7__cxx1112basic_stringIcSt11char_traitsIcESaIcEEE called 292 returned 100% blocks executed 83%
      292: 1239:bool Library::isLeakIgnore(const std::string& functionName) const
        -: 1240:{
      584: 1241:    const  std::map<std::string, Function>::const_iterator it = functions.find(functionName);
call    0 returned 100%
branch  1 taken 100% (fallthrough)
branch  2 taken 0% (throw)
call    3 returned 100%
      292: 1242:    if (it != functions.cend())
call    0 returned 100%
call    1 returned 100%
call    2 returned 100%
branch  3 taken 0% (fallthrough)
branch  4 taken 100%
    #####: 1243:        return it->second.leakignore;
call    0 never executed
      292: 1244:    return false;
        -: 1245:}
function _ZNK7Library15isFunctionConstERKNSt7__cxx1112basic_stringIcSt11char_traitsIcESaIcEEEb called 302 returned 100% blocks executed 63%
      302: 1246:bool Library::isFunctionConst(const std::string& functionName, bool pure) const
        -: 1247:{
      604: 1248:    const std::map<std::string, Function>::const_iterator it = functions.find(functionName);
call    0 returned 100%
branch  1 taken 100% (fallthrough)
branch  2 taken 0% (throw)
call    3 returned 100%
      302: 1249:    if (it != functions.cend())
call    0 returned 100%
call    1 returned 100%
call    2 returned 100%
branch  3 taken 0% (fallthrough)
branch  4 taken 100%
    #####: 1250:        return pure ? it->second.ispure : it->second.isconst;
branch  0 never executed
branch  1 never executed
call    2 never executed
call    3 never executed
      302: 1251:    return false;
        -: 1252:}
function _ZNK7Library15isFunctionConstEPK5Token called 0 returned 0% blocks executed 0%
    #####: 1253:bool Library::isFunctionConst(const Token *ftok) const
        -: 1254:{
    #####: 1255:    if (ftok->function() && ftok->function()->isAttributeConst())
call    0 never executed
branch  1 never executed
branch  2 never executed
call    3 never executed
call    4 never executed
branch  5 never executed
branch  6 never executed
branch  7 never executed
branch  8 never executed
branch  9 never executed
branch 10 never executed
    #####: 1256:        return true;
    #####: 1257:    if (isNotLibraryFunction(ftok))
call    0 never executed
branch  1 never executed
branch  2 never executed
branch  3 never executed
branch  4 never executed
    #####: 1258:        return false;
    #####: 1259:    const std::map<std::string, Function>::const_iterator it = functions.find(getFunctionName(ftok));
call    0 never executed
branch  1 never executed
branch  2 never executed
call    3 never executed
branch  4 never executed
branch  5 never executed
call    6 never executed
call    7 never executed
call    8 never executed
    #####: 1260:    return (it != functions.end() && it->second.isconst);
call    0 never executed
call    1 never executed
branch  2 never executed
branch  3 never executed
call    4 never executed
branch  5 never executed
branch  6 never executed
branch  7 never executed
branch  8 never executed
call    9 never executed
        -: 1261:}
function _ZNK7Library10isnoreturnEPK5Token called 97 returned 100% blocks executed 65%
       97: 1262:bool Library::isnoreturn(const Token *ftok) const
        -: 1263:{
       97: 1264:    if (ftok->function() && ftok->function()->isAttributeNoreturn())
call    0 returned 100%
branch  1 taken 0% (fallthrough)
branch  2 taken 100%
call    3 never executed
call    4 never executed
branch  5 never executed
branch  6 never executed
branch  7 never executed
branch  8 never executed
branch  9 taken 0% (fallthrough)
branch 10 taken 100%
    #####: 1265:        return true;
       97: 1266:    if (isNotLibraryFunction(ftok))
call    0 returned 100%
branch  1 taken 100% (fallthrough)
branch  2 taken 0% (throw)
branch  3 taken 97% (fallthrough)
branch  4 taken 3%
       94: 1267:        return false;
        6: 1268:    const std::map<std::string, bool>::const_iterator it = mNoReturn.find(getFunctionName(ftok));
call    0 returned 100%
branch  1 taken 100% (fallthrough)
branch  2 taken 0% (throw)
call    3 returned 100%
branch  4 taken 100% (fallthrough)
branch  5 taken 0% (throw)
call    6 returned 100%
call    7 returned 100%
call    8 never executed
        3: 1269:    return (it != mNoReturn.end() && it->second);
call    0 returned 100%
call    1 returned 100%
branch  2 taken 0% (fallthrough)
branch  3 taken 100%
call    4 never executed
branch  5 never executed
branch  6 never executed
branch  7 taken 100% (fallthrough)
branch  8 taken 0%
call    9 returned 100%
        -: 1270:}
        -: 1271:
function _ZNK7Library13isnotnoreturnEPK5Token called 28 returned 100% blocks executed 65%
       28: 1272:bool Library::isnotnoreturn(const Token *ftok) const
        -: 1273:{
       28: 1274:    if (ftok->function() && ftok->function()->isAttributeNoreturn())
call    0 returned 100%
branch  1 taken 0% (fallthrough)
branch  2 taken 100%
call    3 never executed
call    4 never executed
branch  5 never executed
branch  6 never executed
branch  7 never executed
branch  8 never executed
branch  9 taken 0% (fallthrough)
branch 10 taken 100%
    #####: 1275:        return false;
       28: 1276:    if (isNotLibraryFunction(ftok))
call    0 returned 100%
branch  1 taken 100% (fallthrough)
branch  2 taken 0% (throw)
branch  3 taken 93% (fallthrough)
branch  4 taken 7%
       26: 1277:        return false;
        4: 1278:    const std::map<std::string, bool>::const_iterator it = mNoReturn.find(getFunctionName(ftok));
call    0 returned 100%
branch  1 taken 100% (fallthrough)
branch  2 taken 0% (throw)
call    3 returned 100%
branch  4 taken 100% (fallthrough)
branch  5 taken 0% (throw)
call    6 returned 100%
call    7 returned 100%
call    8 never executed
        2: 1279:    return (it != mNoReturn.end() && !it->second);
call    0 returned 100%
call    1 returned 100%
branch  2 taken 0% (fallthrough)
branch  3 taken 100%
call    4 never executed
branch  5 never executed
branch  6 never executed
branch  7 taken 100% (fallthrough)
branch  8 taken 0%
call    9 returned 100%
        -: 1280:}
        -: 1281:
function _ZNK7Library10markupFileERKNSt7__cxx1112basic_stringIcSt11char_traitsIcESaIcEEE called 83 returned 100% blocks executed 67%
       83: 1282:bool Library::markupFile(const std::string &path) const
        -: 1283:{
       83: 1284:    return mMarkupExtensions.find(Path::getFilenameExtensionInLowerCase(path)) != mMarkupExtensions.end();
call    0 returned 100%
call    1 returned 100%
branch  2 taken 100% (fallthrough)
branch  3 taken 0% (throw)
call    4 returned 100%
branch  5 taken 100% (fallthrough)
branch  6 taken 0% (throw)
call    7 returned 100%
call    8 returned 100%
call    9 returned 100%
call   10 returned 100%
call   11 never executed
call   12 never executed
        -: 1285:}
        -: 1286:
function _ZNK7Library22processMarkupAfterCodeERKNSt7__cxx1112basic_stringIcSt11char_traitsIcESaIcEEE called 0 returned 0% blocks executed 0%
    #####: 1287:bool Library::processMarkupAfterCode(const std::string &path) const
        -: 1288:{
    #####: 1289:    const std::map<std::string, bool>::const_iterator it = mProcessAfterCode.find(Path::getFilenameExtensionInLowerCase(path));
call    0 never executed
branch  1 never executed
branch  2 never executed
call    3 never executed
branch  4 never executed
branch  5 never executed
call    6 never executed
call    7 never executed
    #####: 1290:    return (it == mProcessAfterCode.end() || it->second);
call    0 never executed
call    1 never executed
branch  2 never executed
branch  3 never executed
call    4 never executed
branch  5 never executed
branch  6 never executed
branch  7 never executed
branch  8 never executed
call    9 never executed
call   10 never executed
        -: 1291:}
        -: 1292:
function _ZNK7Library12reportErrorsERKNSt7__cxx1112basic_stringIcSt11char_traitsIcESaIcEEE called 0 returned 0% blocks executed 0%
    #####: 1293:bool Library::reportErrors(const std::string &path) const
        -: 1294:{
    #####: 1295:    const std::map<std::string, bool>::const_iterator it = mReportErrors.find(Path::getFilenameExtensionInLowerCase(path));
call    0 never executed
branch  1 never executed
branch  2 never executed
call    3 never executed
branch  4 never executed
branch  5 never executed
call    6 never executed
call    7 never executed
    #####: 1296:    return (it == mReportErrors.end() || it->second);
call    0 never executed
call    1 never executed
branch  2 never executed
branch  3 never executed
call    4 never executed
branch  5 never executed
branch  6 never executed
branch  7 never executed
branch  8 never executed
call    9 never executed
call   10 never executed
        -: 1297:}
        -: 1298:
function _ZNK7Library17isexecutableblockERKNSt7__cxx1112basic_stringIcSt11char_traitsIcESaIcEEES7_ called 0 returned 0% blocks executed 0%
    #####: 1299:bool Library::isexecutableblock(const std::string &file, const std::string &token) const
        -: 1300:{
    #####: 1301:    const std::map<std::string, CodeBlock>::const_iterator it = mExecutableBlocks.find(Path::getFilenameExtensionInLowerCase(file));
call    0 never executed
branch  1 never executed
branch  2 never executed
call    3 never executed
branch  4 never executed
branch  5 never executed
call    6 never executed
call    7 never executed
call    8 never executed
    #####: 1302:    return (it != mExecutableBlocks.end() && it->second.isBlock(token));
call    0 never executed
call    1 never executed
branch  2 never executed
branch  3 never executed
call    4 never executed
call    5 never executed
branch  6 never executed
branch  7 never executed
branch  8 never executed
branch  9 never executed
branch 10 never executed
branch 11 never executed
call   12 never executed
call   13 never executed
branch 14 never executed
branch 15 never executed
call   16 never executed
        -: 1303:}
        -: 1304:
function _ZNK7Library16blockstartoffsetERKNSt7__cxx1112basic_stringIcSt11char_traitsIcESaIcEEE called 0 returned 0% blocks executed 0%
    #####: 1305:int Library::blockstartoffset(const std::string &file) const
        -: 1306:{
    #####: 1307:    int offset = -1;
        -: 1308:    const std::map<std::string, CodeBlock>::const_iterator map_it
    #####: 1309:        = mExecutableBlocks.find(Path::getFilenameExtensionInLowerCase(file));
call    0 never executed
branch  1 never executed
branch  2 never executed
call    3 never executed
branch  4 never executed
branch  5 never executed
call    6 never executed
call    7 never executed
        -: 1310:
    #####: 1311:    if (map_it != mExecutableBlocks.end()) {
call    0 never executed
call    1 never executed
call    2 never executed
branch  3 never executed
branch  4 never executed
    #####: 1312:        offset = map_it->second.offset();
call    0 never executed
call    1 never executed
        -: 1313:    }
    #####: 1314:    return offset;
call    0 never executed
        -: 1315:}
        -: 1316:
function _ZNK7Library10blockstartERKNSt7__cxx1112basic_stringIcSt11char_traitsIcESaIcEEE called 0 returned 0% blocks executed 0%
    #####: 1317:const std::string& Library::blockstart(const std::string &file) const
        -: 1318:{
        -: 1319:    const std::map<std::string, CodeBlock>::const_iterator map_it
    #####: 1320:        = mExecutableBlocks.find(Path::getFilenameExtensionInLowerCase(file));
call    0 never executed
branch  1 never executed
branch  2 never executed
call    3 never executed
branch  4 never executed
branch  5 never executed
call    6 never executed
call    7 never executed
call    8 never executed
        -: 1321:
    #####: 1322:    if (map_it != mExecutableBlocks.end()) {
call    0 never executed
call    1 never executed
call    2 never executed
branch  3 never executed
branch  4 never executed
    #####: 1323:        return map_it->second.start();
call    0 never executed
call    1 never executed
        -: 1324:    }
    #####: 1325:    return emptyString;
        -: 1326:}
        -: 1327:
function _ZNK7Library8blockendERKNSt7__cxx1112basic_stringIcSt11char_traitsIcESaIcEEE called 0 returned 0% blocks executed 0%
    #####: 1328:const std::string& Library::blockend(const std::string &file) const
        -: 1329:{
        -: 1330:    const std::map<std::string, CodeBlock>::const_iterator map_it
    #####: 1331:        = mExecutableBlocks.find(Path::getFilenameExtensionInLowerCase(file));
call    0 never executed
branch  1 never executed
branch  2 never executed
call    3 never executed
branch  4 never executed
branch  5 never executed
call    6 never executed
call    7 never executed
call    8 never executed
        -: 1332:
    #####: 1333:    if (map_it != mExecutableBlocks.end()) {
call    0 never executed
call    1 never executed
call    2 never executed
branch  3 never executed
branch  4 never executed
    #####: 1334:        return map_it->second.end();
call    0 never executed
call    1 never executed
        -: 1335:    }
    #####: 1336:    return emptyString;
        -: 1337:}
        -: 1338:
function _ZNK7Library9iskeywordERKNSt7__cxx1112basic_stringIcSt11char_traitsIcESaIcEEES7_ called 0 returned 0% blocks executed 0%
    #####: 1339:bool Library::iskeyword(const std::string &file, const std::string &keyword) const
        -: 1340:{
        -: 1341:    const std::map<std::string, std::set<std::string> >::const_iterator it =
    #####: 1342:        mKeywords.find(Path::getFilenameExtensionInLowerCase(file));
call    0 never executed
branch  1 never executed
branch  2 never executed
call    3 never executed
branch  4 never executed
branch  5 never executed
call    6 never executed
call    7 never executed
call    8 never executed
    #####: 1343:    return (it != mKeywords.end() && it->second.count(keyword));
call    0 never executed
call    1 never executed
branch  2 never executed
branch  3 never executed
call    4 never executed
call    5 never executed
branch  6 never executed
branch  7 never executed
branch  8 never executed
branch  9 never executed
branch 10 never executed
branch 11 never executed
call   12 never executed
call   13 never executed
branch 14 never executed
branch 15 never executed
call   16 never executed
        -: 1344:}
        -: 1345:
function _ZNK7Library10isimporterERKNSt7__cxx1112basic_stringIcSt11char_traitsIcESaIcEEES7_ called 0 returned 0% blocks executed 0%
    #####: 1346:bool Library::isimporter(const std::string& file, const std::string &importer) const
        -: 1347:{
        -: 1348:    const std::map<std::string, std::set<std::string> >::const_iterator it =
    #####: 1349:        mImporters.find(Path::getFilenameExtensionInLowerCase(file));
call    0 never executed
branch  1 never executed
branch  2 never executed
call    3 never executed
branch  4 never executed
branch  5 never executed
call    6 never executed
call    7 never executed
call    8 never executed
    #####: 1350:    return (it != mImporters.end() && it->second.count(importer) > 0);
call    0 never executed
call    1 never executed
branch  2 never executed
branch  3 never executed
call    4 never executed
call    5 never executed
branch  6 never executed
branch  7 never executed
branch  8 never executed
branch  9 never executed
branch 10 never executed
branch 11 never executed
call   12 never executed
call   13 never executed
branch 14 never executed
branch 15 never executed
call   16 never executed
        -: 1351:}
        -: 1352:
function _ZNK7Library14isSmartPointerEPK5Token called 305 returned 100% blocks executed 76%
      305: 1353:bool Library::isSmartPointer(const Token *tok) const
        -: 1354:{
      610: 1355:    std::string typestr;
call    0 returned 100%
call    1 returned 100%
call    2 never executed
     1191: 1356:    while (Token::Match(tok, "%name%|::")) {
call    0 returned 100%
branch  1 taken 100% (fallthrough)
branch  2 taken 0% (throw)
branch  3 taken 59% (fallthrough)
branch  4 taken 41%
      443: 1357:        typestr += tok->str();
call    0 returned 100%
call    1 returned 100%
branch  2 taken 100% (fallthrough)
branch  3 taken 0% (throw)
      443: 1358:        tok = tok->next();
call    0 returned 100%
        -: 1359:    }
      610: 1360:    return smartPointers.find(typestr) != smartPointers.end();
call    0 returned 100%
call    1 returned 100%
branch  2 taken 100% (fallthrough)
branch  3 taken 0% (throw)
call    4 returned 100%
call    5 returned 100%
call    6 returned 100%
call    7 never executed
        -: 1361:}
        -: 1362:
function _Z19getLibraryContainerPK5Token called 37058 returned 100% blocks executed 62%
    37058: 1363:CPPCHECKLIB const Library::Container * getLibraryContainer(const Token * tok)
        -: 1364:{
    37058: 1365:    if (!tok)
branch  0 taken 5% (fallthrough)
branch  1 taken 95%
     2033: 1366:        return nullptr;
        -: 1367:    // TODO: Support dereferencing iterators
        -: 1368:    // TODO: Support dereferencing with ->
    35025: 1369:    if (tok->isUnaryOp("*") && astIsPointer(tok->astOperand1())) {
call    0 returned 100%
call    1 returned 100%
branch  2 taken 100% (fallthrough)
branch  3 taken 0% (throw)
call    4 returned 100%
branch  5 taken 100% (fallthrough)
branch  6 taken 0% (throw)
branch  7 taken 1% (fallthrough)
branch  8 taken 99%
call    9 returned 100%
call   10 returned 100%
branch 11 taken 100% (fallthrough)
branch 12 taken 0% (throw)
branch 13 taken 92% (fallthrough)
branch 14 taken 8%
branch 15 taken 100% (fallthrough)
branch 16 taken 0%
call   17 returned 100%
branch 18 taken 100% (fallthrough)
branch 19 taken 0%
call   20 returned 100%
branch 21 taken 1% (fallthrough)
branch 22 taken 99%
branch 23 never executed
branch 24 never executed
call   25 never executed
branch 26 never executed
branch 27 never executed
call   28 never executed
call   29 never executed
       12: 1370:        for (const ValueFlow::Value& v:tok->astOperand1()->values()) {
call    0 returned 100%
call    1 returned 100%
call    2 returned 100%
call    3 returned 100%
call    4 returned 100%
branch  5 taken 0% (fallthrough)
branch  6 taken 100%
call    7 never executed
call    8 never executed
call    9 returned 100%
branch 10 taken 100%
branch 11 taken 0%
call   12 returned 100%
branch 13 taken 100%
branch 14 taken 0%
call   15 never executed
call   16 never executed
    #####: 1371:            if (!v.isLocalLifetimeValue())
call    0 never executed
branch  1 never executed
branch  2 never executed
    #####: 1372:                continue;
    #####: 1373:            if (v.lifetimeKind != ValueFlow::Value::LifetimeKind::Address)
branch  0 never executed
branch  1 never executed
    #####: 1374:                continue;
    #####: 1375:            return getLibraryContainer(v.tokvalue);
call    0 never executed
branch  1 never executed
branch  2 never executed
        -: 1376:        }
        -: 1377:    }
    35025: 1378:    if (!tok->valueType())
call    0 returned 100%
branch  1 taken 85% (fallthrough)
branch  2 taken 15%
    29765: 1379:        return nullptr;
     5260: 1380:    return tok->valueType()->container;
call    0 returned 100%
function _GLOBAL__sub_I__ZN7LibraryC2Ev called 1 returned 100% blocks executed 100%
function _Z41__static_initialization_and_destruction_0ii called 1 returned 100% blocks executed 100%
        3: 1381:}
call    0 returned 100%
branch  1 taken 100% (fallthrough)
branch  2 taken 0%
branch  3 taken 100% (fallthrough)
branch  4 taken 0%
        -: 1382:
