        -:    0:Source:/home/workspace/lib/token.cpp
        -:    0:Graph:/home/workspace/build/lib/CMakeFiles/lib_objs.dir/token.gcno
        -:    0:Data:/home/workspace/build/lib/CMakeFiles/lib_objs.dir/token.gcda
        -:    0:Runs:1
        -:    0:Programs:1
        -:    1:/*
        -:    2: * Cppcheck - A tool for static C/C++ code analysis
        -:    3: * Copyright (C) 2007-2019 Cppcheck team.
        -:    4: *
        -:    5: * This program is free software: you can redistribute it and/or modify
        -:    6: * it under the terms of the GNU General Public License as published by
        -:    7: * the Free Software Foundation, either version 3 of the License, or
        -:    8: * (at your option) any later version.
        -:    9: *
        -:   10: * This program is distributed in the hope that it will be useful,
        -:   11: * but WITHOUT ANY WARRANTY; without even the implied warranty of
        -:   12: * MERCHANTABILITY or FITNESS FOR A PARTICULAR PURPOSE.  See the
        -:   13: * GNU General Public License for more details.
        -:   14: *
        -:   15: * You should have received a copy of the GNU General Public License
        -:   16: * along with this program.  If not, see <http://www.gnu.org/licenses/>.
        -:   17: */
        -:   18:
        -:   19:#include "token.h"
        -:   20:
        -:   21:#include "astutils.h"
        -:   22:#include "errorlogger.h"
        -:   23:#include "library.h"
        -:   24:#include "settings.h"
        -:   25:#include "symboldatabase.h"
        -:   26:#include "utils.h"
        -:   27:
        -:   28:#include <cassert>
        -:   29:#include <cctype>
        -:   30:#include <cstring>
        -:   31:#include <iostream>
        -:   32:#include <map>
        -:   33:#include <set>
        -:   34:#include <stack>
        -:   35:#include <utility>
        -:   36:
function __tcf_0 called 1 returned 100% blocks executed 100%
        2:   37:static const std::string literal_prefix[4] = {"u8", "u", "U", "L"};
call    0 returned 100%
call    1 returned 100%
branch  2 taken 100% (fallthrough)
branch  3 taken 0% (throw)
call    4 returned 100%
call    5 returned 100%
call    6 returned 100%
branch  7 taken 100% (fallthrough)
branch  8 taken 0% (throw)
call    9 returned 100%
call   10 returned 100%
call   11 returned 100%
branch 12 taken 100% (fallthrough)
branch 13 taken 0% (throw)
call   14 returned 100%
call   15 returned 100%
call   16 returned 100%
branch 17 taken 100% (fallthrough)
branch 18 taken 0% (throw)
call   19 returned 100%
call   20 returned 100%
call   21 never executed
call   22 never executed
call   23 never executed
call   24 never executed
branch 25 never executed
branch 26 never executed
branch 27 never executed
branch 28 never executed
call   29 never executed
call   30 never executed
branch 31 taken 80% (fallthrough)
branch 32 taken 20%
call   33 returned 100%
        -:   38:
function _ZL19isStringCharLiteralRKNSt7__cxx1112basic_stringIcSt11char_traitsIcESaIcEEEc called 90158 returned 100% blocks executed 36%
    90158:   39:static bool isStringCharLiteral(const std::string &str, char q)
        -:   40:{
        -:   41:
    90158:   42:    if (!endsWith(str, q))
call    0 returned 100%
branch  1 taken 99% (fallthrough)
branch  2 taken 1%
    90151:   43:        return false;
        7:   44:    if (str[0] == q && str.length() > 1)
call    0 returned 100%
branch  1 taken 100% (fallthrough)
branch  2 taken 0%
call    3 returned 100%
branch  4 taken 100% (fallthrough)
branch  5 taken 0%
branch  6 taken 100% (fallthrough)
branch  7 taken 0%
        7:   45:        return true;
        -:   46:
    #####:   47:    for (const std::string & p: literal_prefix) {
branch  0 never executed
branch  1 never executed
    #####:   48:        if ((str.length() + 1) > p.length() && (str.compare(0, p.size() + 1, (p + q)) == 0))
call    0 never executed
call    1 never executed
branch  2 never executed
branch  3 never executed
call    4 never executed
branch  5 never executed
branch  6 never executed
call    7 never executed
call    8 never executed
branch  9 never executed
branch 10 never executed
branch 11 never executed
branch 12 never executed
branch 13 never executed
branch 14 never executed
call   15 never executed
branch 16 never executed
branch 17 never executed
branch 18 never executed
branch 19 never executed
call   20 never executed
    #####:   49:            return true;
        -:   50:    }
    #####:   51:    return false;
        -:   52:}
        1:   53:const std::list<ValueFlow::Value> TokenImpl::mEmptyValueList;
call    0 returned 100%
call    1 returned 100%
        -:   54:
function _ZN5TokenC2EP15TokensFrontBack called 36224 returned 100% blocks executed 83%
    36224:   55:Token::Token(TokensFrontBack *tokensFrontBack) :
        -:   56:    mTokensFrontBack(tokensFrontBack),
        -:   57:    mNext(nullptr),
        -:   58:    mPrevious(nullptr),
        -:   59:    mLink(nullptr),
        -:   60:    mTokType(eNone),
    36224:   61:    mFlags(0)
call    0 returned 100%
call    1 never executed
        -:   62:{
    36224:   63:    mImpl = new TokenImpl();
call    0 returned 100%
branch  1 taken 100% (fallthrough)
branch  2 taken 0% (throw)
call    3 returned 100%
    36224:   64:}
        -:   65:
function _ZN5TokenD2Ev called 36224 returned 100% blocks executed 100%
    72448:   66:Token::~Token()
call    0 returned 100%
        -:   67:{
    36224:   68:    delete mImpl;
branch  0 taken 99% (fallthrough)
branch  1 taken 1%
call    2 returned 100%
call    3 returned 100%
    36224:   69:}
        -:   70:
       12:   71:static const std::set<std::string> controlFlowKeywords = {
call    0 returned 100%
call    1 returned 100%
branch  2 taken 100% (fallthrough)
branch  3 taken 0% (throw)
call    4 returned 100%
call    5 returned 100%
branch  6 taken 100% (fallthrough)
branch  7 taken 0% (throw)
call    8 returned 100%
call    9 returned 100%
branch 10 taken 100% (fallthrough)
branch 11 taken 0% (throw)
call   12 returned 100%
call   13 returned 100%
branch 14 taken 100% (fallthrough)
branch 15 taken 0% (throw)
call   16 returned 100%
call   17 returned 100%
branch 18 taken 100% (fallthrough)
branch 19 taken 0% (throw)
call   20 returned 100%
call   21 returned 100%
branch 22 taken 100% (fallthrough)
branch 23 taken 0% (throw)
call   24 returned 100%
call   25 returned 100%
branch 26 taken 100% (fallthrough)
branch 27 taken 0% (throw)
call   28 returned 100%
call   29 returned 100%
branch 30 taken 100% (fallthrough)
branch 31 taken 0% (throw)
call   32 returned 100%
call   33 returned 100%
branch 34 taken 100% (fallthrough)
branch 35 taken 0% (throw)
call   36 returned 100%
call   37 returned 100%
branch 38 taken 100% (fallthrough)
branch 39 taken 0% (throw)
call   40 returned 100%
call   41 returned 100%
branch 42 taken 100% (fallthrough)
branch 43 taken 0% (throw)
call   44 returned 100%
call   45 returned 100%
branch 46 taken 100% (fallthrough)
branch 47 taken 0% (throw)
call   48 returned 100%
branch 49 taken 92% (fallthrough)
branch 50 taken 8%
call   51 returned 100%
call   52 returned 100%
call   53 returned 100%
call   54 returned 100%
call   55 returned 100%
call   56 returned 100%
call   57 returned 100%
call   58 returned 100%
call   59 returned 100%
call   60 returned 100%
call   61 returned 100%
call   62 returned 100%
call   63 never executed
branch 64 never executed
branch 65 never executed
call   66 never executed
call   67 never executed
call   68 never executed
call   69 never executed
call   70 never executed
call   71 never executed
call   72 never executed
call   73 never executed
call   74 never executed
call   75 never executed
call   76 never executed
call   77 never executed
        -:   72:    "goto",
        -:   73:    "do",
        -:   74:    "if",
        -:   75:    "else",
        -:   76:    "for",
        -:   77:    "while",
        -:   78:    "switch",
        -:   79:    "case",
        -:   80:    "break",
        -:   81:    "continue",
        -:   82:    "return"
       11:   83:};
call    0 returned 100%
call    1 never executed
        -:   84:
function _ZN5Token20update_property_infoEv called 45094 returned 100% blocks executed 97%
    45094:   85:void Token::update_property_info()
        -:   86:{
    45094:   87:    setFlag(fIsControlFlowKeyword, controlFlowKeywords.find(mStr) != controlFlowKeywords.end());
call    0 returned 100%
call    1 returned 100%
branch  2 taken 100% (fallthrough)
branch  3 taken 0% (throw)
call    4 returned 100%
call    5 returned 100%
call    6 returned 100%
call    7 returned 100%
call    8 never executed
        -:   88:
    45094:   89:    if (!mStr.empty()) {
call    0 returned 100%
branch  1 taken 100% (fallthrough)
branch  2 taken 0%
    45094:   90:        if (mStr == "true" || mStr == "false")
call    0 returned 100%
branch  1 taken 99% (fallthrough)
branch  2 taken 1%
call    3 returned 100%
branch  4 taken 1% (fallthrough)
branch  5 taken 99%
branch  6 taken 1% (fallthrough)
branch  7 taken 99%
       12:   91:            tokType(eBoolean);
call    0 returned 100%
    45082:   92:        else if (isStringCharLiteral(mStr, '\"'))
call    0 returned 100%
branch  1 taken 1% (fallthrough)
branch  2 taken 99%
        6:   93:            tokType(eString);
call    0 returned 100%
    45076:   94:        else if (isStringCharLiteral(mStr, '\''))
call    0 returned 100%
branch  1 taken 1% (fallthrough)
branch  2 taken 99%
        1:   95:            tokType(eChar);
call    0 returned 100%
    45075:   96:        else if (std::isalpha((unsigned char)mStr[0]) || mStr[0] == '_' || mStr[0] == '$') { // Name
call    0 returned 100%
branch  1 taken 62% (fallthrough)
branch  2 taken 38%
call    3 returned 100%
branch  4 taken 100% (fallthrough)
branch  5 taken 0%
call    6 returned 100%
branch  7 taken 0% (fallthrough)
branch  8 taken 100%
branch  9 taken 38% (fallthrough)
branch 10 taken 62%
    16982:   97:            if (mImpl->mVarId)
branch  0 taken 0% (fallthrough)
branch  1 taken 100%
    #####:   98:                tokType(eVariable);
call    0 never executed
    16982:   99:            else if (mTokType != eVariable && mTokType != eFunction && mTokType != eType && mTokType != eKeyword)
branch  0 taken 100% (fallthrough)
branch  1 taken 0%
branch  2 taken 100% (fallthrough)
branch  3 taken 0%
branch  4 taken 97% (fallthrough)
branch  5 taken 3%
branch  6 taken 99% (fallthrough)
branch  7 taken 1%
    16429:  100:                tokType(eName);
call    0 returned 100%
    28093:  101:        } else if (std::isdigit((unsigned char)mStr[0]) || (mStr.length() > 1 && mStr[0] == '-' && std::isdigit((unsigned char)mStr[1])))
call    0 returned 100%
branch  1 taken 85% (fallthrough)
branch  2 taken 15%
call    3 returned 100%
branch  4 taken 1% (fallthrough)
branch  5 taken 99%
call    6 returned 100%
branch  7 taken 22% (fallthrough)
branch  8 taken 78%
call    9 returned 100%
branch 10 taken 13% (fallthrough)
branch 11 taken 88%
branch 12 taken 15% (fallthrough)
branch 13 taken 85%
     4183:  102:            tokType(eNumber);
call    0 returned 100%
    47824:  103:        else if (mStr == "=" || mStr == "<<=" || mStr == ">>=" ||
call    0 returned 100%
branch  1 taken 98% (fallthrough)
branch  2 taken 2%
call    3 returned 100%
branch  4 taken 100% (fallthrough)
branch  5 taken 0%
call    6 returned 100%
branch  7 taken 100% (fallthrough)
branch  8 taken 0%
branch  9 taken 1% (fallthrough)
branch 10 taken 99%
branch 11 taken 2% (fallthrough)
branch 12 taken 98%
    23578:  104:                 (mStr.size() == 2U && mStr[1] == '=' && std::strchr("+-*/%&^|", mStr[0])))
call    0 returned 100%
call    1 returned 100%
branch  2 taken 30% (fallthrough)
branch  3 taken 70%
call    4 returned 100%
branch  5 taken 13% (fallthrough)
branch  6 taken 87%
      441:  105:            tokType(eAssignmentOp);
call    0 returned 100%
    23469:  106:        else if (mStr.size() == 1 && mStr.find_first_of(",[]()?:") != std::string::npos)
call    0 returned 100%
branch  1 taken 99% (fallthrough)
branch  2 taken 1%
call    3 returned 100%
branch  4 taken 41% (fallthrough)
branch  5 taken 59%
branch  6 taken 41% (fallthrough)
branch  7 taken 59%
     9534:  107:            tokType(eExtendedOp);
call    0 returned 100%
    13935:  108:        else if (mStr=="<<" || mStr==">>" || (mStr.size()==1 && mStr.find_first_of("+-*/%") != std::string::npos))
call    0 returned 100%
branch  1 taken 100% (fallthrough)
branch  2 taken 0%
call    3 returned 100%
branch  4 taken 100% (fallthrough)
branch  5 taken 0%
call    6 returned 100%
branch  7 taken 99% (fallthrough)
branch  8 taken 1%
call    9 returned 100%
branch 10 taken 2% (fallthrough)
branch 11 taken 98%
branch 12 taken 2% (fallthrough)
branch 13 taken 98%
      280:  109:            tokType(eArithmeticalOp);
call    0 returned 100%
    13655:  110:        else if (mStr.size() == 1 && mStr.find_first_of("&|^~") != std::string::npos)
call    0 returned 100%
branch  1 taken 99% (fallthrough)
branch  2 taken 1%
call    3 returned 100%
branch  4 taken 1% (fallthrough)
branch  5 taken 99%
branch  6 taken 1% (fallthrough)
branch  7 taken 99%
       23:  111:            tokType(eBitOp);
call    0 returned 100%
    27284:  112:        else if (mStr.size() <= 2 &&
call    0 returned 100%
branch  1 taken 99% (fallthrough)
branch  2 taken 1%
branch  3 taken 99% (fallthrough)
branch  4 taken 1%
branch  5 taken 1% (fallthrough)
branch  6 taken 99%
    27252:  113:                 (mStr == "&&" ||
call    0 returned 100%
branch  1 taken 99% (fallthrough)
branch  2 taken 1%
    27242:  114:                  mStr == "||" ||
call    0 returned 100%
branch  1 taken 1% (fallthrough)
branch  2 taken 99%
    13620:  115:                  mStr == "!"))
call    0 returned 100%
       22:  116:            tokType(eLogicalOp);
call    0 returned 100%
    27256:  117:        else if (mStr.size() <= 2 && !mLink &&
call    0 returned 100%
branch  1 taken 99% (fallthrough)
branch  2 taken 1%
branch  3 taken 99% (fallthrough)
branch  4 taken 1%
branch  5 taken 99% (fallthrough)
branch  6 taken 1%
branch  7 taken 1% (fallthrough)
branch  8 taken 99%
    27084:  118:                 (mStr == "==" ||
call    0 returned 100%
branch  1 taken 99% (fallthrough)
branch  2 taken 1%
    27057:  119:                  mStr == "!=" ||
call    0 returned 100%
branch  1 taken 99% (fallthrough)
branch  2 taken 1%
    27011:  120:                  mStr == "<"  ||
call    0 returned 100%
branch  1 taken 100% (fallthrough)
branch  2 taken 0%
    26976:  121:                  mStr == "<=" ||
call    0 returned 100%
branch  1 taken 99% (fallthrough)
branch  2 taken 1%
    26942:  122:                  mStr == ">"  ||
call    0 returned 100%
branch  1 taken 0% (fallthrough)
branch  2 taken 100%
    13454:  123:                  mStr == ">="))
call    0 returned 100%
       96:  124:            tokType(eComparisonOp);
call    0 returned 100%
    13583:  125:        else if (mStr.size() == 2 &&
call    0 returned 100%
branch  1 taken 1% (fallthrough)
branch  2 taken 99%
branch  3 taken 92% (fallthrough)
branch  4 taken 8%
branch  5 taken 1% (fallthrough)
branch  6 taken 99%
      123:  126:                 (mStr == "++" ||
call    0 returned 100%
branch  1 taken 0% (fallthrough)
branch  2 taken 100%
       59:  127:                  mStr == "--"))
call    0 returned 100%
        5:  128:            tokType(eIncDecOp);
call    0 returned 100%
    13509:  129:        else if (mStr.size() == 1 && (mStr.find_first_of("{}") != std::string::npos || (mLink && mStr.find_first_of("<>") != std::string::npos)))
call    0 returned 100%
branch  1 taken 99% (fallthrough)
branch  2 taken 1%
call    3 returned 100%
branch  4 taken 6% (fallthrough)
branch  5 taken 94%
branch  6 taken 8% (fallthrough)
branch  7 taken 92%
call    8 returned 100%
branch  9 taken 100% (fallthrough)
branch 10 taken 0%
branch 11 taken 94% (fallthrough)
branch 12 taken 6%
    12738:  130:            tokType(eBracket);
call    0 returned 100%
      771:  131:        else if (mStr == "...")
call    0 returned 100%
branch  1 taken 1% (fallthrough)
branch  2 taken 99%
        2:  132:            tokType(eEllipsis);
call    0 returned 100%
        -:  133:        else
      769:  134:            tokType(eOther);
call    0 returned 100%
        -:  135:    } else {
    #####:  136:        tokType(eNone);
call    0 never executed
        -:  137:    }
        -:  138:
    45094:  139:    update_property_char_string_literal();
call    0 returned 100%
    45094:  140:    update_property_isStandardType();
call    0 returned 100%
    45094:  141:}
        -:  142:
       12:  143:static const std::set<std::string> stdTypes = { "bool"
call    0 returned 100%
call    1 returned 100%
branch  2 taken 100% (fallthrough)
branch  3 taken 0% (throw)
call    4 returned 100%
call    5 returned 100%
branch  6 taken 100% (fallthrough)
branch  7 taken 0% (throw)
call    8 returned 100%
call    9 returned 100%
branch 10 taken 100% (fallthrough)
branch 11 taken 0% (throw)
call   12 returned 100%
call   13 returned 100%
branch 14 taken 100% (fallthrough)
branch 15 taken 0% (throw)
call   16 returned 100%
call   17 returned 100%
branch 18 taken 100% (fallthrough)
branch 19 taken 0% (throw)
call   20 returned 100%
call   21 returned 100%
branch 22 taken 100% (fallthrough)
branch 23 taken 0% (throw)
call   24 returned 100%
call   25 returned 100%
branch 26 taken 100% (fallthrough)
branch 27 taken 0% (throw)
call   28 returned 100%
call   29 returned 100%
branch 30 taken 100% (fallthrough)
branch 31 taken 0% (throw)
call   32 returned 100%
call   33 returned 100%
branch 34 taken 100% (fallthrough)
branch 35 taken 0% (throw)
call   36 returned 100%
call   37 returned 100%
branch 38 taken 100% (fallthrough)
branch 39 taken 0% (throw)
call   40 returned 100%
call   41 returned 100%
branch 42 taken 100% (fallthrough)
branch 43 taken 0% (throw)
call   44 returned 100%
call   45 returned 100%
branch 46 taken 100% (fallthrough)
branch 47 taken 0% (throw)
call   48 returned 100%
branch 49 taken 92% (fallthrough)
branch 50 taken 8%
call   51 returned 100%
call   52 returned 100%
call   53 returned 100%
call   54 returned 100%
call   55 returned 100%
call   56 returned 100%
call   57 returned 100%
call   58 returned 100%
call   59 returned 100%
call   60 returned 100%
call   61 returned 100%
call   62 returned 100%
call   63 never executed
branch 64 never executed
branch 65 never executed
call   66 never executed
call   67 never executed
call   68 never executed
call   69 never executed
call   70 never executed
call   71 never executed
call   72 never executed
call   73 never executed
call   74 never executed
call   75 never executed
call   76 never executed
        -:  144:                                                , "_Bool"
        -:  145:                                                , "char"
        -:  146:                                                , "double"
        -:  147:                                                , "float"
        -:  148:                                                , "int"
        -:  149:                                                , "long"
        -:  150:                                                , "short"
        -:  151:                                                , "size_t"
        -:  152:                                                , "void"
        -:  153:                                                , "wchar_t"
       11:  154:                                              };
call    0 returned 100%
call    1 never executed
        -:  155:
function _ZN5Token30update_property_isStandardTypeEv called 45094 returned 100% blocks executed 88%
    45094:  156:void Token::update_property_isStandardType()
        -:  157:{
    45094:  158:    isStandardType(false);
call    0 returned 100%
        -:  159:
    45094:  160:    if (mStr.size() < 3)
call    0 returned 100%
branch  1 taken 85% (fallthrough)
branch  2 taken 15%
    38124:  161:        return;
        -:  162:
     6970:  163:    if (stdTypes.find(mStr)!=stdTypes.end()) {
call    0 returned 100%
call    1 returned 100%
branch  2 taken 100% (fallthrough)
branch  3 taken 0% (throw)
call    4 returned 100%
call    5 returned 100%
call    6 returned 100%
branch  7 taken 14% (fallthrough)
branch  8 taken 86%
call    9 never executed
      971:  164:        isStandardType(true);
call    0 returned 100%
      971:  165:        tokType(eType);
call    0 returned 100%
        -:  166:    }
        -:  167:}
        -:  168:
function _ZN5Token35update_property_char_string_literalEv called 45094 returned 100% blocks executed 62%
    45094:  169:void Token::update_property_char_string_literal()
        -:  170:{
    45094:  171:    if (!(mTokType == Token::eString || mTokType == Token::eChar)) // Token has already been updated
branch  0 taken 99% (fallthrough)
branch  1 taken 1%
branch  2 taken 99% (fallthrough)
branch  3 taken 1%
    45087:  172:        return;
        -:  173:
       35:  174:    for (const std::string & p : literal_prefix) {
branch  0 taken 80% (fallthrough)
branch  1 taken 20%
       84:  175:        if (((mTokType == Token::eString) && mStr.compare(0, p.size() + 1, p + "\"") == 0) ||
branch  0 taken 86% (fallthrough)
branch  1 taken 14%
call    2 returned 100%
branch  3 taken 100% (fallthrough)
branch  4 taken 0% (throw)
call    5 returned 100%
call    6 returned 100%
branch  7 taken 100% (fallthrough)
branch  8 taken 0% (throw)
branch  9 taken 100% (fallthrough)
branch 10 taken 0%
branch 11 taken 14% (fallthrough)
branch 12 taken 86%
branch 13 taken 86% (fallthrough)
branch 14 taken 14%
call   15 returned 100%
branch 16 taken 0% (fallthrough)
branch 17 taken 100%
branch 18 never executed
branch 19 never executed
call   20 never executed
       60:  176:            ((mTokType == Token::eChar) && (mStr.compare(0, p.size() +  1, p + "\'") == 0))) {
call    0 returned 100%
branch  1 taken 100% (fallthrough)
branch  2 taken 0% (throw)
call    3 returned 100%
call    4 returned 100%
branch  5 taken 100% (fallthrough)
branch  6 taken 0% (throw)
branch  7 taken 0% (fallthrough)
branch  8 taken 100%
branch  9 taken 14% (fallthrough)
branch 10 taken 86%
call   11 returned 100%
branch 12 never executed
branch 13 never executed
call   14 never executed
    #####:  177:            mStr = mStr.substr(p.size());
call    0 never executed
call    1 never executed
call    2 never executed
call    3 never executed
    #####:  178:            isLong(p != "u8");
call    0 never executed
call    1 never executed
    #####:  179:            break;
        -:  180:        }
        -:  181:    }
        -:  182:}
        -:  183:
function _ZNK5Token15isUpperCaseNameEv called 2722 returned 100% blocks executed 100%
     2722:  184:bool Token::isUpperCaseName() const
        -:  185:{
     2722:  186:    if (!isName())
call    0 returned 100%
branch  1 taken 1% (fallthrough)
branch  2 taken 99%
        5:  187:        return false;
     2764:  188:    for (char i : mStr) {
call    0 returned 100%
call    1 returned 100%
call    2 returned 100%
branch  3 taken 99% (fallthrough)
branch  4 taken 1%
call    5 returned 100%
call    6 returned 100%
     2756:  189:        if (std::islower(i))
branch  0 taken 98% (fallthrough)
branch  1 taken 2%
     2709:  190:            return false;
        -:  191:    }
        8:  192:    return true;
        -:  193:}
        -:  194:
function _ZN5Token9concatStrERKNSt7__cxx1112basic_stringIcSt11char_traitsIcESaIcEEE called 0 returned 0% blocks executed 0%
    #####:  195:void Token::concatStr(std::string const& b)
        -:  196:{
    #####:  197:    mStr.erase(mStr.length() - 1);
call    0 never executed
call    1 never executed
    #####:  198:    mStr.append(b.begin() + 1, b.end());
call    0 never executed
call    1 never executed
call    2 never executed
call    3 never executed
branch  4 never executed
branch  5 never executed
        -:  199:
    #####:  200:    update_property_info();
call    0 never executed
    #####:  201:}
        -:  202:
function _ZNK5Token8strValueB5cxx11Ev called 0 returned 0% blocks executed 0%
    #####:  203:std::string Token::strValue() const
        -:  204:{
    #####:  205:    assert(mTokType == eString);
branch  0 never executed
branch  1 never executed
call    2 never executed
    #####:  206:    std::string ret(mStr.substr(1, mStr.length() - 2));
call    0 never executed
call    1 never executed
branch  2 never executed
branch  3 never executed
call    4 never executed
call    5 never executed
    #####:  207:    std::string::size_type pos = 0U;
    #####:  208:    while ((pos = ret.find('\\', pos)) != std::string::npos) {
call    0 never executed
branch  1 never executed
branch  2 never executed
    #####:  209:        ret.erase(pos,1U);
call    0 never executed
branch  1 never executed
branch  2 never executed
    #####:  210:        if (ret[pos] >= 'a') {
call    0 never executed
branch  1 never executed
branch  2 never executed
branch  3 never executed
branch  4 never executed
    #####:  211:            if (ret[pos] == 'n')
call    0 never executed
branch  1 never executed
branch  2 never executed
branch  3 never executed
branch  4 never executed
    #####:  212:                ret[pos] = '\n';
call    0 never executed
branch  1 never executed
branch  2 never executed
    #####:  213:            else if (ret[pos] == 'r')
call    0 never executed
branch  1 never executed
branch  2 never executed
branch  3 never executed
branch  4 never executed
    #####:  214:                ret[pos] = '\r';
call    0 never executed
branch  1 never executed
branch  2 never executed
    #####:  215:            else if (ret[pos] == 't')
call    0 never executed
branch  1 never executed
branch  2 never executed
branch  3 never executed
branch  4 never executed
    #####:  216:                ret[pos] = '\t';
call    0 never executed
branch  1 never executed
branch  2 never executed
        -:  217:        }
    #####:  218:        if (ret[pos] == '0')
call    0 never executed
branch  1 never executed
branch  2 never executed
branch  3 never executed
branch  4 never executed
    #####:  219:            return ret.substr(0,pos);
call    0 never executed
branch  1 never executed
branch  2 never executed
    #####:  220:        pos++;
        -:  221:    }
    #####:  222:    return ret;
call    0 never executed
        -:  223:}
        -:  224:
function _ZN5Token10deleteNextEi called 25 returned 100% blocks executed 87%
       50:  225:void Token::deleteNext(nonneg int count)
        -:  226:{
       75:  227:    while (mNext && count > 0) {
branch  0 taken 100% (fallthrough)
branch  1 taken 0%
branch  2 taken 50% (fallthrough)
branch  3 taken 50%
       25:  228:        Token *n = mNext;
        -:  229:
        -:  230:        // #8154 we are about to be unknown -> destroy the link to us
       25:  231:        if (n->mLink && n->mLink->mLink == n)
branch  0 taken 8% (fallthrough)
branch  1 taken 92%
branch  2 taken 100% (fallthrough)
branch  3 taken 0%
        2:  232:            n->mLink->link(nullptr);
call    0 returned 100%
        -:  233:
       25:  234:        mNext = n->next();
call    0 returned 100%
       25:  235:        delete n;
branch  0 taken 100% (fallthrough)
branch  1 taken 0%
call    2 returned 100%
call    3 returned 100%
       25:  236:        --count;
        -:  237:    }
        -:  238:
       25:  239:    if (mNext)
branch  0 taken 100% (fallthrough)
branch  1 taken 0%
       25:  240:        mNext->previous(this);
call    0 returned 100%
    #####:  241:    else if (mTokensFrontBack)
branch  0 never executed
branch  1 never executed
    #####:  242:        mTokensFrontBack->back = this;
       25:  243:}
        -:  244:
function _ZN5Token14deletePreviousEi called 0 returned 0% blocks executed 0%
    #####:  245:void Token::deletePrevious(nonneg int count)
        -:  246:{
    #####:  247:    while (mPrevious && count > 0) {
branch  0 never executed
branch  1 never executed
branch  2 never executed
branch  3 never executed
    #####:  248:        Token *p = mPrevious;
        -:  249:
        -:  250:        // #8154 we are about to be unknown -> destroy the link to us
    #####:  251:        if (p->mLink && p->mLink->mLink == p)
branch  0 never executed
branch  1 never executed
branch  2 never executed
branch  3 never executed
    #####:  252:            p->mLink->link(nullptr);
call    0 never executed
        -:  253:
    #####:  254:        mPrevious = p->previous();
call    0 never executed
    #####:  255:        delete p;
branch  0 never executed
branch  1 never executed
call    2 never executed
call    3 never executed
    #####:  256:        --count;
        -:  257:    }
        -:  258:
    #####:  259:    if (mPrevious)
branch  0 never executed
branch  1 never executed
    #####:  260:        mPrevious->next(this);
call    0 never executed
    #####:  261:    else if (mTokensFrontBack)
branch  0 never executed
branch  1 never executed
    #####:  262:        mTokensFrontBack->front = this;
    #####:  263:}
        -:  264:
function _ZN5Token12swapWithNextEv called 0 returned 0% blocks executed 0%
    #####:  265:void Token::swapWithNext()
        -:  266:{
    #####:  267:    if (mNext) {
branch  0 never executed
branch  1 never executed
    #####:  268:        std::swap(mStr, mNext->mStr);
call    0 never executed
    #####:  269:        std::swap(mTokType, mNext->mTokType);
call    0 never executed
    #####:  270:        std::swap(mFlags, mNext->mFlags);
call    0 never executed
    #####:  271:        std::swap(mImpl, mNext->mImpl);
call    0 never executed
    #####:  272:        for (auto templateSimplifierPointer : mImpl->mTemplateSimplifierPointers) {
call    0 never executed
call    1 never executed
call    2 never executed
branch  3 never executed
branch  4 never executed
call    5 never executed
call    6 never executed
call    7 never executed
call    8 never executed
    #####:  273:            templateSimplifierPointer->token(this);
call    0 never executed
        -:  274:        }
        -:  275:
    #####:  276:        for (auto templateSimplifierPointer : mNext->mImpl->mTemplateSimplifierPointers) {
call    0 never executed
call    1 never executed
call    2 never executed
branch  3 never executed
branch  4 never executed
call    5 never executed
call    6 never executed
call    7 never executed
call    8 never executed
    #####:  277:            templateSimplifierPointer->token(mNext);
call    0 never executed
        -:  278:        }
    #####:  279:        if (mNext->mLink)
branch  0 never executed
branch  1 never executed
    #####:  280:            mNext->mLink->mLink = this;
    #####:  281:        if (this->mLink)
branch  0 never executed
branch  1 never executed
    #####:  282:            this->mLink->mLink = mNext;
    #####:  283:        std::swap(mLink, mNext->mLink);
call    0 never executed
        -:  284:    }
    #####:  285:}
        -:  286:
function _ZN5Token8takeDataEPS_ called 10 returned 100% blocks executed 82%
       10:  287:void Token::takeData(Token *fromToken)
        -:  288:{
       10:  289:    mStr = fromToken->mStr;
call    0 returned 100%
       10:  290:    tokType(fromToken->mTokType);
call    0 returned 100%
       10:  291:    mFlags = fromToken->mFlags;
       10:  292:    delete mImpl;
branch  0 taken 100% (fallthrough)
branch  1 taken 0%
call    2 returned 100%
call    3 returned 100%
       10:  293:    mImpl = fromToken->mImpl;
       10:  294:    fromToken->mImpl = nullptr;
       10:  295:    for (auto templateSimplifierPointer : mImpl->mTemplateSimplifierPointers) {
call    0 returned 100%
call    1 returned 100%
call    2 returned 100%
branch  3 taken 0% (fallthrough)
branch  4 taken 100%
call    5 never executed
call    6 never executed
call    7 returned 100%
call    8 returned 100%
    #####:  296:        templateSimplifierPointer->token(this);
call    0 never executed
        -:  297:    }
       10:  298:    mLink = fromToken->mLink;
       10:  299:    if (mLink)
branch  0 taken 10% (fallthrough)
branch  1 taken 90%
        1:  300:        mLink->link(this);
call    0 returned 100%
       10:  301:}
        -:  302:
function _ZN5Token10deleteThisEv called 10 returned 100% blocks executed 38%
       10:  303:void Token::deleteThis()
        -:  304:{
       10:  305:    if (mNext) { // Copy next to this and delete next
branch  0 taken 100% (fallthrough)
branch  1 taken 0%
       10:  306:        takeData(mNext);
call    0 returned 100%
       10:  307:        mNext->link(nullptr); // mark as unlinked
call    0 returned 100%
       10:  308:        deleteNext();
call    0 returned 100%
    #####:  309:    } else if (mPrevious && mPrevious->mPrevious) { // Copy previous to this and delete previous
branch  0 never executed
branch  1 never executed
branch  2 never executed
branch  3 never executed
    #####:  310:        takeData(mPrevious);
call    0 never executed
        -:  311:
    #####:  312:        Token* toDelete = mPrevious;
    #####:  313:        mPrevious = mPrevious->mPrevious;
    #####:  314:        mPrevious->mNext = this;
        -:  315:
    #####:  316:        delete toDelete;
branch  0 never executed
branch  1 never executed
call    2 never executed
call    3 never executed
        -:  317:    } else {
        -:  318:        // We are the last token in the list, we can't delete
        -:  319:        // ourselves, so just make us empty
    #####:  320:        str("");
call    0 never executed
        -:  321:    }
       10:  322:}
        -:  323:
function _ZN5Token7replaceEPS_S0_S0_ called 0 returned 0% blocks executed 0%
    #####:  324:void Token::replace(Token *replaceThis, Token *start, Token *end)
        -:  325:{
        -:  326:    // Fix the whole in the old location of start and end
    #####:  327:    if (start->previous())
call    0 never executed
branch  1 never executed
branch  2 never executed
    #####:  328:        start->previous()->next(end->next());
call    0 never executed
call    1 never executed
call    2 never executed
        -:  329:
    #####:  330:    if (end->next())
call    0 never executed
branch  1 never executed
branch  2 never executed
    #####:  331:        end->next()->previous(start->previous());
call    0 never executed
call    1 never executed
call    2 never executed
        -:  332:
        -:  333:    // Move start and end to their new location
    #####:  334:    if (replaceThis->previous())
call    0 never executed
branch  1 never executed
branch  2 never executed
    #####:  335:        replaceThis->previous()->next(start);
call    0 never executed
call    1 never executed
        -:  336:
    #####:  337:    if (replaceThis->next())
call    0 never executed
branch  1 never executed
branch  2 never executed
    #####:  338:        replaceThis->next()->previous(end);
call    0 never executed
call    1 never executed
        -:  339:
    #####:  340:    start->previous(replaceThis->previous());
call    0 never executed
call    1 never executed
    #####:  341:    end->next(replaceThis->next());
call    0 never executed
call    1 never executed
        -:  342:
    #####:  343:    if (end->mTokensFrontBack && end->mTokensFrontBack->back == end) {
branch  0 never executed
branch  1 never executed
branch  2 never executed
branch  3 never executed
    #####:  344:        while (end->next())
call    0 never executed
branch  1 never executed
branch  2 never executed
    #####:  345:            end = end->next();
call    0 never executed
    #####:  346:        end->mTokensFrontBack->back = end;
        -:  347:    }
        -:  348:
        -:  349:    // Update mProgressValue, fileIndex and linenr
    #####:  350:    for (Token *tok = start; tok != end->next(); tok = tok->next())
call    0 never executed
branch  1 never executed
branch  2 never executed
call    3 never executed
    #####:  351:        tok->mImpl->mProgressValue = replaceThis->mImpl->mProgressValue;
        -:  352:
        -:  353:    // Delete old token, which is replaced
    #####:  354:    delete replaceThis;
branch  0 never executed
branch  1 never executed
call    2 never executed
call    3 never executed
    #####:  355:}
        -:  356:
function _ZNK5Token5tokAtEi called 8165219 returned 100% blocks executed 100%
  8165219:  357:const Token *Token::tokAt(int index) const
        -:  358:{
  8165219:  359:    const Token *tok = this;
 24268063:  360:    while (index > 0 && tok) {
branch  0 taken 50% (fallthrough)
branch  1 taken 50%
branch  2 taken 100% (fallthrough)
branch  3 taken 0%
  8051422:  361:        tok = tok->next();
call    0 returned 100%
  8051422:  362:        --index;
        -:  363:    }
 16549797:  364:    while (index < 0 && tok) {
branch  0 taken 34% (fallthrough)
branch  1 taken 66%
branch  2 taken 99% (fallthrough)
branch  3 taken 1%
  4192289:  365:        tok = tok->previous();
call    0 returned 100%
  4192289:  366:        ++index;
        -:  367:    }
  8165219:  368:    return tok;
        -:  369:}
        -:  370:
function _ZNK5Token6linkAtEi called 21998 returned 100% blocks executed 26%
    21998:  371:const Token *Token::linkAt(int index) const
        -:  372:{
    21998:  373:    const Token *tok = this->tokAt(index);
call    0 returned 100%
    21998:  374:    if (!tok) {
branch  0 taken 0% (fallthrough)
branch  1 taken 100%
    #####:  375:        throw InternalError(this, "Internal error. Token::linkAt called with index outside the tokens range.");
call    0 never executed
call    1 never executed
call    2 never executed
branch  3 never executed
branch  4 never executed
call    5 never executed
branch  6 never executed
branch  7 never executed
call    8 never executed
call    9 never executed
call   10 never executed
call   11 never executed
call   12 never executed
call   13 never executed
        -:  376:    }
    21998:  377:    return tok->link();
call    0 returned 100%
        -:  378:}
        -:  379:
function _ZNK5Token5strAtB5cxx11Ei called 4070558 returned 100% blocks executed 100%
  4070558:  380:const std::string &Token::strAt(int index) const
        -:  381:{
  4070558:  382:    const Token *tok = this->tokAt(index);
call    0 returned 100%
  4070558:  383:    return tok ? tok->mStr : emptyString;
branch  0 taken 99% (fallthrough)
branch  1 taken 1%
        -:  384:}
        -:  385:
function _ZL19multiComparePercentPK5TokenRPKci called 1791113 returned 100% blocks executed 67%
  1791113:  386:static int multiComparePercent(const Token *tok, const char*& haystack, nonneg int varid)
        -:  387:{
  1791113:  388:    ++haystack;
        -:  389:    // Compare only the first character of the string for optimization reasons
  1791113:  390:    switch (haystack[0]) {
branch  0 taken 0%
branch  1 taken 5%
branch  2 taken 16%
branch  3 taken 4%
branch  4 taken 46%
branch  5 taken 10%
branch  6 taken 4%
branch  7 taken 2%
branch  8 taken 12%
branch  9 taken 0%
    #####:  391:    case '\0':
        -:  392:    case ' ':
        -:  393:    case '|':
        -:  394:        //simple '%' character
    #####:  395:        haystack += 1;
    #####:  396:        if (tok->isArithmeticalOp() && tok->str() == "%")
call    0 never executed
branch  1 never executed
branch  2 never executed
call    3 never executed
call    4 never executed
branch  5 never executed
branch  6 never executed
branch  7 never executed
branch  8 never executed
    #####:  397:            return 1;
    #####:  398:        break;
    85230:  399:    case 'v':
    85230:  400:        if (haystack[3] == '%') { // %var%
branch  0 taken 99% (fallthrough)
branch  1 taken 1%
    84213:  401:            haystack += 4;
    84213:  402:            if (tok->varId() != 0)
call    0 returned 100%
branch  1 taken 6% (fallthrough)
branch  2 taken 94%
     5035:  403:                return 1;
        -:  404:        } else { // %varid%
     1017:  405:            if (varid == 0) {
branch  0 taken 0% (fallthrough)
branch  1 taken 100%
    #####:  406:                throw InternalError(tok, "Internal error. Token::Match called with varid 0. Please report this to Cppcheck developers");
call    0 never executed
call    1 never executed
call    2 never executed
branch  3 never executed
branch  4 never executed
call    5 never executed
branch  6 never executed
branch  7 never executed
call    8 never executed
call    9 never executed
call   10 never executed
call   11 never executed
call   12 never executed
call   13 never executed
call   14 never executed
        -:  407:            }
        -:  408:
     1017:  409:            haystack += 6;
        -:  410:
     1017:  411:            if (tok->varId() == varid)
call    0 returned 100%
branch  1 taken 38% (fallthrough)
branch  2 taken 62%
      388:  412:                return 1;
        -:  413:        }
    79807:  414:        break;
   291932:  415:    case 't':
        -:  416:        // Type (%type%)
        -:  417:    {
   291932:  418:        haystack += 5;
   291932:  419:        if (tok->isName() && tok->varId() == 0 && !tok->isKeyword())
call    0 returned 100%
branch  1 taken 44% (fallthrough)
branch  2 taken 56%
call    3 returned 100%
branch  4 taken 98% (fallthrough)
branch  5 taken 2%
call    6 returned 100%
branch  7 taken 99% (fallthrough)
branch  8 taken 1%
branch  9 taken 43% (fallthrough)
branch 10 taken 57%
   125522:  420:            return 1;
        -:  421:    }
   166410:  422:    break;
    77804:  423:    case 'a':
        -:  424:        // Accept any token (%any%) or assign (%assign%)
        -:  425:    {
    77804:  426:        if (haystack[3] == '%') { // %any%
branch  0 taken 7% (fallthrough)
branch  1 taken 93%
     5246:  427:            haystack += 4;
     5246:  428:            return 1;
        -:  429:        } else { // %assign%
    72558:  430:            haystack += 7;
    72558:  431:            if (tok->isAssignmentOp())
call    0 returned 100%
branch  1 taken 1% (fallthrough)
branch  2 taken 99%
      437:  432:                return 1;
        -:  433:        }
        -:  434:    }
    72121:  435:    break;
   830929:  436:    case 'n':
        -:  437:        // Number (%num%) or name (%name%)
        -:  438:    {
   830929:  439:        if (haystack[4] == '%') { // %name%
branch  0 taken 90% (fallthrough)
branch  1 taken 10%
   748351:  440:            haystack += 5;
   748351:  441:            if (tok->isName())
call    0 returned 100%
branch  1 taken 36% (fallthrough)
branch  2 taken 64%
   270352:  442:                return 1;
        -:  443:        } else {
    82578:  444:            haystack += 4;
    82578:  445:            if (tok->isNumber())
call    0 returned 100%
branch  1 taken 20% (fallthrough)
branch  2 taken 80%
    16800:  446:                return 1;
        -:  447:        }
        -:  448:    }
   543777:  449:    break;
   182654:  450:    case 'c': {
   182654:  451:        haystack += 1;
        -:  452:        // Character (%char%)
   182654:  453:        if (haystack[0] == 'h') {
branch  0 taken 32% (fallthrough)
branch  1 taken 68%
    58946:  454:            haystack += 4;
    58946:  455:            if (tok->tokType() == Token::eChar)
call    0 returned 100%
branch  1 taken 1% (fallthrough)
branch  2 taken 99%
        2:  456:                return 1;
        -:  457:        }
        -:  458:        // Const operator (%cop%)
   123708:  459:        else if (haystack[1] == 'p') {
branch  0 taken 62% (fallthrough)
branch  1 taken 38%
    76629:  460:            haystack += 3;
    76629:  461:            if (tok->isConstOp())
call    0 returned 100%
branch  1 taken 1% (fallthrough)
branch  2 taken 99%
      851:  462:                return 1;
        -:  463:        }
        -:  464:        // Comparison operator (%comp%)
        -:  465:        else {
    47079:  466:            haystack += 4;
    47079:  467:            if (tok->isComparisonOp())
call    0 returned 100%
branch  1 taken 1% (fallthrough)
branch  2 taken 99%
      122:  468:                return 1;
        -:  469:        }
        -:  470:    }
   181679:  471:    break;
    69049:  472:    case 's':
        -:  473:        // String (%str%)
        -:  474:    {
    69049:  475:        haystack += 4;
    69049:  476:        if (tok->tokType() == Token::eString)
call    0 returned 100%
branch  1 taken 1% (fallthrough)
branch  2 taken 99%
        6:  477:            return 1;
        -:  478:    }
    69043:  479:    break;
    36598:  480:    case 'b':
        -:  481:        // Bool (%bool%)
        -:  482:    {
    36598:  483:        haystack += 5;
    36598:  484:        if (tok->isBoolean())
call    0 returned 100%
branch  1 taken 1% (fallthrough)
branch  2 taken 99%
        8:  485:            return 1;
        -:  486:    }
    36590:  487:    break;
   216917:  488:    case 'o': {
   216917:  489:        ++haystack;
   216917:  490:        if (haystack[1] == '%') {
branch  0 taken 48% (fallthrough)
branch  1 taken 52%
        -:  491:            // Op (%op%)
   103109:  492:            if (haystack[0] == 'p') {
branch  0 taken 33% (fallthrough)
branch  1 taken 67%
    34044:  493:                haystack += 2;
    34044:  494:                if (tok->isOp())
call    0 returned 100%
branch  1 taken 3% (fallthrough)
branch  2 taken 97%
      967:  495:                    return 1;
        -:  496:            }
        -:  497:            // Or (%or%)
        -:  498:            else {
    69065:  499:                haystack += 2;
    69065:  500:                if (tok->tokType() == Token::eBitOp && tok->str() == "|")
call    0 returned 100%
branch  1 taken 1% (fallthrough)
branch  2 taken 99%
call    3 returned 100%
call    4 returned 100%
branch  5 taken 0% (fallthrough)
branch  6 taken 100%
branch  7 taken 0% (fallthrough)
branch  8 taken 100%
    #####:  501:                    return 1;
        -:  502:            }
        -:  503:        }
        -:  504:
        -:  505:        // Oror (%oror%)
        -:  506:        else {
   113808:  507:            haystack += 4;
   113808:  508:            if (tok->tokType() == Token::eLogicalOp && tok->str() == "||")
call    0 returned 100%
branch  1 taken 1% (fallthrough)
branch  2 taken 99%
call    3 returned 100%
call    4 returned 100%
branch  5 taken 13% (fallthrough)
branch  6 taken 87%
branch  7 taken 1% (fallthrough)
branch  8 taken 99%
       24:  509:                return 1;
        -:  510:        }
        -:  511:    }
   215926:  512:    break;
    #####:  513:    default:
        -:  514:        //unknown %cmd%, abort
    #####:  515:        throw InternalError(tok, "Unexpected command");
call    0 never executed
call    1 never executed
call    2 never executed
branch  3 never executed
branch  4 never executed
call    5 never executed
branch  6 never executed
branch  7 never executed
call    8 never executed
call    9 never executed
call   10 never executed
call   11 never executed
call   12 never executed
call   13 never executed
        -:  516:    }
        -:  517:
  1365353:  518:    if (*haystack == '|')
branch  0 taken 39% (fallthrough)
branch  1 taken 61%
   538801:  519:        haystack += 1;
        -:  520:    else
   826552:  521:        return -1;
        -:  522:
   538801:  523:    return 0xFFFF;
        -:  524:}
        -:  525:
function _ZN5Token12multiCompareEPKS_PKci called 24477356 returned 100% blocks executed 100%
 24477356:  526:int Token::multiCompare(const Token *tok, const char *haystack, nonneg int varid)
        -:  527:{
 24477356:  528:    const char *needle = tok->str().c_str();
call    0 returned 100%
call    1 returned 100%
 24477356:  529:    const char *needlePointer = needle;
        -:  530:    for (;;) {
 60111748:  531:        if (needlePointer == needle && haystack[0] == '%' && haystack[1] != '|' && haystack[1] != '\0' && haystack[1] != ' ') {
branch  0 taken 89% (fallthrough)
branch  1 taken 11%
branch  2 taken 3% (fallthrough)
branch  3 taken 97%
branch  4 taken 99% (fallthrough)
branch  5 taken 1%
branch  6 taken 99% (fallthrough)
branch  7 taken 1%
branch  8 taken 100% (fallthrough)
branch  9 taken 0%
  1791113:  532:            const int ret = multiComparePercent(tok, haystack, varid);
call    0 returned 100%
  1791113:  533:            if (ret < 2)
branch  0 taken 70% (fallthrough)
branch  1 taken 30%
  1252312:  534:                return ret;
 58320635:  535:        } else if (*haystack == '|') {
branch  0 taken 11% (fallthrough)
branch  1 taken 89%
  6167334:  536:            if (*needlePointer == 0) {
branch  0 taken 99% (fallthrough)
branch  1 taken 1%
        -:  537:                // If needle is at the end, we have a match.
  6167145:  538:                return 1;
        -:  539:            }
        -:  540:
      189:  541:            needlePointer = needle;
      189:  542:            ++haystack;
 52153301:  543:        } else if (*needlePointer == *haystack) {
branch  0 taken 13% (fallthrough)
branch  1 taken 87%
  6552174:  544:            if (*needlePointer == '\0')
branch  0 taken 1% (fallthrough)
branch  1 taken 99%
    96910:  545:                return 1;
  6455264:  546:            ++needlePointer;
  6455264:  547:            ++haystack;
 45601127:  548:        } else if (*haystack == ' ' || *haystack == '\0') {
branch  0 taken 99% (fallthrough)
branch  1 taken 1%
branch  2 taken 1% (fallthrough)
branch  3 taken 99%
   233669:  549:            if (needlePointer == needle)
branch  0 taken 69% (fallthrough)
branch  1 taken 31%
   162119:  550:                return 0;
    71550:  551:            break;
        -:  552:        }
        -:  553:        // If haystack and needle don't share the same character,
        -:  554:        // find next '|' character.
        -:  555:        else {
 45367458:  556:            needlePointer = needle;
        -:  557:
 62540206:  558:            do {
107907664:  559:                ++haystack;
107907664:  560:            } while (*haystack != ' ' && *haystack != '|' && *haystack);
branch  0 taken 98% (fallthrough)
branch  1 taken 2%
branch  2 taken 73% (fallthrough)
branch  3 taken 27%
branch  4 taken 81% (fallthrough)
branch  5 taken 19%
        -:  561:
 45367458:  562:            if (*haystack == ' ' || *haystack == '\0') {
branch  0 taken 96% (fallthrough)
branch  1 taken 4%
branch  2 taken 34% (fallthrough)
branch  3 taken 66%
 16727320:  563:                return -1;
        -:  564:            }
        -:  565:
 28640138:  566:            ++haystack;
        -:  567:        }
 35634392:  568:    }
        -:  569:
    71550:  570:    if (*needlePointer == '\0')
branch  0 taken 99% (fallthrough)
branch  1 taken 1%
    71325:  571:        return 1;
        -:  572:
      225:  573:    return -1;
        -:  574:}
        -:  575:
function _ZN5Token11simpleMatchEPKS_PKc called 2848992 returned 100% blocks executed 100%
  2848992:  576:bool Token::simpleMatch(const Token *tok, const char pattern[])
        -:  577:{
  2848992:  578:    if (!tok)
branch  0 taken 1% (fallthrough)
branch  1 taken 99%
     4721:  579:        return false; // shortcut
  2844271:  580:    const char *current  = pattern;
  2844271:  581:    const char *next = std::strchr(pattern, ' ');
  2844271:  582:    if (!next)
branch  0 taken 5% (fallthrough)
branch  1 taken 95%
   137469:  583:        next = pattern + std::strlen(pattern);
        -:  584:
  3091489:  585:    while (*current) {
branch  0 taken 98% (fallthrough)
branch  1 taken 2%
  2921401:  586:        const std::size_t length = next - current;
        -:  587:
  2921401:  588:        if (!tok || length != tok->mStr.length() || std::strncmp(current, tok->mStr.c_str(), length))
branch  0 taken 99% (fallthrough)
branch  1 taken 1%
call    2 returned 100%
branch  3 taken 16% (fallthrough)
branch  4 taken 84%
call    5 returned 100%
branch  6 taken 73% (fallthrough)
branch  7 taken 27%
branch  8 taken 96% (fallthrough)
branch  9 taken 4%
  2797792:  589:            return false;
        -:  590:
   123609:  591:        current = next;
   123609:  592:        if (*next) {
branch  0 taken 62% (fallthrough)
branch  1 taken 38%
    77130:  593:            next = std::strchr(++current, ' ');
    77130:  594:            if (!next)
branch  0 taken 86% (fallthrough)
branch  1 taken 14%
    66440:  595:                next = current + std::strlen(current);
        -:  596:        }
   123609:  597:        tok = tok->next();
call    0 returned 100%
        -:  598:    }
        -:  599:
    46479:  600:    return true;
        -:  601:}
        -:  602:
function _ZN5Token15firstWordEqualsEPKcS1_ called 52973 returned 100% blocks executed 100%
    58148:  603:bool Token::firstWordEquals(const char *str, const char *word)
        -:  604:{
        -:  605:    for (;;) {
    63323:  606:        if (*str != *word) {
branch  0 taken 91% (fallthrough)
branch  1 taken 9%
    52666:  607:            return (*str == ' ' && *word == 0);
branch  0 taken 9% (fallthrough)
branch  1 taken 91%
branch  2 taken 100% (fallthrough)
branch  3 taken 0%
     5482:  608:        } else if (*str == 0)
branch  0 taken 6% (fallthrough)
branch  1 taken 94%
      307:  609:            break;
        -:  610:
     5175:  611:        ++str;
     5175:  612:        ++word;
        -:  613:    }
        -:  614:
      307:  615:    return true;
        -:  616:}
        -:  617:
function _ZN5Token14chrInFirstWordEPKcc called 902501 returned 100% blocks executed 100%
  4347957:  618:const char *Token::chrInFirstWord(const char *str, char c)
        -:  619:{
        -:  620:    for (;;) {
  7793413:  621:        if (*str == ' ' || *str == 0)
branch  0 taken 99% (fallthrough)
branch  1 taken 1%
branch  2 taken 1% (fallthrough)
branch  3 taken 99%
    48908:  622:            return nullptr;
        -:  623:
  4299049:  624:        if (*str == c)
branch  0 taken 20% (fallthrough)
branch  1 taken 80%
   853593:  625:            return str;
        -:  626:
  3445456:  627:        ++str;
        -:  628:    }
        -:  629:}
        -:  630:
function _ZN5Token5MatchEPKS_PKci called 24643403 returned 100% blocks executed 99%
 24643403:  631:bool Token::Match(const Token *tok, const char pattern[], nonneg int varid)
        -:  632:{
 24643403:  633:    const char *p = pattern;
 39048365:  634:    while (*p) {
branch  0 taken 80% (fallthrough)
branch  1 taken 20%
        -:  635:        // Skip spaces in pattern..
 26911868:  636:        while (*p == ' ')
branch  0 taken 3% (fallthrough)
branch  1 taken 97%
   756155:  637:            ++p;
        -:  638:
        -:  639:        // No token => Success!
 25399558:  640:        if (*p == '\0')
branch  0 taken 0% (fallthrough)
branch  1 taken 100%
    #####:  641:            break;
        -:  642:
 25399558:  643:        if (!tok) {
branch  0 taken 1% (fallthrough)
branch  1 taken 99%
        -:  644:            // If we have no tokens, pattern "!!else" should return true
    15983:  645:            if (p[0] == '!' && p[1] == '!' && p[2] != '\0') {
branch  0 taken 2% (fallthrough)
branch  1 taken 98%
branch  2 taken 100% (fallthrough)
branch  3 taken 0%
branch  4 taken 100% (fallthrough)
branch  5 taken 0%
     3799:  646:                while (*p && *p != ' ')
branch  0 taken 100% (fallthrough)
branch  1 taken 0%
branch  2 taken 83% (fallthrough)
branch  3 taken 17%
     1726:  647:                    ++p;
      347:  648:                continue;
        -:  649:            } else
    15289:  650:                return false;
        -:  651:        }
        -:  652:
        -:  653:        // [.. => search for a one-character token..
 25383922:  654:        if (p[0] == '[' && chrInFirstWord(p, ']')) {
branch  0 taken 4% (fallthrough)
branch  1 taken 96%
call    2 returned 100%
branch  3 taken 95% (fallthrough)
branch  4 taken 5%
branch  5 taken 3% (fallthrough)
branch  6 taken 97%
   853593:  655:            if (tok->str().length() != 1)
call    0 returned 100%
call    1 returned 100%
branch  2 taken 27% (fallthrough)
branch  3 taken 73%
   229962:  656:                return false;
        -:  657:
   623631:  658:            const char *temp = p+1;
   623631:  659:            bool chrFound = false;
   623631:  660:            int count = 0;
  4249825:  661:            while (*temp && *temp != ' ') {
branch  0 taken 89% (fallthrough)
branch  1 taken 11%
branch  2 taken 94% (fallthrough)
branch  3 taken 6%
  2043652:  662:                if (*temp == ']') {
branch  0 taken 21% (fallthrough)
branch  1 taken 79%
   426554:  663:                    ++count;
        -:  664:                }
        -:  665:
  1617098:  666:                else if (*temp == tok->str()[0]) {
call    0 returned 100%
call    1 returned 100%
branch  2 taken 14% (fallthrough)
branch  3 taken 86%
   230555:  667:                    chrFound = true;
   230555:  668:                    break;
        -:  669:                }
        -:  670:
  1813097:  671:                ++temp;
        -:  672:            }
        -:  673:
   623631:  674:            if (count > 1 && tok->str()[0] == ']')
branch  0 taken 5% (fallthrough)
branch  1 taken 95%
call    2 returned 100%
call    3 returned 100%
branch  4 taken 1% (fallthrough)
branch  5 taken 99%
branch  6 taken 1% (fallthrough)
branch  7 taken 99%
      419:  675:                chrFound = true;
        -:  676:
   623631:  677:            if (!chrFound)
branch  0 taken 63% (fallthrough)
branch  1 taken 37%
   392657:  678:                return false;
        -:  679:
   230974:  680:            p = temp;
  1663712:  681:            while (*p && *p != ' ')
branch  0 taken 85% (fallthrough)
branch  1 taken 15%
branch  2 taken 89% (fallthrough)
branch  3 taken 11%
   716369:  682:                ++p;
        -:  683:        }
        -:  684:
        -:  685:        // Parse "not" options. Token can be anything except the given one
 24578230:  686:        else if (p[0] == '!' && p[1] == '!' && p[2] != '\0') {
branch  0 taken 1% (fallthrough)
branch  1 taken 99%
branch  2 taken 92% (fallthrough)
branch  3 taken 8%
branch  4 taken 100% (fallthrough)
branch  5 taken 0%
    52973:  687:            p += 2;
    52973:  688:            if (firstWordEquals(p, tok->str().c_str()))
call    0 returned 100%
call    1 returned 100%
call    2 returned 100%
branch  3 taken 10% (fallthrough)
branch  4 taken 90%
     5072:  689:                return false;
   167401:  690:            while (*p && *p != ' ')
branch  0 taken 93% (fallthrough)
branch  1 taken 7%
branch  2 taken 59% (fallthrough)
branch  3 taken 41%
    59750:  691:                ++p;
        -:  692:        }
        -:  693:
        -:  694:        // Parse multi options, such as void|int|char (accept token which is one of these 3)
        -:  695:        else {
 24477356:  696:            const int res = multiCompare(tok, p, varid);
call    0 returned 100%
 24639475:  697:            if (res == 0) {
branch  0 taken 1% (fallthrough)
branch  1 taken 99%
        -:  698:                // Empty alternative matches, use the same token on next round
  1826809:  699:                while (*p && *p != ' ')
branch  0 taken 100% (fallthrough)
branch  1 taken 0%
branch  2 taken 84% (fallthrough)
branch  3 taken 16%
   832345:  700:                    ++p;
   162119:  701:                continue;
 24315237:  702:            } else if (res == -1) {
branch  0 taken 72% (fallthrough)
branch  1 taken 28%
        -:  703:                // No match
 17554097:  704:                return false;
        -:  705:            }
        -:  706:        }
        -:  707:
 72752799:  708:        while (*p && *p != ' ')
branch  0 taken 84% (fallthrough)
branch  1 taken 16%
branch  2 taken 98% (fallthrough)
branch  3 taken 2%
 32856392:  709:            ++p;
        -:  710:
  7040015:  711:        tok = tok->next();
call    0 returned 100%
        -:  712:    }
        -:  713:
        -:  714:    // The end of the pattern has been reached and nothing wrong has been found
  6446326:  715:    return true;
        -:  716:}
        -:  717:
function _ZN5Token12getStrLengthEPKS_ called 0 returned 0% blocks executed 0%
    #####:  718:nonneg int Token::getStrLength(const Token *tok)
        -:  719:{
    #####:  720:    assert(tok != nullptr);
branch  0 never executed
branch  1 never executed
call    2 never executed
    #####:  721:    assert(tok->mTokType == eString);
branch  0 never executed
branch  1 never executed
call    2 never executed
        -:  722:
    #####:  723:    int len = 0;
    #####:  724:    std::string::const_iterator it = tok->str().begin() + 1U;
call    0 never executed
call    1 never executed
call    2 never executed
    #####:  725:    const std::string::const_iterator end = tok->str().end() - 1U;
call    0 never executed
call    1 never executed
call    2 never executed
        -:  726:
    #####:  727:    while (it != end) {
call    0 never executed
branch  1 never executed
branch  2 never executed
    #####:  728:        if (*it == '\\') {
call    0 never executed
branch  1 never executed
branch  2 never executed
    #####:  729:            ++it;
call    0 never executed
        -:  730:
        -:  731:            // string ends at '\0'
    #####:  732:            if (*it == '0')
call    0 never executed
branch  1 never executed
branch  2 never executed
    #####:  733:                return len;
        -:  734:        }
        -:  735:
    #####:  736:        if (*it == '\0')
call    0 never executed
branch  1 never executed
branch  2 never executed
    #####:  737:            return len;
        -:  738:
    #####:  739:        ++it;
call    0 never executed
    #####:  740:        ++len;
        -:  741:    }
        -:  742:
    #####:  743:    return len;
        -:  744:}
        -:  745:
function _ZN5Token10getStrSizeEPKS_ called 0 returned 0% blocks executed 0%
    #####:  746:nonneg int Token::getStrSize(const Token *tok)
        -:  747:{
    #####:  748:    assert(tok != nullptr);
branch  0 never executed
branch  1 never executed
call    2 never executed
    #####:  749:    assert(tok->tokType() == eString);
call    0 never executed
branch  1 never executed
branch  2 never executed
call    3 never executed
    #####:  750:    const std::string &str = tok->str();
call    0 never executed
    #####:  751:    int sizeofstring = 1;
    #####:  752:    for (int i = 1; i < (int)str.size() - 1; i++) {
call    0 never executed
branch  1 never executed
branch  2 never executed
    #####:  753:        if (str[i] == '\\')
call    0 never executed
branch  1 never executed
branch  2 never executed
    #####:  754:            ++i;
    #####:  755:        ++sizeofstring;
        -:  756:    }
    #####:  757:    return sizeofstring;
        -:  758:}
        -:  759:
function _ZN5Token9getCharAtB5cxx11EPKS_x called 0 returned 0% blocks executed 0%
    #####:  760:std::string Token::getCharAt(const Token *tok, MathLib::bigint index)
        -:  761:{
    #####:  762:    assert(tok != nullptr);
branch  0 never executed
branch  1 never executed
call    2 never executed
        -:  763:
    #####:  764:    std::string::const_iterator it = tok->str().begin() + 1U;
call    0 never executed
call    1 never executed
call    2 never executed
    #####:  765:    const std::string::const_iterator end = tok->str().end() - 1U;
call    0 never executed
call    1 never executed
call    2 never executed
        -:  766:
    #####:  767:    while (it != end) {
call    0 never executed
branch  1 never executed
branch  2 never executed
    #####:  768:        if (index == 0) {
branch  0 never executed
branch  1 never executed
    #####:  769:            if (*it == '\0')
call    0 never executed
branch  1 never executed
branch  2 never executed
    #####:  770:                return "\\0";
call    0 never executed
call    1 never executed
branch  2 never executed
branch  3 never executed
call    4 never executed
call    5 never executed
call    6 never executed
        -:  771:
    #####:  772:            std::string ret(1, *it);
call    0 never executed
call    1 never executed
call    2 never executed
branch  3 never executed
branch  4 never executed
call    5 never executed
call    6 never executed
call    7 never executed
    #####:  773:            if (*it == '\\') {
call    0 never executed
branch  1 never executed
branch  2 never executed
    #####:  774:                ++it;
call    0 never executed
    #####:  775:                ret += *it;
call    0 never executed
call    1 never executed
branch  2 never executed
branch  3 never executed
        -:  776:            }
    #####:  777:            return ret;
call    0 never executed
        -:  778:        }
        -:  779:
    #####:  780:        if (*it == '\\')
call    0 never executed
branch  1 never executed
branch  2 never executed
    #####:  781:            ++it;
call    0 never executed
    #####:  782:        ++it;
call    0 never executed
    #####:  783:        --index;
        -:  784:    }
    #####:  785:    assert(index == 0);
branch  0 never executed
branch  1 never executed
call    2 never executed
        -:  786:
    #####:  787:    return "\\0";
call    0 never executed
call    1 never executed
branch  2 never executed
branch  3 never executed
call    4 never executed
call    5 never executed
        -:  788:}
        -:  789:
function _ZN5Token4moveEPS_S0_S0_ called 0 returned 0% blocks executed 0%
    #####:  790:void Token::move(Token *srcStart, Token *srcEnd, Token *newLocation)
        -:  791:{
        -:  792:    /**[newLocation] -> b -> c -> [srcStart] -> [srcEnd] -> f */
        -:  793:
        -:  794:    // Fix the gap, which tokens to be moved will leave
    #####:  795:    srcStart->previous()->next(srcEnd->next());
call    0 never executed
call    1 never executed
call    2 never executed
    #####:  796:    srcEnd->next()->previous(srcStart->previous());
call    0 never executed
call    1 never executed
call    2 never executed
        -:  797:
        -:  798:    // Fix the tokens to be moved
    #####:  799:    srcEnd->next(newLocation->next());
call    0 never executed
call    1 never executed
    #####:  800:    srcStart->previous(newLocation);
call    0 never executed
        -:  801:
        -:  802:    // Fix the tokens at newLocation
    #####:  803:    newLocation->next()->previous(srcEnd);
call    0 never executed
call    1 never executed
    #####:  804:    newLocation->next(srcStart);
call    0 never executed
        -:  805:
        -:  806:    // Update _progressValue
    #####:  807:    for (Token *tok = srcStart; tok != srcEnd->next(); tok = tok->next())
call    0 never executed
branch  1 never executed
branch  2 never executed
call    3 never executed
    #####:  808:        tok->mImpl->mProgressValue = newLocation->mImpl->mProgressValue;
    #####:  809:}
        -:  810:
function _ZNK5Token12nextArgumentEv called 19532 returned 100% blocks executed 95%
    19532:  811:Token* Token::nextArgument() const
        -:  812:{
    40610:  813:    for (const Token* tok = this; tok; tok = tok->next()) {
branch  0 taken 100% (fallthrough)
branch  1 taken 0%
call    2 returned 100%
    40610:  814:        if (tok->str() == ",")
call    0 returned 100%
call    1 returned 100%
branch  2 taken 1% (fallthrough)
branch  3 taken 99%
      386:  815:            return tok->next();
call    0 returned 100%
    40224:  816:        else if (tok->link() && Token::Match(tok, "(|{|[|<"))
call    0 returned 100%
branch  1 taken 48% (fallthrough)
branch  2 taken 52%
call    3 returned 100%
branch  4 taken 2% (fallthrough)
branch  5 taken 98%
branch  6 taken 1% (fallthrough)
branch  7 taken 99%
      334:  817:            tok = tok->link();
call    0 returned 100%
    39890:  818:        else if (Token::Match(tok, ")|;"))
call    0 returned 100%
branch  1 taken 48% (fallthrough)
branch  2 taken 52%
    19146:  819:            return nullptr;
        -:  820:    }
    #####:  821:    return nullptr;
        -:  822:}
        -:  823:
function _ZNK5Token30nextArgumentBeforeCreateLinks2Ev called 0 returned 0% blocks executed 0%
    #####:  824:Token* Token::nextArgumentBeforeCreateLinks2() const
        -:  825:{
    #####:  826:    for (const Token* tok = this; tok; tok = tok->next()) {
branch  0 never executed
branch  1 never executed
call    2 never executed
    #####:  827:        if (tok->str() == ",")
call    0 never executed
call    1 never executed
branch  2 never executed
branch  3 never executed
    #####:  828:            return tok->next();
call    0 never executed
    #####:  829:        else if (tok->link() && Token::Match(tok, "(|{|["))
call    0 never executed
branch  1 never executed
branch  2 never executed
call    3 never executed
branch  4 never executed
branch  5 never executed
branch  6 never executed
branch  7 never executed
    #####:  830:            tok = tok->link();
call    0 never executed
    #####:  831:        else if (tok->str() == "<") {
call    0 never executed
call    1 never executed
branch  2 never executed
branch  3 never executed
    #####:  832:            const Token* temp = tok->findClosingBracket();
call    0 never executed
    #####:  833:            if (temp)
branch  0 never executed
branch  1 never executed
    #####:  834:                tok = temp;
    #####:  835:        } else if (Token::Match(tok, ")|;"))
call    0 never executed
branch  1 never executed
branch  2 never executed
    #####:  836:            return nullptr;
        -:  837:    }
    #####:  838:    return nullptr;
        -:  839:}
        -:  840:
function _ZNK5Token20nextTemplateArgumentEv called 0 returned 0% blocks executed 0%
    #####:  841:Token* Token::nextTemplateArgument() const
        -:  842:{
    #####:  843:    for (const Token* tok = this; tok; tok = tok->next()) {
branch  0 never executed
branch  1 never executed
call    2 never executed
    #####:  844:        if (tok->str() == ",")
call    0 never executed
call    1 never executed
branch  2 never executed
branch  3 never executed
    #####:  845:            return tok->next();
call    0 never executed
    #####:  846:        else if (tok->link() && Token::Match(tok, "(|{|[|<"))
call    0 never executed
branch  1 never executed
branch  2 never executed
call    3 never executed
branch  4 never executed
branch  5 never executed
branch  6 never executed
branch  7 never executed
    #####:  847:            tok = tok->link();
call    0 never executed
    #####:  848:        else if (Token::Match(tok, ">|;"))
call    0 never executed
branch  1 never executed
branch  2 never executed
    #####:  849:            return nullptr;
        -:  850:    }
    #####:  851:    return nullptr;
        -:  852:}
        -:  853:
function _ZNK5Token18findClosingBracketEv called 135 returned 100% blocks executed 54%
      135:  854:const Token * Token::findClosingBracket() const
        -:  855:{
      135:  856:    if (mStr != "<")
call    0 returned 100%
branch  1 taken 0% (fallthrough)
branch  2 taken 100%
    #####:  857:        return nullptr;
        -:  858:
      135:  859:    const Token *closing = nullptr;
      135:  860:    const bool templateParameter(strAt(-1) == "template");
call    0 returned 100%
call    1 returned 100%
      270:  861:    std::set<std::string> templateParameters;
call    0 returned 100%
call    1 returned 100%
call    2 never executed
        -:  862:
      135:  863:    unsigned int depth = 0;
      490:  864:    for (closing = this; closing != nullptr; closing = closing->next()) {
branch  0 taken 100% (fallthrough)
branch  1 taken 0%
call    2 returned 100%
      490:  865:        if (Token::Match(closing, "{|[|(")) {
call    0 returned 100%
branch  1 taken 100% (fallthrough)
branch  2 taken 0% (throw)
branch  3 taken 4% (fallthrough)
branch  4 taken 96%
       21:  866:            closing = closing->link();
call    0 returned 100%
       21:  867:            if (!closing)
branch  0 taken 0% (fallthrough)
branch  1 taken 100%
    #####:  868:                return nullptr; // #6803
      469:  869:        } else if (Token::Match(closing, "}|]|)|;"))
call    0 returned 100%
branch  1 taken 100% (fallthrough)
branch  2 taken 0% (throw)
branch  3 taken 1% (fallthrough)
branch  4 taken 99%
        2:  870:            return nullptr;
        -:  871:        // we can make some guesses for template parameters
      934:  872:        else if (closing->str() == "<" && closing->previous() && closing->previous()->isName() &&
call    0 returned 100%
call    1 returned 100%
branch  2 taken 30% (fallthrough)
branch  3 taken 70%
call    4 returned 100%
branch  5 taken 100% (fallthrough)
branch  6 taken 0%
call    7 returned 100%
call    8 returned 100%
branch  9 taken 100% (fallthrough)
branch 10 taken 0% (throw)
branch 11 taken 100% (fallthrough)
branch 12 taken 0%
branch 13 taken 0% (fallthrough)
branch 14 taken 100%
branch 15 never executed
branch 16 never executed
branch 17 taken 30% (fallthrough)
branch 18 taken 70%
      467:  873:                 (templateParameter ? templateParameters.find(closing->strAt(-1)) == templateParameters.end() : true))
call    0 never executed
call    1 never executed
call    2 never executed
branch  3 never executed
branch  4 never executed
call    5 never executed
branch  6 taken 0% (fallthrough)
branch  7 taken 100%
call    8 never executed
branch  9 taken 0% (fallthrough)
branch 10 taken 100%
call   11 never executed
branch 12 never executed
branch 13 never executed
call   14 never executed
branch 15 never executed
branch 16 never executed
call   17 never executed
      139:  874:            ++depth;
      328:  875:        else if (closing->str() == ">") {
call    0 returned 100%
call    1 returned 100%
branch  2 taken 42% (fallthrough)
branch  3 taken 58%
      137:  876:            if (--depth == 0)
branch  0 taken 97% (fallthrough)
branch  1 taken 3%
      133:  877:                return closing;
      191:  878:        } else if (closing->str() == ">>") {
call    0 returned 100%
call    1 returned 100%
branch  2 taken 0% (fallthrough)
branch  3 taken 100%
    #####:  879:            if (depth <= 2)
branch  0 never executed
branch  1 never executed
    #####:  880:                return closing;
    #####:  881:            depth -= 2;
        -:  882:        }
        -:  883:        // save named template parameter
      191:  884:        else if (templateParameter && depth == 1 && closing->str() == "," &&
branch  0 never executed
branch  1 never executed
call    2 never executed
call    3 never executed
branch  4 never executed
branch  5 never executed
branch  6 never executed
branch  7 never executed
branch  8 taken 0% (fallthrough)
branch  9 taken 100%
      191:  885:                 closing->previous()->isName() && !Match(closing->previous(), "class|typename|."))
branch  0 taken 0% (fallthrough)
branch  1 taken 100%
call    2 never executed
call    3 never executed
branch  4 never executed
branch  5 never executed
call    6 never executed
call    7 never executed
branch  8 never executed
branch  9 never executed
branch 10 never executed
branch 11 never executed
    #####:  886:            templateParameters.insert(closing->strAt(-1));
call    0 never executed
call    1 never executed
branch  2 never executed
branch  3 never executed
call    4 never executed
        -:  887:    }
        -:  888:
    #####:  889:    return closing;
        -:  890:}
        -:  891:
function _ZN5Token18findClosingBracketEv called 81 returned 100% blocks executed 100%
       81:  892:Token * Token::findClosingBracket()
        -:  893:{
        -:  894:    // return value of const function
       81:  895:    return const_cast<Token*>(const_cast<const Token*>(this)->findClosingBracket());
call    0 returned 100%
        -:  896:}
        -:  897:
function _ZNK5Token18findOpeningBracketEv called 0 returned 0% blocks executed 0%
    #####:  898:const Token * Token::findOpeningBracket() const
        -:  899:{
    #####:  900:    if (mStr != ">")
call    0 never executed
branch  1 never executed
branch  2 never executed
    #####:  901:        return nullptr;
        -:  902:
    #####:  903:    const Token *opening = nullptr;
        -:  904:
    #####:  905:    unsigned int depth = 0;
    #####:  906:    for (opening = this; opening != nullptr; opening = opening->previous()) {
branch  0 never executed
branch  1 never executed
call    2 never executed
    #####:  907:        if (Token::Match(opening, "}|]|)")) {
call    0 never executed
branch  1 never executed
branch  2 never executed
    #####:  908:            opening = opening->link();
call    0 never executed
    #####:  909:            if (!opening)
branch  0 never executed
branch  1 never executed
    #####:  910:                return nullptr;
    #####:  911:        } else if (Token::Match(opening, "{|{|(|;"))
call    0 never executed
branch  1 never executed
branch  2 never executed
    #####:  912:            return nullptr;
    #####:  913:        else if (opening->str() == ">")
call    0 never executed
call    1 never executed
branch  2 never executed
branch  3 never executed
    #####:  914:            ++depth;
    #####:  915:        else if (opening->str() == "<") {
call    0 never executed
call    1 never executed
branch  2 never executed
branch  3 never executed
    #####:  916:            if (--depth == 0)
branch  0 never executed
branch  1 never executed
    #####:  917:                return opening;
        -:  918:        }
        -:  919:    }
        -:  920:
    #####:  921:    return opening;
        -:  922:}
        -:  923:
function _ZN5Token18findOpeningBracketEv called 0 returned 0% blocks executed 0%
    #####:  924:Token * Token::findOpeningBracket()
        -:  925:{
        -:  926:    // return value of const function
    #####:  927:    return const_cast<Token*>(const_cast<const Token*>(this)->findOpeningBracket());
call    0 never executed
        -:  928:}
        -:  929:
        -:  930://---------------------------------------------------------------------------
        -:  931:
function _ZN5Token15findsimplematchEPKS_PKc called 83 returned 100% blocks executed 88%
       83:  932:const Token *Token::findsimplematch(const Token * const startTok, const char pattern[])
        -:  933:{
     2952:  934:    for (const Token* tok = startTok; tok; tok = tok->next()) {
branch  0 taken 97% (fallthrough)
branch  1 taken 3%
call    2 returned 100%
     2869:  935:        if (Token::simpleMatch(tok, pattern))
call    0 returned 100%
branch  1 taken 0% (fallthrough)
branch  2 taken 100%
    #####:  936:            return tok;
        -:  937:    }
       83:  938:    return nullptr;
        -:  939:}
        -:  940:
function _ZN5Token15findsimplematchEPKS_PKcS1_ called 20 returned 100% blocks executed 100%
       20:  941:const Token *Token::findsimplematch(const Token * const startTok, const char pattern[], const Token * const end)
        -:  942:{
       68:  943:    for (const Token* tok = startTok; tok && tok != end; tok = tok->next()) {
branch  0 taken 100% (fallthrough)
branch  1 taken 0%
branch  2 taken 74% (fallthrough)
branch  3 taken 26%
call    4 returned 100%
       50:  944:        if (Token::simpleMatch(tok, pattern))
call    0 returned 100%
branch  1 taken 4% (fallthrough)
branch  2 taken 96%
        2:  945:            return tok;
        -:  946:    }
       18:  947:    return nullptr;
        -:  948:}
        -:  949:
function _ZN5Token9findmatchEPKS_PKci called 209 returned 100% blocks executed 88%
      209:  950:const Token *Token::findmatch(const Token * const startTok, const char pattern[], const nonneg int varId)
        -:  951:{
      223:  952:    for (const Token* tok = startTok; tok; tok = tok->next()) {
branch  0 taken 100% (fallthrough)
branch  1 taken 0%
call    2 returned 100%
[...]
       35: 1906:            switch (it->valueType) {
call    0 returned 100%
branch  1 taken 91%
branch  2 taken 0%
branch  3 taken 0%
branch  4 taken 0%
branch  5 taken 9%
branch  6 taken 0%
       32: 1907:            case ValueFlow::Value::ValueType::INT:
        -: 1908:            case ValueFlow::Value::ValueType::CONTAINER_SIZE:
        -: 1909:            case ValueFlow::Value::ValueType::BUFFER_SIZE:
       32: 1910:                differentValue = (it->intvalue != value.intvalue);
call    0 returned 100%
       32: 1911:                break;
    #####: 1912:            case ValueFlow::Value::ValueType::TOK:
        -: 1913:            case ValueFlow::Value::ValueType::LIFETIME:
    #####: 1914:                differentValue = (it->tokvalue != value.tokvalue);
call    0 never executed
    #####: 1915:                break;
    #####: 1916:            case ValueFlow::Value::ValueType::FLOAT:
        -: 1917:                // TODO: Write some better comparison
    #####: 1918:                differentValue = (it->floatValue > value.floatValue || it->floatValue < value.floatValue);
call    0 never executed
branch  1 never executed
branch  2 never executed
call    3 never executed
branch  4 never executed
branch  5 never executed
    #####: 1919:                break;
    #####: 1920:            case ValueFlow::Value::ValueType::MOVED:
    #####: 1921:                differentValue = (it->moveKind != value.moveKind);
call    0 never executed
    #####: 1922:                break;
        3: 1923:            case ValueFlow::Value::ValueType::UNINIT:
        3: 1924:                differentValue = false;
        3: 1925:                break;
        -: 1926:            }
       35: 1927:            if (differentValue)
branch  0 taken 6% (fallthrough)
branch  1 taken 94%
        2: 1928:                continue;
        -: 1929:
       33: 1930:            if ((value.isTokValue() || value.isLifetimeValue()) && (it->tokvalue != value.tokvalue) && (it->tokvalue->str() != value.tokvalue->str()))
call    0 returned 100%
branch  1 taken 100% (fallthrough)
branch  2 taken 0%
call    3 returned 100%
branch  4 taken 0% (fallthrough)
branch  5 taken 100%
call    6 never executed
branch  7 never executed
branch  8 never executed
call    9 never executed
call   10 never executed
call   11 never executed
call   12 never executed
branch 13 never executed
branch 14 never executed
branch 15 taken 0% (fallthrough)
branch 16 taken 100%
    #####: 1931:                continue;
        -: 1932:
        -: 1933:            // same value, but old value is inconclusive so replace it
       33: 1934:            if (it->isInconclusive() && !value.isInconclusive() && !value.isImpossible()) {
call    0 returned 100%
call    1 returned 100%
branch  2 taken 6% (fallthrough)
branch  3 taken 94%
call    4 returned 100%
branch  5 taken 0% (fallthrough)
branch  6 taken 100%
call    7 never executed
branch  8 never executed
branch  9 never executed
branch 10 taken 0% (fallthrough)
branch 11 taken 100%
    #####: 1935:                *it = value;
call    0 never executed
call    1 never executed
branch  2 never executed
branch  3 never executed
    #####: 1936:                if (it->varId == 0)
call    0 never executed
branch  1 never executed
branch  2 never executed
    #####: 1937:                    it->varId = mImpl->mVarId;
call    0 never executed
    #####: 1938:                break;
        -: 1939:            }
        -: 1940:
        -: 1941:            // Same value already exists, don't  add new value
       33: 1942:            return false;
        -: 1943:        }
        -: 1944:
        -: 1945:        // Add value
       16: 1946:        if (it == mImpl->mValues->end()) {
call    0 returned 100%
call    1 returned 100%
call    2 returned 100%
branch  3 taken 100% (fallthrough)
branch  4 taken 0%
       32: 1947:            ValueFlow::Value v(value);
call    0 returned 100%
branch  1 taken 100% (fallthrough)
branch  2 taken 0% (throw)
call    3 returned 100%
call    4 returned 100%
branch  5 taken 33%
branch  6 taken 67%
call    7 never executed
       16: 1948:            if (v.varId == 0)
branch  0 taken 100% (fallthrough)
branch  1 taken 0%
       16: 1949:                v.varId = mImpl->mVarId;
       16: 1950:            if (v.isKnown() && v.isIntValue())
call    0 returned 100%
branch  1 taken 81% (fallthrough)
branch  2 taken 19%
call    3 returned 100%
branch  4 taken 31% (fallthrough)
branch  5 taken 69%
branch  6 taken 25% (fallthrough)
branch  7 taken 75%
        4: 1951:                mImpl->mValues->push_front(v);
call    0 returned 100%
branch  1 taken 100% (fallthrough)
branch  2 taken 0% (throw)
        -: 1952:            else
       12: 1953:                mImpl->mValues->push_back(v);
call    0 returned 100%
branch  1 taken 100% (fallthrough)
branch  2 taken 0% (throw)
        -: 1954:        }
        -: 1955:    } else {
     8572: 1956:        ValueFlow::Value v(value);
call    0 returned 100%
branch  1 taken 100% (fallthrough)
branch  2 taken 0% (throw)
call    3 returned 100%
call    4 never executed
     4286: 1957:        if (v.varId == 0)
branch  0 taken 99% (fallthrough)
branch  1 taken 1%
     4272: 1958:            v.varId = mImpl->mVarId;
     4286: 1959:        mImpl->mValues = new std::list<ValueFlow::Value>(1, v);
call    0 returned 100%
call    1 returned 100%
branch  2 taken 100% (fallthrough)
branch  3 taken 0% (throw)
call    4 returned 100%
branch  5 taken 100% (fallthrough)
branch  6 taken 0% (throw)
call    7 returned 100%
call    8 never executed
call    9 never executed
        -: 1960:    }
        -: 1961:
     4302: 1962:    removeContradictions(*mImpl->mValues);
call    0 returned 100%
        -: 1963:
     4302: 1964:    return true;
        -: 1965:}
        -: 1966:
function _ZN5Token20assignProgressValuesEPS_ called 388 returned 100% blocks executed 100%
      388: 1967:void Token::assignProgressValues(Token *tok)
        -: 1968:{
      388: 1969:    int total_count = 0;
    64507: 1970:    for (Token *tok2 = tok; tok2; tok2 = tok2->next())
branch  0 taken 99% (fallthrough)
branch  1 taken 1%
call    2 returned 100%
    64119: 1971:        ++total_count;
      388: 1972:    int count = 0;
    64507: 1973:    for (Token *tok2 = tok; tok2; tok2 = tok2->next())
branch  0 taken 99% (fallthrough)
branch  1 taken 1%
call    2 returned 100%
    64119: 1974:        tok2->mImpl->mProgressValue = count++ * 100 / total_count;
      388: 1975:}
        -: 1976:
function _ZN5Token13assignIndexesEv called 194 returned 100% blocks executed 86%
      194: 1977:void Token::assignIndexes()
        -: 1978:{
      194: 1979:    int index = (mPrevious ? mPrevious->mImpl->mIndex : 0) + 1;
branch  0 taken 0% (fallthrough)
branch  1 taken 100%
    36393: 1980:    for (Token *tok = this; tok; tok = tok->next())
branch  0 taken 99% (fallthrough)
branch  1 taken 1%
call    2 returned 100%
    36199: 1981:        tok->mImpl->mIndex = index++;
      194: 1982:}
        -: 1983:
function _ZN5Token12setValueTypeEP9ValueType called 119497 returned 100% blocks executed 100%
   119497: 1984:void Token::setValueType(ValueType *vt)
        -: 1985:{
   119497: 1986:    if (vt != mImpl->mValueType) {
branch  0 taken 18% (fallthrough)
branch  1 taken 82%
    21800: 1987:        delete mImpl->mValueType;
branch  0 taken 50% (fallthrough)
branch  1 taken 50%
call    2 returned 100%
call    3 returned 100%
    21800: 1988:        mImpl->mValueType = vt;
        -: 1989:    }
   119497: 1990:}
        -: 1991:
function _ZN5Token4typeEPK4Type called 36424 returned 100% blocks executed 100%
    36424: 1992:void Token::type(const ::Type *t)
        -: 1993:{
    36424: 1994:    mImpl->mType = t;
    36424: 1995:    if (t) {
branch  0 taken 1% (fallthrough)
branch  1 taken 99%
       30: 1996:        tokType(eType);
call    0 returned 100%
       30: 1997:        isEnumType(mImpl->mType->isEnumType());
call    0 returned 100%
call    1 returned 100%
    36394: 1998:    } else if (mTokType == eType)
branch  0 taken 1% (fallthrough)
branch  1 taken 99%
      513: 1999:        tokType(eName);
call    0 returned 100%
    36424: 2000:}
        -: 2001:
function _ZN5Token6typeOfEPKS_ called 2036 returned 100% blocks executed 38%
     2036: 2002:const ::Type *Token::typeOf(const Token *tok)
        -: 2003:{
     2036: 2004:    if (Token::simpleMatch(tok, "return")) {
call    0 returned 100%
branch  1 taken 1% (fallthrough)
branch  2 taken 99%
        1: 2005:        const Scope *scope = tok->scope();
call    0 returned 100%
        1: 2006:        if (!scope)
branch  0 taken 0% (fallthrough)
branch  1 taken 100%
    #####: 2007:            return nullptr;
        1: 2008:        const Function *function = scope->function;
        1: 2009:        if (!function)
branch  0 taken 0% (fallthrough)
branch  1 taken 100%
    #####: 2010:            return nullptr;
        1: 2011:        return function->retType;
     2035: 2012:    } else if (Token::Match(tok, "%type%")) {
call    0 returned 100%
branch  1 taken 99% (fallthrough)
branch  2 taken 1%
     2020: 2013:        return tok->type();
call    0 returned 100%
       15: 2014:    } else if (Token::Match(tok, "%var%")) {
call    0 returned 100%
branch  1 taken 100% (fallthrough)
branch  2 taken 0%
       15: 2015:        const Variable *var = tok->variable();
call    0 returned 100%
       15: 2016:        if (!var)
branch  0 taken 0% (fallthrough)
branch  1 taken 100%
    #####: 2017:            return nullptr;
       15: 2018:        return var->type();
call    0 returned 100%
    #####: 2019:    } else if (Token::Match(tok, "%name%")) {
call    0 never executed
branch  1 never executed
branch  2 never executed
    #####: 2020:        const Function *function = tok->function();
call    0 never executed
    #####: 2021:        if (!function)
branch  0 never executed
branch  1 never executed
    #####: 2022:            return nullptr;
    #####: 2023:        return function->retType;
    #####: 2024:    } else if (Token::simpleMatch(tok, "=")) {
call    0 never executed
branch  1 never executed
branch  2 never executed
    #####: 2025:        return Token::typeOf(tok->astOperand1());
call    0 never executed
call    1 never executed
    #####: 2026:    } else if (Token::simpleMatch(tok, ".")) {
call    0 never executed
branch  1 never executed
branch  2 never executed
    #####: 2027:        return Token::typeOf(tok->astOperand2());
call    0 never executed
call    1 never executed
    #####: 2028:    } else if (Token::simpleMatch(tok, "[")) {
call    0 never executed
branch  1 never executed
branch  2 never executed
    #####: 2029:        return Token::typeOf(tok->astOperand1());
call    0 never executed
call    1 never executed
        -: 2030:    }
    #####: 2031:    return nullptr;
        -: 2032:}
        -: 2033:
function _ZN5Token8typeDeclEPKS_ called 0 returned 0% blocks executed 0%
    #####: 2034:std::pair<const Token*, const Token*> Token::typeDecl(const Token * tok)
        -: 2035:{
    #####: 2036:    if (Token::simpleMatch(tok, "return")) {
call    0 never executed
branch  1 never executed
branch  2 never executed
    #####: 2037:        const Scope *scope = tok->scope();
call    0 never executed
    #####: 2038:        if (!scope)
branch  0 never executed
branch  1 never executed
    #####: 2039:            return {};
call    0 never executed
    #####: 2040:        const Function *function = scope->function;
    #####: 2041:        if (!function)
branch  0 never executed
branch  1 never executed
    #####: 2042:            return {};
call    0 never executed
    #####: 2043:        return {function->retDef, function->returnDefEnd()};
call    0 never executed
call    1 never executed
    #####: 2044:    } else if (Token::Match(tok, "%type%")) {
call    0 never executed
branch  1 never executed
branch  2 never executed
    #####: 2045:        return {tok, tok->next()};
call    0 never executed
call    1 never executed
    #####: 2046:    } else if (Token::Match(tok, "%var%")) {
call    0 never executed
branch  1 never executed
branch  2 never executed
    #####: 2047:        const Variable *var = tok->variable();
call    0 never executed
    #####: 2048:        if (!var)
branch  0 never executed
branch  1 never executed
    #####: 2049:            return {};
call    0 never executed
    #####: 2050:        if (!var->typeStartToken() || !var->typeEndToken())
call    0 never executed
branch  1 never executed
branch  2 never executed
call    3 never executed
branch  4 never executed
branch  5 never executed
branch  6 never executed
branch  7 never executed
    #####: 2051:            return {};
call    0 never executed
    #####: 2052:        return {var->typeStartToken(), var->typeEndToken()->next()};
call    0 never executed
call    1 never executed
call    2 never executed
call    3 never executed
    #####: 2053:    } else if (Token::Match(tok, "%name%")) {
call    0 never executed
branch  1 never executed
branch  2 never executed
    #####: 2054:        const Function *function = tok->function();
call    0 never executed
    #####: 2055:        if (!function)
branch  0 never executed
branch  1 never executed
    #####: 2056:            return {};
call    0 never executed
    #####: 2057:        return {function->retDef, function->returnDefEnd()};
call    0 never executed
call    1 never executed
    #####: 2058:    } else if (Token::simpleMatch(tok, "=")) {
call    0 never executed
branch  1 never executed
branch  2 never executed
    #####: 2059:        return Token::typeDecl(tok->astOperand1());
call    0 never executed
call    1 never executed
    #####: 2060:    } else if (Token::simpleMatch(tok, ".")) {
call    0 never executed
branch  1 never executed
branch  2 never executed
    #####: 2061:        return Token::typeDecl(tok->astOperand2());
call    0 never executed
call    1 never executed
        -: 2062:    } else {
    #####: 2063:        const ::Type * t = typeOf(tok);
call    0 never executed
    #####: 2064:        if (!t || !t->classDef)
branch  0 never executed
branch  1 never executed
branch  2 never executed
branch  3 never executed
    #####: 2065:            return {};
call    0 never executed
    #####: 2066:        return {t->classDef->next(), t->classDef->tokAt(2)};
call    0 never executed
call    1 never executed
call    2 never executed
        -: 2067:    }
        -: 2068:}
function _ZN5Token7typeStrB5cxx11EPKS_ called 0 returned 0% blocks executed 0%
    #####: 2069:std::string Token::typeStr(const Token* tok)
        -: 2070:{
    #####: 2071:    if (tok->valueType()) {
call    0 never executed
branch  1 never executed
branch  2 never executed
    #####: 2072:        const ValueType * vt = tok->valueType();
call    0 never executed
    #####: 2073:        std::string ret = vt->str();
call    0 never executed
branch  1 never executed
branch  2 never executed
    #####: 2074:        if (!ret.empty())
call    0 never executed
branch  1 never executed
branch  2 never executed
    #####: 2075:            return ret;
call    0 never executed
call    1 never executed
branch  2 never executed
branch  3 never executed
        -: 2076:    }
    #####: 2077:    std::pair<const Token*, const Token*> r = Token::typeDecl(tok);
call    0 never executed
branch  1 never executed
branch  2 never executed
    #####: 2078:    if (!r.first || !r.second)
branch  0 never executed
branch  1 never executed
branch  2 never executed
branch  3 never executed
    #####: 2079:        return "";
call    0 never executed
call    1 never executed
branch  2 never executed
branch  3 never executed
call    4 never executed
call    5 never executed
    #####: 2080:    return r.first->stringifyList(r.second, false);
call    0 never executed
branch  1 never executed
branch  2 never executed
        -: 2081:}
        -: 2082:
function _ZN5Token9scopeInfoESt10shared_ptrI10ScopeInfo2E called 5893 returned 100% blocks executed 100%
     5893: 2083:void Token::scopeInfo(std::shared_ptr<ScopeInfo2> newScopeInfo)
        -: 2084:{
     5893: 2085:    mImpl->mScopeInfo = newScopeInfo;
call    0 returned 100%
     5893: 2086:}
function _ZNK5Token9scopeInfoEv called 5890 returned 100% blocks executed 100%
     5890: 2087:std::shared_ptr<ScopeInfo2> Token::scopeInfo() const
        -: 2088:{
     5890: 2089:    return mImpl->mScopeInfo;
call    0 returned 100%
        -: 2090:}
        -: 2091:
function _ZN9TokenImplD2Ev called 36224 returned 100% blocks executed 72%
    72448: 2092:TokenImpl::~TokenImpl()
call    0 returned 100%
call    1 returned 100%
        -: 2093:{
    36224: 2094:    delete mOriginalName;
branch  0 taken 1% (fallthrough)
branch  1 taken 99%
call    2 returned 100%
call    3 returned 100%
    36224: 2095:    delete mValueType;
branch  0 taken 0% (fallthrough)
branch  1 taken 100%
call    2 never executed
call    3 never executed
    36224: 2096:    delete mValues;
branch  0 taken 12% (fallthrough)
branch  1 taken 88%
call    2 returned 100%
call    3 returned 100%
        -: 2097:
    36224: 2098:    for (auto templateSimplifierPointer : mTemplateSimplifierPointers) {
call    0 returned 100%
call    1 returned 100%
call    2 returned 100%
branch  3 taken 0% (fallthrough)
branch  4 taken 100%
call    5 never executed
call    6 never executed
call    7 returned 100%
call    8 returned 100%
    #####: 2099:        templateSimplifierPointer->token(nullptr);
call    0 never executed
        -: 2100:    }
        -: 2101:
    36224: 2102:    while (mCppcheckAttributes) {
branch  0 taken 0% (fallthrough)
branch  1 taken 100%
    #####: 2103:        struct CppcheckAttributes *c = mCppcheckAttributes;
    #####: 2104:        mCppcheckAttributes = mCppcheckAttributes->next;
    #####: 2105:        delete c;
call    0 never executed
        -: 2106:    }
    36224: 2107:}
        -: 2108:
function _ZN9TokenImpl20setCppcheckAttributeENS_18CppcheckAttributes4TypeEx called 0 returned 0% blocks executed 0%
    #####: 2109:void TokenImpl::setCppcheckAttribute(TokenImpl::CppcheckAttributes::Type type, MathLib::bigint value)
        -: 2110:{
    #####: 2111:    struct CppcheckAttributes *attr = mCppcheckAttributes;
    #####: 2112:    while (attr && attr->type != type)
branch  0 never executed
branch  1 never executed
branch  2 never executed
branch  3 never executed
    #####: 2113:        attr = attr->next;
    #####: 2114:    if (attr)
branch  0 never executed
branch  1 never executed
    #####: 2115:        attr->value = value;
        -: 2116:    else {
    #####: 2117:        attr = new CppcheckAttributes;
call    0 never executed
    #####: 2118:        attr->type = type;
    #####: 2119:        attr->value = value;
    #####: 2120:        attr->next = mCppcheckAttributes;
    #####: 2121:        mCppcheckAttributes = attr;
        -: 2122:    }
    #####: 2123:}
        -: 2124:
function _ZNK9TokenImpl20getCppcheckAttributeENS_18CppcheckAttributes4TypeEPx called 228 returned 100% blocks executed 63%
      228: 2125:bool TokenImpl::getCppcheckAttribute(TokenImpl::CppcheckAttributes::Type type, MathLib::bigint *value) const
        -: 2126:{
      228: 2127:    struct CppcheckAttributes *attr = mCppcheckAttributes;
      228: 2128:    while (attr && attr->type != type)
branch  0 taken 0% (fallthrough)
branch  1 taken 100%
branch  2 never executed
branch  3 never executed
    #####: 2129:        attr = attr->next;
      228: 2130:    if (attr)
branch  0 taken 0% (fallthrough)
branch  1 taken 100%
    #####: 2131:        *value = attr->value;
      228: 2132:    return attr != nullptr;
function _GLOBAL__sub_I__ZN9TokenImpl15mEmptyValueListE called 1 returned 100% blocks executed 100%
function _Z41__static_initialization_and_destruction_0ii called 1 returned 100% blocks executed 51%
        3: 2133:}
call    0 returned 100%
branch  1 taken 100% (fallthrough)
branch  2 taken 0%
branch  3 taken 100% (fallthrough)
branch  4 taken 0%
