        -:    0:Source:/home/workspace/lib/astutils.cpp
        -:    0:Graph:/home/workspace/build/lib/CMakeFiles/lib_objs.dir/astutils.gcno
        -:    0:Data:/home/workspace/build/lib/CMakeFiles/lib_objs.dir/astutils.gcda
        -:    0:Runs:1
        -:    0:Programs:1
        -:    1:/*
        -:    2: * Cppcheck - A tool for static C/C++ code analysis
        -:    3: * Copyright (C) 2007-2019 Cppcheck team.
        -:    4: *
        -:    5: * This program is free software: you can redistribute it and/or modify
        -:    6: * it under the terms of the GNU General Public License as published by
        -:    7: * the Free Software Foundation, either version 3 of the License, or
        -:    8: * (at your option) any later version.
        -:    9: *
        -:   10: * This program is distributed in the hope that it will be useful,
        -:   11: * but WITHOUT ANY WARRANTY; without even the implied warranty of
        -:   12: * MERCHANTABILITY or FITNESS FOR A PARTICULAR PURPOSE.  See the
        -:   13: * GNU General Public License for more details.
        -:   14: *
        -:   15: * You should have received a copy of the GNU General Public License
        -:   16: * along with this program.  If not, see <http://www.gnu.org/licenses/>.
        -:   17: */
        -:   18:
        -:   19:
        -:   20://---------------------------------------------------------------------------
        -:   21:#include "astutils.h"
        -:   22:
        -:   23:#include "library.h"
        -:   24:#include "mathlib.h"
        -:   25:#include "settings.h"
        -:   26:#include "symboldatabase.h"
        -:   27:#include "token.h"
        -:   28:#include "valueflow.h"
        -:   29:
        -:   30:#include <list>
        -:   31:#include <stack>
        -:   32:
        -:   33:
function _Z13visitAstNodesPK5TokenSt8functionIF15ChildrenToVisitS1_EE called 31 returned 100% blocks executed 83%
       31:   34:void visitAstNodes(const Token *ast, std::function<ChildrenToVisit(const Token *)> visitor)
        -:   35:{
       62:   36:    std::stack<const Token *> tokens;
call    0 returned 100%
branch  1 taken 100% (fallthrough)
branch  2 taken 0% (throw)
call    3 returned 100%
call    4 never executed
       31:   37:    tokens.push(ast);
call    0 returned 100%
branch  1 taken 100% (fallthrough)
branch  2 taken 0% (throw)
      233:   38:    while (!tokens.empty()) {
call    0 returned 100%
branch  1 taken 77% (fallthrough)
branch  2 taken 23%
      101:   39:        const Token *tok = tokens.top();
call    0 returned 100%
branch  1 taken 100% (fallthrough)
branch  2 taken 0% (throw)
      101:   40:        tokens.pop();
call    0 returned 100%
branch  1 taken 100% (fallthrough)
branch  2 taken 0% (throw)
      101:   41:        if (!tok)
branch  0 taken 62% (fallthrough)
branch  1 taken 38%
       63:   42:            continue;
        -:   43:
       38:   44:        ChildrenToVisit c = visitor(tok);
call    0 returned 100%
branch  1 taken 100% (fallthrough)
branch  2 taken 0% (throw)
        -:   45:
       38:   46:        if (c == ChildrenToVisit::done)
branch  0 taken 0% (fallthrough)
branch  1 taken 100%
    #####:   47:            break;
       38:   48:        if (c == ChildrenToVisit::op1 || c == ChildrenToVisit::op1_and_op2)
branch  0 taken 100% (fallthrough)
branch  1 taken 0%
branch  2 taken 92% (fallthrough)
branch  3 taken 8%
       35:   49:            tokens.push(tok->astOperand1());
call    0 returned 100%
call    1 returned 100%
branch  2 taken 100% (fallthrough)
branch  3 taken 0% (throw)
       38:   50:        if (c == ChildrenToVisit::op2 || c == ChildrenToVisit::op1_and_op2)
branch  0 taken 100% (fallthrough)
branch  1 taken 0%
branch  2 taken 92% (fallthrough)
branch  3 taken 8%
       35:   51:            tokens.push(tok->astOperand2());
call    0 returned 100%
call    1 returned 100%
branch  2 taken 100% (fallthrough)
branch  3 taken 0% (throw)
        -:   52:    }
       31:   53:}
        -:   54:
function _ZL19astFlattenRecursivePK5TokenPNSt7__debug6vectorIS1_SaIS1_EEEPKci called 1621 returned 100% blocks executed 100%
     1621:   55:static void astFlattenRecursive(const Token *tok, std::vector<const Token *> *result, const char* op, nonneg int depth = 0)
        -:   56:{
     1621:   57:    ++depth;
     1621:   58:    if (!tok || depth >= 100)
branch  0 taken 79% (fallthrough)
branch  1 taken 21%
branch  2 taken 0% (fallthrough)
branch  3 taken 100%
      333:   59:        return;
     1288:   60:    if (tok->str() == op) {
call    0 returned 100%
call    1 returned 100%
branch  2 taken 11% (fallthrough)
branch  3 taken 89%
      147:   61:        astFlattenRecursive(tok->astOperand1(), result, op, depth);
call    0 returned 100%
call    1 returned 100%
      147:   62:        astFlattenRecursive(tok->astOperand2(), result, op, depth);
call    0 returned 100%
call    1 returned 100%
        -:   63:    } else {
     1141:   64:        result->push_back(tok);
call    0 returned 100%
        -:   65:    }
        -:   66:}
        -:   67:
function _Z10astFlattenPK5TokenPKc called 1327 returned 100% blocks executed 83%
     1327:   68:std::vector<const Token*> astFlatten(const Token* tok, const char* op)
        -:   69:{
     1327:   70:    std::vector<const Token*> result;
call    0 returned 100%
     1327:   71:    astFlattenRecursive(tok, &result, op);
call    0 returned 100%
branch  1 taken 100% (fallthrough)
branch  2 taken 0% (throw)
     1327:   72:    return result;
call    0 never executed
        -:   73:}
        -:   74:
        -:   75:
function _Z11astHasTokenPK5TokenS1_ called 0 returned 0% blocks executed 0%
    #####:   76:bool astHasToken(const Token* root, const Token * tok)
        -:   77:{
    #####:   78:    if (!root)
branch  0 never executed
branch  1 never executed
    #####:   79:        return false;
    #####:   80:    if (root == tok)
branch  0 never executed
branch  1 never executed
    #####:   81:        return true;
    #####:   82:    return astHasToken(root->astOperand1(), tok) || astHasToken(root->astOperand2(), tok);
call    0 never executed
call    1 never executed
branch  2 never executed
branch  3 never executed
call    4 never executed
call    5 never executed
branch  6 never executed
branch  7 never executed
        -:   83:}
        -:   84:
function _Z9astHasVarPK5Tokeni called 12 returned 100% blocks executed 87%
       12:   85:bool astHasVar(const Token * tok, nonneg int varid)
        -:   86:{
       12:   87:    if (!tok)
branch  0 taken 67% (fallthrough)
branch  1 taken 33%
        8:   88:        return false;
        4:   89:    if (tok->varId() == varid)
call    0 returned 100%
branch  1 taken 0% (fallthrough)
branch  2 taken 100%
    #####:   90:        return true;
        4:   91:    return astHasVar(tok->astOperand1(), varid) || astHasVar(tok->astOperand2(), varid);
call    0 returned 100%
call    1 returned 100%
branch  2 taken 100% (fallthrough)
branch  3 taken 0%
call    4 returned 100%
call    5 returned 100%
branch  6 taken 0% (fallthrough)
branch  7 taken 100%
        -:   92:}
        -:   93:
function _ZL17astIsCharWithSignPK5TokenN9ValueType4SignE called 0 returned 0% blocks executed 0%
    #####:   94:static bool astIsCharWithSign(const Token *tok, ValueType::Sign sign)
        -:   95:{
    #####:   96:    if (!tok)
branch  0 never executed
branch  1 never executed
    #####:   97:        return false;
    #####:   98:    const ValueType *valueType = tok->valueType();
call    0 never executed
    #####:   99:    if (!valueType)
branch  0 never executed
branch  1 never executed
    #####:  100:        return false;
    #####:  101:    return valueType->type == ValueType::Type::CHAR && valueType->pointer == 0U && valueType->sign == sign;
branch  0 never executed
branch  1 never executed
branch  2 never executed
branch  3 never executed
branch  4 never executed
branch  5 never executed
        -:  102:}
        -:  103:
function _Z15astIsSignedCharPK5Token called 0 returned 0% blocks executed 0%
    #####:  104:bool astIsSignedChar(const Token *tok)
        -:  105:{
    #####:  106:    return astIsCharWithSign(tok, ValueType::Sign::SIGNED);
call    0 never executed
        -:  107:}
        -:  108:
function _Z20astIsUnknownSignCharPK5Token called 0 returned 0% blocks executed 0%
    #####:  109:bool astIsUnknownSignChar(const Token *tok)
        -:  110:{
    #####:  111:    return astIsCharWithSign(tok, ValueType::Sign::UNKNOWN_SIGN);
call    0 never executed
        -:  112:}
        -:  113:
function _Z13astIsIntegralPK5Tokenb called 1843 returned 100% blocks executed 92%
     1843:  114:bool astIsIntegral(const Token *tok, bool unknown)
        -:  115:{
     1843:  116:    const ValueType *vt = tok ? tok->valueType() : nullptr;
branch  0 taken 100% (fallthrough)
branch  1 taken 0%
call    2 returned 100%
     1843:  117:    if (!vt)
branch  0 taken 58% (fallthrough)
branch  1 taken 42%
     1070:  118:        return unknown;
      773:  119:    return vt->isIntegral() && vt->pointer == 0U;
call    0 returned 100%
branch  1 taken 75% (fallthrough)
branch  2 taken 25%
branch  3 taken 19% (fallthrough)
branch  4 taken 81%
        -:  120:}
        -:  121:
function _Z10astIsFloatPK5Tokenb called 0 returned 0% blocks executed 0%
    #####:  122:bool astIsFloat(const Token *tok, bool unknown)
        -:  123:{
    #####:  124:    const ValueType *vt = tok ? tok->valueType() : nullptr;
branch  0 never executed
branch  1 never executed
call    2 never executed
    #####:  125:    if (!vt)
branch  0 never executed
branch  1 never executed
    #####:  126:        return unknown;
    #####:  127:    return vt->type >= ValueType::Type::FLOAT && vt->pointer == 0U;
branch  0 never executed
branch  1 never executed
branch  2 never executed
branch  3 never executed
        -:  128:}
        -:  129:
function _Z9astIsBoolPK5Token called 0 returned 0% blocks executed 0%
    #####:  130:bool astIsBool(const Token *tok)
        -:  131:{
    #####:  132:    return tok && (tok->isBoolean() || (tok->valueType() && tok->valueType()->type == ValueType::Type::BOOL && !tok->valueType()->pointer));
branch  0 never executed
branch  1 never executed
call    2 never executed
branch  3 never executed
branch  4 never executed
call    5 never executed
branch  6 never executed
branch  7 never executed
call    8 never executed
branch  9 never executed
branch 10 never executed
call   11 never executed
branch 12 never executed
branch 13 never executed
        -:  133:}
        -:  134:
function _Z12astIsPointerPK5Token called 2101 returned 100% blocks executed 100%
     2101:  135:bool astIsPointer(const Token *tok)
        -:  136:{
     2101:  137:    return tok && tok->valueType() && tok->valueType()->pointer;
branch  0 taken 3% (fallthrough)
branch  1 taken 97%
call    2 returned 100%
branch  3 taken 65% (fallthrough)
branch  4 taken 35%
call    5 returned 100%
branch  6 taken 95% (fallthrough)
branch  7 taken 5%
        -:  138:}
        -:  139:
function _Z13astIsIteratorPK5Token called 0 returned 0% blocks executed 0%
    #####:  140:bool astIsIterator(const Token *tok)
        -:  141:{
    #####:  142:    return tok && tok->valueType() && tok->valueType()->type == ValueType::Type::ITERATOR;
branch  0 never executed
branch  1 never executed
call    2 never executed
branch  3 never executed
branch  4 never executed
call    5 never executed
branch  6 never executed
branch  7 never executed
        -:  143:}
        -:  144:
function _Z14astIsContainerPK5Token called 37058 returned 100% blocks executed 63%
    37058:  145:bool astIsContainer(const Token *tok)
        -:  146:{
    37058:  147:    return getLibraryContainer(tok) != nullptr && tok->valueType()->type != ValueType::Type::ITERATOR;
call    0 returned 100%
branch  1 taken 0% (fallthrough)
branch  2 taken 100%
call    3 never executed
branch  4 never executed
branch  5 never executed
        -:  148:}
        -:  149:
function _Z16astCanonicalTypeB5cxx11PK5Token called 58 returned 100% blocks executed 70%
       58:  150:std::string astCanonicalType(const Token *expr)
        -:  151:{
       58:  152:    if (!expr)
branch  0 taken 0% (fallthrough)
branch  1 taken 100%
    #####:  153:        return "";
call    0 never executed
call    1 never executed
branch  2 never executed
branch  3 never executed
call    4 never executed
call    5 never executed
call    6 never executed
       58:  154:    if (expr->variable()) {
call    0 returned 100%
branch  1 taken 57% (fallthrough)
branch  2 taken 43%
       33:  155:        const Variable *var = expr->variable();
call    0 returned 100%
       66:  156:        std::string ret;
call    0 returned 100%
call    1 returned 100%
call    2 never executed
call    3 never executed
      120:  157:        for (const Token *type = var->typeStartToken(); Token::Match(type,"%name%|::") && type != var->nameToken(); type = type->next()) {
call    0 returned 100%
call    1 returned 100%
branch  2 taken 100% (fallthrough)
branch  3 taken 0% (throw)
branch  4 taken 73% (fallthrough)
branch  5 taken 28%
call    6 returned 100%
branch  7 taken 100% (fallthrough)
branch  8 taken 0%
branch  9 taken 73% (fallthrough)
branch 10 taken 28%
call   11 returned 100%
       87:  158:            if (!Token::Match(type, "const|static"))
call    0 returned 100%
branch  1 taken 100% (fallthrough)
branch  2 taken 0% (throw)
branch  3 taken 100% (fallthrough)
branch  4 taken 0%
       87:  159:                ret += type->str();
call    0 returned 100%
call    1 returned 100%
branch  2 taken 100% (fallthrough)
branch  3 taken 0% (throw)
        -:  160:        }
       33:  161:        return ret;
call    0 returned 100%
        -:  162:
        -:  163:    }
        -:  164:    // TODO: handle expressions
       25:  165:    return "";
call    0 returned 100%
call    1 returned 100%
branch  2 taken 100% (fallthrough)
branch  3 taken 0% (throw)
call    4 returned 100%
call    5 never executed
        -:  166:}
        -:  167:
function _ZL5matchPK5TokenRKNSt7__cxx1112basic_stringIcSt11char_traitsIcESaIcEEE called 144 returned 100% blocks executed 88%
      144:  168:static bool match(const Token *tok, const std::string &rhs)
        -:  169:{
      144:  170:    if (tok->str() == rhs)
call    0 returned 100%
call    1 returned 100%
branch  2 taken 6% (fallthrough)
branch  3 taken 94%
        8:  171:        return true;
      136:  172:    if (!tok->varId() && tok->hasKnownIntValue() && MathLib::toString(tok->values().front().intvalue) == rhs)
call    0 returned 100%
branch  1 taken 59% (fallthrough)
branch  2 taken 41%
call    3 returned 100%
branch  4 taken 100% (fallthrough)
branch  5 taken 0% (throw)
branch  6 taken 43% (fallthrough)
branch  7 taken 58%
call    8 returned 100%
call    9 returned 100%
call   10 returned 100%
branch 11 taken 100% (fallthrough)
branch 12 taken 0% (throw)
call   13 returned 100%
branch 14 taken 38% (fallthrough)
branch 15 taken 62%
branch 16 taken 25% (fallthrough)
branch 17 taken 75%
call   18 returned 100%
branch 19 taken 10% (fallthrough)
branch 20 taken 90%
branch 21 never executed
branch 22 never executed
call   23 never executed
       13:  173:        return true;
      123:  174:    return false;
        -:  175:}
        -:  176:
function _Z23astIsVariableComparisonPK5TokenRKNSt7__cxx1112basic_stringIcSt11char_traitsIcESaIcEEES9_PS1_ called 15230 returned 100% blocks executed 74%
    15230:  177:const Token * astIsVariableComparison(const Token *tok, const std::string &comp, const std::string &rhs, const Token **vartok)
        -:  178:{
    15230:  179:    if (!tok)
branch  0 taken 0% (fallthrough)
branch  1 taken 100%
    #####:  180:        return nullptr;
        -:  181:
    15230:  182:    const Token *ret = nullptr;
    15230:  183:    if (tok->isComparisonOp()) {
call    0 returned 100%
branch  1 taken 1% (fallthrough)
branch  2 taken 99%
      104:  184:        if (tok->astOperand1() && match(tok->astOperand1(), rhs)) {
call    0 returned 100%
branch  1 taken 100% (fallthrough)
branch  2 taken 0%
call    3 returned 100%
call    4 returned 100%
branch  5 taken 100% (fallthrough)
branch  6 taken 0% (throw)
branch  7 taken 2% (fallthrough)
branch  8 taken 98%
branch  9 taken 2% (fallthrough)
branch 10 taken 98%
        -:  185:            // Invert comparator
        4:  186:            std::string s = tok->str();
call    0 returned 100%
call    1 returned 100%
branch  2 taken 100% (fallthrough)
branch  3 taken 0% (throw)
call    4 returned 100%
call    5 never executed
        2:  187:            if (s[0] == '>')
call    0 returned 100%
branch  1 taken 100% (fallthrough)
branch  2 taken 0% (throw)
branch  3 taken 0% (fallthrough)
branch  4 taken 100%
    #####:  188:                s[0] = '<';
call    0 never executed
branch  1 never executed
branch  2 never executed
        2:  189:            else if (s[0] == '<')
call    0 returned 100%
branch  1 taken 100% (fallthrough)
branch  2 taken 0% (throw)
branch  3 taken 0% (fallthrough)
branch  4 taken 100%
    #####:  190:                s[0] = '>';
call    0 never executed
branch  1 never executed
branch  2 never executed
        2:  191:            if (s == comp) {
call    0 returned 100%
branch  1 taken 50% (fallthrough)
branch  2 taken 50%
        1:  192:                ret = tok->astOperand2();
call    0 returned 100%
        -:  193:            }
      102:  194:        } else if (tok->str() == comp && tok->astOperand2() && match(tok->astOperand2(), rhs)) {
call    0 returned 100%
call    1 returned 100%
branch  2 taken 39% (fallthrough)
branch  3 taken 61%
call    4 returned 100%
branch  5 taken 100% (fallthrough)
branch  6 taken 0%
call    7 returned 100%
call    8 returned 100%
branch  9 taken 100% (fallthrough)
branch 10 taken 0% (throw)
branch 11 taken 48% (fallthrough)
branch 12 taken 52%
branch 13 taken 19% (fallthrough)
branch 14 taken 81%
       19:  195:            ret = tok->astOperand1();
call    0 returned 100%
        -:  196:        }
    15126:  197:    } else if (comp == "!=" && rhs == std::string("0")) {
call    0 returned 100%
branch  1 taken 20% (fallthrough)
branch  2 taken 80%
call    3 returned 100%
call    4 returned 100%
branch  5 taken 100% (fallthrough)
branch  6 taken 0% (throw)
call    7 returned 100%
branch  8 taken 100% (fallthrough)
branch  9 taken 0%
branch 10 taken 20% (fallthrough)
branch 11 taken 80%
call   12 returned 100%
branch 13 taken 20% (fallthrough)
branch 14 taken 80%
call   15 returned 100%
branch 16 taken 20% (fallthrough)
branch 17 taken 80%
branch 18 never executed
branch 19 never executed
call   20 never executed
branch 21 never executed
branch 22 never executed
call   23 never executed
     3056:  198:        ret = tok;
    12070:  199:    } else if (comp == "==" && rhs == std::string("0")) {
call    0 returned 100%
branch  1 taken 50% (fallthrough)
branch  2 taken 50%
call    3 returned 100%
call    4 returned 100%
branch  5 taken 100% (fallthrough)
branch  6 taken 0% (throw)
call    7 returned 100%
branch  8 taken 50% (fallthrough)
branch  9 taken 50%
branch 10 taken 50% (fallthrough)
branch 11 taken 50%
call   12 returned 100%
branch 13 taken 50% (fallthrough)
branch 14 taken 50%
call   15 returned 100%
branch 16 taken 25% (fallthrough)
branch 17 taken 75%
branch 18 never executed
branch 19 never executed
call   20 never executed
branch 21 never executed
branch 22 never executed
call   23 never executed
     3025:  200:        if (tok->str() == "!") {
call    0 returned 100%
call    1 returned 100%
branch  2 taken 1% (fallthrough)
branch  3 taken 99%
       11:  201:            ret = tok->astOperand1();
call    0 returned 100%
        -:  202:            // handle (!(x!=0)) as (x==0)
       11:  203:            astIsVariableComparison(ret, "!=", "0", &ret);
call    0 returned 100%
call    1 returned 100%
branch  2 taken 100% (fallthrough)
branch  3 taken 0% (throw)
call    4 returned 100%
call    5 returned 100%
branch  6 taken 100% (fallthrough)
branch  7 taken 0% (throw)
call    8 returned 100%
branch  9 taken 100% (fallthrough)
branch 10 taken 0% (throw)
call   11 returned 100%
call   12 returned 100%
call   13 returned 100%
call   14 returned 100%
call   15 never executed
call   16 never executed
call   17 never executed
call   18 never executed
        -:  204:        }
        -:  205:    }
    15230:  206:    while (ret && ret->str() == ".")
branch  0 taken 20% (fallthrough)
branch  1 taken 80%
call    2 returned 100%
call    3 returned 100%
branch  4 taken 0% (fallthrough)
branch  5 taken 100%
branch  6 taken 0% (fallthrough)
branch  7 taken 100%
    #####:  207:        ret = ret->astOperand2();
call    0 never executed
    15230:  208:    if (ret && ret->str() == "=" && ret->astOperand1() && ret->astOperand1()->varId())
branch  0 taken 20% (fallthrough)
branch  1 taken 80%
call    2 returned 100%
call    3 returned 100%
branch  4 taken 1% (fallthrough)
branch  5 taken 99%
call    6 returned 100%
branch  7 taken 100% (fallthrough)
branch  8 taken 0%
call    9 returned 100%
call   10 returned 100%
branch 11 taken 92% (fallthrough)
branch 12 taken 8%
branch 13 taken 1% (fallthrough)
branch 14 taken 99%
       12:  209:        ret = ret->astOperand1();
call    0 returned 100%
    15218:  210:    else if (ret && ret->varId() == 0U)
branch  0 taken 20% (fallthrough)
branch  1 taken 80%
call    2 returned 100%
branch  3 taken 98% (fallthrough)
branch  4 taken 2%
branch  5 taken 20% (fallthrough)
branch  6 taken 80%
     3027:  211:        ret = nullptr;
    15230:  212:    if (vartok)
branch  0 taken 100% (fallthrough)
branch  1 taken 0%
    15230:  213:        *vartok = ret;
    15230:  214:    return ret;
        -:  215:}
        -:  216:
function _ZL14isFunctionCallPK5Token called 0 returned 0% blocks executed 0%
    #####:  217:static bool isFunctionCall(const Token* tok)
        -:  218:{
    #####:  219:    if (Token::Match(tok, "%name% ("))
call    0 never executed
branch  1 never executed
branch  2 never executed
    #####:  220:        return true;
    #####:  221:    if (Token::Match(tok, "%name% <") && Token::simpleMatch(tok->next()->link(), "> ("))
call    0 never executed
branch  1 never executed
branch  2 never executed
call    3 never executed
call    4 never executed
call    5 never executed
branch  6 never executed
branch  7 never executed
branch  8 never executed
branch  9 never executed
    #####:  222:        return true;
    #####:  223:    if (Token::Match(tok, "%name% ::"))
call    0 never executed
branch  1 never executed
branch  2 never executed
    #####:  224:        return isFunctionCall(tok->tokAt(2));
call    0 never executed
call    1 never executed
    #####:  225:    return false;
        -:  226:}
        -:  227:
function _ZL8hasTokenPK5TokenS1_S1_ called 12 returned 100% blocks executed 100%
       12:  228:static bool hasToken(const Token * startTok, const Token * stopTok, const Token * tok)
        -:  229:{
       16:  230:    for (const Token * tok2 = startTok; tok2 != stopTok; tok2 = tok2->next()) {
branch  0 taken 88% (fallthrough)
branch  1 taken 13%
call    2 returned 100%
       14:  231:        if (tok2 == tok)
branch  0 taken 71% (fallthrough)
branch  1 taken 29%
       10:  232:            return true;
        -:  233:    }
        2:  234:    return false;
        -:  235:}
        -:  236:
function _Z25nextAfterAstRightmostLeafPK5Token called 37 returned 100% blocks executed 82%
       37:  237:const Token * nextAfterAstRightmostLeaf(const Token * tok)
        -:  238:{
       37:  239:    const Token * rightmostLeaf = tok;
       37:  240:    if (!rightmostLeaf || !rightmostLeaf->astOperand1())
branch  0 taken 100% (fallthrough)
branch  1 taken 0%
call    2 returned 100%
branch  3 taken 0% (fallthrough)
branch  4 taken 100%
branch  5 taken 0% (fallthrough)
branch  6 taken 100%
    #####:  241:        return nullptr;
        2:  242:    do {
       39:  243:        if (rightmostLeaf->astOperand2())
call    0 returned 100%
branch  1 taken 100% (fallthrough)
branch  2 taken 0%
       39:  244:            rightmostLeaf = rightmostLeaf->astOperand2();
call    0 returned 100%
        -:  245:        else
    #####:  246:            rightmostLeaf = rightmostLeaf->astOperand1();
call    0 never executed
       39:  247:    } while (rightmostLeaf->astOperand1());
call    0 returned 100%
branch  1 taken 5% (fallthrough)
branch  2 taken 95%
        2:  248:    while (Token::Match(rightmostLeaf->next(), "]|)") && !hasToken(rightmostLeaf->next()->link(), rightmostLeaf->next(), tok))
call    0 returned 100%
call    1 returned 100%
branch  2 taken 31% (fallthrough)
branch  3 taken 69%
call    4 returned 100%
call    5 returned 100%
call    6 returned 100%
call    7 returned 100%
branch  8 taken 17% (fallthrough)
branch  9 taken 83%
branch 10 taken 5% (fallthrough)
branch 11 taken 95%
        2:  249:        rightmostLeaf = rightmostLeaf->next();
call    0 returned 100%
       37:  250:    if (rightmostLeaf->str() == "{" && rightmostLeaf->link())
call    0 returned 100%
call    1 returned 100%
branch  2 taken 0% (fallthrough)
branch  3 taken 100%
call    4 never executed
branch  5 never executed
branch  6 never executed
branch  7 taken 0% (fallthrough)
branch  8 taken 100%
    #####:  251:        rightmostLeaf = rightmostLeaf->link();
call    0 never executed
       37:  252:    return rightmostLeaf->next();
call    0 returned 100%
        -:  253:}
        -:  254:
function _Z19astParentSkipParensPK5Token called 0 returned 0% blocks executed 0%
    #####:  255:const Token* astParentSkipParens(const Token* tok)
        -:  256:{
    #####:  257:    return astParentSkipParens(const_cast<Token*>(tok));
call    0 never executed
        -:  258:}
function _Z19astParentSkipParensP5Token called 0 returned 0% blocks executed 0%
    #####:  259:Token* astParentSkipParens(Token* tok)
        -:  260:{
    #####:  261:    if (!tok)
branch  0 never executed
branch  1 never executed
    #####:  262:        return nullptr;
    #####:  263:    Token * parent = tok->astParent();
call    0 never executed
    #####:  264:    if (!Token::simpleMatch(parent, "("))
call    0 never executed
branch  1 never executed
branch  2 never executed
    #####:  265:        return parent;
    #####:  266:    if (parent->link() != nextAfterAstRightmostLeaf(tok))
call    0 never executed
call    1 never executed
branch  2 never executed
branch  3 never executed
    #####:  267:        return parent;
    #####:  268:    return astParentSkipParens(parent);
call    0 never executed
        -:  269:}
        -:  270:
function _ZL25getVariableInitExpressionPK8Variable called 0 returned 0% blocks executed 0%
    #####:  271:static const Token * getVariableInitExpression(const Variable * var)
        -:  272:{
    #####:  273:    if (!var || !var->declEndToken())
branch  0 never executed
branch  1 never executed
call    2 never executed
branch  3 never executed
branch  4 never executed
branch  5 never executed
branch  6 never executed
    #####:  274:        return nullptr;
    #####:  275:    if (Token::Match(var->declEndToken(), "; %varid% =", var->declarationId()))
call    0 never executed
call    1 never executed
call    2 never executed
branch  3 never executed
branch  4 never executed
    #####:  276:        return var->declEndToken()->tokAt(2)->astOperand2();
call    0 never executed
call    1 never executed
call    2 never executed
    #####:  277:    return var->declEndToken()->astOperand2();
call    0 never executed
call    1 never executed
        -:  278:}
        -:  279:
function _ZL17isInLoopConditionPK5Token called 0 returned 0% blocks executed 0%
    #####:  280:static bool isInLoopCondition(const Token * tok)
        -:  281:{
    #####:  282:    return Token::Match(tok->astTop()->previous(), "for|while (");
call    0 never executed
call    1 never executed
call    2 never executed
        -:  283:}
        -:  284:
        -:  285:/// If tok2 comes after tok1
function _Z8precedesPK5TokenS1_ called 309 returned 100% blocks executed 75%
      309:  286:bool precedes(const Token * tok1, const Token * tok2)
        -:  287:{
      309:  288:    if (!tok1)
branch  0 taken 0% (fallthrough)
branch  1 taken 100%
    #####:  289:        return false;
      309:  290:    if (!tok2)
branch  0 taken 0% (fallthrough)
branch  1 taken 100%
    #####:  291:        return false;
      309:  292:    return tok1->index() < tok2->index();
call    0 returned 100%
call    1 returned 100%
        -:  293:}
        -:  294:
function _Z9isAliasOfPK5Tokeni called 45 returned 100% blocks executed 71%
       45:  295:bool isAliasOf(const Token *tok, nonneg int varid)
        -:  296:{
       45:  297:    if (tok->varId() == varid)
call    0 returned 100%
branch  1 taken 0% (fallthrough)
branch  2 taken 100%
    #####:  298:        return false;
       45:  299:    if (tok->varId() == 0)
call    0 returned 100%
branch  1 taken 0% (fallthrough)
branch  2 taken 100%
    #####:  300:        return false;
       49:  301:    for (const ValueFlow::Value &val : tok->values()) {
call    0 returned 100%
call    1 returned 100%
call    2 returned 100%
call    3 returned 100%
branch  4 taken 8% (fallthrough)
branch  5 taken 92%
call    6 returned 100%
call    7 returned 100%
call    8 returned 100%
branch  9 taken 100%
branch 10 taken 0%
call   11 returned 100%
branch 12 taken 100%
branch 13 taken 0%
        4:  302:        if (!val.isLocalLifetimeValue())
call    0 returned 100%
branch  1 taken 100% (fallthrough)
branch  2 taken 0%
        4:  303:            continue;
    #####:  304:        if (val.isInconclusive())
call    0 never executed
branch  1 never executed
branch  2 never executed
    #####:  305:            continue;
    #####:  306:        if (val.tokvalue->varId() == varid)
call    0 never executed
branch  1 never executed
branch  2 never executed
    #####:  307:            return true;
        -:  308:    }
       45:  309:    return false;
        -:  310:}
        -:  311:
function _ZL9isAliasedPK5TokenS1_i called 0 returned 0% blocks executed 0%
    #####:  312:static bool isAliased(const Token *startTok, const Token *endTok, nonneg int varid)
        -:  313:{
    #####:  314:    if (!precedes(startTok, endTok))
call    0 never executed
branch  1 never executed
branch  2 never executed
    #####:  315:        return false;
    #####:  316:    for (const Token *tok = startTok; tok != endTok; tok = tok->next()) {
branch  0 never executed
branch  1 never executed
call    2 never executed
    #####:  317:        if (Token::Match(tok, "= & %varid% ;", varid))
call    0 never executed
branch  1 never executed
branch  2 never executed
    #####:  318:            return true;
    #####:  319:        if (isAliasOf(tok, varid))
call    0 never executed
branch  1 never executed
branch  2 never executed
    #####:  320:            return true;
        -:  321:    }
    #####:  322:    return false;
        -:  323:}
        -:  324:
function _Z9isAliasedPK8Variable called 0 returned 0% blocks executed 0%
    #####:  325:bool isAliased(const Variable *var)
        -:  326:{
    #####:  327:    if (!var)
branch  0 never executed
branch  1 never executed
    #####:  328:        return false;
    #####:  329:    if (!var->scope())
call    0 never executed
branch  1 never executed
branch  2 never executed
    #####:  330:        return false;
    #####:  331:    const Token *start = var->declEndToken();
call    0 never executed
    #####:  332:    if (!start)
branch  0 never executed
branch  1 never executed
    #####:  333:        return false;
    #####:  334:    return isAliased(start, var->scope()->bodyEnd, var->declarationId());
call    0 never executed
call    1 never executed
call    2 never executed
        -:  335:}
        -:  336:
function _ZL17exprDependsOnThisPK5Tokeni called 0 returned 0% blocks executed 0%
    #####:  337:static bool exprDependsOnThis(const Token *expr, nonneg int depth)
        -:  338:{
    #####:  339:    if (!expr)
branch  0 never executed
branch  1 never executed
    #####:  340:        return false;
    #####:  341:    if (depth >= 1000)
branch  0 never executed
branch  1 never executed
        -:  342:        // Abort recursion to avoid stack overflow
    #####:  343:        return true;
    #####:  344:    ++depth;
        -:  345:    // calling nonstatic method?
    #####:  346:    if (Token::Match(expr->previous(), "!!:: %name% (") && expr->function() && expr->function()->nestedIn && expr->function()->nestedIn->isClassOrStruct()) {
call    0 never executed
call    1 never executed
branch  2 never executed
branch  3 never executed
call    4 never executed
branch  5 never executed
branch  6 never executed
call    7 never executed
branch  8 never executed
branch  9 never executed
call   10 never executed
call   11 never executed
branch 12 never executed
branch 13 never executed
branch 14 never executed
branch 15 never executed
        -:  347:        // is it a method of this?
    #####:  348:        const Scope *nestedIn = expr->scope()->functionOf;
call    0 never executed
    #####:  349:        if (nestedIn && nestedIn->function)
branch  0 never executed
branch  1 never executed
branch  2 never executed
branch  3 never executed
    #####:  350:            nestedIn = nestedIn->function->token->scope();
call    0 never executed
    #####:  351:        while (nestedIn && nestedIn != expr->function()->nestedIn) {
branch  0 never executed
branch  1 never executed
call    2 never executed
branch  3 never executed
branch  4 never executed
branch  5 never executed
branch  6 never executed
    #####:  352:            nestedIn = nestedIn->nestedIn;
        -:  353:        }
    #####:  354:        return nestedIn == expr->function()->nestedIn;
call    0 never executed
        -:  355:    }
    #####:  356:    return exprDependsOnThis(expr->astOperand1(), depth) || exprDependsOnThis(expr->astOperand2(), depth);
call    0 never executed
call    1 never executed
branch  2 never executed
branch  3 never executed
call    4 never executed
call    5 never executed
branch  6 never executed
branch  7 never executed
        -:  357:}
        -:  358:
        -:  359:/// This takes a token that refers to a variable and it will return the token
        -:  360:/// to the expression that the variable is assigned to. If its not valid to
        -:  361:/// make such substitution then it will return the original token.
function _ZL24followVariableExpressionPK5TokenbS1_ called 0 returned 0% blocks executed 0%
    #####:  362:static const Token * followVariableExpression(const Token * tok, bool cpp, const Token * end = nullptr)
        -:  363:{
    #####:  364:    if (!tok)
branch  0 never executed
branch  1 never executed
    #####:  365:        return tok;
        -:  366:    // Skip following variables that is across multiple files
    #####:  367:    if (end && end->fileIndex() != tok->fileIndex())
branch  0 never executed
branch  1 never executed
call    2 never executed
call    3 never executed
branch  4 never executed
branch  5 never executed
branch  6 never executed
branch  7 never executed
    #####:  368:        return tok;
        -:  369:    // Skip array access
    #####:  370:    if (Token::Match(tok, "%var% ["))
call    0 never executed
branch  1 never executed
branch  2 never executed
branch  3 never executed
branch  4 never executed
    #####:  371:        return tok;
        -:  372:    // Skip pointer indirection
    #####:  373:    if (tok->astParent() && tok->isUnaryOp("*"))
call    0 never executed
branch  1 never executed
branch  2 never executed
call    3 never executed
call    4 never executed
branch  5 never executed
branch  6 never executed
call    7 never executed
branch  8 never executed
branch  9 never executed
branch 10 never executed
branch 11 never executed
branch 12 never executed
branch 13 never executed
call   14 never executed
branch 15 never executed
branch 16 never executed
call   17 never executed
branch 18 never executed
branch 19 never executed
branch 20 never executed
branch 21 never executed
call   22 never executed
branch 23 never executed
branch 24 never executed
call   25 never executed
    #####:  374:        return tok;
        -:  375:    // Skip following variables if it is used in an assignment
    #####:  376:    if (Token::Match(tok->next(), "%assign%"))
call    0 never executed
call    1 never executed
branch  2 never executed
branch  3 never executed
branch  4 never executed
branch  5 never executed
    #####:  377:        return tok;
    #####:  378:    const Variable * var = tok->variable();
call    0 never executed
    #####:  379:    const Token * varTok = getVariableInitExpression(var);
call    0 never executed
branch  1 never executed
branch  2 never executed
    #####:  380:    if (!varTok)
branch  0 never executed
branch  1 never executed
    #####:  381:        return tok;
        -:  382:    // Bailout. If variable value depends on value of "this".
    #####:  383:    if (exprDependsOnThis(varTok, 0))
call    0 never executed
branch  1 never executed
branch  2 never executed
branch  3 never executed
branch  4 never executed
    #####:  384:        return tok;
        -:  385:    // Skip array access
    #####:  386:    if (Token::simpleMatch(varTok, "["))
call    0 never executed
branch  1 never executed
branch  2 never executed
branch  3 never executed
branch  4 never executed
    #####:  387:        return tok;
    #####:  388:    if (var->isVolatile())
call    0 never executed
branch  1 never executed
branch  2 never executed
    #####:  389:        return tok;
    #####:  390:    if (!var->isLocal() && !var->isConst())
call    0 never executed
branch  1 never executed
branch  2 never executed
branch  3 never executed
branch  4 never executed
call    5 never executed
branch  6 never executed
branch  7 never executed
branch  8 never executed
branch  9 never executed
    #####:  391:        return tok;
    #####:  392:    if (var->isStatic() && !var->isConst())
call    0 never executed
branch  1 never executed
branch  2 never executed
call    3 never executed
branch  4 never executed
branch  5 never executed
branch  6 never executed
branch  7 never executed
    #####:  393:        return tok;
    #####:  394:    if (var->isArgument())
call    0 never executed
branch  1 never executed
branch  2 never executed
    #####:  395:        return tok;
    #####:  396:    const Token * lastTok = precedes(tok, end) ? end : tok;
call    0 never executed
branch  1 never executed
branch  2 never executed
        -:  397:    // If this is in a loop then check if variables are modified in the entire scope
    #####:  398:    const Token * endToken = (isInLoopCondition(tok) || isInLoopCondition(varTok) || var->scope() != tok->scope()) ? var->scope()->bodyEnd : lastTok;
call    0 never executed
branch  1 never executed
branch  2 never executed
branch  3 never executed
branch  4 never executed
call    5 never executed
branch  6 never executed
branch  7 never executed
branch  8 never executed
branch  9 never executed
call   10 never executed
call   11 never executed
branch 12 never executed
branch 13 never executed
call   14 never executed
    #####:  399:    if (!var->isConst() && (!precedes(varTok, endToken) || isVariableChanged(varTok, endToken, tok->varId(), false, nullptr, cpp)))
call    0 never executed
branch  1 never executed
branch  2 never executed
call    3 never executed
branch  4 never executed
branch  5 never executed
call    6 never executed
call    7 never executed
branch  8 never executed
branch  9 never executed
branch 10 never executed
branch 11 never executed
branch 12 never executed
branch 13 never executed
    #####:  400:        return tok;
    #####:  401:    if (precedes(varTok, endToken) && isAliased(varTok, endToken, tok->varId()))
call    0 never executed
branch  1 never executed
branch  2 never executed
call    3 never executed
call    4 never executed
branch  5 never executed
branch  6 never executed
branch  7 never executed
branch  8 never executed
branch  9 never executed
branch 10 never executed
    #####:  402:        return tok;
        -:  403:    // Start at beginning of initialization
    #####:  404:    const Token * startToken = varTok;
    #####:  405:    while (Token::Match(startToken, "%op%|.|(|{") && startToken->astOperand1())
call    0 never executed
branch  1 never executed
branch  2 never executed
branch  3 never executed
branch  4 never executed
call    5 never executed
branch  6 never executed
branch  7 never executed
branch  8 never executed
branch  9 never executed
    #####:  406:        startToken = startToken->astOperand1();
call    0 never executed
        -:  407:    // Skip if the variable its referring to is modified
    #####:  408:    for (const Token * tok2 = startToken; tok2 != endToken; tok2 = tok2->next()) {
branch  0 never executed
branch  1 never executed
call    2 never executed
    #####:  409:        if (Token::simpleMatch(tok2, ";"))
call    0 never executed
branch  1 never executed
branch  2 never executed
branch  3 never executed
branch  4 never executed
    #####:  410:            break;
    #####:  411:        if (tok2->astParent() && tok2->isUnaryOp("*"))
call    0 never executed
branch  1 never executed
branch  2 never executed
call    3 never executed
call    4 never executed
branch  5 never executed
branch  6 never executed
call    7 never executed
branch  8 never executed
branch  9 never executed
branch 10 never executed
branch 11 never executed
branch 12 never executed
branch 13 never executed
call   14 never executed
branch 15 never executed
branch 16 never executed
call   17 never executed
branch 18 never executed
branch 19 never executed
branch 20 never executed
branch 21 never executed
call   22 never executed
branch 23 never executed
branch 24 never executed
call   25 never executed
    #####:  412:            return tok;
    #####:  413:        if (tok2->tokType() == Token::eIncDecOp ||
call    0 never executed
branch  1 never executed
branch  2 never executed
branch  3 never executed
branch  4 never executed
    #####:  414:            tok2->isAssignmentOp() ||
branch  0 never executed
branch  1 never executed
call    2 never executed
branch  3 never executed
branch  4 never executed
    #####:  415:            Token::Match(tok2, "%name% .|[|++|--|%assign%")) {
call    0 never executed
branch  1 never executed
branch  2 never executed
    #####:  416:            return tok;
        -:  417:        }
        -:  418:
    #####:  419:        if (const Variable * var2 = tok2->variable()) {
call    0 never executed
branch  1 never executed
branch  2 never executed
    #####:  420:            if (!var2->scope())
call    0 never executed
branch  1 never executed
branch  2 never executed
    #####:  421:                return tok;
    #####:  422:            const Token * endToken2 = var2->scope() != tok->scope() ? var2->scope()->bodyEnd : endToken;
call    0 never executed
call    1 never executed
branch  2 never executed
branch  3 never executed
call    4 never executed
    #####:  423:            if (!var2->isLocal() && !var2->isConst() && !var2->isArgument())
call    0 never executed
branch  1 never executed
branch  2 never executed
branch  3 never executed
branch  4 never executed
call    5 never executed
branch  6 never executed
branch  7 never executed
call    8 never executed
branch  9 never executed
branch 10 never executed
branch 11 never executed
branch 12 never executed
    #####:  424:                return tok;
    #####:  425:            if (var2->isStatic() && !var2->isConst())
call    0 never executed
branch  1 never executed
branch  2 never executed
call    3 never executed
branch  4 never executed
branch  5 never executed
branch  6 never executed
branch  7 never executed
    #####:  426:                return tok;
    #####:  427:            if (!var2->isConst() && (!precedes(tok2, endToken2) || isVariableChanged(tok2, endToken2, tok2->varId(), false, nullptr, cpp)))
call    0 never executed
branch  1 never executed
branch  2 never executed
call    3 never executed
branch  4 never executed
branch  5 never executed
call    6 never executed
call    7 never executed
branch  8 never executed
branch  9 never executed
branch 10 never executed
branch 11 never executed
branch 12 never executed
branch 13 never executed
    #####:  428:                return tok;
    #####:  429:            if (precedes(tok2, endToken2) && isAliased(tok2, endToken2, tok2->varId()))
call    0 never executed
branch  1 never executed
branch  2 never executed
call    3 never executed
call    4 never executed
branch  5 never executed
branch  6 never executed
branch  7 never executed
branch  8 never executed
branch  9 never executed
branch 10 never executed
    #####:  430:                return tok;
        -:  431:            // Recognized as a variable but the declaration is unknown
    #####:  432:        } else if (tok2->varId() > 0) {
call    0 never executed
branch  1 never executed
branch  2 never executed
    #####:  433:            return tok;
    #####:  434:        } else if (tok2->tokType() == Token::eName && !Token::Match(tok2, "sizeof|decltype|typeof") && !tok2->function()) {
call    0 never executed
branch  1 never executed
branch  2 never executed
call    3 never executed
branch  4 never executed
branch  5 never executed
branch  6 never executed
branch  7 never executed
call    8 never executed
branch  9 never executed
branch 10 never executed
branch 11 never executed
branch 12 never executed
    #####:  435:            return tok;
        -:  436:        }
        -:  437:    }
    #####:  438:    return varTok;
        -:  439:}
        -:  440:
function _ZL29followVariableExpressionErrorPK5TokenS1_PNSt7__debug4listISt4pairIS1_NSt7__cxx1112basic_stringIcSt11char_traitsIcESaIcEEEESaISB_EEE called 0 returned 0% blocks executed 0%
    #####:  441:static void followVariableExpressionError(const Token *tok1, const Token *tok2, ErrorPath* errors)
        -:  442:{
    #####:  443:    if (!errors)
branch  0 never executed
branch  1 never executed
    #####:  444:        return;
call    0 never executed
    #####:  445:    if (!tok1)
branch  0 never executed
branch  1 never executed
    #####:  446:        return;
    #####:  447:    if (!tok2)
branch  0 never executed
branch  1 never executed
    #####:  448:        return;
    #####:  449:    ErrorPathItem item = std::make_pair(tok2, "'" + tok1->str() + "' is assigned value '" + tok2->expressionString() + "' here.");
call    0 never executed
branch  1 never executed
branch  2 never executed
call    3 never executed
call    4 never executed
branch  5 never executed
branch  6 never executed
call    7 never executed
branch  8 never executed
branch  9 never executed
call   10 never executed
branch 11 never executed
branch 12 never executed
call   13 never executed
branch 14 never executed
branch 15 never executed
call   16 never executed
branch 17 never executed
branch 18 never executed
call   19 never executed
call   20 never executed
call   21 never executed
call   22 never executed
call   23 never executed
call   24 never executed
call   25 never executed
call   26 never executed
call   27 never executed
call   28 never executed
    #####:  450:    if (std::find(errors->begin(), errors->end(), item) != errors->end())
call    0 never executed
call    1 never executed
call    2 never executed
call    3 never executed
branch  4 never executed
branch  5 never executed
call    6 never executed
call    7 never executed
call    8 never executed
call    9 never executed
call   10 never executed
branch 11 never executed
branch 12 never executed
call   13 never executed
call   14 never executed
call   15 never executed
    #####:  451:        return;
    #####:  452:    errors->push_back(item);
call    0 never executed
branch  1 never executed
branch  2 never executed
call    3 never executed
branch  4 never executed
branch  5 never executed
        -:  453:}
        -:  454:
        -:  455:template<class Predicate, class F>
function _Z14findTokenValueISt7_Mem_fnIMN9ValueFlow5ValueEKFbvEEZ22isDifferentKnownValuesPK5TokenS8_EUlRKS2_E_EvS8_T_T0_ called 14 returned 100% blocks executed 69%
function _Z14findTokenValueISt7_Mem_fnIMN9ValueFlow5ValueEKFbvEEZZ22isDifferentKnownValuesPK5TokenS8_ENKUlRKS2_E_clESA_EUlSA_E_EvS8_T_T0_ called 6 returned 100% blocks executed 74%
function _Z14findTokenValueISt7_Mem_fnIMN9ValueFlow5ValueEKFbvEEZ17isEqualKnownValuePK5TokenS8_EUlRKS2_E_EvS8_T_T0_ called 0 returned 0% blocks executed 0%
function _Z14findTokenValueISt7_Mem_fnIMN9ValueFlow5ValueEKFbvEEZZ17isEqualKnownValuePK5TokenS8_ENKUlRKS2_E_clESA_EUlSA_E_EvS8_T_T0_ called 0 returned 0% blocks executed 0%
       20:  456:static void findTokenValue(const Token* const tok, Predicate pred, F f)
        -:  457:{
       40:  458:    auto x = std::find_if(tok->values().begin(), tok->values().end(), pred);
call    0 returned 100%
call    1 returned 100%
call    2 returned 100%
call    3 returned 100%
call    4 returned 100%
branch  5 taken 100% (fallthrough)
branch  6 taken 0% (throw)
call    7 returned 100%
call    8 returned 100%
call    9 returned 100%
call   10 never executed
call   11 never executed
call   12 returned 100%
call   13 returned 100%
call   14 returned 100%
call   15 returned 100%
call   16 returned 100%
branch 17 taken 100% (fallthrough)
branch 18 taken 0% (throw)
call   19 returned 100%
call   20 returned 100%
call   21 returned 100%
call   22 never executed
call   23 never executed
call   24 never executed
call   25 never executed
call   26 never executed
call   27 never executed
branch 28 never executed
branch 29 never executed
call   30 never executed
call   31 never executed
call   32 never executed
call   33 never executed
call   34 never executed
call   35 never executed
call   36 never executed
call   37 never executed
call   38 never executed
call   39 never executed
branch 40 never executed
branch 41 never executed
call   42 never executed
call   43 never executed
call   44 never executed
call   45 never executed
       20:  459:    if (x != tok->values().end())
call    0 returned 100%
call    1 returned 100%
call    2 returned 100%
call    3 returned 100%
branch  4 taken 43% (fallthrough)
branch  5 taken 57%
call    6 returned 100%
call    7 returned 100%
call    8 returned 100%
call    9 returned 100%
branch 10 taken 33% (fallthrough)
branch 11 taken 67%
call   12 never executed
call   13 never executed
call   14 never executed
call   15 never executed
branch 16 never executed
branch 17 never executed
call   18 never executed
call   19 never executed
call   20 never executed
call   21 never executed
branch 22 never executed
branch 23 never executed
        8:  460:        f(*x);
call    0 returned 100%
call    1 returned 100%
branch  2 taken 100% (fallthrough)
branch  3 taken 0% (throw)
call    4 returned 100%
call    5 returned 100%
call    6 never executed
call    7 never executed
branch  8 never executed
branch  9 never executed
call   10 never executed
call   11 never executed
       20:  461:}
call    0 never executed
call    1 never executed
call    2 never executed
call    3 never executed
        -:  462:
function _Z17isEqualKnownValuePK5TokenS1_ called 0 returned 0% blocks executed 0%
    #####:  463:bool isEqualKnownValue(const Token * const tok1, const Token * const tok2)
        -:  464:{
    #####:  465:    bool result = false;
function _ZZ17isEqualKnownValuePK5TokenS1_ENKUlRKN9ValueFlow5ValueEE_clES5_ called 0 returned 0% blocks executed 0%
    #####:  466:    findTokenValue(tok1, std::mem_fn(&ValueFlow::Value::isKnown), [&](const ValueFlow::Value& v1) {
call    0 never executed
call    1 never executed
branch  2 never executed
branch  3 never executed
function _ZZZ17isEqualKnownValuePK5TokenS1_ENKUlRKN9ValueFlow5ValueEE_clES5_ENKUlS5_E_clES5_ called 0 returned 0% blocks executed 0%
    #####:  467:        findTokenValue(tok2, std::mem_fn(&ValueFlow::Value::isKnown), [&](const ValueFlow::Value& v2) {
call    0 never executed
call    1 never executed
    #####:  468:            result = v1.equalValue(v2);
call    0 never executed
    #####:  469:        });
    #####:  470:    });
    #####:  471:    return result;
        -:  472:}
        -:  473:
function _Z22isDifferentKnownValuesPK5TokenS1_ called 14 returned 100% blocks executed 100%
       14:  474:bool isDifferentKnownValues(const Token * const tok1, const Token * const tok2)
        -:  475:{
       14:  476:    bool result = false;
function _ZZ22isDifferentKnownValuesPK5TokenS1_ENKUlRKN9ValueFlow5ValueEE_clES5_ called 6 returned 100% blocks executed 100%
       20:  477:    findTokenValue(tok1, std::mem_fn(&ValueFlow::Value::isKnown), [&](const ValueFlow::Value& v1) {
call    0 returned 100%
call    1 returned 100%
branch  2 taken 100% (fallthrough)
branch  3 taken 0% (throw)
function _ZZZ22isDifferentKnownValuesPK5TokenS1_ENKUlRKN9ValueFlow5ValueEE_clES5_ENKUlS5_E_clES5_ called 2 returned 100% blocks executed 100%
        8:  478:        findTokenValue(tok2, std::mem_fn(&ValueFlow::Value::isKnown), [&](const ValueFlow::Value& v2) {
call    0 returned 100%
call    1 returned 100%
        8:  479:            result = !v1.equalValue(v2);
call    0 returned 100%
        2:  480:        });
        6:  481:    });
       14:  482:    return result;
        -:  483:}
        -:  484:
function _Z16isSameExpressionbbPK5TokenS1_RK7LibrarybbPNSt7__debug4listISt4pairIS1_NSt7__cxx1112basic_stringIcSt11char_traitsIcESaIcEEEESaISE_EEE called 74 returned 100% blocks executed 32%
       74:  485:bool isSameExpression(bool cpp, bool macro, const Token *tok1, const Token *tok2, const Library& library, bool pure, bool followVar, ErrorPath* errors)
        -:  486:{
       74:  487:    if (tok1 == nullptr && tok2 == nullptr)
branch  0 taken 54% (fallthrough)
branch  1 taken 46%
branch  2 taken 100% (fallthrough)
branch  3 taken 0%
       40:  488:        return true;
       34:  489:    if (tok1 == nullptr || tok2 == nullptr)
branch  0 taken 100% (fallthrough)
branch  1 taken 0%
branch  2 taken 0% (fallthrough)
branch  3 taken 100%
    #####:  490:        return false;
       34:  491:    if (cpp) {
branch  0 taken 24% (fallthrough)
branch  1 taken 76%
        8:  492:        if (tok1->str() == "." && tok1->astOperand1() && tok1->astOperand1()->str() == "this")
call    0 returned 100%
call    1 returned 100%
branch  2 taken 0% (fallthrough)
branch  3 taken 100%
call    4 never executed
branch  5 never executed
branch  6 never executed
call    7 never executed
call    8 never executed
call    9 never executed
branch 10 never executed
branch 11 never executed
branch 12 taken 0% (fallthrough)
branch 13 taken 100%
    #####:  493:            tok1 = tok1->astOperand2();
call    0 never executed
        8:  494:        if (tok2->str() == "." && tok2->astOperand1() && tok2->astOperand1()->str() == "this")
call    0 returned 100%
call    1 returned 100%
branch  2 taken 0% (fallthrough)
branch  3 taken 100%
call    4 never executed
branch  5 never executed
branch  6 never executed
call    7 never executed
call    8 never executed
call    9 never executed
branch 10 never executed
branch 11 never executed
branch 12 taken 0% (fallthrough)
branch 13 taken 100%
    #####:  495:            tok2 = tok2->astOperand2();
call    0 never executed
        -:  496:    }
        -:  497:    // Skip double not
       34:  498:    if (Token::simpleMatch(tok1, "!") && Token::simpleMatch(tok1->astOperand1(), "!") && !Token::simpleMatch(tok1->astParent(), "=")) {
call    0 returned 100%
branch  1 taken 0% (fallthrough)
branch  2 taken 100%
call    3 never executed
call    4 never executed
branch  5 never executed
branch  6 never executed
call    7 never executed
call    8 never executed
branch  9 never executed
branch 10 never executed
branch 11 taken 0% (fallthrough)
branch 12 taken 100%
    #####:  499:        return isSameExpression(cpp, macro, tok1->astOperand1()->astOperand1(), tok2, library, pure, followVar, errors);
call    0 never executed
call    1 never executed
call    2 never executed
        -:  500:    }
       34:  501:    if (Token::simpleMatch(tok2, "!") && Token::simpleMatch(tok2->astOperand1(), "!") && !Token::simpleMatch(tok2->astParent(), "=")) {
call    0 returned 100%
branch  1 taken 0% (fallthrough)
branch  2 taken 100%
call    3 never executed
call    4 never executed
branch  5 never executed
branch  6 never executed
call    7 never executed
call    8 never executed
branch  9 never executed
branch 10 never executed
branch 11 taken 0% (fallthrough)
branch 12 taken 100%
    #####:  502:        return isSameExpression(cpp, macro, tok1, tok2->astOperand1()->astOperand1(), library, pure, followVar, errors);
call    0 never executed
call    1 never executed
call    2 never executed
        -:  503:    }
       34:  504:    if (tok1->str() != tok2->str() && isDifferentKnownValues(tok1, tok2))
call    0 returned 100%
call    1 returned 100%
call    2 returned 100%
branch  3 taken 41% (fallthrough)
branch  4 taken 59%
call    5 returned 100%
branch  6 taken 14% (fallthrough)
branch  7 taken 86%
branch  8 taken 6% (fallthrough)
branch  9 taken 94%
        2:  505:        return false;
        -:  506:    // Follow variable
       32:  507:    if (followVar && tok1->str() != tok2->str() && (Token::Match(tok1, "%var%") || Token::Match(tok2, "%var%"))) {
branch  0 taken 13% (fallthrough)
branch  1 taken 88%
call    2 returned 100%
call    3 returned 100%
call    4 returned 100%
branch  5 taken 50% (fallthrough)
branch  6 taken 50%
call    7 returned 100%
branch  8 taken 100% (fallthrough)
branch  9 taken 0%
call   10 returned 100%
branch 11 taken 0% (fallthrough)
branch 12 taken 100%
branch 13 taken 0% (fallthrough)
branch 14 taken 100%
    #####:  508:        const Token * varTok1 = followVariableExpression(tok1, cpp, tok2);
call    0 never executed
    #####:  509:        if (varTok1->str() == tok2->str()) {
call    0 never executed
call    1 never executed
call    2 never executed
branch  3 never executed
branch  4 never executed
    #####:  510:            followVariableExpressionError(tok1, varTok1, errors);
call    0 never executed
    #####:  511:            return isSameExpression(cpp, macro, varTok1, tok2, library, true, followVar, errors);
call    0 never executed
        -:  512:        }
    #####:  513:        const Token * varTok2 = followVariableExpression(tok2, cpp, tok1);
call    0 never executed
    #####:  514:        if (tok1->str() == varTok2->str()) {
call    0 never executed
call    1 never executed
call    2 never executed
branch  3 never executed
branch  4 never executed
    #####:  515:            followVariableExpressionError(tok2, varTok2, errors);
call    0 never executed
    #####:  516:            return isSameExpression(cpp, macro, tok1, varTok2, library, true, followVar, errors);
call    0 never executed
        -:  517:        }
    #####:  518:        if (varTok1->str() == varTok2->str()) {
call    0 never executed
call    1 never executed
call    2 never executed
branch  3 never executed
branch  4 never executed
    #####:  519:            followVariableExpressionError(tok1, varTok1, errors);
call    0 never executed
    #####:  520:            followVariableExpressionError(tok2, varTok2, errors);
call    0 never executed
    #####:  521:            return isSameExpression(cpp, macro, varTok1, varTok2, library, true, followVar, errors);
call    0 never executed
        -:  522:        }
        -:  523:    }
       32:  524:    if (tok1->varId() != tok2->varId() || tok1->str() != tok2->str() || tok1->originalName() != tok2->originalName()) {
call    0 returned 100%
call    1 returned 100%
branch  2 taken 69% (fallthrough)
branch  3 taken 31%
call    4 returned 100%
call    5 returned 100%
call    6 returned 100%
branch  7 taken 91% (fallthrough)
branch  8 taken 9%
call    9 returned 100%
call   10 returned 100%
call   11 returned 100%
branch 12 taken 0% (fallthrough)
branch 13 taken 100%
branch 14 taken 38% (fallthrough)
branch 15 taken 63%
       24:  525:        if ((Token::Match(tok1,"<|>")   && Token::Match(tok2,"<|>")) ||
call    0 returned 100%
branch  1 taken 0% (fallthrough)
branch  2 taken 100%
call    3 never executed
branch  4 never executed
branch  5 never executed
branch  6 taken 0% (fallthrough)
branch  7 taken 100%
branch  8 taken 0% (fallthrough)
branch  9 taken 100%
       12:  526:            (Token::Match(tok1,"<=|>=") && Token::Match(tok2,"<=|>="))) {
call    0 returned 100%
call    1 never executed
branch  2 never executed
branch  3 never executed
    #####:  527:            return isSameExpression(cpp, macro, tok1->astOperand1(), tok2->astOperand2(), library, pure, followVar, errors) &&
call    0 never executed
call    1 never executed
call    2 never executed
branch  3 never executed
branch  4 never executed
branch  5 never executed
branch  6 never executed
    #####:  528:                   isSameExpression(cpp, macro, tok1->astOperand2(), tok2->astOperand1(), library, pure, followVar, errors);
call    0 never executed
call    1 never executed
call    2 never executed
        -:  529:        }
       12:  530:        return false;
        -:  531:    }
       20:  532:    if (macro && (tok1->isExpandedMacro() || tok2->isExpandedMacro() || tok1->isTemplateArg() || tok2->isTemplateArg()))
branch  0 taken 10% (fallthrough)
branch  1 taken 90%
call    2 returned 100%
branch  3 taken 100% (fallthrough)
branch  4 taken 0%
call    5 returned 100%
branch  6 taken 100% (fallthrough)
branch  7 taken 0%
call    8 returned 100%
branch  9 taken 100% (fallthrough)
branch 10 taken 0%
call   11 returned 100%
branch 12 taken 0% (fallthrough)
branch 13 taken 100%
branch 14 taken 0% (fallthrough)
branch 15 taken 100%
    #####:  533:        return false;
       20:  534:    if (tok1->isComplex() != tok2->isComplex())
call    0 returned 100%
call    1 returned 100%
branch  2 taken 0% (fallthrough)
branch  3 taken 100%
    #####:  535:        return false;
       20:  536:    if (tok1->isLong() != tok2->isLong())
call    0 returned 100%
call    1 returned 100%
branch  2 taken 0% (fallthrough)
branch  3 taken 100%
    #####:  537:        return false;
       20:  538:    if (tok1->isUnsigned() != tok2->isUnsigned())
call    0 returned 100%
call    1 returned 100%
branch  2 taken 0% (fallthrough)
branch  3 taken 100%
    #####:  539:        return false;
       20:  540:    if (tok1->isSigned() != tok2->isSigned())
call    0 returned 100%
call    1 returned 100%
branch  2 taken 0% (fallthrough)
branch  3 taken 100%
    #####:  541:        return false;
       20:  542:    if (pure && tok1->isName() && tok1->next()->str() == "(" && tok1->str() != "sizeof") {
branch  0 taken 10% (fallthrough)
branch  1 taken 90%
call    2 returned 100%
branch  3 taken 100% (fallthrough)
branch  4 taken 0%
call    5 returned 100%
call    6 returned 100%
call    7 returned 100%
branch  8 taken 0% (fallthrough)
branch  9 taken 100%
call   10 never executed
call   11 never executed
branch 12 never executed
branch 13 never executed
branch 14 taken 0% (fallthrough)
branch 15 taken 100%
    #####:  543:        if (!tok1->function()) {
call    0 never executed
branch  1 never executed
branch  2 never executed
    #####:  544:            if (Token::simpleMatch(tok1->previous(), ".")) {
call    0 never executed
call    1 never executed
branch  2 never executed
branch  3 never executed
    #####:  545:                const Token *lhs = tok1->previous();
call    0 never executed
    #####:  546:                while (Token::Match(lhs, "(|.|["))
call    0 never executed
branch  1 never executed
branch  2 never executed
    #####:  547:                    lhs = lhs->astOperand1();
call    0 never executed
    #####:  548:                const bool lhsIsConst = (lhs->variable() && lhs->variable()->isConst()) ||
call    0 never executed
call    1 never executed
call    2 never executed
branch  3 never executed
branch  4 never executed
branch  5 never executed
branch  6 never executed
    #####:  549:                                        (lhs->valueType() && lhs->valueType()->constness > 0) ||
branch  0 never executed
branch  1 never executed
call    2 never executed
call    3 never executed
branch  4 never executed
branch  5 never executed
branch  6 never executed
branch  7 never executed
    #####:  550:                                        (Token::Match(lhs, "%var% . %name% (") && library.isFunctionConst(lhs->tokAt(2)));
call    0 never executed
call    1 never executed
call    2 never executed
branch  3 never executed
branch  4 never executed
    #####:  551:                if (!lhsIsConst)
branch  0 never executed
branch  1 never executed
    #####:  552:                    return false;
        -:  553:            } else {
    #####:  554:                const Token * ftok = tok1;
    #####:  555:                if (Token::simpleMatch(tok1->previous(), "::"))
call    0 never executed
call    1 never executed
branch  2 never executed
branch  3 never executed
    #####:  556:                    ftok = tok1->previous();
call    0 never executed
    #####:  557:                if (!library.isFunctionConst(ftok) && !ftok->isAttributeConst() && !ftok->isAttributePure())
call    0 never executed
branch  1 never executed
branch  2 never executed
call    3 never executed
branch  4 never executed
branch  5 never executed
call    6 never executed
branch  7 never executed
branch  8 never executed
branch  9 never executed
branch 10 never executed
    #####:  558:                    return false;
        -:  559:            }
        -:  560:        } else {
    #####:  561:            if (tok1->function() && !tok1->function()->isConst() && !tok1->function()->isAttributeConst() && !tok1->function()->isAttributePure())
call    0 never executed
branch  1 never executed
branch  2 never executed
call    3 never executed
call    4 never executed
branch  5 never executed
branch  6 never executed
call    7 never executed
call    8 never executed
branch  9 never executed
branch 10 never executed
call   11 never executed
call   12 never executed
branch 13 never executed
branch 14 never executed
branch 15 never executed
branch 16 never executed
    #####:  562:                return false;
        -:  563:        }
        -:  564:    }
        -:  565:    // templates/casts
       40:  566:    if ((Token::Match(tok1, "%name% <") && tok1->next()->link()) ||
call    0 returned 100%
branch  1 taken 10% (fallthrough)
branch  2 taken 90%
call    3 returned 100%
call    4 returned 100%
branch  5 taken 100% (fallthrough)
branch  6 taken 0%
branch  7 taken 5% (fallthrough)
branch  8 taken 95%
branch  9 taken 0% (fallthrough)
branch 10 taken 100%
       21:  567:        (Token::Match(tok2, "%name% <") && tok2->next()->link())) {
call    0 returned 100%
call    1 returned 100%
call    2 returned 100%
branch  3 taken 0% (fallthrough)
branch  4 taken 100%
        -:  568:
        -:  569:        // non-const template function that is not a dynamic_cast => return false
    #####:  570:        if (pure && Token::simpleMatch(tok1->next()->link(), "> (") &&
call    0 never executed
call    1 never executed
call    2 never executed
branch  3 never executed
branch  4 never executed
branch  5 never executed
branch  6 never executed
branch  7 never executed
branch  8 never executed
    #####:  571:            !(tok1->function() && tok1->function()->isConst()) &&
branch  0 never executed
branch  1 never executed
call    2 never executed
call    3 never executed
call    4 never executed
branch  5 never executed
branch  6 never executed
branch  7 never executed
branch  8 never executed
    #####:  572:            tok1->str() != "dynamic_cast")
call    0 never executed
call    1 never executed
    #####:  573:            return false;
        -:  574:
        -:  575:        // some template/cast stuff.. check that the template arguments are same
    #####:  576:        const Token *t1 = tok1->next();
call    0 never executed
    #####:  577:        const Token *t2 = tok2->next();
call    0 never executed
    #####:  578:        const Token *end1 = t1->link();
call    0 never executed
    #####:  579:        const Token *end2 = t2->link();
call    0 never executed
    #####:  580:        while (t1 && t2 && t1 != end1 && t2 != end2) {
branch  0 never executed
branch  1 never executed
branch  2 never executed
branch  3 never executed
branch  4 never executed
branch  5 never executed
branch  6 never executed
branch  7 never executed
    #####:  581:            if (t1->str() != t2->str())
call    0 never executed
call    1 never executed
call    2 never executed
branch  3 never executed
branch  4 never executed
    #####:  582:                return false;
    #####:  583:            t1 = t1->next();
call    0 never executed
    #####:  584:            t2 = t2->next();
call    0 never executed
        -:  585:        }
    #####:  586:        if (t1 != end1 || t2 != end2)
branch  0 never executed
branch  1 never executed
branch  2 never executed
branch  3 never executed
    #####:  587:            return false;
        -:  588:    }
       20:  589:    if (tok1->tokType() == Token::eIncDecOp || tok1->isAssignmentOp())
call    0 returned 100%
branch  1 taken 100% (fallthrough)
branch  2 taken 0%
call    3 returned 100%
branch  4 taken 0% (fallthrough)
branch  5 taken 100%
branch  6 taken 0% (fallthrough)
branch  7 taken 100%
    #####:  590:        return false;
        -:  591:    // bailout when we see ({..})
       20:  592:    if (tok1->str() == "{")
call    0 returned 100%
call    1 returned 100%
branch  2 taken 0% (fallthrough)
branch  3 taken 100%
    #####:  593:        return false;
        -:  594:    // cast => assert that the casts are equal
       40:  595:    if (tok1->str() == "(" && tok1->previous() &&
call    0 returned 100%
call    1 returned 100%
call    2 never executed
branch  3 never executed
branch  4 never executed
branch  5 never executed
branch  6 never executed
branch  7 taken 0% (fallthrough)
branch  8 taken 100%
       20:  596:        !tok1->previous()->isName() &&
branch  0 taken 0% (fallthrough)
branch  1 taken 100%
call    2 never executed
call    3 never executed
branch  4 never executed
branch  5 never executed
    #####:  597:        !(tok1->previous()->str() == ">" && tok1->previous()->link())) {
call    0 never executed
call    1 never executed
call    2 never executed
call    3 never executed
call    4 never executed
branch  5 never executed
branch  6 never executed
    #####:  598:        const Token *t1 = tok1->next();
call    0 never executed
    #####:  599:        const Token *t2 = tok2->next();
call    0 never executed
    #####:  600:        while (t1 && t2 &&
branch  0 never executed
branch  1 never executed
branch  2 never executed
branch  3 never executed
    #####:  601:               t1->str() == t2->str() &&
call    0 never executed
call    1 never executed
call    2 never executed
branch  3 never executed
branch  4 never executed
    #####:  602:               t1->isLong() == t2->isLong() &&
call    0 never executed
call    1 never executed
branch  2 never executed
branch  3 never executed
    #####:  603:               t1->isUnsigned() == t2->isUnsigned() &&
call    0 never executed
call    1 never executed
branch  2 never executed
branch  3 never executed
    #####:  604:               t1->isSigned() == t2->isSigned() &&
branch  0 never executed
branch  1 never executed
call    2 never executed
call    3 never executed
branch  4 never executed
branch  5 never executed
branch  6 never executed
branch  7 never executed
    #####:  605:               (t1->isName() || t1->str() == "*")) {
call    0 never executed
call    1 never executed
call    2 never executed
branch  3 never executed
branch  4 never executed
    #####:  606:            t1 = t1->next();
call    0 never executed
    #####:  607:            t2 = t2->next();
call    0 never executed
        -:  608:        }
    #####:  609:        if (!t1 || !t2 || t1->str() != ")" || t2->str() != ")")
branch  0 never executed
branch  1 never executed
branch  2 never executed
branch  3 never executed
call    4 never executed
call    5 never executed
branch  6 never executed
branch  7 never executed
call    8 never executed
call    9 never executed
branch 10 never executed
branch 11 never executed
branch 12 never executed
branch 13 never executed
    #####:  610:            return false;
        -:  611:    }
        -:  612:    bool noncommutativeEquals =
       20:  613:        isSameExpression(cpp, macro, tok1->astOperand1(), tok2->astOperand1(), library, pure, followVar, errors);
call    0 returned 100%
call    1 returned 100%
call    2 returned 100%
       40:  614:    noncommutativeEquals = noncommutativeEquals &&
branch  0 taken 100% (fallthrough)
branch  1 taken 0%
branch  2 taken 100% (fallthrough)
branch  3 taken 0%
       20:  615:                           isSameExpression(cpp, macro, tok1->astOperand2(), tok2->astOperand2(), library, pure, followVar, errors);
call    0 returned 100%
call    1 returned 100%
call    2 returned 100%
        -:  616:
       20:  617:    if (noncommutativeEquals)
branch  0 taken 100% (fallthrough)
branch  1 taken 0%
       20:  618:        return true;
        -:  619:
        -:  620:    // in c++, a+b might be different to b+a, depending on the type of a and b
    #####:  621:    if (cpp && tok1->str() == "+" && tok1->isBinaryOp()) {
branch  0 never executed
branch  1 never executed
call    2 never executed
call    3 never executed
branch  4 never executed
branch  5 never executed
call    6 never executed
branch  7 never executed
branch  8 never executed
branch  9 never executed
branch 10 never executed
    #####:  622:        const ValueType* vt1 = tok1->astOperand1()->valueType();
call    0 never executed
call    1 never executed
    #####:  623:        const ValueType* vt2 = tok1->astOperand2()->valueType();
call    0 never executed
call    1 never executed
    #####:  624:        if (!(vt1 && (vt1->type >= ValueType::VOID || vt1->pointer) && vt2 && (vt2->type >= ValueType::VOID || vt2->pointer)))
branch  0 never executed
branch  1 never executed
branch  2 never executed
branch  3 never executed
branch  4 never executed
branch  5 never executed
branch  6 never executed
branch  7 never executed
branch  8 never executed
branch  9 never executed
branch 10 never executed
branch 11 never executed
    #####:  625:            return false;
        -:  626:    }
        -:  627:
    #####:  628:    const bool commutative = tok1->isBinaryOp() && Token::Match(tok1, "%or%|%oror%|+|*|&|&&|^|==|!=");
call    0 never executed
branch  1 never executed
branch  2 never executed
call    3 never executed
branch  4 never executed
branch  5 never executed
    #####:  629:    bool commutativeEquals = commutative &&
branch  0 never executed
branch  1 never executed
branch  2 never executed
branch  3 never executed
    #####:  630:                             isSameExpression(cpp, macro, tok1->astOperand2(), tok2->astOperand1(), library, pure, followVar, errors);
call    0 never executed
call    1 never executed
call    2 never executed
    #####:  631:    commutativeEquals = commutativeEquals &&
branch  0 never executed
branch  1 never executed
branch  2 never executed
branch  3 never executed
    #####:  632:                        isSameExpression(cpp, macro, tok1->astOperand1(), tok2->astOperand2(), library, pure, followVar, errors);
call    0 never executed
call    1 never executed
call    2 never executed
        -:  633:
        -:  634:
    #####:  635:    return commutativeEquals;
        -:  636:}
        -:  637:
function _ZL15isZeroBoundCondPK5Token called 0 returned 0% blocks executed 0%
    #####:  638:static bool isZeroBoundCond(const Token * const cond)
        -:  639:{
    #####:  640:    if (cond == nullptr)
branch  0 never executed
branch  1 never executed
    #####:  641:        return false;
        -:  642:    // Assume unsigned
        -:  643:    // TODO: Handle reverse conditions
    #####:  644:    const bool isZero = cond->astOperand2()->getValue(0);
call    0 never executed
call    1 never executed
    #####:  645:    if (cond->str() == "==" || cond->str() == ">=")
call    0 never executed
call    1 never executed
branch  2 never executed
branch  3 never executed
call    4 never executed
call    5 never executed
branch  6 never executed
branch  7 never executed
branch  8 never executed
branch  9 never executed
    #####:  646:        return isZero;
    #####:  647:    if (cond->str() == "<=")
call    0 never executed
call    1 never executed
branch  2 never executed
branch  3 never executed
    #####:  648:        return true;
    #####:  649:    if (cond->str() == "<")
call    0 never executed
call    1 never executed
branch  2 never executed
branch  3 never executed
    #####:  650:        return !isZero;
    #####:  651:    if (cond->str() == ">")
call    0 never executed
call    1 never executed
branch  2 never executed
branch  3 never executed
    #####:  652:        return false;
    #####:  653:    return false;
        -:  654:}
        -:  655:
function _Z14isOppositeCondbbPK5TokenS1_RK7LibrarybbPNSt7__debug4listISt4pairIS1_NSt7__cxx1112basic_stringIcSt11char_traitsIcESaIcEEEESaISE_EEE called 2 returned 100% blocks executed 16%
        2:  656:bool isOppositeCond(bool isNot, bool cpp, const Token * const cond1, const Token * const cond2, const Library& library, bool pure, bool followVar, ErrorPath* errors)
        -:  657:{
        2:  658:    if (!cond1 || !cond2)
branch  0 taken 100% (fallthrough)
branch  1 taken 0%
branch  2 taken 0% (fallthrough)
branch  3 taken 100%
    #####:  659:        return false;
        -:  660:
        2:  661:    if (cond1->str() == "!") {
call    0 returned 100%
call    1 returned 100%
branch  2 taken 0% (fallthrough)
branch  3 taken 100%
    #####:  662:        if (cond2->str() == "!=") {
call    0 never executed
call    1 never executed
branch  2 never executed
branch  3 never executed
    #####:  663:            if (cond2->astOperand1() && cond2->astOperand1()->str() == "0")
call    0 never executed
branch  1 never executed
branch  2 never executed
call    3 never executed
call    4 never executed
call    5 never executed
branch  6 never executed
branch  7 never executed
branch  8 never executed
branch  9 never executed
    #####:  664:                return isSameExpression(cpp, true, cond1->astOperand1(), cond2->astOperand2(), library, pure, followVar, errors);
call    0 never executed
call    1 never executed
call    2 never executed
branch  3 never executed
branch  4 never executed
    #####:  665:            if (cond2->astOperand2() && cond2->astOperand2()->str() == "0")
call    0 never executed
branch  1 never executed
branch  2 never executed
call    3 never executed
call    4 never executed
call    5 never executed
branch  6 never executed
branch  7 never executed
branch  8 never executed
branch  9 never executed
    #####:  666:                return isSameExpression(cpp, true, cond1->astOperand1(), cond2->astOperand1(), library, pure, followVar, errors);
call    0 never executed
call    1 never executed
call    2 never executed
branch  3 never executed
branch  4 never executed
        -:  667:        }
    #####:  668:        return isSameExpression(cpp, true, cond1->astOperand1(), cond2, library, pure, followVar, errors);
call    0 never executed
call    1 never executed
branch  2 never executed
branch  3 never executed
        -:  669:    }
        -:  670:
        2:  671:    if (cond2->str() == "!")
call    0 returned 100%
call    1 returned 100%
branch  2 taken 0% (fallthrough)
branch  3 taken 100%
    #####:  672:        return isOppositeCond(isNot, cpp, cond2, cond1, library, pure, followVar, errors);
call    0 never executed
[...]
call    5 never executed
branch  6 never executed
branch  7 never executed
branch  8 never executed
branch  9 never executed
branch 10 never executed
branch 11 never executed
    #####: 1843:                globalData = true;
    #####: 1844:                return ChildrenToVisit::none;
        -: 1845:            }
    #####: 1846:            if (tok->variable()->isPointerArray()) {
call    0 never executed
call    1 never executed
branch  2 never executed
branch  3 never executed
    #####: 1847:                globalData = true;
    #####: 1848:                return ChildrenToVisit::none;
        -: 1849:            }
        -: 1850:        }
        -: 1851:        // Unknown argument type => it might be some reference type..
    #####: 1852:        if (mCpp && tok->str() == "." && tok->astOperand1() && tok->astOperand1()->variable() && !tok->astOperand1()->valueType()) {
branch  0 never executed
branch  1 never executed
call    2 never executed
call    3 never executed
branch  4 never executed
branch  5 never executed
call    6 never executed
branch  7 never executed
branch  8 never executed
call    9 never executed
call   10 never executed
branch 11 never executed
branch 12 never executed
call   13 never executed
call   14 never executed
branch 15 never executed
branch 16 never executed
branch 17 never executed
branch 18 never executed
    #####: 1853:            globalData = true;
    #####: 1854:            return ChildrenToVisit::none;
        -: 1855:        }
    #####: 1856:        if (Token::Match(tok, ".|["))
call    0 never executed
branch  1 never executed
branch  2 never executed
    #####: 1857:            return ChildrenToVisit::op1;
    #####: 1858:        return ChildrenToVisit::op1_and_op2;
        -: 1859:    });
    #####: 1860:    return globalData;
        -: 1861:}
        -: 1862:
function _ZN11FwdAnalysis5checkEPK5TokenS2_S2_ called 31 returned 100% blocks executed 44%
       31: 1863:FwdAnalysis::Result FwdAnalysis::check(const Token *expr, const Token *startToken, const Token *endToken)
        -: 1864:{
        -: 1865:    // all variable ids in expr.
       62: 1866:    std::set<int> exprVarIds;
call    0 returned 100%
call    1 returned 100%
call    2 never executed
       31: 1867:    bool local = true;
       31: 1868:    bool unknownVarId = false;
       31: 1869:    visitAstNodes(expr,
call    0 returned 100%
branch  1 taken 100% (fallthrough)
branch  2 taken 0% (throw)
call    3 returned 100%
branch  4 taken 100% (fallthrough)
branch  5 taken 0% (throw)
call    6 returned 100%
call    7 never executed
function _ZZN11FwdAnalysis5checkEPK5TokenS2_S2_ENKUlS2_E_clES2_ called 38 returned 100% blocks executed 68%
       38: 1870:    [&](const Token *tok) {
       38: 1871:        if (tok->varId() == 0 && tok->isName() && tok->previous()->str() != ".") {
call    0 returned 100%
branch  1 taken 24% (fallthrough)
branch  2 taken 76%
call    3 returned 100%
branch  4 taken 33% (fallthrough)
branch  5 taken 67%
call    6 returned 100%
call    7 returned 100%
call    8 returned 100%
branch  9 taken 100% (fallthrough)
branch 10 taken 0%
branch 11 taken 8% (fallthrough)
branch 12 taken 92%
        -: 1872:            // unknown variable
        3: 1873:            unknownVarId = true;
        3: 1874:            return ChildrenToVisit::none;
        -: 1875:        }
       35: 1876:        if (tok->varId() > 0) {
call    0 returned 100%
branch  1 taken 83% (fallthrough)
branch  2 taken 17%
       29: 1877:            exprVarIds.insert(tok->varId());
call    0 returned 100%
call    1 returned 100%
branch  2 taken 100% (fallthrough)
branch  3 taken 0% (throw)
call    4 returned 100%
call    5 never executed
       29: 1878:            if (!Token::simpleMatch(tok->previous(), ".")) {
call    0 returned 100%
call    1 returned 100%
branch  2 taken 97% (fallthrough)
branch  3 taken 3%
       28: 1879:                const Variable *var = tok->variable();
call    0 returned 100%
       28: 1880:                if (var && var->isReference() && var->isLocal() && Token::Match(var->nameToken(), "%var% [=(]") && !isGlobalData(var->nameToken()->next()->astOperand2()))
branch  0 taken 100% (fallthrough)
branch  1 taken 0%
call    2 returned 100%
branch  3 taken 0% (fallthrough)
branch  4 taken 100%
call    5 never executed
branch  6 never executed
branch  7 never executed
call    8 never executed
call    9 never executed
branch 10 never executed
branch 11 never executed
call   12 never executed
call   13 never executed
call   14 never executed
call   15 never executed
branch 16 never executed
branch 17 never executed
branch 18 taken 0% (fallthrough)
branch 19 taken 100%
    #####: 1881:                    return ChildrenToVisit::none;
       28: 1882:                const bool deref = tok->astParent() && (tok->astParent()->isUnaryOp("*") || (tok->astParent()->str() == "[" && tok == tok->astParent()->astOperand1()));
call    0 returned 100%
branch  1 taken 100% (fallthrough)
branch  2 taken 0%
call    3 returned 100%
call    4 returned 100%
call    5 returned 100%
branch  6 taken 100% (fallthrough)
branch  7 taken 0% (throw)
call    8 returned 100%
branch  9 taken 100% (fallthrough)
branch 10 taken 0% (throw)
branch 11 taken 82% (fallthrough)
branch 12 taken 18%
call   13 returned 100%
call   14 returned 100%
call   15 returned 100%
branch 16 taken 0% (fallthrough)
branch 17 taken 100%
call   18 never executed
call   19 never executed
branch 20 never executed
branch 21 never executed
branch 22 taken 100% (fallthrough)
branch 23 taken 0%
call   24 returned 100%
branch 25 taken 100% (fallthrough)
branch 26 taken 0%
call   27 returned 100%
branch 28 never executed
branch 29 never executed
call   30 never executed
branch 31 never executed
branch 32 never executed
call   33 never executed
       28: 1883:                local &= !nonLocal(tok->variable(), deref);
call    0 returned 100%
call    1 returned 100%
        -: 1884:            }
        -: 1885:        }
       35: 1886:        return ChildrenToVisit::op1_and_op2;
        -: 1887:    });
        -: 1888:
       31: 1889:    if (unknownVarId)
branch  0 taken 10% (fallthrough)
branch  1 taken 90%
        3: 1890:        return Result(FwdAnalysis::Result::Type::BAILOUT);
call    0 returned 100%
        -: 1891:
       28: 1892:    if (mWhat == What::Reassign && isGlobalData(expr))
branch  0 taken 0% (fallthrough)
branch  1 taken 100%
call    2 never executed
branch  3 never executed
branch  4 never executed
branch  5 never executed
branch  6 never executed
branch  7 taken 0% (fallthrough)
branch  8 taken 100%
    #####: 1893:        local = false;
        -: 1894:
        -: 1895:    // In unused values checking we do not want to check assignments to
        -: 1896:    // global data.
       28: 1897:    if (mWhat == What::UnusedValue && isGlobalData(expr))
branch  0 taken 0% (fallthrough)
branch  1 taken 100%
call    2 never executed
branch  3 never executed
branch  4 never executed
branch  5 never executed
branch  6 never executed
branch  7 taken 0% (fallthrough)
branch  8 taken 100%
    #####: 1898:        return Result(FwdAnalysis::Result::Type::BAILOUT);
call    0 never executed
        -: 1899:
       28: 1900:    Result result = checkRecursive(expr, startToken, endToken, exprVarIds, local, false);
call    0 returned 100%
branch  1 taken 100% (fallthrough)
branch  2 taken 0% (throw)
        -: 1901:
        -: 1902:    // Break => continue checking in outer scope
       28: 1903:    while (mWhat!=What::ValueFlow && result.type == FwdAnalysis::Result::Type::BREAK) {
branch  0 taken 0% (fallthrough)
branch  1 taken 100%
branch  2 never executed
branch  3 never executed
    #####: 1904:        const Scope *s = result.token->scope();
call    0 never executed
    #####: 1905:        while (s->type == Scope::eIf)
branch  0 never executed
branch  1 never executed
    #####: 1906:            s = s->nestedIn;
    #####: 1907:        if (s->type != Scope::eSwitch && s->type != Scope::eWhile && s->type != Scope::eFor)
branch  0 never executed
branch  1 never executed
branch  2 never executed
branch  3 never executed
branch  4 never executed
branch  5 never executed
    #####: 1908:            break;
    #####: 1909:        result = checkRecursive(expr, s->bodyEnd->next(), endToken, exprVarIds, local, false);
call    0 never executed
call    1 never executed
branch  2 never executed
branch  3 never executed
        -: 1910:    }
        -: 1911:
       28: 1912:    return result;
        -: 1913:}
        -: 1914:
function _ZNK11FwdAnalysis10hasOperandEPK5TokenS2_ called 24 returned 100% blocks executed 87%
       24: 1915:bool FwdAnalysis::hasOperand(const Token *tok, const Token *lhs) const
        -: 1916:{
       24: 1917:    if (!tok)
branch  0 taken 58% (fallthrough)
branch  1 taken 42%
       14: 1918:        return false;
       10: 1919:    if (isSameExpression(mCpp, false, tok, lhs, mLibrary, false, false, nullptr))
call    0 returned 100%
branch  1 taken 0% (fallthrough)
branch  2 taken 100%
    #####: 1920:        return true;
       10: 1921:    return hasOperand(tok->astOperand1(), lhs) || hasOperand(tok->astOperand2(), lhs);
call    0 returned 100%
call    1 returned 100%
branch  2 taken 100% (fallthrough)
branch  3 taken 0%
call    4 returned 100%
call    5 returned 100%
branch  6 taken 0% (fallthrough)
branch  7 taken 100%
        -: 1922:}
        -: 1923:
function _ZN11FwdAnalysis8reassignEPK5TokenS2_S2_ called 0 returned 0% blocks executed 0%
    #####: 1924:const Token *FwdAnalysis::reassign(const Token *expr, const Token *startToken, const Token *endToken)
        -: 1925:{
    #####: 1926:    mWhat = What::Reassign;
    #####: 1927:    Result result = check(expr, startToken, endToken);
call    0 never executed
branch  1 never executed
branch  2 never executed
    #####: 1928:    return result.type == FwdAnalysis::Result::Type::WRITE ? result.token : nullptr;
branch  0 never executed
branch  1 never executed
        -: 1929:}
        -: 1930:
function _ZN11FwdAnalysis11unusedValueEPK5TokenS2_S2_ called 0 returned 0% blocks executed 0%
    #####: 1931:bool FwdAnalysis::unusedValue(const Token *expr, const Token *startToken, const Token *endToken)
        -: 1932:{
    #####: 1933:    if (isEscapedAlias(expr))
call    0 never executed
branch  1 never executed
branch  2 never executed
branch  3 never executed
branch  4 never executed
    #####: 1934:        return false;
    #####: 1935:    mWhat = What::UnusedValue;
    #####: 1936:    Result result = check(expr, startToken, endToken);
call    0 never executed
branch  1 never executed
branch  2 never executed
    #####: 1937:    return (result.type == FwdAnalysis::Result::Type::NONE || result.type == FwdAnalysis::Result::Type::RETURN) && !possiblyAliased(expr, startToken);
branch  0 never executed
branch  1 never executed
branch  2 never executed
branch  3 never executed
call    4 never executed
branch  5 never executed
branch  6 never executed
branch  7 never executed
branch  8 never executed
        -: 1938:}
        -: 1939:
function _ZN11FwdAnalysis9valueFlowEPK5TokenS2_S2_ called 31 returned 100% blocks executed 100%
       31: 1940:std::vector<FwdAnalysis::KnownAndToken> FwdAnalysis::valueFlow(const Token *expr, const Token *startToken, const Token *endToken)
        -: 1941:{
       31: 1942:    mWhat = What::ValueFlow;
       31: 1943:    mValueFlowKnown = true;
       31: 1944:    check(expr, startToken, endToken);
call    0 returned 100%
       31: 1945:    return mValueFlow;
call    0 returned 100%
        -: 1946:}
        -: 1947:
function _ZNK11FwdAnalysis15possiblyAliasedEPK5TokenS2_ called 0 returned 0% blocks executed 0%
    #####: 1948:bool FwdAnalysis::possiblyAliased(const Token *expr, const Token *startToken) const
        -: 1949:{
    #####: 1950:    if (expr->isUnaryOp("*"))
call    0 never executed
call    1 never executed
branch  2 never executed
branch  3 never executed
call    4 never executed
branch  5 never executed
branch  6 never executed
call    7 never executed
call    8 never executed
branch  9 never executed
branch 10 never executed
call   11 never executed
call   12 never executed
call   13 never executed
    #####: 1951:        return true;
        -: 1952:
    #####: 1953:    const bool macro = false;
    #####: 1954:    const bool pure = false;
    #####: 1955:    const bool followVar = false;
    #####: 1956:    for (const Token *tok = startToken; tok; tok = tok->previous()) {
branch  0 never executed
branch  1 never executed
call    2 never executed
    #####: 1957:        if (tok->str() == "{" && tok->scope()->type == Scope::eFunction)
call    0 never executed
call    1 never executed
branch  2 never executed
branch  3 never executed
call    4 never executed
branch  5 never executed
branch  6 never executed
branch  7 never executed
branch  8 never executed
    #####: 1958:            break;
        -: 1959:
    #####: 1960:        if (Token::Match(tok, "%name% (") && !Token::Match(tok, "if|while|for")) {
call    0 never executed
branch  1 never executed
branch  2 never executed
call    3 never executed
branch  4 never executed
branch  5 never executed
branch  6 never executed
branch  7 never executed
        -: 1961:            // Is argument passed by reference?
    #####: 1962:            const std::vector<const Token*> args = getArguments(tok);
call    0 never executed
branch  1 never executed
branch  2 never executed
call    3 never executed
call    4 never executed
    #####: 1963:            for (int argnr = 0; argnr < args.size(); ++argnr) {
call    0 never executed
branch  1 never executed
branch  2 never executed
    #####: 1964:                if (!Token::Match(args[argnr], "%name%|.|::"))
call    0 never executed
call    1 never executed
branch  2 never executed
branch  3 never executed
branch  4 never executed
branch  5 never executed
    #####: 1965:                    continue;
    #####: 1966:                if (tok->function() && tok->function()->getArgumentVar(argnr) && !tok->function()->getArgumentVar(argnr)->isReference() && !tok->function()->isConst())
call    0 never executed
branch  1 never executed
branch  2 never executed
call    3 never executed
call    4 never executed
branch  5 never executed
branch  6 never executed
branch  7 never executed
branch  8 never executed
call    9 never executed
call   10 never executed
branch 11 never executed
branch 12 never executed
call   13 never executed
branch 14 never executed
branch 15 never executed
call   16 never executed
call   17 never executed
branch 18 never executed
branch 19 never executed
branch 20 never executed
branch 21 never executed
    #####: 1967:                    continue;
    #####: 1968:                for (const Token *subexpr = expr; subexpr; subexpr = subexpr->astOperand1()) {
branch  0 never executed
branch  1 never executed
call    2 never executed
    #####: 1969:                    if (isSameExpression(mCpp, macro, subexpr, args[argnr], mLibrary, pure, followVar))
call    0 never executed
call    1 never executed
branch  2 never executed
branch  3 never executed
branch  4 never executed
branch  5 never executed
    #####: 1970:                        return true;
        -: 1971:                }
        -: 1972:            }
    #####: 1973:            continue;
call    0 never executed
branch  1 never executed
branch  2 never executed
        -: 1974:        }
        -: 1975:
    #####: 1976:        const Token *addrOf = nullptr;
    #####: 1977:        if (Token::Match(tok, "& %name% ="))
call    0 never executed
branch  1 never executed
branch  2 never executed
    #####: 1978:            addrOf = tok->tokAt(2)->astOperand2();
call    0 never executed
call    1 never executed
    #####: 1979:        else if (tok->isUnaryOp("&"))
call    0 never executed
call    1 never executed
branch  2 never executed
branch  3 never executed
call    4 never executed
branch  5 never executed
branch  6 never executed
call    7 never executed
call    8 never executed
branch  9 never executed
branch 10 never executed
call   11 never executed
call   12 never executed
    #####: 1980:            addrOf = tok->astOperand1();
call    0 never executed
    #####: 1981:        else if (Token::simpleMatch(tok, "std :: ref ("))
call    0 never executed
branch  1 never executed
branch  2 never executed
    #####: 1982:            addrOf = tok->tokAt(3)->astOperand2();
call    0 never executed
call    1 never executed
        -: 1983:        else
    #####: 1984:            continue;
        -: 1985:
    #####: 1986:        for (const Token *subexpr = expr; subexpr; subexpr = subexpr->astOperand1()) {
branch  0 never executed
branch  1 never executed
call    2 never executed
    #####: 1987:            if (isSameExpression(mCpp, macro, subexpr, addrOf, mLibrary, pure, followVar))
call    0 never executed
branch  1 never executed
branch  2 never executed
    #####: 1988:                return true;
        -: 1989:        }
        -: 1990:    }
    #####: 1991:    return false;
        -: 1992:}
        -: 1993:
function _ZN11FwdAnalysis14isEscapedAliasEPK5Token called 0 returned 0% blocks executed 0%
    #####: 1994:bool FwdAnalysis::isEscapedAlias(const Token* expr)
        -: 1995:{
    #####: 1996:    for (const Token *subexpr = expr; subexpr; subexpr = subexpr->astOperand1()) {
branch  0 never executed
branch  1 never executed
call    2 never executed
    #####: 1997:        for (const ValueFlow::Value &val : subexpr->values()) {
call    0 never executed
call    1 never executed
call    2 never executed
call    3 never executed
branch  4 never executed
branch  5 never executed
call    6 never executed
call    7 never executed
call    8 never executed
branch  9 never executed
branch 10 never executed
call   11 never executed
branch 12 never executed
branch 13 never executed
call   14 never executed
call   15 never executed
    #####: 1998:            if (!val.isLocalLifetimeValue())
call    0 never executed
branch  1 never executed
branch  2 never executed
    #####: 1999:                continue;
    #####: 2000:            const Variable* var = val.tokvalue->variable();
call    0 never executed
    #####: 2001:            if (!var)
branch  0 never executed
branch  1 never executed
    #####: 2002:                continue;
    #####: 2003:            if (!var->isLocal())
call    0 never executed
branch  1 never executed
branch  2 never executed
branch  3 never executed
branch  4 never executed
    #####: 2004:                return true;
    #####: 2005:            if (var->isArgument())
call    0 never executed
branch  1 never executed
branch  2 never executed
    #####: 2006:                return true;
        -: 2007:
        -: 2008:        }
        -: 2009:    }
    #####: 2010:    return false;
        -: 2011:}
        -: 2012:
function _ZN11FwdAnalysis13isNullOperandEPK5Token called 0 returned 0% blocks executed 0%
    #####: 2013:bool FwdAnalysis::isNullOperand(const Token *expr)
        -: 2014:{
    #####: 2015:    if (!expr)
branch  0 never executed
branch  1 never executed
    #####: 2016:        return false;
    #####: 2017:    if (Token::Match(expr, "( %name% %name%| * )") && Token::Match(expr->astOperand1(), "0|NULL|nullptr"))
call    0 never executed
branch  1 never executed
branch  2 never executed
call    3 never executed
call    4 never executed
branch  5 never executed
branch  6 never executed
branch  7 never executed
branch  8 never executed
    #####: 2018:        return true;
    #####: 2019:    return Token::Match(expr, "NULL|nullptr");
call    0 never executed
function _GLOBAL__sub_I__Z13visitAstNodesPK5TokenSt8functionIF15ChildrenToVisitS1_EE called 1 returned 100% blocks executed 100%
function _Z41__static_initialization_and_destruction_0ii called 1 returned 100% blocks executed 100%
        3: 2020:}
call    0 returned 100%
branch  1 taken 100% (fallthrough)
branch  2 taken 0%
branch  3 taken 100% (fallthrough)
branch  4 taken 0%
