        -:    0:Source:/home/workspace/lib/valueflow.cpp
        -:    0:Graph:/home/workspace/build/lib/CMakeFiles/lib_objs.dir/valueflow.gcno
        -:    0:Data:/home/workspace/build/lib/CMakeFiles/lib_objs.dir/valueflow.gcda
        -:    0:Runs:1
        -:    0:Programs:1
        -:    1:/*
        -:    2: * Cppcheck - A tool for static C/C++ code analysis
        -:    3: * Copyright (C) 2007-2019 Cppcheck team.
        -:    4: *
        -:    5: * This program is free software: you can redistribute it and/or modify
        -:    6: * it under the terms of the GNU General Public License as published by
        -:    7: * the Free Software Foundation, either version 3 of the License, or
        -:    8: * (at your option) any later version.
        -:    9: *
        -:   10: * This program is distributed in the hope that it will be useful,
        -:   11: * but WITHOUT ANY WARRANTY; without even the implied warranty of
        -:   12: * MERCHANTABILITY or FITNESS FOR A PARTICULAR PURPOSE.  See the
        -:   13: * GNU General Public License for more details.
        -:   14: *
        -:   15: * You should have received a copy of the GNU General Public License
        -:   16: * along with this program.  If not, see <http://www.gnu.org/licenses/>.
        -:   17: */
        -:   18:
        -:   19:/**
        -:   20: * @brief This is the ValueFlow component in Cppcheck.
        -:   21: *
        -:   22: * Each @sa Token in the token list has a list of values. These are
        -:   23: * the "possible" values for the Token at runtime.
        -:   24: *
        -:   25: * In the --debug and --debug-normal output you can see the ValueFlow data. For example:
        -:   26: *
        -:   27: *     int f()
        -:   28: *     {
        -:   29: *         int x = 10;
        -:   30: *         return 4 * x + 2;
        -:   31: *     }
        -:   32: *
        -:   33: * The --debug-normal output says:
        -:   34: *
        -:   35: *     ##Value flow
        -:   36: *     Line 3
        -:   37: *       10 always 10
        -:   38: *     Line 4
        -:   39: *       4 always 4
        -:   40: *       * always 40
        -:   41: *       x always 10
        -:   42: *       + always 42
        -:   43: *       2 always 2
        -:   44: *
        -:   45: * All value flow analysis is executed in the ValueFlow::setValues() function. The ValueFlow analysis is executed after the tokenizer/ast/symboldatabase/etc..
        -:   46: * The ValueFlow analysis is done in a series of valueFlow* function calls, where each such function call can only use results from previous function calls.
        -:   47: * The function calls should be arranged so that valueFlow* that do not require previous ValueFlow information should be first.
        -:   48: *
        -:   49: * Type of analysis
        -:   50: * ================
        -:   51: *
        -:   52: * This is "flow sensitive" value flow analysis. We _usually_ track the value for 1 variable at a time.
        -:   53: *
        -:   54: * How are calculations handled
        -:   55: * ============================
        -:   56: *
        -:   57: * Here is an example code:
        -:   58: *
        -:   59: *   x = 3 + 4;
        -:   60: *
        -:   61: * The valueFlowNumber set the values for the "3" and "4" tokens by calling setTokenValue().
        -:   62: * The setTokenValue() handle the calculations automatically. When both "3" and "4" have values, the "+" can be calculated. setTokenValue() recursively calls itself when parents in calculations can be calculated.
        -:   63: *
        -:   64: * Forward / Reverse flow analysis
        -:   65: * ===============================
        -:   66: *
        -:   67: * In forward value flow analysis we know a value and see what happens when we are stepping the program forward. Like normal execution.
        -:   68: * The valueFlowForward is used in this analysis.
        -:   69: *
        -:   70: * In reverse value flow analysis we know the value of a variable at line X. And try to "execute backwards" to determine possible values before line X.
        -:   71: * The valueFlowReverse is used in this analysis.
        -:   72: *
        -:   73: *
        -:   74: */
        -:   75:
        -:   76:
        -:   77:
        -:   78:#include "valueflow.h"
        -:   79:
        -:   80:#include "astutils.h"
        -:   81:#include "errorlogger.h"
        -:   82:#include "library.h"
        -:   83:#include "mathlib.h"
        -:   84:#include "platform.h"
        -:   85:#include "settings.h"
        -:   86:#include "standards.h"
        -:   87:#include "symboldatabase.h"
        -:   88:#include "token.h"
        -:   89:#include "tokenlist.h"
        -:   90:#include "utils.h"
        -:   91:#include "path.h"
        -:   92:
        -:   93:#include <algorithm>
        -:   94:#include <cassert>
        -:   95:#include <cstddef>
        -:   96:#include <functional>
        -:   97:#include <iterator>
        -:   98:#include <limits>
        -:   99:#include <map>
        -:  100:#include <set>
        -:  101:#include <stack>
        -:  102:#include <vector>
        -:  103:
        -:  104:static const int TIMEOUT = 10; // Do not repeat ValueFlow analysis more than 10 seconds
        -:  105:
        -:  106:namespace {
function _ZN12_GLOBAL__N_113ProgramMemoryaSERKS0_ called 0 returned 0% blocks executed 0%
function _ZN12_GLOBAL__N_113ProgramMemoryC2Ev called 58 returned 100% blocks executed 100%
function _ZN12_GLOBAL__N_113ProgramMemoryD2Ev called 227 returned 100% blocks executed 100%
function _ZN12_GLOBAL__N_113ProgramMemoryC2ERKS0_ called 169 returned 100% blocks executed 100%
      454:  107:    struct ProgramMemory {
call    0 never executed
call    1 returned 100%
call    2 returned 100%
call    3 returned 100%
        -:  108:        std::map<int, ValueFlow::Value> values;
        -:  109:
function _ZN12_GLOBAL__N_113ProgramMemory8setValueEiRKN9ValueFlow5ValueE called 46 returned 100% blocks executed 100%
       46:  110:        void setValue(nonneg int varid, const ValueFlow::Value &value) {
       46:  111:            values[varid] = value;
call    0 returned 100%
call    1 returned 100%
       46:  112:        }
        -:  113:
function _ZNK12_GLOBAL__N_113ProgramMemory11getIntValueEiPx called 74 returned 100% blocks executed 100%
       74:  114:        bool getIntValue(nonneg int varid, MathLib::bigint* result) const {
      148:  115:            const std::map<int, ValueFlow::Value>::const_iterator it = values.find(varid);
call    0 returned 100%
branch  1 taken 100% (fallthrough)
branch  2 taken 0% (throw)
call    3 returned 100%
       74:  116:            const bool found = it != values.end() && it->second.isIntValue();
call    0 returned 100%
call    1 returned 100%
branch  2 taken 43% (fallthrough)
branch  3 taken 57%
call    4 returned 100%
call    5 returned 100%
branch  6 taken 100% (fallthrough)
branch  7 taken 0%
branch  8 taken 100% (fallthrough)
branch  9 taken 0%
call   10 returned 100%
       74:  117:            if (found)
branch  0 taken 43% (fallthrough)
branch  1 taken 57%
       32:  118:                *result = it->second.intvalue;
call    0 returned 100%
      148:  119:            return found;
        -:  120:        }
        -:  121:
function _ZN12_GLOBAL__N_113ProgramMemory11setIntValueEix called 2 returned 100% blocks executed 75%
        2:  122:        void setIntValue(nonneg int varid, MathLib::bigint value) {
        2:  123:            values[varid] = ValueFlow::Value(value);
call    0 returned 100%
call    1 returned 100%
branch  2 taken 100% (fallthrough)
branch  3 taken 0% (throw)
call    4 returned 100%
call    5 returned 100%
call    6 never executed
        2:  124:        }
        -:  125:
function _ZNK12_GLOBAL__N_113ProgramMemory11getTokValueEiPPK5Token called 0 returned 0% blocks executed 0%
    #####:  126:        bool getTokValue(nonneg int varid, const Token** result) const {
    #####:  127:            const std::map<int, ValueFlow::Value>::const_iterator it = values.find(varid);
call    0 never executed
branch  1 never executed
branch  2 never executed
call    3 never executed
    #####:  128:            const bool found = it != values.end() && it->second.isTokValue();
call    0 never executed
call    1 never executed
branch  2 never executed
branch  3 never executed
call    4 never executed
call    5 never executed
branch  6 never executed
branch  7 never executed
branch  8 never executed
branch  9 never executed
call   10 never executed
    #####:  129:            if (found)
branch  0 never executed
branch  1 never executed
    #####:  130:                *result = it->second.tokvalue;
call    0 never executed
    #####:  131:            return found;
        -:  132:        }
        -:  133:
function _ZN12_GLOBAL__N_113ProgramMemory8hasValueEi called 20 returned 100% blocks executed 80%
       20:  134:        bool hasValue(nonneg int varid) {
       20:  135:            return values.find(varid) != values.end();
call    0 returned 100%
call    1 returned 100%
branch  2 taken 100% (fallthrough)
branch  3 taken 0% (throw)
call    4 returned 100%
call    5 returned 100%
call    6 returned 100%
call    7 never executed
        -:  136:        }
        -:  137:
function _ZN12_GLOBAL__N_113ProgramMemory4swapERS0_ called 0 returned 0% blocks executed 0%
    #####:  138:        void swap(ProgramMemory &pm) {
    #####:  139:            values.swap(pm.values);
call    0 never executed
    #####:  140:        }
        -:  141:
function _ZN12_GLOBAL__N_113ProgramMemory5clearEv called 0 returned 0% blocks executed 0%
    #####:  142:        void clear() {
    #####:  143:            values.clear();
call    0 never executed
    #####:  144:        }
        -:  145:
function _ZNK12_GLOBAL__N_113ProgramMemory5emptyEv called 0 returned 0% blocks executed 0%
    #####:  146:        bool empty() const {
    #####:  147:            return values.empty();
call    0 never executed
        -:  148:        }
        -:  149:
        -:  150:        void replace(const ProgramMemory &pm) {
        -:  151:            for (auto&& p:pm.values)
        -:  152:                values[p.first] = p.second;
        -:  153:        }
        -:  154:
        -:  155:        void insert(const ProgramMemory &pm) {
        -:  156:            for (auto&& p:pm.values)
        -:  157:                values.insert(p);
        -:  158:        }
        -:  159:    };
        -:  160:}
        -:  161:
        -:  162:static void execute(const Token *expr,
        -:  163:                    ProgramMemory * const programMemory,
        -:  164:                    MathLib::bigint *result,
        -:  165:                    bool *error);
        -:  166:
function _ZL15bailoutInternalP9TokenListP11ErrorLoggerPK5TokenRKNSt7__cxx1112basic_stringIcSt11char_traitsIcESaIcEEESD_iSD_ called 0 returned 0% blocks executed 0%
    #####:  167:static void bailoutInternal(TokenList *tokenlist, ErrorLogger *errorLogger, const Token *tok, const std::string &what, const std::string &file, int line, const std::string &function)
        -:  168:{
    #####:  169:    std::list<ErrorLogger::ErrorMessage::FileLocation> callstack(1, ErrorLogger::ErrorMessage::FileLocation(tok, tokenlist));
call    0 never executed
call    1 never executed
branch  2 never executed
branch  3 never executed
call    4 never executed
branch  5 never executed
branch  6 never executed
call    7 never executed
call    8 never executed
call    9 never executed
call   10 never executed
call   11 never executed
call   12 never executed
        -:  170:    ErrorLogger::ErrorMessage errmsg(callstack, tokenlist->getSourceFilePath(), Severity::debug,
    #####:  171:                                     Path::stripDirectoryPart(file) + ":" + MathLib::toString(line) + ":" + function + " bailout: " + what, "valueFlowBailout", false);
call    0 never executed
call    1 never executed
branch  2 never executed
branch  3 never executed
call    4 never executed
branch  5 never executed
branch  6 never executed
call    7 never executed
branch  8 never executed
branch  9 never executed
call   10 never executed
branch 11 never executed
branch 12 never executed
call   13 never executed
branch 14 never executed
branch 15 never executed
call   16 never executed
branch 17 never executed
branch 18 never executed
call   19 never executed
branch 20 never executed
branch 21 never executed
call   22 never executed
branch 23 never executed
branch 24 never executed
call   25 never executed
branch 26 never executed
branch 27 never executed
call   28 never executed
branch 29 never executed
branch 30 never executed
call   31 never executed
branch 32 never executed
branch 33 never executed
call   34 never executed
call   35 never executed
call   36 never executed
call   37 never executed
call   38 never executed
call   39 never executed
call   40 never executed
call   41 never executed
call   42 never executed
call   43 never executed
call   44 never executed
call   45 never executed
call   46 never executed
call   47 never executed
call   48 never executed
call   49 never executed
call   50 never executed
call   51 never executed
call   52 never executed
call   53 never executed
call   54 never executed
    #####:  172:    errorLogger->reportErr(errmsg);
call    0 never executed
branch  1 never executed
branch  2 never executed
    #####:  173:}
call    0 never executed
        -:  174:
        -:  175:#if (defined __cplusplus) && __cplusplus >= 201103L
        -:  176:#define bailout(tokenlist, errorLogger, tok, what) bailoutInternal(tokenlist, errorLogger, tok, what, __FILE__, __LINE__, __func__)
        -:  177:#elif (defined __GNUC__) || (defined __clang__) || (defined _MSC_VER)
        -:  178:#define bailout(tokenlist, errorLogger, tok, what) bailoutInternal(tokenlist, errorLogger, tok, what, __FILE__, __LINE__, __FUNCTION__)
        -:  179:#else
        -:  180:#define bailout(tokenlist, errorLogger, tok, what) bailoutInternal(tokenlist, errorLogger, tok, what, __FILE__, __LINE__, "(valueFlow)")
        -:  181:#endif
        -:  182:
function _ZL21changeKnownToPossibleRNSt7__debug4listIN9ValueFlow5ValueESaIS2_EEEi called 93 returned 100% blocks executed 85%
       93:  183:static void changeKnownToPossible(std::list<ValueFlow::Value> &values, int indirect=-1)
        -:  184:{
      185:  185:    for (ValueFlow::Value& v: values) {
call    0 returned 100%
call    1 returned 100%
call    2 returned 100%
branch  3 taken 50% (fallthrough)
branch  4 taken 50%
call    5 returned 100%
call    6 returned 100%
call    7 returned 100%
call    8 returned 100%
       92:  186:        if (indirect >= 0 && v.indirect != indirect)
branch  0 taken 0% (fallthrough)
branch  1 taken 100%
branch  2 never executed
branch  3 never executed
    #####:  187:            continue;
       92:  188:        v.changeKnownToPossible();
call    0 returned 100%
        -:  189:    }
       93:  190:}
        -:  191:
function _ZL16removeImpossibleRNSt7__debug4listIN9ValueFlow5ValueESaIS2_EEEi called 25 returned 100% blocks executed 100%
       25:  192:static void removeImpossible(std::list<ValueFlow::Value>& values, int indirect = -1)
        -:  193:{
function _ZZL16removeImpossibleRNSt7__debug4listIN9ValueFlow5ValueESaIS2_EEEiENKUlRKS2_E_clES7_ called 24 returned 100% blocks executed 60%
       49:  194:    values.remove_if([&](const ValueFlow::Value& v) {
call    0 returned 100%
       24:  195:        if (indirect >= 0 && v.indirect != indirect)
branch  0 taken 0% (fallthrough)
branch  1 taken 100%
branch  2 never executed
branch  3 never executed
    #####:  196:            return false;
       24:  197:        return v.isImpossible();
call    0 returned 100%
        -:  198:    });
       25:  199:}
        -:  200:
function _ZL15lowerToPossibleRNSt7__debug4listIN9ValueFlow5ValueESaIS2_EEEi called 13 returned 100% blocks executed 100%
       13:  201:static void lowerToPossible(std::list<ValueFlow::Value>& values, int indirect = -1)
        -:  202:{
       13:  203:    changeKnownToPossible(values, indirect);
call    0 returned 100%
       13:  204:    removeImpossible(values, indirect);
call    0 returned 100%
       13:  205:}
        -:  206:
function _ZL19lowerToInconclusiveRNSt7__debug4listIN9ValueFlow5ValueESaIS2_EEEPK8Settingsi called 32 returned 100% blocks executed 18%
       32:  207:static void lowerToInconclusive(std::list<ValueFlow::Value>& values, const Settings* settings, int indirect = -1)
        -:  208:{
       32:  209:    if (settings->inconclusive) {
branch  0 taken 0% (fallthrough)
branch  1 taken 100%
    #####:  210:        removeImpossible(values, indirect);
call    0 never executed
    #####:  211:        for (ValueFlow::Value& v : values) {
call    0 never executed
call    1 never executed
call    2 never executed
branch  3 never executed
branch  4 never executed
call    5 never executed
call    6 never executed
call    7 never executed
call    8 never executed
    #####:  212:            if (indirect >= 0 && v.indirect != indirect)
branch  0 never executed
branch  1 never executed
branch  2 never executed
branch  3 never executed
    #####:  213:                continue;
    #####:  214:            v.setInconclusive();
call    0 never executed
        -:  215:        }
        -:  216:    } else {
        -:  217:        // Remove all values if the inconclusive flags is not set
function _ZZL19lowerToInconclusiveRNSt7__debug4listIN9ValueFlow5ValueESaIS2_EEEPK8SettingsiENKUlRKS2_E_clESA_ called 34 returned 100% blocks executed 80%
       66:  218:        values.remove_if([&](const ValueFlow::Value& v) {
call    0 returned 100%
       34:  219:            if (indirect >= 0 && v.indirect != indirect)
branch  0 taken 100% (fallthrough)
branch  1 taken 0%
branch  2 taken 0% (fallthrough)
branch  3 taken 100%
    #####:  220:                return false;
       34:  221:            return true;
        -:  222:        });
        -:  223:    }
       32:  224:}
        -:  225:
function _ZL21changePossibleToKnownRNSt7__debug4listIN9ValueFlow5ValueESaIS2_EEEi called 50 returned 100% blocks executed 83%
       50:  226:static void changePossibleToKnown(std::list<ValueFlow::Value>& values, int indirect = -1)
        -:  227:{
      100:  228:    for (ValueFlow::Value& v : values) {
call    0 returned 100%
call    1 returned 100%
call    2 returned 100%
branch  3 taken 50% (fallthrough)
branch  4 taken 50%
call    5 returned 100%
call    6 returned 100%
call    7 returned 100%
call    8 returned 100%
       50:  229:        if (indirect >= 0 && v.indirect != indirect)
branch  0 taken 0% (fallthrough)
branch  1 taken 100%
branch  2 never executed
branch  3 never executed
    #####:  230:            continue;
       50:  231:        if (!v.isPossible())
call    0 returned 100%
branch  1 taken 34% (fallthrough)
branch  2 taken 66%
       17:  232:            continue;
       33:  233:        if (v.bound != ValueFlow::Value::Bound::Point)
branch  0 taken 0% (fallthrough)
branch  1 taken 100%
    #####:  234:            continue;
       33:  235:        v.setKnown();
call    0 returned 100%
        -:  236:    }
       50:  237:}
        -:  238:
        -:  239:/**
        -:  240: * Is condition always false when variable has given value?
        -:  241: * \param condition   top ast token in condition
        -:  242: * \param programMemory   program memory
        -:  243: */
function _ZL16conditionIsFalsePK5TokenRKN12_GLOBAL__N_113ProgramMemoryE called 64 returned 100% blocks executed 58%
       64:  244:static bool conditionIsFalse(const Token *condition, const ProgramMemory &programMemory)
        -:  245:{
       64:  246:    if (!condition)
branch  0 taken 2% (fallthrough)
branch  1 taken 98%
        1:  247:        return false;
       63:  248:    if (condition->str() == "&&") {
call    0 returned 100%
call    1 returned 100%
branch  2 taken 0% (fallthrough)
branch  3 taken 100%
    #####:  249:        return conditionIsFalse(condition->astOperand1(), programMemory) ||
call    0 never executed
call    1 never executed
branch  2 never executed
branch  3 never executed
branch  4 never executed
branch  5 never executed
branch  6 never executed
branch  7 never executed
    #####:  250:               conditionIsFalse(condition->astOperand2(), programMemory);
call    0 never executed
call    1 never executed
branch  2 never executed
branch  3 never executed
        -:  251:    }
      126:  252:    ProgramMemory progmem(programMemory);
call    0 returned 100%
branch  1 taken 100% (fallthrough)
branch  2 taken 0% (throw)
call    3 returned 100%
call    4 never executed
       63:  253:    MathLib::bigint result = 0;
       63:  254:    bool error = false;
       63:  255:    execute(condition, &progmem, &result, &error);
call    0 returned 100%
branch  1 taken 100% (fallthrough)
branch  2 taken 0% (throw)
       63:  256:    return !error && result == 0;
branch  0 taken 32% (fallthrough)
branch  1 taken 68%
branch  2 taken 70% (fallthrough)
branch  3 taken 30%
        -:  257:}
        -:  258:
        -:  259:/**
        -:  260: * Is condition always true when variable has given value?
        -:  261: * \param condition   top ast token in condition
        -:  262: * \param programMemory   program memory
        -:  263: */
function _ZL15conditionIsTruePK5TokenRKN12_GLOBAL__N_113ProgramMemoryE called 62 returned 100% blocks executed 58%
       62:  264:static bool conditionIsTrue(const Token *condition, const ProgramMemory &programMemory)
        -:  265:{
       62:  266:    if (!condition)
branch  0 taken 3% (fallthrough)
branch  1 taken 97%
        2:  267:        return false;
       60:  268:    if (condition->str() == "||") {
call    0 returned 100%
call    1 returned 100%
branch  2 taken 0% (fallthrough)
branch  3 taken 100%
    #####:  269:        return conditionIsTrue(condition->astOperand1(), programMemory) ||
call    0 never executed
call    1 never executed
branch  2 never executed
branch  3 never executed
branch  4 never executed
branch  5 never executed
branch  6 never executed
branch  7 never executed
    #####:  270:               conditionIsTrue(condition->astOperand2(), programMemory);
call    0 never executed
call    1 never executed
branch  2 never executed
branch  3 never executed
        -:  271:    }
      120:  272:    ProgramMemory progmem(programMemory);
call    0 returned 100%
branch  1 taken 100% (fallthrough)
branch  2 taken 0% (throw)
call    3 returned 100%
call    4 never executed
       60:  273:    bool error = false;
       60:  274:    MathLib::bigint result = 0;
       60:  275:    execute(condition, &progmem, &result, &error);
call    0 returned 100%
branch  1 taken 100% (fallthrough)
branch  2 taken 0% (throw)
       60:  276:    return !error && result == 1;
branch  0 taken 20% (fallthrough)
branch  1 taken 80%
branch  2 taken 50% (fallthrough)
branch  3 taken 50%
        -:  277:}
        -:  278:
function _Z18setValueUpperBoundRN9ValueFlow5ValueEb called 36 returned 100% blocks executed 100%
       36:  279:void setValueUpperBound(ValueFlow::Value& value, bool upper)
        -:  280:{
       36:  281:    if (upper)
branch  0 taken 50% (fallthrough)
branch  1 taken 50%
       18:  282:        value.bound = ValueFlow::Value::Bound::Upper;
        -:  283:    else
       18:  284:        value.bound = ValueFlow::Value::Bound::Lower;
       36:  285:}
        -:  286:
function _Z13setValueBoundRN9ValueFlow5ValueEPK5Tokenb called 166 returned 100% blocks executed 100%
      166:  287:void setValueBound(ValueFlow::Value& value, const Token* tok, bool invert)
        -:  288:{
      166:  289:    if (Token::Match(tok, "<|<=")) {
call    0 returned 100%
branch  1 taken 12% (fallthrough)
branch  2 taken 88%
       20:  290:        setValueUpperBound(value, !invert);
call    0 returned 100%
      146:  291:    } else if (Token::Match(tok, ">|>=")) {
call    0 returned 100%
branch  1 taken 11% (fallthrough)
branch  2 taken 89%
       16:  292:        setValueUpperBound(value, invert);
call    0 returned 100%
        -:  293:    }
      166:  294:}
        -:  295:
function _ZL20setConditionalValuesPK5TokenbxRN9ValueFlow5ValueES4_ called 83 returned 100% blocks executed 80%
       83:  296:static void setConditionalValues(const Token *tok,
        -:  297:                                 bool invert,
        -:  298:                                 MathLib::bigint value,
        -:  299:                                 ValueFlow::Value &true_value,
        -:  300:                                 ValueFlow::Value &false_value)
        -:  301:{
       83:  302:    if (Token::Match(tok, "==|!=|>=|<=")) {
call    0 returned 100%
branch  1 taken 78% (fallthrough)
branch  2 taken 22%
       65:  303:        true_value = ValueFlow::Value{tok, value};
call    0 returned 100%
branch  1 taken 100% (fallthrough)
branch  2 taken 0% (throw)
call    3 returned 100%
call    4 returned 100%
       65:  304:        const char* greaterThan = ">=";
       65:  305:        const char* lessThan = "<=";
       65:  306:        if (invert)
branch  0 taken 3% (fallthrough)
branch  1 taken 97%
        2:  307:            std::swap(greaterThan, lessThan);
call    0 returned 100%
       65:  308:        if (Token::simpleMatch(tok, greaterThan)) {
call    0 returned 100%
branch  1 taken 100% (fallthrough)
branch  2 taken 0% (throw)
branch  3 taken 0% (fallthrough)
branch  4 taken 100%
    #####:  309:            false_value = ValueFlow::Value{tok, value - 1};
call    0 never executed
branch  1 never executed
branch  2 never executed
call    3 never executed
call    4 never executed
       65:  310:        } else if (Token::simpleMatch(tok, lessThan)) {
call    0 returned 100%
branch  1 taken 100% (fallthrough)
branch  2 taken 0% (throw)
branch  3 taken 0% (fallthrough)
branch  4 taken 100%
    #####:  311:            false_value = ValueFlow::Value{tok, value + 1};
call    0 never executed
branch  1 never executed
branch  2 never executed
call    3 never executed
call    4 never executed
        -:  312:        } else {
       65:  313:            false_value = ValueFlow::Value{tok, value};
call    0 returned 100%
branch  1 taken 100% (fallthrough)
branch  2 taken 0% (throw)
call    3 returned 100%
call    4 returned 100%
        -:  314:        }
        -:  315:    } else {
       18:  316:        const char* greaterThan = ">";
       18:  317:        const char* lessThan = "<";
       18:  318:        if (invert)
branch  0 taken 0% (fallthrough)
branch  1 taken 100%
    #####:  319:            std::swap(greaterThan, lessThan);
call    0 never executed
       18:  320:        if (Token::simpleMatch(tok, greaterThan)) {
call    0 returned 100%
branch  1 taken 100% (fallthrough)
branch  2 taken 0% (throw)
branch  3 taken 44% (fallthrough)
branch  4 taken 56%
        8:  321:            true_value = ValueFlow::Value{tok, value + 1};
call    0 returned 100%
branch  1 taken 100% (fallthrough)
branch  2 taken 0% (throw)
call    3 returned 100%
call    4 returned 100%
        8:  322:            false_value = ValueFlow::Value{tok, value};
call    0 returned 100%
branch  1 taken 100% (fallthrough)
branch  2 taken 0% (throw)
call    3 returned 100%
call    4 returned 100%
       10:  323:        } else if (Token::simpleMatch(tok, lessThan)) {
call    0 returned 100%
branch  1 taken 100% (fallthrough)
branch  2 taken 0% (throw)
branch  3 taken 100% (fallthrough)
branch  4 taken 0%
       10:  324:            true_value = ValueFlow::Value{tok, value - 1};
call    0 returned 100%
branch  1 taken 100% (fallthrough)
branch  2 taken 0% (throw)
call    3 returned 100%
call    4 returned 100%
       10:  325:            false_value = ValueFlow::Value{tok, value};
call    0 returned 100%
branch  1 taken 100% (fallthrough)
branch  2 taken 0% (throw)
call    3 returned 100%
call    4 returned 100%
        -:  326:        }
        -:  327:    }
       83:  328:    setValueBound(true_value, tok, invert);
call    0 returned 100%
       83:  329:    setValueBound(false_value, tok, !invert);
call    0 returned 100%
       83:  330:}
call    0 never executed
        -:  331:
function _ZL11isSaturatedx called 83 returned 100% blocks executed 88%
       83:  332:static bool isSaturated(MathLib::bigint value)
        -:  333:{
       83:  334:    return value == std::numeric_limits<MathLib::bigint>::max() || value == std::numeric_limits<MathLib::bigint>::min();
call    0 returned 100%
branch  1 taken 100% (fallthrough)
branch  2 taken 0%
call    3 returned 100%
branch  4 taken 0% (fallthrough)
branch  5 taken 100%
        -:  335:}
        -:  336:
function _ZL15parseCompareIntPK5TokenRN9ValueFlow5ValueES4_ called 38070 returned 100% blocks executed 94%
    38070:  337:static const Token *parseCompareInt(const Token *tok, ValueFlow::Value &true_value, ValueFlow::Value &false_value)
        -:  338:{
    38070:  339:    if (!tok->astOperand1() || !tok->astOperand2())
call    0 returned 100%
branch  1 taken 16% (fallthrough)
branch  2 taken 84%
call    3 returned 100%
branch  4 taken 8% (fallthrough)
branch  5 taken 92%
branch  6 taken 85% (fallthrough)
branch  7 taken 15%
    32543:  340:        return nullptr;
     5527:  341:    if (Token::Match(tok, "%comp%")) {
call    0 returned 100%
branch  1 taken 2% (fallthrough)
branch  2 taken 98%
       84:  342:        if (tok->astOperand1()->hasKnownIntValue()) {
call    0 returned 100%
call    1 returned 100%
branch  2 taken 2% (fallthrough)
branch  3 taken 98%
        2:  343:            MathLib::bigint value = tok->astOperand1()->values().front().intvalue;
call    0 returned 100%
call    1 returned 100%
call    2 returned 100%
        2:  344:            if (isSaturated(value))
call    0 returned 100%
branch  1 taken 0% (fallthrough)
branch  2 taken 100%
    #####:  345:                return nullptr;
        2:  346:            setConditionalValues(tok, true, value, true_value, false_value);
call    0 returned 100%
        2:  347:            return tok->astOperand2();
call    0 returned 100%
       82:  348:        } else if (tok->astOperand2()->hasKnownIntValue()) {
call    0 returned 100%
call    1 returned 100%
branch  2 taken 99% (fallthrough)
branch  3 taken 1%
       81:  349:            MathLib::bigint value = tok->astOperand2()->values().front().intvalue;
call    0 returned 100%
call    1 returned 100%
call    2 returned 100%
       81:  350:            if (isSaturated(value))
call    0 returned 100%
branch  1 taken 0% (fallthrough)
branch  2 taken 100%
    #####:  351:                return nullptr;
       81:  352:            setConditionalValues(tok, false, value, true_value, false_value);
call    0 returned 100%
       81:  353:            return tok->astOperand1();
call    0 returned 100%
        -:  354:        }
        -:  355:    }
     5444:  356:    return nullptr;
        -:  357:}
        -:  358:
function _ZL27programMemoryParseConditionRN12_GLOBAL__N_113ProgramMemoryEPK5TokenS4_PK8Settingsb called 4 returned 100% blocks executed 11%
        4:  359:static void programMemoryParseCondition(ProgramMemory& pm, const Token* tok, const Token* endTok, const Settings* settings, bool then)
        -:  360:{
        4:  361:    if (Token::Match(tok, "==|>=|<=|<|>|!=")) {
call    0 returned 100%
branch  1 taken 100% (fallthrough)
branch  2 taken 0%
        4:  362:        if (then && !Token::Match(tok, "==|>=|<="))
branch  0 taken 100% (fallthrough)
branch  1 taken 0%
call    2 returned 100%
branch  3 taken 100% (fallthrough)
branch  4 taken 0% (throw)
branch  5 taken 100% (fallthrough)
branch  6 taken 0%
branch  7 taken 100% (fallthrough)
branch  8 taken 0%
        8:  363:            return;
    #####:  364:        if (!then && !Token::Match(tok, "<|>|!="))
branch  0 never executed
branch  1 never executed
call    2 never executed
branch  3 never executed
branch  4 never executed
branch  5 never executed
branch  6 never executed
branch  7 never executed
branch  8 never executed
    #####:  365:            return;
    #####:  366:        ValueFlow::Value truevalue;
call    0 never executed
call    1 never executed
    #####:  367:        ValueFlow::Value falsevalue;
call    0 never executed
call    1 never executed
branch  2 never executed
branch  3 never executed
call    4 never executed
    #####:  368:        const Token* vartok = parseCompareInt(tok, truevalue, falsevalue);
call    0 never executed
branch  1 never executed
branch  2 never executed
    #####:  369:        if (!vartok)
branch  0 never executed
branch  1 never executed
    #####:  370:            return;
    #####:  371:        if (vartok->varId() == 0)
call    0 never executed
branch  1 never executed
branch  2 never executed
    #####:  372:            return;
    #####:  373:        if (!truevalue.isIntValue())
call    0 never executed
branch  1 never executed
branch  2 never executed
    #####:  374:            return;
    #####:  375:        if (isVariableChanged(tok->next(), endTok, vartok->varId(), false, settings, true))
call    0 never executed
call    1 never executed
call    2 never executed
branch  3 never executed
branch  4 never executed
branch  5 never executed
branch  6 never executed
    #####:  376:            return;
    #####:  377:        pm.setIntValue(vartok->varId(),  then ? truevalue.intvalue : falsevalue.intvalue);
branch  0 never executed
branch  1 never executed
call    2 never executed
call    3 never executed
branch  4 never executed
branch  5 never executed
call    6 never executed
branch  7 never executed
branch  8 never executed
    #####:  378:    } else if (Token::Match(tok, "%var%")) {
call    0 never executed
branch  1 never executed
branch  2 never executed
    #####:  379:        if (tok->varId() == 0)
call    0 never executed
branch  1 never executed
branch  2 never executed
    #####:  380:            return;
    #####:  381:        if (then && !astIsPointer(tok) && !astIsBool(tok))
branch  0 never executed
branch  1 never executed
call    2 never executed
branch  3 never executed
branch  4 never executed
call    5 never executed
branch  6 never executed
branch  7 never executed
branch  8 never executed
branch  9 never executed
    #####:  382:            return;
    #####:  383:        if (isVariableChanged(tok->next(), endTok, tok->varId(), false, settings, true))
call    0 never executed
call    1 never executed
call    2 never executed
branch  3 never executed
branch  4 never executed
    #####:  384:            return;
    #####:  385:        pm.setIntValue(tok->varId(), then);
call    0 never executed
call    1 never executed
    #####:  386:    } else if (Token::simpleMatch(tok, "!")) {
call    0 never executed
branch  1 never executed
branch  2 never executed
    #####:  387:        programMemoryParseCondition(pm, tok->astOperand1(), endTok, settings, !then);
call    0 never executed
call    1 never executed
    #####:  388:    } else if (then && Token::simpleMatch(tok, "&&")) {
branch  0 never executed
branch  1 never executed
call    2 never executed
branch  3 never executed
branch  4 never executed
branch  5 never executed
branch  6 never executed
    #####:  389:        programMemoryParseCondition(pm, tok->astOperand1(), endTok, settings, then);
call    0 never executed
call    1 never executed
    #####:  390:        programMemoryParseCondition(pm, tok->astOperand2(), endTok, settings, then);
call    0 never executed
call    1 never executed
    #####:  391:    } else if (!then && Token::simpleMatch(tok, "||")) {
branch  0 never executed
branch  1 never executed
call    2 never executed
branch  3 never executed
branch  4 never executed
branch  5 never executed
branch  6 never executed
    #####:  392:        programMemoryParseCondition(pm, tok->astOperand1(), endTok, settings, then);
call    0 never executed
call    1 never executed
    #####:  393:        programMemoryParseCondition(pm, tok->astOperand2(), endTok, settings, then);
call    0 never executed
call    1 never executed
        -:  394:    }
        -:  395:}
        -:  396:
function _ZL31fillProgramMemoryFromConditionsRN12_GLOBAL__N_113ProgramMemoryEPK5ScopePK5TokenPK8Settings called 50 returned 100% blocks executed 59%
       50:  397:static void fillProgramMemoryFromConditions(ProgramMemory& pm, const Scope* scope, const Token* endTok, const Settings* settings)
        -:  398:{
       50:  399:    if (!scope)
branch  0 taken 0% (fallthrough)
branch  1 taken 100%
    #####:  400:        return;
       50:  401:    if (!scope->isLocal())
call    0 returned 100%
branch  1 taken 92% (fallthrough)
branch  2 taken 8%
       46:  402:        return;
        4:  403:    assert(scope != scope->nestedIn);
branch  0 taken 0% (fallthrough)
branch  1 taken 100%
call    2 never executed
        4:  404:    fillProgramMemoryFromConditions(pm, scope->nestedIn, endTok, settings);
call    0 returned 100%
        4:  405:    if (scope->type == Scope::eIf || scope->type == Scope::eWhile || scope->type == Scope::eElse) {
branch  0 taken 0% (fallthrough)
branch  1 taken 100%
branch  2 never executed
branch  3 never executed
branch  4 never executed
branch  5 never executed
        4:  406:        const Token * bodyStart = scope->bodyStart;
        4:  407:        if (scope->type == Scope::eElse) {
branch  0 taken 0% (fallthrough)
branch  1 taken 100%
    #####:  408:            if (!Token::simpleMatch(bodyStart->tokAt(-2), "} else {"))
call    0 never executed
call    1 never executed
branch  2 never executed
branch  3 never executed
    #####:  409:                return;
    #####:  410:            bodyStart = bodyStart->linkAt(-2);
call    0 never executed
        -:  411:        }
        4:  412:        const Token * condEndTok = bodyStart->previous();
call    0 returned 100%
        4:  413:        if (!Token::simpleMatch(condEndTok, ") {"))
call    0 returned 100%
branch  1 taken 0% (fallthrough)
branch  2 taken 100%
    #####:  414:            return;
        4:  415:        const Token * condStartTok = condEndTok->link();
call    0 returned 100%
        4:  416:        if (!condStartTok)
branch  0 taken 0% (fallthrough)
branch  1 taken 100%
    #####:  417:            return;
        4:  418:        if (!Token::Match(condStartTok->previous(), "if|while ("))
call    0 returned 100%
call    1 returned 100%
branch  2 taken 0% (fallthrough)
branch  3 taken 100%
    #####:  419:            return;
        4:  420:        const Token * condTok = condStartTok->astOperand2();
call    0 returned 100%
        4:  421:        programMemoryParseCondition(pm, condTok, endTok, settings, scope->type != Scope::eElse);
call    0 returned 100%
        -:  422:    }
        -:  423:}
        -:  424:
function _ZL31fillProgramMemoryFromConditionsRN12_GLOBAL__N_113ProgramMemoryEPK5TokenPK8Settings called 46 returned 100% blocks executed 100%
       46:  425:static void fillProgramMemoryFromConditions(ProgramMemory& pm, const Token* tok, const Settings* settings)
        -:  426:{
       46:  427:    fillProgramMemoryFromConditions(pm, tok->scope(), tok, settings);
call    0 returned 100%
call    1 returned 100%
       46:  428:}
        -:  429:
function _ZL32fillProgramMemoryFromAssignmentsRN12_GLOBAL__N_113ProgramMemoryEPK5TokenRKS0_NSt7__debug13unordered_mapIiN9ValueFlow5ValueESt4hashIiESt8equal_toIiESaISt4pairIKiSA_EEEE called 46 returned 100% blocks executed 69%
       46:  430:static void fillProgramMemoryFromAssignments(ProgramMemory& pm, const Token* tok, const ProgramMemory& state, std::unordered_map<nonneg int, ValueFlow::Value> vars)
        -:  431:{
       46:  432:    int indentlevel = 0;
      330:  433:    for (const Token *tok2 = tok; tok2; tok2 = tok2->previous()) {
branch  0 taken 100% (fallthrough)
branch  1 taken 0%
call    2 returned 100%
      330:  434:        bool setvar = false;
      330:  435:        if (Token::Match(tok2, "[;{}] %var% = %var% ;")) {
call    0 returned 100%
branch  1 taken 0% (fallthrough)
branch  2 taken 100%
    #####:  436:            for (auto&& p:vars) {
call    0 never executed
call    1 never executed
call    2 never executed
branch  3 never executed
branch  4 never executed
call    5 never executed
call    6 never executed
call    7 never executed
call    8 never executed
call    9 never executed
call   10 never executed
call   11 never executed
    #####:  437:                if (p.first != tok2->next()->varId())
call    0 never executed
call    1 never executed
branch  2 never executed
branch  3 never executed
    #####:  438:                    continue;
    #####:  439:                const Token *vartok = tok2->tokAt(3);
call    0 never executed
branch  1 never executed
branch  2 never executed
    #####:  440:                pm.setValue(vartok->varId(), p.second);
call    0 never executed
call    1 never executed
branch  2 never executed
branch  3 never executed
    #####:  441:                setvar = true;
        -:  442:            }
        -:  443:        }
      640:  444:        if (!setvar && (Token::Match(tok2, "[;{}] %var% =") ||
branch  0 taken 100% (fallthrough)
branch  1 taken 0%
call    2 returned 100%
branch  3 taken 94% (fallthrough)
branch  4 taken 6%
branch  5 taken 0% (fallthrough)
branch  6 taken 100%
branch  7 taken 6% (fallthrough)
branch  8 taken 94%
      310:  445:                        Token::Match(tok2, "[;{}] const| %type% %var% ("))) {
call    0 returned 100%
       20:  446:            const Token *vartok = tok2->next();
call    0 returned 100%
       20:  447:            while (vartok->next()->isName())
call    0 returned 100%
call    1 returned 100%
branch  2 taken 0% (fallthrough)
branch  3 taken 100%
    #####:  448:                vartok = vartok->next();
call    0 never executed
       20:  449:            if (!pm.hasValue(vartok->varId())) {
call    0 returned 100%
call    1 returned 100%
branch  2 taken 20% (fallthrough)
branch  3 taken 80%
        4:  450:                MathLib::bigint result = 0;
        4:  451:                bool error = false;
        4:  452:                execute(vartok->next()->astOperand2(), &pm, &result, &error);
call    0 returned 100%
call    1 returned 100%
call    2 returned 100%
branch  3 taken 100% (fallthrough)
branch  4 taken 0% (throw)
        4:  453:                if (!error)
branch  0 taken 50% (fallthrough)
branch  1 taken 50%
        2:  454:                    pm.setIntValue(vartok->varId(), result);
call    0 returned 100%
call    1 returned 100%
branch  2 taken 100% (fallthrough)
branch  3 taken 0% (throw)
        -:  455:            }
        -:  456:        }
        -:  457:
      330:  458:        if (tok2->str() == "{") {
call    0 returned 100%
call    1 returned 100%
branch  2 taken 9% (fallthrough)
branch  3 taken 91%
       30:  459:            if (indentlevel <= 0)
branch  0 taken 100% (fallthrough)
branch  1 taken 0%
       30:  460:                break;
    #####:  461:            --indentlevel;
        -:  462:        }
      300:  463:        if (tok2->str() == "}") {
call    0 returned 100%
call    1 returned 100%
branch  2 taken 8% (fallthrough)
branch  3 taken 92%
       24:  464:            const Token *cond = tok2->link();
call    0 returned 100%
       24:  465:            cond = Token::simpleMatch(cond->previous(), ") {") ? cond->linkAt(-1) : nullptr;
call    0 returned 100%
call    1 returned 100%
branch  2 taken 100% (fallthrough)
branch  3 taken 0%
call    4 returned 100%
       24:  466:            if (cond && conditionIsFalse(cond->astOperand2(), state))
branch  0 taken 100% (fallthrough)
branch  1 taken 0%
call    2 returned 100%
call    3 returned 100%
branch  4 taken 33% (fallthrough)
branch  5 taken 67%
branch  6 taken 33% (fallthrough)
branch  7 taken 67%
        8:  467:                tok2 = cond->previous();
call    0 returned 100%
       16:  468:            else if (cond && conditionIsTrue(cond->astOperand2(), state)) {
branch  0 taken 100% (fallthrough)
branch  1 taken 0%
call    2 returned 100%
call    3 returned 100%
branch  4 taken 0% (fallthrough)
branch  5 taken 100%
branch  6 taken 0% (fallthrough)
branch  7 taken 100%
    #####:  469:                ++indentlevel;
    #####:  470:                continue;
        -:  471:            } else
       16:  472:                break;
        -:  473:        }
        -:  474:    }
       46:  475:}
        -:  476:
        -:  477:/**
        -:  478: * Get program memory by looking backwards from given token.
        -:  479: */
function _ZL16getProgramMemoryPK5TokeniRKN9ValueFlow5ValueE called 46 returned 100% blocks executed 56%
       46:  480:static ProgramMemory getProgramMemory(const Token *tok, nonneg int varid, const ValueFlow::Value &value)
        -:  481:{
       46:  482:    ProgramMemory programMemory;
call    0 returned 100%
       46:  483:    if (value.tokvalue)
branch  0 taken 87% (fallthrough)
branch  1 taken 13%
       40:  484:        fillProgramMemoryFromConditions(programMemory, value.tokvalue, nullptr);
call    0 returned 100%
branch  1 taken 100% (fallthrough)
branch  2 taken 0% (throw)
       46:  485:    if (value.condition)
branch  0 taken 13% (fallthrough)
branch  1 taken 87%
        6:  486:        fillProgramMemoryFromConditions(programMemory, value.condition, nullptr);
call    0 returned 100%
branch  1 taken 100% (fallthrough)
branch  2 taken 0% (throw)
       46:  487:    programMemory.setValue(varid, value);
call    0 returned 100%
branch  1 taken 100% (fallthrough)
branch  2 taken 0% (throw)
       46:  488:    if (value.varId)
branch  0 taken 0% (fallthrough)
branch  1 taken 100%
    #####:  489:        programMemory.setIntValue(value.varId, value.varvalue);
call    0 never executed
branch  1 never executed
branch  2 never executed
       92:  490:    const ProgramMemory state = programMemory;
call    0 returned 100%
branch  1 taken 100% (fallthrough)
branch  2 taken 0% (throw)
call    3 returned 100%
call    4 never executed
call    5 never executed
       46:  491:    fillProgramMemoryFromAssignments(programMemory, tok, state, {{varid, value}});
call    0 returned 100%
branch  1 taken 100% (fallthrough)
branch  2 taken 0% (throw)
call    3 returned 100%
call    4 returned 100%
branch  5 taken 100% (fallthrough)
branch  6 taken 0% (throw)
call    7 returned 100%
branch  8 taken 100% (fallthrough)
branch  9 taken 0% (throw)
call   10 returned 100%
call   11 returned 100%
branch 12 taken 50% (fallthrough)
branch 13 taken 50%
call   14 returned 100%
call   15 never executed
call   16 never executed
branch 17 never executed
branch 18 never executed
call   19 never executed
       92:  492:    return programMemory;
        -:  493:}
        -:  494:
        -:  495:/**
        -:  496: * Should value be skipped because it's hidden inside && || or ?: expression.
        -:  497: * Example: ((x!=NULL) && (*x == 123))
        -:  498: * If 'valuetok' points at the x in '(*x == 123)'. Then the '&&' will be returned.
        -:  499: * @param valuetok original variable token
        -:  500: * @return NULL=>don't skip, non-NULL=>The operator token that cause the skip. For instance the '&&'.
        -:  501: * */
function _ZL32skipValueInConditionalExpressionPK5Token called 64 returned 100% blocks executed 46%
       64:  502:static const Token * skipValueInConditionalExpression(const Token * const valuetok)
        -:  503:{
        -:  504:    // Walk up the ast
       64:  505:    const Token *prev = valuetok;
      156:  506:    for (const Token *tok = valuetok->astParent(); tok; tok = tok->astParent()) {
call    0 returned 100%
branch  1 taken 59% (fallthrough)
branch  2 taken 41%
call    3 returned 100%
       92:  507:        const bool prevIsLhs = (prev == tok->astOperand1());
call    0 returned 100%
       92:  508:        prev = tok;
        -:  509:
       92:  510:        if (prevIsLhs || !Token::Match(tok, "%oror%|&&|?|:"))
branch  0 taken 59% (fallthrough)
branch  1 taken 41%
call    2 returned 100%
branch  3 taken 100% (fallthrough)
branch  4 taken 0% (throw)
branch  5 taken 100% (fallthrough)
branch  6 taken 0%
branch  7 taken 100% (fallthrough)
branch  8 taken 0%
       92:  511:            continue;
        -:  512:
    #####:  513:        if (tok->hasKnownIntValue())
call    0 never executed
branch  1 never executed
branch  2 never executed
branch  3 never executed
branch  4 never executed
    #####:  514:            return tok;
        -:  515:
        -:  516:        // Is variable protected in LHS..
    #####:  517:        bool bailout = false;
function _ZZL32skipValueInConditionalExpressionPK5TokenENKUlS1_E_clES1_ called 0 returned 0% blocks executed 0%
    #####:  518:        visitAstNodes(tok->astOperand1(), [&](const Token *tok2) {
call    0 never executed
branch  1 never executed
branch  2 never executed
call    3 never executed
call    4 never executed
branch  5 never executed
branch  6 never executed
call    7 never executed
call    8 never executed
    #####:  519:            if (tok2->str() == ".")
call    0 never executed
call    1 never executed
branch  2 never executed
branch  3 never executed
    #####:  520:                return ChildrenToVisit::none;
        -:  521:            // A variable is seen..
    #####:  522:            if (tok2 != valuetok && tok2->variable() &&
branch  0 never executed
branch  1 never executed
call    2 never executed
branch  3 never executed
branch  4 never executed
branch  5 never executed
branch  6 never executed
branch  7 never executed
branch  8 never executed
    #####:  523:                (tok2->varId() == valuetok->varId() || (!tok2->variable()->isArgument() && !tok2->hasKnownIntValue()))) {
call    0 never executed
call    1 never executed
call    2 never executed
call    3 never executed
branch  4 never executed
branch  5 never executed
call    6 never executed
branch  7 never executed
branch  8 never executed
        -:  524:                // TODO: limit this bailout
    #####:  525:                bailout = true;
    #####:  526:                return ChildrenToVisit::done;
        -:  527:            }
    #####:  528:            return ChildrenToVisit::op1_and_op2;
        -:  529:        });
    #####:  530:        if (bailout)
branch  0 never executed
branch  1 never executed
    #####:  531:            return tok;
        -:  532:    }
       64:  533:    return nullptr;
        -:  534:}
        -:  535:
function _ZL13isEscapeScopePK5TokenP9TokenListb called 4100 returned 100% blocks executed 91%
     4100:  536:static bool isEscapeScope(const Token* tok, TokenList * tokenlist, bool unknown = false)
        -:  537:{
     4100:  538:    if (!Token::simpleMatch(tok, "{"))
call    0 returned 100%
branch  1 taken 100% (fallthrough)
branch  2 taken 0% (throw)
branch  3 taken 0% (fallthrough)
branch  4 taken 100%
    #####:  539:        return false;
        -:  540:    // TODO this search for termTok in all subscopes. It should check the end of the scope.
     4100:  541:    const Token * termTok = Token::findmatch(tok, "return|continue|break|throw|goto", tok->link());
call    0 returned 100%
call    1 returned 100%
branch  2 taken 100% (fallthrough)
branch  3 taken 0% (throw)
     4100:  542:    if (termTok && termTok->scope() == tok->scope())
branch  0 taken 1% (fallthrough)
branch  1 taken 99%
call    2 returned 100%
call    3 returned 100%
branch  4 taken 100% (fallthrough)
branch  5 taken 0%
branch  6 taken 1% (fallthrough)
branch  7 taken 99%
       39:  543:        return true;
     8122:  544:    std::string unknownFunction;
call    0 returned 100%
call    1 returned 100%
call    2 never executed
     4061:  545:    if (tokenlist && tokenlist->getSettings()->library.isScopeNoReturn(tok->link(), &unknownFunction))
branch  0 taken 100% (fallthrough)
branch  1 taken 0%
call    2 returned 100%
call    3 returned 100%
call    4 returned 100%
branch  5 taken 100% (fallthrough)
branch  6 taken 0% (throw)
branch  7 taken 1% (fallthrough)
branch  8 taken 99%
branch  9 taken 1% (fallthrough)
branch 10 taken 99%
       18:  546:        return unknownFunction.empty() || unknown;
call    0 returned 100%
branch  1 taken 78% (fallthrough)
branch  2 taken 22%
branch  3 taken 0% (fallthrough)
branch  4 taken 100%
     4043:  547:    return false;
        -:  548:}
        -:  549:
function _ZL21bailoutSelfAssignmentPK5Token called 14 returned 100% blocks executed 46%
       14:  550:static bool bailoutSelfAssignment(const Token * const tok)
        -:  551:{
       14:  552:    const Token *parent = tok;
      110:  553:    while (parent) {
branch  0 taken 77% (fallthrough)
branch  1 taken 23%
       48:  554:        const Token *op = parent;
       48:  555:        parent = parent->astParent();
call    0 returned 100%
        -:  556:
        -:  557:        // Assignment where lhs variable exists in rhs => return true
       82:  558:        if (parent                         != nullptr      &&
branch  0 taken 47% (fallthrough)
branch  1 taken 53%
branch  2 taken 0% (fallthrough)
branch  3 taken 100%
       50:  559:            parent->astOperand2()          == op           &&
call    0 returned 100%
branch  1 taken 100% (fallthrough)
branch  2 taken 0%
       80:  560:            parent->astOperand1()          != nullptr      &&
branch  0 taken 71% (fallthrough)
branch  1 taken 29%
call    2 returned 100%
branch  3 taken 0% (fallthrough)
branch  4 taken 100%
       16:  561:            parent->str()                  == "=") {
call    0 returned 100%
call    1 returned 100%
    #####:  562:            for (const Token *lhs = parent->astOperand1(); lhs; lhs = lhs->astOperand1()) {
call    0 never executed
branch  1 never executed
branch  2 never executed
call    3 never executed
    #####:  563:                if (lhs->varId() == tok->varId())
call    0 never executed
call    1 never executed
branch  2 never executed
branch  3 never executed
    #####:  564:                    return true;
    #####:  565:                if (lhs->astOperand2() && lhs->astOperand2()->varId() == tok->varId())
call    0 never executed
branch  1 never executed
branch  2 never executed
call    3 never executed
call    4 never executed
call    5 never executed
branch  6 never executed
branch  7 never executed
branch  8 never executed
branch  9 never executed
    #####:  566:                    return true;
        -:  567:            }
        -:  568:        }
        -:  569:    }
       14:  570:    return false;
        -:  571:}
        -:  572:
function _ZL9castValueN9ValueFlow5ValueEN9ValueType4SignEi called 0 returned 0% blocks executed 0%
    #####:  573:static ValueFlow::Value castValue(ValueFlow::Value value, const ValueType::Sign sign, nonneg int bit)
        -:  574:{
    #####:  575:    if (value.isFloatValue()) {
call    0 never executed
branch  1 never executed
branch  2 never executed
    #####:  576:        value.valueType = ValueFlow::Value::INT;
    #####:  577:        if (value.floatValue >= std::numeric_limits<int>::min() && value.floatValue <= std::numeric_limits<int>::max()) {
call    0 never executed
branch  1 never executed
branch  2 never executed
call    3 never executed
branch  4 never executed
branch  5 never executed
branch  6 never executed
branch  7 never executed
    #####:  578:            value.intvalue = value.floatValue;
        -:  579:        } else { // don't perform UB
    #####:  580:            value.intvalue = 0;
        -:  581:        }
        -:  582:    }
    #####:  583:    if (bit < MathLib::bigint_bits) {
branch  0 never executed
branch  1 never executed
    #####:  584:        const MathLib::biguint one = 1;
    #####:  585:        value.intvalue &= (one << bit) - 1;
    #####:  586:        if (sign == ValueType::Sign::SIGNED && value.intvalue & (one << (bit - 1))) {
branch  0 never executed
branch  1 never executed
branch  2 never executed
branch  3 never executed
    #####:  587:            value.intvalue |= ~((one << bit) - 1ULL);
        -:  588:        }
        -:  589:    }
    #####:  590:    return value;
call    0 never executed
        -:  591:}
        -:  592:
function _ZL22combineValuePropertiesRKN9ValueFlow5ValueES2_PS0_ called 6 returned 100% blocks executed 86%
        6:  593:static void combineValueProperties(const ValueFlow::Value &value1, const ValueFlow::Value &value2, ValueFlow::Value *result)
        -:  594:{
        6:  595:    if (value1.isKnown() && value2.isKnown())
call    0 returned 100%
branch  1 taken 33% (fallthrough)
branch  2 taken 67%
call    3 returned 100%
branch  4 taken 100% (fallthrough)
branch  5 taken 0%
branch  6 taken 33% (fallthrough)
branch  7 taken 67%
        2:  596:        result->setKnown();
call    0 returned 100%
        4:  597:    else if (value1.isImpossible() || value2.isImpossible())
call    0 returned 100%
branch  1 taken 100% (fallthrough)
branch  2 taken 0%
call    3 returned 100%
branch  4 taken 0% (fallthrough)
branch  5 taken 100%
branch  6 taken 0% (fallthrough)
branch  7 taken 100%
    #####:  598:        result->setImpossible();
call    0 never executed
        4:  599:    else if (value1.isInconclusive() || value2.isInconclusive())
call    0 returned 100%
branch  1 taken 100% (fallthrough)
branch  2 taken 0%
call    3 returned 100%
branch  4 taken 0% (fallthrough)
branch  5 taken 100%
branch  6 taken 0% (fallthrough)
branch  7 taken 100%
    #####:  600:        result->setInconclusive();
call    0 never executed
        -:  601:    else
        4:  602:        result->setPossible();
call    0 returned 100%
        6:  603:    result->condition = value1.condition ? value1.condition : value2.condition;
branch  0 taken 50% (fallthrough)
branch  1 taken 50%
        6:  604:    result->varId = (value1.varId != 0U) ? value1.varId : value2.varId;
branch  0 taken 67% (fallthrough)
branch  1 taken 33%
        6:  605:    result->varvalue = (result->varId == value1.varId) ? value1.varvalue : value2.varvalue;
branch  0 taken 100% (fallthrough)
branch  1 taken 0%
        6:  606:    result->errorPath = (value1.errorPath.empty() ? value2 : value1).errorPath;
call    0 returned 100%
branch  1 taken 33% (fallthrough)
branch  2 taken 67%
call    3 returned 100%
        6:  607:    result->safe = value1.safe || value2.safe;
branch  0 taken 100% (fallthrough)
branch  1 taken 0%
branch  2 taken 0% (fallthrough)
branch  3 taken 100%
        6:  608:}
        -:  609:
        -:  610:
function _ZL21getCastTypeStartTokenPK5Token called 4270 returned 100% blocks executed 86%
     4270:  611:static const Token *getCastTypeStartToken(const Token *parent)
        -:  612:{
        -:  613:    // TODO: This might be a generic utility function?
     4270:  614:    if (!parent || parent->str() != "(")
branch  0 taken 100% (fallthrough)
branch  1 taken 0%
call    2 returned 100%
call    3 returned 100%
branch  4 taken 4% (fallthrough)
branch  5 taken 96%
branch  6 taken 4% (fallthrough)
branch  7 taken 96%
      153:  615:        return nullptr;
     4117:  616:    if (!parent->astOperand2() && Token::Match(parent,"( %name%"))
call    0 returned 100%
branch  1 taken 1% (fallthrough)
branch  2 taken 99%
call    3 returned 100%
branch  4 taken 100% (fallthrough)
branch  5 taken 0%
branch  6 taken 1% (fallthrough)
branch  7 taken 99%
        2:  617:        return parent->next();
call    0 returned 100%
     4115:  618:    if (parent->astOperand2() && Token::Match(parent->astOperand1(), "const_cast|dynamic_cast|reinterpret_cast|static_cast <"))
call    0 returned 100%
branch  1 taken 100% (fallthrough)
branch  2 taken 0%
call    3 returned 100%
call    4 returned 100%
branch  5 taken 0% (fallthrough)
branch  6 taken 100%
branch  7 taken 0% (fallthrough)
branch  8 taken 100%
    #####:  619:        return parent->astOperand1()->tokAt(2);
call    0 never executed
call    1 never executed
     4115:  620:    return nullptr;
        -:  621:}
        -:  622:
        -:  623:/** Set token value for cast */
        -:  624:static void setTokenValueCast(Token *parent, const ValueType &valueType, const ValueFlow::Value &value, const Settings *settings);
        -:  625:
        -:  626:/** set ValueFlow value and perform calculations if possible */
function _ZL13setTokenValueP5TokenRKN9ValueFlow5ValueEPK8Settings called 4335 returned 100% blocks executed 26%
     4335:  627:static void setTokenValue(Token* tok, const ValueFlow::Value &value, const Settings *settings)
        -:  628:{
     4335:  629:    if (!tok->addValue(value))
call    0 returned 100%
branch  1 taken 1% (fallthrough)
branch  2 taken 99%
       33:  630:        return;
        -:  631:
     4302:  632:    Token *parent = tok->astParent();
call    0 returned 100%
     4302:  633:    if (!parent)
branch  0 taken 0% (fallthrough)
branch  1 taken 100%
    #####:  634:        return;
        -:  635:
     4302:  636:    if (value.isContainerSizeValue()) {
call    0 returned 100%
branch  1 taken 0% (fallthrough)
branch  2 taken 100%
        -:  637:        // .empty, .size, +"abc", +'a'
    #####:  638:        if (parent->str() == "+") {
call    0 never executed
call    1 never executed
branch  2 never executed
branch  3 never executed
    #####:  639:            for (const ValueFlow::Value &value1 : parent->astOperand1()->values()) {
call    0 never executed
call    1 never executed
call    2 never executed
call    3 never executed
call    4 never executed
branch  5 never executed
branch  6 never executed
call    7 never executed
call    8 never executed
call    9 never executed
call   10 never executed
call   11 never executed
call   12 never executed
call   13 never executed
    #####:  640:                for (const ValueFlow::Value &value2 : parent->astOperand2()->values()) {
call    0 never executed
call    1 never executed
call    2 never executed
call    3 never executed
call    4 never executed
branch  5 never executed
branch  6 never executed
call    7 never executed
call    8 never executed
call    9 never executed
call   10 never executed
call   11 never executed
call   12 never executed
    #####:  641:                    ValueFlow::Value result;
call    0 never executed
call    1 never executed
    #####:  642:                    result.valueType = ValueFlow::Value::ValueType::CONTAINER_SIZE;
    #####:  643:                    if (value1.isContainerSizeValue() && value2.isContainerSizeValue())
call    0 never executed
branch  1 never executed
branch  2 never executed
call    3 never executed
branch  4 never executed
branch  5 never executed
branch  6 never executed
branch  7 never executed
    #####:  644:                        result.intvalue = value1.intvalue + value2.intvalue;
    #####:  645:                    else if (value1.isContainerSizeValue() && value2.isTokValue() && value2.tokvalue->tokType() == Token::eString)
call    0 never executed
branch  1 never executed
branch  2 never executed
call    3 never executed
branch  4 never executed
branch  5 never executed
call    6 never executed
branch  7 never executed
branch  8 never executed
branch  9 never executed
branch 10 never executed
    #####:  646:                        result.intvalue = value1.intvalue + Token::getStrLength(value2.tokvalue);
call    0 never executed
branch  1 never executed
branch  2 never executed
    #####:  647:                    else if (value2.isContainerSizeValue() && value1.isTokValue() && value1.tokvalue->tokType() == Token::eString)
call    0 never executed
branch  1 never executed
branch  2 never executed
call    3 never executed
branch  4 never executed
branch  5 never executed
call    6 never executed
branch  7 never executed
branch  8 never executed
branch  9 never executed
branch 10 never executed
    #####:  648:                        result.intvalue = Token::getStrLength(value1.tokvalue) + value2.intvalue;
call    0 never executed
branch  1 never executed
branch  2 never executed
        -:  649:                    else
    #####:  650:                        continue;
        -:  651:
    #####:  652:                    combineValueProperties(value1, value2, &result);
call    0 never executed
branch  1 never executed
branch  2 never executed
        -:  653:
    #####:  654:                    setTokenValue(parent, result, settings);
call    0 never executed
branch  1 never executed
branch  2 never executed
call    3 never executed
branch  4 never executed
branch  5 never executed
        -:  655:                }
        -:  656:            }
        -:  657:        }
        -:  658:
        -:  659:
    #####:  660:        else if (Token::Match(parent, ". %name% (") && parent->astParent() == parent->tokAt(2) && parent->astOperand1() && parent->astOperand1()->valueType()) {
call    0 never executed
branch  1 never executed
branch  2 never executed
call    3 never executed
call    4 never executed
branch  5 never executed
branch  6 never executed
call    7 never executed
branch  8 never executed
branch  9 never executed
call   10 never executed
call   11 never executed
branch 12 never executed
branch 13 never executed
branch 14 never executed
branch 15 never executed
    #####:  661:            const Library::Container *c = parent->astOperand1()->valueType()->container;
call    0 never executed
call    1 never executed
    #####:  662:            const Library::Container::Yield yields = c ? c->getYield(parent->strAt(1)) : Library::Container::Yield::NO_YIELD;
branch  0 never executed
branch  1 never executed
call    2 never executed
call    3 never executed
    #####:  663:            if (yields == Library::Container::Yield::SIZE) {
branch  0 never executed
branch  1 never executed
    #####:  664:                ValueFlow::Value v(value);
call    0 never executed
branch  1 never executed
branch  2 never executed
call    3 never executed
call    4 never executed
call    5 never executed
    #####:  665:                v.valueType = ValueFlow::Value::ValueType::INT;
    #####:  666:                setTokenValue(parent->astParent(), v, settings);
call    0 never executed
call    1 never executed
branch  2 never executed
branch  3 never executed
    #####:  667:            } else if (yields == Library::Container::Yield::EMPTY) {
branch  0 never executed
branch  1 never executed
    #####:  668:                ValueFlow::Value v(value);
call    0 never executed
branch  1 never executed
branch  2 never executed
call    3 never executed
call    4 never executed
call    5 never executed
    #####:  669:                v.intvalue = !v.intvalue;
    #####:  670:                v.valueType = ValueFlow::Value::ValueType::INT;
    #####:  671:                setTokenValue(parent->astParent(), v, settings);
call    0 never executed
call    1 never executed
branch  2 never executed
branch  3 never executed
        -:  672:            }
        -:  673:        }
        -:  674:
    #####:  675:        return;
        -:  676:    }
        -:  677:
     4302:  678:    if (value.isLifetimeValue()) {
call    0 returned 100%
branch  1 taken 1% (fallthrough)
branch  2 taken 99%
       13:  679:        if (value.lifetimeKind == ValueFlow::Value::LifetimeKind::Iterator && astIsIterator(parent)) {
branch  0 taken 0% (fallthrough)
branch  1 taken 100%
call    2 never executed
branch  3 never executed
branch  4 never executed
branch  5 taken 0% (fallthrough)
branch  6 taken 100%
    #####:  680:            setTokenValue(parent,value,settings);
call    0 never executed
       13:  681:        } else if (astIsPointer(tok) && astIsPointer(parent) &&
call    0 returned 100%
branch  1 taken 54% (fallthrough)
branch  2 taken 46%
call    3 returned 100%
branch  4 taken 0% (fallthrough)
branch  5 taken 100%
branch  6 never executed
branch  7 never executed
branch  8 taken 0% (fallthrough)
branch  9 taken 100%
    #####:  682:                   (parent->isArithmeticalOp() || Token::Match(parent, "( %type%"))) {
call    0 never executed
call    1 never executed
branch  2 never executed
branch  3 never executed
    #####:  683:            setTokenValue(parent,value,settings);
call    0 never executed
        -:  684:        }
       13:  685:        return;
        -:  686:    }
        -:  687:
     4289:  688:    if (value.isUninitValue()) {
call    0 returned 100%
branch  1 taken 1% (fallthrough)
branch  2 taken 99%
       38:  689:        ValueFlow::Value pvalue = value;
call    0 returned 100%
branch  1 taken 100% (fallthrough)
branch  2 taken 0% (throw)
call    3 returned 100%
call    4 never executed
call    5 never executed
       19:  690:        if (parent->isUnaryOp("&")) {
call    0 returned 100%
call    1 returned 100%
branch  2 taken 100% (fallthrough)
branch  3 taken 0% (throw)
call    4 returned 100%
branch  5 taken 100% (fallthrough)
branch  6 taken 0% (throw)
call    7 returned 100%
call    8 returned 100%
branch  9 taken 0% (fallthrough)
branch 10 taken 100%
call   11 never executed
call   12 never executed
    #####:  691:            pvalue.indirect++;
    #####:  692:            setTokenValue(parent, pvalue, settings);
call    0 never executed
branch  1 never executed
branch  2 never executed
       19:  693:        } else if (Token::Match(parent, ". %var%") && parent->astOperand1() == tok) {
call    0 returned 100%
branch  1 taken 100% (fallthrough)
branch  2 taken 0% (throw)
branch  3 taken 0% (fallthrough)
branch  4 taken 100%
call    5 never executed
branch  6 never executed
branch  7 never executed
branch  8 taken 0% (fallthrough)
branch  9 taken 100%
    #####:  694:            if (parent->originalName() == "->" && pvalue.indirect > 0)
call    0 never executed
call    1 never executed
branch  2 never executed
branch  3 never executed
branch  4 never executed
branch  5 never executed
branch  6 never executed
branch  7 never executed
    #####:  695:                pvalue.indirect--;
    #####:  696:            setTokenValue(parent->astOperand2(), pvalue, settings);
call    0 never executed
call    1 never executed
branch  2 never executed
branch  3 never executed
       19:  697:        } else if (Token::Match(parent->astParent(), ". %var%") && parent->astParent()->astOperand1() == parent) {
call    0 returned 100%
call    1 returned 100%
branch  2 taken 100% (fallthrough)
branch  3 taken 0% (throw)
branch  4 taken 0% (fallthrough)
branch  5 taken 100%
call    6 never executed
call    7 never executed
branch  8 never executed
branch  9 never executed
branch 10 taken 0% (fallthrough)
branch 11 taken 100%
    #####:  698:            if (parent->astParent()->originalName() == "->" && pvalue.indirect > 0)
call    0 never executed
call    1 never executed
call    2 never executed
branch  3 never executed
branch  4 never executed
branch  5 never executed
branch  6 never executed
branch  7 never executed
branch  8 never executed
    #####:  699:                pvalue.indirect--;
    #####:  700:            setTokenValue(parent->astParent()->astOperand2(), pvalue, settings);
call    0 never executed
call    1 never executed
call    2 never executed
branch  3 never executed
branch  4 never executed
       19:  701:        } else if (parent->isUnaryOp("*") && pvalue.indirect > 0) {
call    0 returned 100%
call    1 returned 100%
branch  2 taken 100% (fallthrough)
branch  3 taken 0% (throw)
call    4 returned 100%
branch  5 taken 100% (fallthrough)
branch  6 taken 0% (throw)
branch  7 taken 0% (fallthrough)
branch  8 taken 100%
branch  9 never executed
branch 10 never executed
branch 11 taken 100% (fallthrough)
branch 12 taken 0%
call   13 returned 100%
branch 14 taken 100% (fallthrough)
branch 15 taken 0%
call   16 returned 100%
branch 17 taken 0% (fallthrough)
branch 18 taken 100%
branch 19 never executed
branch 20 never executed
call   21 never executed
branch 22 never executed
branch 23 never executed
call   24 never executed
    #####:  702:            pvalue.indirect--;
    #####:  703:            setTokenValue(parent, pvalue, settings);
call    0 never executed
branch  1 never executed
branch  2 never executed
        -:  704:        }
       19:  705:        return;
        -:  706:    }
        -:  707:
        -:  708:    // cast..
     4270:  709:    if (const Token *castType = getCastTypeStartToken(parent)) {
call    0 returned 100%
branch  1 taken 1% (fallthrough)
branch  2 taken 99%
        2:  710:        if (astIsPointer(tok) && value.valueType == ValueFlow::Value::INT &&
call    0 returned 100%
branch  1 taken 100% (fallthrough)
branch  2 taken 0% (throw)
branch  3 taken 0% (fallthrough)
branch  4 taken 100%
branch  5 never executed
branch  6 never executed
branch  7 never executed
branch  8 never executed
branch  9 taken 0% (fallthrough)
branch 10 taken 100%
    #####:  711:            Token::simpleMatch(parent->astOperand1(), "dynamic_cast"))
call    0 never executed
call    1 never executed
branch  2 never executed
branch  3 never executed
    #####:  712:            return;
        4:  713:        const ValueType &valueType = ValueType::parseDecl(castType, settings);
call    0 returned 100%
branch  1 taken 100% (fallthrough)
branch  2 taken 0% (throw)
call    3 returned 100%
call    4 never executed
call    5 never executed
        2:  714:        setTokenValueCast(parent, valueType, value, settings);
call    0 returned 100%
branch  1 taken 100% (fallthrough)
branch  2 taken 0% (throw)
        -:  715:    }
        -:  716:
     4268:  717:    else if (parent->str() == ":") {
call    0 returned 100%
call    1 returned 100%
branch  2 taken 0% (fallthrough)
branch  3 taken 100%
    #####:  718:        setTokenValue(parent,value,settings);
call    0 never executed
        -:  719:    }
        -:  720:
     4268:  721:    else if (parent->str() == "?" && tok->str() == ":" && tok == parent->astOperand2() && parent->astOperand1()) {
call    0 returned 100%
call    1 returned 100%
branch  2 taken 0% (fallthrough)
branch  3 taken 100%
call    4 never executed
call    5 never executed
branch  6 never executed
branch  7 never executed
call    8 never executed
branch  9 never executed
branch 10 never executed
call   11 never executed
branch 12 never executed
branch 13 never executed
branch 14 taken 0% (fallthrough)
branch 15 taken 100%
        -:  722:        // is condition always true/false?
    #####:  723:        if (parent->astOperand1()->hasKnownValue()) {
call    0 never executed
call    1 never executed
branch  2 never executed
branch  3 never executed
    #####:  724:            const ValueFlow::Value &condvalue = parent->astOperand1()->values().front();
call    0 never executed
call    1 never executed
call    2 never executed
    #####:  725:            const bool cond(condvalue.isTokValue() || (condvalue.isIntValue() && condvalue.intvalue != 0));
call    0 never executed
branch  1 never executed
branch  2 never executed
call    3 never executed
branch  4 never executed
branch  5 never executed
branch  6 never executed
branch  7 never executed
    #####:  726:            if (cond && !tok->astOperand1()) { // true condition, no second operator
branch  0 never executed
branch  1 never executed
call    2 never executed
branch  3 never executed
branch  4 never executed
branch  5 never executed
branch  6 never executed
    #####:  727:                setTokenValue(parent, condvalue, settings);
call    0 never executed
        -:  728:            } else {
    #####:  729:                const Token *op = cond ? tok->astOperand1() : tok->astOperand2();
branch  0 never executed
branch  1 never executed
call    2 never executed
call    3 never executed
    #####:  730:                if (!op) // #7769 segmentation fault at setTokenValue()
branch  0 never executed
branch  1 never executed
    #####:  731:                    return;
    #####:  732:                const std::list<ValueFlow::Value> &values = op->values();
call    0 never executed
    #####:  733:                if (std::find(values.begin(), values.end(), value) != values.end())
call    0 never executed
call    1 never executed
call    2 never executed
call    3 never executed
branch  4 never executed
branch  5 never executed
call    6 never executed
call    7 never executed
call    8 never executed
call    9 never executed
call   10 never executed
branch 11 never executed
branch 12 never executed
call   13 never executed
call   14 never executed
call   15 never executed
call   16 never executed
    #####:  734:                    setTokenValue(parent, value, settings);
call    0 never executed
        -:  735:            }
        -:  736:        } else {
        -:  737:            // is condition only depending on 1 variable?
    #####:  738:            int varId = 0;
    #####:  739:            bool ret = false;
    #####:  740:            visitAstNodes(parent->astOperand1(),
call    0 never executed
branch  1 never executed
branch  2 never executed
call    3 never executed
call    4 never executed
branch  5 never executed
branch  6 never executed
call    7 never executed
call    8 never executed
function _ZZL13setTokenValueP5TokenRKN9ValueFlow5ValueEPK8SettingsENKUlPKS_E_clES9_ called 0 returned 0% blocks executed 0%
    #####:  741:            [&](const Token *t) {
    #####:  742:                if (t->varId()) {
call    0 never executed
branch  1 never executed
branch  2 never executed
    #####:  743:                    if (varId > 0 || value.varId != 0U)
branch  0 never executed
branch  1 never executed
branch  2 never executed
branch  3 never executed
    #####:  744:                        ret = true;
    #####:  745:                    varId = t->varId();
call    0 never executed
    #####:  746:                } else if (t->str() == "(" && Token::Match(t->previous(), "%name%"))
call    0 never executed
call    1 never executed
branch  2 never executed
branch  3 never executed
call    4 never executed
call    5 never executed
branch  6 never executed
branch  7 never executed
branch  8 never executed
branch  9 never executed
    #####:  747:                    ret = true; // function call
    #####:  748:                return ret ? ChildrenToVisit::done : ChildrenToVisit::op1_and_op2;
branch  0 never executed
branch  1 never executed
        -:  749:            });
    #####:  750:            if (ret)
branch  0 never executed
branch  1 never executed
    #####:  751:                return;
        -:  752:
    #####:  753:            ValueFlow::Value v(value);
call    0 never executed
branch  1 never executed
branch  2 never executed
call    3 never executed
call    4 never executed
call    5 never executed
    #####:  754:            v.conditional = true;
    #####:  755:            v.changeKnownToPossible();
call    0 never executed
        -:  756:
    #####:  757:            if (varId)
branch  0 never executed
branch  1 never executed
    #####:  758:                v.varId = varId;
        -:  759:
    #####:  760:            setTokenValue(parent, v, settings);
call    0 never executed
branch  1 never executed
branch  2 never executed
        -:  761:        }
        -:  762:    }
        -:  763:
        -:  764:    // Calculations..
    12851:  765:    else if ((parent->isArithmeticalOp() || parent->isComparisonOp() || (parent->tokType() == Token::eBitOp) || (parent->tokType() == Token::eLogicalOp)) &&
call    0 returned 100%
call    1 returned 100%
branch  2 taken 99% (fallthrough)
branch  3 taken 1%
call    4 returned 100%
branch  5 taken 100% (fallthrough)
branch  6 taken 0%
call    7 returned 100%
branch  8 taken 1% (fallthrough)
branch  9 taken 99%
branch 10 taken 100% (fallthrough)
branch 11 taken 0%
branch 12 taken 1% (fallthrough)
branch 13 taken 99%
     4380:  766:             parent->astOperand1() &&
branch  0 taken 99% (fallthrough)
branch  1 taken 1%
call    2 returned 100%
branch  3 taken 95% (fallthrough)
branch  4 taken 5%
       56:  767:             parent->astOperand2()) {
call    0 returned 100%
        -:  768:
[...]
branch  5 never executed
branch  6 never executed
call    7 never executed
branch  8 never executed
branch  9 never executed
call   10 never executed
branch 11 never executed
branch 12 never executed
call   13 never executed
branch 14 never executed
branch 15 never executed
call   16 never executed
call   17 never executed
branch 18 never executed
branch 19 never executed
call   20 never executed
call   21 never executed
call   22 never executed
call   23 never executed
call   24 never executed
call   25 never executed
call   26 never executed
call   27 never executed
call   28 never executed
call   29 never executed
    #####: 6167:                argValues.back().safe = safeLow;
call    0 never executed
        -: 6168:            }
    #####: 6169:            if (isHigh) {
branch  0 never executed
branch  1 never executed
    #####: 6170:                argValues.emplace_back(high);
call    0 never executed
branch  1 never executed
branch  2 never executed
    #####: 6171:                argValues.back().errorPath.emplace_back(arg.nameToken(), std::string(safeHigh ? "Safe checks: " : "") + "Assuming argument has value " + MathLib::toString(high));
call    0 never executed
call    1 never executed
branch  2 never executed
branch  3 never executed
call    4 never executed
branch  5 never executed
branch  6 never executed
call    7 never executed
branch  8 never executed
branch  9 never executed
call   10 never executed
branch 11 never executed
branch 12 never executed
call   13 never executed
branch 14 never executed
branch 15 never executed
call   16 never executed
call   17 never executed
branch 18 never executed
branch 19 never executed
call   20 never executed
call   21 never executed
call   22 never executed
call   23 never executed
call   24 never executed
call   25 never executed
call   26 never executed
call   27 never executed
call   28 never executed
call   29 never executed
    #####: 6172:                argValues.back().safe = safeHigh;
call    0 never executed
        -: 6173:            }
        -: 6174:
    #####: 6175:            if (!argValues.empty())
call    0 never executed
branch  1 never executed
branch  2 never executed
    #####: 6176:                valueFlowForward(const_cast<Token *>(functionScope->bodyStart->next()),
call    0 never executed
branch  1 never executed
branch  2 never executed
call    3 never executed
call    4 never executed
call    5 never executed
branch  6 never executed
branch  7 never executed
call    8 never executed
call    9 never executed
    #####: 6177:                                 functionScope->bodyEnd,
        -: 6178:                                 &arg,
        -: 6179:                                 arg.declarationId(),
        -: 6180:                                 argValues,
        -: 6181:                                 false,
        -: 6182:                                 false,
        -: 6183:                                 tokenlist,
        -: 6184:                                 errorLogger,
        -: 6185:                                 settings);
        -: 6186:        }
        -: 6187:    }
      224: 6188:}
        -: 6189:
function _ZL30valueFlowUnknownFunctionReturnP9TokenListPK8Settings called 194 returned 100% blocks executed 7%
      194: 6190:static void valueFlowUnknownFunctionReturn(TokenList *tokenlist, const Settings *settings)
        -: 6191:{
      194: 6192:    if (settings->checkUnknownFunctionReturn.empty())
call    0 returned 100%
branch  1 taken 100% (fallthrough)
branch  2 taken 0%
      194: 6193:        return;
    #####: 6194:    for (Token *tok = tokenlist->front(); tok; tok = tok->next()) {
call    0 never executed
branch  1 never executed
branch  2 never executed
call    3 never executed
    #####: 6195:        if (!tok->astParent() || tok->str() != "(")
call    0 never executed
branch  1 never executed
branch  2 never executed
call    3 never executed
call    4 never executed
branch  5 never executed
branch  6 never executed
branch  7 never executed
branch  8 never executed
    #####: 6196:            continue;
    #####: 6197:        if (!Token::Match(tok->previous(), "%name%"))
call    0 never executed
call    1 never executed
branch  2 never executed
branch  3 never executed
branch  4 never executed
branch  5 never executed
    #####: 6198:            continue;
    #####: 6199:        if (settings->checkUnknownFunctionReturn.find(tok->previous()->str()) == settings->checkUnknownFunctionReturn.end())
call    0 never executed
call    1 never executed
call    2 never executed
call    3 never executed
branch  4 never executed
branch  5 never executed
call    6 never executed
call    7 never executed
call    8 never executed
branch  9 never executed
branch 10 never executed
call   11 never executed
    #####: 6200:            continue;
    #####: 6201:        std::vector<MathLib::bigint> unknownValues = settings->library.unknownReturnValues(tok->astOperand1());
call    0 never executed
call    1 never executed
branch  2 never executed
branch  3 never executed
call    4 never executed
    #####: 6202:        if (unknownValues.empty())
call    0 never executed
branch  1 never executed
branch  2 never executed
    #####: 6203:            continue;
        -: 6204:
        -: 6205:        // Get min/max values for return type
    #####: 6206:        const std::string &typestr = settings->library.returnValueType(tok->previous());
call    0 never executed
call    1 never executed
branch  2 never executed
branch  3 never executed
        -: 6207:        MathLib::bigint minvalue, maxvalue;
    #####: 6208:        if (!getMinMaxValues(typestr, settings, &minvalue, &maxvalue))
call    0 never executed
branch  1 never executed
branch  2 never executed
branch  3 never executed
branch  4 never executed
    #####: 6209:            continue;
        -: 6210:
    #####: 6211:        for (MathLib::bigint value : unknownValues) {
call    0 never executed
call    1 never executed
call    2 never executed
branch  3 never executed
branch  4 never executed
call    5 never executed
call    6 never executed
call    7 never executed
call    8 never executed
call    9 never executed
branch 10 never executed
branch 11 never executed
call   12 never executed
call   13 never executed
    #####: 6212:            if (value < minvalue)
branch  0 never executed
branch  1 never executed
    #####: 6213:                value = minvalue;
    #####: 6214:            else if (value > maxvalue)
branch  0 never executed
branch  1 never executed
    #####: 6215:                value = maxvalue;
    #####: 6216:            setTokenValue(const_cast<Token *>(tok), ValueFlow::Value(value), settings);
call    0 never executed
call    1 never executed
branch  2 never executed
branch  3 never executed
call    4 never executed
call    5 never executed
        -: 6217:        }
        -: 6218:    }
        -: 6219:}
        -: 6220:
function _ZN9ValueFlow5ValueC2EPK5Tokenx called 329 returned 100% blocks executed 50%
      329: 6221:ValueFlow::Value::Value(const Token* c, long long val)
        -: 6222:    : valueType(INT),
        -: 6223:      bound(Bound::Point),
        -: 6224:      intvalue(val),
        -: 6225:      tokvalue(nullptr),
        -: 6226:      floatValue(0.0),
        -: 6227:      moveKind(MoveKind::NonMovedVariable),
        -: 6228:      varvalue(val),
        -: 6229:      condition(c),
        -: 6230:      varId(0U),
        -: 6231:      safe(false),
        -: 6232:      conditional(false),
        -: 6233:      defaultArg(false),
        -: 6234:      indirect(0),
        -: 6235:      lifetimeKind(LifetimeKind::Object),
        -: 6236:      lifetimeScope(LifetimeScope::Local),
      329: 6237:      valueKind(ValueKind::Possible)
call    0 returned 100%
call    1 never executed
        -: 6238:{
      329: 6239:    errorPath.emplace_back(c, "Assuming that condition '" + c->expressionString() + "' is not redundant");
call    0 returned 100%
branch  1 taken 100% (fallthrough)
branch  2 taken 0% (throw)
call    3 returned 100%
branch  4 taken 100% (fallthrough)
branch  5 taken 0% (throw)
call    6 returned 100%
branch  7 taken 100% (fallthrough)
branch  8 taken 0% (throw)
call    9 returned 100%
branch 10 taken 100% (fallthrough)
branch 11 taken 0% (throw)
call   12 returned 100%
call   13 returned 100%
call   14 returned 100%
call   15 never executed
call   16 never executed
call   17 never executed
      329: 6240:}
        -: 6241:
function _ZNK9ValueFlow5Value10infoStringB5cxx11Ev called 30 returned 100% blocks executed 9%
       30: 6242:std::string ValueFlow::Value::infoString() const
        -: 6243:{
       30: 6244:    switch (valueType) {
branch  0 taken 100%
branch  1 taken 0%
branch  2 taken 0%
branch  3 taken 0%
branch  4 taken 0%
branch  5 taken 0%
branch  6 taken 0%
branch  7 taken 0%
       30: 6245:    case INT:
       30: 6246:        return MathLib::toString(intvalue);
call    0 returned 100%
    #####: 6247:    case TOK:
    #####: 6248:        return tokvalue->str();
call    0 never executed
call    1 never executed
    #####: 6249:    case FLOAT:
    #####: 6250:        return MathLib::toString(floatValue);
call    0 never executed
    #####: 6251:    case MOVED:
    #####: 6252:        return "<Moved>";
call    0 never executed
call    1 never executed
branch  2 never executed
branch  3 never executed
call    4 never executed
call    5 never executed
call    6 never executed
    #####: 6253:    case UNINIT:
    #####: 6254:        return "<Uninit>";
call    0 never executed
call    1 never executed
branch  2 never executed
branch  3 never executed
call    4 never executed
call    5 never executed
call    6 never executed
    #####: 6255:    case BUFFER_SIZE:
        -: 6256:    case CONTAINER_SIZE:
    #####: 6257:        return "size=" + MathLib::toString(intvalue);
call    0 never executed
call    1 never executed
branch  2 never executed
branch  3 never executed
call    4 never executed
call    5 never executed
call    6 never executed
    #####: 6258:    case LIFETIME:
    #####: 6259:        return "lifetime=" + tokvalue->str();
call    0 never executed
call    1 never executed
        -: 6260:    };
    #####: 6261:    throw InternalError(nullptr, "Invalid ValueFlow Value type");
call    0 never executed
call    1 never executed
call    2 never executed
branch  3 never executed
branch  4 never executed
call    5 never executed
branch  6 never executed
branch  7 never executed
call    8 never executed
call    9 never executed
call   10 never executed
call   11 never executed
call   12 never executed
call   13 never executed
        -: 6262:}
        -: 6263:
function _ZN9ValueFlow24valueFlowConstantFoldASTEP5TokenPK8Settings called 0 returned 0% blocks executed 0%
    #####: 6264:const ValueFlow::Value *ValueFlow::valueFlowConstantFoldAST(Token *expr, const Settings *settings)
        -: 6265:{
    #####: 6266:    if (expr && expr->values().empty()) {
branch  0 never executed
branch  1 never executed
call    2 never executed
call    3 never executed
branch  4 never executed
branch  5 never executed
branch  6 never executed
branch  7 never executed
    #####: 6267:        valueFlowConstantFoldAST(expr->astOperand1(), settings);
call    0 never executed
call    1 never executed
    #####: 6268:        valueFlowConstantFoldAST(expr->astOperand2(), settings);
call    0 never executed
call    1 never executed
    #####: 6269:        valueFlowSetConstantValue(expr, settings, true /* TODO: this is a guess */);
call    0 never executed
        -: 6270:    }
    #####: 6271:    return expr && expr->hasKnownValue() ? &expr->values().front() : nullptr;
branch  0 never executed
branch  1 never executed
call    2 never executed
branch  3 never executed
branch  4 never executed
call    5 never executed
call    6 never executed
        -: 6272:}
        -: 6273:
function _ZL14getTotalValuesP9TokenList called 642 returned 100% blocks executed 100%
      642: 6274:static std::size_t getTotalValues(TokenList *tokenlist)
        -: 6275:{
      642: 6276:    std::size_t n = 1;
   111467: 6277:    for (Token *tok = tokenlist->front(); tok; tok = tok->next())
call    0 returned 100%
branch  1 taken 99% (fallthrough)
branch  2 taken 1%
call    3 returned 100%
   110825: 6278:        n += tok->values().size();
call    0 returned 100%
call    1 returned 100%
      642: 6279:    return n;
        -: 6280:}
        -: 6281:
function _ZN9ValueFlow9setValuesEP9TokenListP14SymbolDatabaseP11ErrorLoggerPK8Settings called 194 returned 100% blocks executed 100%
      194: 6282:void ValueFlow::setValues(TokenList *tokenlist, SymbolDatabase* symboldatabase, ErrorLogger *errorLogger, const Settings *settings)
        -: 6283:{
    36393: 6284:    for (Token *tok = tokenlist->front(); tok; tok = tok->next())
call    0 returned 100%
branch  1 taken 99% (fallthrough)
branch  2 taken 1%
call    3 returned 100%
    36199: 6285:        tok->clearValueFlow();
call    0 returned 100%
        -: 6286:
      194: 6287:    valueFlowNumber(tokenlist);
call    0 returned 100%
      194: 6288:    valueFlowString(tokenlist);
call    0 returned 100%
      194: 6289:    valueFlowArray(tokenlist);
call    0 returned 100%
      194: 6290:    valueFlowUnknownFunctionReturn(tokenlist, settings);
call    0 returned 100%
      194: 6291:    valueFlowGlobalConstVar(tokenlist, settings);
call    0 returned 100%
      194: 6292:    valueFlowGlobalStaticVar(tokenlist, settings);
call    0 returned 100%
      194: 6293:    valueFlowPointerAlias(tokenlist);
call    0 returned 100%
      194: 6294:    valueFlowLifetime(tokenlist, symboldatabase, errorLogger, settings);
call    0 returned 100%
      194: 6295:    valueFlowFunctionReturn(tokenlist, errorLogger);
call    0 returned 100%
      194: 6296:    valueFlowBitAnd(tokenlist);
call    0 returned 100%
      194: 6297:    valueFlowSameExpressions(tokenlist);
call    0 returned 100%
      194: 6298:    valueFlowFwdAnalysis(tokenlist, settings);
call    0 returned 100%
        -: 6299:
        -: 6300:    // Temporary hack.. run valueflow until there is nothing to update or timeout expires
      194: 6301:    const std::time_t timeout = std::time(nullptr) + TIMEOUT;
call    0 returned 100%
      194: 6302:    std::size_t values = 0;
      642: 6303:    while (std::time(nullptr) < timeout && values < getTotalValues(tokenlist)) {
call    0 returned 100%
branch  1 taken 100% (fallthrough)
branch  2 taken 0%
call    3 returned 100%
branch  4 taken 54% (fallthrough)
branch  5 taken 46%
branch  6 taken 54% (fallthrough)
branch  7 taken 46%
      224: 6304:        values = getTotalValues(tokenlist);
call    0 returned 100%
      224: 6305:        valueFlowPointerAliasDeref(tokenlist);
call    0 returned 100%
      224: 6306:        valueFlowArrayBool(tokenlist);
call    0 returned 100%
      224: 6307:        valueFlowRightShift(tokenlist, settings);
call    0 returned 100%
      224: 6308:        valueFlowOppositeCondition(symboldatabase, settings);
call    0 returned 100%
      224: 6309:        valueFlowTerminatingCondition(tokenlist, symboldatabase, errorLogger, settings);
call    0 returned 100%
      224: 6310:        valueFlowBeforeCondition(tokenlist, symboldatabase, errorLogger, settings);
call    0 returned 100%
      224: 6311:        valueFlowAfterMove(tokenlist, symboldatabase, errorLogger, settings);
call    0 returned 100%
      224: 6312:        valueFlowAfterAssign(tokenlist, symboldatabase, errorLogger, settings);
call    0 returned 100%
      224: 6313:        valueFlowAfterCondition(tokenlist, symboldatabase, errorLogger, settings);
call    0 returned 100%
      224: 6314:        valueFlowInferCondition(tokenlist, symboldatabase, errorLogger, settings);
call    0 returned 100%
      224: 6315:        valueFlowSwitchVariable(tokenlist, symboldatabase, errorLogger, settings);
call    0 returned 100%
      224: 6316:        valueFlowForLoop(tokenlist, symboldatabase, errorLogger, settings);
call    0 returned 100%
      224: 6317:        valueFlowSubFunction(tokenlist, errorLogger, settings);
call    0 returned 100%
      224: 6318:        valueFlowFunctionDefaultParameter(tokenlist, symboldatabase, errorLogger, settings);
call    0 returned 100%
      224: 6319:        valueFlowUninit(tokenlist, symboldatabase, errorLogger, settings);
call    0 returned 100%
      224: 6320:        if (tokenlist->isCPP()) {
call    0 returned 100%
branch  1 taken 40% (fallthrough)
branch  2 taken 60%
       90: 6321:            valueFlowSmartPointer(tokenlist, errorLogger, settings);
call    0 returned 100%
       90: 6322:            valueFlowContainerSize(tokenlist, symboldatabase, errorLogger, settings);
call    0 returned 100%
       90: 6323:            valueFlowContainerAfterCondition(tokenlist, symboldatabase, errorLogger, settings);
call    0 returned 100%
        -: 6324:        }
      224: 6325:        valueFlowSafeFunctions(tokenlist, symboldatabase, errorLogger, settings);
call    0 returned 100%
        -: 6326:    }
        -: 6327:
      194: 6328:    valueFlowDynamicBufferSize(tokenlist, symboldatabase, errorLogger, settings);
call    0 returned 100%
      194: 6329:}
        -: 6330:
        -: 6331:
function _ZN9ValueFlow29eitherTheConditionIsRedundantB5cxx11EPK5Token called 0 returned 0% blocks executed 0%
    #####: 6332:std::string ValueFlow::eitherTheConditionIsRedundant(const Token *condition)
        -: 6333:{
    #####: 6334:    if (!condition)
branch  0 never executed
branch  1 never executed
    #####: 6335:        return "Either the condition is redundant";
call    0 never executed
call    1 never executed
branch  2 never executed
branch  3 never executed
call    4 never executed
call    5 never executed
call    6 never executed
    #####: 6336:    if (condition->str() == "case") {
call    0 never executed
call    1 never executed
branch  2 never executed
branch  3 never executed
    #####: 6337:        std::string expr;
call    0 never executed
call    1 never executed
call    2 never executed
call    3 never executed
    #####: 6338:        for (const Token *tok = condition; tok && tok->str() != ":"; tok = tok->next()) {
branch  0 never executed
branch  1 never executed
call    2 never executed
call    3 never executed
branch  4 never executed
branch  5 never executed
branch  6 never executed
branch  7 never executed
call    8 never executed
    #####: 6339:            expr += tok->str();
call    0 never executed
call    1 never executed
branch  2 never executed
branch  3 never executed
    #####: 6340:            if (Token::Match(tok, "%name%|%num% %name%|%num%"))
call    0 never executed
branch  1 never executed
branch  2 never executed
branch  3 never executed
branch  4 never executed
    #####: 6341:                expr += ' ';
call    0 never executed
branch  1 never executed
branch  2 never executed
        -: 6342:        }
    #####: 6343:        return "Either the switch case '" + expr + "' is redundant";
call    0 never executed
branch  1 never executed
branch  2 never executed
call    3 never executed
branch  4 never executed
branch  5 never executed
call    6 never executed
call    7 never executed
        -: 6344:    }
    #####: 6345:    return "Either the condition '" + condition->expressionString() + "' is redundant";
call    0 never executed
call    1 never executed
branch  2 never executed
branch  3 never executed
call    4 never executed
branch  5 never executed
branch  6 never executed
call    7 never executed
call    8 never executed
call    9 never executed
call   10 never executed
function _GLOBAL__sub_I__Z18setValueUpperBoundRN9ValueFlow5ValueEb called 1 returned 100% blocks executed 100%
function _Z41__static_initialization_and_destruction_0ii called 1 returned 100% blocks executed 100%
        3: 6346:}
call    0 returned 100%
branch  1 taken 100% (fallthrough)
branch  2 taken 0%
branch  3 taken 100% (fallthrough)
branch  4 taken 0%
