        -:    0:Source:/home/workspace/lib/checkclass.cpp
        -:    0:Graph:/home/workspace/build/lib/CMakeFiles/lib_objs.dir/checkclass.gcno
        -:    0:Data:/home/workspace/build/lib/CMakeFiles/lib_objs.dir/checkclass.gcda
        -:    0:Runs:1
        -:    0:Programs:1
        -:    1:/*
        -:    2: * Cppcheck - A tool for static C/C++ code analysis
        -:    3: * Copyright (C) 2007-2019 Cppcheck team.
        -:    4: *
        -:    5: * This program is free software: you can redistribute it and/or modify
        -:    6: * it under the terms of the GNU General Public License as published by
        -:    7: * the Free Software Foundation, either version 3 of the License, or
        -:    8: * (at your option) any later version.
        -:    9: *
        -:   10: * This program is distributed in the hope that it will be useful,
        -:   11: * but WITHOUT ANY WARRANTY; without even the implied warranty of
        -:   12: * MERCHANTABILITY or FITNESS FOR A PARTICULAR PURPOSE.  See the
        -:   13: * GNU General Public License for more details.
        -:   14: *
        -:   15: * You should have received a copy of the GNU General Public License
        -:   16: * along with this program.  If not, see <http://www.gnu.org/licenses/>.
        -:   17: */
        -:   18:
        -:   19://---------------------------------------------------------------------------
        -:   20:#include "checkclass.h"
        -:   21:
        -:   22:#include "astutils.h"
        -:   23:#include "errorlogger.h"
        -:   24:#include "library.h"
        -:   25:#include "settings.h"
        -:   26:#include "standards.h"
        -:   27:#include "symboldatabase.h"
        -:   28:#include "token.h"
        -:   29:#include "tokenize.h"
        -:   30:#include "utils.h"
        -:   31:
        -:   32:#include <algorithm>
        -:   33:#include <cstdlib>
        -:   34:#include <stack>
        -:   35:#include <utility>
        -:   36://---------------------------------------------------------------------------
        -:   37:
        -:   38:// Register CheckClass..
        -:   39:namespace {
        1:   40:    CheckClass instance;
call    0 returned 100%
call    1 returned 100%
        -:   41:}
        -:   42:
        1:   43:static const CWE CWE398(398U);  // Indicator of Poor Code Quality
call    0 returned 100%
        1:   44:static const CWE CWE404(404U);  // Improper Resource Shutdown or Release
call    0 returned 100%
        1:   45:static const CWE CWE665(665U);  // Improper Initialization
call    0 returned 100%
        1:   46:static const CWE CWE758(758U);  // Reliance on Undefined, Unspecified, or Implementation-Defined Behavior
call    0 returned 100%
        1:   47:static const CWE CWE762(762U);  // Mismatched Memory Management Routines
call    0 returned 100%
        -:   48:
function _ZL19getFunctionTypeNameN8Function4TypeE called 0 returned 0% blocks executed 0%
    #####:   49:static const char * getFunctionTypeName(Function::Type type)
        -:   50:{
    #####:   51:    switch (type) {
branch  0 never executed
branch  1 never executed
branch  2 never executed
branch  3 never executed
branch  4 never executed
branch  5 never executed
branch  6 never executed
branch  7 never executed
    #####:   52:    case Function::eConstructor:
    #####:   53:        return "constructor";
    #####:   54:    case Function::eCopyConstructor:
    #####:   55:        return "copy constructor";
    #####:   56:    case Function::eMoveConstructor:
    #####:   57:        return "move constructor";
    #####:   58:    case Function::eDestructor:
    #####:   59:        return "destructor";
    #####:   60:    case Function::eFunction:
    #####:   61:        return "function";
    #####:   62:    case Function::eOperatorEqual:
    #####:   63:        return "operator=";
    #####:   64:    case Function::eLambda:
    #####:   65:        return "lambda";
        -:   66:    }
    #####:   67:    return "";
        -:   68:}
        -:   69:
function _ZL20isVariableCopyNeededRK8Variable called 0 returned 0% blocks executed 0%
    #####:   70:static bool isVariableCopyNeeded(const Variable &var)
        -:   71:{
    #####:   72:    return var.isPointer() || (var.type() && var.type()->needInitialization == Type::NeedInitialization::True) || (var.valueType()->type >= ValueType::Type::CHAR);
call    0 never executed
branch  1 never executed
branch  2 never executed
call    3 never executed
branch  4 never executed
branch  5 never executed
call    6 never executed
branch  7 never executed
branch  8 never executed
call    9 never executed
branch 10 never executed
branch 11 never executed
        -:   73:}
        -:   74:
        -:   75://---------------------------------------------------------------------------
        -:   76:
function _ZN10CheckClassC2EPK9TokenizerPK8SettingsP11ErrorLogger called 0 returned 0% blocks executed 0%
    #####:   77:CheckClass::CheckClass(const Tokenizer *tokenizer, const Settings *settings, ErrorLogger *errorLogger)
    #####:   78:    : Check(myName(), tokenizer, settings, errorLogger),
call    0 never executed
call    1 never executed
call    2 never executed
    #####:   79:      mSymbolDatabase(tokenizer?tokenizer->getSymbolDatabase():nullptr)
call    0 never executed
branch  1 never executed
branch  2 never executed
branch  3 never executed
branch  4 never executed
call    5 never executed
        -:   80:{
        -:   81:
    #####:   82:}
        -:   83:
        -:   84://---------------------------------------------------------------------------
        -:   85:// ClassCheck: Check that all class constructors are ok.
        -:   86://---------------------------------------------------------------------------
        -:   87:
function _ZN10CheckClass12constructorsEv called 0 returned 0% blocks executed 0%
    #####:   88:void CheckClass::constructors()
        -:   89:{
    #####:   90:    const bool printStyle = mSettings->isEnabled(Settings::STYLE);
call    0 never executed
    #####:   91:    const bool printWarnings = mSettings->isEnabled(Settings::WARNING);
call    0 never executed
    #####:   92:    if (!printStyle && !printWarnings)
branch  0 never executed
branch  1 never executed
branch  2 never executed
branch  3 never executed
    #####:   93:        return;
        -:   94:
    #####:   95:    const bool printInconclusive = mSettings->inconclusive;
    #####:   96:    for (const Scope * scope : mSymbolDatabase->classAndStructScopes) {
call    0 never executed
call    1 never executed
call    2 never executed
branch  3 never executed
branch  4 never executed
call    5 never executed
call    6 never executed
call    7 never executed
call    8 never executed
call    9 never executed
call   10 never executed
    #####:   97:        const bool unusedTemplate = Token::simpleMatch(scope->classDef->previous(), ">");
call    0 never executed
call    1 never executed
branch  2 never executed
branch  3 never executed
        -:   98:
    #####:   99:        bool usedInUnion = false;
    #####:  100:        for (const Scope &unionScope : mSymbolDatabase->scopeList) {
call    0 never executed
call    1 never executed
call    2 never executed
branch  3 never executed
branch  4 never executed
call    5 never executed
call    6 never executed
call    7 never executed
call    8 never executed
    #####:  101:            if (unionScope.type != Scope::eUnion)
branch  0 never executed
branch  1 never executed
    #####:  102:                continue;
    #####:  103:            for (const Variable &var : unionScope.varlist) {
call    0 never executed
call    1 never executed
call    2 never executed
branch  3 never executed
branch  4 never executed
call    5 never executed
call    6 never executed
call    7 never executed
call    8 never executed
    #####:  104:                if (var.type() && var.type()->classScope == scope) {
call    0 never executed
branch  1 never executed
branch  2 never executed
call    3 never executed
branch  4 never executed
branch  5 never executed
branch  6 never executed
branch  7 never executed
    #####:  105:                    usedInUnion = true;
    #####:  106:                    break;
        -:  107:                }
        -:  108:            }
        -:  109:        }
        -:  110:
        -:  111:        // There are no constructors.
    #####:  112:        if (scope->numConstructors == 0 && printStyle && !usedInUnion) {
branch  0 never executed
branch  1 never executed
branch  2 never executed
branch  3 never executed
branch  4 never executed
branch  5 never executed
        -:  113:            // If there is a private variable, there should be a constructor..
    #####:  114:            for (const Variable &var : scope->varlist) {
call    0 never executed
call    1 never executed
call    2 never executed
branch  3 never executed
branch  4 never executed
call    5 never executed
call    6 never executed
call    7 never executed
call    8 never executed
call    9 never executed
call   10 never executed
call   11 never executed
    #####:  115:                const Token *initTok = var.nameToken();
call    0 never executed
    #####:  116:                while (Token::simpleMatch(initTok->next(), "["))
call    0 never executed
call    1 never executed
branch  2 never executed
branch  3 never executed
branch  4 never executed
branch  5 never executed
    #####:  117:                    initTok = initTok->linkAt(1);
call    0 never executed
branch  1 never executed
branch  2 never executed
    #####:  118:                if (var.isPrivate() && !var.isStatic() && !Token::Match(var.nameToken(), "%varid% ; %varid% =", var.declarationId()) &&
call    0 never executed
call    1 never executed
branch  2 never executed
branch  3 never executed
call    4 never executed
call    5 never executed
call    6 never executed
branch  7 never executed
branch  8 never executed
branch  9 never executed
branch 10 never executed
branch 11 never executed
branch 12 never executed
branch 13 never executed
branch 14 never executed
    #####:  119:                    !Token::Match(initTok, "%var%|] {|=") &&
branch  0 never executed
branch  1 never executed
call    2 never executed
branch  3 never executed
branch  4 never executed
branch  5 never executed
branch  6 never executed
    #####:  120:                    (!var.isClass() || (var.type() && var.type()->needInitialization == Type::NeedInitialization::True))) {
call    0 never executed
call    1 never executed
branch  2 never executed
branch  3 never executed
call    4 never executed
branch  5 never executed
branch  6 never executed
    #####:  121:                    noConstructorError(scope->classDef, scope->className, scope->classDef->str() == "struct");
call    0 never executed
call    1 never executed
call    2 never executed
branch  3 never executed
branch  4 never executed
    #####:  122:                    break;
        -:  123:                }
        -:  124:            }
        -:  125:        }
        -:  126:
    #####:  127:        if (!printWarnings)
branch  0 never executed
branch  1 never executed
    #####:  128:            continue;
        -:  129:
        -:  130:        // #3196 => bailout if there are nested unions
        -:  131:        // TODO: handle union variables better
        -:  132:        {
    #####:  133:            bool bailout = false;
    #####:  134:            for (const Scope * const nestedScope : scope->nestedList) {
call    0 never executed
call    1 never executed
call    2 never executed
branch  3 never executed
branch  4 never executed
call    5 never executed
call    6 never executed
call    7 never executed
call    8 never executed
    #####:  135:                if (nestedScope->type == Scope::eUnion) {
branch  0 never executed
branch  1 never executed
    #####:  136:                    bailout = true;
    #####:  137:                    break;
        -:  138:                }
        -:  139:            }
    #####:  140:            if (bailout)
branch  0 never executed
branch  1 never executed
    #####:  141:                continue;
        -:  142:        }
        -:  143:
        -:  144:
    #####:  145:        std::vector<Usage> usage(scope->varlist.size());
call    0 never executed
call    1 never executed
call    2 never executed
branch  3 never executed
branch  4 never executed
call    5 never executed
call    6 never executed
call    7 never executed
        -:  146:
    #####:  147:        for (const Function &func : scope->functionList) {
call    0 never executed
call    1 never executed
call    2 never executed
branch  3 never executed
branch  4 never executed
call    5 never executed
call    6 never executed
call    7 never executed
call    8 never executed
call    9 never executed
call   10 never executed
    #####:  148:            if (!func.hasBody() || !(func.isConstructor() || func.type == Function::eOperatorEqual))
call    0 never executed
branch  1 never executed
branch  2 never executed
call    3 never executed
branch  4 never executed
branch  5 never executed
branch  6 never executed
branch  7 never executed
branch  8 never executed
branch  9 never executed
    #####:  149:                continue;
        -:  150:
        -:  151:            // Bail: If initializer list is not recognized as a variable or type then skip since parsing is incomplete
    #####:  152:            if (unusedTemplate && func.type == Function::eConstructor) {
branch  0 never executed
branch  1 never executed
branch  2 never executed
branch  3 never executed
    #####:  153:                const Token *initList = func.constructorMemberInitialization();
call    0 never executed
branch  1 never executed
branch  2 never executed
    #####:  154:                if (Token::Match(initList, ": %name% (") && initList->next()->tokType() == Token::eName)
call    0 never executed
branch  1 never executed
branch  2 never executed
branch  3 never executed
branch  4 never executed
call    5 never executed
call    6 never executed
branch  7 never executed
branch  8 never executed
branch  9 never executed
branch 10 never executed
    #####:  155:                    break;
        -:  156:            }
        -:  157:
        -:  158:            // Mark all variables not used
    #####:  159:            clearAllVar(usage);
call    0 never executed
        -:  160:
    #####:  161:            std::list<const Function *> callstack;
call    0 never executed
call    1 never executed
call    2 never executed
    #####:  162:            initializeVarList(func, callstack, scope, usage);
call    0 never executed
branch  1 never executed
branch  2 never executed
        -:  163:
        -:  164:            // Check if any variables are uninitialized
    #####:  165:            int count = -1;
    #####:  166:            for (const Variable &var : scope->varlist) {
call    0 never executed
call    1 never executed
call    2 never executed
branch  3 never executed
branch  4 never executed
call    5 never executed
call    6 never executed
call    7 never executed
call    8 never executed
call    9 never executed
call   10 never executed
    #####:  167:                ++count;
        -:  168:
        -:  169:                // check for C++11 initializer
    #####:  170:                if (var.hasDefault()) {
call    0 never executed
branch  1 never executed
branch  2 never executed
    #####:  171:                    usage[count].init = true;
call    0 never executed
    #####:  172:                    continue;
        -:  173:                }
        -:  174:
    #####:  175:                if (usage[count].assign || usage[count].init || var.isStatic())
call    0 never executed
branch  1 never executed
branch  2 never executed
call    3 never executed
branch  4 never executed
branch  5 never executed
call    6 never executed
branch  7 never executed
branch  8 never executed
branch  9 never executed
branch 10 never executed
    #####:  176:                    continue;
        -:  177:
    #####:  178:                if (var.valueType()->pointer == 0 && var.type() && var.type()->needInitialization == Type::NeedInitialization::False && var.type()->derivedFrom.empty())
call    0 never executed
branch  1 never executed
branch  2 never executed
call    3 never executed
branch  4 never executed
branch  5 never executed
call    6 never executed
branch  7 never executed
branch  8 never executed
call    9 never executed
call   10 never executed
branch 11 never executed
branch 12 never executed
branch 13 never executed
branch 14 never executed
    #####:  179:                    continue;
        -:  180:
    #####:  181:                if (var.isConst() && func.isOperator()) // We can't set const members in assignment operator
call    0 never executed
branch  1 never executed
branch  2 never executed
call    3 never executed
branch  4 never executed
branch  5 never executed
branch  6 never executed
branch  7 never executed
    #####:  182:                    continue;
        -:  183:
        -:  184:                // Check if this is a class constructor
    #####:  185:                if (!var.isPointer() && !var.isPointerArray() && var.isClass() && func.type == Function::eConstructor) {
call    0 never executed
branch  1 never executed
branch  2 never executed
call    3 never executed
branch  4 never executed
branch  5 never executed
branch  6 never executed
branch  7 never executed
call    8 never executed
branch  9 never executed
branch 10 never executed
branch 11 never executed
branch 12 never executed
branch 13 never executed
branch 14 never executed
        -:  186:                    // Unknown type so assume it is initialized
    #####:  187:                    if (!var.type())
call    0 never executed
branch  1 never executed
branch  2 never executed
    #####:  188:                        continue;
        -:  189:
        -:  190:                    // Known type that doesn't need initialization or
        -:  191:                    // known type that has member variables of an unknown type
    #####:  192:                    else if (var.type()->needInitialization != Type::NeedInitialization::True)
call    0 never executed
branch  1 never executed
branch  2 never executed
    #####:  193:                        continue;
        -:  194:                }
        -:  195:
        -:  196:                // Check if type can't be copied
    #####:  197:                if (!var.isPointer() && !var.isPointerArray() && var.typeScope()) {
call    0 never executed
branch  1 never executed
branch  2 never executed
call    3 never executed
branch  4 never executed
branch  5 never executed
branch  6 never executed
branch  7 never executed
call    8 never executed
branch  9 never executed
branch 10 never executed
branch 11 never executed
branch 12 never executed
    #####:  198:                    if (func.type == Function::eMoveConstructor) {
branch  0 never executed
branch  1 never executed
    #####:  199:                        if (canNotMove(var.typeScope()))
call    0 never executed
call    1 never executed
branch  2 never executed
branch  3 never executed
    #####:  200:                            continue;
        -:  201:                    } else {
    #####:  202:                        if (canNotCopy(var.typeScope()))
call    0 never executed
call    1 never executed
branch  2 never executed
branch  3 never executed
    #####:  203:                            continue;
        -:  204:                    }
        -:  205:                }
        -:  206:
    #####:  207:                bool inconclusive = false;
        -:  208:                // Don't warn about unknown types in copy constructors since we
        -:  209:                // don't know if they can be copied or not..
    #####:  210:                if ((func.type == Function::eCopyConstructor || func.type == Function::eMoveConstructor || func.type == Function::eOperatorEqual) && !isVariableCopyNeeded(var))
branch  0 never executed
branch  1 never executed
branch  2 never executed
branch  3 never executed
branch  4 never executed
branch  5 never executed
call    6 never executed
branch  7 never executed
branch  8 never executed
branch  9 never executed
branch 10 never executed
    #####:  211:                    inconclusive = true;
        -:  212:
    #####:  213:                if (!printInconclusive && inconclusive)
branch  0 never executed
branch  1 never executed
branch  2 never executed
branch  3 never executed
    #####:  214:                    continue;
        -:  215:
        -:  216:                // It's non-static and it's not initialized => error
    #####:  217:                if (func.type == Function::eOperatorEqual) {
branch  0 never executed
branch  1 never executed
    #####:  218:                    const Token *operStart = func.arg;
        -:  219:
    #####:  220:                    bool classNameUsed = false;
    #####:  221:                    for (const Token *operTok = operStart; operTok != operStart->link(); operTok = operTok->next()) {
call    0 never executed
branch  1 never executed
branch  2 never executed
call    3 never executed
    #####:  222:                        if (operTok->str() == scope->className) {
call    0 never executed
call    1 never executed
branch  2 never executed
branch  3 never executed
    #####:  223:                            classNameUsed = true;
    #####:  224:                            break;
        -:  225:                        }
        -:  226:                    }
        -:  227:
    #####:  228:                    if (classNameUsed)
branch  0 never executed
branch  1 never executed
    #####:  229:                        operatorEqVarError(func.token, scope->className, var.name(), inconclusive);
call    0 never executed
call    1 never executed
branch  2 never executed
branch  3 never executed
    #####:  230:                } else if (func.access != AccessControl::Private || mSettings->standards.cpp >= Standards::CPP11) {
branch  0 never executed
branch  1 never executed
branch  2 never executed
branch  3 never executed
        -:  231:                    // If constructor is not in scope then we maybe using a oonstructor from a different template specialization
    #####:  232:                    if (!precedes(scope->bodyStart, func.tokenDef))
call    0 never executed
branch  1 never executed
branch  2 never executed
branch  3 never executed
branch  4 never executed
    #####:  233:                        continue;
    #####:  234:                    const Scope *varType = var.typeScope();
call    0 never executed
    #####:  235:                    if (!varType || varType->type != Scope::eUnion) {
branch  0 never executed
branch  1 never executed
branch  2 never executed
branch  3 never executed
    #####:  236:                        if (func.type == Function::eConstructor &&
branch  0 never executed
branch  1 never executed
branch  2 never executed
branch  3 never executed
    #####:  237:                            func.nestedIn && (func.nestedIn->numConstructors - func.nestedIn->numCopyOrMoveConstructors) > 1 &&
branch  0 never executed
branch  1 never executed
branch  2 never executed
branch  3 never executed
    #####:  238:                            func.argCount() == 0 && func.functionScope &&
call    0 never executed
branch  1 never executed
branch  2 never executed
branch  3 never executed
branch  4 never executed
    #####:  239:                            func.arg && func.arg->link()->next() == func.functionScope->bodyStart &&
branch  0 never executed
branch  1 never executed
call    2 never executed
call    3 never executed
branch  4 never executed
branch  5 never executed
branch  6 never executed
branch  7 never executed
    #####:  240:                            func.functionScope->bodyStart->link() == func.functionScope->bodyStart->next()) {
call    0 never executed
call    1 never executed
        -:  241:                            // don't warn about user defined default constructor when there are other constructors
    #####:  242:                            if (printInconclusive)
branch  0 never executed
branch  1 never executed
    #####:  243:                                uninitVarError(func.token, func.access == AccessControl::Private, scope->className, var.name(), true);
call    0 never executed
call    1 never executed
branch  2 never executed
branch  3 never executed
        -:  244:                        } else
    #####:  245:                            uninitVarError(func.token, func.access == AccessControl::Private, scope->className, var.name(), inconclusive);
call    0 never executed
call    1 never executed
branch  2 never executed
branch  3 never executed
        -:  246:                    }
        -:  247:                }
        -:  248:            }
        -:  249:        }
        -:  250:    }
        -:  251:}
        -:  252:
function _ZN10CheckClass25checkExplicitConstructorsEv called 0 returned 0% blocks executed 0%
    #####:  253:void CheckClass::checkExplicitConstructors()
        -:  254:{
    #####:  255:    if (!mSettings->isEnabled(Settings::STYLE))
call    0 never executed
branch  1 never executed
branch  2 never executed
    #####:  256:        return;
        -:  257:
    #####:  258:    for (const Scope * scope : mSymbolDatabase->classAndStructScopes) {
call    0 never executed
call    1 never executed
call    2 never executed
branch  3 never executed
branch  4 never executed
call    5 never executed
call    6 never executed
call    7 never executed
call    8 never executed
call    9 never executed
call   10 never executed
        -:  259:        // Do not perform check, if the class/struct has not any constructors
    #####:  260:        if (scope->numConstructors == 0)
branch  0 never executed
branch  1 never executed
    #####:  261:            continue;
        -:  262:
        -:  263:        // Is class abstract? Maybe this test is over-simplification, but it will suffice for simple cases,
        -:  264:        // and it will avoid false positives.
    #####:  265:        bool isAbstractClass = false;
    #####:  266:        for (const Function &func : scope->functionList) {
call    0 never executed
call    1 never executed
call    2 never executed
branch  3 never executed
branch  4 never executed
call    5 never executed
call    6 never executed
call    7 never executed
call    8 never executed
    #####:  267:            if (func.isPure()) {
call    0 never executed
branch  1 never executed
branch  2 never executed
    #####:  268:                isAbstractClass = true;
    #####:  269:                break;
        -:  270:            }
        -:  271:        }
        -:  272:
        -:  273:        // Abstract classes can't be instantiated. But if there is C++11
        -:  274:        // "misuse" by derived classes then these constructors must be explicit.
    #####:  275:        if (isAbstractClass && mSettings->standards.cpp != Standards::CPP11)
branch  0 never executed
branch  1 never executed
branch  2 never executed
branch  3 never executed
    #####:  276:            continue;
        -:  277:
    #####:  278:        for (const Function &func : scope->functionList) {
call    0 never executed
call    1 never executed
call    2 never executed
branch  3 never executed
branch  4 never executed
call    5 never executed
call    6 never executed
call    7 never executed
call    8 never executed
call    9 never executed
call   10 never executed
        -:  279:
        -:  280:            // We are looking for constructors, which are meeting following criteria:
        -:  281:            //  1) Constructor is declared with a single parameter
        -:  282:            //  2) Constructor is not declared as explicit
        -:  283:            //  3) It is not a copy/move constructor of non-abstract class
        -:  284:            //  4) Constructor is not marked as delete (programmer can mark the default constructor as deleted, which is ok)
    #####:  285:            if (!func.isConstructor() || func.isDelete() || (!func.hasBody() && func.access == AccessControl::Private))
call    0 never executed
branch  1 never executed
branch  2 never executed
call    3 never executed
branch  4 never executed
branch  5 never executed
call    6 never executed
branch  7 never executed
branch  8 never executed
branch  9 never executed
branch 10 never executed
branch 11 never executed
branch 12 never executed
    #####:  286:                continue;
        -:  287:
    #####:  288:            if (!func.isExplicit() &&
call    0 never executed
branch  1 never executed
branch  2 never executed
branch  3 never executed
branch  4 never executed
    #####:  289:                func.minArgCount() == 1 &&
call    0 never executed
branch  1 never executed
branch  2 never executed
    #####:  290:                func.type != Function::eCopyConstructor &&
branch  0 never executed
branch  1 never executed
branch  2 never executed
branch  3 never executed
    #####:  291:                func.type != Function::eMoveConstructor) {
    #####:  292:                noExplicitConstructorError(func.tokenDef, scope->className, scope->type == Scope::eStruct);
call    0 never executed
branch  1 never executed
branch  2 never executed
        -:  293:            }
        -:  294:        }
        -:  295:    }
        -:  296:}
        -:  297:
function _ZL13isNonCopyablePK5ScopePb called 0 returned 0% blocks executed 0%
    #####:  298:static bool isNonCopyable(const Scope *scope, bool *unknown)
        -:  299:{
    #####:  300:    bool u = false;
        -:  301:    // check if there is base class that is not copyable
    #####:  302:    for (const Type::BaseInfo &baseInfo : scope->definedType->derivedFrom) {
call    0 never executed
call    1 never executed
call    2 never executed
branch  3 never executed
branch  4 never executed
call    5 never executed
call    6 never executed
call    7 never executed
branch  8 never executed
branch  9 never executed
call   10 never executed
branch 11 never executed
branch 12 never executed
call   13 never executed
call   14 never executed
    #####:  303:        if (!baseInfo.type || !baseInfo.type->classScope) {
branch  0 never executed
branch  1 never executed
branch  2 never executed
branch  3 never executed
    #####:  304:            u = true;
    #####:  305:            continue;
        -:  306:        }
        -:  307:
    #####:  308:        if (isNonCopyable(baseInfo.type->classScope, &u))
call    0 never executed
branch  1 never executed
branch  2 never executed
branch  3 never executed
branch  4 never executed
    #####:  309:            return true;
        -:  310:
    #####:  311:        for (const Function &func : baseInfo.type->classScope->functionList) {
call    0 never executed
call    1 never executed
call    2 never executed
branch  3 never executed
branch  4 never executed
call    5 never executed
call    6 never executed
call    7 never executed
branch  8 never executed
branch  9 never executed
call   10 never executed
branch 11 never executed
branch 12 never executed
    #####:  312:            if (func.type != Function::eCopyConstructor)
branch  0 never executed
branch  1 never executed
    #####:  313:                continue;
    #####:  314:            if (func.access == AccessControl::Private || func.isDelete())
branch  0 never executed
branch  1 never executed
call    2 never executed
branch  3 never executed
branch  4 never executed
branch  5 never executed
branch  6 never executed
    #####:  315:                return true;
        -:  316:        }
        -:  317:    }
    #####:  318:    *unknown = u;
    #####:  319:    return false;
        -:  320:}
        -:  321:
function _ZN10CheckClass16copyconstructorsEv called 0 returned 0% blocks executed 0%
    #####:  322:void CheckClass::copyconstructors()
        -:  323:{
    #####:  324:    if (!mSettings->isEnabled(Settings::WARNING))
call    0 never executed
branch  1 never executed
branch  2 never executed
    #####:  325:        return;
        -:  326:
    #####:  327:    for (const Scope * scope : mSymbolDatabase->classAndStructScopes) {
call    0 never executed
call    1 never executed
call    2 never executed
branch  3 never executed
branch  4 never executed
call    5 never executed
call    6 never executed
call    7 never executed
call    8 never executed
call    9 never executed
call   10 never executed
    #####:  328:        std::map<int, const Token*> allocatedVars;
call    0 never executed
call    1 never executed
call    2 never executed
        -:  329:
    #####:  330:        for (const Function &func : scope->functionList) {
call    0 never executed
call    1 never executed
call    2 never executed
branch  3 never executed
branch  4 never executed
call    5 never executed
call    6 never executed
call    7 never executed
call    8 never executed
call    9 never executed
call   10 never executed
    #####:  331:            if (func.type != Function::eConstructor || !func.functionScope)
branch  0 never executed
branch  1 never executed
branch  2 never executed
branch  3 never executed
    #####:  332:                continue;
    #####:  333:            const Token* tok = func.token->linkAt(1);
call    0 never executed
branch  1 never executed
branch  2 never executed
    #####:  334:            for (const Token* const end = func.functionScope->bodyStart; tok != end; tok = tok->next()) {
branch  0 never executed
branch  1 never executed
call    2 never executed
    #####:  335:                if (Token::Match(tok, "%var% ( new") ||
call    0 never executed
branch  1 never executed
branch  2 never executed
branch  3 never executed
branch  4 never executed
branch  5 never executed
branch  6 never executed
branch  7 never executed
branch  8 never executed
    #####:  336:                    (Token::Match(tok, "%var% ( %name% (") && mSettings->library.getAllocFuncInfo(tok->tokAt(2)))) {
call    0 never executed
branch  1 never executed
branch  2 never executed
call    3 never executed
branch  4 never executed
branch  5 never executed
call    6 never executed
branch  7 never executed
branch  8 never executed
branch  9 never executed
branch 10 never executed
    #####:  337:                    const Variable* var = tok->variable();
call    0 never executed
    #####:  338:                    if (var && var->isPointer() && var->scope() == scope)
branch  0 never executed
branch  1 never executed
call    2 never executed
branch  3 never executed
branch  4 never executed
call    5 never executed
branch  6 never executed
branch  7 never executed
branch  8 never executed
branch  9 never executed
    #####:  339:                        allocatedVars[tok->varId()] = tok;
call    0 never executed
call    1 never executed
branch  2 never executed
branch  3 never executed
        -:  340:                }
        -:  341:            }
    #####:  342:            for (const Token* const end = func.functionScope->bodyEnd; tok != end; tok = tok->next()) {
branch  0 never executed
branch  1 never executed
call    2 never executed
    #####:  343:                if (Token::Match(tok, "%var% = new") ||
call    0 never executed
branch  1 never executed
branch  2 never executed
branch  3 never executed
branch  4 never executed
branch  5 never executed
branch  6 never executed
branch  7 never executed
branch  8 never executed
    #####:  344:                    (Token::Match(tok, "%var% = %name% (") && mSettings->library.getAllocFuncInfo(tok->tokAt(2)))) {
call    0 never executed
branch  1 never executed
branch  2 never executed
call    3 never executed
branch  4 never executed
branch  5 never executed
call    6 never executed
branch  7 never executed
branch  8 never executed
branch  9 never executed
branch 10 never executed
    #####:  345:                    const Variable* var = tok->variable();
call    0 never executed
    #####:  346:                    if (var && var->isPointer() && var->scope() == scope && !var->isStatic())
branch  0 never executed
branch  1 never executed
call    2 never executed
branch  3 never executed
branch  4 never executed
call    5 never executed
branch  6 never executed
branch  7 never executed
call    8 never executed
branch  9 never executed
branch 10 never executed
branch 11 never executed
branch 12 never executed
    #####:  347:                        allocatedVars[tok->varId()] = tok;
call    0 never executed
call    1 never executed
branch  2 never executed
branch  3 never executed
        -:  348:                }
        -:  349:            }
        -:  350:        }
        -:  351:
    #####:  352:        if (!allocatedVars.empty()) {
call    0 never executed
branch  1 never executed
branch  2 never executed
    #####:  353:            const Function *funcCopyCtor = nullptr;
    #####:  354:            const Function *funcOperatorEq = nullptr;
    #####:  355:            const Function *funcDestructor = nullptr;
    #####:  356:            for (const Function &func : scope->functionList) {
call    0 never executed
call    1 never executed
call    2 never executed
branch  3 never executed
branch  4 never executed
call    5 never executed
call    6 never executed
call    7 never executed
call    8 never executed
    #####:  357:                if (func.type == Function::eCopyConstructor)
branch  0 never executed
branch  1 never executed
    #####:  358:                    funcCopyCtor = &func;
    #####:  359:                else if (func.type == Function::eOperatorEqual)
branch  0 never executed
branch  1 never executed
    #####:  360:                    funcOperatorEq = &func;
    #####:  361:                else if (func.type == Function::eDestructor)
branch  0 never executed
branch  1 never executed
    #####:  362:                    funcDestructor = &func;
        -:  363:            }
    #####:  364:            if (!funcCopyCtor || funcCopyCtor->isDefault()) {
branch  0 never executed
branch  1 never executed
call    2 never executed
branch  3 never executed
branch  4 never executed
branch  5 never executed
branch  6 never executed
    #####:  365:                bool unknown = false;
    #####:  366:                if (!isNonCopyable(scope, &unknown) && !unknown)
call    0 never executed
branch  1 never executed
branch  2 never executed
branch  3 never executed
branch  4 never executed
branch  5 never executed
branch  6 never executed
branch  7 never executed
branch  8 never executed
    #####:  367:                    noCopyConstructorError(scope, funcCopyCtor, allocatedVars.begin()->second, unknown);
call    0 never executed
call    1 never executed
call    2 never executed
branch  3 never executed
branch  4 never executed
call    5 never executed
call    6 never executed
        -:  368:            }
    #####:  369:            if (!funcOperatorEq || funcOperatorEq->isDefault()) {
branch  0 never executed
branch  1 never executed
call    2 never executed
branch  3 never executed
branch  4 never executed
branch  5 never executed
branch  6 never executed
    #####:  370:                bool unknown = false;
    #####:  371:                if (!isNonCopyable(scope, &unknown) && !unknown)
call    0 never executed
branch  1 never executed
branch  2 never executed
branch  3 never executed
branch  4 never executed
branch  5 never executed
branch  6 never executed
branch  7 never executed
branch  8 never executed
    #####:  372:                    noOperatorEqError(scope, funcOperatorEq, allocatedVars.begin()->second, unknown);
call    0 never executed
call    1 never executed
call    2 never executed
branch  3 never executed
branch  4 never executed
call    5 never executed
call    6 never executed
        -:  373:            }
    #####:  374:            if (!funcDestructor || funcDestructor->isDefault()) {
branch  0 never executed
branch  1 never executed
call    2 never executed
branch  3 never executed
branch  4 never executed
branch  5 never executed
branch  6 never executed
    #####:  375:                const Token * mustDealloc = nullptr;
    #####:  376:                for (std::map<int, const Token*>::const_iterator it = allocatedVars.begin(); it != allocatedVars.end(); ++it) {
call    0 never executed
call    1 never executed
call    2 never executed
call    3 never executed
call    4 never executed
call    5 never executed
branch  6 never executed
branch  7 never executed
call    8 never executed
call    9 never executed
call   10 never executed
    #####:  377:                    if (!Token::Match(it->second, "%var% [(=] new %type%")) {
call    0 never executed
call    1 never executed
branch  2 never executed
branch  3 never executed
branch  4 never executed
branch  5 never executed
    #####:  378:                        mustDealloc = it->second;
call    0 never executed
    #####:  379:                        break;
        -:  380:                    }
    #####:  381:                    if (it->second->valueType() && it->second->valueType()->isIntegral()) {
call    0 never executed
call    1 never executed
branch  2 never executed
branch  3 never executed
call    4 never executed
call    5 never executed
call    6 never executed
branch  7 never executed
branch  8 never executed
branch  9 never executed
branch 10 never executed
    #####:  382:                        mustDealloc = it->second;
call    0 never executed
    #####:  383:                        break;
        -:  384:                    }
    #####:  385:                    const Variable *var = it->second->variable();
call    0 never executed
call    1 never executed
    #####:  386:                    if (var && var->typeScope() && var->typeScope()->functionList.empty() && var->type()->derivedFrom.empty())
branch  0 never executed
branch  1 never executed
call    2 never executed
branch  3 never executed
branch  4 never executed
call    5 never executed
call    6 never executed
branch  7 never executed
branch  8 never executed
call    9 never executed
call   10 never executed
branch 11 never executed
branch 12 never executed
branch 13 never executed
branch 14 never executed
    #####:  387:                        mustDealloc = it->second;
call    0 never executed
        -:  388:                }
    #####:  389:                if (mustDealloc)
branch  0 never executed
branch  1 never executed
    #####:  390:                    noDestructorError(scope, funcDestructor, mustDealloc);
call    0 never executed
branch  1 never executed
branch  2 never executed
        -:  391:            }
        -:  392:        }
        -:  393:
    #####:  394:        std::set<const Token*> copiedVars;
call    0 never executed
call    1 never executed
call    2 never executed
    #####:  395:        const Token* copyCtor = nullptr;
    #####:  396:        for (const Function &func : scope->functionList) {
call    0 never executed
call    1 never executed
call    2 never executed
branch  3 never executed
branch  4 never executed
call    5 never executed
call    6 never executed
call    7 never executed
call    8 never executed
call    9 never executed
call   10 never executed
    #####:  397:            if (func.type != Function::eCopyConstructor)
branch  0 never executed
branch  1 never executed
    #####:  398:                continue;
    #####:  399:            copyCtor = func.tokenDef;
    #####:  400:            if (!func.functionScope) {
branch  0 never executed
branch  1 never executed
    #####:  401:                allocatedVars.clear();
call    0 never executed
    #####:  402:                break;
        -:  403:            }
    #####:  404:            const Token* tok = func.tokenDef->linkAt(1)->next();
call    0 never executed
branch  1 never executed
branch  2 never executed
call    3 never executed
    #####:  405:            if (tok->str()==":") {
call    0 never executed
call    1 never executed
branch  2 never executed
branch  3 never executed
    #####:  406:                tok=tok->next();
call    0 never executed
    #####:  407:                while (Token::Match(tok, "%name% (")) {
call    0 never executed
branch  1 never executed
branch  2 never executed
branch  3 never executed
branch  4 never executed
    #####:  408:                    if (allocatedVars.find(tok->varId()) != allocatedVars.end()) {
call    0 never executed
call    1 never executed
call    2 never executed
branch  3 never executed
branch  4 never executed
call    5 never executed
call    6 never executed
call    7 never executed
branch  8 never executed
branch  9 never executed
call   10 never executed
    #####:  409:                        if (tok->varId() && Token::Match(tok->tokAt(2), "%name% . %name% )"))
call    0 never executed
branch  1 never executed
branch  2 never executed
call    3 never executed
branch  4 never executed
branch  5 never executed
call    6 never executed
branch  7 never executed
branch  8 never executed
branch  9 never executed
branch 10 never executed
branch 11 never executed
branch 12 never executed
    #####:  410:                            copiedVars.insert(tok);
call    0 never executed
branch  1 never executed
branch  2 never executed
call    3 never executed
    #####:  411:                        else if (!Token::Match(tok->tokAt(2), "%any% )"))
call    0 never executed
branch  1 never executed
branch  2 never executed
call    3 never executed
branch  4 never executed
branch  5 never executed
branch  6 never executed
branch  7 never executed
    #####:  412:                            allocatedVars.erase(tok->varId()); // Assume memory is allocated
call    0 never executed
call    1 never executed
branch  2 never executed
branch  3 never executed
        -:  413:                    }
    #####:  414:                    tok = tok->linkAt(1)->tokAt(2);
call    0 never executed
branch  1 never executed
branch  2 never executed
call    3 never executed
branch  4 never executed
branch  5 never executed
        -:  415:                }
        -:  416:            }
    #####:  417:            for (tok = func.functionScope->bodyStart; tok != func.functionScope->bodyEnd; tok = tok->next()) {
branch  0 never executed
branch  1 never executed
call    2 never executed
    #####:  418:                if (Token::Match(tok, "%var% = new|malloc|g_malloc|g_try_malloc|realloc|g_realloc|g_try_realloc")) {
call    0 never executed
branch  1 never executed
branch  2 never executed
branch  3 never executed
branch  4 never executed
    #####:  419:                    allocatedVars.erase(tok->varId());
call    0 never executed
call    1 never executed
branch  2 never executed
branch  3 never executed
    #####:  420:                } else if (Token::Match(tok, "%var% = %name% . %name% ;") && allocatedVars.find(tok->varId()) != allocatedVars.end()) {
call    0 never executed
branch  1 never executed
branch  2 never executed
branch  3 never executed
branch  4 never executed
call    5 never executed
call    6 never executed
call    7 never executed
branch  8 never executed
branch  9 never executed
call   10 never executed
branch 11 never executed
branch 12 never executed
branch 13 never executed
branch 14 never executed
call   15 never executed
branch 16 never executed
branch 17 never executed
call   18 never executed
branch 19 never executed
branch 20 never executed
branch 21 never executed
branch 22 never executed
call   23 never executed
branch 24 never executed
branch 25 never executed
call   26 never executed
    #####:  421:                    copiedVars.insert(tok);
call    0 never executed
branch  1 never executed
branch  2 never executed
call    3 never executed
        -:  422:                }
        -:  423:            }
    #####:  424:            break;
        -:  425:        }
    #####:  426:        if (copyCtor && !copiedVars.empty()) {
branch  0 never executed
branch  1 never executed
call    2 never executed
branch  3 never executed
branch  4 never executed
branch  5 never executed
branch  6 never executed
    #####:  427:            for (const Token *cv : copiedVars)
call    0 never executed
call    1 never executed
call    2 never executed
branch  3 never executed
branch  4 never executed
call    5 never executed
call    6 never executed
call    7 never executed
call    8 never executed
call    9 never executed
call   10 never executed
    #####:  428:                copyConstructorShallowCopyError(cv, cv->str());
call    0 never executed
call    1 never executed
branch  2 never executed
branch  3 never executed
        -:  429:            // throw error if count mismatch
        -:  430:            /* FIXME: This doesn't work. See #4154
        -:  431:            for (std::map<int, const Token*>::const_iterator i = allocatedVars.begin(); i != allocatedVars.end(); ++i) {
        -:  432:                copyConstructorMallocError(copyCtor, i->second, i->second->str());
        -:  433:            }
        -:  434:            */
        -:  435:        }
        -:  436:    }
        -:  437:}
        -:  438:
        -:  439:/* This doesn't work. See #4154
        -:  440:void CheckClass::copyConstructorMallocError(const Token *cctor, const Token *alloc, const std::string& varname)
        -:  441:{
        -:  442:    std::list<const Token*> callstack;
        -:  443:    callstack.push_back(cctor);
        -:  444:    callstack.push_back(alloc);
        -:  445:    reportError(callstack, Severity::warning, "copyCtorNoAllocation", "Copy constructor does not allocate memory for member '" + varname + "' although memory has been allocated in other constructors.");
        -:  446:}
        -:  447:*/
        -:  448:
function _ZN10CheckClass31copyConstructorShallowCopyErrorEPK5TokenRKNSt7__cxx1112basic_stringIcSt11char_traitsIcESaIcEEE called 0 returned 0% blocks executed 0%
    #####:  449:void CheckClass::copyConstructorShallowCopyError(const Token *tok, const std::string& varname)
        -:  450:{
    #####:  451:    reportError(tok, Severity::warning, "copyCtorPointerCopying",
call    0 never executed
branch  1 never executed
branch  2 never executed
    #####:  452:                "$symbol:" + varname + "\nValue of pointer '$symbol', which points to allocated memory, is copied in copy constructor instead of allocating new memory.", CWE398, false);
call    0 never executed
call    1 never executed
branch  2 never executed
branch  3 never executed
call    4 never executed
call    5 never executed
call    6 never executed
call    7 never executed
    #####:  453:}
        -:  454:
function _ZL20noMemberErrorMessagePK5ScopePKcb called 0 returned 0% blocks executed 0%
    #####:  455:static std::string noMemberErrorMessage(const Scope *scope, const char function[], bool isdefault)
        -:  456:{
    #####:  457:    const std::string &classname = scope ? scope->className : "class";
branch  0 never executed
branch  1 never executed
call    2 never executed
branch  3 never executed
branch  4 never executed
call    5 never executed
call    6 never executed
branch  7 never executed
branch  8 never executed
branch  9 never executed
branch 10 never executed
call   11 never executed
call   12 never executed
branch 13 never executed
branch 14 never executed
call   15 never executed
call   16 never executed
call   17 never executed
    #####:  458:    const std::string type = (scope && scope->type == Scope::eStruct) ? "Struct" : "Class";
call    0 never executed
branch  1 never executed
branch  2 never executed
branch  3 never executed
branch  4 never executed
call    5 never executed
branch  6 never executed
branch  7 never executed
call    8 never executed
call    9 never executed
call   10 never executed
call   11 never executed
    #####:  459:    const bool isDestructor = (function[0] == 'd');
    #####:  460:    std::string errmsg = "$symbol:" + classname + '\n';
call    0 never executed
branch  1 never executed
branch  2 never executed
call    3 never executed
branch  4 never executed
branch  5 never executed
call    6 never executed
        -:  461:
    #####:  462:    if (isdefault) {
branch  0 never executed
branch  1 never executed
    #####:  463:        errmsg += type + " '$symbol' has dynamic memory/resource allocation(s). The " + function + " is explicitly defaulted but the default " + function + " does not work well.";
call    0 never executed
branch  1 never executed
branch  2 never executed
call    3 never executed
branch  4 never executed
branch  5 never executed
call    6 never executed
branch  7 never executed
branch  8 never executed
call    9 never executed
branch 10 never executed
branch 11 never executed
call   12 never executed
branch 13 never executed
branch 14 never executed
call   15 never executed
branch 16 never executed
branch 17 never executed
call   18 never executed
call   19 never executed
call   20 never executed
call   21 never executed
call   22 never executed
call   23 never executed
call   24 never executed
call   25 never executed
call   26 never executed
call   27 never executed
    #####:  464:        if (isDestructor)
branch  0 never executed
branch  1 never executed
    #####:  465:            errmsg += " It is recommended to define the " + std::string(function) + '.';
call    0 never executed
call    1 never executed
branch  2 never executed
branch  3 never executed
call    4 never executed
branch  5 never executed
branch  6 never executed
call    7 never executed
branch  8 never executed
branch  9 never executed
call   10 never executed
branch 11 never executed
branch 12 never executed
call   13 never executed
call   14 never executed
call   15 never executed
call   16 never executed
call   17 never executed
call   18 never executed
call   19 never executed
call   20 never executed
        -:  466:        else
    #####:  467:            errmsg += " It is recommended to define or delete the " + std::string(function) + '.';
call    0 never executed
call    1 never executed
branch  2 never executed
branch  3 never executed
call    4 never executed
branch  5 never executed
branch  6 never executed
call    7 never executed
branch  8 never executed
branch  9 never executed
call   10 never executed
branch 11 never executed
branch 12 never executed
call   13 never executed
call   14 never executed
call   15 never executed
call   16 never executed
call   17 never executed
call   18 never executed
call   19 never executed
call   20 never executed
        -:  468:    } else {
    #####:  469:        errmsg += type + " '$symbol' does not have a " + function + " which is recommended since it has dynamic memory/resource allocation(s).";
call    0 never executed
branch  1 never executed
branch  2 never executed
call    3 never executed
branch  4 never executed
branch  5 never executed
call    6 never executed
branch  7 never executed
branch  8 never executed
call    9 never executed
branch 10 never executed
branch 11 never executed
call   12 never executed
call   13 never executed
call   14 never executed
call   15 never executed
call   16 never executed
call   17 never executed
call   18 never executed
        -:  470:    }
        -:  471:
    #####:  472:    return errmsg;
        -:  473:}
        -:  474:
function _ZN10CheckClass22noCopyConstructorErrorEPK5ScopebPK5Tokenb called 0 returned 0% blocks executed 0%
    #####:  475:void CheckClass::noCopyConstructorError(const Scope *scope, bool isdefault, const Token *alloc, bool inconclusive)
        -:  476:{
    #####:  477:    reportError(alloc, Severity::warning, "noCopyConstructor", noMemberErrorMessage(scope, "copy constructor", isdefault), CWE398, inconclusive);
call    0 never executed
call    1 never executed
branch  2 never executed
branch  3 never executed
call    4 never executed
call    5 never executed
    #####:  478:}
        -:  479:
function _ZN10CheckClass17noOperatorEqErrorEPK5ScopebPK5Tokenb called 0 returned 0% blocks executed 0%
    #####:  480:void CheckClass::noOperatorEqError(const Scope *scope, bool isdefault, const Token *alloc, bool inconclusive)
        -:  481:{
    #####:  482:    reportError(alloc, Severity::warning, "noOperatorEq", noMemberErrorMessage(scope, "operator=", isdefault), CWE398, inconclusive);
call    0 never executed
call    1 never executed
branch  2 never executed
branch  3 never executed
call    4 never executed
call    5 never executed
    #####:  483:}
        -:  484:
function _ZN10CheckClass17noDestructorErrorEPK5ScopebPK5Token called 0 returned 0% blocks executed 0%
    #####:  485:void CheckClass::noDestructorError(const Scope *scope, bool isdefault, const Token *alloc)
        -:  486:{
    #####:  487:    reportError(alloc, Severity::warning, "noDestructor", noMemberErrorMessage(scope, "destructor", isdefault), CWE398, false);
call    0 never executed
call    1 never executed
branch  2 never executed
branch  3 never executed
call    4 never executed
call    5 never executed
    #####:  488:}
        -:  489:
function _ZN10CheckClass10canNotCopyEPK5Scope called 0 returned 0% blocks executed 0%
    #####:  490:bool CheckClass::canNotCopy(const Scope *scope)
        -:  491:{
    #####:  492:    bool constructor = false;
    #####:  493:    bool publicAssign = false;
    #####:  494:    bool publicCopy = false;
        -:  495:
    #####:  496:    for (const Function &func : scope->functionList) {
call    0 never executed
call    1 never executed
call    2 never executed
branch  3 never executed
branch  4 never executed
call    5 never executed
call    6 never executed
call    7 never executed
call    8 never executed
    #####:  497:        if (func.isConstructor())
call    0 never executed
branch  1 never executed
branch  2 never executed
    #####:  498:            constructor = true;
    #####:  499:        if (func.access != AccessControl::Public)
branch  0 never executed
branch  1 never executed
    #####:  500:            continue;
    #####:  501:        if (func.type == Function::eCopyConstructor) {
branch  0 never executed
branch  1 never executed
    #####:  502:            publicCopy = true;
    #####:  503:            break;
    #####:  504:        } else if (func.type == Function::eOperatorEqual) {
branch  0 never executed
branch  1 never executed
    #####:  505:            publicAssign = true;
    #####:  506:            break;
        -:  507:        }
        -:  508:    }
        -:  509:
    #####:  510:    return constructor && !(publicAssign || publicCopy);
branch  0 never executed
branch  1 never executed
branch  2 never executed
branch  3 never executed
branch  4 never executed
branch  5 never executed
        -:  511:}
        -:  512:
function _ZN10CheckClass10canNotMoveEPK5Scope called 0 returned 0% blocks executed 0%
    #####:  513:bool CheckClass::canNotMove(const Scope *scope)
        -:  514:{
    #####:  515:    bool constructor = false;
    #####:  516:    bool publicAssign = false;
    #####:  517:    bool publicCopy = false;
    #####:  518:    bool publicMove = false;
        -:  519:
    #####:  520:    for (const Function &func : scope->functionList) {
call    0 never executed
call    1 never executed
call    2 never executed
branch  3 never executed
branch  4 never executed
call    5 never executed
call    6 never executed
call    7 never executed
call    8 never executed
    #####:  521:        if (func.isConstructor())
call    0 never executed
branch  1 never executed
branch  2 never executed
    #####:  522:            constructor = true;
    #####:  523:        if (func.access != AccessControl::Public)
branch  0 never executed
branch  1 never executed
    #####:  524:            continue;
    #####:  525:        if (func.type == Function::eCopyConstructor) {
branch  0 never executed
branch  1 never executed
    #####:  526:            publicCopy = true;
    #####:  527:            break;
    #####:  528:        } else if (func.type == Function::eMoveConstructor) {
branch  0 never executed
branch  1 never executed
    #####:  529:            publicMove = true;
    #####:  530:            break;
    #####:  531:        } else if (func.type == Function::eOperatorEqual) {
branch  0 never executed
branch  1 never executed
    #####:  532:            publicAssign = true;
    #####:  533:            break;
        -:  534:        }
        -:  535:    }
        -:  536:
    #####:  537:    return constructor && !(publicAssign || publicCopy || publicMove);
branch  0 never executed
branch  1 never executed
branch  2 never executed
branch  3 never executed
branch  4 never executed
branch  5 never executed
branch  6 never executed
branch  7 never executed
        -:  538:}
        -:  539:
function _ZN10CheckClass9assignVarEiPK5ScopeRNSt7__debug6vectorINS_5UsageESaIS5_EEE called 0 returned 0% blocks executed 0%
    #####:  540:void CheckClass::assignVar(nonneg int varid, const Scope *scope, std::vector<Usage> &usage)
        -:  541:{
    #####:  542:    int count = 0;
        -:  543:
    #####:  544:    for (std::list<Variable>::const_iterator var = scope->varlist.begin(); var != scope->varlist.end(); ++var, ++count) {
call    0 never executed
call    1 never executed
call    2 never executed
call    3 never executed
branch  4 never executed
branch  5 never executed
call    6 never executed
call    7 never executed
branch  8 never executed
branch  9 never executed
    #####:  545:        if (var->declarationId() == varid) {
call    0 never executed
call    1 never executed
branch  2 never executed
branch  3 never executed
    #####:  546:            usage[count].assign = true;
call    0 never executed
    #####:  547:            return;
        -:  548:        }
        -:  549:    }
        -:  550:}
        -:  551:
function _ZN10CheckClass7initVarEiPK5ScopeRNSt7__debug6vectorINS_5UsageESaIS5_EEE called 0 returned 0% blocks executed 0%
    #####:  552:void CheckClass::initVar(nonneg int varid, const Scope *scope, std::vector<Usage> &usage)
        -:  553:{
    #####:  554:    int count = 0;
        -:  555:
    #####:  556:    for (std::list<Variable>::const_iterator var = scope->varlist.begin(); var != scope->varlist.end(); ++var, ++count) {
call    0 never executed
call    1 never executed
call    2 never executed
call    3 never executed
branch  4 never executed
branch  5 never executed
call    6 never executed
call    7 never executed
branch  8 never executed
branch  9 never executed
    #####:  557:        if (var->declarationId() == varid) {
call    0 never executed
call    1 never executed
branch  2 never executed
branch  3 never executed
    #####:  558:            usage[count].init = true;
call    0 never executed
    #####:  559:            return;
        -:  560:        }
        -:  561:    }
        -:  562:}
        -:  563:
function _ZN10CheckClass12assignAllVarERNSt7__debug6vectorINS_5UsageESaIS2_EEE called 0 returned 0% blocks executed 0%
    #####:  564:void CheckClass::assignAllVar(std::vector<Usage> &usage)
        -:  565:{
    #####:  566:    for (Usage & i : usage)
call    0 never executed
call    1 never executed
call    2 never executed
branch  3 never executed
branch  4 never executed
call    5 never executed
call    6 never executed
call    7 never executed
call    8 never executed
    #####:  567:        i.assign = true;
    #####:  568:}
        -:  569:
function _ZN10CheckClass11clearAllVarERNSt7__debug6vectorINS_5UsageESaIS2_EEE called 0 returned 0% blocks executed 0%
    #####:  570:void CheckClass::clearAllVar(std::vector<Usage> &usage)
        -:  571:{
    #####:  572:    for (Usage & i : usage) {
call    0 never executed
call    1 never executed
call    2 never executed
branch  3 never executed
branch  4 never executed
call    5 never executed
call    6 never executed
call    7 never executed
call    8 never executed
    #####:  573:        i.assign = false;
    #####:  574:        i.init = false;
        -:  575:    }
    #####:  576:}
        -:  577:
function _ZN10CheckClass15isBaseClassFuncEPK5TokenPK5Scope called 0 returned 0% blocks executed 0%
    #####:  578:bool CheckClass::isBaseClassFunc(const Token *tok, const Scope *scope)
        -:  579:{
        -:  580:    // Iterate through each base class...
    #####:  581:    for (const Type::BaseInfo & i : scope->definedType->derivedFrom) {
call    0 never executed
call    1 never executed
call    2 never executed
branch  3 never executed
branch  4 never executed
call    5 never executed
call    6 never executed
call    7 never executed
branch  8 never executed
branch  9 never executed
call   10 never executed
branch 11 never executed
branch 12 never executed
    #####:  582:        const Type *derivedFrom = i.type;
        -:  583:
        -:  584:        // Check if base class exists in database
    #####:  585:        if (derivedFrom && derivedFrom->classScope) {
branch  0 never executed
branch  1 never executed
branch  2 never executed
branch  3 never executed
    #####:  586:            const std::list<Function>& functionList = derivedFrom->classScope->functionList;
        -:  587:
    #####:  588:            for (const Function &func : functionList) {
call    0 never executed
call    1 never executed
call    2 never executed
branch  3 never executed
branch  4 never executed
call    5 never executed
call    6 never executed
call    7 never executed
branch  8 never executed
branch  9 never executed
call   10 never executed
branch 11 never executed
branch 12 never executed
    #####:  589:                if (func.tokenDef->str() == tok->str())
call    0 never executed
call    1 never executed
call    2 never executed
branch  3 never executed
branch  4 never executed
    #####:  590:                    return true;
    #####:  591:            }
        -:  592:        }
        -:  593:
        -:  594:        // Base class not found so assume it is in it.
        -:  595:        else
    #####:  596:            return true;
        -:  597:    }
        -:  598:
    #####:  599:    return false;
        -:  600:}
        -:  601:
function _ZN10CheckClass17initializeVarListERK8FunctionRNSt7__debug4listIPS1_SaIS5_EEEPK5ScopeRNS3_6vectorINS_5UsageESaISD_EEE called 0 returned 0% blocks executed 0%
    #####:  602:void CheckClass::initializeVarList(const Function &func, std::list<const Function *> &callstack, const Scope *scope, std::vector<Usage> &usage)
        -:  603:{
    #####:  604:    if (!func.functionScope)
branch  0 never executed
branch  1 never executed
    #####:  605:        throw InternalError(nullptr, "Internal Error: Invalid syntax"); // #5702
call    0 never executed
call    1 never executed
call    2 never executed
branch  3 never executed
branch  4 never executed
call    5 never executed
branch  6 never executed
branch  7 never executed
call    8 never executed
call    9 never executed
call   10 never executed
call   11 never executed
call   12 never executed
call   13 never executed
call   14 never executed
    #####:  606:    bool initList = func.isConstructor();
call    0 never executed
    #####:  607:    const Token *ftok = func.arg->link()->next();
call    0 never executed
call    1 never executed
    #####:  608:    int level = 0;
    #####:  609:    for (; ftok && ftok != func.functionScope->bodyEnd; ftok = ftok->next()) {
branch  0 never executed
branch  1 never executed
branch  2 never executed
branch  3 never executed
call    4 never executed
        -:  610:        // Class constructor.. initializing variables like this
        -:  611:        // clKalle::clKalle() : var(value) { }
    #####:  612:        if (initList) {
branch  0 never executed
branch  1 never executed
    #####:  613:            if (level == 0 && Token::Match(ftok, "%name% {|(") && Token::Match(ftok->linkAt(1), "}|) ,|{")) {
branch  0 never executed
branch  1 never executed
call    2 never executed
branch  3 never executed
branch  4 never executed
call    5 never executed
call    6 never executed
branch  7 never executed
branch  8 never executed
branch  9 never executed
branch 10 never executed
    #####:  614:                if (ftok->str() != func.name()) {
call    0 never executed
call    1 never executed
call    2 never executed
branch  3 never executed
branch  4 never executed
    #####:  615:                    initVar(ftok->varId(), scope, usage);
call    0 never executed
call    1 never executed
        -:  616:                } else { // c++11 delegate constructor
    #####:  617:                    const Function *member = ftok->function();
call    0 never executed
        -:  618:                    // member function not found => assume it initializes all members
    #####:  619:                    if (!member) {
branch  0 never executed
branch  1 never executed
    #####:  620:                        assignAllVar(usage);
call    0 never executed
    #####:  621:                        return;
        -:  622:                    }
        -:  623:
        -:  624:                    // recursive call
        -:  625:                    // assume that all variables are initialized
    #####:  626:                    if (std::find(callstack.begin(), callstack.end(), member) != callstack.end()) {
call    0 never executed
call    1 never executed
call    2 never executed
call    3 never executed
branch  4 never executed
branch  5 never executed
call    6 never executed
call    7 never executed
call    8 never executed
call    9 never executed
call   10 never executed
branch 11 never executed
branch 12 never executed
call   13 never executed
call   14 never executed
call   15 never executed
call   16 never executed
        -:  627:                        /** @todo false negative: just bail */
    #####:  628:                        assignAllVar(usage);
call    0 never executed
    #####:  629:                        return;
        -:  630:                    }
        -:  631:
        -:  632:                    // member function has implementation
    #####:  633:                    if (member->hasBody()) {
call    0 never executed
branch  1 never executed
branch  2 never executed
        -:  634:                        // initialize variable use list using member function
    #####:  635:                        callstack.push_back(member);
call    0 never executed
branch  1 never executed
branch  2 never executed
    #####:  636:                        initializeVarList(*member, callstack, scope, usage);
call    0 never executed
branch  1 never executed
branch  2 never executed
    #####:  637:                        callstack.pop_back();
call    0 never executed
        -:  638:                    }
        -:  639:
        -:  640:                    // there is a called member function, but it has no implementation, so we assume it initializes everything
        -:  641:                    else {
    #####:  642:                        assignAllVar(usage);
call    0 never executed
        -:  643:                    }
        -:  644:                }
    #####:  645:            } else if (level != 0 && Token::Match(ftok, "%name% =")) // assignment in the initializer: var(value = x)
branch  0 never executed
branch  1 never executed
call    2 never executed
branch  3 never executed
branch  4 never executed
branch  5 never executed
branch  6 never executed
    #####:  646:                assignVar(ftok->varId(), scope, usage);
call    0 never executed
call    1 never executed
        -:  647:
        -:  648:            // Level handling
    #####:  649:            if (ftok->link() && Token::Match(ftok, "(|<"))
call    0 never executed
branch  1 never executed
branch  2 never executed
call    3 never executed
branch  4 never executed
branch  5 never executed
branch  6 never executed
branch  7 never executed
    #####:  650:                level++;
    #####:  651:            else if (ftok->str() == "{") {
call    0 never executed
call    1 never executed
branch  2 never executed
branch  3 never executed
    #####:  652:                if (level != 0 ||
branch  0 never executed
branch  1 never executed
branch  2 never executed
branch  3 never executed
branch  4 never executed
branch  5 never executed
    #####:  653:                    (Token::Match(ftok->previous(), "%name%|>") && Token::Match(ftok->link(), "} ,|{")))
call    0 never executed
call    1 never executed
call    2 never executed
call    3 never executed
branch  4 never executed
branch  5 never executed
    #####:  654:                    level++;
        -:  655:                else
    #####:  656:                    initList = false;
    #####:  657:            } else if (ftok->link() && Token::Match(ftok, ")|>|}"))
call    0 never executed
branch  1 never executed
branch  2 never executed
call    3 never executed
branch  4 never executed
branch  5 never executed
branch  6 never executed
branch  7 never executed
    #####:  658:                level--;
        -:  659:        }
        -:  660:
    #####:  661:        if (initList)
branch  0 never executed
branch  1 never executed
    #####:  662:            continue;
        -:  663:
        -:  664:        // Variable getting value from stream?
    #####:  665:        if (Token::Match(ftok, ">>|& %name%") && isLikelyStreamRead(true, ftok)) {
call    0 never executed
branch  1 never executed
branch  2 never executed
call    3 never executed
branch  4 never executed
branch  5 never executed
branch  6 never executed
branch  7 never executed
    #####:  666:            assignVar(ftok->next()->varId(), scope, usage);
call    0 never executed
call    1 never executed
call    2 never executed
        -:  667:        }
        -:  668:
        -:  669:        // If assignment comes after an && or || this is really inconclusive because of short circuiting
    #####:  670:        if (Token::Match(ftok, "%oror%|&&"))
call    0 never executed
branch  1 never executed
branch  2 never executed
    #####:  671:            continue;
        -:  672:
    #####:  673:        if (Token::simpleMatch(ftok, "( !"))
call    0 never executed
branch  1 never executed
branch  2 never executed
    #####:  674:            ftok = ftok->next();
call    0 never executed
        -:  675:
        -:  676:        // Using the operator= function to initialize all variables..
    #####:  677:        if (Token::Match(ftok->next(), "return| (| * this )| =")) {
call    0 never executed
call    1 never executed
branch  2 never executed
branch  3 never executed
    #####:  678:            assignAllVar(usage);
call    0 never executed
    #####:  679:            break;
        -:  680:        }
        -:  681:
        -:  682:        // Using swap to assign all variables..
    #####:  683:        if (func.type == Function::eOperatorEqual && Token::Match(ftok, "[;{}] %name% (") && Token::Match(ftok->linkAt(2), ") . %name% ( *| this ) ;")) {
branch  0 never executed
branch  1 never executed
call    2 never executed
branch  3 never executed
branch  4 never executed
call    5 never executed
call    6 never executed
branch  7 never executed
branch  8 never executed
branch  9 never executed
branch 10 never executed
    #####:  684:            assignAllVar(usage);
call    0 never executed
    #####:  685:            break;
        -:  686:        }
        -:  687:
        -:  688:        // Calling member variable function?
    #####:  689:        if (Token::Match(ftok->next(), "%var% . %name% (")) {
call    0 never executed
call    1 never executed
branch  2 never executed
branch  3 never executed
    #####:  690:            for (const Variable &var : scope->varlist) {
call    0 never executed
call    1 never executed
call    2 never executed
branch  3 never executed
branch  4 never executed
call    5 never executed
call    6 never executed
call    7 never executed
call    8 never executed
    #####:  691:                if (var.declarationId() == ftok->next()->varId()) {
call    0 never executed
call    1 never executed
call    2 never executed
branch  3 never executed
branch  4 never executed
        -:  692:                    /** @todo false negative: we assume function changes variable state */
    #####:  693:                    assignVar(ftok->next()->varId(), scope, usage);
call    0 never executed
call    1 never executed
call    2 never executed
    #####:  694:                    break;
        -:  695:                }
        -:  696:            }
        -:  697:
    #####:  698:            ftok = ftok->tokAt(2);
call    0 never executed
        -:  699:        }
        -:  700:
    #####:  701:        if (!Token::Match(ftok->next(), "::| %name%") &&
call    0 never executed
call    1 never executed
branch  2 never executed
branch  3 never executed
branch  4 never executed
branch  5 never executed
    #####:  702:            !Token::Match(ftok->next(), "*| this . %name%") &&
call    0 never executed
call    1 never executed
branch  2 never executed
branch  3 never executed
    #####:  703:            !Token::Match(ftok->next(), "* %name% =") &&
branch  0 never executed
branch  1 never executed
call    2 never executed
call    3 never executed
branch  4 never executed
branch  5 never executed
    #####:  704:            !Token::Match(ftok->next(), "( * this ) . %name%"))
call    0 never executed
call    1 never executed
    #####:  705:            continue;
        -:  706:
        -:  707:        // Goto the first token in this statement..
    #####:  708:        ftok = ftok->next();
call    0 never executed
        -:  709:
        -:  710:        // skip "return"
    #####:  711:        if (ftok->str() == "return")
call    0 never executed
call    1 never executed
branch  2 never executed
branch  3 never executed
    #####:  712:            ftok = ftok->next();
call    0 never executed
        -:  713:
        -:  714:        // Skip "( * this )"
    #####:  715:        if (Token::simpleMatch(ftok, "( * this ) .")) {
call    0 never executed
branch  1 never executed
branch  2 never executed
    #####:  716:            ftok = ftok->tokAt(5);
call    0 never executed
        -:  717:        }
        -:  718:
        -:  719:        // Skip "this->"
    #####:  720:        if (Token::simpleMatch(ftok, "this ."))
call    0 never executed
branch  1 never executed
branch  2 never executed
    #####:  721:            ftok = ftok->tokAt(2);
call    0 never executed
        -:  722:
        -:  723:        // Skip "classname :: "
    #####:  724:        if (Token::Match(ftok, ":: %name%"))
call    0 never executed
branch  1 never executed
branch  2 never executed
    #####:  725:            ftok = ftok->next();
call    0 never executed
    #####:  726:        while (Token::Match(ftok, "%name% ::"))
call    0 never executed
branch  1 never executed
branch  2 never executed
    #####:  727:            ftok = ftok->tokAt(2);
call    0 never executed
        -:  728:
        -:  729:        // Clearing all variables..
    #####:  730:        if (Token::Match(ftok, "::| memset ( this ,")) {
call    0 never executed
branch  1 never executed
branch  2 never executed
    #####:  731:            assignAllVar(usage);
call    0 never executed
    #####:  732:            return;
        -:  733:        }
        -:  734:
        -:  735:        // Ticket #7068
    #####:  736:        else if (Token::Match(ftok, "::| memset ( &| this . %name%")) {
call    0 never executed
branch  1 never executed
branch  2 never executed
    #####:  737:            if (ftok->str() == "::")
call    0 never executed
call    1 never executed
branch  2 never executed
branch  3 never executed
    #####:  738:                ftok = ftok->next();
call    0 never executed
    #####:  739:            int offsetToMember = 4;
    #####:  740:            if (ftok->strAt(2) == "&")
call    0 never executed
call    1 never executed
branch  2 never executed
branch  3 never executed
    #####:  741:                ++offsetToMember;
    #####:  742:            assignVar(ftok->tokAt(offsetToMember)->varId(), scope, usage);
call    0 never executed
call    1 never executed
call    2 never executed
[...]
branch  2 never executed
call    3 never executed
call    4 never executed
call    5 never executed
    #####: 2583:    reportError(tok, Severity::warning, "copyCtorAndEqOperator", message);
call    0 never executed
branch  1 never executed
branch  2 never executed
call    3 never executed
branch  4 never executed
branch  5 never executed
call    6 never executed
call    7 never executed
    #####: 2584:}
call    0 never executed
        -: 2585:
function _ZN10CheckClass23checkUnsafeClassDivZeroEb called 0 returned 0% blocks executed 0%
    #####: 2586:void CheckClass::checkUnsafeClassDivZero(bool test)
        -: 2587:{
        -: 2588:    // style severity: it is a style decision if classes should be safe or
        -: 2589:    // if users should be required to be careful. I expect that many users
        -: 2590:    // will disagree about these reports.
    #####: 2591:    if (!mSettings->isEnabled(Settings::STYLE))
call    0 never executed
branch  1 never executed
branch  2 never executed
    #####: 2592:        return;
        -: 2593:
    #####: 2594:    for (const Scope * classScope : mSymbolDatabase->classAndStructScopes) {
call    0 never executed
call    1 never executed
call    2 never executed
branch  3 never executed
branch  4 never executed
call    5 never executed
call    6 never executed
call    7 never executed
call    8 never executed
call    9 never executed
call   10 never executed
    #####: 2595:        if (!test && classScope->classDef->fileIndex() != 1)
branch  0 never executed
branch  1 never executed
call    2 never executed
branch  3 never executed
branch  4 never executed
branch  5 never executed
branch  6 never executed
    #####: 2596:            continue;
    #####: 2597:        for (const Function &func : classScope->functionList) {
call    0 never executed
call    1 never executed
call    2 never executed
branch  3 never executed
branch  4 never executed
call    5 never executed
call    6 never executed
call    7 never executed
call    8 never executed
call    9 never executed
call   10 never executed
    #####: 2598:            if (func.access != AccessControl::Public)
branch  0 never executed
branch  1 never executed
    #####: 2599:                continue;
    #####: 2600:            if (!func.hasBody())
call    0 never executed
branch  1 never executed
branch  2 never executed
    #####: 2601:                continue;
    #####: 2602:            if (func.name().compare(0,8,"operator")==0)
call    0 never executed
call    1 never executed
branch  2 never executed
branch  3 never executed
branch  4 never executed
branch  5 never executed
    #####: 2603:                continue;
    #####: 2604:            for (const Token *tok = func.functionScope->bodyStart; tok; tok = tok->next()) {
branch  0 never executed
branch  1 never executed
call    2 never executed
    #####: 2605:                if (Token::Match(tok, "if|switch|while|for|do|}"))
call    0 never executed
branch  1 never executed
branch  2 never executed
branch  3 never executed
branch  4 never executed
    #####: 2606:                    break;
    #####: 2607:                if (tok->str() != "/")
call    0 never executed
call    1 never executed
branch  2 never executed
branch  3 never executed
    #####: 2608:                    continue;
    #####: 2609:                if (!tok->valueType() || !tok->valueType()->isIntegral())
call    0 never executed
branch  1 never executed
branch  2 never executed
call    3 never executed
call    4 never executed
branch  5 never executed
branch  6 never executed
branch  7 never executed
branch  8 never executed
    #####: 2610:                    continue;
    #####: 2611:                if (!tok->astOperand2())
call    0 never executed
branch  1 never executed
branch  2 never executed
    #####: 2612:                    continue;
    #####: 2613:                const Variable *var = tok->astOperand2()->variable();
call    0 never executed
call    1 never executed
    #####: 2614:                if (!var || !var->isArgument())
branch  0 never executed
branch  1 never executed
call    2 never executed
branch  3 never executed
branch  4 never executed
branch  5 never executed
branch  6 never executed
    #####: 2615:                    continue;
    #####: 2616:                unsafeClassDivZeroError(tok, classScope->className, func.name(), var->name());
call    0 never executed
call    1 never executed
call    2 never executed
branch  3 never executed
branch  4 never executed
    #####: 2617:                break;
        -: 2618:            }
        -: 2619:        }
        -: 2620:    }
        -: 2621:}
        -: 2622:
function _ZN10CheckClass23unsafeClassDivZeroErrorEPK5TokenRKNSt7__cxx1112basic_stringIcSt11char_traitsIcESaIcEEESA_SA_ called 0 returned 0% blocks executed 0%
    #####: 2623:void CheckClass::unsafeClassDivZeroError(const Token *tok, const std::string &className, const std::string &methodName, const std::string &varName)
        -: 2624:{
    #####: 2625:    const std::string symbols = "$symbol:" + className + "\n$symbol:" + methodName + "\n$symbol:" + varName + '\n';
call    0 never executed
branch  1 never executed
branch  2 never executed
call    3 never executed
branch  4 never executed
branch  5 never executed
call    6 never executed
branch  7 never executed
branch  8 never executed
call    9 never executed
branch 10 never executed
branch 11 never executed
call   12 never executed
branch 13 never executed
branch 14 never executed
call   15 never executed
branch 16 never executed
branch 17 never executed
call   18 never executed
call   19 never executed
call   20 never executed
call   21 never executed
call   22 never executed
call   23 never executed
call   24 never executed
call   25 never executed
call   26 never executed
call   27 never executed
call   28 never executed
call   29 never executed
    #####: 2626:    const std::string s = className + "::" + methodName + "()";
call    0 never executed
branch  1 never executed
branch  2 never executed
call    3 never executed
branch  4 never executed
branch  5 never executed
call    6 never executed
branch  7 never executed
branch  8 never executed
call    9 never executed
call   10 never executed
call   11 never executed
call   12 never executed
call   13 never executed
    #####: 2627:    reportError(tok, Severity::style, "unsafeClassDivZero", symbols + "Public interface of " + className + " is not safe. When calling " + s + ", if parameter " + varName + " is 0 that leads to division by zero.");
call    0 never executed
branch  1 never executed
branch  2 never executed
call    3 never executed
branch  4 never executed
branch  5 never executed
call    6 never executed
branch  7 never executed
branch  8 never executed
call    9 never executed
branch 10 never executed
branch 11 never executed
call   12 never executed
branch 13 never executed
branch 14 never executed
call   15 never executed
branch 16 never executed
branch 17 never executed
call   18 never executed
branch 19 never executed
branch 20 never executed
call   21 never executed
branch 22 never executed
branch 23 never executed
call   24 never executed
call   25 never executed
call   26 never executed
call   27 never executed
call   28 never executed
call   29 never executed
call   30 never executed
call   31 never executed
call   32 never executed
call   33 never executed
call   34 never executed
call   35 never executed
call   36 never executed
call   37 never executed
    #####: 2628:}
call    0 never executed
        -: 2629:
function _ZN10CheckClass13checkOverrideEv called 0 returned 0% blocks executed 0%
    #####: 2630:void CheckClass::checkOverride()
        -: 2631:{
    #####: 2632:    if (!mSettings->isEnabled(Settings::STYLE))
call    0 never executed
branch  1 never executed
branch  2 never executed
    #####: 2633:        return;
    #####: 2634:    if (mSettings->standards.cpp < Standards::CPP11)
branch  0 never executed
branch  1 never executed
    #####: 2635:        return;
    #####: 2636:    for (const Scope * classScope : mSymbolDatabase->classAndStructScopes) {
call    0 never executed
call    1 never executed
call    2 never executed
branch  3 never executed
branch  4 never executed
call    5 never executed
call    6 never executed
call    7 never executed
call    8 never executed
call    9 never executed
call   10 never executed
    #####: 2637:        if (!classScope->definedType || classScope->definedType->derivedFrom.empty())
branch  0 never executed
branch  1 never executed
call    2 never executed
branch  3 never executed
branch  4 never executed
branch  5 never executed
branch  6 never executed
    #####: 2638:            continue;
    #####: 2639:        for (const Function &func : classScope->functionList) {
call    0 never executed
call    1 never executed
call    2 never executed
branch  3 never executed
branch  4 never executed
call    5 never executed
call    6 never executed
call    7 never executed
call    8 never executed
call    9 never executed
call   10 never executed
    #####: 2640:            if (func.hasOverrideSpecifier() || func.hasFinalSpecifier())
call    0 never executed
branch  1 never executed
branch  2 never executed
call    3 never executed
branch  4 never executed
branch  5 never executed
branch  6 never executed
branch  7 never executed
    #####: 2641:                continue;
    #####: 2642:            const Function *baseFunc = func.getOverriddenFunction();
call    0 never executed
branch  1 never executed
branch  2 never executed
    #####: 2643:            if (baseFunc)
branch  0 never executed
branch  1 never executed
    #####: 2644:                overrideError(baseFunc, &func);
call    0 never executed
branch  1 never executed
branch  2 never executed
        -: 2645:        }
        -: 2646:    }
        -: 2647:}
        -: 2648:
function _ZN10CheckClass13overrideErrorEPK8FunctionS2_ called 0 returned 0% blocks executed 0%
    #####: 2649:void CheckClass::overrideError(const Function *funcInBase, const Function *funcInDerived)
        -: 2650:{
    #####: 2651:    const std::string functionName = funcInDerived ? ((funcInDerived->isDestructor() ? "~" : "") + funcInDerived->name()) : "";
branch  0 never executed
branch  1 never executed
call    2 never executed
call    3 never executed
branch  4 never executed
branch  5 never executed
call    6 never executed
branch  7 never executed
branch  8 never executed
call    9 never executed
call   10 never executed
branch 11 never executed
branch 12 never executed
branch 13 never executed
branch 14 never executed
call   15 never executed
call   16 never executed
branch 17 never executed
branch 18 never executed
call   19 never executed
call   20 never executed
call   21 never executed
    #####: 2652:    const std::string funcType = (funcInDerived && funcInDerived->isDestructor()) ? "destructor" : "function";
call    0 never executed
branch  1 never executed
branch  2 never executed
call    3 never executed
branch  4 never executed
branch  5 never executed
call    6 never executed
branch  7 never executed
branch  8 never executed
call    9 never executed
call   10 never executed
call   11 never executed
        -: 2653:
    #####: 2654:    ErrorPath errorPath;
call    0 never executed
call    1 never executed
call    2 never executed
    #####: 2655:    if (funcInBase && funcInDerived) {
branch  0 never executed
branch  1 never executed
branch  2 never executed
branch  3 never executed
    #####: 2656:        errorPath.push_back(ErrorPathItem(funcInBase->tokenDef, "Virtual " + funcType + " in base class"));
call    0 never executed
branch  1 never executed
branch  2 never executed
call    3 never executed
branch  4 never executed
branch  5 never executed
call    6 never executed
call    7 never executed
branch  8 never executed
branch  9 never executed
call   10 never executed
call   11 never executed
call   12 never executed
call   13 never executed
call   14 never executed
call   15 never executed
    #####: 2657:        errorPath.push_back(ErrorPathItem(funcInDerived->tokenDef, char(std::toupper(funcType[0])) + funcType.substr(1) + " in derived class"));
call    0 never executed
branch  1 never executed
branch  2 never executed
call    3 never executed
call    4 never executed
branch  5 never executed
branch  6 never executed
call    7 never executed
branch  8 never executed
branch  9 never executed
call   10 never executed
call   11 never executed
branch 12 never executed
branch 13 never executed
call   14 never executed
call   15 never executed
call   16 never executed
call   17 never executed
call   18 never executed
call   19 never executed
call   20 never executed
call   21 never executed
        -: 2658:    }
        -: 2659:
    #####: 2660:    reportError(errorPath, Severity::style, "missingOverride",
call    0 never executed
branch  1 never executed
branch  2 never executed
    #####: 2661:                "$symbol:" + functionName + "\n"
call    0 never executed
branch  1 never executed
branch  2 never executed
call    3 never executed
branch  4 never executed
branch  5 never executed
call    6 never executed
call    7 never executed
call    8 never executed
call    9 never executed
    #####: 2662:                "The " + funcType + " '$symbol' overrides a " + funcType + " in a base class but is not marked with a 'override' specifier.",
call    0 never executed
branch  1 never executed
branch  2 never executed
call    3 never executed
branch  4 never executed
branch  5 never executed
call    6 never executed
branch  7 never executed
branch  8 never executed
call    9 never executed
branch 10 never executed
branch 11 never executed
call   12 never executed
call   13 never executed
call   14 never executed
call   15 never executed
call   16 never executed
call   17 never executed
call   18 never executed
call   19 never executed
    #####: 2663:                CWE(0U) /* Unknown CWE! */,
call    0 never executed
        -: 2664:                false);
    #####: 2665:}
        -: 2666:
function _ZN10CheckClass25checkUnsafeClassRefMemberEv called 0 returned 0% blocks executed 0%
    #####: 2667:void CheckClass::checkUnsafeClassRefMember()
        -: 2668:{
    #####: 2669:    if (!mSettings->safeChecks.classes || !mSettings->isEnabled(Settings::WARNING))
branch  0 never executed
branch  1 never executed
call    2 never executed
branch  3 never executed
branch  4 never executed
branch  5 never executed
branch  6 never executed
    #####: 2670:        return;
    #####: 2671:    for (const Scope * classScope : mSymbolDatabase->classAndStructScopes) {
call    0 never executed
call    1 never executed
call    2 never executed
branch  3 never executed
branch  4 never executed
call    5 never executed
call    6 never executed
call    7 never executed
call    8 never executed
call    9 never executed
call   10 never executed
    #####: 2672:        for (const Function &func : classScope->functionList) {
call    0 never executed
call    1 never executed
call    2 never executed
branch  3 never executed
branch  4 never executed
call    5 never executed
call    6 never executed
call    7 never executed
call    8 never executed
call    9 never executed
call   10 never executed
    #####: 2673:            if (!func.hasBody() || !func.isConstructor())
call    0 never executed
branch  1 never executed
branch  2 never executed
call    3 never executed
branch  4 never executed
branch  5 never executed
branch  6 never executed
branch  7 never executed
    #####: 2674:                continue;
        -: 2675:
    #####: 2676:            const Token *initList = func.constructorMemberInitialization();
call    0 never executed
branch  1 never executed
branch  2 never executed
    #####: 2677:            while (Token::Match(initList, "[:,] %name% (")) {
call    0 never executed
branch  1 never executed
branch  2 never executed
branch  3 never executed
branch  4 never executed
    #####: 2678:                if (Token::Match(initList->tokAt(2), "( %var% )")) {
call    0 never executed
branch  1 never executed
branch  2 never executed
call    3 never executed
branch  4 never executed
branch  5 never executed
branch  6 never executed
branch  7 never executed
    #####: 2679:                    const Variable * const memberVar = initList->next()->variable();
call    0 never executed
call    1 never executed
    #####: 2680:                    const Variable * const argVar = initList->tokAt(3)->variable();
call    0 never executed
branch  1 never executed
branch  2 never executed
call    3 never executed
    #####: 2681:                    if (memberVar && argVar && memberVar->isConst() && memberVar->isReference() && argVar->isArgument() && argVar->isConst() && argVar->isReference())
branch  0 never executed
branch  1 never executed
branch  2 never executed
branch  3 never executed
call    4 never executed
branch  5 never executed
branch  6 never executed
call    7 never executed
branch  8 never executed
branch  9 never executed
call   10 never executed
branch 11 never executed
branch 12 never executed
call   13 never executed
branch 14 never executed
branch 15 never executed
call   16 never executed
branch 17 never executed
branch 18 never executed
branch 19 never executed
branch 20 never executed
    #####: 2682:                        unsafeClassRefMemberError(initList->next(), classScope->className + "::" + memberVar->name());
call    0 never executed
call    1 never executed
branch  2 never executed
branch  3 never executed
call    4 never executed
branch  5 never executed
branch  6 never executed
call    7 never executed
call    8 never executed
branch  9 never executed
branch 10 never executed
call   11 never executed
call   12 never executed
call   13 never executed
call   14 never executed
        -: 2683:                }
    #####: 2684:                initList = initList->linkAt(2)->next();
call    0 never executed
branch  1 never executed
branch  2 never executed
call    3 never executed
        -: 2685:            }
        -: 2686:        }
        -: 2687:    }
        -: 2688:}
        -: 2689:
function _ZN10CheckClass25unsafeClassRefMemberErrorEPK5TokenRKNSt7__cxx1112basic_stringIcSt11char_traitsIcESaIcEEE called 0 returned 0% blocks executed 0%
    #####: 2690:void CheckClass::unsafeClassRefMemberError(const Token *tok, const std::string &varname)
        -: 2691:{
    #####: 2692:    reportError(tok, Severity::warning, "unsafeClassRefMember",
call    0 never executed
branch  1 never executed
branch  2 never executed
    #####: 2693:                "$symbol:" + varname + "\n"
call    0 never executed
branch  1 never executed
branch  2 never executed
call    3 never executed
branch  4 never executed
branch  5 never executed
call    6 never executed
call    7 never executed
call    8 never executed
call    9 never executed
        -: 2694:                "Unsafe class: The const reference member '$symbol' is initialized by a const reference constructor argument. You need to be careful about lifetime issues.\n"
        -: 2695:                "Unsafe class checking: The const reference member '$symbol' is initialized by a const reference constructor argument. You need to be careful about lifetime issues. If you pass a local variable or temporary value in this constructor argument, be extra careful. If the argument is always some global object that is never destroyed then this is safe usage. However it would be defensive to make the member '$symbol' a non-reference variable or a smart pointer.",
    #####: 2696:                CWE(0), false);
call    0 never executed
function _GLOBAL__sub_I__ZN10CheckClassC2EPK9TokenizerPK8SettingsP11ErrorLogger called 1 returned 100% blocks executed 100%
function _Z41__static_initialization_and_destruction_0ii called 1 returned 100% blocks executed 64%
        3: 2697:}
call    0 returned 100%
branch  1 taken 100% (fallthrough)
branch  2 taken 0%
branch  3 taken 100% (fallthrough)
branch  4 taken 0%
