        -:    0:Source:/home/workspace/lib/checkother.cpp
        -:    0:Graph:/home/workspace/build/lib/CMakeFiles/lib_objs.dir/checkother.gcno
        -:    0:Data:/home/workspace/build/lib/CMakeFiles/lib_objs.dir/checkother.gcda
        -:    0:Runs:1
        -:    0:Programs:1
        -:    1:/*
        -:    2: * Cppcheck - A tool for static C/C++ code analysis
        -:    3: * Copyright (C) 2007-2019 Cppcheck team.
        -:    4: *
        -:    5: * This program is free software: you can redistribute it and/or modify
        -:    6: * it under the terms of the GNU General Public License as published by
        -:    7: * the Free Software Foundation, either version 3 of the License, or
        -:    8: * (at your option) any later version.
        -:    9: *
        -:   10: * This program is distributed in the hope that it will be useful,
        -:   11: * but WITHOUT ANY WARRANTY; without even the implied warranty of
        -:   12: * MERCHANTABILITY or FITNESS FOR A PARTICULAR PURPOSE.  See the
        -:   13: * GNU General Public License for more details.
        -:   14: *
        -:   15: * You should have received a copy of the GNU General Public License
        -:   16: * along with this program.  If not, see <http://www.gnu.org/licenses/>.
        -:   17: */
        -:   18:
        -:   19:
        -:   20://---------------------------------------------------------------------------
        -:   21:#include "checkother.h"
        -:   22:#include "checkuninitvar.h" // CheckUninitVar::isVariableUsage
        -:   23:
        -:   24:#include "astutils.h"
        -:   25:#include "errorlogger.h"
        -:   26:#include "library.h"
        -:   27:#include "mathlib.h"
        -:   28:#include "settings.h"
        -:   29:#include "standards.h"
        -:   30:#include "symboldatabase.h"
        -:   31:#include "token.h"
        -:   32:#include "tokenize.h"
        -:   33:#include "utils.h"
        -:   34:
        -:   35:#include <algorithm> // find_if()
        -:   36:#include <list>
        -:   37:#include <map>
        -:   38:#include <ostream>
        -:   39:#include <set>
        -:   40:#include <utility>
        -:   41://---------------------------------------------------------------------------
        -:   42:
        -:   43:// Register this check class (by creating a static instance of it)
        -:   44:namespace {
        1:   45:    CheckOther instance;
call    0 returned 100%
call    1 returned 100%
        -:   46:}
        -:   47:
        1:   48:static const struct CWE CWE128(128U);   // Wrap-around Error
call    0 returned 100%
        1:   49:static const struct CWE CWE131(131U);   // Incorrect Calculation of Buffer Size
call    0 returned 100%
        1:   50:static const struct CWE CWE197(197U);   // Numeric Truncation Error
call    0 returned 100%
        1:   51:static const struct CWE CWE362(362U);   // Concurrent Execution using Shared Resource with Improper Synchronization ('Race Condition')
call    0 returned 100%
        1:   52:static const struct CWE CWE369(369U);   // Divide By Zero
call    0 returned 100%
        1:   53:static const struct CWE CWE398(398U);   // Indicator of Poor Code Quality
call    0 returned 100%
        1:   54:static const struct CWE CWE475(475U);   // Undefined Behavior for Input to API
call    0 returned 100%
        1:   55:static const struct CWE CWE482(482U);   // Comparing instead of Assigning
call    0 returned 100%
        1:   56:static const struct CWE CWE561(561U);   // Dead Code
call    0 returned 100%
        1:   57:static const struct CWE CWE563(563U);   // Assignment to Variable without Use ('Unused Variable')
call    0 returned 100%
        1:   58:static const struct CWE CWE570(570U);   // Expression is Always False
call    0 returned 100%
        1:   59:static const struct CWE CWE571(571U);   // Expression is Always True
call    0 returned 100%
        1:   60:static const struct CWE CWE672(672U);   // Operation on a Resource after Expiration or Release
call    0 returned 100%
        1:   61:static const struct CWE CWE628(628U);   // Function Call with Incorrectly Specified Arguments
call    0 returned 100%
        1:   62:static const struct CWE CWE683(683U);   // Function Call With Incorrect Order of Arguments
call    0 returned 100%
        1:   63:static const struct CWE CWE686(686U);   // Function Call With Incorrect Argument Type
call    0 returned 100%
        1:   64:static const struct CWE CWE704(704U);   // Incorrect Type Conversion or Cast
call    0 returned 100%
        1:   65:static const struct CWE CWE758(758U);   // Reliance on Undefined, Unspecified, or Implementation-Defined Behavior
call    0 returned 100%
        1:   66:static const struct CWE CWE768(768U);   // Incorrect Short Circuit Evaluation
call    0 returned 100%
        1:   67:static const struct CWE CWE783(783U);   // Operator Precedence Logic Error
call    0 returned 100%
        -:   68:
        -:   69://----------------------------------------------------------------------------------
        -:   70:// The return value of fgetc(), getc(), ungetc(), getchar() etc. is an integer value.
        -:   71:// If this return value is stored in a character variable and then compared
        -:   72:// to EOF, which is an integer, the comparison maybe be false.
        -:   73://
        -:   74:// Reference:
        -:   75:// - Ticket #160
        -:   76:// - http://www.cplusplus.com/reference/cstdio/fgetc/
        -:   77:// - http://www.cplusplus.com/reference/cstdio/getc/
        -:   78:// - http://www.cplusplus.com/reference/cstdio/getchar/
        -:   79:// - http://www.cplusplus.com/reference/cstdio/ungetc/ ...
        -:   80://----------------------------------------------------------------------------------
function _ZN10CheckOther25checkCastIntToCharAndBackEv called 0 returned 0% blocks executed 0%
    #####:   81:void CheckOther::checkCastIntToCharAndBack()
        -:   82:{
    #####:   83:    if (!mSettings->isEnabled(Settings::WARNING))
call    0 never executed
branch  1 never executed
branch  2 never executed
    #####:   84:        return;
        -:   85:
    #####:   86:    const SymbolDatabase *symbolDatabase = mTokenizer->getSymbolDatabase();
call    0 never executed
    #####:   87:    for (const Scope * scope : symbolDatabase->functionScopes) {
call    0 never executed
call    1 never executed
call    2 never executed
branch  3 never executed
branch  4 never executed
call    5 never executed
call    6 never executed
call    7 never executed
call    8 never executed
call    9 never executed
call   10 never executed
    #####:   88:        std::map<int, std::string> vars;
call    0 never executed
call    1 never executed
call    2 never executed
    #####:   89:        for (const Token* tok = scope->bodyStart->next(); tok != scope->bodyEnd; tok = tok->next()) {
call    0 never executed
branch  1 never executed
branch  2 never executed
call    3 never executed
        -:   90:            // Quick check to see if any of the matches below have any chances
    #####:   91:            if (!Token::Match(tok, "%var%|EOF %comp%|="))
call    0 never executed
branch  1 never executed
branch  2 never executed
branch  3 never executed
branch  4 never executed
    #####:   92:                continue;
    #####:   93:            if (Token::Match(tok, "%var% = fclose|fflush|fputc|fputs|fscanf|getchar|getc|fgetc|putchar|putc|puts|scanf|sscanf|ungetc (")) {
call    0 never executed
branch  1 never executed
branch  2 never executed
branch  3 never executed
branch  4 never executed
    #####:   94:                const Variable *var = tok->variable();
call    0 never executed
    #####:   95:                if (var && var->typeEndToken()->str() == "char" && !var->typeEndToken()->isSigned()) {
branch  0 never executed
branch  1 never executed
call    2 never executed
call    3 never executed
call    4 never executed
branch  5 never executed
branch  6 never executed
call    7 never executed
call    8 never executed
branch  9 never executed
branch 10 never executed
branch 11 never executed
branch 12 never executed
branch 13 never executed
branch 14 never executed
    #####:   96:                    vars[tok->varId()] = tok->strAt(2);
call    0 never executed
branch  1 never executed
branch  2 never executed
call    3 never executed
call    4 never executed
branch  5 never executed
branch  6 never executed
call    7 never executed
branch  8 never executed
branch  9 never executed
        -:   97:                }
    #####:   98:            } else if (Token::Match(tok, "EOF %comp% ( %var% = fclose|fflush|fputc|fputs|fscanf|getchar|getc|fgetc|putchar|putc|puts|scanf|sscanf|ungetc (")) {
call    0 never executed
branch  1 never executed
branch  2 never executed
branch  3 never executed
branch  4 never executed
    #####:   99:                tok = tok->tokAt(3);
call    0 never executed
branch  1 never executed
branch  2 never executed
    #####:  100:                const Variable *var = tok->variable();
call    0 never executed
    #####:  101:                if (var && var->typeEndToken()->str() == "char" && !var->typeEndToken()->isSigned()) {
branch  0 never executed
branch  1 never executed
call    2 never executed
call    3 never executed
call    4 never executed
branch  5 never executed
branch  6 never executed
call    7 never executed
call    8 never executed
branch  9 never executed
branch 10 never executed
branch 11 never executed
branch 12 never executed
branch 13 never executed
branch 14 never executed
    #####:  102:                    checkCastIntToCharAndBackError(tok, tok->strAt(2));
call    0 never executed
branch  1 never executed
branch  2 never executed
call    3 never executed
branch  4 never executed
branch  5 never executed
        -:  103:                }
    #####:  104:            } else if (mTokenizer->isCPP() && (Token::Match(tok, "EOF %comp% ( %var% = std :: cin . get (") || Token::Match(tok, "EOF %comp% ( %var% = cin . get ("))) {
call    0 never executed
branch  1 never executed
branch  2 never executed
call    3 never executed
branch  4 never executed
branch  5 never executed
branch  6 never executed
branch  7 never executed
call    8 never executed
branch  9 never executed
branch 10 never executed
branch 11 never executed
branch 12 never executed
branch 13 never executed
branch 14 never executed
    #####:  105:                tok = tok->tokAt(3);
call    0 never executed
branch  1 never executed
branch  2 never executed
    #####:  106:                const Variable *var = tok->variable();
call    0 never executed
    #####:  107:                if (var && var->typeEndToken()->str() == "char" && !var->typeEndToken()->isSigned()) {
branch  0 never executed
branch  1 never executed
call    2 never executed
call    3 never executed
call    4 never executed
branch  5 never executed
branch  6 never executed
call    7 never executed
call    8 never executed
branch  9 never executed
branch 10 never executed
branch 11 never executed
branch 12 never executed
branch 13 never executed
branch 14 never executed
    #####:  108:                    checkCastIntToCharAndBackError(tok, "cin.get");
call    0 never executed
call    1 never executed
branch  2 never executed
branch  3 never executed
call    4 never executed
branch  5 never executed
branch  6 never executed
call    7 never executed
call    8 never executed
call    9 never executed
call   10 never executed
        -:  109:                }
    #####:  110:            } else if (mTokenizer->isCPP() && (Token::Match(tok, "%var% = std :: cin . get (") || Token::Match(tok, "%var% = cin . get ("))) {
call    0 never executed
branch  1 never executed
branch  2 never executed
call    3 never executed
branch  4 never executed
branch  5 never executed
branch  6 never executed
branch  7 never executed
call    8 never executed
branch  9 never executed
branch 10 never executed
branch 11 never executed
branch 12 never executed
branch 13 never executed
branch 14 never executed
    #####:  111:                const Variable *var = tok->variable();
call    0 never executed
    #####:  112:                if (var && var->typeEndToken()->str() == "char" && !var->typeEndToken()->isSigned()) {
branch  0 never executed
branch  1 never executed
call    2 never executed
call    3 never executed
call    4 never executed
branch  5 never executed
branch  6 never executed
call    7 never executed
call    8 never executed
branch  9 never executed
branch 10 never executed
branch 11 never executed
branch 12 never executed
branch 13 never executed
branch 14 never executed
    #####:  113:                    vars[tok->varId()] = "cin.get";
call    0 never executed
call    1 never executed
branch  2 never executed
branch  3 never executed
call    4 never executed
branch  5 never executed
branch  6 never executed
        -:  114:                }
    #####:  115:            } else if (Token::Match(tok, "%var% %comp% EOF")) {
call    0 never executed
branch  1 never executed
branch  2 never executed
branch  3 never executed
branch  4 never executed
    #####:  116:                if (vars.find(tok->varId()) != vars.end()) {
call    0 never executed
call    1 never executed
call    2 never executed
branch  3 never executed
branch  4 never executed
call    5 never executed
call    6 never executed
call    7 never executed
branch  8 never executed
branch  9 never executed
call   10 never executed
    #####:  117:                    checkCastIntToCharAndBackError(tok, vars[tok->varId()]);
call    0 never executed
call    1 never executed
branch  2 never executed
branch  3 never executed
call    4 never executed
branch  5 never executed
branch  6 never executed
        -:  118:                }
    #####:  119:            } else if (Token::Match(tok, "EOF %comp% %var%")) {
call    0 never executed
branch  1 never executed
branch  2 never executed
branch  3 never executed
branch  4 never executed
    #####:  120:                tok = tok->tokAt(2);
call    0 never executed
branch  1 never executed
branch  2 never executed
    #####:  121:                if (vars.find(tok->varId()) != vars.end()) {
call    0 never executed
call    1 never executed
call    2 never executed
branch  3 never executed
branch  4 never executed
call    5 never executed
call    6 never executed
call    7 never executed
branch  8 never executed
branch  9 never executed
call   10 never executed
    #####:  122:                    checkCastIntToCharAndBackError(tok, vars[tok->varId()]);
call    0 never executed
call    1 never executed
branch  2 never executed
branch  3 never executed
call    4 never executed
branch  5 never executed
branch  6 never executed
        -:  123:                }
        -:  124:            }
        -:  125:        }
        -:  126:    }
        -:  127:}
        -:  128:
function _ZN10CheckOther30checkCastIntToCharAndBackErrorEPK5TokenRKNSt7__cxx1112basic_stringIcSt11char_traitsIcESaIcEEE called 0 returned 0% blocks executed 0%
    #####:  129:void CheckOther::checkCastIntToCharAndBackError(const Token *tok, const std::string &strFunctionName)
        -:  130:{
    #####:  131:    reportError(
call    0 never executed
branch  1 never executed
branch  2 never executed
        -:  132:        tok,
        -:  133:        Severity::warning,
        -:  134:        "checkCastIntToCharAndBack",
    #####:  135:        "$symbol:" + strFunctionName + "\n"
call    0 never executed
call    1 never executed
branch  2 never executed
branch  3 never executed
call    4 never executed
call    5 never executed
call    6 never executed
call    7 never executed
        -:  136:        "Storing $symbol() return value in char variable and then comparing with EOF.\n"
        -:  137:        "When saving $symbol() return value in char variable there is loss of precision. "
        -:  138:        " When $symbol() returns EOF this value is truncated. Comparing the char "
        -:  139:        "variable with EOF can have unexpected results. For instance a loop \"while (EOF != (c = $symbol());\" "
        -:  140:        "loops forever on some compilers/platforms and on other compilers/platforms it will stop "
        -:  141:        "when the file contains a matching character.", CWE197, false
        -:  142:    );
    #####:  143:}
        -:  144:
        -:  145:
        -:  146://---------------------------------------------------------------------------
        -:  147:// Clarify calculation precedence for ternary operators.
        -:  148://---------------------------------------------------------------------------
function _ZN10CheckOther18clarifyCalculationEv called 0 returned 0% blocks executed 0%
    #####:  149:void CheckOther::clarifyCalculation()
        -:  150:{
    #####:  151:    if (!mSettings->isEnabled(Settings::STYLE))
call    0 never executed
branch  1 never executed
branch  2 never executed
    #####:  152:        return;
        -:  153:
    #####:  154:    const SymbolDatabase *symbolDatabase = mTokenizer->getSymbolDatabase();
call    0 never executed
    #####:  155:    for (const Scope * scope : symbolDatabase->functionScopes) {
call    0 never executed
call    1 never executed
call    2 never executed
branch  3 never executed
branch  4 never executed
call    5 never executed
call    6 never executed
call    7 never executed
call    8 never executed
call    9 never executed
call   10 never executed
    #####:  156:        for (const Token* tok = scope->bodyStart->next(); tok != scope->bodyEnd; tok = tok->next()) {
call    0 never executed
branch  1 never executed
branch  2 never executed
call    3 never executed
        -:  157:            // ? operator where lhs is arithmetical expression
    #####:  158:            if (tok->str() != "?" || !tok->astOperand1() || !tok->astOperand1()->isCalculation())
call    0 never executed
call    1 never executed
branch  2 never executed
branch  3 never executed
call    4 never executed
branch  5 never executed
branch  6 never executed
call    7 never executed
call    8 never executed
branch  9 never executed
branch 10 never executed
branch 11 never executed
branch 12 never executed
branch 13 never executed
branch 14 never executed
    #####:  159:                continue;
    #####:  160:            if (!tok->astOperand1()->isArithmeticalOp() && tok->astOperand1()->tokType() != Token::eBitOp)
call    0 never executed
call    1 never executed
branch  2 never executed
branch  3 never executed
call    4 never executed
call    5 never executed
branch  6 never executed
branch  7 never executed
branch  8 never executed
branch  9 never executed
    #####:  161:                continue;
        -:  162:
        -:  163:            // Is code clarified by parentheses already?
    #####:  164:            const Token *tok2 = tok->astOperand1();
call    0 never executed
    #####:  165:            for (; tok2; tok2 = tok2->next()) {
branch  0 never executed
branch  1 never executed
call    2 never executed
    #####:  166:                if (tok2->str() == "(")
call    0 never executed
call    1 never executed
branch  2 never executed
branch  3 never executed
    #####:  167:                    tok2 = tok2->link();
call    0 never executed
    #####:  168:                else if (tok2->str() == ")")
call    0 never executed
call    1 never executed
branch  2 never executed
branch  3 never executed
    #####:  169:                    break;
    #####:  170:                else if (tok2->str() == "?") {
call    0 never executed
call    1 never executed
branch  2 never executed
branch  3 never executed
    #####:  171:                    clarifyCalculationError(tok, tok->astOperand1()->str());
call    0 never executed
call    1 never executed
call    2 never executed
branch  3 never executed
branch  4 never executed
    #####:  172:                    break;
        -:  173:                }
        -:  174:            }
        -:  175:        }
        -:  176:    }
        -:  177:}
        -:  178:
function _ZN10CheckOther23clarifyCalculationErrorEPK5TokenRKNSt7__cxx1112basic_stringIcSt11char_traitsIcESaIcEEE called 0 returned 0% blocks executed 0%
    #####:  179:void CheckOther::clarifyCalculationError(const Token *tok, const std::string &op)
        -:  180:{
        -:  181:    // suspicious calculation
    #####:  182:    const std::string calc("'a" + op + "b?c:d'");
call    0 never executed
branch  1 never executed
branch  2 never executed
call    3 never executed
branch  4 never executed
branch  5 never executed
call    6 never executed
call    7 never executed
call    8 never executed
call    9 never executed
        -:  183:
        -:  184:    // recommended calculation #1
    #####:  185:    const std::string s1("'(a" + op + "b)?c:d'");
call    0 never executed
branch  1 never executed
branch  2 never executed
call    3 never executed
branch  4 never executed
branch  5 never executed
call    6 never executed
call    7 never executed
call    8 never executed
call    9 never executed
        -:  186:
        -:  187:    // recommended calculation #2
    #####:  188:    const std::string s2("'a" + op + "(b?c:d)'");
call    0 never executed
branch  1 never executed
branch  2 never executed
call    3 never executed
branch  4 never executed
branch  5 never executed
call    6 never executed
call    7 never executed
call    8 never executed
        -:  189:
    #####:  190:    reportError(tok,
call    0 never executed
branch  1 never executed
branch  2 never executed
        -:  191:                Severity::style,
        -:  192:                "clarifyCalculation",
    #####:  193:                "Clarify calculation precedence for '" + op + "' and '?'.\n"
call    0 never executed
branch  1 never executed
branch  2 never executed
call    3 never executed
branch  4 never executed
branch  5 never executed
call    6 never executed
call    7 never executed
call    8 never executed
call    9 never executed
        -:  194:                "Suspicious calculation. Please use parentheses to clarify the code. "
    #####:  195:                "The code '" + calc + "' should be written as either '" + s1 + "' or '" + s2 + "'.", CWE783, false);
call    0 never executed
branch  1 never executed
branch  2 never executed
call    3 never executed
branch  4 never executed
branch  5 never executed
call    6 never executed
branch  7 never executed
branch  8 never executed
call    9 never executed
branch 10 never executed
branch 11 never executed
call   12 never executed
branch 13 never executed
branch 14 never executed
call   15 never executed
branch 16 never executed
branch 17 never executed
call   18 never executed
call   19 never executed
call   20 never executed
call   21 never executed
call   22 never executed
call   23 never executed
call   24 never executed
call   25 never executed
call   26 never executed
call   27 never executed
call   28 never executed
call   29 never executed
    #####:  196:}
call    0 never executed
        -:  197:
        -:  198://---------------------------------------------------------------------------
        -:  199:// Clarify (meaningless) statements like *foo++; with parentheses.
        -:  200://---------------------------------------------------------------------------
function _ZN10CheckOther16clarifyStatementEv called 0 returned 0% blocks executed 0%
    #####:  201:void CheckOther::clarifyStatement()
        -:  202:{
    #####:  203:    if (!mSettings->isEnabled(Settings::WARNING))
call    0 never executed
branch  1 never executed
branch  2 never executed
    #####:  204:        return;
        -:  205:
    #####:  206:    const SymbolDatabase *symbolDatabase = mTokenizer->getSymbolDatabase();
call    0 never executed
    #####:  207:    for (const Scope * scope : symbolDatabase->functionScopes) {
call    0 never executed
call    1 never executed
call    2 never executed
branch  3 never executed
branch  4 never executed
call    5 never executed
call    6 never executed
call    7 never executed
call    8 never executed
call    9 never executed
call   10 never executed
    #####:  208:        for (const Token* tok = scope->bodyStart; tok && tok != scope->bodyEnd; tok = tok->next()) {
branch  0 never executed
branch  1 never executed
branch  2 never executed
branch  3 never executed
call    4 never executed
    #####:  209:            if (Token::Match(tok, "* %name%") && tok->astOperand1()) {
call    0 never executed
branch  1 never executed
branch  2 never executed
branch  3 never executed
branch  4 never executed
call    5 never executed
branch  6 never executed
branch  7 never executed
branch  8 never executed
branch  9 never executed
    #####:  210:                const Token *tok2 = tok->previous();
call    0 never executed
        -:  211:
    #####:  212:                while (tok2 && tok2->str() == "*")
branch  0 never executed
branch  1 never executed
call    2 never executed
call    3 never executed
branch  4 never executed
branch  5 never executed
branch  6 never executed
branch  7 never executed
    #####:  213:                    tok2 = tok2->previous();
call    0 never executed
        -:  214:
    #####:  215:                if (tok2 && !tok2->astParent() && Token::Match(tok2, "[{};]")) {
branch  0 never executed
branch  1 never executed
call    2 never executed
branch  3 never executed
branch  4 never executed
call    5 never executed
branch  6 never executed
branch  7 never executed
branch  8 never executed
branch  9 never executed
branch 10 never executed
branch 11 never executed
    #####:  216:                    tok2 = tok->astOperand1();
call    0 never executed
    #####:  217:                    if (Token::Match(tok2, "++|-- [;,]"))
call    0 never executed
branch  1 never executed
branch  2 never executed
branch  3 never executed
branch  4 never executed
    #####:  218:                        clarifyStatementError(tok2);
call    0 never executed
branch  1 never executed
branch  2 never executed
        -:  219:                }
        -:  220:            }
        -:  221:        }
        -:  222:    }
        -:  223:}
        -:  224:
function _ZN10CheckOther21clarifyStatementErrorEPK5Token called 0 returned 0% blocks executed 0%
    #####:  225:void CheckOther::clarifyStatementError(const Token *tok)
        -:  226:{
    #####:  227:    reportError(tok, Severity::warning, "clarifyStatement", "In expression like '*A++' the result of '*' is unused. Did you intend to write '(*A)++;'?\n"
call    0 never executed
        -:  228:                "A statement like '*A++;' might not do what you intended. Postfix 'operator++' is executed before 'operator*'. "
        -:  229:                "Thus, the dereference is meaningless. Did you intend to write '(*A)++;'?", CWE783, false);
    #####:  230:}
        -:  231:
        -:  232://---------------------------------------------------------------------------
        -:  233:// Check for suspicious occurrences of 'if(); {}'.
        -:  234://---------------------------------------------------------------------------
function _ZN10CheckOther24checkSuspiciousSemicolonEv called 0 returned 0% blocks executed 0%
    #####:  235:void CheckOther::checkSuspiciousSemicolon()
        -:  236:{
    #####:  237:    if (!mSettings->inconclusive || !mSettings->isEnabled(Settings::WARNING))
branch  0 never executed
branch  1 never executed
call    2 never executed
branch  3 never executed
branch  4 never executed
branch  5 never executed
branch  6 never executed
    #####:  238:        return;
        -:  239:
    #####:  240:    const SymbolDatabase* const symbolDatabase = mTokenizer->getSymbolDatabase();
call    0 never executed
        -:  241:
        -:  242:    // Look for "if(); {}", "for(); {}" or "while(); {}"
    #####:  243:    for (const Scope &scope : symbolDatabase->scopeList) {
call    0 never executed
call    1 never executed
call    2 never executed
branch  3 never executed
branch  4 never executed
call    5 never executed
call    6 never executed
call    7 never executed
call    8 never executed
call    9 never executed
call   10 never executed
    #####:  244:        if (scope.type == Scope::eIf || scope.type == Scope::eElse || scope.type == Scope::eWhile || scope.type == Scope::eFor) {
branch  0 never executed
branch  1 never executed
branch  2 never executed
branch  3 never executed
branch  4 never executed
branch  5 never executed
branch  6 never executed
branch  7 never executed
        -:  245:            // Ensure the semicolon is at the same line number as the if/for/while statement
        -:  246:            // and the {..} block follows it without an extra empty line.
    #####:  247:            if (Token::simpleMatch(scope.bodyStart, "{ ; } {") &&
call    0 never executed
branch  1 never executed
branch  2 never executed
branch  3 never executed
branch  4 never executed
branch  5 never executed
branch  6 never executed
    #####:  248:                scope.bodyStart->previous()->linenr() == scope.bodyStart->tokAt(2)->linenr()
call    0 never executed
call    1 never executed
call    2 never executed
branch  3 never executed
branch  4 never executed
call    5 never executed
    #####:  249:                && scope.bodyStart->linenr()+1 >= scope.bodyStart->tokAt(3)->linenr()) {
branch  0 never executed
branch  1 never executed
call    2 never executed
call    3 never executed
branch  4 never executed
branch  5 never executed
call    6 never executed
branch  7 never executed
branch  8 never executed
    #####:  250:                SuspiciousSemicolonError(scope.classDef);
call    0 never executed
branch  1 never executed
branch  2 never executed
        -:  251:            }
        -:  252:        }
        -:  253:    }
        -:  254:}
        -:  255:
function _ZN10CheckOther24SuspiciousSemicolonErrorEPK5Token called 0 returned 0% blocks executed 0%
    #####:  256:void CheckOther::SuspiciousSemicolonError(const Token* tok)
        -:  257:{
    #####:  258:    reportError(tok, Severity::warning, "suspiciousSemicolon",
call    0 never executed
branch  1 never executed
branch  2 never executed
    #####:  259:                "Suspicious use of ; at the end of '" + (tok ? tok->str() : std::string()) + "' statement.", CWE398, true);
branch  0 never executed
branch  1 never executed
call    2 never executed
call    3 never executed
call    4 never executed
call    5 never executed
branch  6 never executed
branch  7 never executed
call    8 never executed
branch  9 never executed
branch 10 never executed
call   11 never executed
call   12 never executed
call   13 never executed
call   14 never executed
call   15 never executed
call   16 never executed
    #####:  260:}
        -:  261:
        -:  262:
        -:  263://---------------------------------------------------------------------------
        -:  264:// For C++ code, warn if C-style casts are used on pointer types
        -:  265://---------------------------------------------------------------------------
function _ZN10CheckOther26warningOldStylePointerCastEv called 0 returned 0% blocks executed 0%
    #####:  266:void CheckOther::warningOldStylePointerCast()
        -:  267:{
        -:  268:    // Only valid on C++ code
    #####:  269:    if (!mSettings->isEnabled(Settings::STYLE) || !mTokenizer->isCPP())
call    0 never executed
branch  1 never executed
branch  2 never executed
call    3 never executed
branch  4 never executed
branch  5 never executed
branch  6 never executed
branch  7 never executed
    #####:  270:        return;
        -:  271:
    #####:  272:    const SymbolDatabase *symbolDatabase = mTokenizer->getSymbolDatabase();
call    0 never executed
    #####:  273:    for (const Scope * scope : symbolDatabase->functionScopes) {
call    0 never executed
call    1 never executed
call    2 never executed
branch  3 never executed
branch  4 never executed
call    5 never executed
call    6 never executed
call    7 never executed
call    8 never executed
call    9 never executed
call   10 never executed
        -:  274:        const Token* tok;
    #####:  275:        if (scope->function && scope->function->isConstructor())
branch  0 never executed
branch  1 never executed
call    2 never executed
branch  3 never executed
branch  4 never executed
branch  5 never executed
branch  6 never executed
    #####:  276:            tok = scope->classDef;
        -:  277:        else
    #####:  278:            tok = scope->bodyStart;
    #####:  279:        for (; tok && tok != scope->bodyEnd; tok = tok->next()) {
branch  0 never executed
branch  1 never executed
branch  2 never executed
branch  3 never executed
call    4 never executed
        -:  280:            // Old style pointer casting..
    #####:  281:            if (!Token::Match(tok, "( const|volatile| const|volatile| %type% * const| ) (| %name%|%num%|%bool%|%char%|%str%"))
call    0 never executed
branch  1 never executed
branch  2 never executed
branch  3 never executed
branch  4 never executed
    #####:  282:                continue;
        -:  283:
        -:  284:            // skip first "const" in "const Type* const"
    #####:  285:            while (Token::Match(tok->next(), "const|volatile"))
call    0 never executed
call    1 never executed
branch  2 never executed
branch  3 never executed
branch  4 never executed
branch  5 never executed
    #####:  286:                tok = tok->next();
call    0 never executed
    #####:  287:            const Token* typeTok = tok->next();
call    0 never executed
        -:  288:            // skip second "const" in "const Type* const"
    #####:  289:            if (tok->strAt(3) == "const")
call    0 never executed
branch  1 never executed
branch  2 never executed
call    3 never executed
branch  4 never executed
branch  5 never executed
    #####:  290:                tok = tok->next();
call    0 never executed
        -:  291:
    #####:  292:            const Token *p = tok->tokAt(4);
call    0 never executed
branch  1 never executed
branch  2 never executed
    #####:  293:            if (p->hasKnownIntValue() && p->values().front().intvalue==0) // Casting nullpointers is safe
call    0 never executed
branch  1 never executed
branch  2 never executed
branch  3 never executed
branch  4 never executed
call    5 never executed
call    6 never executed
branch  7 never executed
branch  8 never executed
branch  9 never executed
branch 10 never executed
    #####:  294:                continue;
        -:  295:
        -:  296:            // Is "type" a class?
    #####:  297:            if (typeTok->type())
call    0 never executed
branch  1 never executed
branch  2 never executed
    #####:  298:                cstyleCastError(tok);
call    0 never executed
branch  1 never executed
branch  2 never executed
        -:  299:        }
        -:  300:    }
        -:  301:}
        -:  302:
function _ZN10CheckOther15cstyleCastErrorEPK5Token called 0 returned 0% blocks executed 0%
    #####:  303:void CheckOther::cstyleCastError(const Token *tok)
        -:  304:{
    #####:  305:    reportError(tok, Severity::style, "cstyleCast",
call    0 never executed
        -:  306:                "C-style pointer casting\n"
        -:  307:                "C-style pointer casting detected. C++ offers four different kinds of casts as replacements: "
        -:  308:                "static_cast, const_cast, dynamic_cast and reinterpret_cast. A C-style cast could evaluate to "
        -:  309:                "any of those automatically, thus it is considered safer if the programmer explicitly states "
        -:  310:                "which kind of cast is expected. See also: https://www.securecoding.cert.org/confluence/display/cplusplus/EXP05-CPP.+Do+not+use+C-style+casts.", CWE398, false);
    #####:  311:}
        -:  312:
        -:  313://---------------------------------------------------------------------------
        -:  314:// float* f; double* d = (double*)f; <-- Pointer cast to a type with an incompatible binary data representation
        -:  315://---------------------------------------------------------------------------
        -:  316:
function _ZN10CheckOther18invalidPointerCastEv called 0 returned 0% blocks executed 0%
    #####:  317:void CheckOther::invalidPointerCast()
        -:  318:{
    #####:  319:    if (!mSettings->isEnabled(Settings::PORTABILITY))
call    0 never executed
branch  1 never executed
branch  2 never executed
    #####:  320:        return;
        -:  321:
    #####:  322:    const bool printInconclusive = mSettings->inconclusive;
    #####:  323:    const SymbolDatabase* const symbolDatabase = mTokenizer->getSymbolDatabase();
call    0 never executed
    #####:  324:    for (const Scope * scope : symbolDatabase->functionScopes) {
call    0 never executed
call    1 never executed
call    2 never executed
branch  3 never executed
branch  4 never executed
call    5 never executed
call    6 never executed
call    7 never executed
call    8 never executed
call    9 never executed
call   10 never executed
    #####:  325:        for (const Token* tok = scope->bodyStart->next(); tok != scope->bodyEnd; tok = tok->next()) {
call    0 never executed
branch  1 never executed
branch  2 never executed
call    3 never executed
    #####:  326:            const Token* toTok = nullptr;
    #####:  327:            const Token* fromTok = nullptr;
        -:  328:            // Find cast
    #####:  329:            if (Token::Match(tok, "( const|volatile| const|volatile| %type% %type%| const| * )")) {
call    0 never executed
branch  1 never executed
branch  2 never executed
branch  3 never executed
branch  4 never executed
    #####:  330:                toTok = tok;
    #####:  331:                fromTok = tok->astOperand1();
call    0 never executed
    #####:  332:            } else if (Token::simpleMatch(tok, "reinterpret_cast <") && tok->linkAt(1)) {
call    0 never executed
branch  1 never executed
branch  2 never executed
branch  3 never executed
branch  4 never executed
call    5 never executed
branch  6 never executed
branch  7 never executed
branch  8 never executed
branch  9 never executed
branch 10 never executed
branch 11 never executed
    #####:  333:                toTok = tok->linkAt(1)->next();
call    0 never executed
branch  1 never executed
branch  2 never executed
call    3 never executed
    #####:  334:                fromTok = toTok->astOperand2();
call    0 never executed
        -:  335:            }
    #####:  336:            if (!fromTok)
branch  0 never executed
branch  1 never executed
    #####:  337:                continue;
        -:  338:
    #####:  339:            const ValueType* fromType = fromTok->valueType();
call    0 never executed
    #####:  340:            const ValueType* toType = toTok->valueType();
call    0 never executed
    #####:  341:            if (!fromType || !toType || !fromType->pointer || !toType->pointer)
branch  0 never executed
branch  1 never executed
branch  2 never executed
branch  3 never executed
branch  4 never executed
branch  5 never executed
branch  6 never executed
branch  7 never executed
    #####:  342:                continue;
        -:  343:
    #####:  344:            if (fromType->type != toType->type && fromType->type >= ValueType::Type::BOOL && toType->type >= ValueType::Type::BOOL && (toType->type != ValueType::Type::CHAR || printInconclusive)) {
branch  0 never executed
branch  1 never executed
branch  2 never executed
branch  3 never executed
branch  4 never executed
branch  5 never executed
branch  6 never executed
branch  7 never executed
branch  8 never executed
branch  9 never executed
    #####:  345:                if (toType->isIntegral() && fromType->isIntegral())
call    0 never executed
branch  1 never executed
branch  2 never executed
call    3 never executed
branch  4 never executed
branch  5 never executed
branch  6 never executed
branch  7 never executed
    #####:  346:                    continue;
    #####:  347:                std::string toStr = toType->isIntegral() ? "integer *" : toType->str();
call    0 never executed
branch  1 never executed
branch  2 never executed
call    3 never executed
call    4 never executed
branch  5 never executed
branch  6 never executed
call    7 never executed
branch  8 never executed
branch  9 never executed
branch 10 never executed
branch 11 never executed
call   12 never executed
call   13 never executed
branch 14 never executed
branch 15 never executed
call   16 never executed
call   17 never executed
    #####:  348:                toStr.erase(toStr.size()-2);
call    0 never executed
call    1 never executed
branch  2 never executed
branch  3 never executed
    #####:  349:                std::string fromStr = fromType->isIntegral() ? "integer *" : fromType->str();
call    0 never executed
branch  1 never executed
branch  2 never executed
call    3 never executed
call    4 never executed
branch  5 never executed
branch  6 never executed
call    7 never executed
branch  8 never executed
branch  9 never executed
branch 10 never executed
branch 11 never executed
call   12 never executed
call   13 never executed
branch 14 never executed
branch 15 never executed
call   16 never executed
call   17 never executed
    #####:  350:                fromStr.erase(fromStr.size() - 2);
call    0 never executed
call    1 never executed
branch  2 never executed
branch  3 never executed
        -:  351:
    #####:  352:                invalidPointerCastError(tok, fromStr, toStr, toType->type == ValueType::Type::CHAR);
call    0 never executed
branch  1 never executed
branch  2 never executed
        -:  353:            }
        -:  354:        }
        -:  355:    }
        -:  356:}
        -:  357:
function _ZN10CheckOther23invalidPointerCastErrorEPK5TokenRKNSt7__cxx1112basic_stringIcSt11char_traitsIcESaIcEEESA_b called 0 returned 0% blocks executed 0%
    #####:  358:void CheckOther::invalidPointerCastError(const Token* tok, const std::string& from, const std::string& to, bool inconclusive)
        -:  359:{
    #####:  360:    if (to == "integer") { // If we cast something to int*, this can be useful to play with its binary data representation
call    0 never executed
branch  1 never executed
branch  2 never executed
    #####:  361:        if (!inconclusive)
branch  0 never executed
branch  1 never executed
    #####:  362:            reportError(tok, Severity::portability, "invalidPointerCast", "Casting from " + from + "* to integer* is not portable due to different binary data representations on different platforms.", CWE704, false);
call    0 never executed
call    1 never executed
branch  2 never executed
branch  3 never executed
call    4 never executed
branch  5 never executed
branch  6 never executed
call    7 never executed
call    8 never executed
call    9 never executed
call   10 never executed
call   11 never executed
        -:  363:        else
    #####:  364:            reportError(tok, Severity::portability, "invalidPointerCast", "Casting from " + from + "* to char* is not portable due to different binary data representations on different platforms.", CWE704, true);
call    0 never executed
call    1 never executed
branch  2 never executed
branch  3 never executed
call    4 never executed
branch  5 never executed
branch  6 never executed
call    7 never executed
call    8 never executed
call    9 never executed
call   10 never executed
call   11 never executed
        -:  365:    } else
    #####:  366:        reportError(tok, Severity::portability, "invalidPointerCast", "Casting between " + from + "* and " + to + "* which have an incompatible binary data representation.", CWE704, false);
call    0 never executed
call    1 never executed
branch  2 never executed
branch  3 never executed
call    4 never executed
branch  5 never executed
branch  6 never executed
call    7 never executed
branch  8 never executed
branch  9 never executed
call   10 never executed
branch 11 never executed
branch 12 never executed
call   13 never executed
call   14 never executed
call   15 never executed
call   16 never executed
call   17 never executed
call   18 never executed
call   19 never executed
call   20 never executed
    #####:  367:}
        -:  368:
        -:  369://---------------------------------------------------------------------------
        -:  370:// This check detects errors on POSIX systems, when a pipe command called
        -:  371:// with a wrong dimensioned file descriptor array. The pipe command requires
        -:  372:// exactly an integer array of dimension two as parameter.
        -:  373://
        -:  374:// References:
        -:  375://  - http://linux.die.net/man/2/pipe
        -:  376://  - ticket #3521
        -:  377://---------------------------------------------------------------------------
function _ZN10CheckOther22checkPipeParameterSizeEv called 0 returned 0% blocks executed 0%
    #####:  378:void CheckOther::checkPipeParameterSize()
        -:  379:{
    #####:  380:    if (!mSettings->posix())
call    0 never executed
branch  1 never executed
branch  2 never executed
    #####:  381:        return;
        -:  382:
    #####:  383:    const SymbolDatabase *symbolDatabase = mTokenizer->getSymbolDatabase();
call    0 never executed
    #####:  384:    for (const Scope * scope : symbolDatabase->functionScopes) {
call    0 never executed
call    1 never executed
call    2 never executed
branch  3 never executed
branch  4 never executed
call    5 never executed
call    6 never executed
call    7 never executed
call    8 never executed
call    9 never executed
call   10 never executed
    #####:  385:        for (const Token* tok = scope->bodyStart->next(); tok != scope->bodyEnd; tok = tok->next()) {
call    0 never executed
branch  1 never executed
branch  2 never executed
call    3 never executed
    #####:  386:            if (Token::Match(tok, "pipe ( %var% )") ||
call    0 never executed
branch  1 never executed
branch  2 never executed
branch  3 never executed
branch  4 never executed
branch  5 never executed
branch  6 never executed
branch  7 never executed
branch  8 never executed
    #####:  387:                Token::Match(tok, "pipe2 ( %var% ,")) {
call    0 never executed
branch  1 never executed
branch  2 never executed
    #####:  388:                const Token * const varTok = tok->tokAt(2);
call    0 never executed
branch  1 never executed
branch  2 never executed
        -:  389:
    #####:  390:                const Variable *var = varTok->variable();
call    0 never executed
        -:  391:                MathLib::bigint dim;
    #####:  392:                if (var && var->isArray() && !var->isArgument() && ((dim=var->dimension(0U)) < 2)) {
branch  0 never executed
branch  1 never executed
call    2 never executed
branch  3 never executed
branch  4 never executed
call    5 never executed
branch  6 never executed
branch  7 never executed
call    8 never executed
branch  9 never executed
branch 10 never executed
branch 11 never executed
branch 12 never executed
    #####:  393:                    const std::string strDim = MathLib::toString(dim);
call    0 never executed
branch  1 never executed
branch  2 never executed
call    3 never executed
call    4 never executed
    #####:  394:                    checkPipeParameterSizeError(varTok,varTok->str(), strDim);
call    0 never executed
call    1 never executed
branch  2 never executed
branch  3 never executed
        -:  395:                }
        -:  396:            }
        -:  397:        }
        -:  398:    }
        -:  399:}
        -:  400:
function _ZN10CheckOther27checkPipeParameterSizeErrorEPK5TokenRKNSt7__cxx1112basic_stringIcSt11char_traitsIcESaIcEEESA_ called 0 returned 0% blocks executed 0%
    #####:  401:void CheckOther::checkPipeParameterSizeError(const Token *tok, const std::string &strVarName, const std::string &strDim)
        -:  402:{
    #####:  403:    reportError(tok, Severity::error,
call    0 never executed
branch  1 never executed
branch  2 never executed
        -:  404:                "wrongPipeParameterSize",
    #####:  405:                "$symbol:" + strVarName + "\n"
call    0 never executed
call    1 never executed
branch  2 never executed
branch  3 never executed
call    4 never executed
call    5 never executed
call    6 never executed
call    7 never executed
        -:  406:                "Buffer '$symbol' must have size of 2 integers if used as parameter of pipe().\n"
        -:  407:                "The pipe()/pipe2() system command takes an argument, which is an array of exactly two integers.\n"
    #####:  408:                "The variable '$symbol' is an array of size " + strDim + ", which does not match.", CWE686, false);
call    0 never executed
branch  1 never executed
branch  2 never executed
call    3 never executed
branch  4 never executed
branch  5 never executed
call    6 never executed
call    7 never executed
call    8 never executed
call    9 never executed
    #####:  409:}
        -:  410:
        -:  411://---------------------------------------------------------------------------
        -:  412:// Detect redundant assignments: x = 0; x = 4;
        -:  413://---------------------------------------------------------------------------
        -:  414:
function _ZN10CheckOther24checkRedundantAssignmentEv called 0 returned 0% blocks executed 0%
    #####:  415:void CheckOther::checkRedundantAssignment()
        -:  416:{
    #####:  417:    if (!mSettings->isEnabled(Settings::STYLE))
call    0 never executed
branch  1 never executed
branch  2 never executed
    #####:  418:        return;
    #####:  419:    const SymbolDatabase* symbolDatabase = mTokenizer->getSymbolDatabase();
call    0 never executed
    #####:  420:    for (const Scope *scope : symbolDatabase->functionScopes) {
call    0 never executed
call    1 never executed
call    2 never executed
branch  3 never executed
branch  4 never executed
call    5 never executed
call    6 never executed
call    7 never executed
call    8 never executed
call    9 never executed
call   10 never executed
    #####:  421:        if (!scope->bodyStart)
branch  0 never executed
branch  1 never executed
    #####:  422:            continue;
    #####:  423:        for (const Token* tok = scope->bodyStart->next(); tok != scope->bodyEnd; tok = tok->next()) {
call    0 never executed
branch  1 never executed
branch  2 never executed
call    3 never executed
    #####:  424:            if (Token::simpleMatch(tok, "] ("))
call    0 never executed
branch  1 never executed
branch  2 never executed
branch  3 never executed
branch  4 never executed
        -:  425:                // todo: handle lambdas
    #####:  426:                break;
    #####:  427:            if (Token::simpleMatch(tok, "try {"))
call    0 never executed
branch  1 never executed
branch  2 never executed
branch  3 never executed
branch  4 never executed
        -:  428:                // todo: check try blocks
    #####:  429:                tok = tok->linkAt(1);
call    0 never executed
branch  1 never executed
branch  2 never executed
    #####:  430:            if ((tok->isAssignmentOp() || Token::Match(tok, "++|--")) && tok->astOperand1()) {
call    0 never executed
branch  1 never executed
branch  2 never executed
call    3 never executed
branch  4 never executed
branch  5 never executed
branch  6 never executed
branch  7 never executed
call    8 never executed
branch  9 never executed
branch 10 never executed
branch 11 never executed
branch 12 never executed
    #####:  431:                if (tok->astParent())
call    0 never executed
branch  1 never executed
branch  2 never executed
    #####:  432:                    continue;
        -:  433:
        -:  434:                // Do not warn about redundant initialization when rhs is trivial
        -:  435:                // TODO : do not simplify the variable declarations
    #####:  436:                bool isInitialization = false;
    #####:  437:                if (Token::Match(tok->tokAt(-3), "%var% ; %var% =") && tok->previous()->variable() && tok->previous()->variable()->nameToken() == tok->tokAt(-3) && tok->tokAt(-3)->linenr() == tok->previous()->linenr()) {
call    0 never executed
branch  1 never executed
branch  2 never executed
call    3 never executed
branch  4 never executed
branch  5 never executed
branch  6 never executed
branch  7 never executed
call    8 never executed
call    9 never executed
branch 10 never executed
branch 11 never executed
call   12 never executed
call   13 never executed
call   14 never executed
call   15 never executed
branch 16 never executed
branch 17 never executed
branch 18 never executed
branch 19 never executed
call   20 never executed
branch 21 never executed
branch 22 never executed
call   23 never executed
call   24 never executed
call   25 never executed
branch 26 never executed
branch 27 never executed
branch 28 never executed
branch 29 never executed
    #####:  438:                    isInitialization = true;
    #####:  439:                    bool trivial = true;
    #####:  440:                    visitAstNodes(tok->astOperand2(),
call    0 never executed
branch  1 never executed
branch  2 never executed
call    3 never executed
call    4 never executed
branch  5 never executed
branch  6 never executed
call    7 never executed
call    8 never executed
function _ZZN10CheckOther24checkRedundantAssignmentEvENKUlPK5TokenE_clES2_ called 0 returned 0% blocks executed 0%
    #####:  441:                    [&](const Token *rhs) {
    #####:  442:                        if (Token::simpleMatch(rhs, "{ 0 }"))
call    0 never executed
branch  1 never executed
branch  2 never executed
    #####:  443:                            return ChildrenToVisit::none;
    #####:  444:                        if (Token::Match(rhs, "%str%|%num%|%name%") && !rhs->varId())
call    0 never executed
branch  1 never executed
branch  2 never executed
call    3 never executed
branch  4 never executed
branch  5 never executed
branch  6 never executed
branch  7 never executed
    #####:  445:                            return ChildrenToVisit::none;
    #####:  446:                        if (rhs->isCast())
call    0 never executed
branch  1 never executed
branch  2 never executed
    #####:  447:                            return ChildrenToVisit::op2;
    #####:  448:                        trivial = false;
    #####:  449:                        return ChildrenToVisit::done;
        -:  450:                    });
    #####:  451:                    if (trivial)
branch  0 never executed
branch  1 never executed
    #####:  452:                        continue;
        -:  453:                }
        -:  454:
        -:  455:                // Do not warn about assignment with 0 / NULL
    #####:  456:                if (Token::simpleMatch(tok->astOperand2(), "0") || FwdAnalysis::isNullOperand(tok->astOperand2()))
call    0 never executed
call    1 never executed
branch  2 never executed
branch  3 never executed
branch  4 never executed
branch  5 never executed
call    6 never executed
call    7 never executed
branch  8 never executed
branch  9 never executed
branch 10 never executed
branch 11 never executed
branch 12 never executed
branch 13 never executed
    #####:  457:                    continue;
        -:  458:
    #####:  459:                if (tok->astOperand1()->variable() && tok->astOperand1()->variable()->isReference())
call    0 never executed
call    1 never executed
branch  2 never executed
branch  3 never executed
call    4 never executed
call    5 never executed
call    6 never executed
branch  7 never executed
branch  8 never executed
branch  9 never executed
branch 10 never executed
        -:  460:                    // todo: check references
    #####:  461:                    continue;
        -:  462:
    #####:  463:                if (tok->astOperand1()->variable() && tok->astOperand1()->variable()->isStatic())
call    0 never executed
call    1 never executed
branch  2 never executed
branch  3 never executed
call    4 never executed
call    5 never executed
call    6 never executed
branch  7 never executed
branch  8 never executed
branch  9 never executed
branch 10 never executed
        -:  464:                    // todo: check static variables
    #####:  465:                    continue;
        -:  466:
        -:  467:                // If there is a custom assignment operator => this is inconclusive
    #####:  468:                bool inconclusive = false;
    #####:  469:                if (mTokenizer->isCPP() && tok->astOperand1()->valueType() && tok->astOperand1()->valueType()->typeScope) {
call    0 never executed
branch  1 never executed
branch  2 never executed
call    3 never executed
call    4 never executed
branch  5 never executed
branch  6 never executed
call    7 never executed
call    8 never executed
branch  9 never executed
branch 10 never executed
branch 11 never executed
branch 12 never executed
    #####:  470:                    const std::string op = "operator" + tok->str();
call    0 never executed
call    1 never executed
branch  2 never executed
branch  3 never executed
call    4 never executed
    #####:  471:                    for (const Function &f : tok->astOperand1()->valueType()->typeScope->functionList) {
call    0 never executed
call    1 never executed
call    2 never executed
call    3 never executed
call    4 never executed
branch  5 never executed
branch  6 never executed
call    7 never executed
call    8 never executed
call    9 never executed
call   10 never executed
    #####:  472:                        if (f.name() == op) {
call    0 never executed
call    1 never executed
branch  2 never executed
branch  3 never executed
    #####:  473:                            inconclusive = true;
    #####:  474:                            break;
        -:  475:                        }
        -:  476:                    }
        -:  477:                }
    #####:  478:                if (inconclusive && !mSettings->inconclusive)
branch  0 never executed
branch  1 never executed
branch  2 never executed
branch  3 never executed
    #####:  479:                    continue;
        -:  480:
    #####:  481:                FwdAnalysis fwdAnalysis(mTokenizer->isCPP(), mSettings->library);
call    0 never executed
call    1 never executed
call    2 never executed
    #####:  482:                if (fwdAnalysis.hasOperand(tok->astOperand2(), tok->astOperand1()))
call    0 never executed
call    1 never executed
call    2 never executed
branch  3 never executed
branch  4 never executed
branch  5 never executed
branch  6 never executed
    #####:  483:                    continue;
        -:  484:
        -:  485:                // Is there a redundant assignment?
        -:  486:                const Token *start;
    #####:  487:                if (tok->isAssignmentOp())
call    0 never executed
branch  1 never executed
branch  2 never executed
    #####:  488:                    start = tok->next();
call    0 never executed
        -:  489:                else
    #####:  490:                    start = tok->findExpressionStartEndTokens().second->next();
call    0 never executed
branch  1 never executed
branch  2 never executed
call    3 never executed
        -:  491:
        -:  492:                // Get next assignment..
    #####:  493:                const Token *nextAssign = fwdAnalysis.reassign(tok->astOperand1(), start, scope->bodyEnd);
call    0 never executed
call    1 never executed
branch  2 never executed
branch  3 never executed
        -:  494:
    #####:  495:                if (!nextAssign)
branch  0 never executed
branch  1 never executed
    #####:  496:                    continue;
        -:  497:
        -:  498:                // there is redundant assignment. Is there a case between the assignments?
    #####:  499:                bool hasCase = false;
    #####:  500:                for (const Token *tok2 = tok; tok2 != nextAssign; tok2 = tok2->next()) {
branch  0 never executed
branch  1 never executed
call    2 never executed
    #####:  501:                    if (tok2->str() == "break" || tok2->str() == "return")
call    0 never executed
call    1 never executed
branch  2 never executed
branch  3 never executed
call    4 never executed
call    5 never executed
branch  6 never executed
branch  7 never executed
branch  8 never executed
branch  9 never executed
    #####:  502:                        break;
    #####:  503:                    if (tok2->str() == "case") {
call    0 never executed
call    1 never executed
branch  2 never executed
branch  3 never executed
    #####:  504:                        hasCase = true;
    #####:  505:                        break;
        -:  506:                    }
        -:  507:                }
        -:  508:
        -:  509:                // warn
    #####:  510:                if (hasCase)
branch  0 never executed
branch  1 never executed
    #####:  511:                    redundantAssignmentInSwitchError(tok, nextAssign, tok->astOperand1()->expressionString());
call    0 never executed
call    1 never executed
branch  2 never executed
branch  3 never executed
call    4 never executed
branch  5 never executed
branch  6 never executed
call    7 never executed
call    8 never executed
    #####:  512:                else if (isInitialization)
branch  0 never executed
branch  1 never executed
    #####:  513:                    redundantInitializationError(tok, nextAssign, tok->astOperand1()->expressionString(), inconclusive);
call    0 never executed
call    1 never executed
branch  2 never executed
branch  3 never executed
call    4 never executed
branch  5 never executed
branch  6 never executed
call    7 never executed
call    8 never executed
        -:  514:                else
    #####:  515:                    redundantAssignmentError(tok, nextAssign, tok->astOperand1()->expressionString(), inconclusive);
call    0 never executed
call    1 never executed
branch  2 never executed
branch  3 never executed
call    4 never executed
branch  5 never executed
branch  6 never executed
call    7 never executed
call    8 never executed
branch  9 never executed
branch 10 never executed
call   11 never executed
        -:  516:            }
        -:  517:        }
        -:  518:    }
        -:  519:}
        -:  520:
function _ZN10CheckOther18redundantCopyErrorEPK5TokenS2_RKNSt7__cxx1112basic_stringIcSt11char_traitsIcESaIcEEE called 0 returned 0% blocks executed 0%
    #####:  521:void CheckOther::redundantCopyError(const Token *tok1, const Token* tok2, const std::string& var)
        -:  522:{
    #####:  523:    const std::list<const Token *> callstack = { tok1, tok2 };
call    0 never executed
call    1 never executed
branch  2 never executed
branch  3 never executed
call    4 never executed
call    5 never executed
call    6 never executed
    #####:  524:    reportError(callstack, Severity::performance, "redundantCopy",
call    0 never executed
branch  1 never executed
branch  2 never executed
    #####:  525:                "$symbol:" + var + "\n"
call    0 never executed
branch  1 never executed
branch  2 never executed
call    3 never executed
branch  4 never executed
branch  5 never executed
call    6 never executed
call    7 never executed
call    8 never executed
call    9 never executed
        -:  526:                "Buffer '$symbol' is being written before its old content has been used.", CWE563, false);
    #####:  527:}
call    0 never executed
        -:  528:
function _ZN10CheckOther26redundantCopyInSwitchErrorEPK5TokenS2_RKNSt7__cxx1112basic_stringIcSt11char_traitsIcESaIcEEE called 0 returned 0% blocks executed 0%
    #####:  529:void CheckOther::redundantCopyInSwitchError(const Token *tok1, const Token* tok2, const std::string &var)
        -:  530:{
    #####:  531:    const std::list<const Token *> callstack = { tok1, tok2 };
call    0 never executed
call    1 never executed
branch  2 never executed
branch  3 never executed
call    4 never executed
call    5 never executed
call    6 never executed
    #####:  532:    reportError(callstack, Severity::warning, "redundantCopyInSwitch",
call    0 never executed
branch  1 never executed
branch  2 never executed
    #####:  533:                "$symbol:" + var + "\n"
call    0 never executed
branch  1 never executed
branch  2 never executed
call    3 never executed
branch  4 never executed
branch  5 never executed
call    6 never executed
call    7 never executed
call    8 never executed
call    9 never executed
        -:  534:                "Buffer '$symbol' is being written before its old content has been used. 'break;' missing?", CWE563, false);
    #####:  535:}
call    0 never executed
        -:  536:
function _ZN10CheckOther24redundantAssignmentErrorEPK5TokenS2_RKNSt7__cxx1112basic_stringIcSt11char_traitsIcESaIcEEEb called 0 returned 0% blocks executed 0%
    #####:  537:void CheckOther::redundantAssignmentError(const Token *tok1, const Token* tok2, const std::string& var, bool inconclusive)
        -:  538:{
    #####:  539:    const ErrorPath errorPath = { ErrorPathItem(tok1, var + " is assigned"), ErrorPathItem(tok2, var + " is overwritten") };
call    0 never executed
branch  1 never executed
branch  2 never executed
call    3 never executed
call    4 never executed
branch  5 never executed
branch  6 never executed
call    7 never executed
call    8 never executed
call    9 never executed
branch 10 never executed
branch 11 never executed
call   12 never executed
branch 13 never executed
branch 14 never executed
call   15 never executed
call   16 never executed
call   17 never executed
call   18 never executed
branch 19 never executed
branch 20 never executed
call   21 never executed
call   22 never executed
call   23 never executed
call   24 never executed
    #####:  540:    if (inconclusive)
branch  0 never executed
branch  1 never executed
    #####:  541:        reportError(errorPath, Severity::style, "redundantAssignment",
call    0 never executed
branch  1 never executed
branch  2 never executed
    #####:  542:                    "$symbol:" + var + "\n"
call    0 never executed
branch  1 never executed
branch  2 never executed
call    3 never executed
branch  4 never executed
branch  5 never executed
call    6 never executed
call    7 never executed
call    8 never executed
call    9 never executed
        -:  543:                    "Variable '$symbol' is reassigned a value before the old one has been used if variable is no semaphore variable.\n"
        -:  544:                    "Variable '$symbol' is reassigned a value before the old one has been used. Make sure that this variable is not used like a semaphore in a threading environment before simplifying this code.", CWE563, true);
        -:  545:    else
    #####:  546:        reportError(errorPath, Severity::style, "redundantAssignment",
call    0 never executed
branch  1 never executed
branch  2 never executed
    #####:  547:                    "$symbol:" + var + "\n"
call    0 never executed
branch  1 never executed
branch  2 never executed
call    3 never executed
branch  4 never executed
branch  5 never executed
call    6 never executed
call    7 never executed
call    8 never executed
call    9 never executed
        -:  548:                    "Variable '$symbol' is reassigned a value before the old one has been used.", CWE563, false);
    #####:  549:}
call    0 never executed
        -:  550:
function _ZN10CheckOther28redundantInitializationErrorEPK5TokenS2_RKNSt7__cxx1112basic_stringIcSt11char_traitsIcESaIcEEEb called 0 returned 0% blocks executed 0%
    #####:  551:void CheckOther::redundantInitializationError(const Token *tok1, const Token* tok2, const std::string& var, bool inconclusive)
        -:  552:{
    #####:  553:    const ErrorPath errorPath = { ErrorPathItem(tok1, var + " is initialized"), ErrorPathItem(tok2, var + " is overwritten") };
call    0 never executed
branch  1 never executed
branch  2 never executed
call    3 never executed
call    4 never executed
branch  5 never executed
branch  6 never executed
call    7 never executed
call    8 never executed
call    9 never executed
branch 10 never executed
branch 11 never executed
call   12 never executed
branch 13 never executed
branch 14 never executed
call   15 never executed
call   16 never executed
call   17 never executed
call   18 never executed
branch 19 never executed
branch 20 never executed
call   21 never executed
call   22 never executed
call   23 never executed
call   24 never executed
    #####:  554:    reportError(errorPath, Severity::style, "redundantInitialization",
call    0 never executed
branch  1 never executed
branch  2 never executed
    #####:  555:                "$symbol:" + var + "\nRedundant initialization for '$symbol'. The initialized value is overwritten before it is read.",
call    0 never executed
branch  1 never executed
branch  2 never executed
call    3 never executed
branch  4 never executed
branch  5 never executed
call    6 never executed
call    7 never executed
call    8 never executed
call    9 never executed
        -:  556:                CWE563,
        -:  557:                inconclusive);
    #####:  558:}
call    0 never executed
        -:  559:
function _ZN10CheckOther32redundantAssignmentInSwitchErrorEPK5TokenS2_RKNSt7__cxx1112basic_stringIcSt11char_traitsIcESaIcEEE called 0 returned 0% blocks executed 0%
    #####:  560:void CheckOther::redundantAssignmentInSwitchError(const Token *tok1, const Token* tok2, const std::string &var)
        -:  561:{
    #####:  562:    const ErrorPath errorPath = { ErrorPathItem(tok1, "$symbol is assigned"), ErrorPathItem(tok2, "$symbol is overwritten") };
call    0 never executed
branch  1 never executed
branch  2 never executed
call    3 never executed
branch  4 never executed
branch  5 never executed
call    6 never executed
call    7 never executed
branch  8 never executed
branch  9 never executed
call   10 never executed
branch 11 never executed
branch 12 never executed
call   13 never executed
call   14 never executed
branch 15 never executed
branch 16 never executed
call   17 never executed
call   18 never executed
    #####:  563:    reportError(errorPath, Severity::warning, "redundantAssignInSwitch",
call    0 never executed
branch  1 never executed
branch  2 never executed
    #####:  564:                "$symbol:" + var + "\n"
call    0 never executed
branch  1 never executed
branch  2 never executed
call    3 never executed
branch  4 never executed
branch  5 never executed
call    6 never executed
call    7 never executed
call    8 never executed
call    9 never executed
        -:  565:                "Variable '$symbol' is reassigned a value before the old one has been used. 'break;' missing?", CWE563, false);
    #####:  566:}
call    0 never executed
        -:  567:
        -:  568:
        -:  569://---------------------------------------------------------------------------
        -:  570://    switch (x)
        -:  571://    {
        -:  572://        case 2:
        -:  573://            y = a;        // <- this assignment is redundant
        -:  574://        case 3:
        -:  575://            y = b;        // <- case 2 falls through and sets y twice
        -:  576://    }
        -:  577://---------------------------------------------------------------------------
function _ZL24isFunctionOrBreakPatternPK5Token called 0 returned 0% blocks executed 0%
    #####:  578:static inline bool isFunctionOrBreakPattern(const Token *tok)
        -:  579:{
    #####:  580:    if (Token::Match(tok, "%name% (") || Token::Match(tok, "break|continue|return|exit|goto|throw"))
call    0 never executed
branch  1 never executed
branch  2 never executed
call    3 never executed
branch  4 never executed
branch  5 never executed
branch  6 never executed
branch  7 never executed
    #####:  581:        return true;
        -:  582:
    #####:  583:    return false;
        -:  584:}
        -:  585:
function _ZN10CheckOther32checkRedundantAssignmentInSwitchEv called 0 returned 0% blocks executed 0%
    #####:  586:void CheckOther::checkRedundantAssignmentInSwitch()
        -:  587:{
    #####:  588:    if (!mSettings->isEnabled(Settings::WARNING))
call    0 never executed
branch  1 never executed
branch  2 never executed
    #####:  589:        return;
        -:  590:
    #####:  591:    const SymbolDatabase *symbolDatabase = mTokenizer->getSymbolDatabase();
call    0 never executed
        -:  592:
        -:  593:    // Find the beginning of a switch. E.g.:
        -:  594:    //   switch (var) { ...
    #####:  595:    for (const Scope &switchScope : symbolDatabase->scopeList) {
call    0 never executed
call    1 never executed
call    2 never executed
branch  3 never executed
branch  4 never executed
call    5 never executed
call    6 never executed
call    7 never executed
call    8 never executed
call    9 never executed
call   10 never executed
    #####:  596:        if (switchScope.type != Scope::eSwitch || !switchScope.bodyStart)
branch  0 never executed
branch  1 never executed
branch  2 never executed
branch  3 never executed
    #####:  597:            continue;
        -:  598:
        -:  599:        // Check the contents of the switch statement
    #####:  600:        std::map<int, const Token*> varsWithBitsSet;
call    0 never executed
call    1 never executed
call    2 never executed
    #####:  601:        std::map<int, std::string> bitOperations;
call    0 never executed
call    1 never executed
call    2 never executed
        -:  602:
    #####:  603:        for (const Token *tok2 = switchScope.bodyStart->next(); tok2 != switchScope.bodyEnd; tok2 = tok2->next()) {
call    0 never executed
branch  1 never executed
branch  2 never executed
call    3 never executed
    #####:  604:            if (tok2->str() == "{") {
call    0 never executed
call    1 never executed
branch  2 never executed
branch  3 never executed
        -:  605:                // Inside a conditional or loop. Don't mark variable accesses as being redundant. E.g.:
        -:  606:                //   case 3: b = 1;
        -:  607:                //   case 4: if (a) { b = 2; }    // Doesn't make the b=1 redundant because it's conditional
    #####:  608:                if (Token::Match(tok2->previous(), ")|else {") && tok2->link()) {
call    0 never executed
call    1 never executed
branch  2 never executed
branch  3 never executed
branch  4 never executed
branch  5 never executed
call    6 never executed
branch  7 never executed
branch  8 never executed
branch  9 never executed
branch 10 never executed
    #####:  609:                    const Token* endOfConditional = tok2->link();
call    0 never executed
    #####:  610:                    for (const Token* tok3 = tok2; tok3 != endOfConditional; tok3 = tok3->next()) {
branch  0 never executed
branch  1 never executed
call    2 never executed
    #####:  611:                        if (tok3->varId() != 0) {
call    0 never executed
branch  1 never executed
branch  2 never executed
    #####:  612:                            varsWithBitsSet.erase(tok3->varId());
call    0 never executed
call    1 never executed
branch  2 never executed
branch  3 never executed
    #####:  613:                            bitOperations.erase(tok3->varId());
call    0 never executed
call    1 never executed
branch  2 never executed
branch  3 never executed
    #####:  614:                        } else if (isFunctionOrBreakPattern(tok3)) {
call    0 never executed
branch  1 never executed
branch  2 never executed
branch  3 never executed
branch  4 never executed
    #####:  615:                            varsWithBitsSet.clear();
call    0 never executed
    #####:  616:                            bitOperations.clear();
call    0 never executed
        -:  617:                        }
        -:  618:                    }
    #####:  619:                    tok2 = endOfConditional;
        -:  620:                }
        -:  621:            }
        -:  622:
        -:  623:            // Variable assignment. Report an error if it's assigned to twice before a break. E.g.:
        -:  624:            //    case 3: b = 1;    // <== redundant
        -:  625:            //    case 4: b = 2;
        -:  626:
    #####:  627:            if (Token::Match(tok2->previous(), ";|{|}|: %var% = %any% ;")) {
call    0 never executed
call    1 never executed
branch  2 never executed
branch  3 never executed
branch  4 never executed
branch  5 never executed
    #####:  628:                varsWithBitsSet.erase(tok2->varId());
call    0 never executed
call    1 never executed
branch  2 never executed
branch  3 never executed
    #####:  629:                bitOperations.erase(tok2->varId());
call    0 never executed
call    1 never executed
branch  2 never executed
branch  3 never executed
        -:  630:            }
        -:  631:
        -:  632:            // Bitwise operation. Report an error if it's performed twice before a break. E.g.:
        -:  633:            //    case 3: b |= 1;    // <== redundant
        -:  634:            //    case 4: b |= 1;
    #####:  635:            else if (Token::Match(tok2->previous(), ";|{|}|: %var% %assign% %num% ;") &&
call    0 never executed
call    1 never executed
branch  2 never executed
branch  3 never executed
branch  4 never executed
branch  5 never executed
branch  6 never executed
branch  7 never executed
    #####:  636:                     (tok2->strAt(1) == "|=" || tok2->strAt(1) == "&=") &&
branch  0 never executed
branch  1 never executed
call    2 never executed
branch  3 never executed
branch  4 never executed
call    5 never executed
call    6 never executed
branch  7 never executed
branch  8 never executed
call    9 never executed
branch 10 never executed
branch 11 never executed
branch 12 never executed
branch 13 never executed
    #####:  637:                     Token::Match(tok2->next()->astOperand2(), "%num%")) {
call    0 never executed
call    1 never executed
call    2 never executed
branch  3 never executed
branch  4 never executed
    #####:  638:                const std::string bitOp = tok2->strAt(1)[0] + tok2->strAt(2);
call    0 never executed
branch  1 never executed
branch  2 never executed
call    3 never executed
branch  4 never executed
branch  5 never executed
call    6 never executed
call    7 never executed
branch  8 never executed
branch  9 never executed
call   10 never executed
call   11 never executed
    #####:  639:                const std::map<int, const Token*>::const_iterator i2 = varsWithBitsSet.find(tok2->varId());
call    0 never executed
call    1 never executed
branch  2 never executed
branch  3 never executed
call    4 never executed
call    5 never executed
call    6 never executed
call    7 never executed
        -:  640:
        -:  641:                // This variable has not had a bit operation performed on it yet, so just make a note of it
    #####:  642:                if (i2 == varsWithBitsSet.end()) {
call    0 never executed
call    1 never executed
call    2 never executed
branch  3 never executed
branch  4 never executed
    #####:  643:                    varsWithBitsSet[tok2->varId()] = tok2;
call    0 never executed
call    1 never executed
branch  2 never executed
branch  3 never executed
    #####:  644:                    bitOperations[tok2->varId()] = bitOp;
call    0 never executed
call    1 never executed
branch  2 never executed
branch  3 never executed
call    4 never executed
branch  5 never executed
branch  6 never executed
        -:  645:                }
        -:  646:
[...]
call    0 never executed
call    1 never executed
call    2 never executed
branch  3 never executed
branch  4 never executed
call    5 never executed
call    6 never executed
call    7 never executed
call    8 never executed
call    9 never executed
call   10 never executed
    #####: 2931:                    if (arg.nameToken() && var.name() == arg.name()) {
call    0 never executed
branch  1 never executed
branch  2 never executed
call    3 never executed
call    4 never executed
call    5 never executed
branch  6 never executed
branch  7 never executed
branch  8 never executed
branch  9 never executed
    #####: 2932:                        shadowError(var.nameToken(), arg.nameToken(), "argument");
call    0 never executed
call    1 never executed
branch  2 never executed
branch  3 never executed
call    4 never executed
call    5 never executed
call    6 never executed
branch  7 never executed
branch  8 never executed
call    9 never executed
call   10 never executed
call   11 never executed
call   12 never executed
    #####: 2933:                        shadowArg = true;
    #####: 2934:                        break;
        -: 2935:                    }
        -: 2936:                }
    #####: 2937:                if (shadowArg)
branch  0 never executed
branch  1 never executed
    #####: 2938:                    continue;
        -: 2939:            }
        -: 2940:
    #####: 2941:            const Token *shadowed = findShadowed(scope.nestedIn, var.name(), var.nameToken()->linenr());
call    0 never executed
call    1 never executed
call    2 never executed
call    3 never executed
branch  4 never executed
branch  5 never executed
    #####: 2942:            if (!shadowed)
branch  0 never executed
branch  1 never executed
    #####: 2943:                continue;
    #####: 2944:            if (scope.type == Scope::eFunction && scope.className == var.name())
branch  0 never executed
branch  1 never executed
call    2 never executed
call    3 never executed
branch  4 never executed
branch  5 never executed
branch  6 never executed
branch  7 never executed
    #####: 2945:                continue;
    #####: 2946:            shadowError(var.nameToken(), shadowed, (shadowed->varId() != 0) ? "variable" : "function");
call    0 never executed
call    1 never executed
branch  2 never executed
branch  3 never executed
call    4 never executed
branch  5 never executed
branch  6 never executed
call    7 never executed
call    8 never executed
branch  9 never executed
branch 10 never executed
call   11 never executed
call   12 never executed
call   13 never executed
call   14 never executed
        -: 2947:        }
        -: 2948:    }
        -: 2949:}
        -: 2950:
function _ZN10CheckOther11shadowErrorEPK5TokenS2_NSt7__cxx1112basic_stringIcSt11char_traitsIcESaIcEEE called 0 returned 0% blocks executed 0%
    #####: 2951:void CheckOther::shadowError(const Token *var, const Token *shadowed, std::string type)
        -: 2952:{
    #####: 2953:    ErrorPath errorPath;
call    0 never executed
call    1 never executed
call    2 never executed
    #####: 2954:    errorPath.push_back(ErrorPathItem(shadowed, "Shadowed declaration"));
call    0 never executed
branch  1 never executed
branch  2 never executed
call    3 never executed
branch  4 never executed
branch  5 never executed
call    6 never executed
call    7 never executed
    #####: 2955:    errorPath.push_back(ErrorPathItem(var, "Shadow variable"));
call    0 never executed
branch  1 never executed
branch  2 never executed
call    3 never executed
branch  4 never executed
branch  5 never executed
call    6 never executed
call    7 never executed
call    8 never executed
    #####: 2956:    const std::string &varname = var ? var->str() : type;
branch  0 never executed
branch  1 never executed
call    2 never executed
    #####: 2957:    const std::string Type = char(std::toupper(type[0])) + type.substr(1);
call    0 never executed
branch  1 never executed
branch  2 never executed
call    3 never executed
branch  4 never executed
branch  5 never executed
call    6 never executed
branch  7 never executed
branch  8 never executed
call    9 never executed
call   10 never executed
call   11 never executed
call   12 never executed
    #####: 2958:    const std::string id = "shadow" + Type;
call    0 never executed
branch  1 never executed
branch  2 never executed
call    3 never executed
call    4 never executed
    #####: 2959:    const std::string message = "$symbol:" + varname + "\nLocal variable \'$symbol\' shadows outer " + type;
call    0 never executed
branch  1 never executed
branch  2 never executed
call    3 never executed
branch  4 never executed
branch  5 never executed
call    6 never executed
branch  7 never executed
branch  8 never executed
call    9 never executed
call   10 never executed
call   11 never executed
call   12 never executed
call   13 never executed
    #####: 2960:    reportError(errorPath, Severity::style, id.c_str(), message, CWE398, false);
call    0 never executed
call    1 never executed
branch  2 never executed
branch  3 never executed
    #####: 2961:}
        -: 2962:
function _ZL20isVariableExpressionPK5Token called 0 returned 0% blocks executed 0%
    #####: 2963:static bool isVariableExpression(const Token* tok)
        -: 2964:{
    #####: 2965:    if (Token::Match(tok, "%var%"))
call    0 never executed
branch  1 never executed
branch  2 never executed
    #####: 2966:        return true;
    #####: 2967:    if (Token::simpleMatch(tok, "."))
call    0 never executed
branch  1 never executed
branch  2 never executed
    #####: 2968:        return isVariableExpression(tok->astOperand1()) &&
call    0 never executed
call    1 never executed
branch  2 never executed
branch  3 never executed
branch  4 never executed
branch  5 never executed
    #####: 2969:               isVariableExpression(tok->astOperand2());
call    0 never executed
call    1 never executed
    #####: 2970:    return false;
        -: 2971:}
        -: 2972:
function _ZN10CheckOther18checkConstArgumentEv called 0 returned 0% blocks executed 0%
    #####: 2973:void CheckOther::checkConstArgument()
        -: 2974:{
    #####: 2975:    if (!mSettings->isEnabled(Settings::STYLE))
call    0 never executed
branch  1 never executed
branch  2 never executed
    #####: 2976:        return;
    #####: 2977:    const SymbolDatabase *symbolDatabase = mTokenizer->getSymbolDatabase();
call    0 never executed
    #####: 2978:    for (const Scope *functionScope : symbolDatabase->functionScopes) {
call    0 never executed
call    1 never executed
call    2 never executed
branch  3 never executed
branch  4 never executed
call    5 never executed
call    6 never executed
call    7 never executed
call    8 never executed
call    9 never executed
call   10 never executed
    #####: 2979:        for (const Token *tok = functionScope->bodyStart; tok != functionScope->bodyEnd; tok = tok->next()) {
branch  0 never executed
branch  1 never executed
call    2 never executed
    #####: 2980:            if (!Token::simpleMatch(tok->astParent(), "("))
call    0 never executed
call    1 never executed
branch  2 never executed
branch  3 never executed
branch  4 never executed
branch  5 never executed
    #####: 2981:                continue;
    #####: 2982:            if (!Token::Match(tok->astParent()->previous(), "%name%"))
call    0 never executed
call    1 never executed
call    2 never executed
branch  3 never executed
branch  4 never executed
branch  5 never executed
branch  6 never executed
    #####: 2983:                continue;
    #####: 2984:            if (Token::Match(tok->astParent()->previous(), "if|while|switch|sizeof"))
call    0 never executed
call    1 never executed
call    2 never executed
branch  3 never executed
branch  4 never executed
branch  5 never executed
branch  6 never executed
    #####: 2985:                continue;
    #####: 2986:            if (tok == tok->astParent()->previous())
call    0 never executed
call    1 never executed
branch  2 never executed
branch  3 never executed
    #####: 2987:                continue;
    #####: 2988:            if (!tok->hasKnownIntValue())
call    0 never executed
branch  1 never executed
branch  2 never executed
branch  3 never executed
branch  4 never executed
    #####: 2989:                continue;
    #####: 2990:            if (Token::Match(tok, "++|--"))
call    0 never executed
branch  1 never executed
branch  2 never executed
branch  3 never executed
branch  4 never executed
    #####: 2991:                continue;
    #####: 2992:            if (isConstVarExpression(tok))
call    0 never executed
branch  1 never executed
branch  2 never executed
branch  3 never executed
branch  4 never executed
    #####: 2993:                continue;
    #####: 2994:            const Token * tok2 = tok;
    #####: 2995:            if (isCPPCast(tok2))
call    0 never executed
branch  1 never executed
branch  2 never executed
branch  3 never executed
branch  4 never executed
    #####: 2996:                tok2 = tok2->astOperand2();
call    0 never executed
    #####: 2997:            if (isVariableExpression(tok2))
call    0 never executed
branch  1 never executed
branch  2 never executed
branch  3 never executed
branch  4 never executed
    #####: 2998:                continue;
    #####: 2999:            constArgumentError(tok, tok->astParent()->previous(), &tok->values().front());
call    0 never executed
call    1 never executed
call    2 never executed
call    3 never executed
call    4 never executed
branch  5 never executed
branch  6 never executed
        -: 3000:        }
        -: 3001:    }
        -: 3002:}
        -: 3003:
function _ZN10CheckOther18constArgumentErrorEPK5TokenS2_PKN9ValueFlow5ValueE called 0 returned 0% blocks executed 0%
    #####: 3004:void CheckOther::constArgumentError(const Token *tok, const Token *ftok, const ValueFlow::Value *value)
        -: 3005:{
    #####: 3006:    MathLib::bigint intvalue = value ? value->intvalue : 0;
branch  0 never executed
branch  1 never executed
    #####: 3007:    const std::string expr = tok ? tok->expressionString() : std::string("x");
branch  0 never executed
branch  1 never executed
call    2 never executed
branch  3 never executed
branch  4 never executed
call    5 never executed
call    6 never executed
branch  7 never executed
branch  8 never executed
branch  9 never executed
branch 10 never executed
call   11 never executed
call   12 never executed
branch 13 never executed
branch 14 never executed
call   15 never executed
call   16 never executed
    #####: 3008:    const std::string fun = ftok ? ftok->str() : std::string("f");
branch  0 never executed
branch  1 never executed
call    2 never executed
call    3 never executed
branch  4 never executed
branch  5 never executed
call    6 never executed
call    7 never executed
branch  8 never executed
branch  9 never executed
branch 10 never executed
branch 11 never executed
call   12 never executed
call   13 never executed
branch 14 never executed
branch 15 never executed
call   16 never executed
call   17 never executed
call   18 never executed
        -: 3009:
    #####: 3010:    const std::string errmsg = "Argument '" + expr + "' to function " + fun + " is always " + std::to_string(intvalue);
call    0 never executed
branch  1 never executed
branch  2 never executed
call    3 never executed
branch  4 never executed
branch  5 never executed
call    6 never executed
branch  7 never executed
branch  8 never executed
call    9 never executed
branch 10 never executed
branch 11 never executed
call   12 never executed
branch 13 never executed
branch 14 never executed
call   15 never executed
branch 16 never executed
branch 17 never executed
call   18 never executed
call   19 never executed
call   20 never executed
call   21 never executed
call   22 never executed
call   23 never executed
call   24 never executed
call   25 never executed
call   26 never executed
call   27 never executed
call   28 never executed
    #####: 3011:    const ErrorPath errorPath = getErrorPath(tok, value, errmsg);
call    0 never executed
branch  1 never executed
branch  2 never executed
call    3 never executed
call    4 never executed
    #####: 3012:    reportError(errorPath, Severity::style, "constArgument", errmsg, CWE570, false);
call    0 never executed
branch  1 never executed
branch  2 never executed
    #####: 3013:}
        -: 3014:
function _ZN10CheckOther20checkComparePointersEv called 0 returned 0% blocks executed 0%
    #####: 3015:void CheckOther::checkComparePointers()
        -: 3016:{
    #####: 3017:    const SymbolDatabase *symbolDatabase = mTokenizer->getSymbolDatabase();
call    0 never executed
    #####: 3018:    for (const Scope *functionScope : symbolDatabase->functionScopes) {
call    0 never executed
call    1 never executed
call    2 never executed
branch  3 never executed
branch  4 never executed
call    5 never executed
call    6 never executed
call    7 never executed
call    8 never executed
call    9 never executed
call   10 never executed
    #####: 3019:        for (const Token *tok = functionScope->bodyStart; tok != functionScope->bodyEnd; tok = tok->next()) {
branch  0 never executed
branch  1 never executed
call    2 never executed
    #####: 3020:            if (!Token::Match(tok, "<|>|<=|>=|-"))
call    0 never executed
branch  1 never executed
branch  2 never executed
branch  3 never executed
branch  4 never executed
    #####: 3021:                continue;
    #####: 3022:            const Token *tok1 = tok->astOperand1();
call    0 never executed
    #####: 3023:            const Token *tok2 = tok->astOperand2();
call    0 never executed
    #####: 3024:            if (!astIsPointer(tok1) || !astIsPointer(tok2))
call    0 never executed
branch  1 never executed
branch  2 never executed
branch  3 never executed
branch  4 never executed
call    5 never executed
branch  6 never executed
branch  7 never executed
branch  8 never executed
branch  9 never executed
branch 10 never executed
branch 11 never executed
    #####: 3025:                continue;
    #####: 3026:            ValueFlow::Value v1 = getLifetimeObjValue(tok1);
call    0 never executed
branch  1 never executed
branch  2 never executed
call    3 never executed
    #####: 3027:            ValueFlow::Value v2 = getLifetimeObjValue(tok2);
call    0 never executed
branch  1 never executed
branch  2 never executed
call    3 never executed
branch  4 never executed
branch  5 never executed
call    6 never executed
    #####: 3028:            if (!v1.isLocalLifetimeValue() || !v2.isLocalLifetimeValue())
call    0 never executed
branch  1 never executed
branch  2 never executed
call    3 never executed
branch  4 never executed
branch  5 never executed
branch  6 never executed
branch  7 never executed
    #####: 3029:                continue;
    #####: 3030:            const Variable *var1 = v1.tokvalue->variable();
call    0 never executed
    #####: 3031:            const Variable *var2 = v2.tokvalue->variable();
call    0 never executed
    #####: 3032:            if (!var1 || !var2)
branch  0 never executed
branch  1 never executed
branch  2 never executed
branch  3 never executed
    #####: 3033:                continue;
    #####: 3034:            if (v1.tokvalue->varId() == v2.tokvalue->varId())
call    0 never executed
call    1 never executed
branch  2 never executed
branch  3 never executed
    #####: 3035:                continue;
    #####: 3036:            if (var1->isReference() || var2->isReference())
call    0 never executed
branch  1 never executed
branch  2 never executed
call    3 never executed
branch  4 never executed
branch  5 never executed
branch  6 never executed
branch  7 never executed
    #####: 3037:                continue;
    #####: 3038:            if (var1->isRValueReference() || var2->isRValueReference())
call    0 never executed
branch  1 never executed
branch  2 never executed
call    3 never executed
branch  4 never executed
branch  5 never executed
branch  6 never executed
branch  7 never executed
    #####: 3039:                continue;
    #####: 3040:            comparePointersError(tok, &v1, &v2);
call    0 never executed
branch  1 never executed
branch  2 never executed
call    3 never executed
branch  4 never executed
branch  5 never executed
        -: 3041:        }
        -: 3042:    }
    #####: 3043:}
        -: 3044:
function _ZN10CheckOther20comparePointersErrorEPK5TokenPKN9ValueFlow5ValueES6_ called 0 returned 0% blocks executed 0%
    #####: 3045:void CheckOther::comparePointersError(const Token *tok, const ValueFlow::Value *v1, const ValueFlow::Value *v2)
        -: 3046:{
    #####: 3047:    ErrorPath errorPath;
call    0 never executed
call    1 never executed
call    2 never executed
    #####: 3048:    std::string verb = "Comparing";
call    0 never executed
call    1 never executed
branch  2 never executed
branch  3 never executed
call    4 never executed
call    5 never executed
call    6 never executed
    #####: 3049:    if (Token::simpleMatch(tok, "-"))
call    0 never executed
branch  1 never executed
branch  2 never executed
branch  3 never executed
branch  4 never executed
    #####: 3050:        verb = "Subtracting";
call    0 never executed
branch  1 never executed
branch  2 never executed
    #####: 3051:    if (v1) {
branch  0 never executed
branch  1 never executed
    #####: 3052:        errorPath.emplace_back(v1->tokvalue->variable()->nameToken(), "Variable declared here.");
call    0 never executed
call    1 never executed
call    2 never executed
branch  3 never executed
branch  4 never executed
    #####: 3053:        errorPath.insert(errorPath.end(), v1->errorPath.begin(), v1->errorPath.end());
call    0 never executed
call    1 never executed
call    2 never executed
call    3 never executed
call    4 never executed
branch  5 never executed
branch  6 never executed
call    7 never executed
call    8 never executed
call    9 never executed
call   10 never executed
call   11 never executed
call   12 never executed
call   13 never executed
call   14 never executed
call   15 never executed
        -: 3054:    }
    #####: 3055:    if (v2) {
branch  0 never executed
branch  1 never executed
    #####: 3056:        errorPath.emplace_back(v2->tokvalue->variable()->nameToken(), "Variable declared here.");
call    0 never executed
call    1 never executed
call    2 never executed
branch  3 never executed
branch  4 never executed
    #####: 3057:        errorPath.insert(errorPath.end(), v2->errorPath.begin(), v2->errorPath.end());
call    0 never executed
call    1 never executed
call    2 never executed
call    3 never executed
call    4 never executed
branch  5 never executed
branch  6 never executed
call    7 never executed
call    8 never executed
call    9 never executed
call   10 never executed
call   11 never executed
call   12 never executed
call   13 never executed
call   14 never executed
call   15 never executed
        -: 3058:    }
    #####: 3059:    errorPath.emplace_back(tok, "");
call    0 never executed
branch  1 never executed
branch  2 never executed
    #####: 3060:    reportError(
call    0 never executed
branch  1 never executed
branch  2 never executed
    #####: 3061:        errorPath, Severity::error, "comparePointers", verb + " pointers that point to different objects", CWE570, false);
call    0 never executed
branch  1 never executed
branch  2 never executed
call    3 never executed
call    4 never executed
function _GLOBAL__sub_I__ZN10CheckOther25checkCastIntToCharAndBackEv called 1 returned 100% blocks executed 100%
function _Z41__static_initialization_and_destruction_0ii called 1 returned 100% blocks executed 100%
        3: 3062:}
call    0 returned 100%
branch  1 taken 100% (fallthrough)
branch  2 taken 0%
branch  3 taken 100% (fallthrough)
branch  4 taken 0%
call    5 never executed
