        -:    0:Source:/home/workspace/lib/checkio.cpp
        -:    0:Graph:/home/workspace/build/lib/CMakeFiles/lib_objs.dir/checkio.gcno
        -:    0:Data:/home/workspace/build/lib/CMakeFiles/lib_objs.dir/checkio.gcda
        -:    0:Runs:1
        -:    0:Programs:1
        -:    1:/*
        -:    2: * Cppcheck - A tool for static C/C++ code analysis
        -:    3: * Copyright (C) 2007-2019 Cppcheck team.
        -:    4: *
        -:    5: * This program is free software: you can redistribute it and/or modify
        -:    6: * it under the terms of the GNU General Public License as published by
        -:    7: * the Free Software Foundation, either version 3 of the License, or
        -:    8: * (at your option) any later version.
        -:    9: *
        -:   10: * This program is distributed in the hope that it will be useful,
        -:   11: * but WITHOUT ANY WARRANTY; without even the implied warranty of
        -:   12: * MERCHANTABILITY or FITNESS FOR A PARTICULAR PURPOSE.  See the
        -:   13: * GNU General Public License for more details.
        -:   14: *
        -:   15: * You should have received a copy of the GNU General Public License
        -:   16: * along with this program.  If not, see <http://www.gnu.org/licenses/>.
        -:   17: */
        -:   18:
        -:   19://---------------------------------------------------------------------------
        -:   20:#include "checkio.h"
        -:   21:
        -:   22:#include "library.h"
        -:   23:#include "mathlib.h"
        -:   24:#include "settings.h"
        -:   25:#include "symboldatabase.h"
        -:   26:#include "token.h"
        -:   27:#include "tokenize.h"
        -:   28:#include "utils.h"
        -:   29:#include "valueflow.h"
        -:   30:
        -:   31:#include <cctype>
        -:   32:#include <cstdlib>
        -:   33:#include <list>
        -:   34:#include <map>
        -:   35:#include <set>
        -:   36:#include <utility>
        -:   37:#include <vector>
        -:   38:
        -:   39://---------------------------------------------------------------------------
        -:   40:
        -:   41:// Register CheckIO..
        -:   42:namespace {
        1:   43:    CheckIO instance;
call    0 returned 100%
call    1 returned 100%
        -:   44:}
        -:   45:
        -:   46:// CVE ID used:
        1:   47:static const CWE CWE119(119U);  // Improper Restriction of Operations within the Bounds of a Memory Buffer
call    0 returned 100%
        1:   48:static const CWE CWE398(398U);  // Indicator of Poor Code Quality
call    0 returned 100%
        1:   49:static const CWE CWE664(664U);  // Improper Control of a Resource Through its Lifetime
call    0 returned 100%
        1:   50:static const CWE CWE685(685U);  // Function Call With Incorrect Number of Arguments
call    0 returned 100%
        1:   51:static const CWE CWE686(686U);  // Function Call With Incorrect Argument Type
call    0 returned 100%
        1:   52:static const CWE CWE687(687U);  // Function Call With Incorrectly Specified Argument Value
call    0 returned 100%
        1:   53:static const CWE CWE704(704U);  // Incorrect Type Conversion or Cast
call    0 returned 100%
        1:   54:static const CWE CWE910(910U);  // Use of Expired File Descriptor
call    0 returned 100%
        -:   55:
        -:   56://---------------------------------------------------------------------------
        -:   57://    std::cout << std::cout;
        -:   58://---------------------------------------------------------------------------
function _ZN7CheckIO21checkCoutCerrMisusageEv called 0 returned 0% blocks executed 0%
    #####:   59:void CheckIO::checkCoutCerrMisusage()
        -:   60:{
    #####:   61:    if (mTokenizer->isC())
call    0 never executed
branch  1 never executed
branch  2 never executed
    #####:   62:        return;
        -:   63:
    #####:   64:    const SymbolDatabase * const symbolDatabase = mTokenizer->getSymbolDatabase();
call    0 never executed
    #####:   65:    for (const Scope * scope : symbolDatabase->functionScopes) {
call    0 never executed
call    1 never executed
call    2 never executed
branch  3 never executed
branch  4 never executed
call    5 never executed
call    6 never executed
call    7 never executed
call    8 never executed
call    9 never executed
call   10 never executed
    #####:   66:        for (const Token *tok = scope->bodyStart; tok && tok != scope->bodyEnd; tok = tok->next()) {
branch  0 never executed
branch  1 never executed
branch  2 never executed
branch  3 never executed
call    4 never executed
    #####:   67:            if (Token::Match(tok, "std :: cout|cerr !!.") && tok->next()->astParent() && tok->next()->astParent()->astOperand1() == tok->next()) {
call    0 never executed
branch  1 never executed
branch  2 never executed
branch  3 never executed
branch  4 never executed
call    5 never executed
call    6 never executed
branch  7 never executed
branch  8 never executed
call    9 never executed
call   10 never executed
call   11 never executed
call   12 never executed
branch 13 never executed
branch 14 never executed
branch 15 never executed
branch 16 never executed
    #####:   68:                const Token* tok2 = tok->next();
call    0 never executed
    #####:   69:                while (tok2->astParent() && tok2->astParent()->str() == "<<") {
call    0 never executed
branch  1 never executed
branch  2 never executed
call    3 never executed
call    4 never executed
call    5 never executed
branch  6 never executed
branch  7 never executed
branch  8 never executed
branch  9 never executed
    #####:   70:                    tok2 = tok2->astParent();
call    0 never executed
    #####:   71:                    if (tok2->astOperand2() && Token::Match(tok2->astOperand2()->previous(), "std :: cout|cerr"))
call    0 never executed
branch  1 never executed
branch  2 never executed
call    3 never executed
call    4 never executed
call    5 never executed
branch  6 never executed
branch  7 never executed
branch  8 never executed
branch  9 never executed
branch 10 never executed
branch 11 never executed
    #####:   72:                        coutCerrMisusageError(tok, tok2->astOperand2()->strAt(1));
call    0 never executed
call    1 never executed
branch  2 never executed
branch  3 never executed
call    4 never executed
branch  5 never executed
branch  6 never executed
        -:   73:                }
        -:   74:            }
        -:   75:        }
        -:   76:    }
        -:   77:}
        -:   78:
function _ZN7CheckIO21coutCerrMisusageErrorEPK5TokenRKNSt7__cxx1112basic_stringIcSt11char_traitsIcESaIcEEE called 0 returned 0% blocks executed 0%
    #####:   79:void CheckIO::coutCerrMisusageError(const Token* tok, const std::string& streamName)
        -:   80:{
    #####:   81:    reportError(tok, Severity::error, "coutCerrMisusage", "Invalid usage of output stream: '<< std::" + streamName + "'.", CWE398, false);
call    0 never executed
call    1 never executed
branch  2 never executed
branch  3 never executed
call    4 never executed
branch  5 never executed
branch  6 never executed
call    7 never executed
call    8 never executed
call    9 never executed
call   10 never executed
    #####:   82:}
        -:   83:
        -:   84://---------------------------------------------------------------------------
        -:   85:// fflush(stdin) <- fflush only applies to output streams in ANSI C
        -:   86:// fread(); fwrite(); <- consecutive read/write statements require repositioning in between
        -:   87:// fopen("","r"); fwrite(); <- write to read-only file (or vice versa)
        -:   88:// fclose(); fread(); <- Use closed file
        -:   89://---------------------------------------------------------------------------
        -:   90:enum OpenMode { CLOSED, READ_MODE, WRITE_MODE, RW_MODE, UNKNOWN_OM };
function _ZL7getModeRKNSt7__cxx1112basic_stringIcSt11char_traitsIcESaIcEEE called 0 returned 0% blocks executed 0%
    #####:   91:static OpenMode getMode(const std::string& str)
        -:   92:{
    #####:   93:    if (str.find('+', 1) != std::string::npos)
call    0 never executed
branch  1 never executed
branch  2 never executed
    #####:   94:        return RW_MODE;
    #####:   95:    else if (str.find('w') != std::string::npos || str.find('a') != std::string::npos)
call    0 never executed
branch  1 never executed
branch  2 never executed
call    3 never executed
branch  4 never executed
branch  5 never executed
branch  6 never executed
branch  7 never executed
    #####:   96:        return WRITE_MODE;
    #####:   97:    else if (str.find('r') != std::string::npos)
call    0 never executed
branch  1 never executed
branch  2 never executed
    #####:   98:        return READ_MODE;
    #####:   99:    return UNKNOWN_OM;
        -:  100:}
        -:  101:
        -:  102:struct Filepointer {
        -:  103:    OpenMode mode;
        -:  104:    nonneg int mode_indent;
        -:  105:    enum Operation {NONE, UNIMPORTANT, READ, WRITE, POSITIONING, OPEN, CLOSE, UNKNOWN_OP} lastOperation;
        -:  106:    nonneg int op_indent;
        -:  107:    enum AppendMode { UNKNOWN_AM, APPEND, APPEND_EX };
        -:  108:    AppendMode append_mode;
function _ZN11FilepointerC2E8OpenMode called 0 returned 0% blocks executed 0%
    #####:  109:    explicit Filepointer(OpenMode mode_ = UNKNOWN_OM)
    #####:  110:        : mode(mode_), mode_indent(0), lastOperation(NONE), op_indent(0), append_mode(UNKNOWN_AM) {
    #####:  111:    }
        -:  112:};
        -:  113:
        -:  114:namespace {
        1:  115:    const std::set<std::string> whitelist = { "clearerr", "feof", "ferror", "fgetpos", "ftell", "setbuf", "setvbuf", "ungetc", "ungetwc" };
call    0 returned 100%
call    1 returned 100%
branch  2 taken 100% (fallthrough)
branch  3 taken 0% (throw)
call    4 returned 100%
call    5 returned 100%
branch  6 taken 100% (fallthrough)
branch  7 taken 0% (throw)
call    8 returned 100%
call    9 returned 100%
branch 10 taken 100% (fallthrough)
branch 11 taken 0% (throw)
call   12 returned 100%
call   13 returned 100%
branch 14 taken 100% (fallthrough)
branch 15 taken 0% (throw)
call   16 returned 100%
call   17 returned 100%
branch 18 taken 100% (fallthrough)
branch 19 taken 0% (throw)
call   20 returned 100%
call   21 returned 100%
branch 22 taken 100% (fallthrough)
branch 23 taken 0% (throw)
call   24 returned 100%
call   25 returned 100%
branch 26 taken 100% (fallthrough)
branch 27 taken 0% (throw)
call   28 returned 100%
call   29 returned 100%
branch 30 taken 100% (fallthrough)
branch 31 taken 0% (throw)
call   32 returned 100%
call   33 returned 100%
branch 34 taken 100% (fallthrough)
branch 35 taken 0% (throw)
call   36 returned 100%
call   37 returned 100%
branch 38 taken 100% (fallthrough)
branch 39 taken 0% (throw)
call   40 returned 100%
branch 41 taken 90% (fallthrough)
branch 42 taken 10%
call   43 returned 100%
call   44 returned 100%
call   45 returned 100%
call   46 returned 100%
call   47 returned 100%
call   48 returned 100%
call   49 returned 100%
call   50 returned 100%
call   51 returned 100%
call   52 returned 100%
call   53 returned 100%
call   54 never executed
branch 55 never executed
branch 56 never executed
call   57 never executed
call   58 never executed
call   59 never executed
call   60 never executed
call   61 never executed
call   62 never executed
call   63 never executed
call   64 never executed
call   65 never executed
call   66 never executed
call   67 never executed
        -:  116:}
        -:  117:
function _ZN7CheckIO14checkFileUsageEv called 0 returned 0% blocks executed 0%
    #####:  118:void CheckIO::checkFileUsage()
        -:  119:{
    #####:  120:    const bool windows = mSettings->isWindowsPlatform();
call    0 never executed
    #####:  121:    const bool printPortability = mSettings->isEnabled(Settings::PORTABILITY);
call    0 never executed
    #####:  122:    const bool printWarnings = mSettings->isEnabled(Settings::WARNING);
call    0 never executed
        -:  123:
    #####:  124:    std::map<int, Filepointer> filepointers;
call    0 never executed
call    1 never executed
call    2 never executed
        -:  125:
    #####:  126:    const SymbolDatabase* symbolDatabase = mTokenizer->getSymbolDatabase();
call    0 never executed
    #####:  127:    for (const Variable* var : symbolDatabase->variableList()) {
call    0 never executed
call    1 never executed
call    2 never executed
call    3 never executed
branch  4 never executed
branch  5 never executed
call    6 never executed
call    7 never executed
call    8 never executed
call    9 never executed
call   10 never executed
call   11 never executed
    #####:  128:        if (!var || !var->declarationId() || var->isArray() || !Token::simpleMatch(var->typeStartToken(), "FILE *"))
branch  0 never executed
branch  1 never executed
call    2 never executed
branch  3 never executed
branch  4 never executed
call    5 never executed
branch  6 never executed
branch  7 never executed
call    8 never executed
call    9 never executed
branch 10 never executed
branch 11 never executed
branch 12 never executed
branch 13 never executed
branch 14 never executed
branch 15 never executed
    #####:  129:            continue;
        -:  130:
    #####:  131:        if (var->isLocal()) {
call    0 never executed
branch  1 never executed
branch  2 never executed
branch  3 never executed
branch  4 never executed
    #####:  132:            if (var->nameToken()->strAt(1) == "(") // initialize by calling "ctor"
call    0 never executed
call    1 never executed
branch  2 never executed
branch  3 never executed
call    4 never executed
branch  5 never executed
branch  6 never executed
    #####:  133:                filepointers.insert(std::make_pair(var->declarationId(), Filepointer(UNKNOWN_OM)));
call    0 never executed
call    1 never executed
call    2 never executed
branch  3 never executed
branch  4 never executed
call    5 never executed
branch  6 never executed
branch  7 never executed
call    8 never executed
        -:  134:            else
    #####:  135:                filepointers.insert(std::make_pair(var->declarationId(), Filepointer(CLOSED)));
call    0 never executed
call    1 never executed
call    2 never executed
branch  3 never executed
branch  4 never executed
call    5 never executed
branch  6 never executed
branch  7 never executed
call    8 never executed
        -:  136:        } else {
    #####:  137:            filepointers.insert(std::make_pair(var->declarationId(), Filepointer(UNKNOWN_OM)));
call    0 never executed
call    1 never executed
call    2 never executed
branch  3 never executed
branch  4 never executed
call    5 never executed
branch  6 never executed
branch  7 never executed
call    8 never executed
        -:  138:            // TODO: If all fopen calls we find open the file in the same type, we can set Filepointer::mode
        -:  139:        }
        -:  140:    }
        -:  141:
    #####:  142:    for (const Scope * scope : symbolDatabase->functionScopes) {
call    0 never executed
call    1 never executed
call    2 never executed
branch  3 never executed
branch  4 never executed
call    5 never executed
call    6 never executed
call    7 never executed
call    8 never executed
call    9 never executed
call   10 never executed
    #####:  143:        int indent = 0;
    #####:  144:        for (const Token *tok = scope->bodyStart; tok != scope->bodyEnd; tok = tok->next()) {
branch  0 never executed
branch  1 never executed
call    2 never executed
    #####:  145:            if (tok->str() == "{")
call    0 never executed
call    1 never executed
branch  2 never executed
branch  3 never executed
    #####:  146:                indent++;
    #####:  147:            else if (tok->str() == "}") {
call    0 never executed
call    1 never executed
branch  2 never executed
branch  3 never executed
    #####:  148:                indent--;
    #####:  149:                for (std::map<int, Filepointer>::iterator i = filepointers.begin(); i != filepointers.end(); ++i) {
call    0 never executed
call    1 never executed
call    2 never executed
call    3 never executed
branch  4 never executed
branch  5 never executed
call    6 never executed
call    7 never executed
    #####:  150:                    if (indent < i->second.mode_indent) {
call    0 never executed
branch  1 never executed
branch  2 never executed
    #####:  151:                        i->second.mode_indent = 0;
call    0 never executed
    #####:  152:                        i->second.mode = UNKNOWN_OM;
call    0 never executed
        -:  153:                    }
    #####:  154:                    if (indent < i->second.op_indent) {
call    0 never executed
branch  1 never executed
branch  2 never executed
    #####:  155:                        i->second.op_indent = 0;
call    0 never executed
    #####:  156:                        i->second.lastOperation = Filepointer::UNKNOWN_OP;
call    0 never executed
        -:  157:                    }
        -:  158:                }
    #####:  159:            } else if (tok->str() == "return" || tok->str() == "continue" || tok->str() == "break" || mSettings->library.isnoreturn(tok)) { // Reset upon return, continue or break
call    0 never executed
call    1 never executed
branch  2 never executed
branch  3 never executed
call    4 never executed
call    5 never executed
branch  6 never executed
branch  7 never executed
call    8 never executed
call    9 never executed
branch 10 never executed
branch 11 never executed
call   12 never executed
branch 13 never executed
branch 14 never executed
branch 15 never executed
branch 16 never executed
branch 17 never executed
branch 18 never executed
    #####:  160:                for (std::map<int, Filepointer>::iterator i = filepointers.begin(); i != filepointers.end(); ++i) {
call    0 never executed
call    1 never executed
call    2 never executed
call    3 never executed
branch  4 never executed
branch  5 never executed
call    6 never executed
call    7 never executed
    #####:  161:                    i->second.mode_indent = 0;
call    0 never executed
    #####:  162:                    i->second.mode = UNKNOWN_OM;
call    0 never executed
    #####:  163:                    i->second.op_indent = 0;
call    0 never executed
    #####:  164:                    i->second.lastOperation = Filepointer::UNKNOWN_OP;
call    0 never executed
        -:  165:                }
    #####:  166:            } else if (Token::Match(tok, "%var% =") &&
call    0 never executed
branch  1 never executed
branch  2 never executed
branch  3 never executed
branch  4 never executed
branch  5 never executed
branch  6 never executed
branch  7 never executed
branch  8 never executed
branch  9 never executed
branch 10 never executed
    #####:  167:                       (tok->strAt(2) != "fopen" && tok->strAt(2) != "freopen" && tok->strAt(2) != "tmpfile" &&
call    0 never executed
branch  1 never executed
branch  2 never executed
call    3 never executed
call    4 never executed
branch  5 never executed
branch  6 never executed
call    7 never executed
branch  8 never executed
branch  9 never executed
call   10 never executed
branch 11 never executed
branch 12 never executed
call   13 never executed
branch 14 never executed
branch 15 never executed
branch 16 never executed
branch 17 never executed
    #####:  168:                        (windows ? (tok->str() != "_wfopen" && tok->str() != "_wfreopen") : true))) {
call    0 never executed
call    1 never executed
call    2 never executed
call    3 never executed
branch  4 never executed
branch  5 never executed
    #####:  169:                std::map<int, Filepointer>::iterator i = filepointers.find(tok->varId());
call    0 never executed
call    1 never executed
branch  2 never executed
branch  3 never executed
call    4 never executed
    #####:  170:                if (i != filepointers.end()) {
call    0 never executed
call    1 never executed
call    2 never executed
branch  3 never executed
branch  4 never executed
    #####:  171:                    i->second.mode = UNKNOWN_OM;
call    0 never executed
    #####:  172:                    i->second.lastOperation = Filepointer::UNKNOWN_OP;
call    0 never executed
        -:  173:                }
    #####:  174:            } else if (Token::Match(tok, "%name% (") && tok->previous() && (!tok->previous()->isName() || Token::Match(tok->previous(), "return|throw"))) {
call    0 never executed
branch  1 never executed
branch  2 never executed
branch  3 never executed
branch  4 never executed
call    5 never executed
branch  6 never executed
branch  7 never executed
call    8 never executed
call    9 never executed
branch 10 never executed
branch 11 never executed
branch 12 never executed
branch 13 never executed
call   14 never executed
call   15 never executed
branch 16 never executed
branch 17 never executed
branch 18 never executed
branch 19 never executed
branch 20 never executed
branch 21 never executed
    #####:  175:                std::string mode;
call    0 never executed
call    1 never executed
    #####:  176:                const Token* fileTok = nullptr;
    #####:  177:                Filepointer::Operation operation = Filepointer::NONE;
        -:  178:
    #####:  179:                if ((tok->str() == "fopen" || tok->str() == "freopen" || tok->str() == "tmpfile" ||
call    0 never executed
call    1 never executed
call    2 never executed
call    3 never executed
branch  4 never executed
branch  5 never executed
call    6 never executed
call    7 never executed
branch  8 never executed
branch  9 never executed
branch 10 never executed
branch 11 never executed
branch 12 never executed
branch 13 never executed
    #####:  180:                     (windows && (tok->str() == "_wfopen" || tok->str() == "_wfreopen"))) &&
branch  0 never executed
branch  1 never executed
call    2 never executed
call    3 never executed
branch  4 never executed
branch  5 never executed
call    6 never executed
call    7 never executed
branch  8 never executed
branch  9 never executed
branch 10 never executed
branch 11 never executed
    #####:  181:                    tok->strAt(-1) == "=") {
call    0 never executed
branch  1 never executed
branch  2 never executed
call    3 never executed
    #####:  182:                    if (tok->str() != "tmpfile") {
call    0 never executed
call    1 never executed
branch  2 never executed
branch  3 never executed
    #####:  183:                        const Token* modeTok = tok->tokAt(2)->nextArgument();
call    0 never executed
branch  1 never executed
branch  2 never executed
call    3 never executed
branch  4 never executed
branch  5 never executed
    #####:  184:                        if (modeTok && modeTok->tokType() == Token::eString)
branch  0 never executed
branch  1 never executed
call    2 never executed
branch  3 never executed
branch  4 never executed
branch  5 never executed
branch  6 never executed
    #####:  185:                            mode = modeTok->strValue();
call    0 never executed
branch  1 never executed
branch  2 never executed
call    3 never executed
call    4 never executed
        -:  186:                    } else
    #####:  187:                        mode = "wb+";
call    0 never executed
branch  1 never executed
branch  2 never executed
    #####:  188:                    fileTok = tok->tokAt(-2);
call    0 never executed
branch  1 never executed
branch  2 never executed
    #####:  189:                    operation = Filepointer::OPEN;
    #####:  190:                } else if (windows && Token::Match(tok, "fopen_s|freopen_s|_wfopen_s|_wfreopen_s ( & %name%")) {
branch  0 never executed
branch  1 never executed
call    2 never executed
branch  3 never executed
branch  4 never executed
branch  5 never executed
branch  6 never executed
branch  7 never executed
branch  8 never executed
    #####:  191:                    const Token* modeTok = tok->tokAt(2)->nextArgument()->nextArgument();
call    0 never executed
branch  1 never executed
branch  2 never executed
call    3 never executed
branch  4 never executed
branch  5 never executed
call    6 never executed
branch  7 never executed
branch  8 never executed
    #####:  192:                    if (modeTok && modeTok->tokType() == Token::eString)
branch  0 never executed
branch  1 never executed
call    2 never executed
branch  3 never executed
branch  4 never executed
branch  5 never executed
branch  6 never executed
    #####:  193:                        mode = modeTok->strValue();
call    0 never executed
branch  1 never executed
branch  2 never executed
call    3 never executed
call    4 never executed
    #####:  194:                    fileTok = tok->tokAt(3);
call    0 never executed
branch  1 never executed
branch  2 never executed
    #####:  195:                    operation = Filepointer::OPEN;
    #####:  196:                } else if ((tok->str() == "rewind" || tok->str() == "fseek" || tok->str() == "fsetpos" || tok->str() == "fflush") ||
call    0 never executed
call    1 never executed
branch  2 never executed
branch  3 never executed
call    4 never executed
call    5 never executed
branch  6 never executed
branch  7 never executed
call    8 never executed
call    9 never executed
branch 10 never executed
branch 11 never executed
call   12 never executed
call   13 never executed
branch 14 never executed
branch 15 never executed
branch 16 never executed
branch 17 never executed
branch 18 never executed
branch 19 never executed
    #####:  197:                           (windows && tok->str() == "_fseeki64")) {
call    0 never executed
call    1 never executed
branch  2 never executed
branch  3 never executed
    #####:  198:                    fileTok = tok->tokAt(2);
call    0 never executed
branch  1 never executed
branch  2 never executed
    #####:  199:                    if (printPortability && fileTok && tok->str() == "fflush") {
branch  0 never executed
branch  1 never executed
branch  2 never executed
branch  3 never executed
call    4 never executed
call    5 never executed
branch  6 never executed
branch  7 never executed
branch  8 never executed
branch  9 never executed
    #####:  200:                        if (fileTok->str() == "stdin")
call    0 never executed
call    1 never executed
branch  2 never executed
branch  3 never executed
    #####:  201:                            fflushOnInputStreamError(tok, fileTok->str());
call    0 never executed
call    1 never executed
branch  2 never executed
branch  3 never executed
        -:  202:                        else {
    #####:  203:                            const Filepointer& f = filepointers[fileTok->varId()];
call    0 never executed
call    1 never executed
branch  2 never executed
branch  3 never executed
    #####:  204:                            if (f.mode == READ_MODE)
branch  0 never executed
branch  1 never executed
    #####:  205:                                fflushOnInputStreamError(tok, fileTok->str());
call    0 never executed
call    1 never executed
branch  2 never executed
branch  3 never executed
        -:  206:                        }
        -:  207:                    }
    #####:  208:                    operation = Filepointer::POSITIONING;
    #####:  209:                } else if (tok->str() == "fgetc" || tok->str() == "fgetwc" ||
call    0 never executed
call    1 never executed
call    2 never executed
call    3 never executed
branch  4 never executed
branch  5 never executed
branch  6 never executed
branch  7 never executed
branch  8 never executed
branch  9 never executed
    #####:  210:                           tok->str() == "fgets" || tok->str() == "fgetws" || tok->str() == "fread" ||
call    0 never executed
call    1 never executed
call    2 never executed
call    3 never executed
branch  4 never executed
branch  5 never executed
call    6 never executed
call    7 never executed
branch  8 never executed
branch  9 never executed
branch 10 never executed
branch 11 never executed
    #####:  211:                           tok->str() == "fscanf" || tok->str() == "fwscanf" || tok->str() == "getc" ||
branch  0 never executed
branch  1 never executed
call    2 never executed
call    3 never executed
call    4 never executed
call    5 never executed
branch  6 never executed
branch  7 never executed
call    8 never executed
call    9 never executed
branch 10 never executed
branch 11 never executed
branch 12 never executed
branch 13 never executed
    #####:  212:                           (windows && (tok->str() == "fscanf_s" || tok->str() == "fwscanf_s"))) {
call    0 never executed
call    1 never executed
branch  2 never executed
branch  3 never executed
call    4 never executed
call    5 never executed
branch  6 never executed
branch  7 never executed
    #####:  213:                    if (tok->str().find("scanf") != std::string::npos)
call    0 never executed
call    1 never executed
branch  2 never executed
branch  3 never executed
    #####:  214:                        fileTok = tok->tokAt(2);
call    0 never executed
branch  1 never executed
branch  2 never executed
        -:  215:                    else
    #####:  216:                        fileTok = tok->linkAt(1)->previous();
call    0 never executed
branch  1 never executed
branch  2 never executed
call    3 never executed
    #####:  217:                    operation = Filepointer::READ;
    #####:  218:                } else if (tok->str() == "fputc" || tok->str() == "fputwc" ||
call    0 never executed
call    1 never executed
call    2 never executed
call    3 never executed
branch  4 never executed
branch  5 never executed
branch  6 never executed
branch  7 never executed
branch  8 never executed
branch  9 never executed
    #####:  219:                           tok->str() == "fputs" || tok->str() == "fputws" || tok->str() == "fwrite" ||
call    0 never executed
call    1 never executed
call    2 never executed
call    3 never executed
branch  4 never executed
branch  5 never executed
call    6 never executed
call    7 never executed
branch  8 never executed
branch  9 never executed
branch 10 never executed
branch 11 never executed
    #####:  220:                           tok->str() == "fprintf" || tok->str() == "fwprintf" || tok->str() == "putcc" ||
branch  0 never executed
branch  1 never executed
call    2 never executed
call    3 never executed
call    4 never executed
call    5 never executed
branch  6 never executed
branch  7 never executed
call    8 never executed
call    9 never executed
branch 10 never executed
branch 11 never executed
branch 12 never executed
branch 13 never executed
    #####:  221:                           (windows && (tok->str() == "fprintf_s" || tok->str() == "fwprintf_s"))) {
call    0 never executed
call    1 never executed
branch  2 never executed
branch  3 never executed
call    4 never executed
call    5 never executed
branch  6 never executed
branch  7 never executed
    #####:  222:                    if (tok->str().find("printf") != std::string::npos)
call    0 never executed
call    1 never executed
branch  2 never executed
branch  3 never executed
    #####:  223:                        fileTok = tok->tokAt(2);
call    0 never executed
branch  1 never executed
branch  2 never executed
        -:  224:                    else
    #####:  225:                        fileTok = tok->linkAt(1)->previous();
call    0 never executed
branch  1 never executed
branch  2 never executed
call    3 never executed
    #####:  226:                    operation = Filepointer::WRITE;
    #####:  227:                } else if (tok->str() == "fclose") {
call    0 never executed
call    1 never executed
branch  2 never executed
branch  3 never executed
    #####:  228:                    fileTok = tok->tokAt(2);
call    0 never executed
branch  1 never executed
branch  2 never executed
    #####:  229:                    operation = Filepointer::CLOSE;
    #####:  230:                } else if (whitelist.find(tok->str()) != whitelist.end()) {
call    0 never executed
call    1 never executed
call    2 never executed
branch  3 never executed
branch  4 never executed
call    5 never executed
call    6 never executed
call    7 never executed
branch  8 never executed
branch  9 never executed
call   10 never executed
    #####:  231:                    fileTok = tok->tokAt(2);
call    0 never executed
branch  1 never executed
branch  2 never executed
    #####:  232:                    if ((tok->str() == "ungetc" || tok->str() == "ungetwc") && fileTok)
call    0 never executed
call    1 never executed
branch  2 never executed
branch  3 never executed
call    4 never executed
call    5 never executed
branch  6 never executed
branch  7 never executed
branch  8 never executed
branch  9 never executed
branch 10 never executed
branch 11 never executed
    #####:  233:                        fileTok = fileTok->nextArgument();
call    0 never executed
branch  1 never executed
branch  2 never executed
    #####:  234:                    operation = Filepointer::UNIMPORTANT;
    #####:  235:                } else if (!Token::Match(tok, "if|for|while|catch|switch") && !mSettings->library.isFunctionConst(tok->str(), true)) {
call    0 never executed
branch  1 never executed
branch  2 never executed
branch  3 never executed
branch  4 never executed
call    5 never executed
call    6 never executed
branch  7 never executed
branch  8 never executed
branch  9 never executed
branch 10 never executed
branch 11 never executed
branch 12 never executed
    #####:  236:                    const Token* const end2 = tok->linkAt(1);
call    0 never executed
branch  1 never executed
branch  2 never executed
    #####:  237:                    if (scope->functionOf && scope->functionOf->isClassOrStruct() && !scope->function->isStatic() && ((tok->strAt(-1) != "::" && tok->strAt(-1) != ".") || tok->strAt(-2) == "this")) {
branch  0 never executed
branch  1 never executed
call    2 never executed
branch  3 never executed
branch  4 never executed
call    5 never executed
branch  6 never executed
branch  7 never executed
call    8 never executed
branch  9 never executed
branch 10 never executed
call   11 never executed
branch 12 never executed
branch 13 never executed
call   14 never executed
branch 15 never executed
branch 16 never executed
call   17 never executed
branch 18 never executed
branch 19 never executed
call   20 never executed
branch 21 never executed
branch 22 never executed
call   23 never executed
branch 24 never executed
branch 25 never executed
branch 26 never executed
branch 27 never executed
    #####:  238:                        if (!tok->function() || (tok->function()->nestedIn && tok->function()->nestedIn->isClassOrStruct())) {
call    0 never executed
branch  1 never executed
branch  2 never executed
call    3 never executed
branch  4 never executed
branch  5 never executed
call    6 never executed
call    7 never executed
branch  8 never executed
branch  9 never executed
branch 10 never executed
branch 11 never executed
    #####:  239:                            for (std::map<int, Filepointer>::iterator i = filepointers.begin(); i != filepointers.end(); ++i) {
call    0 never executed
call    1 never executed
call    2 never executed
call    3 never executed
branch  4 never executed
branch  5 never executed
call    6 never executed
call    7 never executed
call    8 never executed
    #####:  240:                                const Variable* var = symbolDatabase->getVariableFromVarId(i->first);
call    0 never executed
call    1 never executed
branch  2 never executed
branch  3 never executed
    #####:  241:                                if (!var || !(var->isLocal() || var->isGlobal() || var->isStatic())) {
branch  0 never executed
branch  1 never executed
call    2 never executed
branch  3 never executed
branch  4 never executed
branch  5 never executed
branch  6 never executed
call    7 never executed
branch  8 never executed
branch  9 never executed
call   10 never executed
branch 11 never executed
branch 12 never executed
branch 13 never executed
branch 14 never executed
    #####:  242:                                    i->second.mode = UNKNOWN_OM;
call    0 never executed
    #####:  243:                                    i->second.mode_indent = 0;
call    0 never executed
    #####:  244:                                    i->second.op_indent = indent;
call    0 never executed
    #####:  245:                                    i->second.lastOperation = Filepointer::UNKNOWN_OP;
call    0 never executed
        -:  246:                                }
        -:  247:                            }
    #####:  248:                            continue;
        -:  249:                        }
        -:  250:                    }
    #####:  251:                    for (const Token* tok2 = tok->tokAt(2); tok2 != end2; tok2 = tok2->next()) {
call    0 never executed
branch  1 never executed
branch  2 never executed
branch  3 never executed
branch  4 never executed
call    5 never executed
    #####:  252:                        if (tok2->varId() && filepointers.find(tok2->varId()) != filepointers.end()) {
call    0 never executed
branch  1 never executed
branch  2 never executed
call    3 never executed
call    4 never executed
call    5 never executed
branch  6 never executed
branch  7 never executed
call    8 never executed
branch  9 never executed
branch 10 never executed
branch 11 never executed
branch 12 never executed
call   13 never executed
branch 14 never executed
branch 15 never executed
call   16 never executed
branch 17 never executed
branch 18 never executed
branch 19 never executed
branch 20 never executed
call   21 never executed
branch 22 never executed
branch 23 never executed
call   24 never executed
    #####:  253:                            fileTok = tok2;
    #####:  254:                            operation = Filepointer::UNKNOWN_OP; // Assume that repositioning was last operation and that the file is opened now
    #####:  255:                            break;
        -:  256:                        }
        -:  257:                    }
        -:  258:                }
        -:  259:
    #####:  260:                while (Token::Match(fileTok, "%name% ."))
call    0 never executed
branch  1 never executed
branch  2 never executed
branch  3 never executed
branch  4 never executed
    #####:  261:                    fileTok = fileTok->tokAt(2);
call    0 never executed
branch  1 never executed
branch  2 never executed
        -:  262:
    #####:  263:                if (!fileTok || !fileTok->varId() || fileTok->strAt(1) == "[")
branch  0 never executed
branch  1 never executed
call    2 never executed
branch  3 never executed
branch  4 never executed
call    5 never executed
branch  6 never executed
branch  7 never executed
call    8 never executed
branch  9 never executed
branch 10 never executed
branch 11 never executed
branch 12 never executed
    #####:  264:                    continue;
        -:  265:
    #####:  266:                if (filepointers.find(fileTok->varId()) == filepointers.end()) { // function call indicates: Its a File
call    0 never executed
call    1 never executed
call    2 never executed
branch  3 never executed
branch  4 never executed
call    5 never executed
call    6 never executed
call    7 never executed
branch  8 never executed
branch  9 never executed
call   10 never executed
    #####:  267:                    filepointers.insert(std::make_pair(fileTok->varId(), Filepointer(UNKNOWN_OM)));
call    0 never executed
call    1 never executed
call    2 never executed
branch  3 never executed
branch  4 never executed
call    5 never executed
branch  6 never executed
branch  7 never executed
call    8 never executed
        -:  268:                }
    #####:  269:                Filepointer& f = filepointers[fileTok->varId()];
call    0 never executed
call    1 never executed
branch  2 never executed
branch  3 never executed
        -:  270:
    #####:  271:                switch (operation) {
branch  0 never executed
branch  1 never executed
branch  2 never executed
branch  3 never executed
branch  4 never executed
branch  5 never executed
branch  6 never executed
branch  7 never executed
    #####:  272:                case Filepointer::OPEN:
    #####:  273:                    f.mode = getMode(mode);
call    0 never executed
    #####:  274:                    if (mode.find('a') != std::string::npos) {
call    0 never executed
branch  1 never executed
branch  2 never executed
    #####:  275:                        if (f.mode == RW_MODE)
branch  0 never executed
branch  1 never executed
    #####:  276:                            f.append_mode = Filepointer::APPEND_EX;
        -:  277:                        else
    #####:  278:                            f.append_mode = Filepointer::APPEND;
        -:  279:                    } else
    #####:  280:                        f.append_mode = Filepointer::UNKNOWN_AM;
    #####:  281:                    f.mode_indent = indent;
    #####:  282:                    break;
    #####:  283:                case Filepointer::POSITIONING:
    #####:  284:                    if (f.mode == CLOSED)
branch  0 never executed
branch  1 never executed
    #####:  285:                        useClosedFileError(tok);
call    0 never executed
branch  1 never executed
branch  2 never executed
    #####:  286:                    else if (f.append_mode == Filepointer::APPEND && tok->str() != "fflush" && printWarnings)
branch  0 never executed
branch  1 never executed
call    2 never executed
call    3 never executed
branch  4 never executed
branch  5 never executed
branch  6 never executed
branch  7 never executed
branch  8 never executed
branch  9 never executed
    #####:  287:                        seekOnAppendedFileError(tok);
call    0 never executed
branch  1 never executed
branch  2 never executed
    #####:  288:                    break;
    #####:  289:                case Filepointer::READ:
    #####:  290:                    if (f.mode == CLOSED)
branch  0 never executed
branch  1 never executed
    #####:  291:                        useClosedFileError(tok);
call    0 never executed
branch  1 never executed
branch  2 never executed
    #####:  292:                    else if (f.mode == WRITE_MODE)
branch  0 never executed
branch  1 never executed
    #####:  293:                        readWriteOnlyFileError(tok);
call    0 never executed
branch  1 never executed
branch  2 never executed
    #####:  294:                    else if (f.lastOperation == Filepointer::WRITE)
branch  0 never executed
branch  1 never executed
    #####:  295:                        ioWithoutPositioningError(tok);
call    0 never executed
branch  1 never executed
branch  2 never executed
    #####:  296:                    break;
    #####:  297:                case Filepointer::WRITE:
    #####:  298:                    if (f.mode == CLOSED)
branch  0 never executed
branch  1 never executed
    #####:  299:                        useClosedFileError(tok);
call    0 never executed
branch  1 never executed
branch  2 never executed
    #####:  300:                    else if (f.mode == READ_MODE)
branch  0 never executed
branch  1 never executed
    #####:  301:                        writeReadOnlyFileError(tok);
call    0 never executed
branch  1 never executed
branch  2 never executed
    #####:  302:                    else if (f.lastOperation == Filepointer::READ)
branch  0 never executed
branch  1 never executed
    #####:  303:                        ioWithoutPositioningError(tok);
call    0 never executed
branch  1 never executed
branch  2 never executed
    #####:  304:                    break;
    #####:  305:                case Filepointer::CLOSE:
    #####:  306:                    if (f.mode == CLOSED)
branch  0 never executed
branch  1 never executed
    #####:  307:                        useClosedFileError(tok);
call    0 never executed
branch  1 never executed
branch  2 never executed
        -:  308:                    else
    #####:  309:                        f.mode = CLOSED;
    #####:  310:                    f.mode_indent = indent;
    #####:  311:                    break;
    #####:  312:                case Filepointer::UNIMPORTANT:
    #####:  313:                    if (f.mode == CLOSED)
branch  0 never executed
branch  1 never executed
    #####:  314:                        useClosedFileError(tok);
call    0 never executed
branch  1 never executed
branch  2 never executed
    #####:  315:                    break;
    #####:  316:                case Filepointer::UNKNOWN_OP:
    #####:  317:                    f.mode = UNKNOWN_OM;
    #####:  318:                    f.mode_indent = 0;
    #####:  319:                    break;
    #####:  320:                default:
    #####:  321:                    break;
        -:  322:                }
    #####:  323:                if (operation != Filepointer::NONE && operation != Filepointer::UNIMPORTANT) {
branch  0 never executed
branch  1 never executed
branch  2 never executed
branch  3 never executed
    #####:  324:                    f.op_indent = indent;
    #####:  325:                    f.lastOperation = operation;
call    0 never executed
branch  1 never executed
branch  2 never executed
        -:  326:                }
        -:  327:            }
        -:  328:        }
    #####:  329:        for (std::map<int, Filepointer>::iterator i = filepointers.begin(); i != filepointers.end(); ++i) {
call    0 never executed
call    1 never executed
call    2 never executed
call    3 never executed
branch  4 never executed
branch  5 never executed
call    6 never executed
call    7 never executed
    #####:  330:            i->second.op_indent = 0;
call    0 never executed
    #####:  331:            i->second.mode = UNKNOWN_OM;
call    0 never executed
    #####:  332:            i->second.lastOperation = Filepointer::UNKNOWN_OP;
call    0 never executed
        -:  333:        }
        -:  334:    }
    #####:  335:}
        -:  336:
function _ZN7CheckIO24fflushOnInputStreamErrorEPK5TokenRKNSt7__cxx1112basic_stringIcSt11char_traitsIcESaIcEEE called 0 returned 0% blocks executed 0%
    #####:  337:void CheckIO::fflushOnInputStreamError(const Token *tok, const std::string &varname)
        -:  338:{
    #####:  339:    reportError(tok, Severity::portability,
call    0 never executed
branch  1 never executed
branch  2 never executed
    #####:  340:                "fflushOnInputStream", "fflush() called on input stream '" + varname + "' may result in undefined behaviour on non-linux systems.", CWE398, false);
call    0 never executed
call    1 never executed
branch  2 never executed
branch  3 never executed
call    4 never executed
call    5 never executed
call    6 never executed
call    7 never executed
    #####:  341:}
        -:  342:
function _ZN7CheckIO25ioWithoutPositioningErrorEPK5Token called 0 returned 0% blocks executed 0%
    #####:  343:void CheckIO::ioWithoutPositioningError(const Token *tok)
        -:  344:{
    #####:  345:    reportError(tok, Severity::error,
call    0 never executed
        -:  346:                "IOWithoutPositioning", "Read and write operations without a call to a positioning function (fseek, fsetpos or rewind) or fflush in between result in undefined behaviour.", CWE664, false);
    #####:  347:}
        -:  348:
function _ZN7CheckIO22readWriteOnlyFileErrorEPK5Token called 0 returned 0% blocks executed 0%
    #####:  349:void CheckIO::readWriteOnlyFileError(const Token *tok)
        -:  350:{
    #####:  351:    reportError(tok, Severity::error,
call    0 never executed
        -:  352:                "readWriteOnlyFile", "Read operation on a file that was opened only for writing.", CWE664, false);
    #####:  353:}
        -:  354:
function _ZN7CheckIO22writeReadOnlyFileErrorEPK5Token called 0 returned 0% blocks executed 0%
    #####:  355:void CheckIO::writeReadOnlyFileError(const Token *tok)
        -:  356:{
    #####:  357:    reportError(tok, Severity::error,
call    0 never executed
        -:  358:                "writeReadOnlyFile", "Write operation on a file that was opened only for reading.", CWE664, false);
    #####:  359:}
        -:  360:
function _ZN7CheckIO18useClosedFileErrorEPK5Token called 0 returned 0% blocks executed 0%
    #####:  361:void CheckIO::useClosedFileError(const Token *tok)
        -:  362:{
    #####:  363:    reportError(tok, Severity::error,
call    0 never executed
        -:  364:                "useClosedFile", "Used file that is not opened.", CWE910, false);
    #####:  365:}
        -:  366:
function _ZN7CheckIO23seekOnAppendedFileErrorEPK5Token called 0 returned 0% blocks executed 0%
    #####:  367:void CheckIO::seekOnAppendedFileError(const Token *tok)
        -:  368:{
    #####:  369:    reportError(tok, Severity::warning,
call    0 never executed
        -:  370:                "seekOnAppendedFile", "Repositioning operation performed on a file opened in append mode has no effect.", CWE398, false);
    #####:  371:}
        -:  372:
        -:  373:
        -:  374://---------------------------------------------------------------------------
        -:  375:// scanf without field width limits can crash with huge input data
        -:  376://---------------------------------------------------------------------------
function _ZN7CheckIO12invalidScanfEv called 0 returned 0% blocks executed 0%
    #####:  377:void CheckIO::invalidScanf()
        -:  378:{
    #####:  379:    if (!mSettings->isEnabled(Settings::WARNING))
call    0 never executed
branch  1 never executed
branch  2 never executed
    #####:  380:        return;
        -:  381:
    #####:  382:    const SymbolDatabase * const symbolDatabase = mTokenizer->getSymbolDatabase();
call    0 never executed
    #####:  383:    for (const Scope * scope : symbolDatabase->functionScopes) {
call    0 never executed
call    1 never executed
call    2 never executed
branch  3 never executed
branch  4 never executed
call    5 never executed
call    6 never executed
call    7 never executed
call    8 never executed
call    9 never executed
call   10 never executed
    #####:  384:        for (const Token *tok = scope->bodyStart->next(); tok != scope->bodyEnd; tok = tok->next()) {
call    0 never executed
branch  1 never executed
branch  2 never executed
call    3 never executed
    #####:  385:            const Token *formatToken = nullptr;
    #####:  386:            if (Token::Match(tok, "scanf|vscanf ( %str% ,"))
call    0 never executed
branch  1 never executed
branch  2 never executed
branch  3 never executed
branch  4 never executed
    #####:  387:                formatToken = tok->tokAt(2);
call    0 never executed
branch  1 never executed
branch  2 never executed
    #####:  388:            else if (Token::Match(tok, "sscanf|vsscanf|fscanf|vfscanf (")) {
call    0 never executed
branch  1 never executed
branch  2 never executed
branch  3 never executed
branch  4 never executed
    #####:  389:                const Token* nextArg = tok->tokAt(2)->nextArgument();
call    0 never executed
branch  1 never executed
branch  2 never executed
call    3 never executed
branch  4 never executed
branch  5 never executed
    #####:  390:                if (nextArg && nextArg->tokType() == Token::eString)
branch  0 never executed
branch  1 never executed
call    2 never executed
branch  3 never executed
branch  4 never executed
branch  5 never executed
branch  6 never executed
    #####:  391:                    formatToken = nextArg;
        -:  392:                else
    #####:  393:                    continue;
        -:  394:            } else
    #####:  395:                continue;
        -:  396:
    #####:  397:            bool format = false;
        -:  398:
        -:  399:            // scan the string backwards, so we do not need to keep states
    #####:  400:            const std::string &formatstr(formatToken->str());
call    0 never executed
    #####:  401:            for (std::size_t i = 1; i < formatstr.length(); i++) {
call    0 never executed
branch  1 never executed
branch  2 never executed
    #####:  402:                if (formatstr[i] == '%')
call    0 never executed
branch  1 never executed
branch  2 never executed
    #####:  403:                    format = !format;
        -:  404:
    #####:  405:                else if (!format)
branch  0 never executed
branch  1 never executed
    #####:  406:                    continue;
        -:  407:
    #####:  408:                else if (std::isdigit(formatstr[i]) || formatstr[i] == '*') {
call    0 never executed
branch  1 never executed
branch  2 never executed
call    3 never executed
branch  4 never executed
branch  5 never executed
branch  6 never executed
branch  7 never executed
    #####:  409:                    format = false;
        -:  410:                }
        -:  411:
    #####:  412:                else if (std::isalpha((unsigned char)formatstr[i]) || formatstr[i] == '[') {
call    0 never executed
branch  1 never executed
branch  2 never executed
call    3 never executed
branch  4 never executed
branch  5 never executed
branch  6 never executed
branch  7 never executed
    #####:  413:                    if (formatstr[i] == 's' || formatstr[i] == '[' || formatstr[i] == 'S' || (formatstr[i] == 'l' && formatstr[i+1] == 's'))  // #3490 - field width limits are only necessary for string input
call    0 never executed
branch  1 never executed
branch  2 never executed
call    3 never executed
branch  4 never executed
branch  5 never executed
call    6 never executed
branch  7 never executed
branch  8 never executed
call    9 never executed
branch 10 never executed
branch 11 never executed
call   12 never executed
branch 13 never executed
branch 14 never executed
branch 15 never executed
branch 16 never executed
    #####:  414:                        invalidScanfError(tok);
call    0 never executed
branch  1 never executed
branch  2 never executed
    #####:  415:                    format = false;
        -:  416:                }
        -:  417:            }
        -:  418:        }
        -:  419:    }
        -:  420:}
        -:  421:
function _ZN7CheckIO17invalidScanfErrorEPK5Token called 0 returned 0% blocks executed 0%
    #####:  422:void CheckIO::invalidScanfError(const Token *tok)
        -:  423:{
    #####:  424:    const std::string fname = (tok ? tok->str() : std::string("scanf"));
branch  0 never executed
branch  1 never executed
call    2 never executed
call    3 never executed
branch  4 never executed
branch  5 never executed
call    6 never executed
call    7 never executed
branch  8 never executed
branch  9 never executed
branch 10 never executed
branch 11 never executed
call   12 never executed
call   13 never executed
branch 14 never executed
branch 15 never executed
call   16 never executed
call   17 never executed
    #####:  425:    reportError(tok, Severity::warning,
call    0 never executed
branch  1 never executed
branch  2 never executed
    #####:  426:                "invalidscanf", fname + "() without field width limits can crash with huge input data.\n" +
call    0 never executed
branch  1 never executed
branch  2 never executed
call    3 never executed
branch  4 never executed
branch  5 never executed
call    6 never executed
call    7 never executed
call    8 never executed
call    9 never executed
    #####:  427:                fname + "() without field width limits can crash with huge input data. Add a field width "
call    0 never executed
branch  1 never executed
branch  2 never executed
call    3 never executed
call    4 never executed
        -:  428:                "specifier to fix this problem.\n"
        -:  429:                "\n"
        -:  430:                "Sample program that can crash:\n"
        -:  431:                "\n"
        -:  432:                "#include <stdio.h>\n"
        -:  433:                "int main()\n"
        -:  434:                "{\n"
        -:  435:                "    char c[5];\n"
        -:  436:                "    scanf(\"%s\", c);\n"
        -:  437:                "    return 0;\n"
        -:  438:                "}\n"
        -:  439:                "\n"
        -:  440:                "Typing in 5 or more characters may make the program crash. The correct usage "
        -:  441:                "here is 'scanf(\"%4s\", c);', as the maximum field width does not include the "
        -:  442:                "terminating null byte.\n"
        -:  443:                "Source: http://linux.die.net/man/3/scanf\n"
        -:  444:                "Source: http://www.opensource.apple.com/source/xnu/xnu-1456.1.26/libkern/stdio/scanf.c",
        -:  445:                CWE119, false);
    #####:  446:}
        -:  447:
        -:  448://---------------------------------------------------------------------------
        -:  449://    printf("%u", "xyz"); // Wrong argument type
        -:  450://    printf("%u%s", 1); // Too few arguments
        -:  451://    printf("", 1); // Too much arguments
        -:  452://---------------------------------------------------------------------------
        -:  453:
function _ZL10findFormatiPK5TokenPS1_S2_ called 0 returned 0% blocks executed 0%
    #####:  454:static bool findFormat(nonneg int arg, const Token *firstArg,
        -:  455:                       const Token **formatStringTok, const Token **formatArgTok)
        -:  456:{
    #####:  457:    const Token* argTok = firstArg;
        -:  458:
    #####:  459:    for (int i = 0; i < arg && argTok; ++i)
branch  0 never executed
branch  1 never executed
branch  2 never executed
branch  3 never executed
    #####:  460:        argTok = argTok->nextArgument();
call    0 never executed
        -:  461:
    #####:  462:    if (Token::Match(argTok, "%str% [,)]")) {
call    0 never executed
branch  1 never executed
branch  2 never executed
    #####:  463:        *formatArgTok = argTok->nextArgument();
call    0 never executed
    #####:  464:        *formatStringTok = argTok;
    #####:  465:        return true;
    #####:  466:    } else if (Token::Match(argTok, "%var% [,)]") &&
call    0 never executed
branch  1 never executed
branch  2 never executed
branch  3 never executed
branch  4 never executed
    #####:  467:               argTok->variable() &&
call    0 never executed
branch  1 never executed
branch  2 never executed
    #####:  468:               Token::Match(argTok->variable()->typeStartToken(), "char|wchar_t") &&
branch  0 never executed
branch  1 never executed
call    2 never executed
call    3 never executed
call    4 never executed
branch  5 never executed
branch  6 never executed
    #####:  469:               (argTok->variable()->isPointer() ||
call    0 never executed
call    1 never executed
branch  2 never executed
branch  3 never executed
    #####:  470:                (argTok->variable()->dimensions().size() == 1 &&
call    0 never executed
call    1 never executed
call    2 never executed
branch  3 never executed
branch  4 never executed
    #####:  471:                 argTok->variable()->dimensionKnown(0) &&
call    0 never executed
call    1 never executed
branch  2 never executed
branch  3 never executed
    #####:  472:                 argTok->variable()->dimension(0) != 0))) {
call    0 never executed
call    1 never executed
    #####:  473:        *formatArgTok = argTok->nextArgument();
call    0 never executed
    #####:  474:        if (!argTok->values().empty()) {
call    0 never executed
call    1 never executed
branch  2 never executed
branch  3 never executed
        -:  475:            std::list<ValueFlow::Value>::const_iterator value = std::find_if(
    #####:  476:                        argTok->values().begin(), argTok->values().end(), std::mem_fn(&ValueFlow::Value::isTokValue));
call    0 never executed
call    1 never executed
call    2 never executed
call    3 never executed
call    4 never executed
call    5 never executed
branch  6 never executed
branch  7 never executed
call    8 never executed
call    9 never executed
call   10 never executed
call   11 never executed
    #####:  477:            if (value != argTok->values().end() && value->isTokValue() && value->tokvalue &&
call    0 never executed
call    1 never executed
call    2 never executed
branch  3 never executed
branch  4 never executed
call    5 never executed
call    6 never executed
branch  7 never executed
branch  8 never executed
call    9 never executed
branch 10 never executed
branch 11 never executed
branch 12 never executed
branch 13 never executed
branch 14 never executed
branch 15 never executed
call   16 never executed
branch 17 never executed
branch 18 never executed
    #####:  478:                value->tokvalue->tokType() == Token::eString) {
call    0 never executed
call    1 never executed
    #####:  479:                *formatStringTok = value->tokvalue;
call    0 never executed
        -:  480:            }
        -:  481:        }
    #####:  482:        return true;
        -:  483:    }
    #####:  484:    return false;
call    0 never executed
        -:  485:}
        -:  486:
        -:  487:// Utility function returning whether iToTest equals iTypename or iOptionalPrefix+iTypename
function _ZL10typesMatchRKNSt7__cxx1112basic_stringIcSt11char_traitsIcESaIcEEES6_S6_ called 0 returned 0% blocks executed 0%
    #####:  488:static inline bool typesMatch(const std::string& iToTest, const std::string& iTypename, const std::string& iOptionalPrefix = "std::")
        -:  489:{
    #####:  490:    return (iToTest == iTypename) || (iToTest == iOptionalPrefix + iTypename);
call    0 never executed
branch  1 never executed
branch  2 never executed
call    3 never executed
branch  4 never executed
branch  5 never executed
call    6 never executed
branch  7 never executed
branch  8 never executed
branch  9 never executed
branch 10 never executed
call   11 never executed
branch 12 never executed
branch 13 never executed
call   14 never executed
        -:  491:}
        -:  492:
function _ZN7CheckIO30checkWrongPrintfScanfArgumentsEv called 0 returned 0% blocks executed 0%
    #####:  493:void CheckIO::checkWrongPrintfScanfArguments()
        -:  494:{
    #####:  495:    const SymbolDatabase *symbolDatabase = mTokenizer->getSymbolDatabase();
call    0 never executed
    #####:  496:    const bool isWindows = mSettings->isWindowsPlatform();
call    0 never executed
        -:  497:
    #####:  498:    for (const Scope * scope : symbolDatabase->functionScopes) {
call    0 never executed
call    1 never executed
call    2 never executed
branch  3 never executed
branch  4 never executed
call    5 never executed
call    6 never executed
call    7 never executed
call    8 never executed
call    9 never executed
call   10 never executed
    #####:  499:        for (const Token *tok = scope->bodyStart->next(); tok != scope->bodyEnd; tok = tok->next()) {
call    0 never executed
branch  1 never executed
branch  2 never executed
call    3 never executed
    #####:  500:            if (!tok->isName()) continue;
call    0 never executed
branch  1 never executed
branch  2 never executed
branch  3 never executed
branch  4 never executed
        -:  501:
    #####:  502:            const Token* argListTok = nullptr; // Points to first va_list argument
    #####:  503:            const Token* formatStringTok = nullptr; // Points to format string token
        -:  504:
    #####:  505:            bool scan = false;
    #####:  506:            bool scanf_s = false;
    #####:  507:            int formatStringArgNo = -1;
        -:  508:
    #####:  509:            if (tok->strAt(1) == "(" && mSettings->library.formatstr_function(tok)) {
call    0 never executed
branch  1 never executed
branch  2 never executed
call    3 never executed
branch  4 never executed
branch  5 never executed
call    6 never executed
branch  7 never executed
branch  8 never executed
branch  9 never executed
branch 10 never executed
branch 11 never executed
branch 12 never executed
    #####:  510:                formatStringArgNo = mSettings->library.formatstr_argno(tok);
call    0 never executed
branch  1 never executed
branch  2 never executed
    #####:  511:                scan = mSettings->library.formatstr_scan(tok);
call    0 never executed
branch  1 never executed
branch  2 never executed
    #####:  512:                scanf_s = mSettings->library.formatstr_secure(tok);
call    0 never executed
branch  1 never executed
branch  2 never executed
        -:  513:            }
        -:  514:
    #####:  515:            if (formatStringArgNo >= 0) {
branch  0 never executed
branch  1 never executed
        -:  516:                // formatstring found in library. Find format string and first argument belonging to format string.
    #####:  517:                if (!findFormat(formatStringArgNo, tok->tokAt(2), &formatStringTok, &argListTok))
call    0 never executed
branch  1 never executed
branch  2 never executed
call    3 never executed
branch  4 never executed
branch  5 never executed
branch  6 never executed
branch  7 never executed
    #####:  518:                    continue;
    #####:  519:            } else if (Token::simpleMatch(tok, "swprintf (")) {
call    0 never executed
branch  1 never executed
branch  2 never executed
branch  3 never executed
branch  4 never executed
    #####:  520:                if (Token::Match(tok->tokAt(2)->nextArgument(), "%str%")) {
call    0 never executed
branch  1 never executed
branch  2 never executed
call    3 never executed
branch  4 never executed
branch  5 never executed
call    6 never executed
branch  7 never executed
branch  8 never executed
branch  9 never executed
branch 10 never executed
        -:  521:                    // Find third parameter and format string
    #####:  522:                    if (!findFormat(1, tok->tokAt(2), &formatStringTok, &argListTok))
call    0 never executed
branch  1 never executed
branch  2 never executed
call    3 never executed
branch  4 never executed
branch  5 never executed
branch  6 never executed
branch  7 never executed
    #####:  523:                        continue;
        -:  524:                } else {
        -:  525:                    // Find fourth parameter and format string
    #####:  526:                    if (!findFormat(2, tok->tokAt(2), &formatStringTok, &argListTok))
call    0 never executed
branch  1 never executed
branch  2 never executed
call    3 never executed
branch  4 never executed
branch  5 never executed
branch  6 never executed
branch  7 never executed
    #####:  527:                        continue;
        -:  528:                }
    #####:  529:            } else if (isWindows && Token::Match(tok, "sprintf_s|swprintf_s (")) {
branch  0 never executed
branch  1 never executed
call    2 never executed
branch  3 never executed
branch  4 never executed
branch  5 never executed
branch  6 never executed
branch  7 never executed
branch  8 never executed
        -:  530:                // template <size_t size> int sprintf_s(char (&buffer)[size], const char *format, ...);
    #####:  531:                if (findFormat(1, tok->tokAt(2), &formatStringTok, &argListTok)) {
call    0 never executed
branch  1 never executed
branch  2 never executed
call    3 never executed
branch  4 never executed
branch  5 never executed
branch  6 never executed
branch  7 never executed
    #####:  532:                    if (!formatStringTok)
branch  0 never executed
branch  1 never executed
    #####:  533:                        continue;
        -:  534:                }
        -:  535:                // int sprintf_s(char *buffer, size_t sizeOfBuffer, const char *format, ...);
    #####:  536:                else if (findFormat(2, tok->tokAt(2), &formatStringTok, &argListTok)) {
call    0 never executed
branch  1 never executed
branch  2 never executed
call    3 never executed
branch  4 never executed
branch  5 never executed
branch  6 never executed
branch  7 never executed
    #####:  537:                    if (!formatStringTok)
branch  0 never executed
branch  1 never executed
    #####:  538:                        continue;
        -:  539:                }
    #####:  540:            } else if (isWindows && Token::Match(tok, "_snprintf_s|_snwprintf_s (")) {
branch  0 never executed
branch  1 never executed
call    2 never executed
branch  3 never executed
branch  4 never executed
branch  5 never executed
branch  6 never executed
branch  7 never executed
branch  8 never executed
        -:  541:                // template <size_t size> int _snprintf_s(char (&buffer)[size], size_t count, const char *format, ...);
    #####:  542:                if (findFormat(2, tok->tokAt(2), &formatStringTok, &argListTok)) {
call    0 never executed
branch  1 never executed
branch  2 never executed
call    3 never executed
branch  4 never executed
branch  5 never executed
branch  6 never executed
branch  7 never executed
    #####:  543:                    if (!formatStringTok)
branch  0 never executed
branch  1 never executed
    #####:  544:                        continue;
        -:  545:                }
        -:  546:                // int _snprintf_s(char *buffer, size_t sizeOfBuffer, size_t count, const char *format, ...);
    #####:  547:                else if (findFormat(3, tok->tokAt(2), &formatStringTok, &argListTok)) {
call    0 never executed
branch  1 never executed
branch  2 never executed
call    3 never executed
branch  4 never executed
branch  5 never executed
branch  6 never executed
branch  7 never executed
    #####:  548:                    if (!formatStringTok)
branch  0 never executed
branch  1 never executed
    #####:  549:                        continue;
        -:  550:                }
        -:  551:            } else {
    #####:  552:                continue;
        -:  553:            }
        -:  554:
    #####:  555:            if (!formatStringTok)
branch  0 never executed
branch  1 never executed
    #####:  556:                continue;
        -:  557:
    #####:  558:            checkFormatString(tok, formatStringTok, argListTok, scan, scanf_s);
call    0 never executed
branch  1 never executed
branch  2 never executed
        -:  559:        }
        -:  560:    }
    #####:  561:}
        -:  562:
function _ZN7CheckIO17checkFormatStringEPK5TokenS2_S2_bb called 0 returned 0% blocks executed 0%
    #####:  563:void CheckIO::checkFormatString(const Token * const tok,
        -:  564:                                const Token * const formatStringTok,
        -:  565:                                const Token *       argListTok,
        -:  566:                                const bool scan,
        -:  567:                                const bool scanf_s)
        -:  568:{
    #####:  569:    const bool printWarning = mSettings->isEnabled(Settings::WARNING);
call    0 never executed
    #####:  570:    const std::string &formatString = formatStringTok->str();
call    0 never executed
        -:  571:
        -:  572:    // Count format string parameters..
    #####:  573:    int numFormat = 0;
    #####:  574:    int numSecure = 0;
    #####:  575:    bool percent = false;
    #####:  576:    const Token* argListTok2 = argListTok;
    #####:  577:    std::set<int> parameterPositionsUsed;
call    0 never executed
call    1 never executed
call    2 never executed
    #####:  578:    for (std::string::const_iterator i = formatString.begin(); i != formatString.end(); ++i) {
call    0 never executed
call    1 never executed
call    2 never executed
branch  3 never executed
branch  4 never executed
call    5 never executed
    #####:  579:        if (*i == '%') {
call    0 never executed
branch  1 never executed
branch  2 never executed
    #####:  580:            percent = !percent;
    #####:  581:        } else if (percent && *i == '[') {
branch  0 never executed
branch  1 never executed
call    2 never executed
branch  3 never executed
branch  4 never executed
branch  5 never executed
branch  6 never executed
    #####:  582:            while (i != formatString.end()) {
call    0 never executed
call    1 never executed
branch  2 never executed
branch  3 never executed
    #####:  583:                if (*i == ']') {
call    0 never executed
branch  1 never executed
branch  2 never executed
    #####:  584:                    numFormat++;
    #####:  585:                    if (argListTok)
branch  0 never executed
branch  1 never executed
    #####:  586:                        argListTok = argListTok->nextArgument();
call    0 never executed
branch  1 never executed
branch  2 never executed
    #####:  587:                    percent = false;
    #####:  588:                    break;
        -:  589:                }
    #####:  590:                ++i;
call    0 never executed
        -:  591:            }
    #####:  592:            if (scanf_s) {
branch  0 never executed
branch  1 never executed
    #####:  593:                numSecure++;
    #####:  594:                if (argListTok) {
branch  0 never executed
branch  1 never executed
    #####:  595:                    argListTok = argListTok->nextArgument();
call    0 never executed
branch  1 never executed
branch  2 never executed
        -:  596:                }
        -:  597:            }
    #####:  598:            if (i == formatString.end())
call    0 never executed
call    1 never executed
branch  2 never executed
branch  3 never executed
    #####:  599:                break;
    #####:  600:        } else if (percent) {
branch  0 never executed
branch  1 never executed
    #####:  601:            percent = false;
        -:  602:
    #####:  603:            bool _continue = false;
    #####:  604:            bool skip = false;
    #####:  605:            std::string width;
call    0 never executed
call    1 never executed
    #####:  606:            int parameterPosition = 0;
    #####:  607:            bool hasParameterPosition = false;
    #####:  608:            while (i != formatString.end() && *i != '[' && !std::isalpha((unsigned char)*i)) {
call    0 never executed
call    1 never executed
branch  2 never executed
branch  3 never executed
call    4 never executed
branch  5 never executed
branch  6 never executed
call    7 never executed
branch  8 never executed
branch  9 never executed
branch 10 never executed
branch 11 never executed
    #####:  609:                if (*i == '*') {
call    0 never executed
branch  1 never executed
branch  2 never executed
    #####:  610:                    skip = true;
    #####:  611:                    if (scan)
branch  0 never executed
branch  1 never executed
    #####:  612:                        _continue = true;
        -:  613:                    else {
    #####:  614:                        numFormat++;
    #####:  615:                        if (argListTok)
branch  0 never executed
branch  1 never executed
    #####:  616:                            argListTok = argListTok->nextArgument();
call    0 never executed
branch  1 never executed
branch  2 never executed
        -:  617:                    }
    #####:  618:                } else if (std::isdigit(*i)) {
call    0 never executed
branch  1 never executed
branch  2 never executed
branch  3 never executed
branch  4 never executed
    #####:  619:                    width += *i;
call    0 never executed
call    1 never executed
branch  2 never executed
branch  3 never executed
    #####:  620:                } else if (*i == '$') {
call    0 never executed
branch  1 never executed
branch  2 never executed
    #####:  621:                    parameterPosition = std::atoi(width.c_str());
call    0 never executed
    #####:  622:                    hasParameterPosition = true;
    #####:  623:                    width.clear();
call    0 never executed
        -:  624:                }
    #####:  625:                ++i;
call    0 never executed
        -:  626:            }
    #####:  627:            if (i != formatString.end() && *i == '[') {
call    0 never executed
call    1 never executed
branch  2 never executed
branch  3 never executed
call    4 never executed
branch  5 never executed
branch  6 never executed
branch  7 never executed
branch  8 never executed
    #####:  628:                while (i != formatString.end()) {
call    0 never executed
call    1 never executed
branch  2 never executed
branch  3 never executed
    #####:  629:                    if (*i == ']') {
call    0 never executed
branch  1 never executed
branch  2 never executed
    #####:  630:                        if (!skip) {
branch  0 never executed
branch  1 never executed
    #####:  631:                            numFormat++;
    #####:  632:                            if (argListTok)
branch  0 never executed
branch  1 never executed
    #####:  633:                                argListTok = argListTok->nextArgument();
call    0 never executed
branch  1 never executed
branch  2 never executed
        -:  634:                        }
    #####:  635:                        break;
        -:  636:                    }
    #####:  637:                    ++i;
call    0 never executed
        -:  638:                }
    #####:  639:                if (scanf_s && !skip) {
branch  0 never executed
branch  1 never executed
branch  2 never executed
branch  3 never executed
    #####:  640:                    numSecure++;
    #####:  641:                    if (argListTok) {
branch  0 never executed
branch  1 never executed
    #####:  642:                        argListTok = argListTok->nextArgument();
call    0 never executed
branch  1 never executed
branch  2 never executed
        -:  643:                    }
        -:  644:                }
    #####:  645:                _continue = true;
        -:  646:            }
    #####:  647:            if (i == formatString.end())
call    0 never executed
call    1 never executed
branch  2 never executed
branch  3 never executed
    #####:  648:                break;
    #####:  649:            if (_continue)
branch  0 never executed
branch  1 never executed
    #####:  650:                continue;
        -:  651:
    #####:  652:            if (scan || *i != 'm') { // %m is a non-standard extension that requires no parameter on print functions.
branch  0 never executed
branch  1 never executed
call    2 never executed
branch  3 never executed
branch  4 never executed
branch  5 never executed
branch  6 never executed
    #####:  653:                ++numFormat;
        -:  654:
        -:  655:                // Handle parameter positions (POSIX extension) - Ticket #4900
    #####:  656:                if (hasParameterPosition) {
branch  0 never executed
branch  1 never executed
    #####:  657:                    if (parameterPositionsUsed.find(parameterPosition) == parameterPositionsUsed.end())
call    0 never executed
call    1 never executed
branch  2 never executed
branch  3 never executed
call    4 never executed
call    5 never executed
call    6 never executed
branch  7 never executed
branch  8 never executed
call    9 never executed
    #####:  658:                        parameterPositionsUsed.insert(parameterPosition);
call    0 never executed
branch  1 never executed
branch  2 never executed
call    3 never executed
        -:  659:                    else // Parameter already referenced, hence don't consider it a new format
    #####:  660:                        --numFormat;
        -:  661:                }
        -:  662:
[...]
call    0 never executed
branch  1 never executed
branch  2 never executed
    #####: 1861:        os << (isUnsigned ? "unsigned " : "") << "long long";
branch  0 never executed
branch  1 never executed
call    2 never executed
call    3 never executed
        -: 1862:    } else {
    #####: 1863:        os << (isUnsigned ? "unsigned " : "") << "int";
branch  0 never executed
branch  1 never executed
call    2 never executed
call    3 never executed
        -: 1864:    }
    #####: 1865:    os << "\'";
call    0 never executed
    #####: 1866:}
        -: 1867:
function _ZN7CheckIO30invalidPrintfArgTypeError_uintEPK5TokeniRKNSt7__cxx1112basic_stringIcSt11char_traitsIcESaIcEEEPKNS_12ArgumentInfoE called 0 returned 0% blocks executed 0%
    #####: 1868:void CheckIO::invalidPrintfArgTypeError_uint(const Token* tok, nonneg int numFormat, const std::string& specifier, const ArgumentInfo* argInfo)
        -: 1869:{
    #####: 1870:    const Severity::SeverityType severity = getSeverity(argInfo);
call    0 never executed
    #####: 1871:    if (!mSettings->isEnabled(severity))
call    0 never executed
branch  1 never executed
branch  2 never executed
branch  3 never executed
branch  4 never executed
    #####: 1872:        return;
    #####: 1873:    std::ostringstream errmsg;
call    0 never executed
branch  1 never executed
branch  2 never executed
call    3 never executed
call    4 never executed
    #####: 1874:    errmsg << "%" << specifier << " in format string (no. " << numFormat << ") requires ";
call    0 never executed
branch  1 never executed
branch  2 never executed
call    3 never executed
branch  4 never executed
branch  5 never executed
call    6 never executed
branch  7 never executed
branch  8 never executed
call    9 never executed
branch 10 never executed
branch 11 never executed
call   12 never executed
branch 13 never executed
branch 14 never executed
    #####: 1875:    printfFormatType(errmsg, specifier, true);
call    0 never executed
branch  1 never executed
branch  2 never executed
    #####: 1876:    errmsg << " but the argument type is ";
call    0 never executed
branch  1 never executed
branch  2 never executed
    #####: 1877:    argumentType(errmsg, argInfo);
call    0 never executed
branch  1 never executed
branch  2 never executed
    #####: 1878:    errmsg << ".";
call    0 never executed
branch  1 never executed
branch  2 never executed
    #####: 1879:    reportError(tok, severity, "invalidPrintfArgType_uint", errmsg.str(), CWE686, false);
call    0 never executed
branch  1 never executed
branch  2 never executed
call    3 never executed
branch  4 never executed
branch  5 never executed
call    6 never executed
call    7 never executed
        -: 1880:}
        -: 1881:
function _ZN7CheckIO30invalidPrintfArgTypeError_sintEPK5TokeniRKNSt7__cxx1112basic_stringIcSt11char_traitsIcESaIcEEEPKNS_12ArgumentInfoE called 0 returned 0% blocks executed 0%
    #####: 1882:void CheckIO::invalidPrintfArgTypeError_sint(const Token* tok, nonneg int numFormat, const std::string& specifier, const ArgumentInfo* argInfo)
        -: 1883:{
    #####: 1884:    const Severity::SeverityType severity = getSeverity(argInfo);
call    0 never executed
    #####: 1885:    if (!mSettings->isEnabled(severity))
call    0 never executed
branch  1 never executed
branch  2 never executed
branch  3 never executed
branch  4 never executed
    #####: 1886:        return;
    #####: 1887:    std::ostringstream errmsg;
call    0 never executed
branch  1 never executed
branch  2 never executed
call    3 never executed
call    4 never executed
    #####: 1888:    errmsg << "%" << specifier << " in format string (no. " << numFormat << ") requires ";
call    0 never executed
branch  1 never executed
branch  2 never executed
call    3 never executed
branch  4 never executed
branch  5 never executed
call    6 never executed
branch  7 never executed
branch  8 never executed
call    9 never executed
branch 10 never executed
branch 11 never executed
call   12 never executed
branch 13 never executed
branch 14 never executed
    #####: 1889:    printfFormatType(errmsg, specifier, false);
call    0 never executed
branch  1 never executed
branch  2 never executed
    #####: 1890:    errmsg << " but the argument type is ";
call    0 never executed
branch  1 never executed
branch  2 never executed
    #####: 1891:    argumentType(errmsg, argInfo);
call    0 never executed
branch  1 never executed
branch  2 never executed
    #####: 1892:    errmsg << ".";
call    0 never executed
branch  1 never executed
branch  2 never executed
    #####: 1893:    reportError(tok, severity, "invalidPrintfArgType_sint", errmsg.str(), CWE686, false);
call    0 never executed
branch  1 never executed
branch  2 never executed
call    3 never executed
branch  4 never executed
branch  5 never executed
call    6 never executed
call    7 never executed
        -: 1894:}
function _ZN7CheckIO31invalidPrintfArgTypeError_floatEPK5TokeniRKNSt7__cxx1112basic_stringIcSt11char_traitsIcESaIcEEEPKNS_12ArgumentInfoE called 0 returned 0% blocks executed 0%
    #####: 1895:void CheckIO::invalidPrintfArgTypeError_float(const Token* tok, nonneg int numFormat, const std::string& specifier, const ArgumentInfo* argInfo)
        -: 1896:{
    #####: 1897:    const Severity::SeverityType severity = getSeverity(argInfo);
call    0 never executed
    #####: 1898:    if (!mSettings->isEnabled(severity))
call    0 never executed
branch  1 never executed
branch  2 never executed
branch  3 never executed
branch  4 never executed
    #####: 1899:        return;
    #####: 1900:    std::ostringstream errmsg;
call    0 never executed
branch  1 never executed
branch  2 never executed
call    3 never executed
call    4 never executed
    #####: 1901:    errmsg << "%" << specifier << " in format string (no. " << numFormat << ") requires \'";
call    0 never executed
branch  1 never executed
branch  2 never executed
call    3 never executed
branch  4 never executed
branch  5 never executed
call    6 never executed
branch  7 never executed
branch  8 never executed
call    9 never executed
branch 10 never executed
branch 11 never executed
call   12 never executed
branch 13 never executed
branch 14 never executed
    #####: 1902:    if (specifier[0] == 'L')
call    0 never executed
branch  1 never executed
branch  2 never executed
    #####: 1903:        errmsg << "long ";
call    0 never executed
branch  1 never executed
branch  2 never executed
    #####: 1904:    errmsg << "double\' but the argument type is ";
call    0 never executed
branch  1 never executed
branch  2 never executed
    #####: 1905:    argumentType(errmsg, argInfo);
call    0 never executed
branch  1 never executed
branch  2 never executed
    #####: 1906:    errmsg << ".";
call    0 never executed
branch  1 never executed
branch  2 never executed
    #####: 1907:    reportError(tok, severity, "invalidPrintfArgType_float", errmsg.str(), CWE686, false);
call    0 never executed
branch  1 never executed
branch  2 never executed
call    3 never executed
branch  4 never executed
branch  5 never executed
call    6 never executed
call    7 never executed
        -: 1908:}
        -: 1909:
function _ZN7CheckIO11getSeverityEPKNS_12ArgumentInfoE called 0 returned 0% blocks executed 0%
    #####: 1910:Severity::SeverityType CheckIO::getSeverity(const CheckIO::ArgumentInfo *argInfo)
        -: 1911:{
    #####: 1912:    return (argInfo && argInfo->typeToken && !argInfo->typeToken->originalName().empty()) ? Severity::portability : Severity::warning;
branch  0 never executed
branch  1 never executed
branch  2 never executed
branch  3 never executed
call    4 never executed
call    5 never executed
branch  6 never executed
branch  7 never executed
        -: 1913:}
        -: 1914:
function _ZN7CheckIO12argumentTypeERSoPKNS_12ArgumentInfoE called 0 returned 0% blocks executed 0%
    #####: 1915:void CheckIO::argumentType(std::ostream& os, const ArgumentInfo * argInfo)
        -: 1916:{
    #####: 1917:    if (argInfo) {
branch  0 never executed
branch  1 never executed
    #####: 1918:        os << "\'";
call    0 never executed
    #####: 1919:        const Token *type = argInfo->typeToken;
    #####: 1920:        if (type->tokType() == Token::eString) {
call    0 never executed
branch  1 never executed
branch  2 never executed
    #####: 1921:            if (type->isLong())
call    0 never executed
branch  1 never executed
branch  2 never executed
    #####: 1922:                os << "const wchar_t *";
call    0 never executed
        -: 1923:            else
    #####: 1924:                os << "const char *";
call    0 never executed
        -: 1925:        } else {
    #####: 1926:            if (type->originalName().empty()) {
call    0 never executed
call    1 never executed
branch  2 never executed
branch  3 never executed
    #####: 1927:                if (type->strAt(-1) == "const")
call    0 never executed
call    1 never executed
branch  2 never executed
branch  3 never executed
    #####: 1928:                    os << "const ";
call    0 never executed
    #####: 1929:                while (Token::Match(type, "const|struct")) {
call    0 never executed
branch  1 never executed
branch  2 never executed
    #####: 1930:                    os << type->str() << " ";
call    0 never executed
call    1 never executed
call    2 never executed
    #####: 1931:                    type = type->next();
call    0 never executed
        -: 1932:                }
    #####: 1933:                while (Token::Match(type, "%any% ::")) {
call    0 never executed
branch  1 never executed
branch  2 never executed
    #####: 1934:                    os << type->str() << "::";
call    0 never executed
call    1 never executed
call    2 never executed
    #####: 1935:                    type = type->tokAt(2);
call    0 never executed
        -: 1936:                }
    #####: 1937:                type->stringify(os, false, true, false);
call    0 never executed
    #####: 1938:                if (type->strAt(1) == "*" && !argInfo->element)
call    0 never executed
call    1 never executed
branch  2 never executed
branch  3 never executed
branch  4 never executed
branch  5 never executed
branch  6 never executed
branch  7 never executed
    #####: 1939:                    os << " *";
call    0 never executed
    #####: 1940:                else if (argInfo->variableInfo && !argInfo->element && argInfo->variableInfo->isArray())
branch  0 never executed
branch  1 never executed
branch  2 never executed
branch  3 never executed
call    4 never executed
branch  5 never executed
branch  6 never executed
branch  7 never executed
branch  8 never executed
    #####: 1941:                    os << " *";
call    0 never executed
    #####: 1942:                else if (type->strAt(1) == "*" && argInfo->variableInfo && argInfo->element && argInfo->variableInfo->isArray())
call    0 never executed
call    1 never executed
branch  2 never executed
branch  3 never executed
branch  4 never executed
branch  5 never executed
branch  6 never executed
branch  7 never executed
call    8 never executed
branch  9 never executed
branch 10 never executed
branch 11 never executed
branch 12 never executed
    #####: 1943:                    os << " *";
call    0 never executed
    #####: 1944:                if (argInfo->address)
branch  0 never executed
branch  1 never executed
    #####: 1945:                    os << " *";
call    0 never executed
        -: 1946:            } else {
    #####: 1947:                if (type->isUnsigned()) {
call    0 never executed
branch  1 never executed
branch  2 never executed
    #####: 1948:                    if (type->originalName() == "__int64" || type->originalName() == "__int32" || type->originalName() == "ptrdiff_t")
call    0 never executed
call    1 never executed
branch  2 never executed
branch  3 never executed
call    4 never executed
call    5 never executed
branch  6 never executed
branch  7 never executed
call    8 never executed
call    9 never executed
branch 10 never executed
branch 11 never executed
branch 12 never executed
branch 13 never executed
    #####: 1949:                        os << "unsigned ";
call    0 never executed
        -: 1950:                }
    #####: 1951:                os << type->originalName();
call    0 never executed
call    1 never executed
    #####: 1952:                if (type->strAt(1) == "*" || argInfo->address)
call    0 never executed
call    1 never executed
branch  2 never executed
branch  3 never executed
branch  4 never executed
branch  5 never executed
branch  6 never executed
branch  7 never executed
    #####: 1953:                    os << " *";
call    0 never executed
    #####: 1954:                os << " {aka ";
call    0 never executed
    #####: 1955:                type->stringify(os, false, true, false);
call    0 never executed
    #####: 1956:                if (type->strAt(1) == "*" || argInfo->address)
call    0 never executed
call    1 never executed
branch  2 never executed
branch  3 never executed
branch  4 never executed
branch  5 never executed
branch  6 never executed
branch  7 never executed
    #####: 1957:                    os << " *";
call    0 never executed
    #####: 1958:                os << "}";
call    0 never executed
        -: 1959:            }
        -: 1960:        }
    #####: 1961:        os << "\'";
call    0 never executed
        -: 1962:    } else
    #####: 1963:        os << "Unknown";
call    0 never executed
    #####: 1964:}
        -: 1965:
function _ZN7CheckIO26invalidLengthModifierErrorEPK5TokeniRKNSt7__cxx1112basic_stringIcSt11char_traitsIcESaIcEEE called 0 returned 0% blocks executed 0%
    #####: 1966:void CheckIO::invalidLengthModifierError(const Token* tok, nonneg int numFormat, const std::string& modifier)
        -: 1967:{
    #####: 1968:    if (!mSettings->isEnabled(Settings::WARNING))
call    0 never executed
branch  1 never executed
branch  2 never executed
    #####: 1969:        return;
    #####: 1970:    std::ostringstream errmsg;
call    0 never executed
branch  1 never executed
branch  2 never executed
call    3 never executed
call    4 never executed
    #####: 1971:    errmsg << "'" << modifier << "' in format string (no. " << numFormat << ") is a length modifier and cannot be used without a conversion specifier.";
call    0 never executed
branch  1 never executed
branch  2 never executed
call    3 never executed
branch  4 never executed
branch  5 never executed
call    6 never executed
branch  7 never executed
branch  8 never executed
call    9 never executed
branch 10 never executed
branch 11 never executed
call   12 never executed
branch 13 never executed
branch 14 never executed
    #####: 1972:    reportError(tok, Severity::warning, "invalidLengthModifierError", errmsg.str(), CWE704, false);
call    0 never executed
branch  1 never executed
branch  2 never executed
call    3 never executed
branch  4 never executed
branch  5 never executed
call    6 never executed
call    7 never executed
        -: 1973:}
        -: 1974:
function _ZN7CheckIO28invalidScanfFormatWidthErrorEPK5TokeniiPK8Variablec called 0 returned 0% blocks executed 0%
    #####: 1975:void CheckIO::invalidScanfFormatWidthError(const Token* tok, nonneg int numFormat, int width, const Variable *var, char c)
        -: 1976:{
    #####: 1977:    MathLib::bigint arrlen = 0;
    #####: 1978:    std::string varname;
call    0 never executed
call    1 never executed
        -: 1979:
    #####: 1980:    if (var) {
branch  0 never executed
branch  1 never executed
    #####: 1981:        arrlen = var->dimension(0);
call    0 never executed
    #####: 1982:        varname = var->name();
call    0 never executed
call    1 never executed
branch  2 never executed
branch  3 never executed
        -: 1983:    }
        -: 1984:
    #####: 1985:    std::ostringstream errmsg;
call    0 never executed
branch  1 never executed
branch  2 never executed
call    3 never executed
branch  4 never executed
branch  5 never executed
call    6 never executed
    #####: 1986:    if (arrlen > width) {
branch  0 never executed
branch  1 never executed
    #####: 1987:        if (tok != nullptr && (!mSettings->inconclusive || !mSettings->isEnabled(Settings::WARNING)))
branch  0 never executed
branch  1 never executed
branch  2 never executed
branch  3 never executed
call    4 never executed
branch  5 never executed
branch  6 never executed
branch  7 never executed
branch  8 never executed
    #####: 1988:            return;
    #####: 1989:        errmsg << "Width " << width << " given in format string (no. " << numFormat << ") is smaller than destination buffer"
call    0 never executed
branch  1 never executed
branch  2 never executed
call    3 never executed
branch  4 never executed
branch  5 never executed
call    6 never executed
branch  7 never executed
branch  8 never executed
    #####: 1990:               << " '" << varname << "[" << arrlen << "]'.";
call    0 never executed
branch  1 never executed
branch  2 never executed
call    3 never executed
branch  4 never executed
branch  5 never executed
call    6 never executed
branch  7 never executed
branch  8 never executed
call    9 never executed
branch 10 never executed
branch 11 never executed
call   12 never executed
branch 13 never executed
branch 14 never executed
call   15 never executed
branch 16 never executed
branch 17 never executed
call   18 never executed
branch 19 never executed
branch 20 never executed
    #####: 1991:        reportError(tok, Severity::warning, "invalidScanfFormatWidth_smaller", errmsg.str(), CWE(0U), true);
call    0 never executed
call    1 never executed
branch  2 never executed
branch  3 never executed
call    4 never executed
branch  5 never executed
branch  6 never executed
call    7 never executed
call    8 never executed
        -: 1992:    } else {
    #####: 1993:        errmsg << "Width " << width << " given in format string (no. " << numFormat << ") is larger than destination buffer '"
call    0 never executed
branch  1 never executed
branch  2 never executed
call    3 never executed
branch  4 never executed
branch  5 never executed
call    6 never executed
branch  7 never executed
branch  8 never executed
    #####: 1994:               << varname << "[" << arrlen << "]', use %" << (c == 'c' ? arrlen : (arrlen - 1)) << c << " to prevent overflowing it.";
call    0 never executed
branch  1 never executed
branch  2 never executed
call    3 never executed
branch  4 never executed
branch  5 never executed
call    6 never executed
branch  7 never executed
branch  8 never executed
call    9 never executed
branch 10 never executed
branch 11 never executed
call   12 never executed
branch 13 never executed
branch 14 never executed
call   15 never executed
branch 16 never executed
branch 17 never executed
branch 18 never executed
branch 19 never executed
call   20 never executed
branch 21 never executed
branch 22 never executed
call   23 never executed
branch 24 never executed
branch 25 never executed
call   26 never executed
branch 27 never executed
branch 28 never executed
    #####: 1995:        reportError(tok, Severity::error, "invalidScanfFormatWidth", errmsg.str(), CWE687, false);
call    0 never executed
branch  1 never executed
branch  2 never executed
call    3 never executed
branch  4 never executed
branch  5 never executed
call    6 never executed
call    7 never executed
branch  8 never executed
branch  9 never executed
call   10 never executed
        -: 1996:    }
function _GLOBAL__sub_I__ZN7CheckIO21checkCoutCerrMisusageEv called 1 returned 100% blocks executed 100%
function _Z41__static_initialization_and_destruction_0ii called 1 returned 100% blocks executed 52%
        3: 1997:}
call    0 returned 100%
branch  1 taken 100% (fallthrough)
branch  2 taken 0%
branch  3 taken 100% (fallthrough)
branch  4 taken 0%
