        -:    0:Source:/usr/include/c++/7/ext/new_allocator.h
        -:    0:Graph:/home/workspace/build/lib/CMakeFiles/lib_objs.dir/valueflow.gcno
        -:    0:Data:/home/workspace/build/lib/CMakeFiles/lib_objs.dir/valueflow.gcda
        -:    0:Runs:1
        -:    0:Programs:1
        -:    1:// Allocator that wraps operator new -*- C++ -*-
        -:    2:
        -:    3:// Copyright (C) 2001-2017 Free Software Foundation, Inc.
        -:    4://
        -:    5:// This file is part of the GNU ISO C++ Library.  This library is free
        -:    6:// software; you can redistribute it and/or modify it under the
        -:    7:// terms of the GNU General Public License as published by the
        -:    8:// Free Software Foundation; either version 3, or (at your option)
        -:    9:// any later version.
        -:   10:
        -:   11:// This library is distributed in the hope that it will be useful,
        -:   12:// but WITHOUT ANY WARRANTY; without even the implied warranty of
        -:   13:// MERCHANTABILITY or FITNESS FOR A PARTICULAR PURPOSE.  See the
        -:   14:// GNU General Public License for more details.
        -:   15:
        -:   16:// Under Section 7 of GPL version 3, you are granted additional
        -:   17:// permissions described in the GCC Runtime Library Exception, version
        -:   18:// 3.1, as published by the Free Software Foundation.
        -:   19:
        -:   20:// You should have received a copy of the GNU General Public License and
        -:   21:// a copy of the GCC Runtime Library Exception along with this program;
        -:   22:// see the files COPYING3 and COPYING.RUNTIME respectively.  If not, see
        -:   23:// <http://www.gnu.org/licenses/>.
        -:   24:
        -:   25:/** @file ext/new_allocator.h
        -:   26: *  This file is a GNU extension to the Standard C++ Library.
        -:   27: */
        -:   28:
        -:   29:#ifndef _NEW_ALLOCATOR_H
        -:   30:#define _NEW_ALLOCATOR_H 1
        -:   31:
        -:   32:#include <bits/c++config.h>
        -:   33:#include <new>
        -:   34:#include <bits/functexcept.h>
        -:   35:#include <bits/move.h>
        -:   36:#if __cplusplus >= 201103L
        -:   37:#include <type_traits>
        -:   38:#endif
        -:   39:
        -:   40:namespace __gnu_cxx _GLIBCXX_VISIBILITY(default)
        -:   41:{
        -:   42:_GLIBCXX_BEGIN_NAMESPACE_VERSION
        -:   43:
        -:   44:  using std::size_t;
        -:   45:  using std::ptrdiff_t;
        -:   46:
        -:   47:  /**
        -:   48:   *  @brief  An allocator that uses global new, as per [20.4].
        -:   49:   *  @ingroup allocators
        -:   50:   *
        -:   51:   *  This is precisely the allocator defined in the C++ Standard.
        -:   52:   *    - all allocation calls operator new
        -:   53:   *    - all deallocation calls operator delete
        -:   54:   *
        -:   55:   *  @tparam  _Tp  Type of allocated object.
        -:   56:   */
        -:   57:  template<typename _Tp>
        -:   58:    class new_allocator
        -:   59:    {
        -:   60:    public:
        -:   61:      typedef size_t     size_type;
        -:   62:      typedef ptrdiff_t  difference_type;
        -:   63:      typedef _Tp*       pointer;
        -:   64:      typedef const _Tp* const_pointer;
        -:   65:      typedef _Tp&       reference;
        -:   66:      typedef const _Tp& const_reference;
        -:   67:      typedef _Tp        value_type;
        -:   68:
        -:   69:      template<typename _Tp1>
        -:   70:	struct rebind
        -:   71:	{ typedef new_allocator<_Tp1> other; };
        -:   72:
        -:   73:#if __cplusplus >= 201103L
        -:   74:      // _GLIBCXX_RESOLVE_LIB_DEFECTS
        -:   75:      // 2103. propagate_on_container_move_assignment
        -:   76:      typedef std::true_type propagate_on_container_move_assignment;
        -:   77:#endif
        -:   78:
function _ZN9__gnu_cxx13new_allocatorINSt8__detail10_Hash_nodeISt4pairIKiN9ValueFlow5ValueEELb0EEEEC2Ev called 46 returned 100% blocks executed 100%
function _ZN9__gnu_cxx13new_allocatorIPP5TokenEC2Ev called 0 returned 0% blocks executed 0%
function _ZN9__gnu_cxx13new_allocatorIP5TokenEC2Ev called 0 returned 0% blocks executed 0%
function _ZN9__gnu_cxx13new_allocatorIPNSt8__detail15_Hash_node_baseEEC2Ev called 0 returned 0% blocks executed 0%
function _ZN9__gnu_cxx13new_allocatorIxEC2Ev called 0 returned 0% blocks executed 0%
function _ZN9__gnu_cxx13new_allocatorINSt7__debug4listIN9ValueFlow5ValueESaIS4_EEEEC2Ev called 0 returned 0% blocks executed 0%
function _ZN9__gnu_cxx13new_allocatorIPK5TokenEC2Ev called 0 returned 0% blocks executed 0%
function _ZN9__gnu_cxx13new_allocatorISt4pairIPK5TokenPK5ScopeEEC2Ev called 230 returned 100% blocks executed 100%
function _ZN9__gnu_cxx13new_allocatorIN11FwdAnalysis13KnownAndTokenEEC2Ev called 0 returned 0% blocks executed 0%
function _ZN9__gnu_cxx13new_allocatorINSt9__cxx199810_List_nodeISt4pairIPK5TokenNSt7__cxx1112basic_stringIcSt11char_traitsIcESaIcEEEEEEEC2Ev called 0 returned 0% blocks executed 0%
function _ZN9__gnu_cxx13new_allocatorINSt9__cxx199810_List_nodeIN9ValueFlow5ValueEEEEC2Ev called 0 returned 0% blocks executed 0%
function _ZN9__gnu_cxx13new_allocatorINSt9__cxx199810_List_nodeIN11ErrorLogger12ErrorMessage12FileLocationEEEEC2Ev called 0 returned 0% blocks executed 0%
function _ZN9__gnu_cxx13new_allocatorISt4pairIPK5TokenNSt7__cxx1112basic_stringIcSt11char_traitsIcESaIcEEEEEC2Ev called 0 returned 0% blocks executed 0%
function _ZN9__gnu_cxx13new_allocatorIN9ValueFlow5ValueEEC2Ev called 0 returned 0% blocks executed 0%
function _ZN9__gnu_cxx13new_allocatorISt13_Rb_tree_nodeIjEEC2Ev called 0 returned 0% blocks executed 0%
function _ZN9__gnu_cxx13new_allocatorISt13_Rb_tree_nodeIPK5ScopeEEC2Ev called 0 returned 0% blocks executed 0%
function _ZN9__gnu_cxx13new_allocatorI13LifetimeTokenEC2Ev called 697 returned 100% blocks executed 100%
function _ZN9__gnu_cxx13new_allocatorISt13_Rb_tree_nodeIiEEC2Ev called 0 returned 0% blocks executed 0%
function _ZN9__gnu_cxx13new_allocatorISt13_Rb_tree_nodeISt4pairIKPK8VariableN9ValueFlow5ValueEEEEC2Ev called 388 returned 100% blocks executed 100%
function _ZN9__gnu_cxx13new_allocatorISt13_Rb_tree_nodeISt4pairIKiPK5TokenEEEC2Ev called 0 returned 0% blocks executed 0%
function _ZN9__gnu_cxx13new_allocatorISt4pairIKiN9ValueFlow5ValueEEEC2Ev called 138 returned 100% blocks executed 100%
function _ZN9__gnu_cxx13new_allocatorISt13_Rb_tree_nodeISt4pairIKiN9ValueFlow5ValueEEEEC2Ev called 58 returned 100% blocks executed 100%
function _ZN9__gnu_cxx13new_allocatorIN11ErrorLogger12ErrorMessage12FileLocationEEC2Ev called 0 returned 0% blocks executed 0%
     1557:   79:      new_allocator() _GLIBCXX_USE_NOEXCEPT { }
        -:   80:
function _ZN9__gnu_cxx13new_allocatorINSt8__detail10_Hash_nodeISt4pairIKiN9ValueFlow5ValueEELb0EEEEC2ERKS9_ called 46 returned 100% blocks executed 100%
function _ZN9__gnu_cxx13new_allocatorINSt9__cxx199810_List_nodeIN11ErrorLogger12ErrorMessage12FileLocationEEEEC2ERKS7_ called 0 returned 0% blocks executed 0%
function _ZN9__gnu_cxx13new_allocatorI13LifetimeTokenEC2ERKS2_ called 697 returned 100% blocks executed 100%
function _ZN9__gnu_cxx13new_allocatorINSt9__cxx199810_List_nodeIN9ValueFlow5ValueEEEEC2ERKS6_ called 0 returned 0% blocks executed 0%
function _ZN9__gnu_cxx13new_allocatorINSt9__cxx199810_List_nodeISt4pairIPK5TokenNSt7__cxx1112basic_stringIcSt11char_traitsIcESaIcEEEEEEEC2ERKSF_ called 0 returned 0% blocks executed 0%
function _ZN9__gnu_cxx13new_allocatorISt13_Rb_tree_nodeISt4pairIKiN9ValueFlow5ValueEEEEC2ERKS8_ called 169 returned 100% blocks executed 100%
      912:   81:      new_allocator(const new_allocator&) _GLIBCXX_USE_NOEXCEPT { }
        -:   82:
        -:   83:      template<typename _Tp1>
        -:   84:	new_allocator(const new_allocator<_Tp1>&) _GLIBCXX_USE_NOEXCEPT { }
        -:   85:
function _ZN9__gnu_cxx13new_allocatorIPNSt8__detail15_Hash_node_baseEED2Ev called 0 returned 0% blocks executed 0%
function _ZN9__gnu_cxx13new_allocatorIPP5TokenED2Ev called 0 returned 0% blocks executed 0%
function _ZN9__gnu_cxx13new_allocatorIxED2Ev called 0 returned 0% blocks executed 0%
function _ZN9__gnu_cxx13new_allocatorINSt7__debug4listIN9ValueFlow5ValueESaIS4_EEEED2Ev called 0 returned 0% blocks executed 0%
function _ZN9__gnu_cxx13new_allocatorIPK5TokenED2Ev called 0 returned 0% blocks executed 0%
function _ZN9__gnu_cxx13new_allocatorIP5TokenED2Ev called 0 returned 0% blocks executed 0%
function _ZN9__gnu_cxx13new_allocatorISt4pairIPK5TokenPK5ScopeEED2Ev called 230 returned 100% blocks executed 100%
function _ZN9__gnu_cxx13new_allocatorIN11FwdAnalysis13KnownAndTokenEED2Ev called 0 returned 0% blocks executed 0%
function _ZN9__gnu_cxx13new_allocatorINSt8__detail10_Hash_nodeISt4pairIKiN9ValueFlow5ValueEELb0EEEED2Ev called 92 returned 100% blocks executed 100%
function _ZN9__gnu_cxx13new_allocatorINSt9__cxx199810_List_nodeIN11ErrorLogger12ErrorMessage12FileLocationEEEED2Ev called 0 returned 0% blocks executed 0%
function _ZN9__gnu_cxx13new_allocatorISt4pairIPK5TokenNSt7__cxx1112basic_stringIcSt11char_traitsIcESaIcEEEEED2Ev called 0 returned 0% blocks executed 0%
function _ZN9__gnu_cxx13new_allocatorINSt9__cxx199810_List_nodeIN9ValueFlow5ValueEEEED2Ev called 0 returned 0% blocks executed 0%
function _ZN9__gnu_cxx13new_allocatorINSt9__cxx199810_List_nodeISt4pairIPK5TokenNSt7__cxx1112basic_stringIcSt11char_traitsIcESaIcEEEEEEED2Ev called 0 returned 0% blocks executed 0%
function _ZN9__gnu_cxx13new_allocatorIN9ValueFlow5ValueEED2Ev called 0 returned 0% blocks executed 0%
function _ZN9__gnu_cxx13new_allocatorISt13_Rb_tree_nodeIjEED2Ev called 0 returned 0% blocks executed 0%
function _ZN9__gnu_cxx13new_allocatorISt13_Rb_tree_nodeIPK5ScopeEED2Ev called 0 returned 0% blocks executed 0%
function _ZN9__gnu_cxx13new_allocatorI13LifetimeTokenED2Ev called 0 returned 0% blocks executed 0%
function _ZN9__gnu_cxx13new_allocatorISt13_Rb_tree_nodeIiEED2Ev called 0 returned 0% blocks executed 0%
function _ZN9__gnu_cxx13new_allocatorISt13_Rb_tree_nodeISt4pairIKPK8VariableN9ValueFlow5ValueEEEED2Ev called 388 returned 100% blocks executed 100%
function _ZN9__gnu_cxx13new_allocatorISt13_Rb_tree_nodeISt4pairIKiPK5TokenEEED2Ev called 0 returned 0% blocks executed 0%
function _ZN9__gnu_cxx13new_allocatorISt4pairIKiN9ValueFlow5ValueEEED2Ev called 138 returned 100% blocks executed 100%
function _ZN9__gnu_cxx13new_allocatorISt13_Rb_tree_nodeISt4pairIKiN9ValueFlow5ValueEEEED2Ev called 227 returned 100% blocks executed 100%
function _ZN9__gnu_cxx13new_allocatorIN11ErrorLogger12ErrorMessage12FileLocationEED2Ev called 0 returned 0% blocks executed 0%
     1075:   86:      ~new_allocator() _GLIBCXX_USE_NOEXCEPT { }
        -:   87:
        -:   88:      pointer
        -:   89:      address(reference __x) const _GLIBCXX_NOEXCEPT
        -:   90:      { return std::__addressof(__x); }
        -:   91:
        -:   92:      const_pointer
        -:   93:      address(const_reference __x) const _GLIBCXX_NOEXCEPT
        -:   94:      { return std::__addressof(__x); }
        -:   95:
        -:   96:      // NB: __n is permitted to be 0.  The C++ standard says nothing
        -:   97:      // about what the return value is when __n == 0.
        -:   98:      pointer
function _ZN9__gnu_cxx13new_allocatorINSt8__detail10_Hash_nodeISt4pairIKiN9ValueFlow5ValueEELb0EEEE8allocateEmPKv called 46 returned 100% blocks executed 83%
function _ZN9__gnu_cxx13new_allocatorISt13_Rb_tree_nodeIjEE8allocateEmPKv called 0 returned 0% blocks executed 0%
function _ZN9__gnu_cxx13new_allocatorISt13_Rb_tree_nodeIiEE8allocateEmPKv called 0 returned 0% blocks executed 0%
function _ZN9__gnu_cxx13new_allocatorISt13_Rb_tree_nodeIPK5ScopeEE8allocateEmPKv called 0 returned 0% blocks executed 0%
function _ZN9__gnu_cxx13new_allocatorINSt9__cxx199810_List_nodeIN11ErrorLogger12ErrorMessage12FileLocationEEEE8allocateEmPKv called 0 returned 0% blocks executed 0%
function _ZN9__gnu_cxx13new_allocatorIPNSt8__detail15_Hash_node_baseEE8allocateEmPKv called 0 returned 0% blocks executed 0%
function _ZN9__gnu_cxx13new_allocatorIP5TokenE8allocateEmPKv called 0 returned 0% blocks executed 0%
function _ZN9__gnu_cxx13new_allocatorIPP5TokenE8allocateEmPKv called 0 returned 0% blocks executed 0%
function _ZN9__gnu_cxx13new_allocatorIxE8allocateEmPKv called 0 returned 0% blocks executed 0%
function _ZN9__gnu_cxx13new_allocatorINSt7__debug4listIN9ValueFlow5ValueESaIS4_EEEE8allocateEmPKv called 0 returned 0% blocks executed 0%
function _ZN9__gnu_cxx13new_allocatorI13LifetimeTokenE8allocateEmPKv called 697 returned 100% blocks executed 83%
function _ZN9__gnu_cxx13new_allocatorIPK5TokenE8allocateEmPKv called 0 returned 0% blocks executed 0%
function _ZN9__gnu_cxx13new_allocatorINSt9__cxx199810_List_nodeIN9ValueFlow5ValueEEEE8allocateEmPKv called 0 returned 0% blocks executed 0%
function _ZN9__gnu_cxx13new_allocatorISt13_Rb_tree_nodeISt4pairIKPK8VariableN9ValueFlow5ValueEEEE8allocateEmPKv called 0 returned 0% blocks executed 0%
function _ZN9__gnu_cxx13new_allocatorINSt9__cxx199810_List_nodeISt4pairIPK5TokenNSt7__cxx1112basic_stringIcSt11char_traitsIcESaIcEEEEEEE8allocateEmPKv called 0 returned 0% blocks executed 0%
function _ZN9__gnu_cxx13new_allocatorISt4pairIPK5TokenPK5ScopeEE8allocateEmPKv called 16 returned 100% blocks executed 83%
function _ZN9__gnu_cxx13new_allocatorISt13_Rb_tree_nodeISt4pairIKiPK5TokenEEE8allocateEmPKv called 0 returned 0% blocks executed 0%
function _ZN9__gnu_cxx13new_allocatorISt13_Rb_tree_nodeISt4pairIKiN9ValueFlow5ValueEEEE8allocateEmPKv called 221 returned 100% blocks executed 83%
function _ZN9__gnu_cxx13new_allocatorIcE8allocateEmPKv called 0 returned 0% blocks executed 0%
      980:   99:      allocate(size_type __n, const void* = static_cast<const void*>(0))
        -:  100:      {
      980:  101:	if (__n > this->max_size())
call    0 returned 100%
branch  1 taken 0% (fallthrough)
branch  2 taken 100%
call    3 never executed
branch  4 never executed
branch  5 never executed
call    6 never executed
branch  7 never executed
branch  8 never executed
call    9 never executed
branch 10 never executed
branch 11 never executed
call   12 never executed
branch 13 never executed
branch 14 never executed
call   15 never executed
branch 16 never executed
branch 17 never executed
call   18 never executed
branch 19 never executed
branch 20 never executed
call   21 never executed
branch 22 never executed
branch 23 never executed
call   24 never executed
branch 25 never executed
branch 26 never executed
call   27 never executed
branch 28 never executed
branch 29 never executed
call   30 returned 100%
branch 31 taken 0% (fallthrough)
branch 32 taken 100%
call   33 never executed
branch 34 never executed
branch 35 never executed
call   36 never executed
branch 37 never executed
branch 38 never executed
call   39 never executed
branch 40 never executed
branch 41 never executed
call   42 never executed
branch 43 never executed
branch 44 never executed
call   45 returned 100%
branch 46 taken 0% (fallthrough)
branch 47 taken 100%
call   48 never executed
branch 49 never executed
branch 50 never executed
call   51 returned 100%
branch 52 taken 0% (fallthrough)
branch 53 taken 100%
call   54 never executed
branch 55 never executed
branch 56 never executed
    #####:  102:	  std::__throw_bad_alloc();
call    0 never executed
call    1 never executed
call    2 never executed
call    3 never executed
call    4 never executed
call    5 never executed
call    6 never executed
call    7 never executed
call    8 never executed
call    9 never executed
call   10 never executed
call   11 never executed
call   12 never executed
call   13 never executed
call   14 never executed
call   15 never executed
call   16 never executed
call   17 never executed
call   18 never executed
        -:  103:
        -:  104:#if __cpp_aligned_new
        -:  105:	if (alignof(_Tp) > __STDCPP_DEFAULT_NEW_ALIGNMENT__)
        -:  106:	  {
        -:  107:	    std::align_val_t __al = std::align_val_t(alignof(_Tp));
        -:  108:	    return static_cast<_Tp*>(::operator new(__n * sizeof(_Tp), __al));
        -:  109:	  }
        -:  110:#endif
      980:  111:	return static_cast<_Tp*>(::operator new(__n * sizeof(_Tp)));
call    0 returned 100%
call    1 never executed
call    2 never executed
call    3 never executed
call    4 never executed
call    5 never executed
call    6 never executed
call    7 never executed
call    8 never executed
call    9 never executed
call   10 returned 100%
call   11 never executed
call   12 never executed
call   13 never executed
call   14 never executed
call   15 returned 100%
call   16 never executed
call   17 returned 100%
call   18 never executed
        -:  112:      }
        -:  113:
        -:  114:      // __p is not permitted to be a null pointer.
        -:  115:      void
function _ZN9__gnu_cxx13new_allocatorISt13_Rb_tree_nodeIjEE10deallocateEPS2_m called 0 returned 0% blocks executed 0%
function _ZN9__gnu_cxx13new_allocatorISt13_Rb_tree_nodeIPK5ScopeEE10deallocateEPS5_m called 0 returned 0% blocks executed 0%
function _ZN9__gnu_cxx13new_allocatorIP5TokenE10deallocateEPS2_m called 0 returned 0% blocks executed 0%
function _ZN9__gnu_cxx13new_allocatorISt13_Rb_tree_nodeIiEE10deallocateEPS2_m called 0 returned 0% blocks executed 0%
function _ZN9__gnu_cxx13new_allocatorISt13_Rb_tree_nodeISt4pairIKPK8VariableN9ValueFlow5ValueEEEE10deallocateEPSA_m called 0 returned 0% blocks executed 0%
function _ZN9__gnu_cxx13new_allocatorISt13_Rb_tree_nodeISt4pairIKiPK5TokenEEE10deallocateEPS8_m called 0 returned 0% blocks executed 0%
function _ZN9__gnu_cxx13new_allocatorIPNSt8__detail15_Hash_node_baseEE10deallocateEPS3_m called 0 returned 0% blocks executed 0%
function _ZN9__gnu_cxx13new_allocatorINSt8__detail10_Hash_nodeISt4pairIKiN9ValueFlow5ValueEELb0EEEE10deallocateEPS8_m called 46 returned 100% blocks executed 100%
function _ZN9__gnu_cxx13new_allocatorISt13_Rb_tree_nodeISt4pairIKiN9ValueFlow5ValueEEEE10deallocateEPS7_m called 221 returned 100% blocks executed 100%
function _ZN9__gnu_cxx13new_allocatorIxE10deallocateEPxm called 0 returned 0% blocks executed 0%
function _ZN9__gnu_cxx13new_allocatorINSt7__debug4listIN9ValueFlow5ValueESaIS4_EEEE10deallocateEPS6_m called 0 returned 0% blocks executed 0%
function _ZN9__gnu_cxx13new_allocatorIPK5TokenE10deallocateEPS3_m called 0 returned 0% blocks executed 0%
function _ZN9__gnu_cxx13new_allocatorIPP5TokenE10deallocateEPS3_m called 0 returned 0% blocks executed 0%
function _ZN9__gnu_cxx13new_allocatorISt4pairIPK5TokenPK5ScopeEE10deallocateEPS8_m called 16 returned 100% blocks executed 100%
function _ZN9__gnu_cxx13new_allocatorINSt9__cxx199810_List_nodeIN11ErrorLogger12ErrorMessage12FileLocationEEEE10deallocateEPS6_m called 0 returned 0% blocks executed 0%
function _ZN9__gnu_cxx13new_allocatorINSt9__cxx199810_List_nodeIN9ValueFlow5ValueEEEE10deallocateEPS5_m called 0 returned 0% blocks executed 0%
function _ZN9__gnu_cxx13new_allocatorIN11FwdAnalysis13KnownAndTokenEE10deallocateEPS2_m called 0 returned 0% blocks executed 0%
function _ZN9__gnu_cxx13new_allocatorI13LifetimeTokenE10deallocateEPS1_m called 0 returned 0% blocks executed 0%
function _ZN9__gnu_cxx13new_allocatorINSt9__cxx199810_List_nodeISt4pairIPK5TokenNSt7__cxx1112basic_stringIcSt11char_traitsIcESaIcEEEEEEE10deallocateEPSE_m called 0 returned 0% blocks executed 0%
function _ZN9__gnu_cxx13new_allocatorIcE10deallocateEPcm called 0 returned 0% blocks executed 0%
      283:  116:      deallocate(pointer __p, size_type)
        -:  117:      {
        -:  118:#if __cpp_aligned_new
        -:  119:	if (alignof(_Tp) > __STDCPP_DEFAULT_NEW_ALIGNMENT__)
        -:  120:	  {
        -:  121:	    ::operator delete(__p, std::align_val_t(alignof(_Tp)));
        -:  122:	    return;
        -:  123:	  }
        -:  124:#endif
      283:  125:	::operator delete(__p);
call    0 never executed
call    1 never executed
call    2 never executed
call    3 never executed
call    4 never executed
call    5 never executed
call    6 never executed
call    7 returned 100%
call    8 returned 100%
call    9 never executed
call   10 never executed
call   11 never executed
call   12 never executed
call   13 returned 100%
call   14 never executed
call   15 never executed
call   16 never executed
call   17 never executed
call   18 never executed
call   19 never executed
      283:  126:      }
        -:  127:
        -:  128:      size_type
function _ZNK9__gnu_cxx13new_allocatorINSt8__detail10_Hash_nodeISt4pairIKiN9ValueFlow5ValueEELb0EEEE8max_sizeEv called 46 returned 100% blocks executed 100%
function _ZNK9__gnu_cxx13new_allocatorISt13_Rb_tree_nodeIjEE8max_sizeEv called 0 returned 0% blocks executed 0%
function _ZNK9__gnu_cxx13new_allocatorISt13_Rb_tree_nodeIiEE8max_sizeEv called 0 returned 0% blocks executed 0%
function _ZNK9__gnu_cxx13new_allocatorISt13_Rb_tree_nodeIPK5ScopeEE8max_sizeEv called 0 returned 0% blocks executed 0%
function _ZNK9__gnu_cxx13new_allocatorINSt9__cxx199810_List_nodeIN11ErrorLogger12ErrorMessage12FileLocationEEEE8max_sizeEv called 0 returned 0% blocks executed 0%
function _ZNK9__gnu_cxx13new_allocatorIPNSt8__detail15_Hash_node_baseEE8max_sizeEv called 0 returned 0% blocks executed 0%
function _ZNK9__gnu_cxx13new_allocatorIP5TokenE8max_sizeEv called 0 returned 0% blocks executed 0%
function _ZNK9__gnu_cxx13new_allocatorIPP5TokenE8max_sizeEv called 0 returned 0% blocks executed 0%
function _ZNK9__gnu_cxx13new_allocatorIxE8max_sizeEv called 0 returned 0% blocks executed 0%
function _ZNK9__gnu_cxx13new_allocatorINSt7__debug4listIN9ValueFlow5ValueESaIS4_EEEE8max_sizeEv called 0 returned 0% blocks executed 0%
function _ZNK9__gnu_cxx13new_allocatorI13LifetimeTokenE8max_sizeEv called 697 returned 100% blocks executed 100%
function _ZNK9__gnu_cxx13new_allocatorIPK5TokenE8max_sizeEv called 0 returned 0% blocks executed 0%
function _ZNK9__gnu_cxx13new_allocatorINSt9__cxx199810_List_nodeIN9ValueFlow5ValueEEEE8max_sizeEv called 0 returned 0% blocks executed 0%
function _ZNK9__gnu_cxx13new_allocatorISt13_Rb_tree_nodeISt4pairIKPK8VariableN9ValueFlow5ValueEEEE8max_sizeEv called 0 returned 0% blocks executed 0%
function _ZNK9__gnu_cxx13new_allocatorINSt9__cxx199810_List_nodeISt4pairIPK5TokenNSt7__cxx1112basic_stringIcSt11char_traitsIcESaIcEEEEEEE8max_sizeEv called 0 returned 0% blocks executed 0%
function _ZNK9__gnu_cxx13new_allocatorISt4pairIPK5TokenPK5ScopeEE8max_sizeEv called 48 returned 100% blocks executed 100%
function _ZNK9__gnu_cxx13new_allocatorISt13_Rb_tree_nodeISt4pairIKiPK5TokenEEE8max_sizeEv called 0 returned 0% blocks executed 0%
function _ZNK9__gnu_cxx13new_allocatorISt13_Rb_tree_nodeISt4pairIKiN9ValueFlow5ValueEEEE8max_sizeEv called 221 returned 100% blocks executed 100%
function _ZNK9__gnu_cxx13new_allocatorIcE8max_sizeEv called 0 returned 0% blocks executed 0%
     1012:  129:      max_size() const _GLIBCXX_USE_NOEXCEPT
     1012:  130:      { return size_t(-1) / sizeof(_Tp); }
        -:  131:
        -:  132:#if __cplusplus >= 201103L
        -:  133:      template<typename _Up, typename... _Args>
        -:  134:	void
function _ZN9__gnu_cxx13new_allocatorISt4pairIKiN9ValueFlow5ValueEEE9constructIS5_JRKS5_EEEvPT_DpOT0_ called 46 returned 100% blocks executed 78%
function _ZN9__gnu_cxx13new_allocatorISt13_Rb_tree_nodeIjEE9constructIjJjEEEvPT_DpOT0_ called 0 returned 0% blocks executed 0%
function _ZN9__gnu_cxx13new_allocatorISt13_Rb_tree_nodeIiEE9constructIiJiEEEvPT_DpOT0_ called 0 returned 0% blocks executed 0%
function _ZN9__gnu_cxx13new_allocatorISt13_Rb_tree_nodeIPK5ScopeEE9constructIS4_JRKS4_EEEvPT_DpOT0_ called 0 returned 0% blocks executed 0%
function _ZN9__gnu_cxx13new_allocatorINSt9__cxx199810_List_nodeISt4pairIPK5TokenNSt7__cxx1112basic_stringIcSt11char_traitsIcESaIcEEEEEEE9constructISD_JRSD_EEEvPT_DpOT0_ called 0 returned 0% blocks executed 0%
function _ZN9__gnu_cxx13new_allocatorISt13_Rb_tree_nodeISt4pairIKiN9ValueFlow5ValueEEEE9constructIS6_JRKS6_EEEvPT_DpOT0_ called 173 returned 100% blocks executed 78%
function _ZN9__gnu_cxx13new_allocatorINSt9__cxx199810_List_nodeIN11ErrorLogger12ErrorMessage12FileLocationEEEE9constructIS5_JRKS5_EEEvPT_DpOT0_ called 0 returned 0% blocks executed 0%
function _ZN9__gnu_cxx13new_allocatorINSt9__cxx199810_List_nodeISt4pairIPK5TokenNSt7__cxx1112basic_stringIcSt11char_traitsIcESaIcEEEEEEE9constructISD_JRKSD_EEEvPT_DpOT0_ called 0 returned 0% blocks executed 0%
function _ZN9__gnu_cxx13new_allocatorINSt9__cxx199810_List_nodeISt4pairIPK5TokenNSt7__cxx1112basic_stringIcSt11char_traitsIcESaIcEEEEEEE9constructISD_JRKS6_RKSC_EEEvPT_DpOT0_ called 0 returned 0% blocks executed 0%
function _ZN9__gnu_cxx13new_allocatorIP5TokenE9constructIS2_JS2_EEEvPT_DpOT0_ called 0 returned 0% blocks executed 0%
function _ZN9__gnu_cxx13new_allocatorISt13_Rb_tree_nodeISt4pairIKPK8VariableN9ValueFlow5ValueEEEE9constructIS9_JRKSt21piecewise_construct_tSt5tupleIJOS5_EESG_IJEEEEEvPT_DpOT0_ called 0 returned 0% blocks executed 0%
function _ZN9__gnu_cxx13new_allocatorISt13_Rb_tree_nodeISt4pairIKiPK5TokenEEE9constructIS7_JRKSt21piecewise_construct_tSt5tupleIJOiEESE_IJEEEEEvPT_DpOT0_ called 0 returned 0% blocks executed 0%
function _ZN9__gnu_cxx13new_allocatorISt13_Rb_tree_nodeISt4pairIKiN9ValueFlow5ValueEEEE9constructIS6_JRKSt21piecewise_construct_tSt5tupleIJRS3_EESD_IJEEEEEvPT_DpOT0_ called 48 returned 100% blocks executed 67%
function _ZN9__gnu_cxx13new_allocatorINSt9__cxx199810_List_nodeIN9ValueFlow5ValueEEEE9constructIS4_JRxEEEvPT_DpOT0_ called 0 returned 0% blocks executed 0%
function _ZN9__gnu_cxx13new_allocatorINSt9__cxx199810_List_nodeISt4pairIPK5TokenNSt7__cxx1112basic_stringIcSt11char_traitsIcESaIcEEEEEEE9constructISD_JS6_SC_EEEvPT_DpOT0_ called 0 returned 0% blocks executed 0%
function _ZN9__gnu_cxx13new_allocatorIP5TokenE9constructIS2_JRKS2_EEEvPT_DpOT0_ called 0 returned 0% blocks executed 0%
function _ZN9__gnu_cxx13new_allocatorINSt9__cxx199810_List_nodeIN9ValueFlow5ValueEEEE9constructIS4_JiEEEvPT_DpOT0_ called 0 returned 0% blocks executed 0%
function _ZN9__gnu_cxx13new_allocatorINSt9__cxx199810_List_nodeIN9ValueFlow5ValueEEEE9constructIS4_JS4_EEEvPT_DpOT0_ called 71 returned 100% blocks executed 86%
function _ZN9__gnu_cxx13new_allocatorINSt9__cxx199810_List_nodeIN9ValueFlow5ValueEEEE9constructIS4_JRS4_EEEvPT_DpOT0_ called 80 returned 100% blocks executed 78%
function _ZN9__gnu_cxx13new_allocatorINSt9__cxx199810_List_nodeIN9ValueFlow5ValueEEEE9constructIS4_JxEEEvPT_DpOT0_ called 0 returned 0% blocks executed 0%
function _ZN9__gnu_cxx13new_allocatorINSt9__cxx199810_List_nodeIN9ValueFlow5ValueEEEE9constructIS4_JRKxEEEvPT_DpOT0_ called 1 returned 100% blocks executed 86%
function _ZN9__gnu_cxx13new_allocatorINSt9__cxx199810_List_nodeIN9ValueFlow5ValueEEEE9constructIS4_JRPK5TokenxEEEvPT_DpOT0_ called 92 returned 100% blocks executed 80%
function _ZN9__gnu_cxx13new_allocatorINSt9__cxx199810_List_nodeISt4pairIPK5TokenNSt7__cxx1112basic_stringIcSt11char_traitsIcESaIcEEEEEEE9constructISD_JRKPS4_RKSC_EEEvPT_DpOT0_ called 27 returned 100% blocks executed 80%
function _ZN9__gnu_cxx13new_allocatorINSt9__cxx199810_List_nodeISt4pairIPK5TokenNSt7__cxx1112basic_stringIcSt11char_traitsIcESaIcEEEEEEE9constructISD_JRPS4_SC_EEEvPT_DpOT0_ called 1 returned 100% blocks executed 88%
function _ZN9__gnu_cxx13new_allocatorINSt9__cxx199810_List_nodeISt4pairIPK5TokenNSt7__cxx1112basic_stringIcSt11char_traitsIcESaIcEEEEEEE9constructISD_JRPS4_RA31_KcEEEvPT_DpOT0_ called 0 returned 0% blocks executed 0%
function _ZN9__gnu_cxx13new_allocatorINSt9__cxx199810_List_nodeISt4pairIPK5TokenNSt7__cxx1112basic_stringIcSt11char_traitsIcESaIcEEEEEEE9constructISD_JRPS4_RA32_KcEEEvPT_DpOT0_ called 13 returned 100% blocks executed 80%
function _ZN9__gnu_cxx13new_allocatorINSt9__cxx199810_List_nodeISt4pairIPK5TokenNSt7__cxx1112basic_stringIcSt11char_traitsIcESaIcEEEEEEE9constructISD_JPS4_RA21_KcEEEvPT_DpOT0_ called 0 returned 0% blocks executed 0%
function _ZN9__gnu_cxx13new_allocatorINSt9__cxx199810_List_nodeISt4pairIPK5TokenNSt7__cxx1112basic_stringIcSt11char_traitsIcESaIcEEEEEEE9constructISD_JPS4_SC_EEEvPT_DpOT0_ called 0 returned 0% blocks executed 0%
function _ZN9__gnu_cxx13new_allocatorINSt9__cxx199810_List_nodeISt4pairIPK5TokenNSt7__cxx1112basic_stringIcSt11char_traitsIcESaIcEEEEEEE9constructISD_JRS6_RA18_KcEEEvPT_DpOT0_ called 0 returned 0% blocks executed 0%
function _ZN9__gnu_cxx13new_allocatorINSt9__cxx199810_List_nodeISt4pairIPK5TokenNSt7__cxx1112basic_stringIcSt11char_traitsIcESaIcEEEEEEE9constructISD_JS6_RA23_KcEEEvPT_DpOT0_ called 2 returned 100% blocks executed 80%
function _ZN9__gnu_cxx13new_allocatorINSt9__cxx199810_List_nodeISt4pairIPK5TokenNSt7__cxx1112basic_stringIcSt11char_traitsIcESaIcEEEEEEE9constructISD_JS6_RA21_KcEEEvPT_DpOT0_ called 1 returned 100% blocks executed 80%
function _ZN9__gnu_cxx13new_allocatorINSt9__cxx199810_List_nodeISt4pairIPK5TokenNSt7__cxx1112basic_stringIcSt11char_traitsIcESaIcEEEEEEE9constructISD_JRS6_RA23_KcEEEvPT_DpOT0_ called 0 returned 0% blocks executed 0%
function _ZN9__gnu_cxx13new_allocatorINSt9__cxx199810_List_nodeIN9ValueFlow5ValueEEEE9constructIS4_JRKS4_EEEvPT_DpOT0_ called 0 returned 0% blocks executed 0%
function _ZN9__gnu_cxx13new_allocatorINSt9__cxx199810_List_nodeISt4pairIPK5TokenNSt7__cxx1112basic_stringIcSt11char_traitsIcESaIcEEEEEEE9constructISD_JRPS4_RKSC_EEEvPT_DpOT0_ called 0 returned 0% blocks executed 0%
function _ZN9__gnu_cxx13new_allocatorINSt9__cxx199810_List_nodeISt4pairIPK5TokenNSt7__cxx1112basic_stringIcSt11char_traitsIcESaIcEEEEEEE9constructISD_JRS6_SC_EEEvPT_DpOT0_ called 0 returned 0% blocks executed 0%
function _ZN9__gnu_cxx13new_allocatorIxE9constructIxJRKxEEEvPT_DpOT0_ called 0 returned 0% blocks executed 0%
function _ZN9__gnu_cxx13new_allocatorINSt7__debug4listIN9ValueFlow5ValueESaIS4_EEEE9constructIS6_JS6_EEEvPT_DpOT0_ called 0 returned 0% blocks executed 0%
function _ZN9__gnu_cxx13new_allocatorIPK5TokenE9constructIS3_JRKS3_EEEvPT_DpOT0_ called 0 returned 0% blocks executed 0%
function _ZN9__gnu_cxx13new_allocatorISt4pairIPK5TokenPK5ScopeEE9constructIS8_JS4_RS7_EEEvPT_DpOT0_ called 16 returned 100% blocks executed 88%
      571:  135:	construct(_Up* __p, _Args&&... __args)
      571:  136:	{ ::new((void *)__p) _Up(std::forward<_Args>(__args)...); }
call    0 returned 100%
call    1 returned 100%
branch  2 taken 100% (fallthrough)
branch  3 taken 0%
call    4 returned 100%
branch  5 taken 100% (fallthrough)
branch  6 taken 0% (throw)
call    7 never executed
call    8 never executed
call    9 never executed
branch 10 never executed
branch 11 never executed
call   12 never executed
call   13 never executed
branch 14 never executed
branch 15 never executed
call   16 never executed
call   17 never executed
branch 18 never executed
branch 19 never executed
call   20 never executed
call   21 never executed
branch 22 never executed
branch 23 never executed
call   24 never executed
branch 25 never executed
branch 26 never executed
call   27 never executed
call   28 returned 100%
call   29 returned 100%
branch 30 taken 100% (fallthrough)
branch 31 taken 0%
call   32 returned 100%
branch 33 taken 100% (fallthrough)
branch 34 taken 0% (throw)
call   35 never executed
call   36 never executed
call   37 never executed
branch 38 never executed
branch 39 never executed
call   40 never executed
branch 41 never executed
branch 42 never executed
call   43 never executed
call   44 never executed
call   45 never executed
branch 46 never executed
branch 47 never executed
call   48 never executed
branch 49 never executed
branch 50 never executed
call   51 never executed
call   52 never executed
call   53 never executed
call   54 never executed
branch 55 never executed
branch 56 never executed
call   57 never executed
branch 58 never executed
branch 59 never executed
call   60 never executed
call   61 never executed
call   62 never executed
branch 63 never executed
branch 64 never executed
call   65 never executed
call   66 never executed
call   67 never executed
call   68 never executed
call   69 never executed
branch 70 never executed
branch 71 never executed
call   72 never executed
branch 73 never executed
branch 74 never executed
call   75 never executed
call   76 never executed
call   77 never executed
call   78 never executed
call   79 never executed
call   80 never executed
branch 81 never executed
branch 82 never executed
call   83 never executed
branch 84 never executed
branch 85 never executed
call   86 never executed
call   87 returned 100%
call   88 returned 100%
call   89 returned 100%
call   90 returned 100%
call   91 returned 100%
branch 92 taken 100% (fallthrough)
branch 93 taken 0%
call   94 returned 100%
branch 95 taken 100% (fallthrough)
branch 96 taken 0% (throw)
call   97 never executed
call   98 never executed
call   99 never executed
branch 100 never executed
branch 101 never executed
call   102 never executed
call   103 never executed
call   104 never executed
call   105 never executed
branch 106 never executed
branch 107 never executed
call   108 never executed
call   109 never executed
call   110 never executed
branch 111 never executed
branch 112 never executed
call   113 never executed
call   114 never executed
branch 115 never executed
branch 116 never executed
call   117 never executed
call   118 returned 100%
call   119 returned 100%
branch 120 taken 100% (fallthrough)
branch 121 taken 0%
call   122 returned 100%
call   123 returned 100%
call   124 returned 100%
branch 125 taken 100% (fallthrough)
branch 126 taken 0%
call   127 returned 100%
branch 128 taken 100% (fallthrough)
branch 129 taken 0% (throw)
call   130 never executed
call   131 never executed
call   132 never executed
branch 133 never executed
branch 134 never executed
call   135 never executed
call   136 returned 100%
call   137 returned 100%
branch 138 taken 100% (fallthrough)
branch 139 taken 0%
call   140 returned 100%
call   141 returned 100%
call   142 returned 100%
call   143 returned 100%
branch 144 taken 100% (fallthrough)
branch 145 taken 0%
call   146 returned 100%
branch 147 taken 100% (fallthrough)
branch 148 taken 0% (throw)
call   149 never executed
call   150 returned 100%
call   151 returned 100%
call   152 returned 100%
branch 153 taken 100% (fallthrough)
branch 154 taken 0%
call   155 returned 100%
branch 156 taken 100% (fallthrough)
branch 157 taken 0% (throw)
call   158 never executed
call   159 returned 100%
call   160 returned 100%
call   161 returned 100%
branch 162 taken 100% (fallthrough)
branch 163 taken 0%
call   164 returned 100%
call   165 never executed
call   166 never executed
call   167 never executed
branch 168 never executed
branch 169 never executed
call   170 never executed
branch 171 never executed
branch 172 never executed
call   173 never executed
call   174 returned 100%
call   175 returned 100%
call   176 returned 100%
branch 177 taken 100% (fallthrough)
branch 178 taken 0%
call   179 returned 100%
branch 180 taken 100% (fallthrough)
branch 181 taken 0% (throw)
call   182 never executed
call   183 never executed
call   184 never executed
call   185 never executed
branch 186 never executed
branch 187 never executed
call   188 never executed
branch 189 never executed
branch 190 never executed
call   191 never executed
call   192 never executed
call   193 never executed
call   194 never executed
branch 195 never executed
branch 196 never executed
call   197 never executed
call   198 never executed
call   199 never executed
call   200 never executed
branch 201 never executed
branch 202 never executed
call   203 never executed
branch 204 never executed
branch 205 never executed
call   206 never executed
call   207 returned 100%
call   208 returned 100%
call   209 returned 100%
branch 210 taken 100% (fallthrough)
branch 211 taken 0%
call   212 returned 100%
branch 213 taken 100% (fallthrough)
branch 214 taken 0% (throw)
call   215 never executed
call   216 returned 100%
call   217 returned 100%
call   218 returned 100%
branch 219 taken 100% (fallthrough)
branch 220 taken 0%
call   221 returned 100%
branch 222 taken 100% (fallthrough)
branch 223 taken 0% (throw)
call   224 never executed
call   225 never executed
call   226 never executed
call   227 never executed
branch 228 never executed
branch 229 never executed
call   230 never executed
branch 231 never executed
branch 232 never executed
call   233 never executed
call   234 never executed
call   235 never executed
branch 236 never executed
branch 237 never executed
call   238 never executed
branch 239 never executed
branch 240 never executed
call   241 never executed
call   242 never executed
call   243 never executed
call   244 never executed
branch 245 never executed
branch 246 never executed
call   247 never executed
branch 248 never executed
branch 249 never executed
call   250 never executed
call   251 never executed
call   252 never executed
call   253 never executed
branch 254 never executed
branch 255 never executed
call   256 never executed
call   257 never executed
call   258 never executed
branch 259 never executed
branch 260 never executed
call   261 never executed
call   262 never executed
branch 263 never executed
branch 264 never executed
call   265 never executed
call   266 never executed
call   267 never executed
branch 268 never executed
branch 269 never executed
call   270 returned 100%
call   271 returned 100%
call   272 returned 100%
branch 273 taken 100% (fallthrough)
branch 274 taken 0%
call   275 returned 100%
        -:  137:
        -:  138:      template<typename _Up>
        -:  139:	void
function _ZN9__gnu_cxx13new_allocatorISt13_Rb_tree_nodeIjEE7destroyIjEEvPT_ called 0 returned 0% blocks executed 0%
function _ZN9__gnu_cxx13new_allocatorISt13_Rb_tree_nodeIPK5ScopeEE7destroyIS4_EEvPT_ called 0 returned 0% blocks executed 0%
function _ZN9__gnu_cxx13new_allocatorISt13_Rb_tree_nodeIiEE7destroyIiEEvPT_ called 0 returned 0% blocks executed 0%
function _ZN9__gnu_cxx13new_allocatorISt13_Rb_tree_nodeISt4pairIKPK8VariableN9ValueFlow5ValueEEEE7destroyIS9_EEvPT_ called 0 returned 0% blocks executed 0%
function _ZN9__gnu_cxx13new_allocatorISt13_Rb_tree_nodeISt4pairIKiPK5TokenEEE7destroyIS7_EEvPT_ called 0 returned 0% blocks executed 0%
function _ZN9__gnu_cxx13new_allocatorISt4pairIKiN9ValueFlow5ValueEEE7destroyIS5_EEvPT_ called 46 returned 100% blocks executed 100%
function _ZN9__gnu_cxx13new_allocatorISt13_Rb_tree_nodeISt4pairIKiN9ValueFlow5ValueEEEE7destroyIS6_EEvPT_ called 221 returned 100% blocks executed 100%
function _ZN9__gnu_cxx13new_allocatorIxE7destroyIxEEvPT_ called 0 returned 0% blocks executed 0%
function _ZN9__gnu_cxx13new_allocatorINSt7__debug4listIN9ValueFlow5ValueESaIS4_EEEE7destroyIS6_EEvPT_ called 0 returned 0% blocks executed 0%
function _ZN9__gnu_cxx13new_allocatorIPK5TokenE7destroyIS3_EEvPT_ called 0 returned 0% blocks executed 0%
function _ZN9__gnu_cxx13new_allocatorIP5TokenE7destroyIS2_EEvPT_ called 0 returned 0% blocks executed 0%
function _ZN9__gnu_cxx13new_allocatorISt4pairIPK5TokenPK5ScopeEE7destroyIS8_EEvPT_ called 0 returned 0% blocks executed 0%
function _ZN9__gnu_cxx13new_allocatorINSt9__cxx199810_List_nodeIN11ErrorLogger12ErrorMessage12FileLocationEEEE7destroyIS5_EEvPT_ called 0 returned 0% blocks executed 0%
function _ZN9__gnu_cxx13new_allocatorINSt9__cxx199810_List_nodeIN9ValueFlow5ValueEEEE7destroyIS4_EEvPT_ called 0 returned 0% blocks executed 0%
function _ZN9__gnu_cxx13new_allocatorINSt9__cxx199810_List_nodeISt4pairIPK5TokenNSt7__cxx1112basic_stringIcSt11char_traitsIcESaIcEEEEEEE7destroyISD_EEvPT_ called 0 returned 0% blocks executed 0%
      267:  140:	destroy(_Up* __p) { __p->~_Up(); }
call    0 never executed
call    1 returned 100%
call    2 returned 100%
call    3 never executed
call    4 never executed
call    5 never executed
call    6 never executed
        -:  141:#else
        -:  142:      // _GLIBCXX_RESOLVE_LIB_DEFECTS
        -:  143:      // 402. wrong new expression in [some_] allocator::construct
        -:  144:      void
        -:  145:      construct(pointer __p, const _Tp& __val)
        -:  146:      { ::new((void *)__p) _Tp(__val); }
        -:  147:
        -:  148:      void
        -:  149:      destroy(pointer __p) { __p->~_Tp(); }
        -:  150:#endif
        -:  151:    };
        -:  152:
        -:  153:  template<typename _Tp>
        -:  154:    inline bool
        -:  155:    operator==(const new_allocator<_Tp>&, const new_allocator<_Tp>&)
        -:  156:    { return true; }
        -:  157:
        -:  158:  template<typename _Tp>
        -:  159:    inline bool
        -:  160:    operator!=(const new_allocator<_Tp>&, const new_allocator<_Tp>&)
        -:  161:    { return false; }
        -:  162:
        -:  163:_GLIBCXX_END_NAMESPACE_VERSION
        -:  164:} // namespace
        -:  165:
        -:  166:#endif
